
Processing GetHistograms_nominal.C("/eos/cms/store/user/ipapakri/ttbar/MC/Signal/2016_postVFP/TTJets_TuneCP5_13TeV-amcatnloFXFX-pythia8.root","TTJets","2016_postVFP")...
YEAR: 2016_postVFP
file_name: /eos/cms/store/user/ipapakri/ttbar/MC/Signal/2016_postVFP/TTJets_TuneCP5_13TeV-amcatnloFXFX-pythia8.root
ttbar_process: TTJets
XSEC: 832
Error in <TTree::SetBranchAddress>: unknown branch -> jetTau3
Error in <TTree::SetBranchAddress>: unknown branch -> jetTau2
Error in <TTree::SetBranchAddress>: unknown branch -> jetTau1
Error in <TTree::SetBranchAddress>: unknown branch -> jetMassSub0
Error in <TTree::SetBranchAddress>: unknown branch -> jetMassSub1
Error in <TTree::SetBranchAddress>: unknown branch -> jetBtagSub0
Entries: 3726793
10 %
20 %
30 %
40 %
50 %
60 %
70 %
80 %
90 %
Number of arguments 2
Argument list: ['RunGetHistograms_nominal.py', '2016_postVFP']
TTJets
TTJets_TuneCP5_13TeV-amcatnloFXFX-pythia8.root
