000 (461622.000.000) 11/01 07:50:58 Job submitted from host: <188.185.121.235:9618?addrs=188.185.121.235-9618+[2001-1458-d00-49--100-36e]-9618&alias=bigbird22.cern.ch&noUDP&sock=schedd_1778_237a>
...
040 (461622.000.000) 11/01 08:01:16 Started transferring input files
	Transferring to host: <128.142.56.169:9618?addrs=128.142.56.169-9618+[2001-1458-301-6--100-a8]-9618&alias=b7s01p4496.cern.ch&noUDP&sock=slot1_13_4209_5f04_27237>
...
040 (461622.000.000) 11/01 08:01:16 Finished transferring input files
...
001 (461622.000.000) 11/01 08:01:16 Job executing on host: <128.142.56.169:9618?addrs=128.142.56.169-9618+[2001-1458-301-6--100-a8]-9618&alias=b7s01p4496.cern.ch&noUDP&sock=startd_4131_19d2>
...
006 (461622.000.000) 11/01 08:01:25 Image size of job updated: 625828
	26  -  MemoryUsage of job (MB)
	26056  -  ResidentSetSize of job (KB)
...
006 (461622.000.000) 11/01 08:06:26 Image size of job updated: 791836
	67  -  MemoryUsage of job (MB)
	67764  -  ResidentSetSize of job (KB)
...
040 (461622.000.000) 11/01 09:18:56 Started transferring output files
...
040 (461622.000.000) 11/01 09:18:56 Finished transferring output files
...
005 (461622.000.000) 11/01 09:18:56 Job terminated.
	(1) Normal termination (return value 0)
		Usr 0 00:01:25, Sys 0 00:00:23  -  Run Remote Usage
		Usr 0 00:00:00, Sys 0 00:00:00  -  Run Local Usage
		Usr 0 00:01:25, Sys 0 00:00:23  -  Total Remote Usage
		Usr 0 00:00:00, Sys 0 00:00:00  -  Total Local Usage
	61383  -  Run Bytes Sent By Job
	19311  -  Run Bytes Received By Job
	61383  -  Total Bytes Sent By Job
	19311  -  Total Bytes Received By Job
	Partitionable Resources :      Usage  Request Allocated 
	   Cpus                 :       0.01        1         1 
	   Disk (KB)            : 3710539          20   1304047 
	   Memory (MB)          :      67        2000      2000 

	Job terminated of its own accord at 2021-11-01T08:18:56Z.
...
