000 (464385.000.000) 11/01 14:14:56 Job submitted from host: <188.185.121.235:9618?addrs=188.185.121.235-9618+[2001-1458-d00-49--100-36e]-9618&alias=bigbird22.cern.ch&noUDP&sock=schedd_1778_237a>
...
040 (464385.000.000) 11/01 15:46:49 Started transferring input files
	Transferring to host: <128.142.63.63:9618?addrs=128.142.63.63-9618+[2001-1458-301-38--100-3c]-9618&alias=b7s08p3733.cern.ch&noUDP&sock=slot1_1_3665_12ee_40035>
...
001 (464385.000.000) 11/01 15:46:49 Job executing on host: <128.142.63.63:9618?addrs=128.142.63.63-9618+[2001-1458-301-38--100-3c]-9618&alias=b7s08p3733.cern.ch&noUDP&sock=startd_3595_730f>
...
040 (464385.000.000) 11/01 15:46:49 Finished transferring input files
...
006 (464385.000.000) 11/01 15:46:58 Image size of job updated: 767180
	41  -  MemoryUsage of job (MB)
	41428  -  ResidentSetSize of job (KB)
...
006 (464385.000.000) 11/01 15:51:59 Image size of job updated: 791808
	67  -  MemoryUsage of job (MB)
	67768  -  ResidentSetSize of job (KB)
...
006 (464385.000.000) 11/01 16:27:03 Image size of job updated: 791808
	104  -  MemoryUsage of job (MB)
	106256  -  ResidentSetSize of job (KB)
...
040 (464385.000.000) 11/01 16:27:14 Started transferring output files
...
040 (464385.000.000) 11/01 16:27:15 Finished transferring output files
...
005 (464385.000.000) 11/01 16:27:15 Job terminated.
	(1) Normal termination (return value 0)
		Usr 0 00:00:39, Sys 0 00:00:18  -  Run Remote Usage
		Usr 0 00:00:00, Sys 0 00:00:00  -  Run Local Usage
		Usr 0 00:00:39, Sys 0 00:00:18  -  Total Remote Usage
		Usr 0 00:00:00, Sys 0 00:00:00  -  Total Local Usage
	50962  -  Run Bytes Sent By Job
	19118  -  Run Bytes Received By Job
	50962  -  Total Bytes Sent By Job
	19118  -  Total Bytes Received By Job
	Partitionable Resources :      Usage  Request Allocated 
	   Cpus                 :       0.01        1         1 
	   Disk (KB)            : 2758903          20   3948963 
	   Memory (MB)          :     104        2000      2000 

	Job terminated of its own accord at 2021-11-01T15:27:14Z.
...
