000 (461684.000.000) 11/01 07:51:53 Job submitted from host: <188.185.121.235:9618?addrs=188.185.121.235-9618+[2001-1458-d00-49--100-36e]-9618&alias=bigbird22.cern.ch&noUDP&sock=schedd_1778_237a>
...
040 (461684.000.000) 11/01 08:01:40 Started transferring input files
	Transferring to host: <188.184.162.227:9618?addrs=188.184.162.227-9618+[2001-1458-301-4a--100-dd]-9618&alias=b7s11p3934.cern.ch&noUDP&sock=slot1_37_201759_37a6_36348>
...
040 (461684.000.000) 11/01 08:01:40 Finished transferring input files
...
001 (461684.000.000) 11/01 08:01:40 Job executing on host: <188.184.162.227:9618?addrs=188.184.162.227-9618+[2001-1458-301-4a--100-dd]-9618&alias=b7s11p3934.cern.ch&noUDP&sock=startd_199325_f307>
...
006 (461684.000.000) 11/01 08:01:49 Image size of job updated: 625832
	13  -  MemoryUsage of job (MB)
	13124  -  ResidentSetSize of job (KB)
...
006 (461684.000.000) 11/01 08:06:50 Image size of job updated: 791836
	67  -  MemoryUsage of job (MB)
	67772  -  ResidentSetSize of job (KB)
...
006 (461684.000.000) 11/01 09:26:59 Image size of job updated: 791836
	133  -  MemoryUsage of job (MB)
	135696  -  ResidentSetSize of job (KB)
...
040 (461684.000.000) 11/01 09:29:02 Started transferring output files
...
040 (461684.000.000) 11/01 09:29:02 Finished transferring output files
...
005 (461684.000.000) 11/01 09:29:02 Job terminated.
	(1) Normal termination (return value 0)
		Usr 0 00:02:31, Sys 0 00:00:22  -  Run Remote Usage
		Usr 0 00:00:00, Sys 0 00:00:00  -  Run Local Usage
		Usr 0 00:02:31, Sys 0 00:00:22  -  Total Remote Usage
		Usr 0 00:00:00, Sys 0 00:00:00  -  Total Local Usage
	60846  -  Run Bytes Sent By Job
	19311  -  Run Bytes Received By Job
	60846  -  Total Bytes Sent By Job
	19311  -  Total Bytes Received By Job
	Partitionable Resources :      Usage  Request Allocated 
	   Cpus                 :       0.01        1         1 
	   Disk (KB)            : 3711856          20   2965111 
	   Memory (MB)          :     133        2000      2000 

	Job terminated of its own accord at 2021-11-01T08:29:02Z.
...
