000 (464269.000.000) 11/01 14:12:08 Job submitted from host: <188.185.121.235:9618?addrs=188.185.121.235-9618+[2001-1458-d00-49--100-36e]-9618&alias=bigbird22.cern.ch&noUDP&sock=schedd_1778_237a>
...
040 (464269.000.000) 11/01 15:41:09 Started transferring input files
	Transferring to host: <128.142.58.135:9618?addrs=128.142.58.135-9618+[2001-1458-301-16--100-86]-9618&alias=b7s03p8962.cern.ch&noUDP&sock=slot1_20_3643_92ad_34825>
...
001 (464269.000.000) 11/01 15:41:10 Job executing on host: <128.142.58.135:9618?addrs=128.142.58.135-9618+[2001-1458-301-16--100-86]-9618&alias=b7s03p8962.cern.ch&noUDP&sock=startd_3102_4ade>
...
040 (464269.000.000) 11/01 15:41:10 Finished transferring input files
...
006 (464269.000.000) 11/01 15:41:18 Image size of job updated: 775376
	27  -  MemoryUsage of job (MB)
	27516  -  ResidentSetSize of job (KB)
...
006 (464269.000.000) 11/01 15:46:18 Image size of job updated: 791836
	67  -  MemoryUsage of job (MB)
	67760  -  ResidentSetSize of job (KB)
...
040 (464269.000.000) 11/01 16:31:15 Started transferring output files
...
040 (464269.000.000) 11/01 16:31:16 Finished transferring output files
...
005 (464269.000.000) 11/01 16:31:16 Job terminated.
	(1) Normal termination (return value 0)
		Usr 0 00:01:02, Sys 0 00:00:21  -  Run Remote Usage
		Usr 0 00:00:00, Sys 0 00:00:00  -  Run Local Usage
		Usr 0 00:01:02, Sys 0 00:00:21  -  Total Remote Usage
		Usr 0 00:00:00, Sys 0 00:00:00  -  Total Local Usage
	60800  -  Run Bytes Sent By Job
	19118  -  Run Bytes Received By Job
	60800  -  Total Bytes Sent By Job
	19118  -  Total Bytes Received By Job
	Partitionable Resources :      Usage  Request Allocated 
	   Cpus                 :       0.01        1         1 
	   Disk (KB)            : 3710539          20   1281634 
	   Memory (MB)          :      67        2000      2000 

	Job terminated of its own accord at 2021-11-01T15:31:15Z.
...
