000 (464251.000.000) 11/01 14:11:52 Job submitted from host: <188.185.121.235:9618?addrs=188.185.121.235-9618+[2001-1458-d00-49--100-36e]-9618&alias=bigbird22.cern.ch&noUDP&sock=schedd_1778_237a>
...
040 (464251.000.000) 11/01 15:40:56 Started transferring input files
	Transferring to host: <188.184.160.196:9618?addrs=188.184.160.196-9618+[2001-1458-301-48--100-be]-9618&alias=b7s09p3713.cern.ch&noUDP&sock=slot1_19_4877_099f_30733>
...
001 (464251.000.000) 11/01 15:40:56 Job executing on host: <188.184.160.196:9618?addrs=188.184.160.196-9618+[2001-1458-301-48--100-be]-9618&alias=b7s09p3713.cern.ch&noUDP&sock=startd_4422_b3e2>
...
040 (464251.000.000) 11/01 15:40:56 Finished transferring input files
...
006 (464251.000.000) 11/01 15:41:05 Image size of job updated: 625832
	17  -  MemoryUsage of job (MB)
	16660  -  ResidentSetSize of job (KB)
...
006 (464251.000.000) 11/01 15:46:06 Image size of job updated: 791840
	67  -  MemoryUsage of job (MB)
	67768  -  ResidentSetSize of job (KB)
...
006 (464251.000.000) 11/01 16:31:09 Image size of job updated: 791840
	134  -  MemoryUsage of job (MB)
	136220  -  ResidentSetSize of job (KB)
...
040 (464251.000.000) 11/01 16:31:59 Started transferring output files
...
040 (464251.000.000) 11/01 16:32:00 Finished transferring output files
...
005 (464251.000.000) 11/01 16:32:00 Job terminated.
	(1) Normal termination (return value 0)
		Usr 0 00:02:05, Sys 0 00:00:27  -  Run Remote Usage
		Usr 0 00:00:00, Sys 0 00:00:00  -  Run Local Usage
		Usr 0 00:02:05, Sys 0 00:00:27  -  Total Remote Usage
		Usr 0 00:00:00, Sys 0 00:00:00  -  Total Local Usage
	60955  -  Run Bytes Sent By Job
	19118  -  Run Bytes Received By Job
	60955  -  Total Bytes Sent By Job
	19118  -  Total Bytes Received By Job
	Partitionable Resources :      Usage  Request Allocated 
	   Cpus                 :       0.01        1         1 
	   Disk (KB)            : 3711775          20   2867005 
	   Memory (MB)          :     134        2000      2000 

	Job terminated of its own accord at 2021-11-01T15:31:59Z.
...
