000 (461670.000.000) 11/01 07:51:38 Job submitted from host: <188.185.121.235:9618?addrs=188.185.121.235-9618+[2001-1458-d00-49--100-36e]-9618&alias=bigbird22.cern.ch&noUDP&sock=schedd_1778_237a>
...
040 (461670.000.000) 11/01 08:01:35 Started transferring input files
	Transferring to host: <128.142.131.44:9618?addrs=128.142.131.44-9618+[2001-1458-301-59--100-20]-9618&alias=b7g11p1277.cern.ch&noUDP&sock=slot1_26_30564_da54_10904>
...
001 (461670.000.000) 11/01 08:01:35 Job executing on host: <128.142.131.44:9618?addrs=128.142.131.44-9618+[2001-1458-301-59--100-20]-9618&alias=b7g11p1277.cern.ch&noUDP&sock=startd_30521_7223>
...
040 (461670.000.000) 11/01 08:01:35 Finished transferring input files
...
006 (461670.000.000) 11/01 08:01:44 Image size of job updated: 32860
	32  -  MemoryUsage of job (MB)
	32728  -  ResidentSetSize of job (KB)
...
006 (461670.000.000) 11/01 08:06:45 Image size of job updated: 791836
	67  -  MemoryUsage of job (MB)
	67756  -  ResidentSetSize of job (KB)
...
006 (461670.000.000) 11/01 08:26:47 Image size of job updated: 791836
	133  -  MemoryUsage of job (MB)
	135252  -  ResidentSetSize of job (KB)
...
040 (461670.000.000) 11/01 08:29:03 Started transferring output files
...
040 (461670.000.000) 11/01 08:29:03 Finished transferring output files
...
005 (461670.000.000) 11/01 08:29:03 Job terminated.
	(1) Normal termination (return value 0)
		Usr 0 00:02:37, Sys 0 00:00:37  -  Run Remote Usage
		Usr 0 00:00:00, Sys 0 00:00:00  -  Run Local Usage
		Usr 0 00:02:37, Sys 0 00:00:37  -  Total Remote Usage
		Usr 0 00:00:00, Sys 0 00:00:00  -  Total Local Usage
	61423  -  Run Bytes Sent By Job
	19311  -  Run Bytes Received By Job
	61423  -  Total Bytes Sent By Job
	19311  -  Total Bytes Received By Job
	Partitionable Resources :      Usage  Request Allocated 
	   Cpus                 :       0.02        1         1 
	   Disk (KB)            : 3708881          20   1666951 
	   Memory (MB)          :     133        2000      2000 

	Job terminated of its own accord at 2021-11-01T07:29:03Z.
...
