000 (461744.000.000) 11/01 07:53:09 Job submitted from host: <188.185.121.235:9618?addrs=188.185.121.235-9618+[2001-1458-d00-49--100-36e]-9618&alias=bigbird22.cern.ch&noUDP&sock=schedd_1778_237a>
...
040 (461744.000.000) 11/01 08:02:08 Started transferring input files
	Transferring to host: <128.142.139.38:9618?addrs=128.142.139.38-9618+[2001-1458-301-60--100-1a]-9618&alias=b7g14p7566.cern.ch&noUDP&sock=slot1_20_10300_081c_11772>
...
040 (461744.000.000) 11/01 08:02:08 Finished transferring input files
...
001 (461744.000.000) 11/01 08:02:08 Job executing on host: <128.142.139.38:9618?addrs=128.142.139.38-9618+[2001-1458-301-60--100-1a]-9618&alias=b7g14p7566.cern.ch&noUDP&sock=startd_10085_0cb5>
...
006 (461744.000.000) 11/01 08:02:17 Image size of job updated: 767180
	12  -  MemoryUsage of job (MB)
	11588  -  ResidentSetSize of job (KB)
...
006 (461744.000.000) 11/01 08:07:18 Image size of job updated: 791828
	67  -  MemoryUsage of job (MB)
	67760  -  ResidentSetSize of job (KB)
...
006 (461744.000.000) 11/01 08:27:19 Image size of job updated: 791828
	104  -  MemoryUsage of job (MB)
	105560  -  ResidentSetSize of job (KB)
...
040 (461744.000.000) 11/01 08:28:41 Started transferring output files
...
040 (461744.000.000) 11/01 08:28:41 Finished transferring output files
...
005 (461744.000.000) 11/01 08:28:41 Job terminated.
	(1) Normal termination (return value 0)
		Usr 0 00:01:34, Sys 0 00:00:17  -  Run Remote Usage
		Usr 0 00:00:00, Sys 0 00:00:00  -  Run Local Usage
		Usr 0 00:01:34, Sys 0 00:00:17  -  Total Remote Usage
		Usr 0 00:00:00, Sys 0 00:00:00  -  Total Local Usage
	51023  -  Run Bytes Sent By Job
	19311  -  Run Bytes Received By Job
	51023  -  Total Bytes Sent By Job
	19311  -  Total Bytes Received By Job
	Partitionable Resources :      Usage  Request Allocated 
	   Cpus                 :       0.01        1         1 
	   Disk (KB)            : 2759257          20   1390274 
	   Memory (MB)          :     104        2000      2000 

	Job terminated of its own accord at 2021-11-01T07:28:41Z.
...
