000 (461522.000.000) 11/01 07:49:10 Job submitted from host: <188.185.121.235:9618?addrs=188.185.121.235-9618+[2001-1458-d00-49--100-36e]-9618&alias=bigbird22.cern.ch&noUDP&sock=schedd_1778_237a>
...
040 (461522.000.000) 11/01 08:00:41 Started transferring input files
	Transferring to host: <128.142.33.224:9618?addrs=128.142.33.224-9618+[2001-1458-301-39--100-1d]-9618&alias=b7g24p5354.cern.ch&noUDP&sock=slot1_27_49939_4b08_33563>
...
040 (461522.000.000) 11/01 08:00:41 Finished transferring input files
...
001 (461522.000.000) 11/01 08:00:41 Job executing on host: <128.142.33.224:9618?addrs=128.142.33.224-9618+[2001-1458-301-39--100-1d]-9618&alias=b7g24p5354.cern.ch&noUDP&sock=startd_4799_4b16>
...
006 (461522.000.000) 11/01 08:00:50 Image size of job updated: 527508
	37  -  MemoryUsage of job (MB)
	37708  -  ResidentSetSize of job (KB)
...
006 (461522.000.000) 11/01 08:01:52 Image size of job updated: 791808
	37  -  MemoryUsage of job (MB)
	37708  -  ResidentSetSize of job (KB)
...
040 (461522.000.000) 11/01 08:01:52 Started transferring output files
...
040 (461522.000.000) 11/01 08:01:52 Finished transferring output files
...
005 (461522.000.000) 11/01 08:01:53 Job terminated.
	(1) Normal termination (return value 0)
		Usr 0 00:00:08, Sys 0 00:00:03  -  Run Remote Usage
		Usr 0 00:00:00, Sys 0 00:00:00  -  Run Local Usage
		Usr 0 00:00:08, Sys 0 00:00:03  -  Total Remote Usage
		Usr 0 00:00:00, Sys 0 00:00:00  -  Total Local Usage
	22717  -  Run Bytes Sent By Job
	19311  -  Run Bytes Received By Job
	22717  -  Total Bytes Sent By Job
	19311  -  Total Bytes Received By Job
	Partitionable Resources :    Usage  Request Allocated 
	   Cpus                 :                 1         1 
	   Disk (KB)            :   540983       20   2889159 
	   Memory (MB)          :       37     2000      2000 

	Job terminated of its own accord at 2021-11-01T07:01:52Z.
...
