000 (464231.000.000) 11/01 14:11:36 Job submitted from host: <188.185.121.235:9618?addrs=188.185.121.235-9618+[2001-1458-d00-49--100-36e]-9618&alias=bigbird22.cern.ch&noUDP&sock=schedd_1778_237a>
...
040 (464231.000.000) 11/01 15:40:45 Started transferring input files
	Transferring to host: <128.142.57.146:9618?addrs=128.142.57.146-9618+[2001-1458-301-7--100-91]-9618&alias=b7s02p6502.cern.ch&noUDP&sock=slot1_6_3593_57eb_33309>
...
001 (464231.000.000) 11/01 15:40:46 Job executing on host: <128.142.57.146:9618?addrs=128.142.57.146-9618+[2001-1458-301-7--100-91]-9618&alias=b7s02p6502.cern.ch&noUDP&sock=startd_3546_d6eb>
...
040 (464231.000.000) 11/01 15:40:46 Finished transferring input files
...
006 (464231.000.000) 11/01 15:40:55 Image size of job updated: 767180
	23  -  MemoryUsage of job (MB)
	22612  -  ResidentSetSize of job (KB)
...
006 (464231.000.000) 11/01 15:45:55 Image size of job updated: 791836
	67  -  MemoryUsage of job (MB)
	67756  -  ResidentSetSize of job (KB)
...
006 (464231.000.000) 11/01 16:30:59 Image size of job updated: 791836
	133  -  MemoryUsage of job (MB)
	135884  -  ResidentSetSize of job (KB)
...
040 (464231.000.000) 11/01 16:31:40 Started transferring output files
...
040 (464231.000.000) 11/01 16:31:41 Finished transferring output files
...
005 (464231.000.000) 11/01 16:31:41 Job terminated.
	(1) Normal termination (return value 0)
		Usr 0 00:01:05, Sys 0 00:00:23  -  Run Remote Usage
		Usr 0 00:00:00, Sys 0 00:00:00  -  Run Local Usage
		Usr 0 00:01:05, Sys 0 00:00:23  -  Total Remote Usage
		Usr 0 00:00:00, Sys 0 00:00:00  -  Total Local Usage
	60897  -  Run Bytes Sent By Job
	19118  -  Run Bytes Received By Job
	60897  -  Total Bytes Sent By Job
	19118  -  Total Bytes Received By Job
	Partitionable Resources :      Usage  Request Allocated 
	   Cpus                 :       0.01        1         1 
	   Disk (KB)            : 3711717          20   3729345 
	   Memory (MB)          :     133        2000      2000 

	Job terminated of its own accord at 2021-11-01T15:31:40Z.
...
