000 (464342.000.000) 11/01 14:14:06 Job submitted from host: <188.185.121.235:9618?addrs=188.185.121.235-9618+[2001-1458-d00-49--100-36e]-9618&alias=bigbird22.cern.ch&noUDP&sock=schedd_1778_237a>
...
040 (464342.000.000) 11/01 15:43:19 Started transferring input files
	Transferring to host: <128.142.58.135:9618?addrs=128.142.58.135-9618+[2001-1458-301-16--100-86]-9618&alias=b7s03p8962.cern.ch&noUDP&sock=slot1_22_3643_92ad_34837>
...
001 (464342.000.000) 11/01 15:43:19 Job executing on host: <128.142.58.135:9618?addrs=128.142.58.135-9618+[2001-1458-301-16--100-86]-9618&alias=b7s03p8962.cern.ch&noUDP&sock=startd_3102_4ade>
...
040 (464342.000.000) 11/01 15:43:19 Finished transferring input files
...
006 (464342.000.000) 11/01 15:43:28 Image size of job updated: 767180
	17  -  MemoryUsage of job (MB)
	16668  -  ResidentSetSize of job (KB)
...
006 (464342.000.000) 11/01 15:48:28 Image size of job updated: 791828
	67  -  MemoryUsage of job (MB)
	67760  -  ResidentSetSize of job (KB)
...
040 (464342.000.000) 11/01 16:31:11 Started transferring output files
...
040 (464342.000.000) 11/01 16:31:12 Finished transferring output files
...
005 (464342.000.000) 11/01 16:31:13 Job terminated.
	(1) Normal termination (return value 0)
		Usr 0 00:01:02, Sys 0 00:00:22  -  Run Remote Usage
		Usr 0 00:00:00, Sys 0 00:00:00  -  Run Local Usage
		Usr 0 00:01:02, Sys 0 00:00:22  -  Total Remote Usage
		Usr 0 00:00:00, Sys 0 00:00:00  -  Total Local Usage
	61479  -  Run Bytes Sent By Job
	19118  -  Run Bytes Received By Job
	61479  -  Total Bytes Sent By Job
	19118  -  Total Bytes Received By Job
	Partitionable Resources :      Usage  Request Allocated 
	   Cpus                 :       0.00        1         1 
	   Disk (KB)            : 3719256          20   1277063 
	   Memory (MB)          :      67        2000      2000 

	Job terminated of its own accord at 2021-11-01T15:31:11Z.
...
