000 (461651.000.000) 11/01 07:51:21 Job submitted from host: <188.185.121.235:9618?addrs=188.185.121.235-9618+[2001-1458-d00-49--100-36e]-9618&alias=bigbird22.cern.ch&noUDP&sock=schedd_1778_237a>
...
040 (461651.000.000) 11/01 08:01:28 Started transferring input files
	Transferring to host: <128.142.59.107:9618?addrs=128.142.59.107-9618+[2001-1458-301-21--100-6a]-9618&alias=b7s04p4327.cern.ch&noUDP&sock=slot1_7_4849_4f1e_33210>
...
040 (461651.000.000) 11/01 08:01:28 Finished transferring input files
...
001 (461651.000.000) 11/01 08:01:28 Job executing on host: <128.142.59.107:9618?addrs=128.142.59.107-9618+[2001-1458-301-21--100-6a]-9618&alias=b7s04p4327.cern.ch&noUDP&sock=startd_4478_1d2f>
...
006 (461651.000.000) 11/01 08:01:37 Image size of job updated: 625828
	21  -  MemoryUsage of job (MB)
	21160  -  ResidentSetSize of job (KB)
...
006 (461651.000.000) 11/01 08:06:38 Image size of job updated: 791812
	67  -  MemoryUsage of job (MB)
	67756  -  ResidentSetSize of job (KB)
...
040 (461651.000.000) 11/01 08:33:57 Started transferring output files
...
040 (461651.000.000) 11/01 08:33:57 Finished transferring output files
...
005 (461651.000.000) 11/01 08:33:57 Job terminated.
	(1) Normal termination (return value 0)
		Usr 0 00:01:29, Sys 0 00:00:25  -  Run Remote Usage
		Usr 0 00:00:00, Sys 0 00:00:00  -  Run Local Usage
		Usr 0 00:01:29, Sys 0 00:00:25  -  Total Remote Usage
		Usr 0 00:00:00, Sys 0 00:00:00  -  Total Local Usage
	58035  -  Run Bytes Sent By Job
	19311  -  Run Bytes Received By Job
	58035  -  Total Bytes Sent By Job
	19311  -  Total Bytes Received By Job
	Partitionable Resources :      Usage  Request Allocated 
	   Cpus                 :       0.02        1         1 
	   Disk (KB)            : 3712044          20   1244505 
	   Memory (MB)          :      67        2000      2000 

	Job terminated of its own accord at 2021-11-01T07:33:57Z.
...
