000 (464544.000.000) 11/01 14:17:20 Job submitted from host: <188.185.121.235:9618?addrs=188.185.121.235-9618+[2001-1458-d00-49--100-36e]-9618&alias=bigbird22.cern.ch&noUDP&sock=schedd_1778_237a>
...
040 (464544.000.000) 11/01 15:56:14 Started transferring input files
	Transferring to host: <128.142.56.120:9618?addrs=128.142.56.120-9618+[2001-1458-301-6--100-77]-9618&alias=b7s01p3781.cern.ch&noUDP&sock=slot1_32_3620_5e0c_35165>
...
001 (464544.000.000) 11/01 15:56:15 Job executing on host: <128.142.56.120:9618?addrs=128.142.56.120-9618+[2001-1458-301-6--100-77]-9618&alias=b7s01p3781.cern.ch&noUDP&sock=startd_3572_ac61>
...
040 (464544.000.000) 11/01 15:56:15 Finished transferring input files
...
006 (464544.000.000) 11/01 15:56:23 Image size of job updated: 7212
	8  -  MemoryUsage of job (MB)
	7212  -  ResidentSetSize of job (KB)
...
006 (464544.000.000) 11/01 16:01:23 Image size of job updated: 791836
	67  -  MemoryUsage of job (MB)
	67764  -  ResidentSetSize of job (KB)
...
040 (464544.000.000) 11/01 16:39:07 Started transferring output files
...
040 (464544.000.000) 11/01 16:39:07 Finished transferring output files
...
005 (464544.000.000) 11/01 16:39:07 Job terminated.
	(1) Normal termination (return value 0)
		Usr 0 00:00:39, Sys 0 00:00:12  -  Run Remote Usage
		Usr 0 00:00:00, Sys 0 00:00:00  -  Run Local Usage
		Usr 0 00:00:39, Sys 0 00:00:12  -  Total Remote Usage
		Usr 0 00:00:00, Sys 0 00:00:00  -  Total Local Usage
	47893  -  Run Bytes Sent By Job
	19118  -  Run Bytes Received By Job
	47893  -  Total Bytes Sent By Job
	19118  -  Total Bytes Received By Job
	Partitionable Resources :      Usage  Request Allocated 
	   Cpus                 :       0.01        1         1 
	   Disk (KB)            : 2754451          20   3587874 
	   Memory (MB)          :      67        2000      2000 

	Job terminated of its own accord at 2021-11-01T15:39:07Z.
...
