000 (464257.000.000) 11/01 14:11:57 Job submitted from host: <188.185.121.235:9618?addrs=188.185.121.235-9618+[2001-1458-d00-49--100-36e]-9618&alias=bigbird22.cern.ch&noUDP&sock=schedd_1778_237a>
...
040 (464257.000.000) 11/01 15:41:00 Started transferring input files
	Transferring to host: <128.142.63.58:9618?addrs=128.142.63.58-9618+[2001-1458-301-38--100-37]-9618&alias=b7s08p1987.cern.ch&noUDP&sock=slot1_5_8447_6cf1_11384>
...
001 (464257.000.000) 11/01 15:41:02 Job executing on host: <128.142.63.58:9618?addrs=128.142.63.58-9618+[2001-1458-301-38--100-37]-9618&alias=b7s08p1987.cern.ch&noUDP&sock=startd_7102_f5b2>
...
040 (464257.000.000) 11/01 15:41:02 Finished transferring input files
...
006 (464257.000.000) 11/01 15:41:11 Image size of job updated: 791768
	67  -  MemoryUsage of job (MB)
	67756  -  ResidentSetSize of job (KB)
...
006 (464257.000.000) 11/01 15:46:12 Image size of job updated: 791808
	67  -  MemoryUsage of job (MB)
	67756  -  ResidentSetSize of job (KB)
...
040 (464257.000.000) 11/01 15:48:01 Started transferring output files
...
040 (464257.000.000) 11/01 15:48:04 Finished transferring output files
...
005 (464257.000.000) 11/01 15:48:05 Job terminated.
	(1) Normal termination (return value 0)
		Usr 0 00:01:17, Sys 0 00:00:27  -  Run Remote Usage
		Usr 0 00:00:00, Sys 0 00:00:00  -  Run Local Usage
		Usr 0 00:01:17, Sys 0 00:00:27  -  Total Remote Usage
		Usr 0 00:00:00, Sys 0 00:00:00  -  Total Local Usage
	48365  -  Run Bytes Sent By Job
	19118  -  Run Bytes Received By Job
	48365  -  Total Bytes Sent By Job
	19118  -  Total Bytes Received By Job
	Partitionable Resources :      Usage  Request Allocated 
	   Cpus                 :       0.99        1         1 
	   Disk (KB)            : 3711532          20   1293695 
	   Memory (MB)          :      67        2000      2000 

	Job terminated of its own accord at 2021-11-01T14:48:00Z.
...
