000 (464327.000.000) 11/01 14:13:51 Job submitted from host: <188.185.121.235:9618?addrs=188.185.121.235-9618+[2001-1458-d00-49--100-36e]-9618&alias=bigbird22.cern.ch&noUDP&sock=schedd_1778_237a>
...
040 (464327.000.000) 11/01 15:42:33 Started transferring input files
	Transferring to host: <128.142.57.137:9618?addrs=128.142.57.137-9618+[2001-1458-301-7--100-88]-9618&alias=b7s02p6080.cern.ch&noUDP&sock=slot1_45_3651_35ae_35630>
...
001 (464327.000.000) 11/01 15:42:33 Job executing on host: <128.142.57.137:9618?addrs=128.142.57.137-9618+[2001-1458-301-7--100-88]-9618&alias=b7s02p6080.cern.ch&noUDP&sock=startd_2972_1f8f>
...
040 (464327.000.000) 11/01 15:42:33 Finished transferring input files
...
006 (464327.000.000) 11/01 15:42:42 Image size of job updated: 767180
	15  -  MemoryUsage of job (MB)
	14568  -  ResidentSetSize of job (KB)
...
006 (464327.000.000) 11/01 15:47:43 Image size of job updated: 791836
	67  -  MemoryUsage of job (MB)
	67760  -  ResidentSetSize of job (KB)
...
040 (464327.000.000) 11/01 16:30:56 Started transferring output files
...
040 (464327.000.000) 11/01 16:30:57 Finished transferring output files
...
005 (464327.000.000) 11/01 16:30:57 Job terminated.
	(1) Normal termination (return value 0)
		Usr 0 00:01:11, Sys 0 00:00:27  -  Run Remote Usage
		Usr 0 00:00:00, Sys 0 00:00:00  -  Run Local Usage
		Usr 0 00:01:11, Sys 0 00:00:27  -  Total Remote Usage
		Usr 0 00:00:00, Sys 0 00:00:00  -  Total Local Usage
	60532  -  Run Bytes Sent By Job
	19118  -  Run Bytes Received By Job
	60532  -  Total Bytes Sent By Job
	19118  -  Total Bytes Received By Job
	Partitionable Resources :      Usage  Request Allocated 
	   Cpus                 :       0.01        1         1 
	   Disk (KB)            : 3711855          20   2565019 
	   Memory (MB)          :      67        2000      2000 

	Job terminated of its own accord at 2021-11-01T15:30:56Z.
...
