000 (464333.000.000) 11/01 14:13:55 Job submitted from host: <188.185.121.235:9618?addrs=188.185.121.235-9618+[2001-1458-d00-49--100-36e]-9618&alias=bigbird22.cern.ch&noUDP&sock=schedd_1778_237a>
...
040 (464333.000.000) 11/01 15:43:00 Started transferring input files
	Transferring to host: <128.142.60.148:9618?addrs=128.142.60.148-9618+[2001-1458-301-22--100-93]-9618&alias=b7s05p6570.cern.ch&noUDP&sock=slot1_31_3706_f650_40701>
...
001 (464333.000.000) 11/01 15:43:00 Job executing on host: <128.142.60.148:9618?addrs=128.142.60.148-9618+[2001-1458-301-22--100-93]-9618&alias=b7s05p6570.cern.ch&noUDP&sock=startd_3642_b003>
...
040 (464333.000.000) 11/01 15:43:00 Finished transferring input files
...
006 (464333.000.000) 11/01 15:43:09 Image size of job updated: 625828
	24  -  MemoryUsage of job (MB)
	24064  -  ResidentSetSize of job (KB)
...
006 (464333.000.000) 11/01 15:48:10 Image size of job updated: 791832
	67  -  MemoryUsage of job (MB)
	67756  -  ResidentSetSize of job (KB)
...
006 (464333.000.000) 11/01 16:38:14 Image size of job updated: 791832
	134  -  MemoryUsage of job (MB)
	136244  -  ResidentSetSize of job (KB)
...
040 (464333.000.000) 11/01 16:38:18 Started transferring output files
...
040 (464333.000.000) 11/01 16:38:18 Finished transferring output files
...
005 (464333.000.000) 11/01 16:38:19 Job terminated.
	(1) Normal termination (return value 0)
		Usr 0 00:01:01, Sys 0 00:00:20  -  Run Remote Usage
		Usr 0 00:00:00, Sys 0 00:00:00  -  Run Local Usage
		Usr 0 00:01:01, Sys 0 00:00:20  -  Total Remote Usage
		Usr 0 00:00:00, Sys 0 00:00:00  -  Total Local Usage
	60966  -  Run Bytes Sent By Job
	19118  -  Run Bytes Received By Job
	60966  -  Total Bytes Sent By Job
	19118  -  Total Bytes Received By Job
	Partitionable Resources :      Usage  Request Allocated 
	   Cpus                 :       0.01        1         1 
	   Disk (KB)            : 3711539          20   2663842 
	   Memory (MB)          :     134        2000      2000 

	Job terminated of its own accord at 2021-11-01T15:38:18Z.
...
