000 (461749.000.000) 11/01 07:53:17 Job submitted from host: <188.185.121.235:9618?addrs=188.185.121.235-9618+[2001-1458-d00-49--100-36e]-9618&alias=bigbird22.cern.ch&noUDP&sock=schedd_1778_237a>
...
040 (461749.000.000) 11/01 08:02:10 Started transferring input files
	Transferring to host: <128.142.60.161:9618?addrs=128.142.60.161-9618+[2001-1458-301-22--100-a0]-9618&alias=b7s05p8871.cern.ch&noUDP&sock=slot1_46_3202_d93b_32622>
...
040 (461749.000.000) 11/01 08:02:10 Finished transferring input files
...
001 (461749.000.000) 11/01 08:02:10 Job executing on host: <128.142.60.161:9618?addrs=128.142.60.161-9618+[2001-1458-301-22--100-a0]-9618&alias=b7s05p8871.cern.ch&noUDP&sock=startd_2643_74e6>
...
006 (461749.000.000) 11/01 08:02:18 Image size of job updated: 37988
	38  -  MemoryUsage of job (MB)
	37988  -  ResidentSetSize of job (KB)
...
006 (461749.000.000) 11/01 08:07:18 Image size of job updated: 791828
	67  -  MemoryUsage of job (MB)
	67752  -  ResidentSetSize of job (KB)
...
040 (461749.000.000) 11/01 08:31:42 Started transferring output files
...
040 (461749.000.000) 11/01 08:31:43 Finished transferring output files
...
005 (461749.000.000) 11/01 08:31:43 Job terminated.
	(1) Normal termination (return value 0)
		Usr 0 00:00:55, Sys 0 00:00:16  -  Run Remote Usage
		Usr 0 00:00:00, Sys 0 00:00:00  -  Run Local Usage
		Usr 0 00:00:55, Sys 0 00:00:16  -  Total Remote Usage
		Usr 0 00:00:00, Sys 0 00:00:00  -  Total Local Usage
	51015  -  Run Bytes Sent By Job
	19311  -  Run Bytes Received By Job
	51015  -  Total Bytes Sent By Job
	19311  -  Total Bytes Received By Job
	Partitionable Resources :      Usage  Request Allocated 
	   Cpus                 :       0.01        1         1 
	   Disk (KB)            : 2758846          20   1214342 
	   Memory (MB)          :      67        2000      2000 

	Job terminated of its own accord at 2021-11-01T07:31:41Z.
...
