000 (461766.000.000) 11/01 07:53:45 Job submitted from host: <188.185.121.235:9618?addrs=188.185.121.235-9618+[2001-1458-d00-49--100-36e]-9618&alias=bigbird22.cern.ch&noUDP&sock=schedd_1778_237a>
...
040 (461766.000.000) 11/01 08:02:15 Started transferring input files
	Transferring to host: <128.142.60.29:9618?addrs=128.142.60.29-9618+[2001-1458-301-22--100-1c]-9618&alias=b7s05p2636.cern.ch&noUDP&sock=slot1_14_3655_072e_4855>
...
040 (461766.000.000) 11/01 08:02:15 Finished transferring input files
...
001 (461766.000.000) 11/01 08:02:15 Job executing on host: <128.142.60.29:9618?addrs=128.142.60.29-9618+[2001-1458-301-22--100-1c]-9618&alias=b7s05p2636.cern.ch&noUDP&sock=startd_3608_5dca>
...
006 (461766.000.000) 11/01 08:02:24 Image size of job updated: 791820
	35  -  MemoryUsage of job (MB)
	35348  -  ResidentSetSize of job (KB)
...
006 (461766.000.000) 11/01 08:07:25 Image size of job updated: 791820
	67  -  MemoryUsage of job (MB)
	67756  -  ResidentSetSize of job (KB)
...
040 (461766.000.000) 11/01 08:08:47 Started transferring output files
...
040 (461766.000.000) 11/01 08:08:47 Finished transferring output files
...
005 (461766.000.000) 11/01 08:08:48 Job terminated.
	(1) Normal termination (return value 0)
		Usr 0 00:00:45, Sys 0 00:00:18  -  Run Remote Usage
		Usr 0 00:00:00, Sys 0 00:00:00  -  Run Local Usage
		Usr 0 00:00:45, Sys 0 00:00:18  -  Total Remote Usage
		Usr 0 00:00:00, Sys 0 00:00:00  -  Total Local Usage
	48784  -  Run Bytes Sent By Job
	19311  -  Run Bytes Received By Job
	48784  -  Total Bytes Sent By Job
	19311  -  Total Bytes Received By Job
	Partitionable Resources :      Usage  Request Allocated 
	   Cpus                 :       0.07        1         1 
	   Disk (KB)            : 2758791          20   1289734 
	   Memory (MB)          :      67        2000      2000 

	Job terminated of its own accord at 2021-11-01T07:08:47Z.
...
