000 (464379.000.000) 11/01 14:14:42 Job submitted from host: <188.185.121.235:9618?addrs=188.185.121.235-9618+[2001-1458-d00-49--100-36e]-9618&alias=bigbird22.cern.ch&noUDP&sock=schedd_1778_237a>
...
040 (464379.000.000) 11/01 15:46:02 Started transferring input files
	Transferring to host: <128.142.63.63:9618?addrs=128.142.63.63-9618+[2001-1458-301-38--100-3c]-9618&alias=b7s08p3733.cern.ch&noUDP&sock=slot1_40_3665_12ee_40032>
...
001 (464379.000.000) 11/01 15:46:04 Job executing on host: <128.142.63.63:9618?addrs=128.142.63.63-9618+[2001-1458-301-38--100-3c]-9618&alias=b7s08p3733.cern.ch&noUDP&sock=startd_3595_730f>
...
040 (464379.000.000) 11/01 15:46:04 Finished transferring input files
...
006 (464379.000.000) 11/01 15:46:12 Image size of job updated: 791768
	40  -  MemoryUsage of job (MB)
	40364  -  ResidentSetSize of job (KB)
...
006 (464379.000.000) 11/01 15:51:12 Image size of job updated: 791820
	67  -  MemoryUsage of job (MB)
	67756  -  ResidentSetSize of job (KB)
...
040 (464379.000.000) 11/01 15:53:27 Started transferring output files
...
040 (464379.000.000) 11/01 15:53:31 Finished transferring output files
...
005 (464379.000.000) 11/01 15:53:32 Job terminated.
	(1) Normal termination (return value 0)
		Usr 0 00:00:47, Sys 0 00:00:21  -  Run Remote Usage
		Usr 0 00:00:00, Sys 0 00:00:00  -  Run Local Usage
		Usr 0 00:00:47, Sys 0 00:00:21  -  Total Remote Usage
		Usr 0 00:00:00, Sys 0 00:00:00  -  Total Local Usage
	50589  -  Run Bytes Sent By Job
	19118  -  Run Bytes Received By Job
	50589  -  Total Bytes Sent By Job
	19118  -  Total Bytes Received By Job
	Partitionable Resources :      Usage  Request Allocated 
	   Cpus                 :       0.98        1         1 
	   Disk (KB)            : 2758835          20   3938613 
	   Memory (MB)          :      67        2000      2000 

	Job terminated of its own accord at 2021-11-01T14:53:27Z.
...
