000 (461745.000.000) 11/01 07:53:10 Job submitted from host: <188.185.121.235:9618?addrs=188.185.121.235-9618+[2001-1458-d00-49--100-36e]-9618&alias=bigbird22.cern.ch&noUDP&sock=schedd_1778_237a>
...
040 (461745.000.000) 11/01 08:02:08 Started transferring input files
	Transferring to host: <128.142.139.155:9618?addrs=128.142.139.155-9618+[2001-1458-301-60--100-8f]-9618&alias=b7g14p6084.cern.ch&noUDP&sock=slot1_12_34979_9ea7_11306>
...
040 (461745.000.000) 11/01 08:02:08 Finished transferring input files
...
001 (461745.000.000) 11/01 08:02:08 Job executing on host: <128.142.139.155:9618?addrs=128.142.139.155-9618+[2001-1458-301-60--100-8f]-9618&alias=b7g14p6084.cern.ch&noUDP&sock=startd_34760_0c19>
...
006 (461745.000.000) 11/01 08:02:17 Image size of job updated: 34836
	35  -  MemoryUsage of job (MB)
	34836  -  ResidentSetSize of job (KB)
...
006 (461745.000.000) 11/01 08:07:18 Image size of job updated: 791836
	67  -  MemoryUsage of job (MB)
	67756  -  ResidentSetSize of job (KB)
...
040 (461745.000.000) 11/01 08:25:31 Started transferring output files
...
040 (461745.000.000) 11/01 08:25:31 Finished transferring output files
...
005 (461745.000.000) 11/01 08:25:31 Job terminated.
	(1) Normal termination (return value 0)
		Usr 0 00:01:28, Sys 0 00:00:23  -  Run Remote Usage
		Usr 0 00:00:00, Sys 0 00:00:00  -  Run Local Usage
		Usr 0 00:01:28, Sys 0 00:00:23  -  Total Remote Usage
		Usr 0 00:00:00, Sys 0 00:00:00  -  Total Local Usage
	51018  -  Run Bytes Sent By Job
	19311  -  Run Bytes Received By Job
	51018  -  Total Bytes Sent By Job
	19311  -  Total Bytes Received By Job
	Partitionable Resources :      Usage  Request Allocated 
	   Cpus                 :       0.01        1         1 
	   Disk (KB)            : 2758836          20   1364189 
	   Memory (MB)          :      67        2000      2000 

	Job terminated of its own accord at 2021-11-01T07:25:31Z.
...
