000 (464131.000.000) 11/01 14:09:35 Job submitted from host: <188.185.121.235:9618?addrs=188.185.121.235-9618+[2001-1458-d00-49--100-36e]-9618&alias=bigbird22.cern.ch&noUDP&sock=schedd_1778_237a>
...
040 (464131.000.000) 11/01 15:38:34 Started transferring input files
	Transferring to host: <128.142.60.148:9618?addrs=128.142.60.148-9618+[2001-1458-301-22--100-93]-9618&alias=b7s05p6570.cern.ch&noUDP&sock=slot1_43_3706_f650_40681>
...
001 (464131.000.000) 11/01 15:38:34 Job executing on host: <128.142.60.148:9618?addrs=128.142.60.148-9618+[2001-1458-301-22--100-93]-9618&alias=b7s05p6570.cern.ch&noUDP&sock=startd_3642_b003>
...
040 (464131.000.000) 11/01 15:38:34 Finished transferring input files
...
006 (464131.000.000) 11/01 15:38:42 Image size of job updated: 625828
	8  -  MemoryUsage of job (MB)
	7204  -  ResidentSetSize of job (KB)
...
006 (464131.000.000) 11/01 15:43:24 Image size of job updated: 791836
	8  -  MemoryUsage of job (MB)
	7204  -  ResidentSetSize of job (KB)
...
040 (464131.000.000) 11/01 15:43:24 Started transferring output files
...
040 (464131.000.000) 11/01 15:43:27 Finished transferring output files
...
005 (464131.000.000) 11/01 15:43:28 Job terminated.
	(1) Normal termination (return value 0)
		Usr 0 00:00:06, Sys 0 00:00:03  -  Run Remote Usage
		Usr 0 00:00:00, Sys 0 00:00:00  -  Run Local Usage
		Usr 0 00:00:06, Sys 0 00:00:03  -  Total Remote Usage
		Usr 0 00:00:00, Sys 0 00:00:00  -  Total Local Usage
	25388  -  Run Bytes Sent By Job
	19118  -  Run Bytes Received By Job
	25388  -  Total Bytes Sent By Job
	19118  -  Total Bytes Received By Job
	Partitionable Resources :     Usage  Request Allocated 
	   Cpus                 :      0.01        1         1 
	   Disk (KB)            : 540994          20   1341777 
	   Memory (MB)          :      8        2000      2000 

	Job terminated of its own accord at 2021-11-01T14:43:24Z.
...
