000 (461668.000.000) 11/01 07:51:37 Job submitted from host: <188.185.121.235:9618?addrs=188.185.121.235-9618+[2001-1458-d00-49--100-36e]-9618&alias=bigbird22.cern.ch&noUDP&sock=schedd_1778_237a>
...
040 (461668.000.000) 11/01 08:01:35 Started transferring input files
	Transferring to host: <128.142.130.116:9618?addrs=128.142.130.116-9618+[2001-1458-301-58--100-68]-9618&alias=b7g20p5984.cern.ch&noUDP&sock=slot1_29_18585_904d_35189>
...
001 (461668.000.000) 11/01 08:01:35 Job executing on host: <128.142.130.116:9618?addrs=128.142.130.116-9618+[2001-1458-301-58--100-68]-9618&alias=b7g20p5984.cern.ch&noUDP&sock=startd_47674_fa24>
...
040 (461668.000.000) 11/01 08:01:35 Finished transferring input files
...
006 (461668.000.000) 11/01 08:01:44 Image size of job updated: 767180
	15  -  MemoryUsage of job (MB)
	14824  -  ResidentSetSize of job (KB)
...
006 (461668.000.000) 11/01 08:06:45 Image size of job updated: 791832
	67  -  MemoryUsage of job (MB)
	67760  -  ResidentSetSize of job (KB)
...
006 (461668.000.000) 11/01 09:26:53 Image size of job updated: 791832
	133  -  MemoryUsage of job (MB)
	135992  -  ResidentSetSize of job (KB)
...
040 (461668.000.000) 11/01 09:27:04 Started transferring output files
...
040 (461668.000.000) 11/01 09:27:04 Finished transferring output files
...
005 (461668.000.000) 11/01 09:27:05 Job terminated.
	(1) Normal termination (return value 0)
		Usr 0 00:02:37, Sys 0 00:00:31  -  Run Remote Usage
		Usr 0 00:00:00, Sys 0 00:00:00  -  Run Local Usage
		Usr 0 00:02:37, Sys 0 00:00:31  -  Total Remote Usage
		Usr 0 00:00:00, Sys 0 00:00:00  -  Total Local Usage
	61563  -  Run Bytes Sent By Job
	19311  -  Run Bytes Received By Job
	61563  -  Total Bytes Sent By Job
	19311  -  Total Bytes Received By Job
	Partitionable Resources :      Usage  Request Allocated 
	   Cpus                 :       0.02        1         1 
	   Disk (KB)            : 3719674          20   1619554 
	   Memory (MB)          :     133        2000      2000 

	Job terminated of its own accord at 2021-11-01T08:27:04Z.
...
