000 (464395.000.000) 11/01 14:15:09 Job submitted from host: <188.185.121.235:9618?addrs=188.185.121.235-9618+[2001-1458-d00-49--100-36e]-9618&alias=bigbird22.cern.ch&noUDP&sock=schedd_1778_237a>
...
040 (464395.000.000) 11/01 15:47:36 Started transferring input files
	Transferring to host: <128.142.57.137:9618?addrs=128.142.57.137-9618+[2001-1458-301-7--100-88]-9618&alias=b7s02p6080.cern.ch&noUDP&sock=slot1_32_3651_35ae_35675>
...
001 (464395.000.000) 11/01 15:47:37 Job executing on host: <128.142.57.137:9618?addrs=128.142.57.137-9618+[2001-1458-301-7--100-88]-9618&alias=b7s02p6080.cern.ch&noUDP&sock=startd_2972_1f8f>
...
040 (464395.000.000) 11/01 15:47:37 Finished transferring input files
...
006 (464395.000.000) 11/01 15:47:45 Image size of job updated: 767180
	37  -  MemoryUsage of job (MB)
	37248  -  ResidentSetSize of job (KB)
...
006 (464395.000.000) 11/01 15:52:45 Image size of job updated: 791820
	67  -  MemoryUsage of job (MB)
	67752  -  ResidentSetSize of job (KB)
...
040 (464395.000.000) 11/01 15:54:48 Started transferring output files
...
040 (464395.000.000) 11/01 15:54:52 Finished transferring output files
...
005 (464395.000.000) 11/01 15:54:53 Job terminated.
	(1) Normal termination (return value 0)
		Usr 0 00:00:36, Sys 0 00:00:11  -  Run Remote Usage
		Usr 0 00:00:00, Sys 0 00:00:00  -  Run Local Usage
		Usr 0 00:00:36, Sys 0 00:00:11  -  Total Remote Usage
		Usr 0 00:00:00, Sys 0 00:00:00  -  Total Local Usage
	50311  -  Run Bytes Sent By Job
	19118  -  Run Bytes Received By Job
	50311  -  Total Bytes Sent By Job
	19118  -  Total Bytes Received By Job
	Partitionable Resources :      Usage  Request Allocated 
	   Cpus                 :       0.03        1         1 
	   Disk (KB)            : 2759688          20   3945955 
	   Memory (MB)          :      67        2000      2000 

	Job terminated of its own accord at 2021-11-01T14:54:48Z.
...
