000 (464307.000.000) 11/01 14:12:46 Job submitted from host: <188.185.121.235:9618?addrs=188.185.121.235-9618+[2001-1458-d00-49--100-36e]-9618&alias=bigbird22.cern.ch&noUDP&sock=schedd_1778_237a>
...
040 (464307.000.000) 11/01 15:41:45 Started transferring input files
	Transferring to host: <128.142.57.146:9618?addrs=128.142.57.146-9618+[2001-1458-301-7--100-91]-9618&alias=b7s02p6502.cern.ch&noUDP&sock=slot1_39_3593_57eb_33316>
...
001 (464307.000.000) 11/01 15:41:45 Job executing on host: <128.142.57.146:9618?addrs=128.142.57.146-9618+[2001-1458-301-7--100-91]-9618&alias=b7s02p6502.cern.ch&noUDP&sock=startd_3546_d6eb>
...
040 (464307.000.000) 11/01 15:41:45 Finished transferring input files
...
006 (464307.000.000) 11/01 15:41:54 Image size of job updated: 767180
	18  -  MemoryUsage of job (MB)
	18276  -  ResidentSetSize of job (KB)
...
006 (464307.000.000) 11/01 15:46:54 Image size of job updated: 791828
	67  -  MemoryUsage of job (MB)
	67760  -  ResidentSetSize of job (KB)
...
006 (464307.000.000) 11/01 15:56:56 Image size of job updated: 791828
	133  -  MemoryUsage of job (MB)
	135708  -  ResidentSetSize of job (KB)
...
040 (464307.000.000) 11/01 15:57:18 Started transferring output files
...
040 (464307.000.000) 11/01 15:57:22 Finished transferring output files
...
005 (464307.000.000) 11/01 15:57:22 Job terminated.
	(1) Normal termination (return value 0)
		Usr 0 00:01:08, Sys 0 00:00:28  -  Run Remote Usage
		Usr 0 00:00:00, Sys 0 00:00:00  -  Run Local Usage
		Usr 0 00:01:08, Sys 0 00:00:28  -  Total Remote Usage
		Usr 0 00:00:00, Sys 0 00:00:00  -  Total Local Usage
	60431  -  Run Bytes Sent By Job
	19118  -  Run Bytes Received By Job
	60431  -  Total Bytes Sent By Job
	19118  -  Total Bytes Received By Job
	Partitionable Resources :      Usage  Request Allocated 
	   Cpus                 :       0.02        1         1 
	   Disk (KB)            : 3703859          20   1250776 
	   Memory (MB)          :     133        2000      2000 

	Job terminated of its own accord at 2021-11-01T14:57:18Z.
...
