000 (461540.000.000) 11/01 07:49:25 Job submitted from host: <188.185.121.235:9618?addrs=188.185.121.235-9618+[2001-1458-d00-49--100-36e]-9618&alias=bigbird22.cern.ch&noUDP&sock=schedd_1778_237a>
...
040 (461540.000.000) 11/01 08:00:48 Started transferring input files
	Transferring to host: <128.142.140.136:9618?addrs=128.142.140.136-9618+[2001-1458-301-61--100-7c]-9618&alias=b7g15p5816.cern.ch&noUDP&sock=slot1_13_23245_f48a_11777>
...
001 (461540.000.000) 11/01 08:00:48 Job executing on host: <128.142.140.136:9618?addrs=128.142.140.136-9618+[2001-1458-301-61--100-7c]-9618&alias=b7g15p5816.cern.ch&noUDP&sock=startd_23193_0c20>
...
040 (461540.000.000) 11/01 08:00:48 Finished transferring input files
...
006 (461540.000.000) 11/01 08:00:57 Image size of job updated: 126248
	42  -  MemoryUsage of job (MB)
	42760  -  ResidentSetSize of job (KB)
...
006 (461540.000.000) 11/01 08:02:34 Image size of job updated: 791808
	42  -  MemoryUsage of job (MB)
	42768  -  ResidentSetSize of job (KB)
...
040 (461540.000.000) 11/01 08:02:34 Started transferring output files
...
040 (461540.000.000) 11/01 08:02:34 Finished transferring output files
...
005 (461540.000.000) 11/01 08:02:34 Job terminated.
	(1) Normal termination (return value 0)
		Usr 0 00:00:12, Sys 0 00:00:05  -  Run Remote Usage
		Usr 0 00:00:00, Sys 0 00:00:00  -  Run Local Usage
		Usr 0 00:00:12, Sys 0 00:00:05  -  Total Remote Usage
		Usr 0 00:00:00, Sys 0 00:00:00  -  Total Local Usage
	23335  -  Run Bytes Sent By Job
	19311  -  Run Bytes Received By Job
	23335  -  Total Bytes Sent By Job
	19311  -  Total Bytes Received By Job
	Partitionable Resources :    Usage  Request Allocated 
	   Cpus                 :                 1         1 
	   Disk (KB)            :   541237       20   1375728 
	   Memory (MB)          :       42     2000      2000 

	Job terminated of its own accord at 2021-11-01T07:02:34Z.
...
