000 (461451.000.000) 11/01 07:48:07 Job submitted from host: <188.185.121.235:9618?addrs=188.185.121.235-9618+[2001-1458-d00-49--100-36e]-9618&alias=bigbird22.cern.ch&noUDP&sock=schedd_1778_237a>
...
040 (461451.000.000) 11/01 08:00:17 Started transferring input files
	Transferring to host: <128.142.60.112:9618?addrs=128.142.60.112-9618+[2001-1458-301-22--100-6f]-9618&alias=b7s05p0973.cern.ch&noUDP&sock=slot1_7_7141_3afb_33088>
...
040 (461451.000.000) 11/01 08:00:17 Finished transferring input files
...
001 (461451.000.000) 11/01 08:00:17 Job executing on host: <128.142.60.112:9618?addrs=128.142.60.112-9618+[2001-1458-301-22--100-6f]-9618&alias=b7s05p0973.cern.ch&noUDP&sock=startd_5126_968e>
...
006 (461451.000.000) 11/01 08:00:26 Image size of job updated: 767180
	67  -  MemoryUsage of job (MB)
	67760  -  ResidentSetSize of job (KB)
...
006 (461451.000.000) 11/01 08:01:02 Image size of job updated: 791808
	67  -  MemoryUsage of job (MB)
	67760  -  ResidentSetSize of job (KB)
...
040 (461451.000.000) 11/01 08:01:03 Started transferring output files
...
040 (461451.000.000) 11/01 08:01:03 Finished transferring output files
...
005 (461451.000.000) 11/01 08:01:03 Job terminated.
	(1) Normal termination (return value 0)
		Usr 0 00:00:08, Sys 0 00:00:02  -  Run Remote Usage
		Usr 0 00:00:00, Sys 0 00:00:00  -  Run Local Usage
		Usr 0 00:00:08, Sys 0 00:00:02  -  Total Remote Usage
		Usr 0 00:00:00, Sys 0 00:00:00  -  Total Local Usage
	20737  -  Run Bytes Sent By Job
	19311  -  Run Bytes Received By Job
	20737  -  Total Bytes Sent By Job
	19311  -  Total Bytes Received By Job
	Partitionable Resources :    Usage  Request Allocated 
	   Cpus                 :                 1         1 
	   Disk (KB)            :   540969       20   1271759 
	   Memory (MB)          :       67     2000      2000 

	Job terminated of its own accord at 2021-11-01T07:01:02Z.
...
