000 (464133.000.000) 11/01 14:09:36 Job submitted from host: <188.185.121.235:9618?addrs=188.185.121.235-9618+[2001-1458-d00-49--100-36e]-9618&alias=bigbird22.cern.ch&noUDP&sock=schedd_1778_237a>
...
040 (464133.000.000) 11/01 15:38:36 Started transferring input files
	Transferring to host: <188.184.160.196:9618?addrs=188.184.160.196-9618+[2001-1458-301-48--100-be]-9618&alias=b7s09p3713.cern.ch&noUDP&sock=slot1_44_4877_099f_30723>
...
001 (464133.000.000) 11/01 15:38:37 Job executing on host: <188.184.160.196:9618?addrs=188.184.160.196-9618+[2001-1458-301-48--100-be]-9618&alias=b7s09p3713.cern.ch&noUDP&sock=startd_4422_b3e2>
...
040 (464133.000.000) 11/01 15:38:37 Finished transferring input files
...
006 (464133.000.000) 11/01 15:38:45 Image size of job updated: 791772
	40  -  MemoryUsage of job (MB)
	40184  -  ResidentSetSize of job (KB)
...
006 (464133.000.000) 11/01 15:40:48 Image size of job updated: 791836
	40  -  MemoryUsage of job (MB)
	40240  -  ResidentSetSize of job (KB)
...
040 (464133.000.000) 11/01 15:40:48 Started transferring output files
...
040 (464133.000.000) 11/01 15:40:52 Finished transferring output files
...
005 (464133.000.000) 11/01 15:40:52 Job terminated.
	(1) Normal termination (return value 0)
		Usr 0 00:00:10, Sys 0 00:00:03  -  Run Remote Usage
		Usr 0 00:00:00, Sys 0 00:00:00  -  Run Local Usage
		Usr 0 00:00:10, Sys 0 00:00:03  -  Total Remote Usage
		Usr 0 00:00:00, Sys 0 00:00:00  -  Total Local Usage
	25376  -  Run Bytes Sent By Job
	19118  -  Run Bytes Received By Job
	25376  -  Total Bytes Sent By Job
	19118  -  Total Bytes Received By Job
	Partitionable Resources :    Usage  Request Allocated 
	   Cpus                 :                 1         1 
	   Disk (KB)            :   540969       20   1448277 
	   Memory (MB)          :       40     2000      2000 

	Job terminated of its own accord at 2021-11-01T14:40:48Z.
...
