000 (464118.000.000) 11/01 14:09:10 Job submitted from host: <188.185.121.235:9618?addrs=188.185.121.235-9618+[2001-1458-d00-49--100-36e]-9618&alias=bigbird22.cern.ch&noUDP&sock=schedd_1778_237a>
...
040 (464118.000.000) 11/01 15:38:22 Started transferring input files
	Transferring to host: <128.142.57.146:9618?addrs=128.142.57.146-9618+[2001-1458-301-7--100-91]-9618&alias=b7s02p6502.cern.ch&noUDP&sock=slot1_18_3593_57eb_33291>
...
001 (464118.000.000) 11/01 15:38:22 Job executing on host: <128.142.57.146:9618?addrs=128.142.57.146-9618+[2001-1458-301-7--100-91]-9618&alias=b7s02p6502.cern.ch&noUDP&sock=startd_3546_d6eb>
...
040 (464118.000.000) 11/01 15:38:22 Finished transferring input files
...
006 (464118.000.000) 11/01 15:38:32 Image size of job updated: 783572
	37  -  MemoryUsage of job (MB)
	37648  -  ResidentSetSize of job (KB)
...
006 (464118.000.000) 11/01 15:41:52 Image size of job updated: 791816
	37  -  MemoryUsage of job (MB)
	37680  -  ResidentSetSize of job (KB)
...
040 (464118.000.000) 11/01 15:41:53 Started transferring output files
...
040 (464118.000.000) 11/01 15:41:56 Finished transferring output files
...
005 (464118.000.000) 11/01 15:41:57 Job terminated.
	(1) Normal termination (return value 0)
		Usr 0 00:00:07, Sys 0 00:00:03  -  Run Remote Usage
		Usr 0 00:00:00, Sys 0 00:00:00  -  Run Local Usage
		Usr 0 00:00:07, Sys 0 00:00:03  -  Total Remote Usage
		Usr 0 00:00:00, Sys 0 00:00:00  -  Total Local Usage
	25356  -  Run Bytes Sent By Job
	19118  -  Run Bytes Received By Job
	25356  -  Total Bytes Sent By Job
	19118  -  Total Bytes Received By Job
	Partitionable Resources :    Usage  Request Allocated 
	   Cpus                 :                 1         1 
	   Disk (KB)            :   541044       20   1241565 
	   Memory (MB)          :       37     2000      2000 

	Job terminated of its own accord at 2021-11-01T14:41:52Z.
...
