000 (461475.000.000) 11/01 07:48:32 Job submitted from host: <188.185.121.235:9618?addrs=188.185.121.235-9618+[2001-1458-d00-49--100-36e]-9618&alias=bigbird22.cern.ch&noUDP&sock=schedd_1778_237a>
...
040 (461475.000.000) 11/01 08:00:26 Started transferring input files
	Transferring to host: <128.142.57.124:9618?addrs=128.142.57.124-9618+[2001-1458-301-7--100-7b]-9618&alias=b7s02p8444.cern.ch&noUDP&sock=slot1_18_3637_586d_7016>
...
001 (461475.000.000) 11/01 08:00:26 Job executing on host: <128.142.57.124:9618?addrs=128.142.57.124-9618+[2001-1458-301-7--100-7b]-9618&alias=b7s02p8444.cern.ch&noUDP&sock=startd_3568_ee00>
...
040 (461475.000.000) 11/01 08:00:26 Finished transferring input files
...
006 (461475.000.000) 11/01 08:00:34 Image size of job updated: 41356
	41  -  MemoryUsage of job (MB)
	41076  -  ResidentSetSize of job (KB)
...
006 (461475.000.000) 11/01 08:01:18 Image size of job updated: 791808
	41  -  MemoryUsage of job (MB)
	41092  -  ResidentSetSize of job (KB)
...
040 (461475.000.000) 11/01 08:01:18 Started transferring output files
...
040 (461475.000.000) 11/01 08:01:18 Finished transferring output files
...
005 (461475.000.000) 11/01 08:01:18 Job terminated.
	(1) Normal termination (return value 0)
		Usr 0 00:00:08, Sys 0 00:00:03  -  Run Remote Usage
		Usr 0 00:00:00, Sys 0 00:00:00  -  Run Local Usage
		Usr 0 00:00:08, Sys 0 00:00:03  -  Total Remote Usage
		Usr 0 00:00:00, Sys 0 00:00:00  -  Total Local Usage
	21261  -  Run Bytes Sent By Job
	19311  -  Run Bytes Received By Job
	21261  -  Total Bytes Sent By Job
	19311  -  Total Bytes Received By Job
	Partitionable Resources :    Usage  Request Allocated 
	   Cpus                 :                 1         1 
	   Disk (KB)            :   541093       20   1252988 
	   Memory (MB)          :       41     2000      2000 

	Job terminated of its own accord at 2021-11-01T07:01:18Z.
...
