000 (464126.000.000) 11/01 14:09:30 Job submitted from host: <188.185.121.235:9618?addrs=188.185.121.235-9618+[2001-1458-d00-49--100-36e]-9618&alias=bigbird22.cern.ch&noUDP&sock=schedd_1778_237a>
...
040 (464126.000.000) 11/01 15:38:30 Started transferring input files
	Transferring to host: <128.142.56.120:9618?addrs=128.142.56.120-9618+[2001-1458-301-6--100-77]-9618&alias=b7s01p3781.cern.ch&noUDP&sock=slot1_37_3620_5e0c_35132>
...
001 (464126.000.000) 11/01 15:38:30 Job executing on host: <128.142.56.120:9618?addrs=128.142.56.120-9618+[2001-1458-301-6--100-77]-9618&alias=b7s01p3781.cern.ch&noUDP&sock=startd_3572_ac61>
...
040 (464126.000.000) 11/01 15:38:30 Finished transferring input files
...
006 (464126.000.000) 11/01 15:38:38 Image size of job updated: 38404
	38  -  MemoryUsage of job (MB)
	38404  -  ResidentSetSize of job (KB)
...
006 (464126.000.000) 11/01 15:39:34 Image size of job updated: 791812
	38  -  MemoryUsage of job (MB)
	38420  -  ResidentSetSize of job (KB)
...
040 (464126.000.000) 11/01 15:39:35 Started transferring output files
...
040 (464126.000.000) 11/01 15:39:39 Finished transferring output files
...
005 (464126.000.000) 11/01 15:39:40 Job terminated.
	(1) Normal termination (return value 0)
		Usr 0 00:00:06, Sys 0 00:00:03  -  Run Remote Usage
		Usr 0 00:00:00, Sys 0 00:00:00  -  Run Local Usage
		Usr 0 00:00:06, Sys 0 00:00:03  -  Total Remote Usage
		Usr 0 00:00:00, Sys 0 00:00:00  -  Total Local Usage
	24329  -  Run Bytes Sent By Job
	19118  -  Run Bytes Received By Job
	24329  -  Total Bytes Sent By Job
	19118  -  Total Bytes Received By Job
	Partitionable Resources :    Usage  Request Allocated 
	   Cpus                 :                 1         1 
	   Disk (KB)            :   540955       20   1208991 
	   Memory (MB)          :       38     2000      2000 

	Job terminated of its own accord at 2021-11-01T14:39:34Z.
...
