000 (461532.000.000) 11/01 07:49:18 Job submitted from host: <188.185.121.235:9618?addrs=188.185.121.235-9618+[2001-1458-d00-49--100-36e]-9618&alias=bigbird22.cern.ch&noUDP&sock=schedd_1778_237a>
...
040 (461532.000.000) 11/01 08:00:46 Started transferring input files
	Transferring to host: <188.184.164.133:9618?addrs=188.184.164.133-9618+[2001-1458-301-4e--100-7f]-9618&alias=b7s13p9371.cern.ch&noUDP&sock=slot1_9_198233_d4d6_12257>
...
040 (461532.000.000) 11/01 08:00:46 Finished transferring input files
...
001 (461532.000.000) 11/01 08:00:46 Job executing on host: <188.184.164.133:9618?addrs=188.184.164.133-9618+[2001-1458-301-4e--100-7f]-9618&alias=b7s13p9371.cern.ch&noUDP&sock=startd_198182_f247>
...
006 (461532.000.000) 11/01 08:00:55 Image size of job updated: 625832
	9  -  MemoryUsage of job (MB)
	8572  -  ResidentSetSize of job (KB)
...
006 (461532.000.000) 11/01 08:05:56 Image size of job updated: 791828
	67  -  MemoryUsage of job (MB)
	67768  -  ResidentSetSize of job (KB)
...
040 (461532.000.000) 11/01 08:17:42 Started transferring output files
...
040 (461532.000.000) 11/01 08:17:42 Finished transferring output files
...
005 (461532.000.000) 11/01 08:17:42 Job terminated.
	(1) Normal termination (return value 0)
		Usr 0 00:00:12, Sys 0 00:00:03  -  Run Remote Usage
		Usr 0 00:00:00, Sys 0 00:00:00  -  Run Local Usage
		Usr 0 00:00:12, Sys 0 00:00:03  -  Total Remote Usage
		Usr 0 00:00:00, Sys 0 00:00:00  -  Total Local Usage
	23438  -  Run Bytes Sent By Job
	19311  -  Run Bytes Received By Job
	23438  -  Total Bytes Sent By Job
	19311  -  Total Bytes Received By Job
	Partitionable Resources :     Usage  Request Allocated 
	   Cpus                 :      0.00        1         1 
	   Disk (KB)            : 541143          20   3086452 
	   Memory (MB)          :     67        2000      2000 

	Job terminated of its own accord at 2021-11-01T07:17:42Z.
...
