000 (464499.000.000) 11/01 14:16:48 Job submitted from host: <188.185.121.235:9618?addrs=188.185.121.235-9618+[2001-1458-d00-49--100-36e]-9618&alias=bigbird22.cern.ch&noUDP&sock=schedd_1778_237a>
...
040 (464499.000.000) 11/01 15:54:14 Started transferring input files
	Transferring to host: <128.142.63.58:9618?addrs=128.142.63.58-9618+[2001-1458-301-38--100-37]-9618&alias=b7s08p1987.cern.ch&noUDP&sock=slot1_40_8447_6cf1_11411>
...
001 (464499.000.000) 11/01 15:54:15 Job executing on host: <128.142.63.58:9618?addrs=128.142.63.58-9618+[2001-1458-301-38--100-37]-9618&alias=b7s08p1987.cern.ch&noUDP&sock=startd_7102_f5b2>
...
040 (464499.000.000) 11/01 15:54:15 Finished transferring input files
...
006 (464499.000.000) 11/01 15:54:23 Image size of job updated: 37300
	36  -  MemoryUsage of job (MB)
	36804  -  ResidentSetSize of job (KB)
...
006 (464499.000.000) 11/01 15:57:28 Image size of job updated: 791808
	36  -  MemoryUsage of job (MB)
	36804  -  ResidentSetSize of job (KB)
...
040 (464499.000.000) 11/01 15:57:29 Started transferring output files
...
040 (464499.000.000) 11/01 15:57:32 Finished transferring output files
...
005 (464499.000.000) 11/01 15:57:32 Job terminated.
	(1) Normal termination (return value 0)
		Usr 0 00:00:46, Sys 0 00:00:17  -  Run Remote Usage
		Usr 0 00:00:00, Sys 0 00:00:00  -  Run Local Usage
		Usr 0 00:00:46, Sys 0 00:00:17  -  Total Remote Usage
		Usr 0 00:00:00, Sys 0 00:00:00  -  Total Local Usage
	33899  -  Run Bytes Sent By Job
	19118  -  Run Bytes Received By Job
	33899  -  Total Bytes Sent By Job
	19118  -  Total Bytes Received By Job
	Partitionable Resources :    Usage  Request Allocated 
	   Cpus                 :                 1         1 
	   Disk (KB)            :  2754711       20   2551442 
	   Memory (MB)          :       36     2000      2000 

	Job terminated of its own accord at 2021-11-01T14:57:28Z.
...
