000 (464106.000.000) 11/01 14:08:42 Job submitted from host: <188.185.121.235:9618?addrs=188.185.121.235-9618+[2001-1458-d00-49--100-36e]-9618&alias=bigbird22.cern.ch&noUDP&sock=schedd_1778_237a>
...
040 (464106.000.000) 11/01 15:38:18 Started transferring input files
	Transferring to host: <188.184.160.196:9618?addrs=188.184.160.196-9618+[2001-1458-301-48--100-be]-9618&alias=b7s09p3713.cern.ch&noUDP&sock=slot1_39_4877_099f_30721>
...
001 (464106.000.000) 11/01 15:38:19 Job executing on host: <188.184.160.196:9618?addrs=188.184.160.196-9618+[2001-1458-301-48--100-be]-9618&alias=b7s09p3713.cern.ch&noUDP&sock=startd_4422_b3e2>
...
040 (464106.000.000) 11/01 15:38:19 Finished transferring input files
...
006 (464106.000.000) 11/01 15:38:27 Image size of job updated: 791772
	43  -  MemoryUsage of job (MB)
	43056  -  ResidentSetSize of job (KB)
...
006 (464106.000.000) 11/01 15:39:44 Image size of job updated: 791812
	43  -  MemoryUsage of job (MB)
	43056  -  ResidentSetSize of job (KB)
...
040 (464106.000.000) 11/01 15:39:44 Started transferring output files
...
040 (464106.000.000) 11/01 15:39:48 Finished transferring output files
...
005 (464106.000.000) 11/01 15:39:49 Job terminated.
	(1) Normal termination (return value 0)
		Usr 0 00:00:09, Sys 0 00:00:03  -  Run Remote Usage
		Usr 0 00:00:00, Sys 0 00:00:00  -  Run Local Usage
		Usr 0 00:00:09, Sys 0 00:00:03  -  Total Remote Usage
		Usr 0 00:00:00, Sys 0 00:00:00  -  Total Local Usage
	25363  -  Run Bytes Sent By Job
	19118  -  Run Bytes Received By Job
	25363  -  Total Bytes Sent By Job
	19118  -  Total Bytes Received By Job
	Partitionable Resources :    Usage  Request Allocated 
	   Cpus                 :                 1         1 
	   Disk (KB)            :   540991       20   1450391 
	   Memory (MB)          :       43     2000      2000 

	Job terminated of its own accord at 2021-11-01T14:39:44Z.
...
