000 (464273.000.000) 11/01 14:12:12 Job submitted from host: <188.185.121.235:9618?addrs=188.185.121.235-9618+[2001-1458-d00-49--100-36e]-9618&alias=bigbird22.cern.ch&noUDP&sock=schedd_1778_237a>
...
040 (464273.000.000) 11/01 15:41:12 Started transferring input files
	Transferring to host: <188.184.160.196:9618?addrs=188.184.160.196-9618+[2001-1458-301-48--100-be]-9618&alias=b7s09p3713.cern.ch&noUDP&sock=slot1_47_4877_099f_30736>
...
001 (464273.000.000) 11/01 15:41:13 Job executing on host: <188.184.160.196:9618?addrs=188.184.160.196-9618+[2001-1458-301-48--100-be]-9618&alias=b7s09p3713.cern.ch&noUDP&sock=startd_4422_b3e2>
...
040 (464273.000.000) 11/01 15:41:13 Finished transferring input files
...
006 (464273.000.000) 11/01 15:41:21 Image size of job updated: 791812
	67  -  MemoryUsage of job (MB)
	67768  -  ResidentSetSize of job (KB)
...
006 (464273.000.000) 11/01 15:46:21 Image size of job updated: 791812
	133  -  MemoryUsage of job (MB)
	135968  -  ResidentSetSize of job (KB)
...
040 (464273.000.000) 11/01 15:47:22 Started transferring output files
...
040 (464273.000.000) 11/01 15:47:26 Finished transferring output files
...
005 (464273.000.000) 11/01 15:47:27 Job terminated.
	(1) Normal termination (return value 0)
		Usr 0 00:01:45, Sys 0 00:00:21  -  Run Remote Usage
		Usr 0 00:00:00, Sys 0 00:00:00  -  Run Local Usage
		Usr 0 00:01:45, Sys 0 00:00:21  -  Total Remote Usage
		Usr 0 00:00:00, Sys 0 00:00:00  -  Total Local Usage
	43289  -  Run Bytes Sent By Job
	19118  -  Run Bytes Received By Job
	43289  -  Total Bytes Sent By Job
	19118  -  Total Bytes Received By Job
	Partitionable Resources :      Usage  Request Allocated 
	   Cpus                 :       1.00        1         1 
	   Disk (KB)            : 3711701          20   1431398 
	   Memory (MB)          :     133        2000      2000 

	Job terminated of its own accord at 2021-11-01T14:47:21Z.
...
