000 (461677.000.000) 11/01 07:51:47 Job submitted from host: <188.185.121.235:9618?addrs=188.185.121.235-9618+[2001-1458-d00-49--100-36e]-9618&alias=bigbird22.cern.ch&noUDP&sock=schedd_1778_237a>
...
040 (461677.000.000) 11/01 08:01:37 Started transferring input files
	Transferring to host: <128.142.56.153:9618?addrs=128.142.56.153-9618+[2001-1458-301-6--100-98]-9618&alias=b7s01p5892.cern.ch&noUDP&sock=slot1_3_3592_a38b_26823>
...
040 (461677.000.000) 11/01 08:01:37 Finished transferring input files
...
001 (461677.000.000) 11/01 08:01:37 Job executing on host: <128.142.56.153:9618?addrs=128.142.56.153-9618+[2001-1458-301-6--100-98]-9618&alias=b7s01p5892.cern.ch&noUDP&sock=startd_3543_c822>
...
006 (461677.000.000) 11/01 08:01:46 Image size of job updated: 396436
	34  -  MemoryUsage of job (MB)
	33996  -  ResidentSetSize of job (KB)
...
006 (461677.000.000) 11/01 08:06:47 Image size of job updated: 791824
	67  -  MemoryUsage of job (MB)
	67756  -  ResidentSetSize of job (KB)
...
006 (461677.000.000) 11/01 08:36:51 Image size of job updated: 791824
	134  -  MemoryUsage of job (MB)
	136436  -  ResidentSetSize of job (KB)
...
040 (461677.000.000) 11/01 08:36:58 Started transferring output files
...
040 (461677.000.000) 11/01 08:36:58 Finished transferring output files
...
005 (461677.000.000) 11/01 08:36:59 Job terminated.
	(1) Normal termination (return value 0)
		Usr 0 00:01:23, Sys 0 00:00:25  -  Run Remote Usage
		Usr 0 00:00:00, Sys 0 00:00:00  -  Run Local Usage
		Usr 0 00:01:23, Sys 0 00:00:25  -  Total Remote Usage
		Usr 0 00:00:00, Sys 0 00:00:00  -  Total Local Usage
	61432  -  Run Bytes Sent By Job
	19311  -  Run Bytes Received By Job
	61432  -  Total Bytes Sent By Job
	19311  -  Total Bytes Received By Job
	Partitionable Resources :      Usage  Request Allocated 
	   Cpus                 :       0.01        1         1 
	   Disk (KB)            : 3707217          20   1300143 
	   Memory (MB)          :     134        2000      2000 

	Job terminated of its own accord at 2021-11-01T07:36:58Z.
...
