000 (758933.000.000) 02/02 22:10:14 Job submitted from host: <188.185.121.235:9618?addrs=188.185.121.235-9618+[2001-1458-d00-49--100-36e]-9618&alias=bigbird22.cern.ch&noUDP&sock=schedd_8027_6ecd>
...
040 (758933.000.000) 02/02 22:22:22 Started transferring input files
	Transferring to host: <128.142.61.132:9618?addrs=128.142.61.132-9618+[2001-1458-301-23--100-83]-9618&alias=b7s06p5839.cern.ch&noUDP&sock=slot1_38_8442_e710_3507>
...
040 (758933.000.000) 02/02 22:22:22 Finished transferring input files
...
001 (758933.000.000) 02/02 22:22:22 Job executing on host: <128.142.61.132:9618?addrs=128.142.61.132-9618+[2001-1458-301-23--100-83]-9618&alias=b7s06p5839.cern.ch&noUDP&sock=startd_7298_6642>
...
006 (758933.000.000) 02/02 22:22:30 Image size of job updated: 794148
	67  -  MemoryUsage of job (MB)
	67772  -  ResidentSetSize of job (KB)
...
040 (758933.000.000) 02/02 22:22:43 Started transferring output files
...
040 (758933.000.000) 02/02 22:22:44 Finished transferring output files
...
005 (758933.000.000) 02/02 22:22:44 Job terminated.
	(1) Normal termination (return value 0)
		Usr 0 00:00:08, Sys 0 00:00:03  -  Run Remote Usage
		Usr 0 00:00:00, Sys 0 00:00:00  -  Run Local Usage
		Usr 0 00:00:08, Sys 0 00:00:03  -  Total Remote Usage
		Usr 0 00:00:00, Sys 0 00:00:00  -  Total Local Usage
	18369  -  Run Bytes Sent By Job
	19295  -  Run Bytes Received By Job
	18369  -  Total Bytes Sent By Job
	19295  -  Total Bytes Received By Job
	Partitionable Resources :    Usage  Request Allocated 
	   Cpus                 :                 1         1 
	   Disk (KB)            :   540968       20   1279130 
	   Memory (MB)          :       67     2000      2000 

	Job terminated of its own accord at 2022-02-02T21:22:43Z.
...
