000 (461698.000.000) 11/01 07:52:06 Job submitted from host: <188.185.121.235:9618?addrs=188.185.121.235-9618+[2001-1458-d00-49--100-36e]-9618&alias=bigbird22.cern.ch&noUDP&sock=schedd_1778_237a>
...
040 (461698.000.000) 11/01 08:01:45 Started transferring input files
	Transferring to host: <128.142.128.210:9618?addrs=128.142.128.210-9618+[2001-1458-301-10--100-d1]-9618&alias=b7g25p9236.cern.ch&noUDP&sock=slot1_5_10414_5ae1_6925>
...
040 (461698.000.000) 11/01 08:01:45 Finished transferring input files
...
001 (461698.000.000) 11/01 08:01:45 Job executing on host: <128.142.128.210:9618?addrs=128.142.128.210-9618+[2001-1458-301-10--100-d1]-9618&alias=b7g25p9236.cern.ch&noUDP&sock=startd_10373_97fb>
...
006 (461698.000.000) 11/01 08:01:54 Image size of job updated: 18752
	19  -  MemoryUsage of job (MB)
	18752  -  ResidentSetSize of job (KB)
...
006 (461698.000.000) 11/01 08:06:55 Image size of job updated: 791820
	67  -  MemoryUsage of job (MB)
	67756  -  ResidentSetSize of job (KB)
...
040 (461698.000.000) 11/01 08:31:49 Started transferring output files
...
040 (461698.000.000) 11/01 08:31:49 Finished transferring output files
...
005 (461698.000.000) 11/01 08:31:49 Job terminated.
	(1) Normal termination (return value 0)
		Usr 0 00:01:21, Sys 0 00:00:12  -  Run Remote Usage
		Usr 0 00:00:00, Sys 0 00:00:00  -  Run Local Usage
		Usr 0 00:01:21, Sys 0 00:00:12  -  Total Remote Usage
		Usr 0 00:00:00, Sys 0 00:00:00  -  Total Local Usage
	61552  -  Run Bytes Sent By Job
	19311  -  Run Bytes Received By Job
	61552  -  Total Bytes Sent By Job
	19311  -  Total Bytes Received By Job
	Partitionable Resources :      Usage  Request Allocated 
	   Cpus                 :       0.01        1         1 
	   Disk (KB)            : 3723582          20   2977500 
	   Memory (MB)          :      67        2000      2000 

	Job terminated of its own accord at 2021-11-01T07:31:49Z.
...
