000 (464296.000.000) 11/01 14:12:32 Job submitted from host: <188.185.121.235:9618?addrs=188.185.121.235-9618+[2001-1458-d00-49--100-36e]-9618&alias=bigbird22.cern.ch&noUDP&sock=schedd_1778_237a>
...
040 (464296.000.000) 11/01 15:41:40 Started transferring input files
	Transferring to host: <188.184.160.196:9618?addrs=188.184.160.196-9618+[2001-1458-301-48--100-be]-9618&alias=b7s09p3713.cern.ch&noUDP&sock=slot1_45_4877_099f_30741>
...
001 (464296.000.000) 11/01 15:41:40 Job executing on host: <188.184.160.196:9618?addrs=188.184.160.196-9618+[2001-1458-301-48--100-be]-9618&alias=b7s09p3713.cern.ch&noUDP&sock=startd_4422_b3e2>
...
040 (464296.000.000) 11/01 15:41:40 Finished transferring input files
...
006 (464296.000.000) 11/01 15:41:49 Image size of job updated: 775380
	42  -  MemoryUsage of job (MB)
	42896  -  ResidentSetSize of job (KB)
...
006 (464296.000.000) 11/01 15:46:50 Image size of job updated: 791812
	67  -  MemoryUsage of job (MB)
	67772  -  ResidentSetSize of job (KB)
...
040 (464296.000.000) 11/01 15:50:09 Started transferring output files
...
040 (464296.000.000) 11/01 15:50:14 Finished transferring output files
...
005 (464296.000.000) 11/01 15:50:29 Job terminated.
	(1) Normal termination (return value 0)
		Usr 0 00:01:53, Sys 0 00:00:26  -  Run Remote Usage
		Usr 0 00:00:00, Sys 0 00:00:00  -  Run Local Usage
		Usr 0 00:01:53, Sys 0 00:00:26  -  Total Remote Usage
		Usr 0 00:00:00, Sys 0 00:00:00  -  Total Local Usage
	53581  -  Run Bytes Sent By Job
	19118  -  Run Bytes Received By Job
	53581  -  Total Bytes Sent By Job
	19118  -  Total Bytes Received By Job
	Partitionable Resources :      Usage  Request Allocated 
	   Cpus                 :       0.09        1         1 
	   Disk (KB)            : 3712041          20   1426065 
	   Memory (MB)          :      67        2000      2000 

	Job terminated of its own accord at 2021-11-01T14:50:08Z.
...
