000 (464344.000.000) 11/01 14:14:08 Job submitted from host: <188.185.121.235:9618?addrs=188.185.121.235-9618+[2001-1458-d00-49--100-36e]-9618&alias=bigbird22.cern.ch&noUDP&sock=schedd_1778_237a>
...
040 (464344.000.000) 11/01 15:43:21 Started transferring input files
	Transferring to host: <128.142.58.135:9618?addrs=128.142.58.135-9618+[2001-1458-301-16--100-86]-9618&alias=b7s03p8962.cern.ch&noUDP&sock=slot1_30_3643_92ad_34838>
...
001 (464344.000.000) 11/01 15:43:22 Job executing on host: <128.142.58.135:9618?addrs=128.142.58.135-9618+[2001-1458-301-16--100-86]-9618&alias=b7s03p8962.cern.ch&noUDP&sock=startd_3102_4ade>
...
040 (464344.000.000) 11/01 15:43:22 Finished transferring input files
...
006 (464344.000.000) 11/01 15:43:30 Image size of job updated: 791768
	38  -  MemoryUsage of job (MB)
	38904  -  ResidentSetSize of job (KB)
...
006 (464344.000.000) 11/01 15:48:30 Image size of job updated: 791820
	67  -  MemoryUsage of job (MB)
	67764  -  ResidentSetSize of job (KB)
...
040 (464344.000.000) 11/01 15:51:42 Started transferring output files
...
040 (464344.000.000) 11/01 15:51:46 Finished transferring output files
...
005 (464344.000.000) 11/01 15:51:46 Job terminated.
	(1) Normal termination (return value 0)
		Usr 0 00:01:05, Sys 0 00:00:26  -  Run Remote Usage
		Usr 0 00:00:00, Sys 0 00:00:00  -  Run Local Usage
		Usr 0 00:01:05, Sys 0 00:00:26  -  Total Remote Usage
		Usr 0 00:00:00, Sys 0 00:00:00  -  Total Local Usage
	56130  -  Run Bytes Sent By Job
	19118  -  Run Bytes Received By Job
	56130  -  Total Bytes Sent By Job
	19118  -  Total Bytes Received By Job
	Partitionable Resources :      Usage  Request Allocated 
	   Cpus                 :       0.05        1         1 
	   Disk (KB)            : 3723578          20   1277311 
	   Memory (MB)          :      67        2000      2000 

	Job terminated of its own accord at 2021-11-01T14:51:42Z.
...
