000 (461609.000.000) 11/01 07:50:39 Job submitted from host: <188.185.121.235:9618?addrs=188.185.121.235-9618+[2001-1458-d00-49--100-36e]-9618&alias=bigbird22.cern.ch&noUDP&sock=schedd_1778_237a>
...
040 (461609.000.000) 11/01 08:01:12 Started transferring input files
	Transferring to host: <128.142.59.86:9618?addrs=128.142.59.86-9618+[2001-1458-301-21--100-55]-9618&alias=b7s04p2139.cern.ch&noUDP&sock=slot1_13_3640_758d_27609>
...
040 (461609.000.000) 11/01 08:01:12 Finished transferring input files
...
001 (461609.000.000) 11/01 08:01:12 Job executing on host: <128.142.59.86:9618?addrs=128.142.59.86-9618+[2001-1458-301-21--100-55]-9618&alias=b7s04p2139.cern.ch&noUDP&sock=startd_3595_730f>
...
006 (461609.000.000) 11/01 08:01:21 Image size of job updated: 791832
	39  -  MemoryUsage of job (MB)
	39380  -  ResidentSetSize of job (KB)
...
006 (461609.000.000) 11/01 08:06:22 Image size of job updated: 791832
	67  -  MemoryUsage of job (MB)
	67756  -  ResidentSetSize of job (KB)
...
006 (461609.000.000) 11/01 09:11:29 Image size of job updated: 791832
	133  -  MemoryUsage of job (MB)
	135600  -  ResidentSetSize of job (KB)
...
040 (461609.000.000) 11/01 09:12:08 Started transferring output files
...
040 (461609.000.000) 11/01 09:12:08 Finished transferring output files
...
005 (461609.000.000) 11/01 09:12:08 Job terminated.
	(1) Normal termination (return value 0)
		Usr 0 00:01:32, Sys 0 00:00:30  -  Run Remote Usage
		Usr 0 00:00:00, Sys 0 00:00:00  -  Run Local Usage
		Usr 0 00:01:32, Sys 0 00:00:30  -  Total Remote Usage
		Usr 0 00:00:00, Sys 0 00:00:00  -  Total Local Usage
	60995  -  Run Bytes Sent By Job
	19311  -  Run Bytes Received By Job
	60995  -  Total Bytes Sent By Job
	19311  -  Total Bytes Received By Job
	Partitionable Resources :      Usage  Request Allocated 
	   Cpus                 :       0.01        1         1 
	   Disk (KB)            : 3711891          20   1318544 
	   Memory (MB)          :     133        2000      2000 

	Job terminated of its own accord at 2021-11-01T08:12:08Z.
...
