000 (461453.000.000) 11/01 07:48:08 Job submitted from host: <188.185.121.235:9618?addrs=188.185.121.235-9618+[2001-1458-d00-49--100-36e]-9618&alias=bigbird22.cern.ch&noUDP&sock=schedd_1778_237a>
...
040 (461453.000.000) 11/01 08:00:18 Started transferring input files
	Transferring to host: <128.142.34.87:9618?addrs=128.142.34.87-9618&alias=b7g05p0340.cern.ch&noUDP&sock=slot1_20_3564_e90a_64973>
...
040 (461453.000.000) 11/01 08:00:18 Finished transferring input files
...
001 (461453.000.000) 11/01 08:00:18 Job executing on host: <128.142.34.87:9618?addrs=128.142.34.87-9618&alias=b7g05p0340.cern.ch&noUDP&sock=startd_2771_4105>
...
006 (461453.000.000) 11/01 08:00:27 Image size of job updated: 791824
	67  -  MemoryUsage of job (MB)
	67764  -  ResidentSetSize of job (KB)
...
040 (461453.000.000) 11/01 08:00:38 Started transferring output files
...
040 (461453.000.000) 11/01 08:00:38 Finished transferring output files
...
005 (461453.000.000) 11/01 08:00:39 Job terminated.
	(1) Normal termination (return value 0)
		Usr 0 00:00:07, Sys 0 00:00:03  -  Run Remote Usage
		Usr 0 00:00:00, Sys 0 00:00:00  -  Run Local Usage
		Usr 0 00:00:07, Sys 0 00:00:03  -  Total Remote Usage
		Usr 0 00:00:00, Sys 0 00:00:00  -  Total Local Usage
	18591  -  Run Bytes Sent By Job
	19311  -  Run Bytes Received By Job
	18591  -  Total Bytes Sent By Job
	19311  -  Total Bytes Received By Job
	Partitionable Resources :    Usage  Request Allocated 
	   Cpus                 :                 1         1 
	   Disk (KB)            :   540969       20   1322140 
	   Memory (MB)          :       67     2000      2000 

	Job terminated of its own accord at 2021-11-01T07:00:38Z.
...
