000 (464321.000.000) 11/01 14:13:35 Job submitted from host: <188.185.121.235:9618?addrs=188.185.121.235-9618+[2001-1458-d00-49--100-36e]-9618&alias=bigbird22.cern.ch&noUDP&sock=schedd_1778_237a>
...
040 (464321.000.000) 11/01 15:42:13 Started transferring input files
	Transferring to host: <188.184.160.18:9618?addrs=188.184.160.18-9618+[2001-1458-301-48--100-c]-9618&alias=b7s09p0522.cern.ch&noUDP&sock=slot1_35_134324_28cf_58635>
...
001 (464321.000.000) 11/01 15:42:13 Job executing on host: <188.184.160.18:9618?addrs=188.184.160.18-9618+[2001-1458-301-48--100-c]-9618&alias=b7s09p0522.cern.ch&noUDP&sock=startd_133117_c4ad>
...
040 (464321.000.000) 11/01 15:42:13 Finished transferring input files
...
006 (464321.000.000) 11/01 15:42:22 Image size of job updated: 775380
	36  -  MemoryUsage of job (MB)
	36172  -  ResidentSetSize of job (KB)
...
006 (464321.000.000) 11/01 15:47:23 Image size of job updated: 791812
	67  -  MemoryUsage of job (MB)
	67764  -  ResidentSetSize of job (KB)
...
040 (464321.000.000) 11/01 15:52:22 Started transferring output files
...
040 (464321.000.000) 11/01 15:52:27 Finished transferring output files
...
005 (464321.000.000) 11/01 15:52:28 Job terminated.
	(1) Normal termination (return value 0)
		Usr 0 00:01:42, Sys 0 00:00:29  -  Run Remote Usage
		Usr 0 00:00:00, Sys 0 00:00:00  -  Run Local Usage
		Usr 0 00:01:42, Sys 0 00:00:29  -  Total Remote Usage
		Usr 0 00:00:00, Sys 0 00:00:00  -  Total Local Usage
	171277  -  Run Bytes Sent By Job
	19118  -  Run Bytes Received By Job
	171277  -  Total Bytes Sent By Job
	19118  -  Total Bytes Received By Job
	Partitionable Resources :    Usage  Request Allocated 
	   Cpus                 :                 1         1 
	   Disk (KB)            :  3716355       20   1409787 
	   Memory (MB)          :       67     2000      2000 

	Job terminated of its own accord at 2021-11-01T14:52:22Z.
...
