000 (464191.000.000) 11/01 14:11:02 Job submitted from host: <188.185.121.235:9618?addrs=188.185.121.235-9618+[2001-1458-d00-49--100-36e]-9618&alias=bigbird22.cern.ch&noUDP&sock=schedd_1778_237a>
...
040 (464191.000.000) 11/01 15:39:44 Started transferring input files
	Transferring to host: <128.142.63.58:9618?addrs=128.142.63.58-9618+[2001-1458-301-38--100-37]-9618&alias=b7s08p1987.cern.ch&noUDP&sock=slot1_5_8447_6cf1_11378>
...
001 (464191.000.000) 11/01 15:39:44 Job executing on host: <128.142.63.58:9618?addrs=128.142.63.58-9618+[2001-1458-301-38--100-37]-9618&alias=b7s08p1987.cern.ch&noUDP&sock=startd_7102_f5b2>
...
040 (464191.000.000) 11/01 15:39:44 Finished transferring input files
...
006 (464191.000.000) 11/01 15:39:53 Image size of job updated: 791816
	67  -  MemoryUsage of job (MB)
	67760  -  ResidentSetSize of job (KB)
...
040 (464191.000.000) 11/01 15:40:05 Started transferring output files
...
040 (464191.000.000) 11/01 15:40:08 Finished transferring output files
...
005 (464191.000.000) 11/01 15:40:09 Job terminated.
	(1) Normal termination (return value 0)
		Usr 0 00:00:07, Sys 0 00:00:03  -  Run Remote Usage
		Usr 0 00:00:00, Sys 0 00:00:00  -  Run Local Usage
		Usr 0 00:00:07, Sys 0 00:00:03  -  Total Remote Usage
		Usr 0 00:00:00, Sys 0 00:00:00  -  Total Local Usage
	20532  -  Run Bytes Sent By Job
	19118  -  Run Bytes Received By Job
	20532  -  Total Bytes Sent By Job
	19118  -  Total Bytes Received By Job
	Partitionable Resources :    Usage  Request Allocated 
	   Cpus                 :                 1         1 
	   Disk (KB)            :   540552       20   1293440 
	   Memory (MB)          :       67     2000      2000 

	Job terminated of its own accord at 2021-11-01T14:40:03Z.
...
