000 (464199.000.000) 11/01 14:11:06 Job submitted from host: <188.185.121.235:9618?addrs=188.185.121.235-9618+[2001-1458-d00-49--100-36e]-9618&alias=bigbird22.cern.ch&noUDP&sock=schedd_1778_237a>
...
040 (464199.000.000) 11/01 15:39:50 Started transferring input files
	Transferring to host: <128.142.58.135:9618?addrs=128.142.58.135-9618+[2001-1458-301-16--100-86]-9618&alias=b7s03p8962.cern.ch&noUDP&sock=slot1_5_3643_92ad_34816>
...
001 (464199.000.000) 11/01 15:39:50 Job executing on host: <128.142.58.135:9618?addrs=128.142.58.135-9618+[2001-1458-301-16--100-86]-9618&alias=b7s03p8962.cern.ch&noUDP&sock=startd_3102_4ade>
...
040 (464199.000.000) 11/01 15:39:50 Finished transferring input files
...
006 (464199.000.000) 11/01 15:39:58 Image size of job updated: 767180
	21  -  MemoryUsage of job (MB)
	21168  -  ResidentSetSize of job (KB)
...
006 (464199.000.000) 11/01 15:44:41 Image size of job updated: 791836
	21  -  MemoryUsage of job (MB)
	21176  -  ResidentSetSize of job (KB)
...
040 (464199.000.000) 11/01 15:44:42 Started transferring output files
...
040 (464199.000.000) 11/01 15:44:45 Finished transferring output files
...
005 (464199.000.000) 11/01 15:44:45 Job terminated.
	(1) Normal termination (return value 0)
		Usr 0 00:00:06, Sys 0 00:00:03  -  Run Remote Usage
		Usr 0 00:00:00, Sys 0 00:00:00  -  Run Local Usage
		Usr 0 00:00:06, Sys 0 00:00:03  -  Total Remote Usage
		Usr 0 00:00:00, Sys 0 00:00:00  -  Total Local Usage
	25238  -  Run Bytes Sent By Job
	19118  -  Run Bytes Received By Job
	25238  -  Total Bytes Sent By Job
	19118  -  Total Bytes Received By Job
	Partitionable Resources :     Usage  Request Allocated 
	   Cpus                 :      0.02        1         1 
	   Disk (KB)            : 541754          20   1280576 
	   Memory (MB)          :     21        2000      2000 

	Job terminated of its own accord at 2021-11-01T14:44:41Z.
...
