000 (464093.000.000) 11/01 14:08:31 Job submitted from host: <188.185.121.235:9618?addrs=188.185.121.235-9618+[2001-1458-d00-49--100-36e]-9618&alias=bigbird22.cern.ch&noUDP&sock=schedd_1778_237a>
...
040 (464093.000.000) 11/01 15:38:14 Started transferring input files
	Transferring to host: <128.142.63.58:9618?addrs=128.142.63.58-9618+[2001-1458-301-38--100-37]-9618&alias=b7s08p1987.cern.ch&noUDP&sock=slot1_58_8447_6cf1_11371>
...
001 (464093.000.000) 11/01 15:38:15 Job executing on host: <128.142.63.58:9618?addrs=128.142.63.58-9618+[2001-1458-301-38--100-37]-9618&alias=b7s08p1987.cern.ch&noUDP&sock=startd_7102_f5b2>
...
040 (464093.000.000) 11/01 15:38:15 Finished transferring input files
...
006 (464093.000.000) 11/01 15:38:24 Image size of job updated: 791832
	67  -  MemoryUsage of job (MB)
	67752  -  ResidentSetSize of job (KB)
...
040 (464093.000.000) 11/01 15:38:35 Started transferring output files
...
040 (464093.000.000) 11/01 15:38:39 Finished transferring output files
...
005 (464093.000.000) 11/01 15:38:39 Job terminated.
	(1) Normal termination (return value 0)
		Usr 0 00:00:07, Sys 0 00:00:03  -  Run Remote Usage
		Usr 0 00:00:00, Sys 0 00:00:00  -  Run Local Usage
		Usr 0 00:00:07, Sys 0 00:00:03  -  Total Remote Usage
		Usr 0 00:00:00, Sys 0 00:00:00  -  Total Local Usage
	20617  -  Run Bytes Sent By Job
	19118  -  Run Bytes Received By Job
	20617  -  Total Bytes Sent By Job
	19118  -  Total Bytes Received By Job
	Partitionable Resources :    Usage  Request Allocated 
	   Cpus                 :                 1         1 
	   Disk (KB)            :   540971       20   1293279 
	   Memory (MB)          :       67     2000      2000 

	Job terminated of its own accord at 2021-11-01T14:38:34Z.
...
