000 (464258.000.000) 11/01 14:11:58 Job submitted from host: <188.185.121.235:9618?addrs=188.185.121.235-9618+[2001-1458-d00-49--100-36e]-9618&alias=bigbird22.cern.ch&noUDP&sock=schedd_1778_237a>
...
040 (464258.000.000) 11/01 15:41:03 Started transferring input files
	Transferring to host: <128.142.57.146:9618?addrs=128.142.57.146-9618+[2001-1458-301-7--100-91]-9618&alias=b7s02p6502.cern.ch&noUDP&sock=slot1_3_3593_57eb_33312>
...
001 (464258.000.000) 11/01 15:41:04 Job executing on host: <128.142.57.146:9618?addrs=128.142.57.146-9618+[2001-1458-301-7--100-91]-9618&alias=b7s02p6502.cern.ch&noUDP&sock=startd_3546_d6eb>
...
040 (464258.000.000) 11/01 15:41:04 Finished transferring input files
...
006 (464258.000.000) 11/01 15:41:13 Image size of job updated: 791808
	67  -  MemoryUsage of job (MB)
	67756  -  ResidentSetSize of job (KB)
...
040 (464258.000.000) 11/01 15:43:27 Started transferring output files
...
040 (464258.000.000) 11/01 15:43:31 Finished transferring output files
...
005 (464258.000.000) 11/01 15:43:31 Job terminated.
	(1) Normal termination (return value 0)
		Usr 0 00:01:03, Sys 0 00:00:23  -  Run Remote Usage
		Usr 0 00:00:00, Sys 0 00:00:00  -  Run Local Usage
		Usr 0 00:01:03, Sys 0 00:00:23  -  Total Remote Usage
		Usr 0 00:00:00, Sys 0 00:00:00  -  Total Local Usage
	28033  -  Run Bytes Sent By Job
	19118  -  Run Bytes Received By Job
	28033  -  Total Bytes Sent By Job
	19118  -  Total Bytes Received By Job
	Partitionable Resources :      Usage  Request Allocated 
	   Cpus                 :       0.35        1         1 
	   Disk (KB)            : 3710176          20   1244057 
	   Memory (MB)          :      67        2000      2000 

	Job terminated of its own accord at 2021-11-01T14:43:27Z.
...
