000 (464365.000.000) 11/01 14:14:30 Job submitted from host: <188.185.121.235:9618?addrs=188.185.121.235-9618+[2001-1458-d00-49--100-36e]-9618&alias=bigbird22.cern.ch&noUDP&sock=schedd_1778_237a>
...
040 (464365.000.000) 11/01 15:44:42 Started transferring input files
	Transferring to host: <188.184.160.18:9618?addrs=188.184.160.18-9618+[2001-1458-301-48--100-c]-9618&alias=b7s09p0522.cern.ch&noUDP&sock=slot1_29_134324_28cf_58640>
...
001 (464365.000.000) 11/01 15:44:42 Job executing on host: <188.184.160.18:9618?addrs=188.184.160.18-9618+[2001-1458-301-48--100-c]-9618&alias=b7s09p0522.cern.ch&noUDP&sock=startd_133117_c4ad>
...
040 (464365.000.000) 11/01 15:44:42 Finished transferring input files
...
006 (464365.000.000) 11/01 15:44:51 Image size of job updated: 625832
	16  -  MemoryUsage of job (MB)
	16260  -  ResidentSetSize of job (KB)
...
006 (464365.000.000) 11/01 15:49:52 Image size of job updated: 791840
	67  -  MemoryUsage of job (MB)
	67764  -  ResidentSetSize of job (KB)
...
040 (464365.000.000) 11/01 16:22:59 Started transferring output files
...
040 (464365.000.000) 11/01 16:23:00 Finished transferring output files
...
005 (464365.000.000) 11/01 16:23:00 Job terminated.
	(1) Normal termination (return value 0)
		Usr 0 00:00:57, Sys 0 00:00:19  -  Run Remote Usage
		Usr 0 00:00:00, Sys 0 00:00:00  -  Run Local Usage
		Usr 0 00:00:57, Sys 0 00:00:19  -  Total Remote Usage
		Usr 0 00:00:00, Sys 0 00:00:00  -  Total Local Usage
	50857  -  Run Bytes Sent By Job
	19118  -  Run Bytes Received By Job
	50857  -  Total Bytes Sent By Job
	19118  -  Total Bytes Received By Job
	Partitionable Resources :      Usage  Request Allocated 
	   Cpus                 :       0.01        1         1 
	   Disk (KB)            : 2752080          20   2810145 
	   Memory (MB)          :      67        2000      2000 

	Job terminated of its own accord at 2021-11-01T15:22:59Z.
...
