000 (461477.000.000) 11/01 07:48:34 Job submitted from host: <188.185.121.235:9618?addrs=188.185.121.235-9618+[2001-1458-d00-49--100-36e]-9618&alias=bigbird22.cern.ch&noUDP&sock=schedd_1778_237a>
...
040 (461477.000.000) 11/01 08:00:27 Started transferring input files
	Transferring to host: <128.142.57.112:9618?addrs=128.142.57.112-9618+[2001-1458-301-7--100-6f]-9618&alias=b7s02p9938.cern.ch&noUDP&sock=slot1_14_3618_f54c_27770>
...
001 (461477.000.000) 11/01 08:00:27 Job executing on host: <128.142.57.112:9618?addrs=128.142.57.112-9618+[2001-1458-301-7--100-6f]-9618&alias=b7s02p9938.cern.ch&noUDP&sock=startd_3568_ee00>
...
040 (461477.000.000) 11/01 08:00:27 Finished transferring input files
...
006 (461477.000.000) 11/01 08:00:35 Image size of job updated: 396436
	38  -  MemoryUsage of job (MB)
	38752  -  ResidentSetSize of job (KB)
...
006 (461477.000.000) 11/01 08:02:14 Image size of job updated: 791808
	38  -  MemoryUsage of job (MB)
	38772  -  ResidentSetSize of job (KB)
...
040 (461477.000.000) 11/01 08:02:14 Started transferring output files
...
040 (461477.000.000) 11/01 08:02:14 Finished transferring output files
...
005 (461477.000.000) 11/01 08:02:14 Job terminated.
	(1) Normal termination (return value 0)
		Usr 0 00:00:07, Sys 0 00:00:04  -  Run Remote Usage
		Usr 0 00:00:00, Sys 0 00:00:00  -  Run Local Usage
		Usr 0 00:00:07, Sys 0 00:00:04  -  Total Remote Usage
		Usr 0 00:00:00, Sys 0 00:00:00  -  Total Local Usage
	23022  -  Run Bytes Sent By Job
	19311  -  Run Bytes Received By Job
	23022  -  Total Bytes Sent By Job
	19311  -  Total Bytes Received By Job
	Partitionable Resources :    Usage  Request Allocated 
	   Cpus                 :                 1         1 
	   Disk (KB)            :   540892       20   1248909 
	   Memory (MB)          :       38     2000      2000 

	Job terminated of its own accord at 2021-11-01T07:02:14Z.
...
