000 (464180.000.000) 11/01 14:10:52 Job submitted from host: <188.185.121.235:9618?addrs=188.185.121.235-9618+[2001-1458-d00-49--100-36e]-9618&alias=bigbird22.cern.ch&noUDP&sock=schedd_1778_237a>
...
040 (464180.000.000) 11/01 15:39:33 Started transferring input files
	Transferring to host: <128.142.58.135:9618?addrs=128.142.58.135-9618+[2001-1458-301-16--100-86]-9618&alias=b7s03p8962.cern.ch&noUDP&sock=slot1_32_3643_92ad_34814>
...
001 (464180.000.000) 11/01 15:39:35 Job executing on host: <128.142.58.135:9618?addrs=128.142.58.135-9618+[2001-1458-301-16--100-86]-9618&alias=b7s03p8962.cern.ch&noUDP&sock=startd_3102_4ade>
...
040 (464180.000.000) 11/01 15:39:35 Finished transferring input files
...
006 (464180.000.000) 11/01 15:39:43 Image size of job updated: 625828
	19  -  MemoryUsage of job (MB)
	19016  -  ResidentSetSize of job (KB)
...
006 (464180.000.000) 11/01 15:42:06 Image size of job updated: 791836
	19  -  MemoryUsage of job (MB)
	19016  -  ResidentSetSize of job (KB)
...
040 (464180.000.000) 11/01 15:42:07 Started transferring output files
...
040 (464180.000.000) 11/01 15:42:10 Finished transferring output files
...
005 (464180.000.000) 11/01 15:42:10 Job terminated.
	(1) Normal termination (return value 0)
		Usr 0 00:00:06, Sys 0 00:00:03  -  Run Remote Usage
		Usr 0 00:00:00, Sys 0 00:00:00  -  Run Local Usage
		Usr 0 00:00:06, Sys 0 00:00:03  -  Total Remote Usage
		Usr 0 00:00:00, Sys 0 00:00:00  -  Total Local Usage
	25390  -  Run Bytes Sent By Job
	19118  -  Run Bytes Received By Job
	25390  -  Total Bytes Sent By Job
	19118  -  Total Bytes Received By Job
	Partitionable Resources :    Usage  Request Allocated 
	   Cpus                 :                 1         1 
	   Disk (KB)            :   540983       20   1280989 
	   Memory (MB)          :       19     2000      2000 

	Job terminated of its own accord at 2021-11-01T14:42:06Z.
...
