000 (464440.000.000) 11/01 14:16:00 Job submitted from host: <188.185.121.235:9618?addrs=188.185.121.235-9618+[2001-1458-d00-49--100-36e]-9618&alias=bigbird22.cern.ch&noUDP&sock=schedd_1778_237a>
...
040 (464440.000.000) 11/01 15:51:09 Started transferring input files
	Transferring to host: <128.142.58.135:9618?addrs=128.142.58.135-9618+[2001-1458-301-16--100-86]-9618&alias=b7s03p8962.cern.ch&noUDP&sock=slot1_10_3643_92ad_34858>
...
001 (464440.000.000) 11/01 15:51:10 Job executing on host: <128.142.58.135:9618?addrs=128.142.58.135-9618+[2001-1458-301-16--100-86]-9618&alias=b7s03p8962.cern.ch&noUDP&sock=startd_3102_4ade>
...
040 (464440.000.000) 11/01 15:51:10 Finished transferring input files
...
006 (464440.000.000) 11/01 15:51:18 Image size of job updated: 625828
	35  -  MemoryUsage of job (MB)
	35572  -  ResidentSetSize of job (KB)
...
006 (464440.000.000) 11/01 15:56:18 Image size of job updated: 791828
	67  -  MemoryUsage of job (MB)
	67760  -  ResidentSetSize of job (KB)
...
040 (464440.000.000) 11/01 16:28:50 Started transferring output files
...
040 (464440.000.000) 11/01 16:28:51 Finished transferring output files
...
005 (464440.000.000) 11/01 16:28:51 Job terminated.
	(1) Normal termination (return value 0)
		Usr 0 00:00:37, Sys 0 00:00:14  -  Run Remote Usage
		Usr 0 00:00:00, Sys 0 00:00:00  -  Run Local Usage
		Usr 0 00:00:37, Sys 0 00:00:14  -  Total Remote Usage
		Usr 0 00:00:00, Sys 0 00:00:00  -  Total Local Usage
	50872  -  Run Bytes Sent By Job
	19118  -  Run Bytes Received By Job
	50872  -  Total Bytes Sent By Job
	19118  -  Total Bytes Received By Job
	Partitionable Resources :      Usage  Request Allocated 
	   Cpus                 :       0.01        1         1 
	   Disk (KB)            : 2758962          20   3791832 
	   Memory (MB)          :      67        2000      2000 

	Job terminated of its own accord at 2021-11-01T15:28:50Z.
...
