000 (464433.000.000) 11/01 14:15:46 Job submitted from host: <188.185.121.235:9618?addrs=188.185.121.235-9618+[2001-1458-d00-49--100-36e]-9618&alias=bigbird22.cern.ch&noUDP&sock=schedd_1778_237a>
...
040 (464433.000.000) 11/01 15:50:33 Started transferring input files
	Transferring to host: <128.142.58.135:9618?addrs=128.142.58.135-9618+[2001-1458-301-16--100-86]-9618&alias=b7s03p8962.cern.ch&noUDP&sock=slot1_25_3643_92ad_34857>
...
001 (464433.000.000) 11/01 15:50:33 Job executing on host: <128.142.58.135:9618?addrs=128.142.58.135-9618+[2001-1458-301-16--100-86]-9618&alias=b7s03p8962.cern.ch&noUDP&sock=startd_3102_4ade>
...
040 (464433.000.000) 11/01 15:50:33 Finished transferring input files
...
006 (464433.000.000) 11/01 15:50:42 Image size of job updated: 10108
	10  -  MemoryUsage of job (MB)
	10108  -  ResidentSetSize of job (KB)
...
006 (464433.000.000) 11/01 15:55:42 Image size of job updated: 791836
	67  -  MemoryUsage of job (MB)
	67760  -  ResidentSetSize of job (KB)
...
040 (464433.000.000) 11/01 16:38:27 Started transferring output files
...
040 (464433.000.000) 11/01 16:38:27 Finished transferring output files
...
005 (464433.000.000) 11/01 16:38:27 Job terminated.
	(1) Normal termination (return value 0)
		Usr 0 00:00:37, Sys 0 00:00:12  -  Run Remote Usage
		Usr 0 00:00:00, Sys 0 00:00:00  -  Run Local Usage
		Usr 0 00:00:37, Sys 0 00:00:12  -  Total Remote Usage
		Usr 0 00:00:00, Sys 0 00:00:00  -  Total Local Usage
	50934  -  Run Bytes Sent By Job
	19118  -  Run Bytes Received By Job
	50934  -  Total Bytes Sent By Job
	19118  -  Total Bytes Received By Job
	Partitionable Resources :      Usage  Request Allocated 
	   Cpus                 :       0.01        1         1 
	   Disk (KB)            : 2758750          20   1265155 
	   Memory (MB)          :      67        2000      2000 

	Job terminated of its own accord at 2021-11-01T15:38:27Z.
...
