000 (461495.000.000) 11/01 07:48:48 Job submitted from host: <188.185.121.235:9618?addrs=188.185.121.235-9618+[2001-1458-d00-49--100-36e]-9618&alias=bigbird22.cern.ch&noUDP&sock=schedd_1778_237a>
...
040 (461495.000.000) 11/01 08:00:33 Started transferring input files
	Transferring to host: <128.142.128.210:9618?addrs=128.142.128.210-9618+[2001-1458-301-10--100-d1]-9618&alias=b7g25p9236.cern.ch&noUDP&sock=slot1_2_10414_5ae1_6924>
...
040 (461495.000.000) 11/01 08:00:33 Finished transferring input files
...
001 (461495.000.000) 11/01 08:00:33 Job executing on host: <128.142.128.210:9618?addrs=128.142.128.210-9618+[2001-1458-301-10--100-d1]-9618&alias=b7g25p9236.cern.ch&noUDP&sock=startd_10373_97fb>
...
006 (461495.000.000) 11/01 08:00:42 Image size of job updated: 18104
	18  -  MemoryUsage of job (MB)
	18104  -  ResidentSetSize of job (KB)
...
006 (461495.000.000) 11/01 08:05:43 Image size of job updated: 791836
	67  -  MemoryUsage of job (MB)
	67756  -  ResidentSetSize of job (KB)
...
040 (461495.000.000) 11/01 08:17:00 Started transferring output files
...
040 (461495.000.000) 11/01 08:17:00 Finished transferring output files
...
005 (461495.000.000) 11/01 08:17:00 Job terminated.
	(1) Normal termination (return value 0)
		Usr 0 00:00:08, Sys 0 00:00:02  -  Run Remote Usage
		Usr 0 00:00:00, Sys 0 00:00:00  -  Run Local Usage
		Usr 0 00:00:08, Sys 0 00:00:02  -  Total Remote Usage
		Usr 0 00:00:00, Sys 0 00:00:00  -  Total Local Usage
	23425  -  Run Bytes Sent By Job
	19311  -  Run Bytes Received By Job
	23425  -  Total Bytes Sent By Job
	19311  -  Total Bytes Received By Job
	Partitionable Resources :     Usage  Request Allocated 
	   Cpus                 :      0.00        1         1 
	   Disk (KB)            : 540993          20   2975898 
	   Memory (MB)          :     67        2000      2000 

	Job terminated of its own accord at 2021-11-01T07:17:00Z.
...
