000 (461566.000.000) 11/01 07:49:48 Job submitted from host: <188.185.121.235:9618?addrs=188.185.121.235-9618+[2001-1458-d00-49--100-36e]-9618&alias=bigbird22.cern.ch&noUDP&sock=schedd_1778_237a>
...
040 (461566.000.000) 11/01 08:01:00 Started transferring input files
	Transferring to host: <128.142.131.54:9618?addrs=128.142.131.54-9618+[2001-1458-301-59--100-2a]-9618&alias=b7g11p2902.cern.ch&noUDP&sock=slot1_29_1213_6b0a_10439>
...
001 (461566.000.000) 11/01 08:01:00 Job executing on host: <128.142.131.54:9618?addrs=128.142.131.54-9618+[2001-1458-301-59--100-2a]-9618&alias=b7g11p2902.cern.ch&noUDP&sock=startd_1659_83b5>
...
040 (461566.000.000) 11/01 08:01:00 Finished transferring input files
...
006 (461566.000.000) 11/01 08:01:09 Image size of job updated: 625828
	23  -  MemoryUsage of job (MB)
	23248  -  ResidentSetSize of job (KB)
...
006 (461566.000.000) 11/01 08:06:09 Image size of job updated: 791820
	67  -  MemoryUsage of job (MB)
	67760  -  ResidentSetSize of job (KB)
...
040 (461566.000.000) 11/01 08:08:11 Started transferring output files
...
040 (461566.000.000) 11/01 08:08:11 Finished transferring output files
...
005 (461566.000.000) 11/01 08:08:11 Job terminated.
	(1) Normal termination (return value 0)
		Usr 0 00:00:15, Sys 0 00:00:03  -  Run Remote Usage
		Usr 0 00:00:00, Sys 0 00:00:00  -  Run Local Usage
		Usr 0 00:00:15, Sys 0 00:00:03  -  Total Remote Usage
		Usr 0 00:00:00, Sys 0 00:00:00  -  Total Local Usage
	23316  -  Run Bytes Sent By Job
	19311  -  Run Bytes Received By Job
	23316  -  Total Bytes Sent By Job
	19311  -  Total Bytes Received By Job
	Partitionable Resources :    Usage  Request Allocated 
	   Cpus                 :                 1         1 
	   Disk (KB)            :   540615       20   1556418 
	   Memory (MB)          :       67     2000      2000 

	Job terminated of its own accord at 2021-11-01T07:08:11Z.
...
