000 (461657.000.000) 11/01 07:51:25 Job submitted from host: <188.185.121.235:9618?addrs=188.185.121.235-9618+[2001-1458-d00-49--100-36e]-9618&alias=bigbird22.cern.ch&noUDP&sock=schedd_1778_237a>
...
040 (461657.000.000) 11/01 08:01:30 Started transferring input files
	Transferring to host: <128.142.34.87:9618?addrs=128.142.34.87-9618&alias=b7g05p0340.cern.ch&noUDP&sock=slot1_22_3564_e90a_64974>
...
040 (461657.000.000) 11/01 08:01:30 Finished transferring input files
...
001 (461657.000.000) 11/01 08:01:30 Job executing on host: <128.142.34.87:9618?addrs=128.142.34.87-9618&alias=b7g05p0340.cern.ch&noUDP&sock=startd_2771_4105>
...
006 (461657.000.000) 11/01 08:01:39 Image size of job updated: 767180
	22  -  MemoryUsage of job (MB)
	22340  -  ResidentSetSize of job (KB)
...
006 (461657.000.000) 11/01 08:06:40 Image size of job updated: 791828
	67  -  MemoryUsage of job (MB)
	67760  -  ResidentSetSize of job (KB)
...
040 (461657.000.000) 11/01 08:31:17 Started transferring output files
...
040 (461657.000.000) 11/01 08:31:17 Finished transferring output files
...
005 (461657.000.000) 11/01 08:31:17 Job terminated.
	(1) Normal termination (return value 0)
		Usr 0 00:01:19, Sys 0 00:00:20  -  Run Remote Usage
		Usr 0 00:00:00, Sys 0 00:00:00  -  Run Local Usage
		Usr 0 00:01:19, Sys 0 00:00:20  -  Total Remote Usage
		Usr 0 00:00:00, Sys 0 00:00:00  -  Total Local Usage
	61057  -  Run Bytes Sent By Job
	19311  -  Run Bytes Received By Job
	61057  -  Total Bytes Sent By Job
	19311  -  Total Bytes Received By Job
	Partitionable Resources :      Usage  Request Allocated 
	   Cpus                 :       0.01        1         1 
	   Disk (KB)            : 3711752          20   1321858 
	   Memory (MB)          :      67        2000      2000 

	Job terminated of its own accord at 2021-11-01T07:31:16Z.
...
