000 (461729.000.000) 11/01 07:52:46 Job submitted from host: <188.185.121.235:9618?addrs=188.185.121.235-9618+[2001-1458-d00-49--100-36e]-9618&alias=bigbird22.cern.ch&noUDP&sock=schedd_1778_237a>
...
040 (461729.000.000) 11/01 08:02:00 Started transferring input files
	Transferring to host: <188.184.164.55:9618?addrs=188.184.164.55-9618+[2001-1458-301-4e--100-31]-9618&alias=b7s13p7043.cern.ch&noUDP&sock=slot1_31_211637_2977_12073>
...
040 (461729.000.000) 11/01 08:02:00 Finished transferring input files
...
001 (461729.000.000) 11/01 08:02:00 Job executing on host: <188.184.164.55:9618?addrs=188.184.164.55-9618+[2001-1458-301-4e--100-31]-9618&alias=b7s13p7043.cern.ch&noUDP&sock=startd_79362_4f36>
...
006 (461729.000.000) 11/01 08:02:09 Image size of job updated: 625832
	11  -  MemoryUsage of job (MB)
	11012  -  ResidentSetSize of job (KB)
...
006 (461729.000.000) 11/01 08:07:10 Image size of job updated: 791840
	53  -  MemoryUsage of job (MB)
	53844  -  ResidentSetSize of job (KB)
...
006 (461729.000.000) 11/01 08:12:11 Image size of job updated: 791840
	67  -  MemoryUsage of job (MB)
	67768  -  ResidentSetSize of job (KB)
...
040 (461729.000.000) 11/01 09:50:47 Started transferring output files
...
040 (461729.000.000) 11/01 09:50:47 Finished transferring output files
...
005 (461729.000.000) 11/01 09:50:47 Job terminated.
	(1) Normal termination (return value 0)
		Usr 0 00:01:23, Sys 0 00:00:13  -  Run Remote Usage
		Usr 0 00:00:00, Sys 0 00:00:00  -  Run Local Usage
		Usr 0 00:01:23, Sys 0 00:00:13  -  Total Remote Usage
		Usr 0 00:00:00, Sys 0 00:00:00  -  Total Local Usage
	50663  -  Run Bytes Sent By Job
	19311  -  Run Bytes Received By Job
	50663  -  Total Bytes Sent By Job
	19311  -  Total Bytes Received By Job
	Partitionable Resources :      Usage  Request Allocated 
	   Cpus                 :       0.01        1         1 
	   Disk (KB)            : 2757747          20   2930095 
	   Memory (MB)          :      67        2000      2000 

	Job terminated of its own accord at 2021-11-01T08:50:47Z.
...
