000 (464520.000.000) 11/01 14:17:03 Job submitted from host: <188.185.121.235:9618?addrs=188.185.121.235-9618+[2001-1458-d00-49--100-36e]-9618&alias=bigbird22.cern.ch&noUDP&sock=schedd_1778_237a>
...
040 (464520.000.000) 11/01 15:55:30 Started transferring input files
	Transferring to host: <188.184.160.196:9618?addrs=188.184.160.196-9618+[2001-1458-301-48--100-be]-9618&alias=b7s09p3713.cern.ch&noUDP&sock=slot1_17_4877_099f_30760>
...
001 (464520.000.000) 11/01 15:55:31 Job executing on host: <188.184.160.196:9618?addrs=188.184.160.196-9618+[2001-1458-301-48--100-be]-9618&alias=b7s09p3713.cern.ch&noUDP&sock=startd_4422_b3e2>
...
040 (464520.000.000) 11/01 15:55:31 Finished transferring input files
...
006 (464520.000.000) 11/01 15:55:39 Image size of job updated: 791820
	67  -  MemoryUsage of job (MB)
	67772  -  ResidentSetSize of job (KB)
...
040 (464520.000.000) 11/01 15:58:01 Started transferring output files
...
040 (464520.000.000) 11/01 15:58:04 Finished transferring output files
...
005 (464520.000.000) 11/01 15:58:05 Job terminated.
	(1) Normal termination (return value 0)
		Usr 0 00:01:10, Sys 0 00:00:18  -  Run Remote Usage
		Usr 0 00:00:00, Sys 0 00:00:00  -  Run Local Usage
		Usr 0 00:01:10, Sys 0 00:00:18  -  Total Remote Usage
		Usr 0 00:00:00, Sys 0 00:00:00  -  Total Local Usage
	28137  -  Run Bytes Sent By Job
	19118  -  Run Bytes Received By Job
	28137  -  Total Bytes Sent By Job
	19118  -  Total Bytes Received By Job
	Partitionable Resources :    Usage  Request Allocated 
	   Cpus                 :                 1         1 
	   Disk (KB)            :  2765861       20   1335294 
	   Memory (MB)          :       67     2000      2000 

	Job terminated of its own accord at 2021-11-01T14:58:01Z.
...
