000 (464247.000.000) 11/01 14:11:50 Job submitted from host: <188.185.121.235:9618?addrs=188.185.121.235-9618+[2001-1458-d00-49--100-36e]-9618&alias=bigbird22.cern.ch&noUDP&sock=schedd_1778_237a>
...
040 (464247.000.000) 11/01 15:40:52 Started transferring input files
	Transferring to host: <188.184.160.196:9618?addrs=188.184.160.196-9618+[2001-1458-301-48--100-be]-9618&alias=b7s09p3713.cern.ch&noUDP&sock=slot1_39_4877_099f_30732>
...
001 (464247.000.000) 11/01 15:40:52 Job executing on host: <188.184.160.196:9618?addrs=188.184.160.196-9618+[2001-1458-301-48--100-be]-9618&alias=b7s09p3713.cern.ch&noUDP&sock=startd_4422_b3e2>
...
040 (464247.000.000) 11/01 15:40:52 Finished transferring input files
...
006 (464247.000.000) 11/01 15:41:01 Image size of job updated: 791836
	67  -  MemoryUsage of job (MB)
	67772  -  ResidentSetSize of job (KB)
...
006 (464247.000.000) 11/01 15:46:02 Image size of job updated: 791836
	133  -  MemoryUsage of job (MB)
	136144  -  ResidentSetSize of job (KB)
...
040 (464247.000.000) 11/01 15:46:39 Started transferring output files
...
040 (464247.000.000) 11/01 15:46:43 Finished transferring output files
...
005 (464247.000.000) 11/01 15:46:43 Job terminated.
	(1) Normal termination (return value 0)
		Usr 0 00:01:49, Sys 0 00:00:26  -  Run Remote Usage
		Usr 0 00:00:00, Sys 0 00:00:00  -  Run Local Usage
		Usr 0 00:01:49, Sys 0 00:00:26  -  Total Remote Usage
		Usr 0 00:00:00, Sys 0 00:00:00  -  Total Local Usage
	41706  -  Run Bytes Sent By Job
	19118  -  Run Bytes Received By Job
	41706  -  Total Bytes Sent By Job
	19118  -  Total Bytes Received By Job
	Partitionable Resources :      Usage  Request Allocated 
	   Cpus                 :       1.00        1         1 
	   Disk (KB)            : 3711575          20   1432806 
	   Memory (MB)          :     133        2000      2000 

	Job terminated of its own accord at 2021-11-01T14:46:39Z.
...
