000 (461616.000.000) 11/01 07:50:52 Job submitted from host: <188.185.121.235:9618?addrs=188.185.121.235-9618+[2001-1458-d00-49--100-36e]-9618&alias=bigbird22.cern.ch&noUDP&sock=schedd_1778_237a>
...
040 (461616.000.000) 11/01 08:01:14 Started transferring input files
	Transferring to host: <188.184.163.78:9618?addrs=188.184.163.78-9618+[2001-1458-301-4d--100-48]-9618&alias=b7s12p9878.cern.ch&noUDP&sock=slot1_10_7910_0f7b_14205>
...
040 (461616.000.000) 11/01 08:01:14 Finished transferring input files
...
001 (461616.000.000) 11/01 08:01:14 Job executing on host: <188.184.163.78:9618?addrs=188.184.163.78-9618+[2001-1458-301-4d--100-48]-9618&alias=b7s12p9878.cern.ch&noUDP&sock=startd_6374_9cc0>
...
006 (461616.000.000) 11/01 08:01:23 Image size of job updated: 17276
	17  -  MemoryUsage of job (MB)
	17228  -  ResidentSetSize of job (KB)
...
006 (461616.000.000) 11/01 08:06:24 Image size of job updated: 791832
	67  -  MemoryUsage of job (MB)
	67768  -  ResidentSetSize of job (KB)
...
006 (461616.000.000) 11/01 09:56:37 Image size of job updated: 791832
	130  -  MemoryUsage of job (MB)
	132336  -  ResidentSetSize of job (KB)
...
040 (461616.000.000) 11/01 09:58:30 Started transferring output files
...
040 (461616.000.000) 11/01 09:58:31 Finished transferring output files
...
005 (461616.000.000) 11/01 09:58:31 Job terminated.
	(1) Normal termination (return value 0)
		Usr 0 00:02:27, Sys 0 00:00:19  -  Run Remote Usage
		Usr 0 00:00:00, Sys 0 00:00:00  -  Run Local Usage
		Usr 0 00:02:27, Sys 0 00:00:19  -  Total Remote Usage
		Usr 0 00:00:00, Sys 0 00:00:00  -  Total Local Usage
	61370  -  Run Bytes Sent By Job
	19311  -  Run Bytes Received By Job
	61370  -  Total Bytes Sent By Job
	19311  -  Total Bytes Received By Job
	Partitionable Resources :      Usage  Request Allocated 
	   Cpus                 :       0.98        1         1 
	   Disk (KB)            : 3710448          20   2934031 
	   Memory (MB)          :     130        2000      2000 

	Job terminated of its own accord at 2021-11-01T08:58:30Z.
...
