000 (461482.000.000) 11/01 07:48:37 Job submitted from host: <188.185.121.235:9618?addrs=188.185.121.235-9618+[2001-1458-d00-49--100-36e]-9618&alias=bigbird22.cern.ch&noUDP&sock=schedd_1778_237a>
...
022 (461482.000.000) 11/01 08:00:49 Job disconnected, attempting to reconnect
    Socket between submit and execute hosts closed unexpectedly
    Trying to reconnect to slot1_3@b7s09p8227.cern.ch <188.184.160.76:9618?addrs=188.184.160.76-9618+[2001-1458-301-48--100-46]-9618&alias=b7s09p8227.cern.ch&noUDP&sock=startd_71456_7376>
...
024 (461482.000.000) 11/01 08:00:49 Job reconnection failed
    Job not found at execution machine
    Can not reconnect to slot1_3@b7s09p8227.cern.ch, rescheduling job
...
040 (461482.000.000) 11/01 08:05:05 Started transferring input files
	Transferring to host: <128.142.63.15:9618?addrs=128.142.63.15-9618+[2001-1458-301-38--100-c]-9618&alias=b7s08p1872.cern.ch&noUDP&sock=slot1_3_4559_fa52_39102>
...
001 (461482.000.000) 11/01 08:05:06 Job executing on host: <128.142.63.15:9618?addrs=128.142.63.15-9618+[2001-1458-301-38--100-c]-9618&alias=b7s08p1872.cern.ch&noUDP&sock=startd_4489_a8ba>
...
040 (461482.000.000) 11/01 08:05:06 Finished transferring input files
...
006 (461482.000.000) 11/01 08:05:14 Image size of job updated: 625828
	4  -  MemoryUsage of job (MB)
	4008  -  ResidentSetSize of job (KB)
...
006 (461482.000.000) 11/01 08:10:14 Image size of job updated: 791836
	67  -  MemoryUsage of job (MB)
	67768  -  ResidentSetSize of job (KB)
...
040 (461482.000.000) 11/01 08:23:39 Started transferring output files
...
040 (461482.000.000) 11/01 08:23:39 Finished transferring output files
...
005 (461482.000.000) 11/01 08:23:40 Job terminated.
	(1) Normal termination (return value 0)
		Usr 0 00:00:07, Sys 0 00:00:03  -  Run Remote Usage
		Usr 0 00:00:00, Sys 0 00:00:00  -  Run Local Usage
		Usr 0 00:00:07, Sys 0 00:00:03  -  Total Remote Usage
		Usr 0 00:00:00, Sys 0 00:00:00  -  Total Local Usage
	23470  -  Run Bytes Sent By Job
	19311  -  Run Bytes Received By Job
	23470  -  Total Bytes Sent By Job
	19311  -  Total Bytes Received By Job
	Partitionable Resources :     Usage  Request Allocated 
	   Cpus                 :      0.00        1         1 
	   Disk (KB)            : 541049          20   1298345 
	   Memory (MB)          :     67        2000      2000 

	Job terminated of its own accord at 2021-11-01T07:23:39Z.
...
