000 (461463.000.000) 11/01 07:48:17 Job submitted from host: <188.185.121.235:9618?addrs=188.185.121.235-9618+[2001-1458-d00-49--100-36e]-9618&alias=bigbird22.cern.ch&noUDP&sock=schedd_1778_237a>
...
022 (461463.000.000) 11/01 08:00:41 Job disconnected, attempting to reconnect
    Socket between submit and execute hosts closed unexpectedly
    Trying to reconnect to slot1_5@b7g12p9977.cern.ch <128.142.132.114:9618?addrs=128.142.132.114-9618+[2001-1458-301-5a--100-66]-9618&alias=b7g12p9977.cern.ch&noUDP&sock=startd_2672_5925>
...
024 (461463.000.000) 11/01 08:00:41 Job reconnection failed
    Job not found at execution machine
    Can not reconnect to slot1_5@b7g12p9977.cern.ch, rescheduling job
...
040 (461463.000.000) 11/01 08:05:01 Started transferring input files
	Transferring to host: <128.142.58.46:9618?addrs=128.142.58.46-9618+[2001-1458-301-16--100-2d]-9618&alias=b7s03p2618.cern.ch&noUDP&sock=slot1_16_3678_3bcf_27523>
...
040 (461463.000.000) 11/01 08:05:01 Finished transferring input files
...
001 (461463.000.000) 11/01 08:05:01 Job executing on host: <128.142.58.46:9618?addrs=128.142.58.46-9618+[2001-1458-301-16--100-2d]-9618&alias=b7s03p2618.cern.ch&noUDP&sock=startd_3611_6c93>
...
006 (461463.000.000) 11/01 08:05:10 Image size of job updated: 625828
	7  -  MemoryUsage of job (MB)
	6168  -  ResidentSetSize of job (KB)
...
006 (461463.000.000) 11/01 08:10:11 Image size of job updated: 791836
	67  -  MemoryUsage of job (MB)
	67756  -  ResidentSetSize of job (KB)
...
040 (461463.000.000) 11/01 08:11:29 Started transferring output files
...
040 (461463.000.000) 11/01 08:11:29 Finished transferring output files
...
005 (461463.000.000) 11/01 08:11:29 Job terminated.
	(1) Normal termination (return value 0)
		Usr 0 00:00:08, Sys 0 00:00:02  -  Run Remote Usage
		Usr 0 00:00:00, Sys 0 00:00:00  -  Run Local Usage
		Usr 0 00:00:08, Sys 0 00:00:02  -  Total Remote Usage
		Usr 0 00:00:00, Sys 0 00:00:00  -  Total Local Usage
	23186  -  Run Bytes Sent By Job
	19311  -  Run Bytes Received By Job
	23186  -  Total Bytes Sent By Job
	19311  -  Total Bytes Received By Job
	Partitionable Resources :     Usage  Request Allocated 
	   Cpus                 :      0.01        1         1 
	   Disk (KB)            : 540996          20   1254720 
	   Memory (MB)          :     67        2000      2000 

	Job terminated of its own accord at 2021-11-01T07:11:28Z.
...
