000 (464311.000.000) 11/01 14:12:57 Job submitted from host: <188.185.121.235:9618?addrs=188.185.121.235-9618+[2001-1458-d00-49--100-36e]-9618&alias=bigbird22.cern.ch&noUDP&sock=schedd_1778_237a>
...
040 (464311.000.000) 11/01 15:41:46 Started transferring input files
	Transferring to host: <128.142.60.148:9618?addrs=128.142.60.148-9618+[2001-1458-301-22--100-93]-9618&alias=b7s05p6570.cern.ch&noUDP&sock=slot1_46_3706_f650_40696>
...
001 (464311.000.000) 11/01 15:41:46 Job executing on host: <128.142.60.148:9618?addrs=128.142.60.148-9618+[2001-1458-301-22--100-93]-9618&alias=b7s05p6570.cern.ch&noUDP&sock=startd_3642_b003>
...
040 (464311.000.000) 11/01 15:41:46 Finished transferring input files
...
006 (464311.000.000) 11/01 15:41:55 Image size of job updated: 791812
	67  -  MemoryUsage of job (MB)
	67756  -  ResidentSetSize of job (KB)
...
040 (464311.000.000) 11/01 15:45:16 Started transferring output files
...
040 (464311.000.000) 11/01 15:45:20 Finished transferring output files
...
005 (464311.000.000) 11/01 15:45:21 Job terminated.
	(1) Normal termination (return value 0)
		Usr 0 00:01:06, Sys 0 00:00:27  -  Run Remote Usage
		Usr 0 00:00:00, Sys 0 00:00:00  -  Run Local Usage
		Usr 0 00:01:06, Sys 0 00:00:27  -  Total Remote Usage
		Usr 0 00:00:00, Sys 0 00:00:00  -  Total Local Usage
	33621  -  Run Bytes Sent By Job
	19118  -  Run Bytes Received By Job
	33621  -  Total Bytes Sent By Job
	19118  -  Total Bytes Received By Job
	Partitionable Resources :      Usage  Request Allocated 
	   Cpus                 :       0.22        1         1 
	   Disk (KB)            : 3708854          20   1338143 
	   Memory (MB)          :      67        2000      2000 

	Job terminated of its own accord at 2021-11-01T14:45:16Z.
...
