000 (461736.000.000) 11/01 07:52:57 Job submitted from host: <188.185.121.235:9618?addrs=188.185.121.235-9618+[2001-1458-d00-49--100-36e]-9618&alias=bigbird22.cern.ch&noUDP&sock=schedd_1778_237a>
...
040 (461736.000.000) 11/01 08:02:04 Started transferring input files
	Transferring to host: <128.142.130.29:9618?addrs=128.142.130.29-9618+[2001-1458-301-58--100-11]-9618&alias=b7g20p5862.cern.ch&noUDP&sock=slot1_24_21176_2856_4361>
...
040 (461736.000.000) 11/01 08:02:04 Finished transferring input files
...
001 (461736.000.000) 11/01 08:02:04 Job executing on host: <128.142.130.29:9618?addrs=128.142.130.29-9618+[2001-1458-301-58--100-11]-9618&alias=b7g20p5862.cern.ch&noUDP&sock=startd_21133_0f07>
...
006 (461736.000.000) 11/01 08:02:13 Image size of job updated: 54744
	54  -  MemoryUsage of job (MB)
	54744  -  ResidentSetSize of job (KB)
...
006 (461736.000.000) 11/01 08:07:14 Image size of job updated: 791808
	67  -  MemoryUsage of job (MB)
	67764  -  ResidentSetSize of job (KB)
...
040 (461736.000.000) 11/01 08:09:01 Started transferring output files
...
040 (461736.000.000) 11/01 08:09:01 Finished transferring output files
...
005 (461736.000.000) 11/01 08:09:01 Job terminated.
	(1) Normal termination (return value 0)
		Usr 0 00:01:22, Sys 0 00:00:22  -  Run Remote Usage
		Usr 0 00:00:00, Sys 0 00:00:00  -  Run Local Usage
		Usr 0 00:01:22, Sys 0 00:00:22  -  Total Remote Usage
		Usr 0 00:00:00, Sys 0 00:00:00  -  Total Local Usage
	47824  -  Run Bytes Sent By Job
	19311  -  Run Bytes Received By Job
	47824  -  Total Bytes Sent By Job
	19311  -  Total Bytes Received By Job
	Partitionable Resources :      Usage  Request Allocated 
	   Cpus                 :       0.07        1         1 
	   Disk (KB)            : 2758749          20   1629628 
	   Memory (MB)          :      67        2000      2000 

	Job terminated of its own accord at 2021-11-01T07:09:01Z.
...
