000 (464374.000.000) 11/01 14:14:37 Job submitted from host: <188.185.121.235:9618?addrs=188.185.121.235-9618+[2001-1458-d00-49--100-36e]-9618&alias=bigbird22.cern.ch&noUDP&sock=schedd_1778_237a>
...
040 (464374.000.000) 11/01 15:45:18 Started transferring input files
	Transferring to host: <128.142.60.148:9618?addrs=128.142.60.148-9618+[2001-1458-301-22--100-93]-9618&alias=b7s05p6570.cern.ch&noUDP&sock=slot1_47_3706_f650_40704>
...
001 (464374.000.000) 11/01 15:45:19 Job executing on host: <128.142.60.148:9618?addrs=128.142.60.148-9618+[2001-1458-301-22--100-93]-9618&alias=b7s05p6570.cern.ch&noUDP&sock=startd_3642_b003>
...
040 (464374.000.000) 11/01 15:45:19 Finished transferring input files
...
006 (464374.000.000) 11/01 15:45:27 Image size of job updated: 625828
	22  -  MemoryUsage of job (MB)
	22332  -  ResidentSetSize of job (KB)
...
006 (464374.000.000) 11/01 15:50:27 Image size of job updated: 791836
	67  -  MemoryUsage of job (MB)
	67756  -  ResidentSetSize of job (KB)
...
006 (464374.000.000) 11/01 16:05:29 Image size of job updated: 791836
	104  -  MemoryUsage of job (MB)
	106196  -  ResidentSetSize of job (KB)
...
040 (464374.000.000) 11/01 16:05:48 Started transferring output files
...
040 (464374.000.000) 11/01 16:05:51 Finished transferring output files
...
005 (464374.000.000) 11/01 16:05:52 Job terminated.
	(1) Normal termination (return value 0)
		Usr 0 00:00:37, Sys 0 00:00:15  -  Run Remote Usage
		Usr 0 00:00:00, Sys 0 00:00:00  -  Run Local Usage
		Usr 0 00:00:37, Sys 0 00:00:15  -  Total Remote Usage
		Usr 0 00:00:00, Sys 0 00:00:00  -  Total Local Usage
	50935  -  Run Bytes Sent By Job
	19118  -  Run Bytes Received By Job
	50935  -  Total Bytes Sent By Job
	19118  -  Total Bytes Received By Job
	Partitionable Resources :      Usage  Request Allocated 
	   Cpus                 :       0.01        1         1 
	   Disk (KB)            : 2758811          20   1328154 
	   Memory (MB)          :     104        2000      2000 

	Job terminated of its own accord at 2021-11-01T15:05:48Z.
...
