000 (461456.000.000) 11/01 07:48:10 Job submitted from host: <188.185.121.235:9618?addrs=188.185.121.235-9618+[2001-1458-d00-49--100-36e]-9618&alias=bigbird22.cern.ch&noUDP&sock=schedd_1778_237a>
...
040 (461456.000.000) 11/01 08:00:19 Started transferring input files
	Transferring to host: <128.142.60.67:9618?addrs=128.142.60.67-9618+[2001-1458-301-22--100-42]-9618&alias=b7s05p0896.cern.ch&noUDP&sock=slot1_1_8458_2d11_33727>
...
040 (461456.000.000) 11/01 08:00:19 Finished transferring input files
...
001 (461456.000.000) 11/01 08:00:19 Job executing on host: <128.142.60.67:9618?addrs=128.142.60.67-9618+[2001-1458-301-22--100-42]-9618&alias=b7s05p0896.cern.ch&noUDP&sock=startd_7285_7b87>
...
006 (461456.000.000) 11/01 08:00:28 Image size of job updated: 791836
	39  -  MemoryUsage of job (MB)
	39856  -  ResidentSetSize of job (KB)
...
006 (461456.000.000) 11/01 08:01:19 Image size of job updated: 791836
	39  -  MemoryUsage of job (MB)
	39908  -  ResidentSetSize of job (KB)
...
040 (461456.000.000) 11/01 08:01:19 Started transferring output files
...
040 (461456.000.000) 11/01 08:01:19 Finished transferring output files
...
005 (461456.000.000) 11/01 08:01:19 Job terminated.
	(1) Normal termination (return value 0)
		Usr 0 00:00:08, Sys 0 00:00:03  -  Run Remote Usage
		Usr 0 00:00:00, Sys 0 00:00:00  -  Run Local Usage
		Usr 0 00:00:08, Sys 0 00:00:03  -  Total Remote Usage
		Usr 0 00:00:00, Sys 0 00:00:00  -  Total Local Usage
	21950  -  Run Bytes Sent By Job
	19311  -  Run Bytes Received By Job
	21950  -  Total Bytes Sent By Job
	19311  -  Total Bytes Received By Job
	Partitionable Resources :    Usage  Request Allocated 
	   Cpus                 :                 1         1 
	   Disk (KB)            :   540988       20   1296015 
	   Memory (MB)          :       39     2000      2000 

	Job terminated of its own accord at 2021-11-01T07:01:19Z.
...
