000 (461686.000.000) 11/01 07:51:55 Job submitted from host: <188.185.121.235:9618?addrs=188.185.121.235-9618+[2001-1458-d00-49--100-36e]-9618&alias=bigbird22.cern.ch&noUDP&sock=schedd_1778_237a>
...
040 (461686.000.000) 11/01 08:01:41 Started transferring input files
	Transferring to host: <188.184.165.16:9618?addrs=188.184.165.16-9618+[2001-1458-301-51--100-b]-9618&alias=b7s14p2860.cern.ch&noUDP&sock=slot1_17_197289_b2b0_11670>
...
040 (461686.000.000) 11/01 08:01:41 Finished transferring input files
...
001 (461686.000.000) 11/01 08:01:41 Job executing on host: <188.184.165.16:9618?addrs=188.184.165.16-9618+[2001-1458-301-51--100-b]-9618&alias=b7s14p2860.cern.ch&noUDP&sock=startd_197245_3e0a>
...
006 (461686.000.000) 11/01 08:01:50 Image size of job updated: 625828
	13  -  MemoryUsage of job (MB)
	12964  -  ResidentSetSize of job (KB)
...
006 (461686.000.000) 11/01 08:06:51 Image size of job updated: 791836
	67  -  MemoryUsage of job (MB)
	67764  -  ResidentSetSize of job (KB)
...
006 (461686.000.000) 11/01 09:57:01 Image size of job updated: 791836
	104  -  MemoryUsage of job (MB)
	106428  -  ResidentSetSize of job (KB)
...
040 (461686.000.000) 11/01 09:59:07 Started transferring output files
...
040 (461686.000.000) 11/01 09:59:07 Finished transferring output files
...
005 (461686.000.000) 11/01 09:59:07 Job terminated.
	(1) Normal termination (return value 0)
		Usr 0 00:02:13, Sys 0 00:00:20  -  Run Remote Usage
		Usr 0 00:00:00, Sys 0 00:00:00  -  Run Local Usage
		Usr 0 00:02:13, Sys 0 00:00:20  -  Total Remote Usage
		Usr 0 00:00:00, Sys 0 00:00:00  -  Total Local Usage
	61022  -  Run Bytes Sent By Job
	19311  -  Run Bytes Received By Job
	61022  -  Total Bytes Sent By Job
	19311  -  Total Bytes Received By Job
	Partitionable Resources :      Usage  Request Allocated 
	   Cpus                 :       0.01        1         1 
	   Disk (KB)            : 3711744          20   3011218 
	   Memory (MB)          :     104        2000      2000 

	Job terminated of its own accord at 2021-11-01T08:59:07Z.
...
