000 (461600.000.000) 11/01 07:50:26 Job submitted from host: <188.185.121.235:9618?addrs=188.185.121.235-9618+[2001-1458-d00-49--100-36e]-9618&alias=bigbird22.cern.ch&noUDP&sock=schedd_1778_237a>
...
040 (461600.000.000) 11/01 08:01:09 Started transferring input files
	Transferring to host: <128.142.58.46:9618?addrs=128.142.58.46-9618+[2001-1458-301-16--100-2d]-9618&alias=b7s03p2618.cern.ch&noUDP&sock=slot1_20_3678_3bcf_27521>
...
001 (461600.000.000) 11/01 08:01:09 Job executing on host: <128.142.58.46:9618?addrs=128.142.58.46-9618+[2001-1458-301-16--100-2d]-9618&alias=b7s03p2618.cern.ch&noUDP&sock=startd_3611_6c93>
...
040 (461600.000.000) 11/01 08:01:09 Finished transferring input files
...
006 (461600.000.000) 11/01 08:01:17 Image size of job updated: 11884
	12  -  MemoryUsage of job (MB)
	11884  -  ResidentSetSize of job (KB)
...
006 (461600.000.000) 11/01 08:06:17 Image size of job updated: 791836
	67  -  MemoryUsage of job (MB)
	67756  -  ResidentSetSize of job (KB)
...
040 (461600.000.000) 11/01 09:58:10 Started transferring output files
...
040 (461600.000.000) 11/01 09:58:10 Finished transferring output files
...
005 (461600.000.000) 11/01 09:58:10 Job terminated.
	(1) Normal termination (return value 0)
		Usr 0 00:01:27, Sys 0 00:00:18  -  Run Remote Usage
		Usr 0 00:00:00, Sys 0 00:00:00  -  Run Local Usage
		Usr 0 00:01:27, Sys 0 00:00:18  -  Total Remote Usage
		Usr 0 00:00:00, Sys 0 00:00:00  -  Total Local Usage
	61031  -  Run Bytes Sent By Job
	19311  -  Run Bytes Received By Job
	61031  -  Total Bytes Sent By Job
	19311  -  Total Bytes Received By Job
	Partitionable Resources :      Usage  Request Allocated 
	   Cpus                 :       0.00        1         1 
	   Disk (KB)            : 3712279          20   1255008 
	   Memory (MB)          :      67        2000      2000 

	Job terminated of its own accord at 2021-11-01T08:58:10Z.
...
