000 (461783.000.000) 11/01 07:54:00 Job submitted from host: <188.185.121.235:9618?addrs=188.185.121.235-9618+[2001-1458-d00-49--100-36e]-9618&alias=bigbird22.cern.ch&noUDP&sock=schedd_1778_237a>
...
040 (461783.000.000) 11/01 08:02:23 Started transferring input files
	Transferring to host: <128.142.61.121:9618?addrs=128.142.61.121-9618+[2001-1458-301-23--100-78]-9618&alias=b7s06p0214.cern.ch&noUDP&sock=slot1_49_3686_decf_32456>
...
040 (461783.000.000) 11/01 08:02:23 Finished transferring input files
...
001 (461783.000.000) 11/01 08:02:23 Job executing on host: <128.142.61.121:9618?addrs=128.142.61.121-9618+[2001-1458-301-23--100-78]-9618&alias=b7s06p0214.cern.ch&noUDP&sock=startd_3618_39bd>
...
006 (461783.000.000) 11/01 08:02:32 Image size of job updated: 10688
	11  -  MemoryUsage of job (MB)
	10688  -  ResidentSetSize of job (KB)
...
006 (461783.000.000) 11/01 08:07:33 Image size of job updated: 791836
	67  -  MemoryUsage of job (MB)
	67760  -  ResidentSetSize of job (KB)
...
040 (461783.000.000) 11/01 08:31:16 Started transferring output files
...
040 (461783.000.000) 11/01 08:31:17 Finished transferring output files
...
005 (461783.000.000) 11/01 08:31:17 Job terminated.
	(1) Normal termination (return value 0)
		Usr 0 00:00:50, Sys 0 00:00:14  -  Run Remote Usage
		Usr 0 00:00:00, Sys 0 00:00:00  -  Run Local Usage
		Usr 0 00:00:50, Sys 0 00:00:14  -  Total Remote Usage
		Usr 0 00:00:00, Sys 0 00:00:00  -  Total Local Usage
	51074  -  Run Bytes Sent By Job
	19311  -  Run Bytes Received By Job
	51074  -  Total Bytes Sent By Job
	19311  -  Total Bytes Received By Job
	Partitionable Resources :      Usage  Request Allocated 
	   Cpus                 :       0.02        1         1 
	   Disk (KB)            : 2765891          20   1277325 
	   Memory (MB)          :      67        2000      2000 

	Job terminated of its own accord at 2021-11-01T07:31:16Z.
...
