000 (464345.000.000) 11/01 14:14:09 Job submitted from host: <188.185.121.235:9618?addrs=188.185.121.235-9618+[2001-1458-d00-49--100-36e]-9618&alias=bigbird22.cern.ch&noUDP&sock=schedd_1778_237a>
...
040 (464345.000.000) 11/01 15:43:30 Started transferring input files
	Transferring to host: <128.142.60.148:9618?addrs=128.142.60.148-9618+[2001-1458-301-22--100-93]-9618&alias=b7s05p6570.cern.ch&noUDP&sock=slot1_43_3706_f650_40702>
...
001 (464345.000.000) 11/01 15:43:30 Job executing on host: <128.142.60.148:9618?addrs=128.142.60.148-9618+[2001-1458-301-22--100-93]-9618&alias=b7s05p6570.cern.ch&noUDP&sock=startd_3642_b003>
...
040 (464345.000.000) 11/01 15:43:30 Finished transferring input files
...
006 (464345.000.000) 11/01 15:43:39 Image size of job updated: 791828
	36  -  MemoryUsage of job (MB)
	36284  -  ResidentSetSize of job (KB)
...
006 (464345.000.000) 11/01 15:48:40 Image size of job updated: 791828
	67  -  MemoryUsage of job (MB)
	67760  -  ResidentSetSize of job (KB)
...
040 (464345.000.000) 11/01 15:53:24 Started transferring output files
...
040 (464345.000.000) 11/01 15:53:29 Finished transferring output files
...
005 (464345.000.000) 11/01 15:53:30 Job terminated.
	(1) Normal termination (return value 0)
		Usr 0 00:01:01, Sys 0 00:00:28  -  Run Remote Usage
		Usr 0 00:00:00, Sys 0 00:00:00  -  Run Local Usage
		Usr 0 00:01:01, Sys 0 00:00:28  -  Total Remote Usage
		Usr 0 00:00:00, Sys 0 00:00:00  -  Total Local Usage
	61232  -  Run Bytes Sent By Job
	19118  -  Run Bytes Received By Job
	61232  -  Total Bytes Sent By Job
	19118  -  Total Bytes Received By Job
	Partitionable Resources :    Usage  Request Allocated 
	   Cpus                 :                 1         1 
	   Disk (KB)            :  3711505       20   1329815 
	   Memory (MB)          :       67     2000      2000 

	Job terminated of its own accord at 2021-11-01T14:53:24Z.
...
