000 (461727.000.000) 11/01 07:52:44 Job submitted from host: <188.185.121.235:9618?addrs=188.185.121.235-9618+[2001-1458-d00-49--100-36e]-9618&alias=bigbird22.cern.ch&noUDP&sock=schedd_1778_237a>
...
040 (461727.000.000) 11/01 08:01:58 Started transferring input files
	Transferring to host: <188.184.163.82:9618?addrs=188.184.163.82-9618+[2001-1458-301-4d--100-4c]-9618&alias=b7s12p1046.cern.ch&noUDP&sock=slot1_12_6416_66fe_13808>
...
040 (461727.000.000) 11/01 08:01:58 Finished transferring input files
...
001 (461727.000.000) 11/01 08:01:58 Job executing on host: <188.184.163.82:9618?addrs=188.184.163.82-9618+[2001-1458-301-4d--100-4c]-9618&alias=b7s12p1046.cern.ch&noUDP&sock=startd_5322_071e>
...
006 (461727.000.000) 11/01 08:02:07 Image size of job updated: 28104
	28  -  MemoryUsage of job (MB)
	28104  -  ResidentSetSize of job (KB)
...
006 (461727.000.000) 11/01 08:07:07 Image size of job updated: 791832
	67  -  MemoryUsage of job (MB)
	67764  -  ResidentSetSize of job (KB)
...
040 (461727.000.000) 11/01 08:30:55 Started transferring output files
...
040 (461727.000.000) 11/01 08:30:55 Finished transferring output files
...
005 (461727.000.000) 11/01 08:30:55 Job terminated.
	(1) Normal termination (return value 0)
		Usr 0 00:01:28, Sys 0 00:00:20  -  Run Remote Usage
		Usr 0 00:00:00, Sys 0 00:00:00  -  Run Local Usage
		Usr 0 00:01:28, Sys 0 00:00:20  -  Total Remote Usage
		Usr 0 00:00:00, Sys 0 00:00:00  -  Total Local Usage
	51018  -  Run Bytes Sent By Job
	19311  -  Run Bytes Received By Job
	51018  -  Total Bytes Sent By Job
	19311  -  Total Bytes Received By Job
	Partitionable Resources :      Usage  Request Allocated 
	   Cpus                 :       0.01        1         1 
	   Disk (KB)            : 2758883          20   2993096 
	   Memory (MB)          :      67        2000      2000 

	Job terminated of its own accord at 2021-11-01T07:30:55Z.
...
