000 (461470.000.000) 11/01 07:48:26 Job submitted from host: <188.185.121.235:9618?addrs=188.185.121.235-9618+[2001-1458-d00-49--100-36e]-9618&alias=bigbird22.cern.ch&noUDP&sock=schedd_1778_237a>
...
040 (461470.000.000) 11/01 08:00:24 Started transferring input files
	Transferring to host: <128.142.139.195:9618?addrs=128.142.139.195-9618+[2001-1458-301-60--100-b7]-9618&alias=b7g14p9075.cern.ch&noUDP&sock=slot1_8_13164_fa90_11735>
...
040 (461470.000.000) 11/01 08:00:24 Finished transferring input files
...
001 (461470.000.000) 11/01 08:00:24 Job executing on host: <128.142.139.195:9618?addrs=128.142.139.195-9618+[2001-1458-301-60--100-b7]-9618&alias=b7g14p9075.cern.ch&noUDP&sock=startd_12990_a354>
...
006 (461470.000.000) 11/01 08:00:33 Image size of job updated: 625828
	15  -  MemoryUsage of job (MB)
	14552  -  ResidentSetSize of job (KB)
...
006 (461470.000.000) 11/01 08:05:34 Image size of job updated: 791828
	67  -  MemoryUsage of job (MB)
	67760  -  ResidentSetSize of job (KB)
...
040 (461470.000.000) 11/01 08:14:25 Started transferring output files
...
040 (461470.000.000) 11/01 08:14:25 Finished transferring output files
...
005 (461470.000.000) 11/01 08:14:25 Job terminated.
	(1) Normal termination (return value 0)
		Usr 0 00:00:14, Sys 0 00:00:04  -  Run Remote Usage
		Usr 0 00:00:00, Sys 0 00:00:00  -  Run Local Usage
		Usr 0 00:00:14, Sys 0 00:00:04  -  Total Remote Usage
		Usr 0 00:00:00, Sys 0 00:00:00  -  Total Local Usage
	23457  -  Run Bytes Sent By Job
	19311  -  Run Bytes Received By Job
	23457  -  Total Bytes Sent By Job
	19311  -  Total Bytes Received By Job
	Partitionable Resources :     Usage  Request Allocated 
	   Cpus                 :      0.01        1         1 
	   Disk (KB)            : 540983          20   1376756 
	   Memory (MB)          :     67        2000      2000 

	Job terminated of its own accord at 2021-11-01T07:14:25Z.
...
