000 (461715.000.000) 11/01 07:52:28 Job submitted from host: <188.185.121.235:9618?addrs=188.185.121.235-9618+[2001-1458-d00-49--100-36e]-9618&alias=bigbird22.cern.ch&noUDP&sock=schedd_1778_237a>
...
040 (461715.000.000) 11/01 08:01:54 Started transferring input files
	Transferring to host: <128.142.137.146:9618?addrs=128.142.137.146-9618+[2001-1458-301-5e--100-86]-9618&alias=b7g19p3479.cern.ch&noUDP&sock=slot1_25_6015_dc8e_10489>
...
040 (461715.000.000) 11/01 08:01:54 Finished transferring input files
...
001 (461715.000.000) 11/01 08:01:54 Job executing on host: <128.142.137.146:9618?addrs=128.142.137.146-9618+[2001-1458-301-5e--100-86]-9618&alias=b7g19p3479.cern.ch&noUDP&sock=startd_27705_e771>
...
006 (461715.000.000) 11/01 08:02:03 Image size of job updated: 396440
	6  -  MemoryUsage of job (MB)
	5276  -  ResidentSetSize of job (KB)
...
006 (461715.000.000) 11/01 08:07:04 Image size of job updated: 791840
	67  -  MemoryUsage of job (MB)
	67760  -  ResidentSetSize of job (KB)
...
040 (461715.000.000) 11/01 09:11:04 Started transferring output files
...
040 (461715.000.000) 11/01 09:11:04 Finished transferring output files
...
005 (461715.000.000) 11/01 09:11:04 Job terminated.
	(1) Normal termination (return value 0)
		Usr 0 00:01:32, Sys 0 00:00:23  -  Run Remote Usage
		Usr 0 00:00:00, Sys 0 00:00:00  -  Run Local Usage
		Usr 0 00:01:32, Sys 0 00:00:23  -  Total Remote Usage
		Usr 0 00:00:00, Sys 0 00:00:00  -  Total Local Usage
	51001  -  Run Bytes Sent By Job
	19311  -  Run Bytes Received By Job
	51001  -  Total Bytes Sent By Job
	19311  -  Total Bytes Received By Job
	Partitionable Resources :      Usage  Request Allocated 
	   Cpus                 :       0.00        1         1 
	   Disk (KB)            : 2758764          20   1675622 
	   Memory (MB)          :      67        2000      2000 

	Job terminated of its own accord at 2021-11-01T08:11:04Z.
...
