000 (461500.000.000) 11/01 07:48:51 Job submitted from host: <188.185.121.235:9618?addrs=188.185.121.235-9618+[2001-1458-d00-49--100-36e]-9618&alias=bigbird22.cern.ch&noUDP&sock=schedd_1778_237a>
...
040 (461500.000.000) 11/01 08:00:35 Started transferring input files
	Transferring to host: <128.142.34.92:9618?addrs=128.142.34.92-9618+[2001-1458-301-40--100-19]-9618&alias=b7g05p5780.cern.ch&noUDP&sock=slot1_20_12614_743a_26812>
...
001 (461500.000.000) 11/01 08:00:35 Job executing on host: <128.142.34.92:9618?addrs=128.142.34.92-9618+[2001-1458-301-40--100-19]-9618&alias=b7g05p5780.cern.ch&noUDP&sock=startd_12523_509a>
...
040 (461500.000.000) 11/01 08:00:35 Finished transferring input files
...
006 (461500.000.000) 11/01 08:00:44 Image size of job updated: 396436
	17  -  MemoryUsage of job (MB)
	16904  -  ResidentSetSize of job (KB)
...
006 (461500.000.000) 11/01 08:05:44 Image size of job updated: 791836
	67  -  MemoryUsage of job (MB)
	67756  -  ResidentSetSize of job (KB)
...
040 (461500.000.000) 11/01 08:14:33 Started transferring output files
...
040 (461500.000.000) 11/01 08:14:33 Finished transferring output files
...
005 (461500.000.000) 11/01 08:14:33 Job terminated.
	(1) Normal termination (return value 0)
		Usr 0 00:00:09, Sys 0 00:00:03  -  Run Remote Usage
		Usr 0 00:00:00, Sys 0 00:00:00  -  Run Local Usage
		Usr 0 00:00:09, Sys 0 00:00:03  -  Total Remote Usage
		Usr 0 00:00:00, Sys 0 00:00:00  -  Total Local Usage
	23422  -  Run Bytes Sent By Job
	19311  -  Run Bytes Received By Job
	23422  -  Total Bytes Sent By Job
	19311  -  Total Bytes Received By Job
	Partitionable Resources :     Usage  Request Allocated 
	   Cpus                 :      0.01        1         1 
	   Disk (KB)            : 540995          20   1280120 
	   Memory (MB)          :     67        2000      2000 

	Job terminated of its own accord at 2021-11-01T07:14:33Z.
...
