000 (461506.000.000) 11/01 07:48:56 Job submitted from host: <188.185.121.235:9618?addrs=188.185.121.235-9618+[2001-1458-d00-49--100-36e]-9618&alias=bigbird22.cern.ch&noUDP&sock=schedd_1778_237a>
...
022 (461506.000.000) 11/01 08:00:57 Job disconnected, attempting to reconnect
    Socket between submit and execute hosts closed unexpectedly
    Trying to reconnect to slot1_2@b7s09p8936.cern.ch <188.184.160.66:9618?addrs=188.184.160.66-9618+[2001-1458-301-48--100-3c]-9618&alias=b7s09p8936.cern.ch&noUDP&sock=startd_71503_b069>
...
024 (461506.000.000) 11/01 08:00:57 Job reconnection failed
    Job not found at execution machine
    Can not reconnect to slot1_2@b7s09p8936.cern.ch, rescheduling job
...
040 (461506.000.000) 11/01 08:05:10 Started transferring input files
	Transferring to host: <128.142.60.139:9618?addrs=128.142.60.139-9618+[2001-1458-301-22--100-8a]-9618&alias=b7s05p4599.cern.ch&noUDP&sock=slot1_17_3743_0831_39721>
...
040 (461506.000.000) 11/01 08:05:10 Finished transferring input files
...
001 (461506.000.000) 11/01 08:05:10 Job executing on host: <128.142.60.139:9618?addrs=128.142.60.139-9618+[2001-1458-301-22--100-8a]-9618&alias=b7s05p4599.cern.ch&noUDP&sock=startd_3678_616b>
...
006 (461506.000.000) 11/01 08:05:21 Image size of job updated: 625828
	7  -  MemoryUsage of job (MB)
	6816  -  ResidentSetSize of job (KB)
...
006 (461506.000.000) 11/01 08:10:21 Image size of job updated: 791832
	67  -  MemoryUsage of job (MB)
	67764  -  ResidentSetSize of job (KB)
...
040 (461506.000.000) 11/01 08:14:51 Started transferring output files
...
040 (461506.000.000) 11/01 08:14:51 Finished transferring output files
...
005 (461506.000.000) 11/01 08:14:51 Job terminated.
	(1) Normal termination (return value 0)
		Usr 0 00:00:06, Sys 0 00:00:02  -  Run Remote Usage
		Usr 0 00:00:00, Sys 0 00:00:00  -  Run Local Usage
		Usr 0 00:00:06, Sys 0 00:00:02  -  Total Remote Usage
		Usr 0 00:00:00, Sys 0 00:00:00  -  Total Local Usage
	23456  -  Run Bytes Sent By Job
	19311  -  Run Bytes Received By Job
	23456  -  Total Bytes Sent By Job
	19311  -  Total Bytes Received By Job
	Partitionable Resources :     Usage  Request Allocated 
	   Cpus                 :      0.00        1         1 
	   Disk (KB)            : 540982          20   1301837 
	   Memory (MB)          :     67        2000      2000 

	Job terminated of its own accord at 2021-11-01T07:14:51Z.
...
