000 (461493.000.000) 11/01 07:48:46 Job submitted from host: <188.185.121.235:9618?addrs=188.185.121.235-9618+[2001-1458-d00-49--100-36e]-9618&alias=bigbird22.cern.ch&noUDP&sock=schedd_1778_237a>
...
040 (461493.000.000) 11/01 08:00:33 Started transferring input files
	Transferring to host: <128.142.61.62:9618?addrs=128.142.61.62-9618+[2001-1458-301-23--100-3d]-9618&alias=b7s06p0196.cern.ch&noUDP&sock=slot1_1_3740_eb11_26605>
...
040 (461493.000.000) 11/01 08:00:33 Finished transferring input files
...
001 (461493.000.000) 11/01 08:00:33 Job executing on host: <128.142.61.62:9618?addrs=128.142.61.62-9618+[2001-1458-301-23--100-3d]-9618&alias=b7s06p0196.cern.ch&noUDP&sock=startd_3151_e702>
...
006 (461493.000.000) 11/01 08:00:41 Image size of job updated: 42720
	41  -  MemoryUsage of job (MB)
	41676  -  ResidentSetSize of job (KB)
...
006 (461493.000.000) 11/01 08:01:25 Image size of job updated: 791808
	41  -  MemoryUsage of job (MB)
	41856  -  ResidentSetSize of job (KB)
...
040 (461493.000.000) 11/01 08:01:25 Started transferring output files
...
040 (461493.000.000) 11/01 08:01:25 Finished transferring output files
...
005 (461493.000.000) 11/01 08:01:25 Job terminated.
	(1) Normal termination (return value 0)
		Usr 0 00:00:07, Sys 0 00:00:03  -  Run Remote Usage
		Usr 0 00:00:00, Sys 0 00:00:00  -  Run Local Usage
		Usr 0 00:00:07, Sys 0 00:00:03  -  Total Remote Usage
		Usr 0 00:00:00, Sys 0 00:00:00  -  Total Local Usage
	21366  -  Run Bytes Sent By Job
	19311  -  Run Bytes Received By Job
	21366  -  Total Bytes Sent By Job
	19311  -  Total Bytes Received By Job
	Partitionable Resources :    Usage  Request Allocated 
	   Cpus                 :                 1         1 
	   Disk (KB)            :   540967       20   1287003 
	   Memory (MB)          :       41     2000      2000 

	Job terminated of its own accord at 2021-11-01T07:01:25Z.
...
