000 (461771.000.000) 11/01 07:53:52 Job submitted from host: <188.185.121.235:9618?addrs=188.185.121.235-9618+[2001-1458-d00-49--100-36e]-9618&alias=bigbird22.cern.ch&noUDP&sock=schedd_1778_237a>
...
040 (461771.000.000) 11/01 08:02:18 Started transferring input files
	Transferring to host: <188.184.162.31:9618?addrs=188.184.162.31-9618+[2001-1458-301-4a--100-19]-9618&alias=b7s11p2537.cern.ch&noUDP&sock=slot1_13_4324_6629_25161>
...
001 (461771.000.000) 11/01 08:02:18 Job executing on host: <188.184.162.31:9618?addrs=188.184.162.31-9618+[2001-1458-301-4a--100-19]-9618&alias=b7s11p2537.cern.ch&noUDP&sock=startd_3355_d454>
...
040 (461771.000.000) 11/01 08:02:18 Finished transferring input files
...
006 (461771.000.000) 11/01 08:02:27 Image size of job updated: 625828
	5  -  MemoryUsage of job (MB)
	4752  -  ResidentSetSize of job (KB)
...
006 (461771.000.000) 11/01 08:07:28 Image size of job updated: 791836
	37  -  MemoryUsage of job (MB)
	37704  -  ResidentSetSize of job (KB)
...
006 (461771.000.000) 11/01 08:12:28 Image size of job updated: 791836
	66  -  MemoryUsage of job (MB)
	67000  -  ResidentSetSize of job (KB)
...
006 (461771.000.000) 11/01 08:17:29 Image size of job updated: 791836
	67  -  MemoryUsage of job (MB)
	67768  -  ResidentSetSize of job (KB)
...
006 (461771.000.000) 11/01 09:47:38 Image size of job updated: 791836
	133  -  MemoryUsage of job (MB)
	136084  -  ResidentSetSize of job (KB)
...
040 (461771.000.000) 11/01 09:48:41 Started transferring output files
...
040 (461771.000.000) 11/01 09:48:41 Finished transferring output files
...
005 (461771.000.000) 11/01 09:48:41 Job terminated.
	(1) Normal termination (return value 0)
		Usr 0 00:01:22, Sys 0 00:00:11  -  Run Remote Usage
		Usr 0 00:00:00, Sys 0 00:00:00  -  Run Local Usage
		Usr 0 00:01:22, Sys 0 00:00:11  -  Total Remote Usage
		Usr 0 00:00:00, Sys 0 00:00:00  -  Total Local Usage
	51007  -  Run Bytes Sent By Job
	19311  -  Run Bytes Received By Job
	51007  -  Total Bytes Sent By Job
	19311  -  Total Bytes Received By Job
	Partitionable Resources :      Usage  Request Allocated 
	   Cpus                 :       0.00        1         1 
	   Disk (KB)            : 2758909          20   2954390 
	   Memory (MB)          :     133        2000      2000 

	Job terminated of its own accord at 2021-11-01T08:48:41Z.
...
