000 (461787.000.000) 11/01 07:54:04 Job submitted from host: <188.185.121.235:9618?addrs=188.185.121.235-9618+[2001-1458-d00-49--100-36e]-9618&alias=bigbird22.cern.ch&noUDP&sock=schedd_1778_237a>
...
040 (461787.000.000) 11/01 08:02:24 Started transferring input files
	Transferring to host: <128.142.59.21:9618?addrs=128.142.59.21-9618+[2001-1458-301-21--100-14]-9618&alias=b7s04p1314.cern.ch&noUDP&sock=slot1_27_3591_ef2b_27742>
...
040 (461787.000.000) 11/01 08:02:24 Finished transferring input files
...
001 (461787.000.000) 11/01 08:02:24 Job executing on host: <128.142.59.21:9618?addrs=128.142.59.21-9618+[2001-1458-301-21--100-14]-9618&alias=b7s04p1314.cern.ch&noUDP&sock=startd_3516_4314>
...
006 (461787.000.000) 11/01 08:02:33 Image size of job updated: 7760
	8  -  MemoryUsage of job (MB)
	7760  -  ResidentSetSize of job (KB)
...
006 (461787.000.000) 11/01 08:07:34 Image size of job updated: 791836
	67  -  MemoryUsage of job (MB)
	67756  -  ResidentSetSize of job (KB)
...
040 (461787.000.000) 11/01 08:52:02 Started transferring output files
...
040 (461787.000.000) 11/01 08:52:02 Finished transferring output files
...
005 (461787.000.000) 11/01 08:52:02 Job terminated.
	(1) Normal termination (return value 0)
		Usr 0 00:00:48, Sys 0 00:00:13  -  Run Remote Usage
		Usr 0 00:00:00, Sys 0 00:00:00  -  Run Local Usage
		Usr 0 00:00:48, Sys 0 00:00:13  -  Total Remote Usage
		Usr 0 00:00:00, Sys 0 00:00:00  -  Total Local Usage
	50971  -  Run Bytes Sent By Job
	19311  -  Run Bytes Received By Job
	50971  -  Total Bytes Sent By Job
	19311  -  Total Bytes Received By Job
	Partitionable Resources :      Usage  Request Allocated 
	   Cpus                 :       0.01        1         1 
	   Disk (KB)            : 2755882          20   1255274 
	   Memory (MB)          :      67        2000      2000 

	Job terminated of its own accord at 2021-11-01T07:52:02Z.
...
