000 (461502.000.000) 11/01 07:48:53 Job submitted from host: <188.185.121.235:9618?addrs=188.185.121.235-9618+[2001-1458-d00-49--100-36e]-9618&alias=bigbird22.cern.ch&noUDP&sock=schedd_1778_237a>
...
040 (461502.000.000) 11/01 08:00:35 Started transferring input files
	Transferring to host: <128.142.60.140:9618?addrs=128.142.60.140-9618+[2001-1458-301-22--100-8b]-9618&alias=b7s05p0326.cern.ch&noUDP&sock=slot1_5_3660_8d0e_32252>
...
001 (461502.000.000) 11/01 08:00:35 Job executing on host: <128.142.60.140:9618?addrs=128.142.60.140-9618+[2001-1458-301-22--100-8b]-9618&alias=b7s05p0326.cern.ch&noUDP&sock=startd_3590_0516>
...
040 (461502.000.000) 11/01 08:00:35 Finished transferring input files
...
006 (461502.000.000) 11/01 08:00:44 Image size of job updated: 625828
	12  -  MemoryUsage of job (MB)
	12068  -  ResidentSetSize of job (KB)
...
006 (461502.000.000) 11/01 08:05:44 Image size of job updated: 791832
	67  -  MemoryUsage of job (MB)
	67760  -  ResidentSetSize of job (KB)
...
040 (461502.000.000) 11/01 08:16:03 Started transferring output files
...
040 (461502.000.000) 11/01 08:16:03 Finished transferring output files
...
005 (461502.000.000) 11/01 08:16:03 Job terminated.
	(1) Normal termination (return value 0)
		Usr 0 00:00:08, Sys 0 00:00:03  -  Run Remote Usage
		Usr 0 00:00:00, Sys 0 00:00:00  -  Run Local Usage
		Usr 0 00:00:08, Sys 0 00:00:03  -  Total Remote Usage
		Usr 0 00:00:00, Sys 0 00:00:00  -  Total Local Usage
	23448  -  Run Bytes Sent By Job
	19311  -  Run Bytes Received By Job
	23448  -  Total Bytes Sent By Job
	19311  -  Total Bytes Received By Job
	Partitionable Resources :     Usage  Request Allocated 
	   Cpus                 :      0.00        1         1 
	   Disk (KB)            : 540913          20   1342583 
	   Memory (MB)          :     67        2000      2000 

	Job terminated of its own accord at 2021-11-01T07:16:03Z.
...
