000 (464177.000.000) 11/01 14:10:49 Job submitted from host: <188.185.121.235:9618?addrs=188.185.121.235-9618+[2001-1458-d00-49--100-36e]-9618&alias=bigbird22.cern.ch&noUDP&sock=schedd_1778_237a>
...
040 (464177.000.000) 11/01 15:39:29 Started transferring input files
	Transferring to host: <128.142.57.146:9618?addrs=128.142.57.146-9618+[2001-1458-301-7--100-91]-9618&alias=b7s02p6502.cern.ch&noUDP&sock=slot1_64_3593_57eb_33303>
...
001 (464177.000.000) 11/01 15:39:30 Job executing on host: <128.142.57.146:9618?addrs=128.142.57.146-9618+[2001-1458-301-7--100-91]-9618&alias=b7s02p6502.cern.ch&noUDP&sock=startd_3546_d6eb>
...
040 (464177.000.000) 11/01 15:39:30 Finished transferring input files
...
006 (464177.000.000) 11/01 15:39:39 Image size of job updated: 625828
	42  -  MemoryUsage of job (MB)
	42716  -  ResidentSetSize of job (KB)
...
006 (464177.000.000) 11/01 15:40:18 Image size of job updated: 791808
	42  -  MemoryUsage of job (MB)
	42756  -  ResidentSetSize of job (KB)
...
040 (464177.000.000) 11/01 15:40:22 Started transferring output files
...
040 (464177.000.000) 11/01 15:40:27 Finished transferring output files
...
005 (464177.000.000) 11/01 15:40:29 Job terminated.
	(1) Normal termination (return value 0)
		Usr 0 00:00:06, Sys 0 00:00:03  -  Run Remote Usage
		Usr 0 00:00:00, Sys 0 00:00:00  -  Run Local Usage
		Usr 0 00:00:06, Sys 0 00:00:03  -  Total Remote Usage
		Usr 0 00:00:00, Sys 0 00:00:00  -  Total Local Usage
	23022  -  Run Bytes Sent By Job
	19118  -  Run Bytes Received By Job
	23022  -  Total Bytes Sent By Job
	19118  -  Total Bytes Received By Job
	Partitionable Resources :    Usage  Request Allocated 
	   Cpus                 :                 1         1 
	   Disk (KB)            :   541236       20   1241648 
	   Memory (MB)          :       42     2000      2000 

	Job terminated of its own accord at 2021-11-01T14:40:18Z.
...
