000 (464435.000.000) 11/01 14:15:52 Job submitted from host: <188.185.121.235:9618?addrs=188.185.121.235-9618+[2001-1458-d00-49--100-36e]-9618&alias=bigbird22.cern.ch&noUDP&sock=schedd_1778_237a>
...
040 (464435.000.000) 11/01 15:50:44 Started transferring input files
	Transferring to host: <128.142.63.58:9618?addrs=128.142.63.58-9618+[2001-1458-301-38--100-37]-9618&alias=b7s08p1987.cern.ch&noUDP&sock=slot1_61_8447_6cf1_11406>
...
001 (464435.000.000) 11/01 15:50:44 Job executing on host: <128.142.63.58:9618?addrs=128.142.63.58-9618+[2001-1458-301-38--100-37]-9618&alias=b7s08p1987.cern.ch&noUDP&sock=startd_7102_f5b2>
...
040 (464435.000.000) 11/01 15:50:44 Finished transferring input files
...
006 (464435.000.000) 11/01 15:50:53 Image size of job updated: 40664
	40  -  MemoryUsage of job (MB)
	40664  -  ResidentSetSize of job (KB)
...
006 (464435.000.000) 11/01 15:55:54 Image size of job updated: 791808
	129  -  MemoryUsage of job (MB)
	131640  -  ResidentSetSize of job (KB)
...
006 (464435.000.000) 11/01 15:56:31 Image size of job updated: 791808
	133  -  MemoryUsage of job (MB)
	135340  -  ResidentSetSize of job (KB)
...
040 (464435.000.000) 11/01 15:56:31 Started transferring output files
...
040 (464435.000.000) 11/01 15:56:35 Finished transferring output files
...
005 (464435.000.000) 11/01 15:56:36 Job terminated.
	(1) Normal termination (return value 0)
		Usr 0 00:00:46, Sys 0 00:00:18  -  Run Remote Usage
		Usr 0 00:00:00, Sys 0 00:00:00  -  Run Local Usage
		Usr 0 00:00:46, Sys 0 00:00:18  -  Total Remote Usage
		Usr 0 00:00:00, Sys 0 00:00:00  -  Total Local Usage
	46195  -  Run Bytes Sent By Job
	19118  -  Run Bytes Received By Job
	46195  -  Total Bytes Sent By Job
	19118  -  Total Bytes Received By Job
	Partitionable Resources :    Usage  Request Allocated 
	   Cpus                 :                 1         1 
	   Disk (KB)            :  2758835       20   1287398 
	   Memory (MB)          :      133     2000      2000 

	Job terminated of its own accord at 2021-11-01T14:56:31Z.
...
