000 (461645.000.000) 11/01 07:51:17 Job submitted from host: <188.185.121.235:9618?addrs=188.185.121.235-9618+[2001-1458-d00-49--100-36e]-9618&alias=bigbird22.cern.ch&noUDP&sock=schedd_1778_237a>
...
040 (461645.000.000) 11/01 08:01:26 Started transferring input files
	Transferring to host: <128.142.139.161:9618?addrs=128.142.139.161-9618+[2001-1458-301-60--100-95]-9618&alias=b7g14p9813.cern.ch&noUDP&sock=slot1_14_11041_221a_11813>
...
040 (461645.000.000) 11/01 08:01:26 Finished transferring input files
...
001 (461645.000.000) 11/01 08:01:26 Job executing on host: <128.142.139.161:9618?addrs=128.142.139.161-9618+[2001-1458-301-60--100-95]-9618&alias=b7g14p9813.cern.ch&noUDP&sock=startd_10952_bd51>
...
006 (461645.000.000) 11/01 08:01:34 Image size of job updated: 36852
	36  -  MemoryUsage of job (MB)
	36852  -  ResidentSetSize of job (KB)
...
006 (461645.000.000) 11/01 08:06:34 Image size of job updated: 791824
	67  -  MemoryUsage of job (MB)
	67756  -  ResidentSetSize of job (KB)
...
040 (461645.000.000) 11/01 08:39:37 Started transferring output files
...
040 (461645.000.000) 11/01 08:39:37 Finished transferring output files
...
005 (461645.000.000) 11/01 08:39:37 Job terminated.
	(1) Normal termination (return value 0)
		Usr 0 00:02:34, Sys 0 00:00:37  -  Run Remote Usage
		Usr 0 00:00:00, Sys 0 00:00:00  -  Run Local Usage
		Usr 0 00:02:34, Sys 0 00:00:37  -  Total Remote Usage
		Usr 0 00:00:00, Sys 0 00:00:00  -  Total Local Usage
	61491  -  Run Bytes Sent By Job
	19311  -  Run Bytes Received By Job
	61491  -  Total Bytes Sent By Job
	19311  -  Total Bytes Received By Job
	Partitionable Resources :      Usage  Request Allocated 
	   Cpus                 :       0.04        1         1 
	   Disk (KB)            : 3711419          20   1403656 
	   Memory (MB)          :      67        2000      2000 

	Job terminated of its own accord at 2021-11-01T07:39:37Z.
...
