000 (461536.000.000) 11/01 07:49:22 Job submitted from host: <188.185.121.235:9618?addrs=188.185.121.235-9618+[2001-1458-d00-49--100-36e]-9618&alias=bigbird22.cern.ch&noUDP&sock=schedd_1778_237a>
...
040 (461536.000.000) 11/01 08:00:46 Started transferring input files
	Transferring to host: <128.142.137.123:9618?addrs=128.142.137.123-9618+[2001-1458-301-5e--100-6f]-9618&alias=b7g19p1662.cern.ch&noUDP&sock=slot1_5_4125_2f81_10679>
...
040 (461536.000.000) 11/01 08:00:46 Finished transferring input files
...
001 (461536.000.000) 11/01 08:00:46 Job executing on host: <128.142.137.123:9618?addrs=128.142.137.123-9618+[2001-1458-301-5e--100-6f]-9618&alias=b7g19p1662.cern.ch&noUDP&sock=startd_4080_1e7e>
...
006 (461536.000.000) 11/01 08:00:55 Image size of job updated: 625828
	42  -  MemoryUsage of job (MB)
	42304  -  ResidentSetSize of job (KB)
...
006 (461536.000.000) 11/01 08:02:26 Image size of job updated: 791808
	42  -  MemoryUsage of job (MB)
	42340  -  ResidentSetSize of job (KB)
...
040 (461536.000.000) 11/01 08:02:26 Started transferring output files
...
040 (461536.000.000) 11/01 08:02:26 Finished transferring output files
...
005 (461536.000.000) 11/01 08:02:26 Job terminated.
	(1) Normal termination (return value 0)
		Usr 0 00:00:13, Sys 0 00:00:04  -  Run Remote Usage
		Usr 0 00:00:00, Sys 0 00:00:00  -  Run Local Usage
		Usr 0 00:00:13, Sys 0 00:00:04  -  Total Remote Usage
		Usr 0 00:00:00, Sys 0 00:00:00  -  Total Local Usage
	23168  -  Run Bytes Sent By Job
	19311  -  Run Bytes Received By Job
	23168  -  Total Bytes Sent By Job
	19311  -  Total Bytes Received By Job
	Partitionable Resources :    Usage  Request Allocated 
	   Cpus                 :                 1         1 
	   Disk (KB)            :   540985       20   1632990 
	   Memory (MB)          :       42     2000      2000 

	Job terminated of its own accord at 2021-11-01T07:02:26Z.
...
