000 (461568.000.000) 11/01 07:49:50 Job submitted from host: <188.185.121.235:9618?addrs=188.185.121.235-9618+[2001-1458-d00-49--100-36e]-9618&alias=bigbird22.cern.ch&noUDP&sock=schedd_1778_237a>
...
040 (461568.000.000) 11/01 08:00:57 Started transferring input files
	Transferring to host: <128.142.137.47:9618?addrs=128.142.137.47-9618+[2001-1458-301-5e--100-23]-9618&alias=b7g19p4774.cern.ch&noUDP&sock=slot1_24_4307_6bc8_10476>
...
040 (461568.000.000) 11/01 08:00:57 Finished transferring input files
...
001 (461568.000.000) 11/01 08:00:57 Job executing on host: <128.142.137.47:9618?addrs=128.142.137.47-9618+[2001-1458-301-5e--100-23]-9618&alias=b7g19p4774.cern.ch&noUDP&sock=startd_4266_b31b>
...
006 (461568.000.000) 11/01 08:01:06 Image size of job updated: 791768
	35  -  MemoryUsage of job (MB)
	35336  -  ResidentSetSize of job (KB)
...
006 (461568.000.000) 11/01 08:02:49 Image size of job updated: 791808
	35  -  MemoryUsage of job (MB)
	35344  -  ResidentSetSize of job (KB)
...
040 (461568.000.000) 11/01 08:02:49 Started transferring output files
...
040 (461568.000.000) 11/01 08:02:49 Finished transferring output files
...
005 (461568.000.000) 11/01 08:02:49 Job terminated.
	(1) Normal termination (return value 0)
		Usr 0 00:00:13, Sys 0 00:00:04  -  Run Remote Usage
		Usr 0 00:00:00, Sys 0 00:00:00  -  Run Local Usage
		Usr 0 00:00:13, Sys 0 00:00:04  -  Total Remote Usage
		Usr 0 00:00:00, Sys 0 00:00:00  -  Total Local Usage
	23274  -  Run Bytes Sent By Job
	19311  -  Run Bytes Received By Job
	23274  -  Total Bytes Sent By Job
	19311  -  Total Bytes Received By Job
	Partitionable Resources :    Usage  Request Allocated 
	   Cpus                 :                 1         1 
	   Disk (KB)            :   540507       20   1691962 
	   Memory (MB)          :       35     2000      2000 

	Job terminated of its own accord at 2021-11-01T07:02:49Z.
...
