000 (464483.000.000) 11/01 14:16:36 Job submitted from host: <188.185.121.235:9618?addrs=188.185.121.235-9618+[2001-1458-d00-49--100-36e]-9618&alias=bigbird22.cern.ch&noUDP&sock=schedd_1778_237a>
...
040 (464483.000.000) 11/01 15:54:09 Started transferring input files
	Transferring to host: <128.142.60.148:9618?addrs=128.142.60.148-9618+[2001-1458-301-22--100-93]-9618&alias=b7s05p6570.cern.ch&noUDP&sock=slot1_43_3706_f650_40720>
...
001 (464483.000.000) 11/01 15:54:09 Job executing on host: <128.142.60.148:9618?addrs=128.142.60.148-9618+[2001-1458-301-22--100-93]-9618&alias=b7s05p6570.cern.ch&noUDP&sock=startd_3642_b003>
...
040 (464483.000.000) 11/01 15:54:09 Finished transferring input files
...
006 (464483.000.000) 11/01 15:54:18 Image size of job updated: 67756
	67  -  MemoryUsage of job (MB)
	67756  -  ResidentSetSize of job (KB)
...
006 (464483.000.000) 11/01 15:55:35 Image size of job updated: 791808
	67  -  MemoryUsage of job (MB)
	67756  -  ResidentSetSize of job (KB)
...
040 (464483.000.000) 11/01 15:55:35 Started transferring output files
...
040 (464483.000.000) 11/01 15:55:39 Finished transferring output files
...
005 (464483.000.000) 11/01 15:55:39 Job terminated.
	(1) Normal termination (return value 0)
		Usr 0 00:00:36, Sys 0 00:00:15  -  Run Remote Usage
		Usr 0 00:00:00, Sys 0 00:00:00  -  Run Local Usage
		Usr 0 00:00:36, Sys 0 00:00:15  -  Total Remote Usage
		Usr 0 00:00:00, Sys 0 00:00:00  -  Total Local Usage
	25606  -  Run Bytes Sent By Job
	19118  -  Run Bytes Received By Job
	25606  -  Total Bytes Sent By Job
	19118  -  Total Bytes Received By Job
	Partitionable Resources :      Usage  Request Allocated 
	   Cpus                 :       0.36        1         1 
	   Disk (KB)            : 2758770          20   1329380 
	   Memory (MB)          :      67        2000      2000 

	Job terminated of its own accord at 2021-11-01T14:55:35Z.
...
