000 (461693.000.000) 11/01 07:52:03 Job submitted from host: <188.185.121.235:9618?addrs=188.185.121.235-9618+[2001-1458-d00-49--100-36e]-9618&alias=bigbird22.cern.ch&noUDP&sock=schedd_1778_237a>
...
040 (461693.000.000) 11/01 08:01:43 Started transferring input files
	Transferring to host: <128.142.33.203:9618?addrs=128.142.33.203-9618+[2001-1458-301-39--100-8]-9618&alias=b7g24p7774.cern.ch&noUDP&sock=slot1_53_9366_f1b6_12936>
...
040 (461693.000.000) 11/01 08:01:43 Finished transferring input files
...
001 (461693.000.000) 11/01 08:01:43 Job executing on host: <128.142.33.203:9618?addrs=128.142.33.203-9618+[2001-1458-301-39--100-8]-9618&alias=b7g24p7774.cern.ch&noUDP&sock=startd_8336_6190>
...
006 (461693.000.000) 11/01 08:01:52 Image size of job updated: 625828
	35  -  MemoryUsage of job (MB)
	35396  -  ResidentSetSize of job (KB)
...
006 (461693.000.000) 11/01 08:06:53 Image size of job updated: 791812
	67  -  MemoryUsage of job (MB)
	67752  -  ResidentSetSize of job (KB)
...
040 (461693.000.000) 11/01 08:49:45 Started transferring output files
...
040 (461693.000.000) 11/01 08:49:45 Finished transferring output files
...
005 (461693.000.000) 11/01 08:49:45 Job terminated.
	(1) Normal termination (return value 0)
		Usr 0 00:01:29, Sys 0 00:00:21  -  Run Remote Usage
		Usr 0 00:00:00, Sys 0 00:00:00  -  Run Local Usage
		Usr 0 00:01:29, Sys 0 00:00:21  -  Total Remote Usage
		Usr 0 00:00:00, Sys 0 00:00:00  -  Total Local Usage
	61480  -  Run Bytes Sent By Job
	19311  -  Run Bytes Received By Job
	61480  -  Total Bytes Sent By Job
	19311  -  Total Bytes Received By Job
	Partitionable Resources :      Usage  Request Allocated 
	   Cpus                 :       0.01        1         1 
	   Disk (KB)            : 3718889          20   2839868 
	   Memory (MB)          :      67        2000      2000 

	Job terminated of its own accord at 2021-11-01T07:49:44Z.
...
