000 (461548.000.000) 11/01 07:49:31 Job submitted from host: <188.185.121.235:9618?addrs=188.185.121.235-9618+[2001-1458-d00-49--100-36e]-9618&alias=bigbird22.cern.ch&noUDP&sock=schedd_1778_237a>
...
022 (461548.000.000) 11/01 08:01:11 Job disconnected, attempting to reconnect
    Socket between submit and execute hosts closed unexpectedly
    Trying to reconnect to slot1_5@b7g04p4106.cern.ch <128.142.34.9:9618?addrs=128.142.34.9-9618+[2001-1458-301-3f--100-6]-9618&alias=b7g04p4106.cern.ch&noUDP&sock=startd_3081_e361>
...
024 (461548.000.000) 11/01 08:01:19 Job reconnection failed
    Job not found at execution machine
    Can not reconnect to slot1_5@b7g04p4106.cern.ch, rescheduling job
...
040 (461548.000.000) 11/01 08:05:24 Started transferring input files
	Transferring to host: <128.142.128.159:9618?addrs=128.142.128.159-9618+[2001-1458-301-10--100-9e]-9618&alias=b7g25p4646.cern.ch&noUDP&sock=slot1_8_4667_12d7_18193>
...
040 (461548.000.000) 11/01 08:05:24 Finished transferring input files
...
001 (461548.000.000) 11/01 08:05:24 Job executing on host: <128.142.128.159:9618?addrs=128.142.128.159-9618+[2001-1458-301-10--100-9e]-9618&alias=b7g25p4646.cern.ch&noUDP&sock=startd_3300_1a9f>
...
006 (461548.000.000) 11/01 08:05:32 Image size of job updated: 7180
	8  -  MemoryUsage of job (MB)
	7180  -  ResidentSetSize of job (KB)
...
006 (461548.000.000) 11/01 08:10:32 Image size of job updated: 791828
	67  -  MemoryUsage of job (MB)
	67760  -  ResidentSetSize of job (KB)
...
040 (461548.000.000) 11/01 08:11:53 Started transferring output files
...
040 (461548.000.000) 11/01 08:11:53 Finished transferring output files
...
005 (461548.000.000) 11/01 08:11:53 Job terminated.
	(1) Normal termination (return value 0)
		Usr 0 00:00:08, Sys 0 00:00:02  -  Run Remote Usage
		Usr 0 00:00:00, Sys 0 00:00:00  -  Run Local Usage
		Usr 0 00:00:08, Sys 0 00:00:02  -  Total Remote Usage
		Usr 0 00:00:00, Sys 0 00:00:00  -  Total Local Usage
	23440  -  Run Bytes Sent By Job
	19311  -  Run Bytes Received By Job
	23440  -  Total Bytes Sent By Job
	19311  -  Total Bytes Received By Job
	Partitionable Resources :     Usage  Request Allocated 
	   Cpus                 :      0.01        1         1 
	   Disk (KB)            : 540978          20   2969420 
	   Memory (MB)          :     67        2000      2000 

	Job terminated of its own accord at 2021-11-01T07:11:52Z.
...
