000 (464391.000.000) 11/01 14:15:06 Job submitted from host: <188.185.121.235:9618?addrs=188.185.121.235-9618+[2001-1458-d00-49--100-36e]-9618&alias=bigbird22.cern.ch&noUDP&sock=schedd_1778_237a>
...
040 (464391.000.000) 11/01 15:47:10 Started transferring input files
	Transferring to host: <128.142.60.148:9618?addrs=128.142.60.148-9618+[2001-1458-301-22--100-93]-9618&alias=b7s05p6570.cern.ch&noUDP&sock=slot1_40_3706_f650_40713>
...
001 (464391.000.000) 11/01 15:47:10 Job executing on host: <128.142.60.148:9618?addrs=128.142.60.148-9618+[2001-1458-301-22--100-93]-9618&alias=b7s05p6570.cern.ch&noUDP&sock=startd_3642_b003>
...
040 (464391.000.000) 11/01 15:47:10 Finished transferring input files
...
006 (464391.000.000) 11/01 15:47:19 Image size of job updated: 767180
	15  -  MemoryUsage of job (MB)
	14864  -  ResidentSetSize of job (KB)
...
006 (464391.000.000) 11/01 15:52:19 Image size of job updated: 791832
	67  -  MemoryUsage of job (MB)
	67756  -  ResidentSetSize of job (KB)
...
040 (464391.000.000) 11/01 16:06:02 Started transferring output files
...
040 (464391.000.000) 11/01 16:06:05 Finished transferring output files
...
005 (464391.000.000) 11/01 16:06:06 Job terminated.
	(1) Normal termination (return value 0)
		Usr 0 00:00:38, Sys 0 00:00:15  -  Run Remote Usage
		Usr 0 00:00:00, Sys 0 00:00:00  -  Run Local Usage
		Usr 0 00:00:38, Sys 0 00:00:15  -  Total Remote Usage
		Usr 0 00:00:00, Sys 0 00:00:00  -  Total Local Usage
	50936  -  Run Bytes Sent By Job
	19118  -  Run Bytes Received By Job
	50936  -  Total Bytes Sent By Job
	19118  -  Total Bytes Received By Job
	Partitionable Resources :      Usage  Request Allocated 
	   Cpus                 :       0.01        1         1 
	   Disk (KB)            : 2758943          20   1338454 
	   Memory (MB)          :      67        2000      2000 

	Job terminated of its own accord at 2021-11-01T15:06:02Z.
...
