000 (464301.000.000) 11/01 14:12:36 Job submitted from host: <188.185.121.235:9618?addrs=188.185.121.235-9618+[2001-1458-d00-49--100-36e]-9618&alias=bigbird22.cern.ch&noUDP&sock=schedd_1778_237a>
...
040 (464301.000.000) 11/01 15:41:44 Started transferring input files
	Transferring to host: <128.142.56.13:9618?addrs=128.142.56.13-9618+[2001-1458-301-6--100-c]-9618&alias=b7s01p0666.cern.ch&noUDP&sock=slot1_32_3660_8d0e_4588>
...
001 (464301.000.000) 11/01 15:41:44 Job executing on host: <128.142.56.13:9618?addrs=128.142.56.13-9618+[2001-1458-301-6--100-c]-9618&alias=b7s01p0666.cern.ch&noUDP&sock=startd_3612_1c2b>
...
040 (464301.000.000) 11/01 15:41:44 Finished transferring input files
...
006 (464301.000.000) 11/01 15:41:53 Image size of job updated: 625828
	43  -  MemoryUsage of job (MB)
	43604  -  ResidentSetSize of job (KB)
...
006 (464301.000.000) 11/01 15:46:54 Image size of job updated: 791808
	133  -  MemoryUsage of job (MB)
	136052  -  ResidentSetSize of job (KB)
...
040 (464301.000.000) 11/01 15:47:44 Started transferring output files
...
040 (464301.000.000) 11/01 15:47:48 Finished transferring output files
...
005 (464301.000.000) 11/01 15:47:48 Job terminated.
	(1) Normal termination (return value 0)
		Usr 0 00:01:00, Sys 0 00:00:24  -  Run Remote Usage
		Usr 0 00:00:00, Sys 0 00:00:00  -  Run Local Usage
		Usr 0 00:01:00, Sys 0 00:00:24  -  Total Remote Usage
		Usr 0 00:00:00, Sys 0 00:00:00  -  Total Local Usage
	46938  -  Run Bytes Sent By Job
	19118  -  Run Bytes Received By Job
	46938  -  Total Bytes Sent By Job
	19118  -  Total Bytes Received By Job
	Partitionable Resources :    Usage  Request Allocated 
	   Cpus                 :                 1         1 
	   Disk (KB)            :  3711732       20   2552452 
	   Memory (MB)          :      133     2000      2000 

	Job terminated of its own accord at 2021-11-01T14:47:44Z.
...
