000 (464346.000.000) 11/01 14:14:11 Job submitted from host: <188.185.121.235:9618?addrs=188.185.121.235-9618+[2001-1458-d00-49--100-36e]-9618&alias=bigbird22.cern.ch&noUDP&sock=schedd_1778_237a>
...
040 (464346.000.000) 11/01 15:43:30 Started transferring input files
	Transferring to host: <128.142.63.63:9618?addrs=128.142.63.63-9618+[2001-1458-301-38--100-3c]-9618&alias=b7s08p3733.cern.ch&noUDP&sock=slot1_32_3665_12ee_40027>
...
001 (464346.000.000) 11/01 15:43:30 Job executing on host: <128.142.63.63:9618?addrs=128.142.63.63-9618+[2001-1458-301-38--100-3c]-9618&alias=b7s08p3733.cern.ch&noUDP&sock=startd_3595_730f>
...
040 (464346.000.000) 11/01 15:43:30 Finished transferring input files
...
006 (464346.000.000) 11/01 15:43:39 Image size of job updated: 527508
	27  -  MemoryUsage of job (MB)
	27052  -  ResidentSetSize of job (KB)
...
006 (464346.000.000) 11/01 15:48:40 Image size of job updated: 791832
	67  -  MemoryUsage of job (MB)
	67760  -  ResidentSetSize of job (KB)
...
040 (464346.000.000) 11/01 16:01:35 Started transferring output files
...
040 (464346.000.000) 11/01 16:01:39 Finished transferring output files
...
005 (464346.000.000) 11/01 16:01:40 Job terminated.
	(1) Normal termination (return value 0)
		Usr 0 00:01:04, Sys 0 00:00:29  -  Run Remote Usage
		Usr 0 00:00:00, Sys 0 00:00:00  -  Run Local Usage
		Usr 0 00:01:04, Sys 0 00:00:29  -  Total Remote Usage
		Usr 0 00:00:00, Sys 0 00:00:00  -  Total Local Usage
	61337  -  Run Bytes Sent By Job
	19118  -  Run Bytes Received By Job
	61337  -  Total Bytes Sent By Job
	19118  -  Total Bytes Received By Job
	Partitionable Resources :      Usage  Request Allocated 
	   Cpus                 :       0.02        1         1 
	   Disk (KB)            : 3705837          20   1316709 
	   Memory (MB)          :      67        2000      2000 

	Job terminated of its own accord at 2021-11-01T15:01:35Z.
...
