000 (461624.000.000) 11/01 07:51:00 Job submitted from host: <188.185.121.235:9618?addrs=188.185.121.235-9618+[2001-1458-d00-49--100-36e]-9618&alias=bigbird22.cern.ch&noUDP&sock=schedd_1778_237a>
...
040 (461624.000.000) 11/01 08:01:18 Started transferring input files
	Transferring to host: <128.142.34.26:9618?addrs=128.142.34.26-9618&alias=b7g04p7945.cern.ch&noUDP&sock=slot1_32_3532_5d09_65313>
...
001 (461624.000.000) 11/01 08:01:18 Job executing on host: <128.142.34.26:9618?addrs=128.142.34.26-9618&alias=b7g04p7945.cern.ch&noUDP&sock=startd_2802_8475>
...
040 (461624.000.000) 11/01 08:01:18 Finished transferring input files
...
006 (461624.000.000) 11/01 08:01:26 Image size of job updated: 2204
	3  -  MemoryUsage of job (MB)
	2204  -  ResidentSetSize of job (KB)
...
006 (461624.000.000) 11/01 08:06:26 Image size of job updated: 791808
	67  -  MemoryUsage of job (MB)
	67756  -  ResidentSetSize of job (KB)
...
040 (461624.000.000) 11/01 08:30:30 Started transferring output files
...
040 (461624.000.000) 11/01 08:30:30 Finished transferring output files
...
005 (461624.000.000) 11/01 08:30:33 Job terminated.
	(1) Normal termination (return value 0)
		Usr 0 00:01:27, Sys 0 00:00:25  -  Run Remote Usage
		Usr 0 00:00:00, Sys 0 00:00:00  -  Run Local Usage
		Usr 0 00:01:27, Sys 0 00:00:25  -  Total Remote Usage
		Usr 0 00:00:00, Sys 0 00:00:00  -  Total Local Usage
	61044  -  Run Bytes Sent By Job
	19311  -  Run Bytes Received By Job
	61044  -  Total Bytes Sent By Job
	19311  -  Total Bytes Received By Job
	Partitionable Resources :      Usage  Request Allocated 
	   Cpus                 :       1.00        1         1 
	   Disk (KB)            : 3711670          20   1291037 
	   Memory (MB)          :      67        2000      2000 

	Job terminated of its own accord at 2021-11-01T07:30:28Z.
...
