000 (464182.000.000) 11/01 14:10:54 Job submitted from host: <188.185.121.235:9618?addrs=188.185.121.235-9618+[2001-1458-d00-49--100-36e]-9618&alias=bigbird22.cern.ch&noUDP&sock=schedd_1778_237a>
...
040 (464182.000.000) 11/01 15:39:39 Started transferring input files
	Transferring to host: <128.142.57.137:9618?addrs=128.142.57.137-9618+[2001-1458-301-7--100-88]-9618&alias=b7s02p6080.cern.ch&noUDP&sock=slot1_36_3651_35ae_35591>
...
001 (464182.000.000) 11/01 15:39:39 Job executing on host: <128.142.57.137:9618?addrs=128.142.57.137-9618+[2001-1458-301-7--100-88]-9618&alias=b7s02p6080.cern.ch&noUDP&sock=startd_2972_1f8f>
...
040 (464182.000.000) 11/01 15:39:39 Finished transferring input files
...
006 (464182.000.000) 11/01 15:39:48 Image size of job updated: 625828
	5  -  MemoryUsage of job (MB)
	4728  -  ResidentSetSize of job (KB)
...
006 (464182.000.000) 11/01 15:44:49 Image size of job updated: 791836
	67  -  MemoryUsage of job (MB)
	67760  -  ResidentSetSize of job (KB)
...
040 (464182.000.000) 11/01 15:47:55 Started transferring output files
...
040 (464182.000.000) 11/01 15:47:58 Finished transferring output files
...
005 (464182.000.000) 11/01 15:47:59 Job terminated.
	(1) Normal termination (return value 0)
		Usr 0 00:00:07, Sys 0 00:00:02  -  Run Remote Usage
		Usr 0 00:00:00, Sys 0 00:00:00  -  Run Local Usage
		Usr 0 00:00:07, Sys 0 00:00:02  -  Total Remote Usage
		Usr 0 00:00:00, Sys 0 00:00:00  -  Total Local Usage
	25372  -  Run Bytes Sent By Job
	19118  -  Run Bytes Received By Job
	25372  -  Total Bytes Sent By Job
	19118  -  Total Bytes Received By Job
	Partitionable Resources :    Usage  Request Allocated 
	   Cpus                 :                 1         1 
	   Disk (KB)            :   540990       20   3960113 
	   Memory (MB)          :       67     2000      2000 

	Job terminated of its own accord at 2021-11-01T14:47:55Z.
...
