000 (461613.000.000) 11/01 07:50:49 Job submitted from host: <188.185.121.235:9618?addrs=188.185.121.235-9618+[2001-1458-d00-49--100-36e]-9618&alias=bigbird22.cern.ch&noUDP&sock=schedd_1778_237a>
...
040 (461613.000.000) 11/01 08:01:13 Started transferring input files
	Transferring to host: <188.184.165.34:9618?addrs=188.184.165.34-9618+[2001-1458-301-51--100-1d]-9618&alias=b7s14p5377.cern.ch&noUDP&sock=slot1_45_212496_67ba_11897>
...
040 (461613.000.000) 11/01 08:01:13 Finished transferring input files
...
001 (461613.000.000) 11/01 08:01:13 Job executing on host: <188.184.165.34:9618?addrs=188.184.165.34-9618+[2001-1458-301-51--100-1d]-9618&alias=b7s14p5377.cern.ch&noUDP&sock=startd_212452_fabe>
...
006 (461613.000.000) 11/01 08:01:22 Image size of job updated: 775380
	67  -  MemoryUsage of job (MB)
	67768  -  ResidentSetSize of job (KB)
...
006 (461613.000.000) 11/01 08:06:22 Image size of job updated: 791812
	67  -  MemoryUsage of job (MB)
	67768  -  ResidentSetSize of job (KB)
...
040 (461613.000.000) 11/01 08:11:07 Started transferring output files
...
040 (461613.000.000) 11/01 08:11:07 Finished transferring output files
...
005 (461613.000.000) 11/01 08:11:07 Job terminated.
	(1) Normal termination (return value 0)
		Usr 0 00:02:29, Sys 0 00:00:28  -  Run Remote Usage
		Usr 0 00:00:00, Sys 0 00:00:00  -  Run Local Usage
		Usr 0 00:02:29, Sys 0 00:00:28  -  Total Remote Usage
		Usr 0 00:00:00, Sys 0 00:00:00  -  Total Local Usage
	55181  -  Run Bytes Sent By Job
	19311  -  Run Bytes Received By Job
	55181  -  Total Bytes Sent By Job
	19311  -  Total Bytes Received By Job
	Partitionable Resources :      Usage  Request Allocated 
	   Cpus                 :       0.04        1         1 
	   Disk (KB)            : 3710203          20   2996379 
	   Memory (MB)          :      67        2000      2000 

	Job terminated of its own accord at 2021-11-01T07:11:07Z.
...
