000 (464154.000.000) 11/01 14:09:53 Job submitted from host: <188.185.121.235:9618?addrs=188.185.121.235-9618+[2001-1458-d00-49--100-36e]-9618&alias=bigbird22.cern.ch&noUDP&sock=schedd_1778_237a>
...
040 (464154.000.000) 11/01 15:38:54 Started transferring input files
	Transferring to host: <128.142.56.120:9618?addrs=128.142.56.120-9618+[2001-1458-301-6--100-77]-9618&alias=b7s01p3781.cern.ch&noUDP&sock=slot1_42_3620_5e0c_35135>
...
001 (464154.000.000) 11/01 15:38:55 Job executing on host: <128.142.56.120:9618?addrs=128.142.56.120-9618+[2001-1458-301-6--100-77]-9618&alias=b7s01p3781.cern.ch&noUDP&sock=startd_3572_ac61>
...
040 (464154.000.000) 11/01 15:38:55 Finished transferring input files
...
006 (464154.000.000) 11/01 15:39:04 Image size of job updated: 791808
	46  -  MemoryUsage of job (MB)
	46292  -  ResidentSetSize of job (KB)
...
006 (464154.000.000) 11/01 15:39:35 Image size of job updated: 791808
	46  -  MemoryUsage of job (MB)
	46324  -  ResidentSetSize of job (KB)
...
040 (464154.000.000) 11/01 15:39:37 Started transferring output files
...
040 (464154.000.000) 11/01 15:39:40 Finished transferring output files
...
005 (464154.000.000) 11/01 15:39:41 Job terminated.
	(1) Normal termination (return value 0)
		Usr 0 00:00:06, Sys 0 00:00:03  -  Run Remote Usage
		Usr 0 00:00:00, Sys 0 00:00:00  -  Run Local Usage
		Usr 0 00:00:06, Sys 0 00:00:03  -  Total Remote Usage
		Usr 0 00:00:00, Sys 0 00:00:00  -  Total Local Usage
	22338  -  Run Bytes Sent By Job
	19118  -  Run Bytes Received By Job
	22338  -  Total Bytes Sent By Job
	19118  -  Total Bytes Received By Job
	Partitionable Resources :    Usage  Request Allocated 
	   Cpus                 :                 1         1 
	   Disk (KB)            :   540966       20   1207677 
	   Memory (MB)          :       46     2000      2000 

	Job terminated of its own accord at 2021-11-01T14:39:35Z.
...
