000 (464278.000.000) 11/01 14:12:16 Job submitted from host: <188.185.121.235:9618?addrs=188.185.121.235-9618+[2001-1458-d00-49--100-36e]-9618&alias=bigbird22.cern.ch&noUDP&sock=schedd_1778_237a>
...
040 (464278.000.000) 11/01 15:41:13 Started transferring input files
	Transferring to host: <128.142.58.135:9618?addrs=128.142.58.135-9618+[2001-1458-301-16--100-86]-9618&alias=b7s03p8962.cern.ch&noUDP&sock=slot1_21_3643_92ad_34826>
...
001 (464278.000.000) 11/01 15:41:14 Job executing on host: <128.142.58.135:9618?addrs=128.142.58.135-9618+[2001-1458-301-16--100-86]-9618&alias=b7s03p8962.cern.ch&noUDP&sock=startd_3102_4ade>
...
040 (464278.000.000) 11/01 15:41:14 Finished transferring input files
...
006 (464278.000.000) 11/01 15:41:22 Image size of job updated: 625828
	21  -  MemoryUsage of job (MB)
	20532  -  ResidentSetSize of job (KB)
...
006 (464278.000.000) 11/01 15:46:22 Image size of job updated: 791836
	67  -  MemoryUsage of job (MB)
	67768  -  ResidentSetSize of job (KB)
...
040 (464278.000.000) 11/01 16:32:56 Started transferring output files
...
040 (464278.000.000) 11/01 16:32:57 Finished transferring output files
...
005 (464278.000.000) 11/01 16:32:57 Job terminated.
	(1) Normal termination (return value 0)
		Usr 0 00:01:01, Sys 0 00:00:25  -  Run Remote Usage
		Usr 0 00:00:00, Sys 0 00:00:00  -  Run Local Usage
		Usr 0 00:01:01, Sys 0 00:00:25  -  Total Remote Usage
		Usr 0 00:00:00, Sys 0 00:00:00  -  Total Local Usage
	61026  -  Run Bytes Sent By Job
	19118  -  Run Bytes Received By Job
	61026  -  Total Bytes Sent By Job
	19118  -  Total Bytes Received By Job
	Partitionable Resources :      Usage  Request Allocated 
	   Cpus                 :       0.01        1         1 
	   Disk (KB)            : 3712252          20   1281499 
	   Memory (MB)          :      67        2000      2000 

	Job terminated of its own accord at 2021-11-01T15:32:56Z.
...
