000 (461726.000.000) 11/01 07:52:42 Job submitted from host: <188.185.121.235:9618?addrs=188.185.121.235-9618+[2001-1458-d00-49--100-36e]-9618&alias=bigbird22.cern.ch&noUDP&sock=schedd_1778_237a>
...
040 (461726.000.000) 11/01 08:01:58 Started transferring input files
	Transferring to host: <188.184.164.136:9618?addrs=188.184.164.136-9618+[2001-1458-301-4e--100-82]-9618&alias=b7s13p6577.cern.ch&noUDP&sock=slot1_33_158260_3c9d_11681>
...
040 (461726.000.000) 11/01 08:01:58 Finished transferring input files
...
001 (461726.000.000) 11/01 08:01:58 Job executing on host: <188.184.164.136:9618?addrs=188.184.164.136-9618+[2001-1458-301-4e--100-82]-9618&alias=b7s13p6577.cern.ch&noUDP&sock=startd_79439_2001>
...
006 (461726.000.000) 11/01 08:02:07 Image size of job updated: 625832
	15  -  MemoryUsage of job (MB)
	15256  -  ResidentSetSize of job (KB)
...
006 (461726.000.000) 11/01 08:07:08 Image size of job updated: 791840
	67  -  MemoryUsage of job (MB)
	67772  -  ResidentSetSize of job (KB)
...
040 (461726.000.000) 11/01 08:25:12 Started transferring output files
...
040 (461726.000.000) 11/01 08:25:12 Finished transferring output files
...
005 (461726.000.000) 11/01 08:25:12 Job terminated.
	(1) Normal termination (return value 0)
		Usr 0 00:01:20, Sys 0 00:00:15  -  Run Remote Usage
		Usr 0 00:00:00, Sys 0 00:00:00  -  Run Local Usage
		Usr 0 00:01:20, Sys 0 00:00:15  -  Total Remote Usage
		Usr 0 00:00:00, Sys 0 00:00:00  -  Total Local Usage
	51017  -  Run Bytes Sent By Job
	19311  -  Run Bytes Received By Job
	51017  -  Total Bytes Sent By Job
	19311  -  Total Bytes Received By Job
	Partitionable Resources :      Usage  Request Allocated 
	   Cpus                 :       0.01        1         1 
	   Disk (KB)            : 2758929          20   3066369 
	   Memory (MB)          :      67        2000      2000 

	Job terminated of its own accord at 2021-11-01T07:25:12Z.
...
