000 (461594.000.000) 11/01 07:50:22 Job submitted from host: <188.185.121.235:9618?addrs=188.185.121.235-9618+[2001-1458-d00-49--100-36e]-9618&alias=bigbird22.cern.ch&noUDP&sock=schedd_1778_237a>
...
040 (461594.000.000) 11/01 08:01:07 Started transferring input files
	Transferring to host: <128.142.128.174:9618?addrs=128.142.128.174-9618+[2001-1458-301-10--100-ad]-9618&alias=b7g25p4962.cern.ch&noUDP&sock=slot1_24_7977_449d_26767>
...
001 (461594.000.000) 11/01 08:01:07 Job executing on host: <128.142.128.174:9618?addrs=128.142.128.174-9618+[2001-1458-301-10--100-ad]-9618&alias=b7g25p4962.cern.ch&noUDP&sock=startd_7704_e1b6>
...
040 (461594.000.000) 11/01 08:01:07 Finished transferring input files
...
006 (461594.000.000) 11/01 08:01:15 Image size of job updated: 24596
	25  -  MemoryUsage of job (MB)
	24596  -  ResidentSetSize of job (KB)
...
006 (461594.000.000) 11/01 08:06:15 Image size of job updated: 791836
	67  -  MemoryUsage of job (MB)
	67764  -  ResidentSetSize of job (KB)
...
006 (461594.000.000) 11/01 08:31:18 Image size of job updated: 791836
	134  -  MemoryUsage of job (MB)
	136264  -  ResidentSetSize of job (KB)
...
040 (461594.000.000) 11/01 08:31:34 Started transferring output files
...
040 (461594.000.000) 11/01 08:31:34 Finished transferring output files
...
005 (461594.000.000) 11/01 08:31:35 Job terminated.
	(1) Normal termination (return value 0)
		Usr 0 00:01:26, Sys 0 00:00:18  -  Run Remote Usage
		Usr 0 00:00:00, Sys 0 00:00:00  -  Run Local Usage
		Usr 0 00:01:26, Sys 0 00:00:18  -  Total Remote Usage
		Usr 0 00:00:00, Sys 0 00:00:00  -  Total Local Usage
	61485  -  Run Bytes Sent By Job
	19311  -  Run Bytes Received By Job
	61485  -  Total Bytes Sent By Job
	19311  -  Total Bytes Received By Job
	Partitionable Resources :      Usage  Request Allocated 
	   Cpus                 :       0.01        1         1 
	   Disk (KB)            : 3711535          20   3001353 
	   Memory (MB)          :     134        2000      2000 

	Job terminated of its own accord at 2021-11-01T07:31:34Z.
...
