000 (461665.000.000) 11/01 07:51:31 Job submitted from host: <188.185.121.235:9618?addrs=188.185.121.235-9618+[2001-1458-d00-49--100-36e]-9618&alias=bigbird22.cern.ch&noUDP&sock=schedd_1778_237a>
...
040 (461665.000.000) 11/01 08:01:33 Started transferring input files
	Transferring to host: <188.184.160.190:9618?addrs=188.184.160.190-9618+[2001-1458-301-48--100-b8]-9618&alias=b7s09p2362.cern.ch&noUDP&sock=slot1_30_72803_0caa_60187>
...
040 (461665.000.000) 11/01 08:01:33 Finished transferring input files
...
001 (461665.000.000) 11/01 08:01:33 Job executing on host: <188.184.160.190:9618?addrs=188.184.160.190-9618+[2001-1458-301-48--100-b8]-9618&alias=b7s09p2362.cern.ch&noUDP&sock=startd_71597_2a50>
...
006 (461665.000.000) 11/01 08:01:42 Image size of job updated: 767184
	40  -  MemoryUsage of job (MB)
	40180  -  ResidentSetSize of job (KB)
...
006 (461665.000.000) 11/01 08:06:43 Image size of job updated: 791828
	67  -  MemoryUsage of job (MB)
	67772  -  ResidentSetSize of job (KB)
...
040 (461665.000.000) 11/01 08:40:41 Started transferring output files
...
040 (461665.000.000) 11/01 08:40:41 Finished transferring output files
...
005 (461665.000.000) 11/01 08:40:42 Job terminated.
	(1) Normal termination (return value 0)
		Usr 0 00:02:09, Sys 0 00:00:30  -  Run Remote Usage
		Usr 0 00:00:00, Sys 0 00:00:00  -  Run Local Usage
		Usr 0 00:02:09, Sys 0 00:00:30  -  Total Remote Usage
		Usr 0 00:00:00, Sys 0 00:00:00  -  Total Local Usage
	59754  -  Run Bytes Sent By Job
	19311  -  Run Bytes Received By Job
	59754  -  Total Bytes Sent By Job
	19311  -  Total Bytes Received By Job
	Partitionable Resources :      Usage  Request Allocated 
	   Cpus                 :       1.00        1         1 
	   Disk (KB)            : 3703858          20   1308291 
	   Memory (MB)          :      67        2000      2000 

	Job terminated of its own accord at 2021-11-01T07:40:41Z.
...
