000 (461724.000.000) 11/01 07:52:40 Job submitted from host: <188.185.121.235:9618?addrs=188.185.121.235-9618+[2001-1458-d00-49--100-36e]-9618&alias=bigbird22.cern.ch&noUDP&sock=schedd_1778_237a>
...
040 (461724.000.000) 11/01 08:01:57 Started transferring input files
	Transferring to host: <128.142.59.84:9618?addrs=128.142.59.84-9618+[2001-1458-301-21--100-53]-9618&alias=b7s04p3868.cern.ch&noUDP&sock=slot1_5_3627_4cad_27938>
...
040 (461724.000.000) 11/01 08:01:57 Finished transferring input files
...
001 (461724.000.000) 11/01 08:01:57 Job executing on host: <128.142.59.84:9618?addrs=128.142.59.84-9618+[2001-1458-301-21--100-53]-9618&alias=b7s04p3868.cern.ch&noUDP&sock=startd_3561_20d7>
...
006 (461724.000.000) 11/01 08:02:05 Image size of job updated: 625828
	9  -  MemoryUsage of job (MB)
	8784  -  ResidentSetSize of job (KB)
...
006 (461724.000.000) 11/01 08:07:05 Image size of job updated: 791836
	67  -  MemoryUsage of job (MB)
	67756  -  ResidentSetSize of job (KB)
...
040 (461724.000.000) 11/01 09:09:49 Started transferring output files
...
040 (461724.000.000) 11/01 09:09:49 Finished transferring output files
...
005 (461724.000.000) 11/01 09:09:49 Job terminated.
	(1) Normal termination (return value 0)
		Usr 0 00:00:52, Sys 0 00:00:19  -  Run Remote Usage
		Usr 0 00:00:00, Sys 0 00:00:00  -  Run Local Usage
		Usr 0 00:00:52, Sys 0 00:00:19  -  Total Remote Usage
		Usr 0 00:00:00, Sys 0 00:00:00  -  Total Local Usage
	50996  -  Run Bytes Sent By Job
	19311  -  Run Bytes Received By Job
	50996  -  Total Bytes Sent By Job
	19311  -  Total Bytes Received By Job
	Partitionable Resources :      Usage  Request Allocated 
	   Cpus                 :       0.01        1         1 
	   Disk (KB)            : 2758781          20   1286574 
	   Memory (MB)          :      67        2000      2000 

	Job terminated of its own accord at 2021-11-01T08:09:49Z.
...
