000 (462123.000.000) 11/01 07:59:49 Job submitted from host: <188.185.121.235:9618?addrs=188.185.121.235-9618+[2001-1458-d00-49--100-36e]-9618&alias=bigbird22.cern.ch&noUDP&sock=schedd_1778_237a>
...
040 (462123.000.000) 11/01 08:04:47 Started transferring input files
	Transferring to host: <128.142.61.37:9618?addrs=128.142.61.37-9618+[2001-1458-301-23--100-24]-9618&alias=b7s06p3230.cern.ch&noUDP&sock=slot1_9_3619_a9ac_26627>
...
040 (462123.000.000) 11/01 08:04:47 Finished transferring input files
...
001 (462123.000.000) 11/01 08:04:47 Job executing on host: <128.142.61.37:9618?addrs=128.142.61.37-9618+[2001-1458-301-23--100-24]-9618&alias=b7s06p3230.cern.ch&noUDP&sock=startd_3549_e5b4>
...
006 (462123.000.000) 11/01 08:04:56 Image size of job updated: 40180
	35  -  MemoryUsage of job (MB)
	35612  -  ResidentSetSize of job (KB)
...
006 (462123.000.000) 11/01 08:09:57 Image size of job updated: 791824
	67  -  MemoryUsage of job (MB)
	67760  -  ResidentSetSize of job (KB)
...
040 (462123.000.000) 11/01 08:22:59 Started transferring output files
...
040 (462123.000.000) 11/01 08:22:59 Finished transferring output files
...
005 (462123.000.000) 11/01 08:22:59 Job terminated.
	(1) Normal termination (return value 0)
		Usr 0 00:01:24, Sys 0 00:00:24  -  Run Remote Usage
		Usr 0 00:00:00, Sys 0 00:00:00  -  Run Local Usage
		Usr 0 00:01:24, Sys 0 00:00:24  -  Total Remote Usage
		Usr 0 00:00:00, Sys 0 00:00:00  -  Total Local Usage
	121179  -  Run Bytes Sent By Job
	43945  -  Run Bytes Received By Job
	121179  -  Total Bytes Sent By Job
	43945  -  Total Bytes Received By Job
	Partitionable Resources :      Usage  Request Allocated 
	   Cpus                 :       0.02        1         1 
	   Disk (KB)            : 2758772          45   1221881 
	   Memory (MB)          :      67        2000      2000 

	Job terminated of its own accord at 2021-11-01T07:22:59Z.
...
