000 (462006.000.000) 11/01 07:57:43 Job submitted from host: <188.185.121.235:9618?addrs=188.185.121.235-9618+[2001-1458-d00-49--100-36e]-9618&alias=bigbird22.cern.ch&noUDP&sock=schedd_1778_237a>
...
040 (462006.000.000) 11/01 08:03:54 Started transferring input files
	Transferring to host: <188.184.162.98:9618?addrs=188.184.162.98-9618+[2001-1458-301-4a--100-5c]-9618&alias=b7s11p5689.cern.ch&noUDP&sock=slot1_45_259591_17d5_35512>
...
040 (462006.000.000) 11/01 08:03:54 Finished transferring input files
...
001 (462006.000.000) 11/01 08:03:54 Job executing on host: <188.184.162.98:9618?addrs=188.184.162.98-9618+[2001-1458-301-4a--100-5c]-9618&alias=b7s11p5689.cern.ch&noUDP&sock=startd_134282_dc83>
...
006 (462006.000.000) 11/01 08:04:02 Image size of job updated: 5668
	6  -  MemoryUsage of job (MB)
	5668  -  ResidentSetSize of job (KB)
...
006 (462006.000.000) 11/01 08:09:02 Image size of job updated: 791840
	67  -  MemoryUsage of job (MB)
	67768  -  ResidentSetSize of job (KB)
...
006 (462006.000.000) 11/01 08:54:05 Image size of job updated: 791840
	105  -  MemoryUsage of job (MB)
	106696  -  ResidentSetSize of job (KB)
...
040 (462006.000.000) 11/01 08:58:21 Started transferring output files
...
040 (462006.000.000) 11/01 08:58:21 Finished transferring output files
...
005 (462006.000.000) 11/01 08:58:22 Job terminated.
	(1) Normal termination (return value 0)
		Usr 0 00:03:59, Sys 0 00:00:31  -  Run Remote Usage
		Usr 0 00:00:00, Sys 0 00:00:00  -  Run Local Usage
		Usr 0 00:03:59, Sys 0 00:00:31  -  Total Remote Usage
		Usr 0 00:00:00, Sys 0 00:00:00  -  Total Local Usage
	130675  -  Run Bytes Sent By Job
	43945  -  Run Bytes Received By Job
	130675  -  Total Bytes Sent By Job
	43945  -  Total Bytes Received By Job
	Partitionable Resources :      Usage  Request Allocated 
	   Cpus                 :       0.01        1         1 
	   Disk (KB)            : 3711448          45   2973306 
	   Memory (MB)          :     105        2000      2000 

	Job terminated of its own accord at 2021-11-01T07:58:21Z.
...
