000 (461848.000.000) 11/01 07:55:13 Job submitted from host: <188.185.121.235:9618?addrs=188.185.121.235-9618+[2001-1458-d00-49--100-36e]-9618&alias=bigbird22.cern.ch&noUDP&sock=schedd_1778_237a>
...
040 (461848.000.000) 11/01 08:02:53 Started transferring input files
	Transferring to host: <128.142.60.169:9618?addrs=128.142.60.169-9618+[2001-1458-301-22--100-a8]-9618&alias=b7s05p7965.cern.ch&noUDP&sock=slot1_25_3638_0ccd_28142>
...
040 (461848.000.000) 11/01 08:02:53 Finished transferring input files
...
001 (461848.000.000) 11/01 08:02:53 Job executing on host: <128.142.60.169:9618?addrs=128.142.60.169-9618+[2001-1458-301-22--100-a8]-9618&alias=b7s05p7965.cern.ch&noUDP&sock=startd_3582_8854>
...
006 (461848.000.000) 11/01 08:03:01 Image size of job updated: 625828
	19  -  MemoryUsage of job (MB)
	18912  -  ResidentSetSize of job (KB)
...
006 (461848.000.000) 11/01 08:08:01 Image size of job updated: 791832
	67  -  MemoryUsage of job (MB)
	67760  -  ResidentSetSize of job (KB)
...
040 (461848.000.000) 11/01 08:18:24 Started transferring output files
...
040 (461848.000.000) 11/01 08:18:24 Finished transferring output files
...
005 (461848.000.000) 11/01 08:18:24 Job terminated.
	(1) Normal termination (return value 0)
		Usr 0 00:00:16, Sys 0 00:00:04  -  Run Remote Usage
		Usr 0 00:00:00, Sys 0 00:00:00  -  Run Local Usage
		Usr 0 00:00:16, Sys 0 00:00:04  -  Total Remote Usage
		Usr 0 00:00:00, Sys 0 00:00:00  -  Total Local Usage
	86236  -  Run Bytes Sent By Job
	43945  -  Run Bytes Received By Job
	86236  -  Total Bytes Sent By Job
	43945  -  Total Bytes Received By Job
	Partitionable Resources :     Usage  Request Allocated 
	   Cpus                 :      0.00        1         1 
	   Disk (KB)            : 541069          45   1268971 
	   Memory (MB)          :     67        2000      2000 

	Job terminated of its own accord at 2021-11-01T07:18:24Z.
...
