000 (462197.000.000) 11/01 08:02:08 Job submitted from host: <188.185.121.235:9618?addrs=188.185.121.235-9618+[2001-1458-d00-49--100-36e]-9618&alias=bigbird22.cern.ch&noUDP&sock=schedd_1778_237a>
...
040 (462197.000.000) 11/01 08:05:44 Started transferring input files
	Transferring to host: <188.184.162.215:9618?addrs=188.184.162.215-9618+[2001-1458-301-4a--100-d1]-9618&alias=b7s11p5078.cern.ch&noUDP&sock=slot1_27_201398_dc37_36745>
...
040 (462197.000.000) 11/01 08:05:44 Finished transferring input files
...
001 (462197.000.000) 11/01 08:05:44 Job executing on host: <188.184.162.215:9618?addrs=188.184.162.215-9618+[2001-1458-301-4a--100-d1]-9618&alias=b7s11p5078.cern.ch&noUDP&sock=startd_199546_8975>
...
006 (462197.000.000) 11/01 08:05:53 Image size of job updated: 12936
	13  -  MemoryUsage of job (MB)
	12796  -  ResidentSetSize of job (KB)
...
006 (462197.000.000) 11/01 08:10:54 Image size of job updated: 791840
	67  -  MemoryUsage of job (MB)
	67768  -  ResidentSetSize of job (KB)
...
040 (462197.000.000) 11/01 09:10:34 Started transferring output files
...
040 (462197.000.000) 11/01 09:10:34 Finished transferring output files
...
005 (462197.000.000) 11/01 09:10:35 Job terminated.
	(1) Normal termination (return value 0)
		Usr 0 00:02:29, Sys 0 00:00:25  -  Run Remote Usage
		Usr 0 00:00:00, Sys 0 00:00:00  -  Run Local Usage
		Usr 0 00:02:29, Sys 0 00:00:25  -  Total Remote Usage
		Usr 0 00:00:00, Sys 0 00:00:00  -  Total Local Usage
	121155  -  Run Bytes Sent By Job
	43945  -  Run Bytes Received By Job
	121155  -  Total Bytes Sent By Job
	43945  -  Total Bytes Received By Job
	Partitionable Resources :      Usage  Request Allocated 
	   Cpus                 :       0.01        1         1 
	   Disk (KB)            : 2754640          45   3090623 
	   Memory (MB)          :      67        2000      2000 

	Job terminated of its own accord at 2021-11-01T08:10:34Z.
...
