000 (462039.000.000) 11/01 07:58:12 Job submitted from host: <188.185.121.235:9618?addrs=188.185.121.235-9618+[2001-1458-d00-49--100-36e]-9618&alias=bigbird22.cern.ch&noUDP&sock=schedd_1778_237a>
...
040 (462039.000.000) 11/01 08:04:08 Started transferring input files
	Transferring to host: <128.142.128.78:9618?addrs=128.142.128.78-9618&alias=b7g25p7810.cern.ch&noUDP&sock=slot1_55_6344_abfb_3459>
...
040 (462039.000.000) 11/01 08:04:08 Finished transferring input files
...
001 (462039.000.000) 11/01 08:04:08 Job executing on host: <128.142.128.78:9618?addrs=128.142.128.78-9618&alias=b7g25p7810.cern.ch&noUDP&sock=startd_5084_c794>
...
006 (462039.000.000) 11/01 08:04:17 Image size of job updated: 38672
	38  -  MemoryUsage of job (MB)
	38672  -  ResidentSetSize of job (KB)
...
006 (462039.000.000) 11/01 08:09:17 Image size of job updated: 791816
	67  -  MemoryUsage of job (MB)
	67756  -  ResidentSetSize of job (KB)
...
006 (462039.000.000) 11/01 08:34:20 Image size of job updated: 791816
	106  -  MemoryUsage of job (MB)
	107884  -  ResidentSetSize of job (KB)
...
040 (462039.000.000) 11/01 08:36:39 Started transferring output files
...
040 (462039.000.000) 11/01 08:36:39 Finished transferring output files
...
005 (462039.000.000) 11/01 08:36:39 Job terminated.
	(1) Normal termination (return value 0)
		Usr 0 00:02:18, Sys 0 00:00:24  -  Run Remote Usage
		Usr 0 00:00:00, Sys 0 00:00:00  -  Run Local Usage
		Usr 0 00:02:18, Sys 0 00:00:24  -  Total Remote Usage
		Usr 0 00:00:00, Sys 0 00:00:00  -  Total Local Usage
	133570  -  Run Bytes Sent By Job
	43945  -  Run Bytes Received By Job
	133570  -  Total Bytes Sent By Job
	43945  -  Total Bytes Received By Job
	Partitionable Resources :      Usage  Request Allocated 
	   Cpus                 :       0.01        1         1 
	   Disk (KB)            : 3711663          45   2772558 
	   Memory (MB)          :     106        2000      2000 

	Job terminated of its own accord at 2021-11-01T07:36:39Z.
...
