000 (461971.000.000) 11/01 07:57:07 Job submitted from host: <188.185.121.235:9618?addrs=188.185.121.235-9618+[2001-1458-d00-49--100-36e]-9618&alias=bigbird22.cern.ch&noUDP&sock=schedd_1778_237a>
...
040 (461971.000.000) 11/01 08:03:43 Started transferring input files
	Transferring to host: <128.142.128.117:9618?addrs=128.142.128.117-9618+[2001-1458-301-10--100-74]-9618&alias=b7g25p9576.cern.ch&noUDP&sock=slot1_39_24489_773d_25951>
...
040 (461971.000.000) 11/01 08:03:43 Finished transferring input files
...
001 (461971.000.000) 11/01 08:03:43 Job executing on host: <128.142.128.117:9618?addrs=128.142.128.117-9618+[2001-1458-301-10--100-74]-9618&alias=b7g25p9576.cern.ch&noUDP&sock=startd_22845_592a>
...
006 (461971.000.000) 11/01 08:03:51 Image size of job updated: 3460
	4  -  MemoryUsage of job (MB)
	3460  -  ResidentSetSize of job (KB)
...
006 (461971.000.000) 11/01 08:08:51 Image size of job updated: 791844
	38  -  MemoryUsage of job (MB)
	37956  -  ResidentSetSize of job (KB)
...
006 (461971.000.000) 11/01 08:13:52 Image size of job updated: 791844
	67  -  MemoryUsage of job (MB)
	67764  -  ResidentSetSize of job (KB)
...
040 (461971.000.000) 11/01 09:33:00 Started transferring output files
...
040 (461971.000.000) 11/01 09:33:00 Finished transferring output files
...
005 (461971.000.000) 11/01 09:33:00 Job terminated.
	(1) Normal termination (return value 0)
		Usr 0 00:02:12, Sys 0 00:00:20  -  Run Remote Usage
		Usr 0 00:00:00, Sys 0 00:00:00  -  Run Local Usage
		Usr 0 00:02:12, Sys 0 00:00:20  -  Total Remote Usage
		Usr 0 00:00:00, Sys 0 00:00:00  -  Total Local Usage
	124279  -  Run Bytes Sent By Job
	43945  -  Run Bytes Received By Job
	124279  -  Total Bytes Sent By Job
	43945  -  Total Bytes Received By Job
	Partitionable Resources :      Usage  Request Allocated 
	   Cpus                 :       0.00        1         1 
	   Disk (KB)            : 3711812          45   3021636 
	   Memory (MB)          :      67        2000      2000 

	Job terminated of its own accord at 2021-11-01T08:32:59Z.
...
