000 (461877.000.000) 11/01 07:55:43 Job submitted from host: <188.185.121.235:9618?addrs=188.185.121.235-9618+[2001-1458-d00-49--100-36e]-9618&alias=bigbird22.cern.ch&noUDP&sock=schedd_1778_237a>
...
040 (461877.000.000) 11/01 08:03:02 Started transferring input files
	Transferring to host: <188.184.162.227:9618?addrs=188.184.162.227-9618+[2001-1458-301-4a--100-dd]-9618&alias=b7s11p3934.cern.ch&noUDP&sock=slot1_38_201759_37a6_36349>
...
040 (461877.000.000) 11/01 08:03:02 Finished transferring input files
...
001 (461877.000.000) 11/01 08:03:02 Job executing on host: <188.184.162.227:9618?addrs=188.184.162.227-9618+[2001-1458-301-4a--100-dd]-9618&alias=b7s11p3934.cern.ch&noUDP&sock=startd_199325_f307>
...
006 (461877.000.000) 11/01 08:03:11 Image size of job updated: 7052
	7  -  MemoryUsage of job (MB)
	7052  -  ResidentSetSize of job (KB)
...
006 (461877.000.000) 11/01 08:08:12 Image size of job updated: 791840
	67  -  MemoryUsage of job (MB)
	67772  -  ResidentSetSize of job (KB)
...
040 (461877.000.000) 11/01 08:19:35 Started transferring output files
...
040 (461877.000.000) 11/01 08:19:35 Finished transferring output files
...
005 (461877.000.000) 11/01 08:19:36 Job terminated.
	(1) Normal termination (return value 0)
		Usr 0 00:00:28, Sys 0 00:00:04  -  Run Remote Usage
		Usr 0 00:00:00, Sys 0 00:00:00  -  Run Local Usage
		Usr 0 00:00:28, Sys 0 00:00:04  -  Total Remote Usage
		Usr 0 00:00:00, Sys 0 00:00:00  -  Total Local Usage
	86210  -  Run Bytes Sent By Job
	43945  -  Run Bytes Received By Job
	86210  -  Total Bytes Sent By Job
	43945  -  Total Bytes Received By Job
	Partitionable Resources :     Usage  Request Allocated 
	   Cpus                 :      0.00        1         1 
	   Disk (KB)            : 541080          45   2964824 
	   Memory (MB)          :     67        2000      2000 

	Job terminated of its own accord at 2021-11-01T07:19:35Z.
...
