000 (462037.000.000) 11/01 07:58:11 Job submitted from host: <188.185.121.235:9618?addrs=188.185.121.235-9618+[2001-1458-d00-49--100-36e]-9618&alias=bigbird22.cern.ch&noUDP&sock=schedd_1778_237a>
...
040 (462037.000.000) 11/01 08:04:08 Started transferring input files
	Transferring to host: <128.142.193.174:9618?addrs=128.142.193.174-9618+[2001-1458-301-8--100-2a]-9618&alias=b7g21p5278.cern.ch&noUDP&sock=slot1_25_13198_ef52_11355>
...
040 (462037.000.000) 11/01 08:04:08 Finished transferring input files
...
001 (462037.000.000) 11/01 08:04:08 Job executing on host: <128.142.193.174:9618?addrs=128.142.193.174-9618+[2001-1458-301-8--100-2a]-9618&alias=b7g21p5278.cern.ch&noUDP&sock=startd_3574_0b92>
...
006 (462037.000.000) 11/01 08:04:17 Image size of job updated: 767180
	36  -  MemoryUsage of job (MB)
	36356  -  ResidentSetSize of job (KB)
...
006 (462037.000.000) 11/01 08:09:18 Image size of job updated: 791812
	67  -  MemoryUsage of job (MB)
	67752  -  ResidentSetSize of job (KB)
...
006 (462037.000.000) 11/01 08:34:19 Image size of job updated: 791812
	135  -  MemoryUsage of job (MB)
	137868  -  ResidentSetSize of job (KB)
...
040 (462037.000.000) 11/01 08:36:27 Started transferring output files
...
040 (462037.000.000) 11/01 08:36:28 Finished transferring output files
...
005 (462037.000.000) 11/01 08:36:28 Job terminated.
	(1) Normal termination (return value 0)
		Usr 0 00:03:50, Sys 0 00:01:02  -  Run Remote Usage
		Usr 0 00:00:00, Sys 0 00:00:00  -  Run Local Usage
		Usr 0 00:03:50, Sys 0 00:01:02  -  Total Remote Usage
		Usr 0 00:00:00, Sys 0 00:00:00  -  Total Local Usage
	133071  -  Run Bytes Sent By Job
	43945  -  Run Bytes Received By Job
	133071  -  Total Bytes Sent By Job
	43945  -  Total Bytes Received By Job
	Partitionable Resources :      Usage  Request Allocated 
	   Cpus                 :       0.02        1         1 
	   Disk (KB)            : 3711796          45   1397929 
	   Memory (MB)          :     135        2000      2000 

	Job terminated of its own accord at 2021-11-01T07:36:27Z.
...
