000 (462144.000.000) 11/01 08:00:44 Job submitted from host: <188.185.121.235:9618?addrs=188.185.121.235-9618+[2001-1458-d00-49--100-36e]-9618&alias=bigbird22.cern.ch&noUDP&sock=schedd_1778_237a>
...
040 (462144.000.000) 11/01 08:05:14 Started transferring input files
	Transferring to host: <128.142.61.23:9618?addrs=128.142.61.23-9618+[2001-1458-301-23--100-16]-9618&alias=b7s06p6194.cern.ch&noUDP&sock=slot1_12_3660_8d0e_36915>
...
001 (462144.000.000) 11/01 08:05:14 Job executing on host: <128.142.61.23:9618?addrs=128.142.61.23-9618+[2001-1458-301-23--100-16]-9618&alias=b7s06p6194.cern.ch&noUDP&sock=startd_3588_a5e5>
...
040 (462144.000.000) 11/01 08:05:14 Finished transferring input files
...
006 (462144.000.000) 11/01 08:05:23 Image size of job updated: 625828
	5  -  MemoryUsage of job (MB)
	5104  -  ResidentSetSize of job (KB)
...
006 (462144.000.000) 11/01 08:10:24 Image size of job updated: 791836
	67  -  MemoryUsage of job (MB)
	67756  -  ResidentSetSize of job (KB)
...
006 (462144.000.000) 11/01 09:10:29 Image size of job updated: 791836
	137  -  MemoryUsage of job (MB)
	139996  -  ResidentSetSize of job (KB)
...
040 (462144.000.000) 11/01 09:10:38 Started transferring output files
...
040 (462144.000.000) 11/01 09:10:38 Finished transferring output files
...
005 (462144.000.000) 11/01 09:10:38 Job terminated.
	(1) Normal termination (return value 0)
		Usr 0 00:01:04, Sys 0 00:00:18  -  Run Remote Usage
		Usr 0 00:00:00, Sys 0 00:00:00  -  Run Local Usage
		Usr 0 00:01:04, Sys 0 00:00:18  -  Total Remote Usage
		Usr 0 00:00:00, Sys 0 00:00:00  -  Total Local Usage
	121076  -  Run Bytes Sent By Job
	43945  -  Run Bytes Received By Job
	121076  -  Total Bytes Sent By Job
	43945  -  Total Bytes Received By Job
	Partitionable Resources :      Usage  Request Allocated 
	   Cpus                 :       0.01        1         1 
	   Disk (KB)            : 2759709          45   1306351 
	   Memory (MB)          :     137        2000      2000 

	Job terminated of its own accord at 2021-11-01T08:10:38Z.
...
