000 (461948.000.000) 11/01 07:56:50 Job submitted from host: <188.185.121.235:9618?addrs=188.185.121.235-9618+[2001-1458-d00-49--100-36e]-9618&alias=bigbird22.cern.ch&noUDP&sock=schedd_1778_237a>
...
040 (461948.000.000) 11/01 08:03:31 Started transferring input files
	Transferring to host: <188.184.163.186:9618?addrs=188.184.163.186-9618+[2001-1458-301-4d--100-b4]-9618&alias=b7s12p5468.cern.ch&noUDP&sock=slot1_41_4257_3106_4304>
...
040 (461948.000.000) 11/01 08:03:31 Finished transferring input files
...
001 (461948.000.000) 11/01 08:03:31 Job executing on host: <188.184.163.186:9618?addrs=188.184.163.186-9618+[2001-1458-301-4d--100-b4]-9618&alias=b7s12p5468.cern.ch&noUDP&sock=startd_3473_c481>
...
006 (461948.000.000) 11/01 08:03:39 Image size of job updated: 41380
	41  -  MemoryUsage of job (MB)
	41380  -  ResidentSetSize of job (KB)
...
006 (461948.000.000) 11/01 08:08:00 Image size of job updated: 791832
	41  -  MemoryUsage of job (MB)
	41392  -  ResidentSetSize of job (KB)
...
040 (461948.000.000) 11/01 08:08:00 Started transferring output files
...
040 (461948.000.000) 11/01 08:08:00 Finished transferring output files
...
005 (461948.000.000) 11/01 08:08:01 Job terminated.
	(1) Normal termination (return value 0)
		Usr 0 00:00:25, Sys 0 00:00:05  -  Run Remote Usage
		Usr 0 00:00:00, Sys 0 00:00:00  -  Run Local Usage
		Usr 0 00:00:25, Sys 0 00:00:05  -  Total Remote Usage
		Usr 0 00:00:00, Sys 0 00:00:00  -  Total Local Usage
	85938  -  Run Bytes Sent By Job
	43945  -  Run Bytes Received By Job
	85938  -  Total Bytes Sent By Job
	43945  -  Total Bytes Received By Job
	Partitionable Resources :    Usage  Request Allocated 
	   Cpus                 :                 1         1 
	   Disk (KB)            :   540593       45   2990085 
	   Memory (MB)          :       41     2000      2000 

	Job terminated of its own accord at 2021-11-01T07:08:00Z.
...
