000 (462000.000.000) 11/01 07:57:37 Job submitted from host: <188.185.121.235:9618?addrs=188.185.121.235-9618+[2001-1458-d00-49--100-36e]-9618&alias=bigbird22.cern.ch&noUDP&sock=schedd_1778_237a>
...
040 (462000.000.000) 11/01 08:03:52 Started transferring input files
	Transferring to host: <128.142.56.24:9618?addrs=128.142.56.24-9618+[2001-1458-301-6--100-17]-9618&alias=b7s01p4185.cern.ch&noUDP&sock=slot1_29_3668_300e_27684>
...
040 (462000.000.000) 11/01 08:03:52 Finished transferring input files
...
001 (462000.000.000) 11/01 08:03:52 Job executing on host: <128.142.56.24:9618?addrs=128.142.56.24-9618+[2001-1458-301-6--100-17]-9618&alias=b7s01p4185.cern.ch&noUDP&sock=startd_3135_ed7e>
...
006 (462000.000.000) 11/01 08:04:01 Image size of job updated: 625828
	8  -  MemoryUsage of job (MB)
	8036  -  ResidentSetSize of job (KB)
...
006 (462000.000.000) 11/01 08:09:02 Image size of job updated: 791836
	64  -  MemoryUsage of job (MB)
	65296  -  ResidentSetSize of job (KB)
...
006 (462000.000.000) 11/01 08:14:03 Image size of job updated: 791836
	67  -  MemoryUsage of job (MB)
	67764  -  ResidentSetSize of job (KB)
...
006 (462000.000.000) 11/01 09:29:11 Image size of job updated: 791836
	166  -  MemoryUsage of job (MB)
	168984  -  ResidentSetSize of job (KB)
...
040 (462000.000.000) 11/01 09:29:11 Started transferring output files
...
040 (462000.000.000) 11/01 09:29:11 Finished transferring output files
...
005 (462000.000.000) 11/01 09:29:12 Job terminated.
	(1) Normal termination (return value 0)
		Usr 0 00:02:15, Sys 0 00:00:30  -  Run Remote Usage
		Usr 0 00:00:00, Sys 0 00:00:00  -  Run Local Usage
		Usr 0 00:02:15, Sys 0 00:00:30  -  Total Remote Usage
		Usr 0 00:00:00, Sys 0 00:00:00  -  Total Local Usage
	133390  -  Run Bytes Sent By Job
	43945  -  Run Bytes Received By Job
	133390  -  Total Bytes Sent By Job
	43945  -  Total Bytes Received By Job
	Partitionable Resources :      Usage  Request Allocated 
	   Cpus                 :       0.01        1         1 
	   Disk (KB)            : 3710633          45   1350120 
	   Memory (MB)          :     166        2000      2000 

	Job terminated of its own accord at 2021-11-01T08:29:11Z.
...
