000 (461988.000.000) 11/01 07:57:26 Job submitted from host: <188.185.121.235:9618?addrs=188.185.121.235-9618+[2001-1458-d00-49--100-36e]-9618&alias=bigbird22.cern.ch&noUDP&sock=schedd_1778_237a>
...
040 (461988.000.000) 11/01 08:03:48 Started transferring input files
	Transferring to host: <128.142.137.157:9618?addrs=128.142.137.157-9618+[2001-1458-301-5e--100-91]-9618&alias=b7g19p0118.cern.ch&noUDP&sock=slot1_21_25365_afe1_10645>
...
040 (461988.000.000) 11/01 08:03:48 Finished transferring input files
...
001 (461988.000.000) 11/01 08:03:48 Job executing on host: <128.142.137.157:9618?addrs=128.142.137.157-9618+[2001-1458-301-5e--100-91]-9618&alias=b7g19p0118.cern.ch&noUDP&sock=startd_43100_97f4>
...
006 (461988.000.000) 11/01 08:03:57 Image size of job updated: 4760
	5  -  MemoryUsage of job (MB)
	4760  -  ResidentSetSize of job (KB)
...
006 (461988.000.000) 11/01 08:08:57 Image size of job updated: 791836
	67  -  MemoryUsage of job (MB)
	67756  -  ResidentSetSize of job (KB)
...
006 (461988.000.000) 11/01 08:33:59 Image size of job updated: 791836
	135  -  MemoryUsage of job (MB)
	137988  -  ResidentSetSize of job (KB)
...
040 (461988.000.000) 11/01 08:36:07 Started transferring output files
...
040 (461988.000.000) 11/01 08:36:07 Finished transferring output files
...
005 (461988.000.000) 11/01 08:36:07 Job terminated.
	(1) Normal termination (return value 0)
		Usr 0 00:03:42, Sys 0 00:00:54  -  Run Remote Usage
		Usr 0 00:00:00, Sys 0 00:00:00  -  Run Local Usage
		Usr 0 00:03:42, Sys 0 00:00:54  -  Total Remote Usage
		Usr 0 00:00:00, Sys 0 00:00:00  -  Total Local Usage
	127971  -  Run Bytes Sent By Job
	43945  -  Run Bytes Received By Job
	127971  -  Total Bytes Sent By Job
	43945  -  Total Bytes Received By Job
	Partitionable Resources :      Usage  Request Allocated 
	   Cpus                 :       0.01        1         1 
	   Disk (KB)            : 3711633          45   1622187 
	   Memory (MB)          :     135        2000      2000 

	Job terminated of its own accord at 2021-11-01T07:36:07Z.
...
