000 (462002.000.000) 11/01 07:57:39 Job submitted from host: <188.185.121.235:9618?addrs=188.185.121.235-9618+[2001-1458-d00-49--100-36e]-9618&alias=bigbird22.cern.ch&noUDP&sock=schedd_1778_237a>
...
040 (462002.000.000) 11/01 08:03:54 Started transferring input files
	Transferring to host: <128.142.60.169:9618?addrs=128.142.60.169-9618+[2001-1458-301-22--100-a8]-9618&alias=b7s05p7965.cern.ch&noUDP&sock=slot1_28_3638_0ccd_28143>
...
040 (462002.000.000) 11/01 08:03:54 Finished transferring input files
...
001 (462002.000.000) 11/01 08:03:54 Job executing on host: <128.142.60.169:9618?addrs=128.142.60.169-9618+[2001-1458-301-22--100-a8]-9618&alias=b7s05p7965.cern.ch&noUDP&sock=startd_3582_8854>
...
006 (462002.000.000) 11/01 08:04:02 Image size of job updated: 625828
	5  -  MemoryUsage of job (MB)
	4644  -  ResidentSetSize of job (KB)
...
006 (462002.000.000) 11/01 08:09:02 Image size of job updated: 791836
	67  -  MemoryUsage of job (MB)
	67764  -  ResidentSetSize of job (KB)
...
006 (462002.000.000) 11/01 08:34:06 Image size of job updated: 791836
	194  -  MemoryUsage of job (MB)
	198300  -  ResidentSetSize of job (KB)
...
040 (462002.000.000) 11/01 08:34:16 Started transferring output files
...
040 (462002.000.000) 11/01 08:34:16 Finished transferring output files
...
005 (462002.000.000) 11/01 08:34:16 Job terminated.
	(1) Normal termination (return value 0)
		Usr 0 00:02:09, Sys 0 00:00:30  -  Run Remote Usage
		Usr 0 00:00:00, Sys 0 00:00:00  -  Run Local Usage
		Usr 0 00:02:09, Sys 0 00:00:30  -  Total Remote Usage
		Usr 0 00:00:00, Sys 0 00:00:00  -  Total Local Usage
	127820  -  Run Bytes Sent By Job
	43945  -  Run Bytes Received By Job
	127820  -  Total Bytes Sent By Job
	43945  -  Total Bytes Received By Job
	Partitionable Resources :      Usage  Request Allocated 
	   Cpus                 :       0.01        1         1 
	   Disk (KB)            : 3711760          45   1268355 
	   Memory (MB)          :     194        2000      2000 

	Job terminated of its own accord at 2021-11-01T07:34:16Z.
...
