000 (461874.000.000) 11/01 07:55:37 Job submitted from host: <188.185.121.235:9618?addrs=188.185.121.235-9618+[2001-1458-d00-49--100-36e]-9618&alias=bigbird22.cern.ch&noUDP&sock=schedd_1778_237a>
...
040 (461874.000.000) 11/01 08:03:01 Started transferring input files
	Transferring to host: <128.142.57.118:9618?addrs=128.142.57.118-9618+[2001-1458-301-7--100-75]-9618&alias=b7s02p2058.cern.ch&noUDP&sock=slot1_18_4585_4c14_28009>
...
040 (461874.000.000) 11/01 08:03:01 Finished transferring input files
...
001 (461874.000.000) 11/01 08:03:01 Job executing on host: <128.142.57.118:9618?addrs=128.142.57.118-9618+[2001-1458-301-7--100-75]-9618&alias=b7s02p2058.cern.ch&noUDP&sock=startd_4163_0cda>
...
006 (461874.000.000) 11/01 08:03:10 Image size of job updated: 625828
	13  -  MemoryUsage of job (MB)
	12320  -  ResidentSetSize of job (KB)
...
006 (461874.000.000) 11/01 08:08:10 Image size of job updated: 791836
	67  -  MemoryUsage of job (MB)
	67760  -  ResidentSetSize of job (KB)
...
040 (461874.000.000) 11/01 08:17:53 Started transferring output files
...
040 (461874.000.000) 11/01 08:17:53 Finished transferring output files
...
005 (461874.000.000) 11/01 08:17:53 Job terminated.
	(1) Normal termination (return value 0)
		Usr 0 00:00:16, Sys 0 00:00:04  -  Run Remote Usage
		Usr 0 00:00:00, Sys 0 00:00:00  -  Run Local Usage
		Usr 0 00:00:16, Sys 0 00:00:04  -  Total Remote Usage
		Usr 0 00:00:00, Sys 0 00:00:00  -  Total Local Usage
	86232  -  Run Bytes Sent By Job
	43945  -  Run Bytes Received By Job
	86232  -  Total Bytes Sent By Job
	43945  -  Total Bytes Received By Job
	Partitionable Resources :     Usage  Request Allocated 
	   Cpus                 :      0.01        1         1 
	   Disk (KB)            : 541060          45   1245963 
	   Memory (MB)          :     67        2000      2000 

	Job terminated of its own accord at 2021-11-01T07:17:53Z.
...
