000 (461994.000.000) 11/01 07:57:32 Job submitted from host: <188.185.121.235:9618?addrs=188.185.121.235-9618+[2001-1458-d00-49--100-36e]-9618&alias=bigbird22.cern.ch&noUDP&sock=schedd_1778_237a>
...
040 (461994.000.000) 11/01 08:03:50 Started transferring input files
	Transferring to host: <128.142.58.102:9618?addrs=128.142.58.102-9618+[2001-1458-301-16--100-65]-9618&alias=b7s03p1966.cern.ch&noUDP&sock=slot1_51_3203_8d9b_27753>
...
040 (461994.000.000) 11/01 08:03:50 Finished transferring input files
...
001 (461994.000.000) 11/01 08:03:50 Job executing on host: <128.142.58.102:9618?addrs=128.142.58.102-9618+[2001-1458-301-16--100-65]-9618&alias=b7s03p1966.cern.ch&noUDP&sock=startd_2642_c54e>
...
006 (461994.000.000) 11/01 08:03:59 Image size of job updated: 461972
	4  -  MemoryUsage of job (MB)
	3432  -  ResidentSetSize of job (KB)
...
006 (461994.000.000) 11/01 08:09:00 Image size of job updated: 791836
	35  -  MemoryUsage of job (MB)
	35768  -  ResidentSetSize of job (KB)
...
006 (461994.000.000) 11/01 08:14:01 Image size of job updated: 791836
	47  -  MemoryUsage of job (MB)
	47804  -  ResidentSetSize of job (KB)
...
006 (461994.000.000) 11/01 08:19:01 Image size of job updated: 791836
	67  -  MemoryUsage of job (MB)
	67760  -  ResidentSetSize of job (KB)
...
006 (461994.000.000) 11/01 10:09:13 Image size of job updated: 791836
	135  -  MemoryUsage of job (MB)
	137480  -  ResidentSetSize of job (KB)
...
040 (461994.000.000) 11/01 10:10:47 Started transferring output files
...
040 (461994.000.000) 11/01 10:10:47 Finished transferring output files
...
005 (461994.000.000) 11/01 10:10:48 Job terminated.
	(1) Normal termination (return value 0)
		Usr 0 00:02:07, Sys 0 00:00:25  -  Run Remote Usage
		Usr 0 00:00:00, Sys 0 00:00:00  -  Run Local Usage
		Usr 0 00:02:07, Sys 0 00:00:25  -  Total Remote Usage
		Usr 0 00:00:00, Sys 0 00:00:00  -  Total Local Usage
	131874  -  Run Bytes Sent By Job
	43945  -  Run Bytes Received By Job
	131874  -  Total Bytes Sent By Job
	43945  -  Total Bytes Received By Job
	Partitionable Resources :      Usage  Request Allocated 
	   Cpus                 :       0.00        1         1 
	   Disk (KB)            : 3710541          45   1288721 
	   Memory (MB)          :     135        2000      2000 

	Job terminated of its own accord at 2021-11-01T09:10:47Z.
...
