000 (462078.000.000) 11/01 07:59:02 Job submitted from host: <188.185.121.235:9618?addrs=188.185.121.235-9618+[2001-1458-d00-49--100-36e]-9618&alias=bigbird22.cern.ch&noUDP&sock=schedd_1778_237a>
...
040 (462078.000.000) 11/01 08:04:27 Started transferring input files
	Transferring to host: <188.184.162.156:9618?addrs=188.184.162.156-9618+[2001-1458-301-4a--100-96]-9618&alias=b7s11p3778.cern.ch&noUDP&sock=slot1_37_260190_248e_34226>
...
040 (462078.000.000) 11/01 08:04:27 Finished transferring input files
...
001 (462078.000.000) 11/01 08:04:27 Job executing on host: <188.184.162.156:9618?addrs=188.184.162.156-9618+[2001-1458-301-4a--100-96]-9618&alias=b7s11p3778.cern.ch&noUDP&sock=startd_135093_23d1>
...
006 (462078.000.000) 11/01 08:04:38 Image size of job updated: 4748
	5  -  MemoryUsage of job (MB)
	4748  -  ResidentSetSize of job (KB)
...
006 (462078.000.000) 11/01 08:09:39 Image size of job updated: 791840
	50  -  MemoryUsage of job (MB)
	50316  -  ResidentSetSize of job (KB)
...
006 (462078.000.000) 11/01 08:14:39 Image size of job updated: 791840
	67  -  MemoryUsage of job (MB)
	67772  -  ResidentSetSize of job (KB)
...
006 (462078.000.000) 11/01 08:54:44 Image size of job updated: 791840
	104  -  MemoryUsage of job (MB)
	106140  -  ResidentSetSize of job (KB)
...
040 (462078.000.000) 11/01 08:58:04 Started transferring output files
...
040 (462078.000.000) 11/01 08:58:04 Finished transferring output files
...
005 (462078.000.000) 11/01 08:58:04 Job terminated.
	(1) Normal termination (return value 0)
		Usr 0 00:03:49, Sys 0 00:00:37  -  Run Remote Usage
		Usr 0 00:00:00, Sys 0 00:00:00  -  Run Local Usage
		Usr 0 00:03:49, Sys 0 00:00:37  -  Total Remote Usage
		Usr 0 00:00:00, Sys 0 00:00:00  -  Total Local Usage
	130716  -  Run Bytes Sent By Job
	43945  -  Run Bytes Received By Job
	130716  -  Total Bytes Sent By Job
	43945  -  Total Bytes Received By Job
	Partitionable Resources :      Usage  Request Allocated 
	   Cpus                 :       0.01        1         1 
	   Disk (KB)            : 3718981          45   2997196 
	   Memory (MB)          :     104        2000      2000 

	Job terminated of its own accord at 2021-11-01T07:58:04Z.
...
