000 (462181.000.000) 11/01 08:01:36 Job submitted from host: <188.185.121.235:9618?addrs=188.185.121.235-9618+[2001-1458-d00-49--100-36e]-9618&alias=bigbird22.cern.ch&noUDP&sock=schedd_1778_237a>
...
040 (462181.000.000) 11/01 08:05:36 Started transferring input files
	Transferring to host: <128.142.137.50:9618?addrs=128.142.137.50-9618+[2001-1458-301-5e--100-26]-9618&alias=b7g19p8616.cern.ch&noUDP&sock=slot1_21_27497_dfb7_10380>
...
040 (462181.000.000) 11/01 08:05:36 Finished transferring input files
...
001 (462181.000.000) 11/01 08:05:36 Job executing on host: <128.142.137.50:9618?addrs=128.142.137.50-9618+[2001-1458-301-5e--100-26]-9618&alias=b7g19p8616.cern.ch&noUDP&sock=startd_7540_642d>
...
006 (462181.000.000) 11/01 08:05:45 Image size of job updated: 11420
	12  -  MemoryUsage of job (MB)
	11420  -  ResidentSetSize of job (KB)
...
006 (462181.000.000) 11/01 08:10:46 Image size of job updated: 791832
	67  -  MemoryUsage of job (MB)
	67752  -  ResidentSetSize of job (KB)
...
040 (462181.000.000) 11/01 08:39:43 Started transferring output files
...
040 (462181.000.000) 11/01 08:39:43 Finished transferring output files
...
005 (462181.000.000) 11/01 08:39:43 Job terminated.
	(1) Normal termination (return value 0)
		Usr 0 00:02:34, Sys 0 00:00:29  -  Run Remote Usage
		Usr 0 00:00:00, Sys 0 00:00:00  -  Run Local Usage
		Usr 0 00:02:34, Sys 0 00:00:29  -  Total Remote Usage
		Usr 0 00:00:00, Sys 0 00:00:00  -  Total Local Usage
	121113  -  Run Bytes Sent By Job
	43945  -  Run Bytes Received By Job
	121113  -  Total Bytes Sent By Job
	43945  -  Total Bytes Received By Job
	Partitionable Resources :      Usage  Request Allocated 
	   Cpus                 :       1.00        1         1 
	   Disk (KB)            : 2754313          45   1672583 
	   Memory (MB)          :      67        2000      2000 

	Job terminated of its own accord at 2021-11-01T07:39:43Z.
...
