000 (462133.000.000) 11/01 08:00:03 Job submitted from host: <188.185.121.235:9618?addrs=188.185.121.235-9618+[2001-1458-d00-49--100-36e]-9618&alias=bigbird22.cern.ch&noUDP&sock=schedd_1778_237a>
...
040 (462133.000.000) 11/01 08:04:54 Started transferring input files
	Transferring to host: <188.184.163.78:9618?addrs=188.184.163.78-9618+[2001-1458-301-4d--100-48]-9618&alias=b7s12p9878.cern.ch&noUDP&sock=slot1_8_7910_0f7b_14209>
...
040 (462133.000.000) 11/01 08:04:54 Finished transferring input files
...
001 (462133.000.000) 11/01 08:04:54 Job executing on host: <188.184.163.78:9618?addrs=188.184.163.78-9618+[2001-1458-301-4d--100-48]-9618&alias=b7s12p9878.cern.ch&noUDP&sock=startd_6374_9cc0>
...
006 (462133.000.000) 11/01 08:05:03 Image size of job updated: 767184
	15  -  MemoryUsage of job (MB)
	14796  -  ResidentSetSize of job (KB)
...
006 (462133.000.000) 11/01 08:10:04 Image size of job updated: 791836
	67  -  MemoryUsage of job (MB)
	67772  -  ResidentSetSize of job (KB)
...
040 (462133.000.000) 11/01 08:33:44 Started transferring output files
...
040 (462133.000.000) 11/01 08:33:44 Finished transferring output files
...
005 (462133.000.000) 11/01 08:33:45 Job terminated.
	(1) Normal termination (return value 0)
		Usr 0 00:02:26, Sys 0 00:00:24  -  Run Remote Usage
		Usr 0 00:00:00, Sys 0 00:00:00  -  Run Local Usage
		Usr 0 00:02:26, Sys 0 00:00:24  -  Total Remote Usage
		Usr 0 00:00:00, Sys 0 00:00:00  -  Total Local Usage
	121186  -  Run Bytes Sent By Job
	43945  -  Run Bytes Received By Job
	121186  -  Total Bytes Sent By Job
	43945  -  Total Bytes Received By Job
	Partitionable Resources :      Usage  Request Allocated 
	   Cpus                 :       0.01        1         1 
	   Disk (KB)            : 2758976          45   2933065 
	   Memory (MB)          :      67        2000      2000 

	Job terminated of its own accord at 2021-11-01T07:33:44Z.
...
