000 (462152.000.000) 11/01 08:00:53 Job submitted from host: <188.185.121.235:9618?addrs=188.185.121.235-9618+[2001-1458-d00-49--100-36e]-9618&alias=bigbird22.cern.ch&noUDP&sock=schedd_1778_237a>
...
040 (462152.000.000) 11/01 08:05:14 Started transferring input files
	Transferring to host: <128.142.57.84:9618?addrs=128.142.57.84-9618+[2001-1458-301-7--100-53]-9618&alias=b7s02p4931.cern.ch&noUDP&sock=slot1_5_3551_c029_35079>
...
040 (462152.000.000) 11/01 08:05:14 Finished transferring input files
...
001 (462152.000.000) 11/01 08:05:14 Job executing on host: <128.142.57.84:9618?addrs=128.142.57.84-9618+[2001-1458-301-7--100-53]-9618&alias=b7s02p4931.cern.ch&noUDP&sock=startd_3059_cc4c>
...
006 (462152.000.000) 11/01 08:05:23 Image size of job updated: 625828
	8  -  MemoryUsage of job (MB)
	8148  -  ResidentSetSize of job (KB)
...
006 (462152.000.000) 11/01 08:10:24 Image size of job updated: 791832
	67  -  MemoryUsage of job (MB)
	67752  -  ResidentSetSize of job (KB)
...
040 (462152.000.000) 11/01 08:28:35 Started transferring output files
...
040 (462152.000.000) 11/01 08:28:35 Finished transferring output files
...
005 (462152.000.000) 11/01 08:28:35 Job terminated.
	(1) Normal termination (return value 0)
		Usr 0 00:01:12, Sys 0 00:00:18  -  Run Remote Usage
		Usr 0 00:00:00, Sys 0 00:00:00  -  Run Local Usage
		Usr 0 00:01:12, Sys 0 00:00:18  -  Total Remote Usage
		Usr 0 00:00:00, Sys 0 00:00:00  -  Total Local Usage
	121168  -  Run Bytes Sent By Job
	43945  -  Run Bytes Received By Job
	121168  -  Total Bytes Sent By Job
	43945  -  Total Bytes Received By Job
	Partitionable Resources :      Usage  Request Allocated 
	   Cpus                 :       0.03        1         1 
	   Disk (KB)            : 2758888          45   1246400 
	   Memory (MB)          :      67        2000      2000 

	Job terminated of its own accord at 2021-11-01T07:28:35Z.
...
