000 (461912.000.000) 11/01 07:56:20 Job submitted from host: <188.185.121.235:9618?addrs=188.185.121.235-9618+[2001-1458-d00-49--100-36e]-9618&alias=bigbird22.cern.ch&noUDP&sock=schedd_1778_237a>
...
040 (461912.000.000) 11/01 08:03:14 Started transferring input files
	Transferring to host: <128.142.61.139:9618?addrs=128.142.61.139-9618+[2001-1458-301-23--100-8a]-9618&alias=b7s06p3121.cern.ch&noUDP&sock=slot1_46_3696_ea8f_32631>
...
040 (461912.000.000) 11/01 08:03:14 Finished transferring input files
...
001 (461912.000.000) 11/01 08:03:14 Job executing on host: <128.142.61.139:9618?addrs=128.142.61.139-9618+[2001-1458-301-23--100-8a]-9618&alias=b7s06p3121.cern.ch&noUDP&sock=startd_3633_83a8>
...
006 (461912.000.000) 11/01 08:03:23 Image size of job updated: 41408
	41  -  MemoryUsage of job (MB)
	41408  -  ResidentSetSize of job (KB)
...
006 (461912.000.000) 11/01 08:08:24 Image size of job updated: 791824
	67  -  MemoryUsage of job (MB)
	67760  -  ResidentSetSize of job (KB)
...
040 (461912.000.000) 11/01 08:12:32 Started transferring output files
...
040 (461912.000.000) 11/01 08:12:32 Finished transferring output files
...
005 (461912.000.000) 11/01 08:12:32 Job terminated.
	(1) Normal termination (return value 0)
		Usr 0 00:00:17, Sys 0 00:00:04  -  Run Remote Usage
		Usr 0 00:00:00, Sys 0 00:00:00  -  Run Local Usage
		Usr 0 00:00:17, Sys 0 00:00:04  -  Total Remote Usage
		Usr 0 00:00:00, Sys 0 00:00:00  -  Total Local Usage
	86216  -  Run Bytes Sent By Job
	43945  -  Run Bytes Received By Job
	86216  -  Total Bytes Sent By Job
	43945  -  Total Bytes Received By Job
	Partitionable Resources :    Usage  Request Allocated 
	   Cpus                 :                 1         1 
	   Disk (KB)            :   541055       45   1227535 
	   Memory (MB)          :       67     2000      2000 

	Job terminated of its own accord at 2021-11-01T07:12:32Z.
...
