000 (461888.000.000) 11/01 07:55:58 Job submitted from host: <188.185.121.235:9618?addrs=188.185.121.235-9618+[2001-1458-d00-49--100-36e]-9618&alias=bigbird22.cern.ch&noUDP&sock=schedd_1778_237a>
...
040 (461888.000.000) 11/01 08:03:06 Started transferring input files
	Transferring to host: <128.142.56.117:9618?addrs=128.142.56.117-9618+[2001-1458-301-6--100-74]-9618&alias=b7s01p0295.cern.ch&noUDP&sock=slot1_45_3235_199d_46644>
...
040 (461888.000.000) 11/01 08:03:06 Finished transferring input files
...
001 (461888.000.000) 11/01 08:03:06 Job executing on host: <128.142.56.117:9618?addrs=128.142.56.117-9618+[2001-1458-301-6--100-74]-9618&alias=b7s01p0295.cern.ch&noUDP&sock=startd_2688_52a9>
...
006 (461888.000.000) 11/01 08:03:15 Image size of job updated: 30872
	31  -  MemoryUsage of job (MB)
	30872  -  ResidentSetSize of job (KB)
...
006 (461888.000.000) 11/01 08:08:16 Image size of job updated: 791832
	67  -  MemoryUsage of job (MB)
	67760  -  ResidentSetSize of job (KB)
...
040 (461888.000.000) 11/01 08:09:37 Started transferring output files
...
040 (461888.000.000) 11/01 08:09:37 Finished transferring output files
...
005 (461888.000.000) 11/01 08:09:37 Job terminated.
	(1) Normal termination (return value 0)
		Usr 0 00:00:17, Sys 0 00:00:03  -  Run Remote Usage
		Usr 0 00:00:00, Sys 0 00:00:00  -  Run Local Usage
		Usr 0 00:00:17, Sys 0 00:00:03  -  Total Remote Usage
		Usr 0 00:00:00, Sys 0 00:00:00  -  Total Local Usage
	86230  -  Run Bytes Sent By Job
	43945  -  Run Bytes Received By Job
	86230  -  Total Bytes Sent By Job
	43945  -  Total Bytes Received By Job
	Partitionable Resources :     Usage  Request Allocated 
	   Cpus                 :      0.01        1         1 
	   Disk (KB)            : 541048          45   1328983 
	   Memory (MB)          :     67        2000      2000 

	Job terminated of its own accord at 2021-11-01T07:09:37Z.
...
