000 (462132.000.000) 11/01 08:00:01 Job submitted from host: <188.185.121.235:9618?addrs=188.185.121.235-9618+[2001-1458-d00-49--100-36e]-9618&alias=bigbird22.cern.ch&noUDP&sock=schedd_1778_237a>
...
040 (462132.000.000) 11/01 08:04:52 Started transferring input files
	Transferring to host: <128.142.61.21:9618?addrs=128.142.61.21-9618+[2001-1458-301-23--100-14]-9618&alias=b7s06p0152.cern.ch&noUDP&sock=slot1_16_5518_ae19_33053>
...
040 (462132.000.000) 11/01 08:04:52 Finished transferring input files
...
001 (462132.000.000) 11/01 08:04:52 Job executing on host: <128.142.61.21:9618?addrs=128.142.61.21-9618+[2001-1458-301-23--100-14]-9618&alias=b7s06p0152.cern.ch&noUDP&sock=startd_5070_2d40>
...
006 (462132.000.000) 11/01 08:05:01 Image size of job updated: 625828
	5  -  MemoryUsage of job (MB)
	4244  -  ResidentSetSize of job (KB)
...
006 (462132.000.000) 11/01 08:10:02 Image size of job updated: 791836
	67  -  MemoryUsage of job (MB)
	67752  -  ResidentSetSize of job (KB)
...
040 (462132.000.000) 11/01 08:32:31 Started transferring output files
...
040 (462132.000.000) 11/01 08:32:31 Finished transferring output files
...
005 (462132.000.000) 11/01 08:32:31 Job terminated.
	(1) Normal termination (return value 0)
		Usr 0 00:01:27, Sys 0 00:00:17  -  Run Remote Usage
		Usr 0 00:00:00, Sys 0 00:00:00  -  Run Local Usage
		Usr 0 00:01:27, Sys 0 00:00:17  -  Total Remote Usage
		Usr 0 00:00:00, Sys 0 00:00:00  -  Total Local Usage
	121069  -  Run Bytes Sent By Job
	43945  -  Run Bytes Received By Job
	121069  -  Total Bytes Sent By Job
	43945  -  Total Bytes Received By Job
	Partitionable Resources :      Usage  Request Allocated 
	   Cpus                 :       0.03        1         1 
	   Disk (KB)            : 2759023          45   1271802 
	   Memory (MB)          :      67        2000      2000 

	Job terminated of its own accord at 2021-11-01T07:32:31Z.
...
