000 (462149.000.000) 11/01 08:00:51 Job submitted from host: <188.185.121.235:9618?addrs=188.185.121.235-9618+[2001-1458-d00-49--100-36e]-9618&alias=bigbird22.cern.ch&noUDP&sock=schedd_1778_237a>
...
040 (462149.000.000) 11/01 08:05:13 Started transferring input files
	Transferring to host: <128.142.60.118:9618?addrs=128.142.60.118-9618+[2001-1458-301-22--100-75]-9618&alias=b7s05p8679.cern.ch&noUDP&sock=slot1_10_3672_018e_37186>
...
040 (462149.000.000) 11/01 08:05:13 Finished transferring input files
...
001 (462149.000.000) 11/01 08:05:13 Job executing on host: <128.142.60.118:9618?addrs=128.142.60.118-9618+[2001-1458-301-22--100-75]-9618&alias=b7s05p8679.cern.ch&noUDP&sock=startd_3619_e955>
...
006 (462149.000.000) 11/01 08:05:22 Image size of job updated: 625828
	13  -  MemoryUsage of job (MB)
	13088  -  ResidentSetSize of job (KB)
...
006 (462149.000.000) 11/01 08:10:24 Image size of job updated: 791832
	67  -  MemoryUsage of job (MB)
	67760  -  ResidentSetSize of job (KB)
...
040 (462149.000.000) 11/01 08:30:28 Entered queue to transfer output files
...
040 (462149.000.000) 11/01 08:30:30 Started transferring output files
...
040 (462149.000.000) 11/01 08:30:31 Finished transferring output files
...
005 (462149.000.000) 11/01 08:30:33 Job terminated.
	(1) Normal termination (return value 0)
		Usr 0 00:01:07, Sys 0 00:00:14  -  Run Remote Usage
		Usr 0 00:00:00, Sys 0 00:00:00  -  Run Local Usage
		Usr 0 00:01:07, Sys 0 00:00:14  -  Total Remote Usage
		Usr 0 00:00:00, Sys 0 00:00:00  -  Total Local Usage
	120808  -  Run Bytes Sent By Job
	43945  -  Run Bytes Received By Job
	120808  -  Total Bytes Sent By Job
	43945  -  Total Bytes Received By Job
	Partitionable Resources :      Usage  Request Allocated 
	   Cpus                 :       0.01        1         1 
	   Disk (KB)            : 2758100          45   1328904 
	   Memory (MB)          :      67        2000      2000 

	Job terminated of its own accord at 2021-11-01T07:30:23Z.
...
