000 (462059.000.000) 11/01 07:58:38 Job submitted from host: <188.185.121.235:9618?addrs=188.185.121.235-9618+[2001-1458-d00-49--100-36e]-9618&alias=bigbird22.cern.ch&noUDP&sock=schedd_1778_237a>
...
040 (462059.000.000) 11/01 08:04:19 Started transferring input files
	Transferring to host: <188.184.165.239:9618?addrs=188.184.165.239-9618+[2001-1458-301-51--100-ea]-9618&alias=b7s14p9283.cern.ch&noUDP&sock=slot1_23_89896_9d41_12302>
...
040 (462059.000.000) 11/01 08:04:19 Finished transferring input files
...
001 (462059.000.000) 11/01 08:04:19 Job executing on host: <188.184.165.239:9618?addrs=188.184.165.239-9618+[2001-1458-301-51--100-ea]-9618&alias=b7s14p9283.cern.ch&noUDP&sock=startd_89853_4348>
...
006 (462059.000.000) 11/01 08:04:27 Image size of job updated: 625828
	12  -  MemoryUsage of job (MB)
	11980  -  ResidentSetSize of job (KB)
...
006 (462059.000.000) 11/01 08:09:27 Image size of job updated: 791832
	67  -  MemoryUsage of job (MB)
	67772  -  ResidentSetSize of job (KB)
...
006 (462059.000.000) 11/01 08:39:30 Image size of job updated: 791832
	186  -  MemoryUsage of job (MB)
	190148  -  ResidentSetSize of job (KB)
...
040 (462059.000.000) 11/01 08:41:46 Started transferring output files
...
040 (462059.000.000) 11/01 08:41:46 Finished transferring output files
...
005 (462059.000.000) 11/01 08:41:46 Job terminated.
	(1) Normal termination (return value 0)
		Usr 0 00:03:28, Sys 0 00:00:35  -  Run Remote Usage
		Usr 0 00:00:00, Sys 0 00:00:00  -  Run Local Usage
		Usr 0 00:03:28, Sys 0 00:00:35  -  Total Remote Usage
		Usr 0 00:00:00, Sys 0 00:00:00  -  Total Local Usage
	240793  -  Run Bytes Sent By Job
	43945  -  Run Bytes Received By Job
	240793  -  Total Bytes Sent By Job
	43945  -  Total Bytes Received By Job
	Partitionable Resources :      Usage  Request Allocated 
	   Cpus                 :       0.01        1         1 
	   Disk (KB)            : 3716453          45   3093550 
	   Memory (MB)          :     186        2000      2000 

	Job terminated of its own accord at 2021-11-01T07:41:46Z.
...
