000 (462198.000.000) 11/01 08:02:10 Job submitted from host: <188.185.121.235:9618?addrs=188.185.121.235-9618+[2001-1458-d00-49--100-36e]-9618&alias=bigbird22.cern.ch&noUDP&sock=schedd_1778_237a>
...
040 (462198.000.000) 11/01 08:05:46 Started transferring input files
	Transferring to host: <188.184.164.11:9618?addrs=188.184.164.11-9618+[2001-1458-301-4e--100-5]-9618&alias=b7s13p2585.cern.ch&noUDP&sock=slot1_9_179767_dd27_11664>
...
001 (462198.000.000) 11/01 08:05:46 Job executing on host: <188.184.164.11:9618?addrs=188.184.164.11-9618+[2001-1458-301-4e--100-5]-9618&alias=b7s13p2585.cern.ch&noUDP&sock=startd_179722_ebfd>
...
040 (462198.000.000) 11/01 08:05:46 Finished transferring input files
...
006 (462198.000.000) 11/01 08:05:55 Image size of job updated: 396440
	5  -  MemoryUsage of job (MB)
	5072  -  ResidentSetSize of job (KB)
...
006 (462198.000.000) 11/01 08:10:56 Image size of job updated: 791840
	60  -  MemoryUsage of job (MB)
	61132  -  ResidentSetSize of job (KB)
...
006 (462198.000.000) 11/01 08:15:56 Image size of job updated: 791840
	67  -  MemoryUsage of job (MB)
	67776  -  ResidentSetSize of job (KB)
...
040 (462198.000.000) 11/01 09:19:46 Started transferring output files
...
040 (462198.000.000) 11/01 09:19:46 Finished transferring output files
...
005 (462198.000.000) 11/01 09:19:47 Job terminated.
	(1) Normal termination (return value 0)
		Usr 0 00:02:30, Sys 0 00:00:17  -  Run Remote Usage
		Usr 0 00:00:00, Sys 0 00:00:00  -  Run Local Usage
		Usr 0 00:02:30, Sys 0 00:00:17  -  Total Remote Usage
		Usr 0 00:00:00, Sys 0 00:00:00  -  Total Local Usage
	120300  -  Run Bytes Sent By Job
	43945  -  Run Bytes Received By Job
	120300  -  Total Bytes Sent By Job
	43945  -  Total Bytes Received By Job
	Partitionable Resources :      Usage  Request Allocated 
	   Cpus                 :       0.00        1         1 
	   Disk (KB)            : 2763095          45   3039101 
	   Memory (MB)          :      67        2000      2000 

	Job terminated of its own accord at 2021-11-01T08:19:46Z.
...
