000 (461869.000.000) 11/01 07:55:32 Job submitted from host: <188.185.121.235:9618?addrs=188.185.121.235-9618+[2001-1458-d00-49--100-36e]-9618&alias=bigbird22.cern.ch&noUDP&sock=schedd_1778_237a>
...
040 (461869.000.000) 11/01 08:03:00 Started transferring input files
	Transferring to host: <128.142.61.53:9618?addrs=128.142.61.53-9618+[2001-1458-301-23--100-34]-9618&alias=b7s06p0005.cern.ch&noUDP&sock=slot1_48_5450_c497_33644>
...
040 (461869.000.000) 11/01 08:03:00 Finished transferring input files
...
001 (461869.000.000) 11/01 08:03:00 Job executing on host: <128.142.61.53:9618?addrs=128.142.61.53-9618+[2001-1458-301-23--100-34]-9618&alias=b7s06p0005.cern.ch&noUDP&sock=startd_5021_911c>
...
006 (461869.000.000) 11/01 08:03:09 Image size of job updated: 625828
	10  -  MemoryUsage of job (MB)
	10080  -  ResidentSetSize of job (KB)
...
006 (461869.000.000) 11/01 08:08:10 Image size of job updated: 791836
	67  -  MemoryUsage of job (MB)
	67752  -  ResidentSetSize of job (KB)
...
040 (461869.000.000) 11/01 08:09:44 Started transferring output files
...
040 (461869.000.000) 11/01 08:09:44 Finished transferring output files
...
005 (461869.000.000) 11/01 08:09:44 Job terminated.
	(1) Normal termination (return value 0)
		Usr 0 00:00:17, Sys 0 00:00:03  -  Run Remote Usage
		Usr 0 00:00:00, Sys 0 00:00:00  -  Run Local Usage
		Usr 0 00:00:17, Sys 0 00:00:03  -  Total Remote Usage
		Usr 0 00:00:00, Sys 0 00:00:00  -  Total Local Usage
	86221  -  Run Bytes Sent By Job
	43945  -  Run Bytes Received By Job
	86221  -  Total Bytes Sent By Job
	43945  -  Total Bytes Received By Job
	Partitionable Resources :    Usage  Request Allocated 
	   Cpus                 :                 1         1 
	   Disk (KB)            :   541080       45   1240731 
	   Memory (MB)          :       67     2000      2000 

	Job terminated of its own accord at 2021-11-01T07:09:44Z.
...
