000 (462175.000.000) 11/01 08:01:26 Job submitted from host: <188.185.121.235:9618?addrs=188.185.121.235-9618+[2001-1458-d00-49--100-36e]-9618&alias=bigbird22.cern.ch&noUDP&sock=schedd_1778_237a>
...
040 (462175.000.000) 11/01 08:05:33 Started transferring input files
	Transferring to host: <128.142.140.136:9618?addrs=128.142.140.136-9618+[2001-1458-301-61--100-7c]-9618&alias=b7g15p5816.cern.ch&noUDP&sock=slot1_13_23245_f48a_11782>
...
040 (462175.000.000) 11/01 08:05:33 Finished transferring input files
...
001 (462175.000.000) 11/01 08:05:33 Job executing on host: <128.142.140.136:9618?addrs=128.142.140.136-9618+[2001-1458-301-61--100-7c]-9618&alias=b7g15p5816.cern.ch&noUDP&sock=startd_23193_0c20>
...
006 (462175.000.000) 11/01 08:05:41 Image size of job updated: 625832
	36  -  MemoryUsage of job (MB)
	35956  -  ResidentSetSize of job (KB)
...
006 (462175.000.000) 11/01 08:10:41 Image size of job updated: 791836
	67  -  MemoryUsage of job (MB)
	67756  -  ResidentSetSize of job (KB)
...
006 (462175.000.000) 11/01 08:35:44 Image size of job updated: 791836
	135  -  MemoryUsage of job (MB)
	137268  -  ResidentSetSize of job (KB)
...
040 (462175.000.000) 11/01 08:37:46 Started transferring output files
...
040 (462175.000.000) 11/01 08:37:46 Finished transferring output files
...
005 (462175.000.000) 11/01 08:37:46 Job terminated.
	(1) Normal termination (return value 0)
		Usr 0 00:02:16, Sys 0 00:00:35  -  Run Remote Usage
		Usr 0 00:00:00, Sys 0 00:00:00  -  Run Local Usage
		Usr 0 00:02:16, Sys 0 00:00:35  -  Total Remote Usage
		Usr 0 00:00:00, Sys 0 00:00:00  -  Total Local Usage
	121164  -  Run Bytes Sent By Job
	43945  -  Run Bytes Received By Job
	121164  -  Total Bytes Sent By Job
	43945  -  Total Bytes Received By Job
	Partitionable Resources :      Usage  Request Allocated 
	   Cpus                 :       0.01        1         1 
	   Disk (KB)            : 2758939          45   1375032 
	   Memory (MB)          :     135        2000      2000 

	Job terminated of its own accord at 2021-11-01T07:37:45Z.
...
