000 (462163.000.000) 11/01 08:01:04 Job submitted from host: <188.185.121.235:9618?addrs=188.185.121.235-9618+[2001-1458-d00-49--100-36e]-9618&alias=bigbird22.cern.ch&noUDP&sock=schedd_1778_237a>
...
040 (462163.000.000) 11/01 08:05:22 Started transferring input files
	Transferring to host: <128.142.63.100:9618?addrs=128.142.63.100-9618+[2001-1458-301-38--100-61]-9618&alias=b7s08p7111.cern.ch&noUDP&sock=slot1_20_6176_4cf4_40359>
...
001 (462163.000.000) 11/01 08:05:22 Job executing on host: <128.142.63.100:9618?addrs=128.142.63.100-9618+[2001-1458-301-38--100-61]-9618&alias=b7s08p7111.cern.ch&noUDP&sock=startd_6107_78f6>
...
040 (462163.000.000) 11/01 08:05:22 Finished transferring input files
...
006 (462163.000.000) 11/01 08:05:30 Image size of job updated: 127568
	5  -  MemoryUsage of job (MB)
	4760  -  ResidentSetSize of job (KB)
...
006 (462163.000.000) 11/01 08:10:30 Image size of job updated: 791836
	41  -  MemoryUsage of job (MB)
	41536  -  ResidentSetSize of job (KB)
...
006 (462163.000.000) 11/01 08:15:31 Image size of job updated: 791836
	67  -  MemoryUsage of job (MB)
	67756  -  ResidentSetSize of job (KB)
...
040 (462163.000.000) 11/01 09:28:32 Started transferring output files
...
040 (462163.000.000) 11/01 09:28:32 Finished transferring output files
...
005 (462163.000.000) 11/01 09:28:32 Job terminated.
	(1) Normal termination (return value 0)
		Usr 0 00:01:21, Sys 0 00:00:17  -  Run Remote Usage
		Usr 0 00:00:00, Sys 0 00:00:00  -  Run Local Usage
		Usr 0 00:01:21, Sys 0 00:00:17  -  Total Remote Usage
		Usr 0 00:00:00, Sys 0 00:00:00  -  Total Local Usage
	121163  -  Run Bytes Sent By Job
	43945  -  Run Bytes Received By Job
	121163  -  Total Bytes Sent By Job
	43945  -  Total Bytes Received By Job
	Partitionable Resources :      Usage  Request Allocated 
	   Cpus                 :       0.01        1         1 
	   Disk (KB)            : 2758966          45   1327638 
	   Memory (MB)          :      67        2000      2000 

	Job terminated of its own accord at 2021-11-01T08:28:32Z.
...
