000 (462194.000.000) 11/01 08:02:02 Job submitted from host: <188.185.121.235:9618?addrs=188.185.121.235-9618+[2001-1458-d00-49--100-36e]-9618&alias=bigbird22.cern.ch&noUDP&sock=schedd_1778_237a>
...
040 (462194.000.000) 11/01 08:05:44 Started transferring input files
	Transferring to host: <188.184.165.84:9618?addrs=188.184.165.84-9618+[2001-1458-301-51--100-4f]-9618&alias=b7s14p4444.cern.ch&noUDP&sock=slot1_31_160314_7730_12288>
...
040 (462194.000.000) 11/01 08:05:44 Finished transferring input files
...
001 (462194.000.000) 11/01 08:05:44 Job executing on host: <188.184.165.84:9618?addrs=188.184.165.84-9618+[2001-1458-301-51--100-4f]-9618&alias=b7s14p4444.cern.ch&noUDP&sock=startd_160270_77c1>
...
006 (462194.000.000) 11/01 08:05:53 Image size of job updated: 9032
	9  -  MemoryUsage of job (MB)
	9032  -  ResidentSetSize of job (KB)
...
006 (462194.000.000) 11/01 08:10:54 Image size of job updated: 791840
	67  -  MemoryUsage of job (MB)
	67772  -  ResidentSetSize of job (KB)
...
040 (462194.000.000) 11/01 08:29:55 Started transferring output files
...
040 (462194.000.000) 11/01 08:29:55 Finished transferring output files
...
005 (462194.000.000) 11/01 08:29:55 Job terminated.
	(1) Normal termination (return value 0)
		Usr 0 00:02:32, Sys 0 00:00:25  -  Run Remote Usage
		Usr 0 00:00:00, Sys 0 00:00:00  -  Run Local Usage
		Usr 0 00:02:32, Sys 0 00:00:25  -  Total Remote Usage
		Usr 0 00:00:00, Sys 0 00:00:00  -  Total Local Usage
	121192  -  Run Bytes Sent By Job
	43945  -  Run Bytes Received By Job
	121192  -  Total Bytes Sent By Job
	43945  -  Total Bytes Received By Job
	Partitionable Resources :      Usage  Request Allocated 
	   Cpus                 :       0.03        1         1 
	   Disk (KB)            : 2758901          45   2987472 
	   Memory (MB)          :      67        2000      2000 

	Job terminated of its own accord at 2021-11-01T07:29:55Z.
...
