000 (462065.000.000) 11/01 07:58:52 Job submitted from host: <188.185.121.235:9618?addrs=188.185.121.235-9618+[2001-1458-d00-49--100-36e]-9618&alias=bigbird22.cern.ch&noUDP&sock=schedd_1778_237a>
...
040 (462065.000.000) 11/01 08:04:22 Started transferring input files
	Transferring to host: <128.142.57.90:9618?addrs=128.142.57.90-9618+[2001-1458-301-7--100-59]-9618&alias=b7s02p0120.cern.ch&noUDP&sock=slot1_16_3593_57eb_28552>
...
001 (462065.000.000) 11/01 08:04:22 Job executing on host: <128.142.57.90:9618?addrs=128.142.57.90-9618+[2001-1458-301-7--100-59]-9618&alias=b7s02p0120.cern.ch&noUDP&sock=startd_3121_532b>
...
040 (462065.000.000) 11/01 08:04:22 Finished transferring input files
...
006 (462065.000.000) 11/01 08:04:30 Image size of job updated: 2976
	3  -  MemoryUsage of job (MB)
	2976  -  ResidentSetSize of job (KB)
...
006 (462065.000.000) 11/01 08:09:30 Image size of job updated: 791836
	39  -  MemoryUsage of job (MB)
	39636  -  ResidentSetSize of job (KB)
...
006 (462065.000.000) 11/01 08:14:31 Image size of job updated: 791836
	45  -  MemoryUsage of job (MB)
	45504  -  ResidentSetSize of job (KB)
...
006 (462065.000.000) 11/01 08:19:32 Image size of job updated: 791836
	67  -  MemoryUsage of job (MB)
	67764  -  ResidentSetSize of job (KB)
...
006 (462065.000.000) 11/01 10:09:43 Image size of job updated: 791836
	135  -  MemoryUsage of job (MB)
	137544  -  ResidentSetSize of job (KB)
...
040 (462065.000.000) 11/01 10:10:44 Started transferring output files
...
040 (462065.000.000) 11/01 10:10:44 Finished transferring output files
...
005 (462065.000.000) 11/01 10:10:45 Job terminated.
	(1) Normal termination (return value 0)
		Usr 0 00:02:06, Sys 0 00:00:24  -  Run Remote Usage
		Usr 0 00:00:00, Sys 0 00:00:00  -  Run Local Usage
		Usr 0 00:02:06, Sys 0 00:00:24  -  Total Remote Usage
		Usr 0 00:00:00, Sys 0 00:00:00  -  Total Local Usage
	130362  -  Run Bytes Sent By Job
	43945  -  Run Bytes Received By Job
	130362  -  Total Bytes Sent By Job
	43945  -  Total Bytes Received By Job
	Partitionable Resources :      Usage  Request Allocated 
	   Cpus                 :       0.00        1         1 
	   Disk (KB)            : 3709386          45   1277278 
	   Memory (MB)          :     135        2000      2000 

	Job terminated of its own accord at 2021-11-01T09:10:44Z.
...
