000 (462018.000.000) 11/01 07:57:55 Job submitted from host: <188.185.121.235:9618?addrs=188.185.121.235-9618+[2001-1458-d00-49--100-36e]-9618&alias=bigbird22.cern.ch&noUDP&sock=schedd_1778_237a>
...
040 (462018.000.000) 11/01 08:03:59 Started transferring input files
	Transferring to host: <128.142.140.85:9618?addrs=128.142.140.85-9618+[2001-1458-301-61--100-49]-9618&alias=b7g15p1970.cern.ch&noUDP&sock=slot1_30_24940_3c6f_11286>
...
040 (462018.000.000) 11/01 08:03:59 Finished transferring input files
...
001 (462018.000.000) 11/01 08:03:59 Job executing on host: <128.142.140.85:9618?addrs=128.142.140.85-9618+[2001-1458-301-61--100-49]-9618&alias=b7g15p1970.cern.ch&noUDP&sock=startd_9956_90fd>
...
006 (462018.000.000) 11/01 08:04:08 Image size of job updated: 5244
	6  -  MemoryUsage of job (MB)
	5244  -  ResidentSetSize of job (KB)
...
006 (462018.000.000) 11/01 08:09:08 Image size of job updated: 791836
	67  -  MemoryUsage of job (MB)
	67756  -  ResidentSetSize of job (KB)
...
006 (462018.000.000) 11/01 08:39:12 Image size of job updated: 791836
	117  -  MemoryUsage of job (MB)
	119644  -  ResidentSetSize of job (KB)
...
040 (462018.000.000) 11/01 08:42:06 Started transferring output files
...
040 (462018.000.000) 11/01 08:42:06 Finished transferring output files
...
005 (462018.000.000) 11/01 08:42:07 Job terminated.
	(1) Normal termination (return value 0)
		Usr 0 00:03:51, Sys 0 00:00:53  -  Run Remote Usage
		Usr 0 00:00:00, Sys 0 00:00:00  -  Run Local Usage
		Usr 0 00:03:51, Sys 0 00:00:53  -  Total Remote Usage
		Usr 0 00:00:00, Sys 0 00:00:00  -  Total Local Usage
	133921  -  Run Bytes Sent By Job
	43945  -  Run Bytes Received By Job
	133921  -  Total Bytes Sent By Job
	43945  -  Total Bytes Received By Job
	Partitionable Resources :      Usage  Request Allocated 
	   Cpus                 :       1.00        1         1 
	   Disk (KB)            : 3711129          45   1285418 
	   Memory (MB)          :     117        2000      2000 

	Job terminated of its own accord at 2021-11-01T07:42:06Z.
...
