000 (462195.000.000) 11/01 08:02:04 Job submitted from host: <188.185.121.235:9618?addrs=188.185.121.235-9618+[2001-1458-d00-49--100-36e]-9618&alias=bigbird22.cern.ch&noUDP&sock=schedd_1778_237a>
...
040 (462195.000.000) 11/01 08:05:46 Started transferring input files
	Transferring to host: <188.184.163.214:9618?addrs=188.184.163.214-9618+[2001-1458-301-4d--100-d0]-9618&alias=b7s12p3502.cern.ch&noUDP&sock=slot1_21_5759_7c83_30289>
...
001 (462195.000.000) 11/01 08:05:46 Job executing on host: <188.184.163.214:9618?addrs=188.184.163.214-9618+[2001-1458-301-4d--100-d0]-9618&alias=b7s12p3502.cern.ch&noUDP&sock=startd_4997_1ad7>
...
040 (462195.000.000) 11/01 08:05:46 Finished transferring input files
...
006 (462195.000.000) 11/01 08:05:55 Image size of job updated: 19880
	20  -  MemoryUsage of job (MB)
	19600  -  ResidentSetSize of job (KB)
...
006 (462195.000.000) 11/01 08:10:56 Image size of job updated: 791840
	67  -  MemoryUsage of job (MB)
	67772  -  ResidentSetSize of job (KB)
...
040 (462195.000.000) 11/01 08:39:58 Started transferring output files
...
040 (462195.000.000) 11/01 08:39:58 Finished transferring output files
...
005 (462195.000.000) 11/01 08:39:58 Job terminated.
	(1) Normal termination (return value 0)
		Usr 0 00:02:23, Sys 0 00:00:14  -  Run Remote Usage
		Usr 0 00:00:00, Sys 0 00:00:00  -  Run Local Usage
		Usr 0 00:02:23, Sys 0 00:00:14  -  Total Remote Usage
		Usr 0 00:00:00, Sys 0 00:00:00  -  Total Local Usage
	121133  -  Run Bytes Sent By Job
	43945  -  Run Bytes Received By Job
	121133  -  Total Bytes Sent By Job
	43945  -  Total Bytes Received By Job
	Partitionable Resources :      Usage  Request Allocated 
	   Cpus                 :       0.01        1         1 
	   Disk (KB)            : 2754827          45   2976166 
	   Memory (MB)          :      67        2000      2000 

	Job terminated of its own accord at 2021-11-01T07:39:58Z.
...
