000 (461898.000.000) 11/01 07:56:07 Job submitted from host: <188.185.121.235:9618?addrs=188.185.121.235-9618+[2001-1458-d00-49--100-36e]-9618&alias=bigbird22.cern.ch&noUDP&sock=schedd_1778_237a>
...
040 (461898.000.000) 11/01 08:03:09 Started transferring input files
	Transferring to host: <128.142.60.140:9618?addrs=128.142.60.140-9618+[2001-1458-301-22--100-8b]-9618&alias=b7s05p0326.cern.ch&noUDP&sock=slot1_26_3660_8d0e_32255>
...
040 (461898.000.000) 11/01 08:03:09 Finished transferring input files
...
001 (461898.000.000) 11/01 08:03:09 Job executing on host: <128.142.60.140:9618?addrs=128.142.60.140-9618+[2001-1458-301-22--100-8b]-9618&alias=b7s05p0326.cern.ch&noUDP&sock=startd_3590_0516>
...
006 (461898.000.000) 11/01 08:03:18 Image size of job updated: 41060
	41  -  MemoryUsage of job (MB)
	41060  -  ResidentSetSize of job (KB)
...
006 (461898.000.000) 11/01 08:08:19 Image size of job updated: 791828
	67  -  MemoryUsage of job (MB)
	67764  -  ResidentSetSize of job (KB)
...
040 (461898.000.000) 11/01 08:08:59 Started transferring output files
...
040 (461898.000.000) 11/01 08:08:59 Finished transferring output files
...
005 (461898.000.000) 11/01 08:08:59 Job terminated.
	(1) Normal termination (return value 0)
		Usr 0 00:00:16, Sys 0 00:00:03  -  Run Remote Usage
		Usr 0 00:00:00, Sys 0 00:00:00  -  Run Local Usage
		Usr 0 00:00:16, Sys 0 00:00:03  -  Total Remote Usage
		Usr 0 00:00:00, Sys 0 00:00:00  -  Total Local Usage
	86199  -  Run Bytes Sent By Job
	43945  -  Run Bytes Received By Job
	86199  -  Total Bytes Sent By Job
	43945  -  Total Bytes Received By Job
	Partitionable Resources :     Usage  Request Allocated 
	   Cpus                 :      0.02        1         1 
	   Disk (KB)            : 541063          45   1341833 
	   Memory (MB)          :     67        2000      2000 

	Job terminated of its own accord at 2021-11-01T07:08:59Z.
...
