000 (462030.000.000) 11/01 07:58:06 Job submitted from host: <188.185.121.235:9618?addrs=188.185.121.235-9618+[2001-1458-d00-49--100-36e]-9618&alias=bigbird22.cern.ch&noUDP&sock=schedd_1778_237a>
...
040 (462030.000.000) 11/01 08:04:04 Started transferring input files
	Transferring to host: <128.142.34.23:9618?addrs=128.142.34.23-9618+[2001-1458-301-3f--100-14]-9618&alias=b7g04p2347.cern.ch&noUDP&sock=slot1_24_3217_6adc_64557>
...
040 (462030.000.000) 11/01 08:04:04 Finished transferring input files
...
001 (462030.000.000) 11/01 08:04:04 Job executing on host: <128.142.34.23:9618?addrs=128.142.34.23-9618+[2001-1458-301-3f--100-14]-9618&alias=b7g04p2347.cern.ch&noUDP&sock=startd_2880_04d8>
...
006 (462030.000.000) 11/01 08:04:13 Image size of job updated: 625828
	5  -  MemoryUsage of job (MB)
	4308  -  ResidentSetSize of job (KB)
...
006 (462030.000.000) 11/01 08:09:14 Image size of job updated: 791836
	47  -  MemoryUsage of job (MB)
	47552  -  ResidentSetSize of job (KB)
...
006 (462030.000.000) 11/01 08:14:14 Image size of job updated: 791836
	67  -  MemoryUsage of job (MB)
	67760  -  ResidentSetSize of job (KB)
...
040 (462030.000.000) 11/01 09:31:49 Started transferring output files
...
040 (462030.000.000) 11/01 09:31:49 Finished transferring output files
...
005 (462030.000.000) 11/01 09:31:50 Job terminated.
	(1) Normal termination (return value 0)
		Usr 0 00:01:49, Sys 0 00:00:27  -  Run Remote Usage
		Usr 0 00:00:00, Sys 0 00:00:00  -  Run Local Usage
		Usr 0 00:01:49, Sys 0 00:00:27  -  Total Remote Usage
		Usr 0 00:00:00, Sys 0 00:00:00  -  Total Local Usage
	130782  -  Run Bytes Sent By Job
	43945  -  Run Bytes Received By Job
	130782  -  Total Bytes Sent By Job
	43945  -  Total Bytes Received By Job
	Partitionable Resources :      Usage  Request Allocated 
	   Cpus                 :       0.00        1         1 
	   Disk (KB)            : 3711794          45   1347330 
	   Memory (MB)          :      67        2000      2000 

	Job terminated of its own accord at 2021-11-01T08:31:49Z.
...
