000 (462080.000.000) 11/01 07:59:03 Job submitted from host: <188.185.121.235:9618?addrs=188.185.121.235-9618+[2001-1458-d00-49--100-36e]-9618&alias=bigbird22.cern.ch&noUDP&sock=schedd_1778_237a>
...
040 (462080.000.000) 11/01 08:04:29 Started transferring input files
	Transferring to host: <188.184.162.165:9618?addrs=188.184.162.165-9618+[2001-1458-301-4a--100-9f]-9618&alias=b7s11p9590.cern.ch&noUDP&sock=slot1_30_259255_59c8_34903>
...
040 (462080.000.000) 11/01 08:04:29 Finished transferring input files
...
001 (462080.000.000) 11/01 08:04:29 Job executing on host: <188.184.162.165:9618?addrs=188.184.162.165-9618+[2001-1458-301-4a--100-9f]-9618&alias=b7s11p9590.cern.ch&noUDP&sock=startd_134298_d607>
...
006 (462080.000.000) 11/01 08:04:37 Image size of job updated: 625832
	12  -  MemoryUsage of job (MB)
	11272  -  ResidentSetSize of job (KB)
...
006 (462080.000.000) 11/01 08:09:37 Image size of job updated: 791840
	67  -  MemoryUsage of job (MB)
	67764  -  ResidentSetSize of job (KB)
...
006 (462080.000.000) 11/01 08:34:40 Image size of job updated: 791840
	136  -  MemoryUsage of job (MB)
	138288  -  ResidentSetSize of job (KB)
...
040 (462080.000.000) 11/01 08:36:16 Started transferring output files
...
040 (462080.000.000) 11/01 08:36:16 Finished transferring output files
...
005 (462080.000.000) 11/01 08:36:16 Job terminated.
	(1) Normal termination (return value 0)
		Usr 0 00:03:41, Sys 0 00:00:32  -  Run Remote Usage
		Usr 0 00:00:00, Sys 0 00:00:00  -  Run Local Usage
		Usr 0 00:03:41, Sys 0 00:00:32  -  Total Remote Usage
		Usr 0 00:00:00, Sys 0 00:00:00  -  Total Local Usage
	132644  -  Run Bytes Sent By Job
	43945  -  Run Bytes Received By Job
	132644  -  Total Bytes Sent By Job
	43945  -  Total Bytes Received By Job
	Partitionable Resources :      Usage  Request Allocated 
	   Cpus                 :       0.01        1         1 
	   Disk (KB)            : 3704727          45   2998247 
	   Memory (MB)          :     136        2000      2000 

	Job terminated of its own accord at 2021-11-01T07:36:16Z.
...
