000 (461896.000.000) 11/01 07:56:05 Job submitted from host: <188.185.121.235:9618?addrs=188.185.121.235-9618+[2001-1458-d00-49--100-36e]-9618&alias=bigbird22.cern.ch&noUDP&sock=schedd_1778_237a>
...
040 (461896.000.000) 11/01 08:03:09 Started transferring input files
	Transferring to host: <128.142.34.92:9618?addrs=128.142.34.92-9618+[2001-1458-301-40--100-19]-9618&alias=b7g05p5780.cern.ch&noUDP&sock=slot1_40_12614_743a_26815>
...
040 (461896.000.000) 11/01 08:03:09 Finished transferring input files
...
001 (461896.000.000) 11/01 08:03:09 Job executing on host: <128.142.34.92:9618?addrs=128.142.34.92-9618+[2001-1458-301-40--100-19]-9618&alias=b7g05p5780.cern.ch&noUDP&sock=startd_12523_509a>
...
006 (461896.000.000) 11/01 08:03:17 Image size of job updated: 35108
	35  -  MemoryUsage of job (MB)
	35108  -  ResidentSetSize of job (KB)
...
006 (461896.000.000) 11/01 08:08:17 Image size of job updated: 791828
	67  -  MemoryUsage of job (MB)
	67760  -  ResidentSetSize of job (KB)
...
040 (461896.000.000) 11/01 08:09:11 Started transferring output files
...
040 (461896.000.000) 11/01 08:09:11 Finished transferring output files
...
005 (461896.000.000) 11/01 08:09:11 Job terminated.
	(1) Normal termination (return value 0)
		Usr 0 00:00:18, Sys 0 00:00:03  -  Run Remote Usage
		Usr 0 00:00:00, Sys 0 00:00:00  -  Run Local Usage
		Usr 0 00:00:18, Sys 0 00:00:03  -  Total Remote Usage
		Usr 0 00:00:00, Sys 0 00:00:00  -  Total Local Usage
	86219  -  Run Bytes Sent By Job
	43945  -  Run Bytes Received By Job
	86219  -  Total Bytes Sent By Job
	43945  -  Total Bytes Received By Job
	Partitionable Resources :    Usage  Request Allocated 
	   Cpus                 :                 1         1 
	   Disk (KB)            :   541058       45   1279392 
	   Memory (MB)          :       67     2000      2000 

	Job terminated of its own accord at 2021-11-01T07:09:11Z.
...
