000 (462020.000.000) 11/01 07:57:57 Job submitted from host: <188.185.121.235:9618?addrs=188.185.121.235-9618+[2001-1458-d00-49--100-36e]-9618&alias=bigbird22.cern.ch&noUDP&sock=schedd_1778_237a>
...
040 (462020.000.000) 11/01 08:04:01 Started transferring input files
	Transferring to host: <128.142.139.195:9618?addrs=128.142.139.195-9618+[2001-1458-301-60--100-b7]-9618&alias=b7g14p9075.cern.ch&noUDP&sock=slot1_26_13164_fa90_11743>
...
040 (462020.000.000) 11/01 08:04:01 Finished transferring input files
...
001 (462020.000.000) 11/01 08:04:01 Job executing on host: <128.142.139.195:9618?addrs=128.142.139.195-9618+[2001-1458-301-60--100-b7]-9618&alias=b7g14p9075.cern.ch&noUDP&sock=startd_12990_a354>
...
006 (462020.000.000) 11/01 08:04:10 Image size of job updated: 36940
	37  -  MemoryUsage of job (MB)
	36940  -  ResidentSetSize of job (KB)
...
006 (462020.000.000) 11/01 08:09:11 Image size of job updated: 791836
	67  -  MemoryUsage of job (MB)
	67760  -  ResidentSetSize of job (KB)
...
006 (462020.000.000) 11/01 08:29:13 Image size of job updated: 791836
	135  -  MemoryUsage of job (MB)
	137556  -  ResidentSetSize of job (KB)
...
040 (462020.000.000) 11/01 08:32:33 Started transferring output files
...
040 (462020.000.000) 11/01 08:32:33 Finished transferring output files
...
005 (462020.000.000) 11/01 08:32:34 Job terminated.
	(1) Normal termination (return value 0)
		Usr 0 00:03:52, Sys 0 00:00:48  -  Run Remote Usage
		Usr 0 00:00:00, Sys 0 00:00:00  -  Run Local Usage
		Usr 0 00:03:52, Sys 0 00:00:48  -  Total Remote Usage
		Usr 0 00:00:00, Sys 0 00:00:00  -  Total Local Usage
	128694  -  Run Bytes Sent By Job
	43945  -  Run Bytes Received By Job
	128694  -  Total Bytes Sent By Job
	43945  -  Total Bytes Received By Job
	Partitionable Resources :      Usage  Request Allocated 
	   Cpus                 :       0.04        1         1 
	   Disk (KB)            : 3712959          45   1374997 
	   Memory (MB)          :     135        2000      2000 

	Job terminated of its own accord at 2021-11-01T07:32:33Z.
...
