000 (461998.000.000) 11/01 07:57:35 Job submitted from host: <188.185.121.235:9618?addrs=188.185.121.235-9618+[2001-1458-d00-49--100-36e]-9618&alias=bigbird22.cern.ch&noUDP&sock=schedd_1778_237a>
...
040 (461998.000.000) 11/01 08:03:52 Started transferring input files
	Transferring to host: <128.142.57.148:9618?addrs=128.142.57.148-9618+[2001-1458-301-7--100-93]-9618&alias=b7s02p1405.cern.ch&noUDP&sock=slot1_40_8685_1e3a_4917>
...
040 (461998.000.000) 11/01 08:03:52 Finished transferring input files
...
001 (461998.000.000) 11/01 08:03:52 Job executing on host: <128.142.57.148:9618?addrs=128.142.57.148-9618+[2001-1458-301-7--100-93]-9618&alias=b7s02p1405.cern.ch&noUDP&sock=startd_7170_9a23>
...
006 (461998.000.000) 11/01 08:04:00 Image size of job updated: 625828
	5  -  MemoryUsage of job (MB)
	4720  -  ResidentSetSize of job (KB)
...
006 (461998.000.000) 11/01 08:09:00 Image size of job updated: 791836
	41  -  MemoryUsage of job (MB)
	41792  -  ResidentSetSize of job (KB)
...
006 (461998.000.000) 11/01 08:14:01 Image size of job updated: 791836
	67  -  MemoryUsage of job (MB)
	67764  -  ResidentSetSize of job (KB)
...
040 (461998.000.000) 11/01 09:32:35 Started transferring output files
...
040 (461998.000.000) 11/01 09:32:35 Finished transferring output files
...
005 (461998.000.000) 11/01 09:32:36 Job terminated.
	(1) Normal termination (return value 0)
		Usr 0 00:02:11, Sys 0 00:00:30  -  Run Remote Usage
		Usr 0 00:00:00, Sys 0 00:00:00  -  Run Local Usage
		Usr 0 00:02:11, Sys 0 00:00:30  -  Total Remote Usage
		Usr 0 00:00:00, Sys 0 00:00:00  -  Total Local Usage
	131266  -  Run Bytes Sent By Job
	43945  -  Run Bytes Received By Job
	131266  -  Total Bytes Sent By Job
	43945  -  Total Bytes Received By Job
	Partitionable Resources :      Usage  Request Allocated 
	   Cpus                 :       0.01        1         1 
	   Disk (KB)            : 3713289          45   1291862 
	   Memory (MB)          :      67        2000      2000 

	Job terminated of its own accord at 2021-11-01T08:32:35Z.
...
