000 (462174.000.000) 11/01 08:01:24 Job submitted from host: <188.185.121.235:9618?addrs=188.185.121.235-9618+[2001-1458-d00-49--100-36e]-9618&alias=bigbird22.cern.ch&noUDP&sock=schedd_1778_237a>
...
040 (462174.000.000) 11/01 08:05:33 Started transferring input files
	Transferring to host: <188.184.163.138:9618?addrs=188.184.163.138-9618+[2001-1458-301-4d--100-84]-9618&alias=b7s12p7421.cern.ch&noUDP&sock=slot1_1_247348_cac3_36851>
...
001 (462174.000.000) 11/01 08:05:33 Job executing on host: <188.184.163.138:9618?addrs=188.184.163.138-9618+[2001-1458-301-4d--100-84]-9618&alias=b7s12p7421.cern.ch&noUDP&sock=startd_245513_1359>
...
040 (462174.000.000) 11/01 08:05:33 Finished transferring input files
...
006 (462174.000.000) 11/01 08:05:41 Image size of job updated: 625832
	4  -  MemoryUsage of job (MB)
	3240  -  ResidentSetSize of job (KB)
...
006 (462174.000.000) 11/01 08:10:41 Image size of job updated: 791840
	41  -  MemoryUsage of job (MB)
	41180  -  ResidentSetSize of job (KB)
...
006 (462174.000.000) 11/01 08:15:42 Image size of job updated: 791840
	47  -  MemoryUsage of job (MB)
	47560  -  ResidentSetSize of job (KB)
...
006 (462174.000.000) 11/01 08:20:43 Image size of job updated: 791840
	67  -  MemoryUsage of job (MB)
	67772  -  ResidentSetSize of job (KB)
...
040 (462174.000.000) 11/01 10:09:20 Started transferring output files
...
040 (462174.000.000) 11/01 10:09:20 Finished transferring output files
...
005 (462174.000.000) 11/01 10:09:21 Job terminated.
	(1) Normal termination (return value 0)
		Usr 0 00:02:30, Sys 0 00:00:19  -  Run Remote Usage
		Usr 0 00:00:00, Sys 0 00:00:00  -  Run Local Usage
		Usr 0 00:02:30, Sys 0 00:00:19  -  Total Remote Usage
		Usr 0 00:00:00, Sys 0 00:00:00  -  Total Local Usage
	121096  -  Run Bytes Sent By Job
	43945  -  Run Bytes Received By Job
	121096  -  Total Bytes Sent By Job
	43945  -  Total Bytes Received By Job
	Partitionable Resources :      Usage  Request Allocated 
	   Cpus                 :       0.01        1         1 
	   Disk (KB)            : 2758843          45   2960968 
	   Memory (MB)          :      67        2000      2000 

	Job terminated of its own accord at 2021-11-01T09:09:20Z.
...
