000 (461866.000.000) 11/01 07:55:29 Job submitted from host: <188.185.121.235:9618?addrs=188.185.121.235-9618+[2001-1458-d00-49--100-36e]-9618&alias=bigbird22.cern.ch&noUDP&sock=schedd_1778_237a>
...
040 (461866.000.000) 11/01 08:02:59 Started transferring input files
	Transferring to host: <128.142.139.195:9618?addrs=128.142.139.195-9618+[2001-1458-301-60--100-b7]-9618&alias=b7g14p9075.cern.ch&noUDP&sock=slot1_25_13164_fa90_11739>
...
040 (461866.000.000) 11/01 08:02:59 Finished transferring input files
...
001 (461866.000.000) 11/01 08:02:59 Job executing on host: <128.142.139.195:9618?addrs=128.142.139.195-9618+[2001-1458-301-60--100-b7]-9618&alias=b7g14p9075.cern.ch&noUDP&sock=startd_12990_a354>
...
006 (461866.000.000) 11/01 08:03:07 Image size of job updated: 32008
	32  -  MemoryUsage of job (MB)
	32008  -  ResidentSetSize of job (KB)
...
006 (461866.000.000) 11/01 08:08:00 Image size of job updated: 791828
	32  -  MemoryUsage of job (MB)
	32032  -  ResidentSetSize of job (KB)
...
040 (461866.000.000) 11/01 08:08:00 Started transferring output files
...
040 (461866.000.000) 11/01 08:08:00 Finished transferring output files
...
005 (461866.000.000) 11/01 08:08:00 Job terminated.
	(1) Normal termination (return value 0)
		Usr 0 00:00:29, Sys 0 00:00:05  -  Run Remote Usage
		Usr 0 00:00:00, Sys 0 00:00:00  -  Run Local Usage
		Usr 0 00:00:29, Sys 0 00:00:05  -  Total Remote Usage
		Usr 0 00:00:00, Sys 0 00:00:00  -  Total Local Usage
	86200  -  Run Bytes Sent By Job
	43945  -  Run Bytes Received By Job
	86200  -  Total Bytes Sent By Job
	43945  -  Total Bytes Received By Job
	Partitionable Resources :     Usage  Request Allocated 
	   Cpus                 :      0.03        1         1 
	   Disk (KB)            : 541069          45   1375867 
	   Memory (MB)          :     32        2000      2000 

	Job terminated of its own accord at 2021-11-01T07:08:00Z.
...
