000 (462128.000.000) 11/01 07:59:57 Job submitted from host: <188.185.121.235:9618?addrs=188.185.121.235-9618+[2001-1458-d00-49--100-36e]-9618&alias=bigbird22.cern.ch&noUDP&sock=schedd_1778_237a>
...
040 (462128.000.000) 11/01 08:04:47 Started transferring input files
	Transferring to host: <128.142.139.226:9618?addrs=128.142.139.226-9618+[2001-1458-301-60--100-d6]-9618&alias=b7g14p2792.cern.ch&noUDP&sock=slot1_5_19642_50d8_11918>
...
040 (462128.000.000) 11/01 08:04:47 Finished transferring input files
...
001 (462128.000.000) 11/01 08:04:47 Job executing on host: <128.142.139.226:9618?addrs=128.142.139.226-9618+[2001-1458-301-60--100-d6]-9618&alias=b7g14p2792.cern.ch&noUDP&sock=startd_19599_dcbf>
...
006 (462128.000.000) 11/01 08:04:56 Image size of job updated: 10456
	11  -  MemoryUsage of job (MB)
	10456  -  ResidentSetSize of job (KB)
...
006 (462128.000.000) 11/01 08:09:57 Image size of job updated: 791836
	67  -  MemoryUsage of job (MB)
	67760  -  ResidentSetSize of job (KB)
...
006 (462128.000.000) 11/01 09:10:03 Image size of job updated: 791836
	106  -  MemoryUsage of job (MB)
	107624  -  ResidentSetSize of job (KB)
...
040 (462128.000.000) 11/01 09:12:12 Started transferring output files
...
040 (462128.000.000) 11/01 09:12:12 Finished transferring output files
...
005 (462128.000.000) 11/01 09:12:12 Job terminated.
	(1) Normal termination (return value 0)
		Usr 0 00:02:40, Sys 0 00:00:33  -  Run Remote Usage
		Usr 0 00:00:00, Sys 0 00:00:00  -  Run Local Usage
		Usr 0 00:02:40, Sys 0 00:00:33  -  Total Remote Usage
		Usr 0 00:00:00, Sys 0 00:00:00  -  Total Local Usage
	121128  -  Run Bytes Sent By Job
	43945  -  Run Bytes Received By Job
	121128  -  Total Bytes Sent By Job
	43945  -  Total Bytes Received By Job
	Partitionable Resources :      Usage  Request Allocated 
	   Cpus                 :       0.01        1         1 
	   Disk (KB)            : 2758875          45   1417142 
	   Memory (MB)          :     106        2000      2000 

	Job terminated of its own accord at 2021-11-01T08:12:12Z.
...
