000 (461890.000.000) 11/01 07:56:00 Job submitted from host: <188.185.121.235:9618?addrs=188.185.121.235-9618+[2001-1458-d00-49--100-36e]-9618&alias=bigbird22.cern.ch&noUDP&sock=schedd_1778_237a>
...
040 (461890.000.000) 11/01 08:03:07 Started transferring input files
	Transferring to host: <128.142.59.146:9618?addrs=128.142.59.146-9618+[2001-1458-301-21--100-91]-9618&alias=b7s04p9314.cern.ch&noUDP&sock=slot1_23_6224_1ef6_32689>
...
040 (461890.000.000) 11/01 08:03:07 Finished transferring input files
...
001 (461890.000.000) 11/01 08:03:07 Job executing on host: <128.142.59.146:9618?addrs=128.142.59.146-9618+[2001-1458-301-21--100-91]-9618&alias=b7s04p9314.cern.ch&noUDP&sock=startd_6159_23e3>
...
006 (461890.000.000) 11/01 08:03:16 Image size of job updated: 396436
	4  -  MemoryUsage of job (MB)
	3852  -  ResidentSetSize of job (KB)
...
006 (461890.000.000) 11/01 08:08:16 Image size of job updated: 791836
	36  -  MemoryUsage of job (MB)
	36824  -  ResidentSetSize of job (KB)
...
006 (461890.000.000) 11/01 08:13:16 Image size of job updated: 791836
	58  -  MemoryUsage of job (MB)
	58936  -  ResidentSetSize of job (KB)
...
006 (461890.000.000) 11/01 08:18:17 Image size of job updated: 791836
	67  -  MemoryUsage of job (MB)
	67760  -  ResidentSetSize of job (KB)
...
040 (461890.000.000) 11/01 08:49:02 Started transferring output files
...
040 (461890.000.000) 11/01 08:49:02 Finished transferring output files
...
005 (461890.000.000) 11/01 08:49:03 Job terminated.
	(1) Normal termination (return value 0)
		Usr 0 00:00:16, Sys 0 00:00:03  -  Run Remote Usage
		Usr 0 00:00:00, Sys 0 00:00:00  -  Run Local Usage
		Usr 0 00:00:16, Sys 0 00:00:03  -  Total Remote Usage
		Usr 0 00:00:00, Sys 0 00:00:00  -  Total Local Usage
	86216  -  Run Bytes Sent By Job
	43945  -  Run Bytes Received By Job
	86216  -  Total Bytes Sent By Job
	43945  -  Total Bytes Received By Job
	Partitionable Resources :     Usage  Request Allocated 
	   Cpus                 :      0.00        1         1 
	   Disk (KB)            : 541094          45   1227720 
	   Memory (MB)          :     67        2000      2000 

	Job terminated of its own accord at 2021-11-01T07:49:02Z.
...
