000 (462178.000.000) 11/01 08:01:30 Job submitted from host: <188.185.121.235:9618?addrs=188.185.121.235-9618+[2001-1458-d00-49--100-36e]-9618&alias=bigbird22.cern.ch&noUDP&sock=schedd_1778_237a>
...
040 (462178.000.000) 11/01 08:05:34 Started transferring input files
	Transferring to host: <128.142.193.174:9618?addrs=128.142.193.174-9618+[2001-1458-301-8--100-2a]-9618&alias=b7g21p5278.cern.ch&noUDP&sock=slot1_2_13198_ef52_11359>
...
040 (462178.000.000) 11/01 08:05:34 Finished transferring input files
...
001 (462178.000.000) 11/01 08:05:34 Job executing on host: <128.142.193.174:9618?addrs=128.142.193.174-9618+[2001-1458-301-8--100-2a]-9618&alias=b7g21p5278.cern.ch&noUDP&sock=startd_3574_0b92>
...
006 (462178.000.000) 11/01 08:05:43 Image size of job updated: 625828
	5  -  MemoryUsage of job (MB)
	4132  -  ResidentSetSize of job (KB)
...
006 (462178.000.000) 11/01 08:10:44 Image size of job updated: 791836
	37  -  MemoryUsage of job (MB)
	37056  -  ResidentSetSize of job (KB)
...
006 (462178.000.000) 11/01 08:15:44 Image size of job updated: 791836
	67  -  MemoryUsage of job (MB)
	67764  -  ResidentSetSize of job (KB)
...
006 (462178.000.000) 11/01 09:20:51 Image size of job updated: 791836
	106  -  MemoryUsage of job (MB)
	107632  -  ResidentSetSize of job (KB)
...
040 (462178.000.000) 11/01 09:23:01 Started transferring output files
...
040 (462178.000.000) 11/01 09:23:01 Finished transferring output files
...
005 (462178.000.000) 11/01 09:23:01 Job terminated.
	(1) Normal termination (return value 0)
		Usr 0 00:02:33, Sys 0 00:00:31  -  Run Remote Usage
		Usr 0 00:00:00, Sys 0 00:00:00  -  Run Local Usage
		Usr 0 00:02:33, Sys 0 00:00:31  -  Total Remote Usage
		Usr 0 00:00:00, Sys 0 00:00:00  -  Total Local Usage
	119928  -  Run Bytes Sent By Job
	43945  -  Run Bytes Received By Job
	119928  -  Total Bytes Sent By Job
	43945  -  Total Bytes Received By Job
	Partitionable Resources :      Usage  Request Allocated 
	   Cpus                 :       0.02        1         1 
	   Disk (KB)            : 2758209          45   1397048 
	   Memory (MB)          :     106        2000      2000 

	Job terminated of its own accord at 2021-11-01T08:23:01Z.
...
