
Processing GetHistograms_bTag.C("/eos/cms/store/user/ipapakri/ttbar/MC/Signal/2017/TTJets_TuneCP5_13TeV-amcatnloFXFX-pythia8.root","TTJets","2017","up")...
YEAR: 2017
file_name: /eos/cms/store/user/ipapakri/ttbar/MC/Signal/2017/TTJets_TuneCP5_13TeV-amcatnloFXFX-pythia8.root
ttbar_process: TTJets
XSEC: 832
Error in <TTree::SetBranchAddress>: unknown branch -> jetTau3
Error in <TTree::SetBranchAddress>: unknown branch -> jetTau2
Error in <TTree::SetBranchAddress>: unknown branch -> jetTau1
Error in <TTree::SetBranchAddress>: unknown branch -> jetMassSub0
Error in <TTree::SetBranchAddress>: unknown branch -> jetMassSub1
Error in <TTree::SetBranchAddress>: unknown branch -> jetBtagSub0
Entries: 8339240
    gdb.printing.register_pretty_printer(gdb.current_objfile(),
    gdb.printing.register_pretty_printer(gdb.current_objfile(),
#0  0x00007f2d6f6894fc in waitpid () from /lib64/libc.so.6
#1  0x00007f2d6f606f62 in do_system () from /lib64/libc.so.6
#2  0x00007f2d7016fbdc in TUnixSystem::StackTrace() () from /usr/lib64/root/libCore.so.6.24
#3  0x00007f2d67f3d578 in cling::MultiplexInterpreterCallbacks::PrintStackTrace() () from /usr/lib64/root/libCling.so
#4  0x00007f2d67f3498d in cling_runtime_internal_throwIfInvalidPointer () from /usr/lib64/root/libCling.so
#5  0x00007f2d7091f187 in ?? ()
#6  0x0000000600000008 in ?? ()
#7  0x0000000700000008 in ?? ()
#8  0x0000000a00000007 in ?? ()
#9  0x0000000b0000000a in ?? ()
#10 0x0000000a0000000a in ?? ()
#11 0x00007f2d70917b4d in ?? ()
#12 0x0000000600000008 in ?? ()
#13 0x0000000700000008 in ?? ()
#14 0x0000000a00000007 in ?? ()
#15 0x0000000b0000000a in ?? ()
#16 0x0000000a0000000a in ?? ()
#17 0x00007f2d7091758c in ?? ()
#18 0x0000000000000000 in ?? ()
Error in <HandleInterpreterException>: Trying to access a pointer that points to an invalid memory address..
Execution of your code was aborted.
In file included from input_line_8:1:
/afs/cern.ch/work/g/gbakas/public/HEP-NTUA/VariationHandling_Theory/GetHistograms_bTag.C:380:8: warning: invalid memory pointer passed to a callee:
                                   hPartonResponse[ivar]->Fill(xPartonAll[ivar],xRecoAll[ivar], genEvtWeight *weights*LUMI*bTagEvntWeight);
                                   ^~~~~~~~~~~~~~~~~~~~~

Processing GetHistograms_bTag.C("/eos/cms/store/user/ipapakri/ttbar/MC/Signal/2017/TTJets_TuneCP5_13TeV-amcatnloFXFX-pythia8.root","TTJets","2017","down")...
YEAR: 2017
file_name: /eos/cms/store/user/ipapakri/ttbar/MC/Signal/2017/TTJets_TuneCP5_13TeV-amcatnloFXFX-pythia8.root
ttbar_process: TTJets
XSEC: 832
Error in <TTree::SetBranchAddress>: unknown branch -> jetTau3
Error in <TTree::SetBranchAddress>: unknown branch -> jetTau2
Error in <TTree::SetBranchAddress>: unknown branch -> jetTau1
Error in <TTree::SetBranchAddress>: unknown branch -> jetMassSub0
Error in <TTree::SetBranchAddress>: unknown branch -> jetMassSub1
Error in <TTree::SetBranchAddress>: unknown branch -> jetBtagSub0
Entries: 8339240
    gdb.printing.register_pretty_printer(gdb.current_objfile(),
    gdb.printing.register_pretty_printer(gdb.current_objfile(),
#0  0x00007f939058e4fc in waitpid () from /lib64/libc.so.6
#1  0x00007f939050bf62 in do_system () from /lib64/libc.so.6
#2  0x00007f9391074bdc in TUnixSystem::StackTrace() () from /usr/lib64/root/libCore.so.6.24
#3  0x00007f9388e42578 in cling::MultiplexInterpreterCallbacks::PrintStackTrace() () from /usr/lib64/root/libCling.so
#4  0x00007f9388e3998d in cling_runtime_internal_throwIfInvalidPointer () from /usr/lib64/root/libCling.so
#5  0x00007f9391824187 in ?? ()
#6  0x0000000600000008 in ?? ()
#7  0x0000000700000008 in ?? ()
#8  0x0000000a00000007 in ?? ()
#9  0x0000000b0000000a in ?? ()
#10 0x0000000a0000000a in ?? ()
#11 0x00007f939181cb4d in ?? ()
#12 0x0000000600000008 in ?? ()
#13 0x0000000700000008 in ?? ()
#14 0x0000000a00000007 in ?? ()
#15 0x0000000b0000000a in ?? ()
#16 0x0000000a0000000a in ?? ()
#17 0x00007f939181c58c in ?? ()
#18 0x0000000000000000 in ?? ()
Error in <HandleInterpreterException>: Trying to access a pointer that points to an invalid memory address..
Execution of your code was aborted.
In file included from input_line_8:1:
/afs/cern.ch/work/g/gbakas/public/HEP-NTUA/VariationHandling_Theory/GetHistograms_bTag.C:380:8: warning: invalid memory pointer passed to a callee:
                                   hPartonResponse[ivar]->Fill(xPartonAll[ivar],xRecoAll[ivar], genEvtWeight *weights*LUMI*bTagEvntWeight);
                                   ^~~~~~~~~~~~~~~~~~~~~
Number of arguments 2
Argument list: ['RunGetHistograms_bTag.py', '2017']
variation is: up
TTJets
TTJets_TuneCP5_13TeV-amcatnloFXFX-pythia8.root
variation is: down
TTJets
TTJets_TuneCP5_13TeV-amcatnloFXFX-pythia8.root
