
Processing GetHistograms_PS_PDF.C("/eos/cms/store/user/ipapakri/ttbar/MC/Signal/2016_postVFP/TTJets_TuneCP5_13TeV-amcatnloFXFX-pythia8.root","TTJets","2016_postVFP","PSWeights")...
YEAR: 2016_postVFP
file_name: /eos/cms/store/user/ipapakri/ttbar/MC/Signal/2016_postVFP/TTJets_TuneCP5_13TeV-amcatnloFXFX-pythia8.root
ttbar_process: TTJets
XSEC: 832
Error in <TTree::SetBranchAddress>: unknown branch -> jetTau3
Error in <TTree::SetBranchAddress>: unknown branch -> jetTau2
Error in <TTree::SetBranchAddress>: unknown branch -> jetTau1
Error in <TTree::SetBranchAddress>: unknown branch -> jetMassSub0
Error in <TTree::SetBranchAddress>: unknown branch -> jetMassSub1
Error in <TTree::SetBranchAddress>: unknown branch -> jetBtagSub0
Entries: 3726793
10 %
20 %
30 %
40 %
50 %
60 %
70 %
80 %
90 %
Error in <TTree::SetBranchAddress>: unknown branch -> psWeights
    gdb.printing.register_pretty_printer(gdb.current_objfile(),
    gdb.printing.register_pretty_printer(gdb.current_objfile(),
#0  0x00007ff4366b94fc in waitpid () from /lib64/libc.so.6
#1  0x00007ff436636f62 in do_system () from /lib64/libc.so.6
#2  0x00007ff43719fbdc in TUnixSystem::StackTrace() () from /usr/lib64/root/libCore.so.6.24
#3  0x00007ff42ef6d578 in cling::MultiplexInterpreterCallbacks::PrintStackTrace() () from /usr/lib64/root/libCling.so
#4  0x00007ff42ef64a2a in cling_runtime_internal_throwIfInvalidPointer () from /usr/lib64/root/libCling.so
#5  0x00007ff43794e6f8 in ?? ()
#6  0x0000000004300300 in ?? ()
#7  0x0000000004346590 in ?? ()
#8  0x000000000436b910 in ?? ()
#9  0x0000000004390be0 in ?? ()
#10 0x00000000043b5fd0 in ?? ()
#11 0x00000000043db350 in ?? ()
#12 0x0000000004401220 in ?? ()
#13 0x0000000004427070 in ?? ()
#14 0x000000000444d440 in ?? ()
#15 0x0000000004473840 in ?? ()
#16 0x0000000004323fd0 in ?? ()
#17 0x00000000043490d0 in ?? ()
#18 0x000000000436e260 in ?? ()
#19 0x00000000043936e0 in ?? ()
#20 0x00000000043b8a90 in ?? ()
#21 0x00000000043ddea0 in ?? ()
#22 0x0000000004403d70 in ?? ()
#23 0x0000000004429bc0 in ?? ()
#24 0x000000000444ffc0 in ?? ()
#25 0x00000000044763c0 in ?? ()
#26 0x0000000004325b60 in ?? ()
#27 0x000000000434b920 in ?? ()
#28 0x0000000004370cf0 in ?? ()
#29 0x00000000043961e0 in ?? ()
#30 0x00000000043bb4e0 in ?? ()
#31 0x00000000043e09f0 in ?? ()
#32 0x00000000044068c0 in ?? ()
#33 0x000000000442c770 in ?? ()
#34 0x0000000004452b40 in ?? ()
#35 0x0000000004478f40 in ?? ()
#36 0x00000000043280d0 in ?? ()
#37 0x000000000434e6d0 in ?? ()
#38 0x0000000004373760 in ?? ()
#39 0x0000000004398c50 in ?? ()
#40 0x00000000043bdf50 in ?? ()
#41 0x00000000043e3540 in ?? ()
#42 0x0000000004409410 in ?? ()
#43 0x000000000442f330 in ?? ()
#44 0x0000000004455700 in ?? ()
#45 0x000000000447bb00 in ?? ()
#46 0x000000000432acb0 in ?? ()
#47 0x0000000004351180 in ?? ()
#48 0x00000000043761d0 in ?? ()
#49 0x000000000439b6c0 in ?? ()
#50 0x00000000043c09c0 in ?? ()
#51 0x00000000043e6090 in ?? ()
#52 0x000000000440bf60 in ?? ()
#53 0x0000000004431ef0 in ?? ()
#54 0x00000000044582c0 in ?? ()
#55 0x000000000447e6c0 in ?? ()
#56 0x000000000432d730 in ?? ()
#57 0x0000000004353b30 in ?? ()
#58 0x0000000004378c40 in ?? ()
#59 0x000000000439e130 in ?? ()
#60 0x00000000043c3430 in ?? ()
#61 0x00000000043e8be0 in ?? ()
#62 0x000000000440eab0 in ?? ()
#63 0x0000000004434ab0 in ?? ()
#64 0x000000000445ae80 in ?? ()
#65 0x0000000004481280 in ?? ()
#66 0x0000000004330540 in ?? ()
#67 0x0000000004356460 in ?? ()
#68 0x000000000437b720 in ?? ()
#69 0x00000000043a0ba0 in ?? ()
#70 0x00000000043c5ea0 in ?? ()
#71 0x00000000043eb7a0 in ?? ()
#72 0x0000000004411600 in ?? ()
#73 0x0000000004437670 in ?? ()
#74 0x000000000445da40 in ?? ()
#75 0x0000000004483e40 in ?? ()
#76 0x0000000004332f50 in ?? ()
#77 0x00000000043590d0 in ?? ()
#78 0x000000000437dfe0 in ?? ()
#79 0x00000000043a3680 in ?? ()
#80 0x00000000043c8970 in ?? ()
#81 0x00000000043ee2f0 in ?? ()
#82 0x0000000004414150 in ?? ()
#83 0x000000000443a230 in ?? ()
#84 0x0000000004460600 in ?? ()
#85 0x0000000004486a00 in ?? ()
#86 0x0000000004335e50 in ?? ()
#87 0x000000000435bb10 in ?? ()
#88 0x0000000004380cd0 in ?? ()
#89 0x00000000043a60e0 in ?? ()
#90 0x00000000043cb3d0 in ?? ()
#91 0x00000000043f0e40 in ?? ()
#92 0x0000000004416ca0 in ?? ()
#93 0x000000000443cdf0 in ?? ()
#94 0x00000000044631c0 in ?? ()
#95 0x00000000044895c0 in ?? ()
#96 0x0000000004338af0 in ?? ()
#97 0x000000000435e5f0 in ?? ()
#98 0x0000000004383740 in ?? ()
#99 0x00000000043a8b40 in ?? ()
#100 0x00000000043cde30 in ?? ()
#101 0x00000000043f3990 in ?? ()
#102 0x00000000044197f0 in ?? ()
#103 0x000000000443f9b0 in ?? ()
#104 0x0000000004465d80 in ?? ()
#105 0x000000000448c180 in ?? ()
#106 0x000000000433b720 in ?? ()
#107 0x0000000004361060 in ?? ()
#108 0x00000000043861a0 in ?? ()
#109 0x00000000043ab5a0 in ?? ()
#110 0x00000000043d0890 in ?? ()
#111 0x00000000043f64e0 in ?? ()
#112 0x000000000441c340 in ?? ()
#113 0x0000000004442570 in ?? ()
#114 0x0000000004468940 in ?? ()
#115 0x000000000448ed40 in ?? ()
#116 0x000000000433e0c0 in ?? ()
#117 0x0000000004363ad0 in ?? ()
#118 0x0000000004388c70 in ?? ()
#119 0x00000000043ae000 in ?? ()
#120 0x00000000043d32f0 in ?? ()
#121 0x00000000043f9030 in ?? ()
#122 0x000000000441ee90 in ?? ()
#123 0x0000000004445130 in ?? ()
#124 0x000000000446b500 in ?? ()
#125 0x0000000004491900 in ?? ()
#126 0x0000000004340f00 in ?? ()
#127 0x00000000043665b0 in ?? ()
#128 0x000000000438b740 in ?? ()
#129 0x00000000043b0a60 in ?? ()
#130 0x00000000043d5d60 in ?? ()
#131 0x00000000043fbb80 in ?? ()
#132 0x00000000044219e0 in ?? ()
#133 0x0000000004447cf0 in ?? ()
#134 0x000000000446e0c0 in ?? ()
#135 0x00000000044944c0 in ?? ()
#136 0x0000000004343830 in ?? ()
#137 0x0000000004369020 in ?? ()
#138 0x000000000438e1a0 in ?? ()
#139 0x00000000043b3530 in ?? ()
#140 0x00000000043d87d0 in ?? ()
#141 0x00000000043fe6d0 in ?? ()
#142 0x0000000004424530 in ?? ()
#143 0x000000000444a8b0 in ?? ()
#144 0x0000000004470c80 in ?? ()
#145 0x0000000004497080 in ?? ()
#146 0x00000000042ff930 in ?? ()
#147 0x0000000004345ef0 in ?? ()
#148 0x000000000436b2b0 in ?? ()
#149 0x0000000004390580 in ?? ()
#150 0x00000000043b5970 in ?? ()
#151 0x00000000043dac90 in ?? ()
#152 0x0000000004400b60 in ?? ()
#153 0x00000000044269a0 in ?? ()
#154 0x000000000444cd80 in ?? ()
#155 0x0000000004473180 in ?? ()
#156 0x0000000004323be0 in ?? ()
#157 0x0000000004348a30 in ?? ()
#158 0x000000000436dc00 in ?? ()
#159 0x0000000004393030 in ?? ()
#160 0x00000000043b8430 in ?? ()
#161 0x00000000043dd7e0 in ?? ()
#162 0x00000000044036b0 in ?? ()
#163 0x00000000044294f0 in ?? ()
#164 0x000000000444f900 in ?? ()
#165 0x0000000004475d00 in ?? ()
#166 0x0000000004325770 in ?? ()
#167 0x000000000434b530 in ?? ()
#168 0x0000000004370690 in ?? ()
#169 0x0000000004395b80 in ?? ()
#170 0x00000000043bae80 in ?? ()
#171 0x00000000043e0330 in ?? ()
#172 0x0000000004406200 in ?? ()
#173 0x000000000442c0a0 in ?? ()
#174 0x0000000004452480 in ?? ()
#175 0x0000000004478880 in ?? ()
#176 0x0000000004327a00 in ?? ()
#177 0x000000000434e030 in ?? ()
#178 0x0000000004373100 in ?? ()
#179 0x00000000043985f0 in ?? ()
#180 0x00000000043bd8f0 in ?? ()
#181 0x00000000043e2e80 in ?? ()
#182 0x0000000004408d50 in ?? ()
#183 0x000000000442ec60 in ?? ()
#184 0x0000000004455040 in ?? ()
#185 0x000000000447b440 in ?? ()
#186 0x000000000432a650 in ?? ()
#187 0x0000000004350b10 in ?? ()
#188 0x0000000004375b70 in ?? ()
#189 0x000000000439b060 in ?? ()
#190 0x00000000043c0360 in ?? ()
#191 0x00000000043e59d0 in ?? ()
#192 0x000000000440b8a0 in ?? ()
#193 0x0000000004431820 in ?? ()
#194 0x0000000004457c00 in ?? ()
#195 0x000000000447e000 in ?? ()
#196 0x000000000432d340 in ?? ()
#197 0x0000000004353490 in ?? ()
#198 0x00000000043785e0 in ?? ()
#199 0x000000000439dad0 in ?? ()
#200 0x00000000043c2dd0 in ?? ()
#201 0x00000000043e8520 in ?? ()
#202 0x000000000440e3f0 in ?? ()
#203 0x00000000044343e0 in ?? ()
#204 0x000000000445a7c0 in ?? ()
#205 0x0000000004480bc0 in ?? ()
#206 0x000000000432fee0 in ?? ()
#207 0x0000000004356070 in ?? ()
#208 0x000000000437b0c0 in ?? ()
#209 0x00000000043a0540 in ?? ()
#210 0x00000000043c5840 in ?? ()
#211 0x00000000043eb0e0 in ?? ()
#212 0x0000000004410f40 in ?? ()
#213 0x0000000004436fa0 in ?? ()
#214 0x000000000445d380 in ?? ()
#215 0x0000000004483780 in ?? ()
#216 0x0000000004332b60 in ?? ()
#217 0x0000000004358a30 in ?? ()
#218 0x000000000437dbf0 in ?? ()
#219 0x00000000043a2fb0 in ?? ()
#220 0x00000000043c8310 in ?? ()
#221 0x00000000043edc30 in ?? ()
#222 0x0000000004413a90 in ?? ()
#223 0x0000000004439b60 in ?? ()
#224 0x000000000445ff40 in ?? ()
#225 0x0000000004486340 in ?? ()
#226 0x00000000043357f0 in ?? ()
#227 0x000000000435b470 in ?? ()
#228 0x0000000004380680 in ?? ()
#229 0x00000000043a5a80 in ?? ()
#230 0x00000000043cad70 in ?? ()
#231 0x00000000043f0780 in ?? ()
#232 0x00000000044165e0 in ?? ()
#233 0x000000000443c720 in ?? ()
#234 0x0000000004462b00 in ?? ()
#235 0x0000000004488f00 in ?? ()
#236 0x0000000004338420 in ?? ()
#237 0x000000000435df50 in ?? ()
#238 0x00000000043830e0 in ?? ()
#239 0x00000000043a84e0 in ?? ()
#240 0x00000000043cd7d0 in ?? ()
#241 0x00000000043f32d0 in ?? ()
#242 0x0000000004419130 in ?? ()
#243 0x000000000443f2e0 in ?? ()
#244 0x00000000044656c0 in ?? ()
#245 0x000000000448bac0 in ?? ()
#246 0x000000000433b0c0 in ?? ()
#247 0x00000000043609c0 in ?? ()
#248 0x0000000004385b40 in ?? ()
#249 0x00000000043aaf40 in ?? ()
#250 0x00000000043d0230 in ?? ()
#251 0x00000000043f5e20 in ?? ()
#252 0x000000000441bc80 in ?? ()
#253 0x0000000004441ea0 in ?? ()
#254 0x0000000004468280 in ?? ()
#255 0x000000000448e680 in ?? ()
#256 0x000000000433dcd0 in ?? ()
#257 0x0000000004363430 in ?? ()
#258 0x0000000004388610 in ?? ()
#259 0x00000000043ad9a0 in ?? ()
#260 0x00000000043d2c90 in ?? ()
#261 0x00000000043f8970 in ?? ()
#262 0x000000000441e7d0 in ?? ()
#263 0x0000000004444a60 in ?? ()
#264 0x000000000446ae40 in ?? ()
#265 0x0000000004491240 in ?? ()
#266 0x00000000043408b0 in ?? ()
#267 0x0000000004365ea0 in ?? ()
#268 0x000000000438b0e0 in ?? ()
#269 0x00000000043b0400 in ?? ()
#270 0x00000000043d5700 in ?? ()
#271 0x00000000043fb4c0 in ?? ()
#272 0x0000000004421320 in ?? ()
#273 0x0000000004447620 in ?? ()
#274 0x000000000446da00 in ?? ()
#275 0x0000000004493e00 in ?? ()
#276 0x0000000004343440 in ?? ()
#277 0x0000000004368980 in ?? ()
#278 0x000000000438db40 in ?? ()
#279 0x00000000043b2ed0 in ?? ()
#280 0x00000000043d8170 in ?? ()
#281 0x00000000043fe010 in ?? ()
#282 0x0000000004423e70 in ?? ()
#283 0x000000000444a1e0 in ?? ()
#284 0x00000000044705c0 in ?? ()
#285 0x00000000044969c0 in ?? ()
#286 0x0000000004307d20 in ?? ()
#287 0x00000000043456d0 in ?? ()
#288 0x000000000436ad00 in ?? ()
#289 0x000000000438ff80 in ?? ()
#290 0x00000000043b5370 in ?? ()
#291 0x00000000043da670 in ?? ()
#292 0x0000000004400540 in ?? ()
#293 0x0000000004426370 in ?? ()
#294 0x000000000444c740 in ?? ()
#295 0x0000000004472b40 in ?? ()
#296 0x00000000043237f0 in ?? ()
#297 0x0000000004348440 in ?? ()
#298 0x000000000436d600 in ?? ()
#299 0x0000000004392a30 in ?? ()
#300 0x00000000043b7e30 in ?? ()
#301 0x00000000043dd1c0 in ?? ()
#302 0x0000000004403090 in ?? ()
#303 0x0000000004428ec0 in ?? ()
#304 0x000000000444f2c0 in ?? ()
#305 0x00000000044756c0 in ?? ()
#306 0x0000000004325380 in ?? ()
#307 0x000000000434af50 in ?? ()
#308 0x00000000043700b0 in ?? ()
#309 0x0000000004395510 in ?? ()
#310 0x00000000043ba880 in ?? ()
#311 0x00000000043dfd10 in ?? ()
#312 0x0000000004405be0 in ?? ()
#313 0x000000000442ba70 in ?? ()
#314 0x0000000004451e40 in ?? ()
#315 0x0000000004478240 in ?? ()
#316 0x00000000043273f0 in ?? ()
#317 0x000000000434d7e0 in ?? ()
#318 0x0000000004372ae0 in ?? ()
#319 0x0000000004397ff0 in ?? ()
#320 0x00000000043bd2f0 in ?? ()
#321 0x00000000043e2860 in ?? ()
#322 0x0000000004408730 in ?? ()
#323 0x000000000442e630 in ?? ()
#324 0x0000000004454a00 in ?? ()
#325 0x000000000447ae00 in ?? ()
#326 0x000000000432a000 in ?? ()
#327 0x0000000004350500 in ?? ()
#328 0x0000000004375550 in ?? ()
#329 0x000000000439aa60 in ?? ()
#330 0x00000000043bfd60 in ?? ()
#331 0x00000000043e53b0 in ?? ()
#332 0x000000000440b280 in ?? ()
#333 0x00000000044311f0 in ?? ()
#334 0x00000000044575c0 in ?? ()
#335 0x000000000447d9c0 in ?? ()
#336 0x000000000432ccb0 in ?? ()
#337 0x0000000004352e80 in ?? ()
#338 0x0000000004377fc0 in ?? ()
#339 0x000000000439d4d0 in ?? ()
#340 0x00000000043c27d0 in ?? ()
#341 0x00000000043e7f00 in ?? ()
#342 0x000000000440ddd0 in ?? ()
#343 0x0000000004433db0 in ?? ()
#344 0x000000000445a180 in ?? ()
#345 0x0000000004480580 in ?? ()
#346 0x000000000432f630 in ?? ()
#347 0x0000000004355a90 in ?? ()
#348 0x000000000437aaa0 in ?? ()
#349 0x000000000439ff40 in ?? ()
#350 0x00000000043c5240 in ?? ()
#351 0x00000000043eaac0 in ?? ()
#352 0x0000000004410920 in ?? ()
#353 0x0000000004436970 in ?? ()
#354 0x000000000445cd40 in ?? ()
#355 0x0000000004483140 in ?? ()
#356 0x00000000043324d0 in ?? ()
#357 0x0000000004358240 in ?? ()
#358 0x000000000437d560 in ?? ()
#359 0x00000000043a29b0 in ?? ()
#360 0x00000000043c7d10 in ?? ()
#361 0x00000000043ed610 in ?? ()
#362 0x0000000004413470 in ?? ()
#363 0x0000000004439530 in ?? ()
#364 0x000000000445f900 in ?? ()
#365 0x0000000004485d00 in ?? ()
#366 0x0000000004334f40 in ?? ()
#367 0x000000000435ae60 in ?? ()
#368 0x000000000437fe10 in ?? ()
#369 0x00000000043a5480 in ?? ()
#370 0x00000000043ca770 in ?? ()
#371 0x00000000043f0160 in ?? ()
#372 0x0000000004415fc0 in ?? ()
#373 0x000000000443c0f0 in ?? ()
#374 0x00000000044624c0 in ?? ()
#375 0x00000000044888c0 in ?? ()
#376 0x0000000004337d90 in ?? ()
#377 0x000000000435d8d0 in ?? ()
#378 0x0000000004382ac0 in ?? ()
#379 0x00000000043a7ee0 in ?? ()
#380 0x00000000043cd1d0 in ?? ()
#381 0x00000000043f2cb0 in ?? ()
#382 0x0000000004418b10 in ?? ()
#383 0x000000000443ecb0 in ?? ()
#384 0x0000000004465080 in ?? ()
#385 0x000000000448b480 in ?? ()
#386 0x000000000433aa30 in ?? ()
#387 0x0000000004360340 in ?? ()
#388 0x0000000004385520 in ?? ()
#389 0x00000000043aa940 in ?? ()
#390 0x00000000043cfc30 in ?? ()
#391 0x00000000043f5800 in ?? ()
#392 0x000000000441b660 in ?? ()
#393 0x0000000004441870 in ?? ()
#394 0x0000000004467c40 in ?? ()
#395 0x000000000448e040 in ?? ()
#396 0x000000000433d640 in ?? ()
#397 0x0000000004362e20 in ?? ()
#398 0x0000000004387ff0 in ?? ()
#399 0x00000000043ad3a0 in ?? ()
#400 0x00000000043d2690 in ?? ()
#401 0x00000000043f8350 in ?? ()
#402 0x000000000441e1b0 in ?? ()
#403 0x0000000004444430 in ?? ()
#404 0x000000000446a800 in ?? ()
#405 0x0000000004490c00 in ?? ()
#406 0x000000000433ffd0 in ?? ()
#407 0x0000000004365890 in ?? ()
#408 0x000000000438aac0 in ?? ()
#409 0x00000000043afe00 in ?? ()
#410 0x00000000043d50f0 in ?? ()
#411 0x00000000043faea0 in ?? ()
#412 0x0000000004420d00 in ?? ()
#413 0x0000000004446ff0 in ?? ()
#414 0x000000000446d3c0 in ?? ()
#415 0x00000000044937c0 in ?? ()
#416 0x0000000004342db0 in ?? ()
#417 0x0000000004368370 in ?? ()
#418 0x000000000438d520 in ?? ()
#419 0x00000000043b2860 in ?? ()
#420 0x00000000043d7b70 in ?? ()
#421 0x00000000043fd9f0 in ?? ()
#422 0x0000000004423850 in ?? ()
#423 0x0000000004449bb0 in ?? ()
#424 0x000000000446ff80 in ?? ()
#425 0x0000000004496380 in ?? ()
#426 0x00000000043073b0 in ?? ()
#427 0x00000000043452e0 in ?? ()
#428 0x000000000436a4b0 in ?? ()
#429 0x000000000438f6b0 in ?? ()
#430 0x00000000043b4a90 in ?? ()
#431 0x00000000043d9d50 in ?? ()
#432 0x00000000043ffc20 in ?? ()
#433 0x0000000004425a40 in ?? ()
#434 0x000000000444be20 in ?? ()
#435 0x0000000004472220 in ?? ()
#436 0x0000000004323400 in ?? ()
#437 0x0000000004347b40 in ?? ()
#438 0x000000000436cd30 in ?? ()
#439 0x0000000004392160 in ?? ()
#440 0x00000000043b7550 in ?? ()
#441 0x00000000043dc8a0 in ?? ()
#442 0x0000000004402770 in ?? ()
#443 0x0000000004428590 in ?? ()
#444 0x000000000444e9a0 in ?? ()
#445 0x0000000004474da0 in ?? ()
#446 0x0000000004324f90 in ?? ()
#447 0x000000000434a920 in ?? ()
#448 0x000000000436f7e0 in ?? ()
#449 0x0000000004394bc0 in ?? ()
#450 0x00000000043b9fa0 in ?? ()
#451 0x00000000043df3f0 in ?? ()
#452 0x00000000044052c0 in ?? ()
#453 0x000000000442b140 in ?? ()
#454 0x0000000004451520 in ?? ()
#455 0x0000000004477920 in ?? ()
#456 0x0000000004326b20 in ?? ()
#457 0x000000000434d3f0 in ?? ()
#458 0x0000000004372200 in ?? ()
#459 0x0000000004397710 in ?? ()
#460 0x00000000043bca10 in ?? ()
#461 0x00000000043e1f40 in ?? ()
#462 0x0000000004407e10 in ?? ()
#463 0x000000000442dd00 in ?? ()
#464 0x00000000044540e0 in ?? ()
#465 0x000000000447a4e0 in ?? ()
#466 0x00000000043296c0 in ?? ()
#467 0x000000000434fc70 in ?? ()
#468 0x0000000004374c70 in ?? ()
#469 0x000000000439a180 in ?? ()
#470 0x00000000043bf480 in ?? ()
#471 0x00000000043e4a90 in ?? ()
#472 0x000000000440a960 in ?? ()
#473 0x00000000044308c0 in ?? ()
#474 0x0000000004456ca0 in ?? ()
#475 0x000000000447d0a0 in ?? ()
#476 0x000000000432c620 in ?? ()
#477 0x0000000004352620 in ?? ()
#478 0x00000000043776e0 in ?? ()
#479 0x000000000439cbf0 in ?? ()
#480 0x00000000043c1ef0 in ?? ()
#481 0x00000000043e75e0 in ?? ()
#482 0x000000000440d4b0 in ?? ()
#483 0x0000000004433480 in ?? ()
#484 0x0000000004459860 in ?? ()
#485 0x000000000447fc60 in ?? ()
#486 0x000000000432f240 in ?? ()
#487 0x0000000004355460 in ?? ()
#488 0x000000000437a1c0 in ?? ()
#489 0x000000000439f660 in ?? ()
#490 0x00000000043c4960 in ?? ()
#491 0x00000000043ea1a0 in ?? ()
#492 0x0000000004410000 in ?? ()
#493 0x0000000004436040 in ?? ()
#494 0x000000000445c420 in ?? ()
#495 0x0000000004482820 in ?? ()
#496 0x0000000004331e40 in ?? ()
#497 0x0000000004357e50 in ?? ()
#498 0x000000000437cf40 in ?? ()
#499 0x00000000043a20d0 in ?? ()
#500 0x00000000043c7440 in ?? ()
#501 0x00000000043eccf0 in ?? ()
#502 0x0000000004412b50 in ?? ()
#503 0x0000000004438c00 in ?? ()
#504 0x000000000445efe0 in ?? ()
#505 0x00000000044853e0 in ?? ()
#506 0x0000000004334b50 in ?? ()
#507 0x000000000435a600 in ?? ()
#508 0x000000000437fa20 in ?? ()
#509 0x00000000043a4bb0 in ?? ()
#510 0x00000000043c9ea0 in ?? ()
#511 0x00000000043ef840 in ?? ()
#512 0x00000000044156a0 in ?? ()
#513 0x000000000443b7c0 in ?? ()
#514 0x0000000004461ba0 in ?? ()
#515 0x0000000004487fa0 in ?? ()
#516 0x00000000043374b0 in ?? ()
#517 0x000000000435d0b0 in ?? ()
#518 0x00000000043821e0 in ?? ()
#519 0x00000000043a7610 in ?? ()
#520 0x00000000043cc900 in ?? ()
#521 0x00000000043f2390 in ?? ()
#522 0x00000000044181f0 in ?? ()
#523 0x000000000443e380 in ?? ()
#524 0x0000000004464760 in ?? ()
#525 0x000000000448ab60 in ?? ()
#526 0x000000000433a0e0 in ?? ()
#527 0x000000000435fb20 in ?? ()
#528 0x0000000004384c50 in ?? ()
#529 0x00000000043aa070 in ?? ()
#530 0x00000000043cf360 in ?? ()
#531 0x00000000043f4ee0 in ?? ()
#532 0x000000000441ad40 in ?? ()
#533 0x0000000004440f40 in ?? ()
#534 0x0000000004467320 in ?? ()
#535 0x000000000448d720 in ?? ()
#536 0x000000000433d020 in ?? ()
#537 0x0000000004362590 in ?? ()
#538 0x00000000043876b0 in ?? ()
#539 0x00000000043acad0 in ?? ()
#540 0x00000000043d1dc0 in ?? ()
#541 0x00000000043f7a30 in ?? ()
#542 0x000000000441d890 in ?? ()
#543 0x0000000004443b00 in ?? ()
#544 0x0000000004469ee0 in ?? ()
#545 0x00000000044902e0 in ?? ()
#546 0x000000000433fbe0 in ?? ()
#547 0x0000000004365000 in ?? ()
#548 0x000000000438a1f0 in ?? ()
#549 0x00000000043af530 in ?? ()
#550 0x00000000043d4820 in ?? ()
#551 0x00000000043fa580 in ?? ()
#552 0x00000000044203e0 in ?? ()
#553 0x00000000044466c0 in ?? ()
#554 0x000000000446caa0 in ?? ()
#555 0x0000000004492ea0 in ?? ()
#556 0x0000000004342720 in ?? ()
#557 0x0000000004367ae0 in ?? ()
#558 0x000000000438cc50 in ?? ()
#559 0x00000000043b1f90 in ?? ()
#560 0x00000000043d7290 in ?? ()
#561 0x00000000043fd0d0 in ?? ()
#562 0x0000000004422f30 in ?? ()
#563 0x0000000004449280 in ?? ()
#564 0x000000000446f660 in ?? ()
#565 0x0000000004495a60 in ?? ()
#566 0x0000000004306250 in ?? ()
#567 0x0000000004344690 in ?? ()
#568 0x0000000004369b30 in ?? ()
#569 0x000000000438ecc0 in ?? ()
#570 0x00000000043b4060 in ?? ()
#571 0x00000000043d9370 in ?? ()
#572 0x00000000043ff210 in ?? ()
#573 0x0000000004425080 in ?? ()
#574 0x000000000444b410 in ?? ()
#575 0x0000000004471810 in ?? ()
#576 0x00000000043015a0 in ?? ()
#577 0x0000000004347150 in ?? ()
#578 0x000000000436c420 in ?? ()
#579 0x0000000004391770 in ?? ()
#580 0x00000000043b6b60 in ?? ()
#581 0x00000000043dbe90 in ?? ()
#582 0x0000000004401d60 in ?? ()
#583 0x0000000004427bd0 in ?? ()
#584 0x000000000444df90 in ?? ()
#585 0x0000000004474390 in ?? ()
#586 0x00000000043247b0 in ?? ()
#587 0x0000000004349c20 in ?? ()
#588 0x000000000436edf0 in ?? ()
#589 0x00000000043941d0 in ?? ()
#590 0x00000000043b95b0 in ?? ()
#591 0x00000000043de9e0 in ?? ()
#592 0x00000000044048b0 in ?? ()
#593 0x000000000442a720 in ?? ()
#594 0x0000000004450b40 in ?? ()
#595 0x0000000004476f40 in ?? ()
#596 0x0000000004326340 in ?? ()
#597 0x000000000434c690 in ?? ()
#598 0x0000000004371810 in ?? ()
#599 0x0000000004396d20 in ?? ()
#600 0x00000000043bc020 in ?? ()
#601 0x00000000043e1530 in ?? ()
#602 0x0000000004407400 in ?? ()
#603 0x000000000442d2e0 in ?? ()
#604 0x0000000004453700 in ?? ()
#605 0x0000000004479b00 in ?? ()
#606 0x0000000004328c60 in ?? ()
#607 0x000000000434f290 in ?? ()
#608 0x0000000004374280 in ?? ()
#609 0x0000000004399790 in ?? ()
#610 0x00000000043bea90 in ?? ()
#611 0x00000000043e4080 in ?? ()
#612 0x0000000004409f50 in ?? ()
#613 0x000000000442fea0 in ?? ()
#614 0x00000000044562c0 in ?? ()
#615 0x000000000447c6c0 in ?? ()
#616 0x000000000432b8b0 in ?? ()
#617 0x0000000004351c40 in ?? ()
#618 0x0000000004376cf0 in ?? ()
#619 0x000000000439c200 in ?? ()
#620 0x00000000043c1500 in ?? ()
#621 0x00000000043e6bd0 in ?? ()
#622 0x000000000440caa0 in ?? ()
#623 0x0000000004432a60 in ?? ()
#624 0x0000000004458e80 in ?? ()
#625 0x000000000447f280 in ?? ()
#626 0x000000000432e5a0 in ?? ()
#627 0x00000000043546f0 in ?? ()
#628 0x0000000004379760 in ?? ()
#629 0x000000000439ec70 in ?? ()
#630 0x00000000043c3f70 in ?? ()
#631 0x00000000043e9790 in ?? ()
#632 0x000000000440f5f0 in ?? ()
#633 0x0000000004435620 in ?? ()
#634 0x000000000445ba40 in ?? ()
#635 0x0000000004481e40 in ?? ()
#636 0x00000000043310d0 in ?? ()
#637 0x00000000043571d0 in ?? ()
#638 0x000000000437c240 in ?? ()
#639 0x00000000043a16e0 in ?? ()
#640 0x00000000043c69e0 in ?? ()
#641 0x00000000043ec2e0 in ?? ()
#642 0x0000000004412140 in ?? ()
#643 0x00000000044381e0 in ?? ()
#644 0x000000000445e600 in ?? ()
#645 0x0000000004484a00 in ?? ()
#646 0x0000000004333dd0 in ?? ()
#647 0x0000000004359c20 in ?? ()
#648 0x000000000437ed80 in ?? ()
#649 0x00000000043a41c0 in ?? ()
#650 0x00000000043c94b0 in ?? ()
#651 0x00000000043eee30 in ?? ()
#652 0x0000000004414c90 in ?? ()
#653 0x000000000443ada0 in ?? ()
#654 0x00000000044611c0 in ?? ()
#655 0x00000000044875c0 in ?? ()
#656 0x0000000004336a50 in ?? ()
#657 0x000000000435c6d0 in ?? ()
#658 0x00000000043817f0 in ?? ()
#659 0x00000000043a6c20 in ?? ()
#660 0x00000000043cbf10 in ?? ()
#661 0x00000000043f1980 in ?? ()
#662 0x00000000044177e0 in ?? ()
#663 0x000000000443d960 in ?? ()
#664 0x0000000004463d80 in ?? ()
#665 0x000000000448a180 in ?? ()
#666 0x00000000043396f0 in ?? ()
#667 0x000000000435f140 in ?? ()
#668 0x0000000004384260 in ?? ()
#669 0x00000000043a9680 in ?? ()
#670 0x00000000043ce970 in ?? ()
#671 0x00000000043f44d0 in ?? ()
#672 0x000000000441a330 in ?? ()
#673 0x0000000004440520 in ?? ()
#674 0x0000000004466940 in ?? ()
#675 0x000000000448cd40 in ?? ()
#676 0x000000000433c2b0 in ?? ()
#677 0x0000000004361bb0 in ?? ()
#678 0x0000000004386cc0 in ?? ()
#679 0x00000000043ac0e0 in ?? ()
#680 0x00000000043d13d0 in ?? ()
#681 0x00000000043f7020 in ?? ()
#682 0x000000000441ce80 in ?? ()
#683 0x00000000044430e0 in ?? ()
#684 0x0000000004469500 in ?? ()
#685 0x000000000448f900 in ?? ()
#686 0x000000000433ee60 in ?? ()
#687 0x0000000004364620 in ?? ()
#688 0x0000000004389800 in ?? ()
#689 0x00000000043aeb40 in ?? ()
#690 0x00000000043d3e30 in ?? ()
#691 0x00000000043f9b70 in ?? ()
#692 0x000000000441f9d0 in ?? ()
#693 0x0000000004445ca0 in ?? ()
#694 0x000000000446c0c0 in ?? ()
#695 0x00000000044924c0 in ?? ()
#696 0x0000000004341a20 in ?? ()
#697 0x0000000004367100 in ?? ()
#698 0x000000000438c260 in ?? ()
#699 0x00000000043b15a0 in ?? ()
#700 0x00000000043d68a0 in ?? ()
#701 0x00000000043fc6c0 in ?? ()
#702 0x0000000004422520 in ?? ()
#703 0x0000000004448860 in ?? ()
#704 0x000000000446ec80 in ?? ()
#705 0x0000000004495080 in ?? ()
#706 0x0000000004306a80 in ?? ()
#707 0x0000000004344c20 in ?? ()
#708 0x000000000436a0c0 in ?? ()
#709 0x000000000438f2c0 in ?? ()
#710 0x00000000043b46a0 in ?? ()
#711 0x00000000043d9960 in ?? ()
#712 0x00000000043ff830 in ?? ()
#713 0x0000000004425650 in ?? ()
#714 0x000000000444ba30 in ?? ()
#715 0x0000000004471e30 in ?? ()
#716 0x0000000004301dd0 in ?? ()
#717 0x0000000004347750 in ?? ()
#718 0x000000000436c940 in ?? ()
#719 0x0000000004391d70 in ?? ()
#720 0x00000000043b7160 in ?? ()
#721 0x00000000043dc4b0 in ?? ()
#722 0x0000000004402380 in ?? ()
#723 0x00000000044281a0 in ?? ()
#724 0x000000000444e5b0 in ?? ()
#725 0x00000000044749b0 in ?? ()
#726 0x0000000004324ba0 in ?? ()
#727 0x000000000434a210 in ?? ()
#728 0x000000000436f3f0 in ?? ()
#729 0x00000000043947d0 in ?? ()
#730 0x00000000043b9bb0 in ?? ()
#731 0x00000000043df000 in ?? ()
#732 0x0000000004404ed0 in ?? ()
#733 0x000000000442ad50 in ?? ()
#734 0x0000000004451130 in ?? ()
#735 0x0000000004477530 in ?? ()
#736 0x0000000004326730 in ?? ()
#737 0x000000000434ccc0 in ?? ()
#738 0x0000000004371e10 in ?? ()
#739 0x0000000004397320 in ?? ()
#740 0x00000000043bc620 in ?? ()
#741 0x00000000043e1b50 in ?? ()
#742 0x0000000004407a20 in ?? ()
#743 0x000000000442d910 in ?? ()
#744 0x0000000004453cf0 in ?? ()
#745 0x000000000447a0f0 in ?? ()
#746 0x00000000043292d0 in ?? ()
#747 0x000000000434f880 in ?? ()
#748 0x0000000004374880 in ?? ()
#749 0x0000000004399d90 in ?? ()
#750 0x00000000043bf090 in ?? ()
#751 0x00000000043e46a0 in ?? ()
#752 0x000000000440a570 in ?? ()
#753 0x00000000044304d0 in ?? ()
#754 0x00000000044568b0 in ?? ()
#755 0x000000000447ccb0 in ?? ()
#756 0x000000000432bf20 in ?? ()
#757 0x0000000004352230 in ?? ()
#758 0x00000000043772f0 in ?? ()
#759 0x000000000439c800 in ?? ()
#760 0x00000000043c1b00 in ?? ()
#761 0x00000000043e71f0 in ?? ()
#762 0x000000000440d0c0 in ?? ()
#763 0x0000000004433090 in ?? ()
#764 0x0000000004459470 in ?? ()
#765 0x000000000447f870 in ?? ()
#766 0x000000000432eb70 in ?? ()
#767 0x0000000004354d50 in ?? ()
#768 0x0000000004379dd0 in ?? ()
#769 0x000000000439f270 in ?? ()
#770 0x00000000043c4570 in ?? ()
#771 0x00000000043e9db0 in ?? ()
#772 0x000000000440fc10 in ?? ()
#773 0x0000000004435c50 in ?? ()
#774 0x000000000445c030 in ?? ()
#775 0x0000000004482430 in ?? ()
#776 0x0000000004331740 in ?? ()
#777 0x0000000004357790 in ?? ()
#778 0x000000000437c840 in ?? ()
#779 0x00000000043a1ce0 in ?? ()
#780 0x00000000043c7050 in ?? ()
#781 0x00000000043ec900 in ?? ()
#782 0x0000000004412760 in ?? ()
#783 0x0000000004438810 in ?? ()
#784 0x000000000445ebf0 in ?? ()
#785 0x0000000004484ff0 in ?? ()
#786 0x0000000004334410 in ?? ()
#787 0x000000000435a210 in ?? ()
#788 0x000000000437f350 in ?? ()
#789 0x00000000043a47c0 in ?? ()
#790 0x00000000043c9ab0 in ?? ()
#791 0x00000000043ef450 in ?? ()
#792 0x00000000044152b0 in ?? ()
#793 0x000000000443b3d0 in ?? ()
#794 0x00000000044617b0 in ?? ()
#795 0x0000000004487bb0 in ?? ()
#796 0x00000000043370c0 in ?? ()
#797 0x000000000435ccc0 in ?? ()
#798 0x0000000004381df0 in ?? ()
#799 0x00000000043a7220 in ?? ()
#800 0x00000000043cc510 in ?? ()
#801 0x00000000043f1fa0 in ?? ()
#802 0x0000000004417e00 in ?? ()
#803 0x000000000443df90 in ?? ()
#804 0x0000000004464370 in ?? ()
#805 0x000000000448a770 in ?? ()
#806 0x0000000004339cf0 in ?? ()
#807 0x000000000435f730 in ?? ()
#808 0x0000000004384860 in ?? ()
#809 0x00000000043a9c80 in ?? ()
#810 0x00000000043cef70 in ?? ()
#811 0x00000000043f4af0 in ?? ()
#812 0x000000000441a950 in ?? ()
#813 0x0000000004440b50 in ?? ()
#814 0x0000000004466f30 in ?? ()
#815 0x000000000448d330 in ?? ()
#816 0x000000000433c920 in ?? ()
#817 0x00000000043621a0 in ?? ()
#818 0x00000000043872c0 in ?? ()
#819 0x00000000043ac6e0 in ?? ()
#820 0x00000000043d19d0 in ?? ()
#821 0x00000000043f7640 in ?? ()
#822 0x000000000441d4a0 in ?? ()
#823 0x0000000004443710 in ?? ()
#824 0x0000000004469af0 in ?? ()
#825 0x000000000448fef0 in ?? ()
#826 0x000000000433f4a0 in ?? ()
#827 0x0000000004364c10 in ?? ()
#828 0x0000000004389e00 in ?? ()
#829 0x00000000043af140 in ?? ()
#830 0x00000000043d4430 in ?? ()
#831 0x00000000043fa190 in ?? ()
#832 0x000000000441fff0 in ?? ()
#833 0x00000000044462d0 in ?? ()
#834 0x000000000446c6b0 in ?? ()
#835 0x0000000004492ab0 in ?? ()
#836 0x0000000004342020 in ?? ()
#837 0x00000000043676f0 in ?? ()
#838 0x000000000438c860 in ?? ()
#839 0x00000000043b1ba0 in ?? ()
#840 0x00000000043d6ea0 in ?? ()
#841 0x00000000043fcce0 in ?? ()
#842 0x0000000004422b40 in ?? ()
#843 0x0000000004448e90 in ?? ()
#844 0x000000000446f270 in ?? ()
#845 0x0000000004495670 in ?? ()
#846 0x0000000004305ac0 in ?? ()
#847 0x0000000004344170 in ?? ()
#848 0x0000000004369610 in ?? ()
#849 0x000000000438e7a0 in ?? ()
#850 0x00000000043b3b50 in ?? ()
#851 0x00000000043d8df0 in ?? ()
#852 0x00000000043fecc0 in ?? ()
#853 0x0000000004424b20 in ?? ()
#854 0x000000000444aec0 in ?? ()
#855 0x00000000044712c0 in ?? ()
#856 0x0000000004300cd0 in ?? ()
#857 0x0000000004346bf0 in ?? ()
#858 0x000000000436be90 in ?? ()
#859 0x0000000004391250 in ?? ()
#860 0x00000000043b65d0 in ?? ()
#861 0x00000000043db940 in ?? ()
#862 0x0000000004401810 in ?? ()
#863 0x0000000004427670 in ?? ()
#864 0x000000000444da40 in ?? ()
#865 0x0000000004473e40 in ?? ()
#866 0x00000000043243c0 in ?? ()
#867 0x00000000043496c0 in ?? ()
#868 0x000000000436e8d0 in ?? ()
#869 0x0000000004393cb0 in ?? ()
#870 0x00000000043b9090 in ?? ()
#871 0x00000000043de490 in ?? ()
#872 0x0000000004404360 in ?? ()
#873 0x000000000442a1c0 in ?? ()
#874 0x00000000044505c0 in ?? ()
#875 0x00000000044769c0 in ?? ()
#876 0x0000000004325f50 in ?? ()
#877 0x000000000434c1a0 in ?? ()
#878 0x00000000043712f0 in ?? ()
#879 0x0000000004396800 in ?? ()
#880 0x00000000043bbb00 in ?? ()
#881 0x00000000043e0fe0 in ?? ()
#882 0x0000000004406eb0 in ?? ()
#883 0x000000000442cd80 in ?? ()
#884 0x0000000004453180 in ?? ()
#885 0x0000000004479580 in ?? ()
#886 0x0000000004328740 in ?? ()
#887 0x000000000434ecc0 in ?? ()
#888 0x0000000004373d60 in ?? ()
#889 0x0000000004399270 in ?? ()
#890 0x00000000043be570 in ?? ()
#891 0x00000000043e3b30 in ?? ()
#892 0x0000000004409a00 in ?? ()
#893 0x000000000442f940 in ?? ()
#894 0x0000000004455d40 in ?? ()
#895 0x000000000447c140 in ?? ()
#896 0x000000000432b320 in ?? ()
#897 0x00000000043516e0 in ?? ()
#898 0x00000000043767d0 in ?? ()
#899 0x000000000439bce0 in ?? ()
#900 0x00000000043c0fe0 in ?? ()
#901 0x00000000043e6680 in ?? ()
#902 0x000000000440c550 in ?? ()
#903 0x0000000004432500 in ?? ()
#904 0x0000000004458900 in ?? ()
#905 0x000000000447ed00 in ?? ()
#906 0x000000000432e030 in ?? ()
#907 0x0000000004354120 in ?? ()
#908 0x0000000004379240 in ?? ()
#909 0x000000000439e750 in ?? ()
#910 0x00000000043c3a50 in ?? ()
#911 0x00000000043e91d0 in ?? ()
#912 0x000000000440f0a0 in ?? ()
#913 0x00000000044350c0 in ?? ()
#914 0x000000000445b4c0 in ?? ()
#915 0x00000000044818c0 in ?? ()
#916 0x0000000004330bb0 in ?? ()
#917 0x0000000004356c70 in ?? ()
#918 0x000000000437bd20 in ?? ()
#919 0x00000000043a11c0 in ?? ()
#920 0x00000000043c64c0 in ?? ()
#921 0x00000000043ebd90 in ?? ()
#922 0x0000000004411bf0 in ?? ()
#923 0x0000000004437c80 in ?? ()
#924 0x000000000445e080 in ?? ()
#925 0x0000000004484480 in ?? ()
#926 0x0000000004333860 in ?? ()
#927 0x00000000043596c0 in ?? ()
#928 0x000000000437e880 in ?? ()
#929 0x00000000043a3ca0 in ?? ()
#930 0x00000000043c8f90 in ?? ()
#931 0x00000000043ee8e0 in ?? ()
#932 0x0000000004414740 in ?? ()
#933 0x000000000443a840 in ?? ()
#934 0x0000000004460c40 in ?? ()
#935 0x0000000004487040 in ?? ()
#936 0x00000000043364c0 in ?? ()
#937 0x000000000435c170 in ?? ()
#938 0x00000000043812d0 in ?? ()
#939 0x00000000043a6700 in ?? ()
#940 0x00000000043cb9f0 in ?? ()
#941 0x00000000043f1430 in ?? ()
#942 0x0000000004417290 in ?? ()
#943 0x000000000443d400 in ?? ()
#944 0x0000000004463800 in ?? ()
#945 0x0000000004489c00 in ?? ()
#946 0x0000000004339160 in ?? ()
#947 0x000000000435ebe0 in ?? ()
#948 0x0000000004383d40 in ?? ()
#949 0x00000000043a9160 in ?? ()
#950 0x00000000043ce450 in ?? ()
#951 0x00000000043f3f80 in ?? ()
#952 0x0000000004419de0 in ?? ()
#953 0x000000000443ffc0 in ?? ()
#954 0x00000000044663c0 in ?? ()
#955 0x000000000448c7c0 in ?? ()
#956 0x000000000433bd20 in ?? ()
#957 0x0000000004361650 in ?? ()
#958 0x00000000043867a0 in ?? ()
#959 0x00000000043abbc0 in ?? ()
#960 0x00000000043d0eb0 in ?? ()
#961 0x00000000043f6ad0 in ?? ()
#962 0x000000000441c930 in ?? ()
#963 0x0000000004442b80 in ?? ()
#964 0x0000000004468f80 in ?? ()
#965 0x000000000448f380 in ?? ()
#966 0x000000000433e960 in ?? ()
#967 0x00000000043640c0 in ?? ()
#968 0x00000000043892e0 in ?? ()
#969 0x00000000043ae620 in ?? ()
#970 0x00000000043d3910 in ?? ()
#971 0x00000000043f9620 in ?? ()
#972 0x000000000441f480 in ?? ()
#973 0x0000000004445740 in ?? ()
#974 0x000000000446bb40 in ?? ()
#975 0x0000000004491f40 in ?? ()
#976 0x0000000004341500 in ?? ()
#977 0x0000000004366ba0 in ?? ()
#978 0x000000000438bd40 in ?? ()
#979 0x00000000043b1080 in ?? ()
#980 0x00000000043d6380 in ?? ()
#981 0x00000000043fc170 in ?? ()
#982 0x0000000004421fd0 in ?? ()
#983 0x0000000004448300 in ?? ()
#984 0x000000000446e700 in ?? ()
#985 0x0000000004494b00 in ?? ()
#986 0x0000000600000008 in ?? ()
#987 0x0000000700000008 in ?? ()
#988 0x0000000a00000007 in ?? ()
#989 0x0000000b0000000a in ?? ()
#990 0x0000000a0000000a in ?? ()
#991 0x00007ff437944b50 in ?? ()
#992 0x0000000600000008 in ?? ()
#993 0x0000000700000008 in ?? ()
#994 0x0000000a00000007 in ?? ()
#995 0x0000000b0000000a in ?? ()
#996 0x0000000a0000000a in ?? ()
#997 0x00007ff43794458f in ?? ()
#998 0x00007fffb72f4ab0 in ?? ()
#999 0x00000000fd21c4a1 in ?? ()
#1000 0x000000000225bb78 in ?? ()
#1001 0x00000000021a3c08 in ?? ()
#1002 0x00000000034d6618 in ?? ()
#1003 0x000000000225ba40 in ?? ()
#1004 0x00000000034d68f0 in ?? ()
#1005 0x00007fffb72f63e8 in ?? ()
#1006 0x00000000b72f4ab0 in ?? ()
#1007 0x00000000034d68f0 in ?? ()
#1008 0x0000000000000001 in ?? ()
#1009 0x00007fffb72f4a50 in ?? ()
#1010 0x00007fffb72f48b0 in ?? ()
#1011 0x00000000012bc1e0 in ?? ()
#1012 0x012a60c000000021 in ?? ()
#1013 0x012fc54000000000 in ?? ()
#1014 0x0000000000000000 in ?? ()
Error in <HandleInterpreterException>: Trying to dereference null pointer or trying to call routine taking non-null arguments.
Execution of your code was aborted.
In file included from input_line_8:1:
/afs/cern.ch/work/g/gbakas/public/HEP-NTUA/VariationHandling_Theory/GetHistograms_PS_PDF.C:530:64: warning: null passed to a callee that requires a non-null argument [-Wnonnull]
          if(weightType.EqualTo("PSWeights")) extra_weight = (*psWeightsCnt)[iweight];
                                                               ^~~~~~~~~~~~
Number of arguments 3
Argument list: ['RunGetHistograms_PS_PDF.py', '2016_postVFP', 'PSWeights']
TTJets
TTJets_TuneCP5_13TeV-amcatnloFXFX-pythia8.root
