
Processing FillHistograms_Extended_bTag.C("/eos/cms/store/user/gbakas/ttbar/topTagger/ul-2018/Signal/TTToHadronic_TuneCP5_13TeV-powheg-pythia8.root","TTToHadronic","2018","up",1000)...
YEAR: 2018
file_name: /eos/cms/store/user/gbakas/ttbar/topTagger/ul-2018/Signal/TTToHadronic_TuneCP5_13TeV-powheg-pythia8.root
ttbar_process: TTToHadronic
XSEC: 377.96
Error in <TTree::SetBranchAddress>: unknown branch -> jetTau3
Error in <TTree::SetBranchAddress>: unknown branch -> jetTau2
Error in <TTree::SetBranchAddress>: unknown branch -> jetTau1
Error in <TTree::SetBranchAddress>: unknown branch -> jetMassSub0
Error in <TTree::SetBranchAddress>: unknown branch -> jetMassSub1
Error in <TTree::SetBranchAddress>: unknown branch -> jetBtagSub0
Entries: 5177179
10 %
20 %
30 %
40 %
50 %
60 %
70 %
80 %
90 %

Processing FillHistograms_Extended_bTag.C("/eos/cms/store/user/gbakas/ttbar/topTagger/ul-2018/Signal/TTToSemiLeptonic_TuneCP5_13TeV-powheg-pythia8.root","TTToSemiLeptonic","2018","up",1000)...
YEAR: 2018
file_name: /eos/cms/store/user/gbakas/ttbar/topTagger/ul-2018/Signal/TTToSemiLeptonic_TuneCP5_13TeV-powheg-pythia8.root
ttbar_process: TTToSemiLeptonic
XSEC: 365.34
Error in <TTree::SetBranchAddress>: unknown branch -> jetTau3
Error in <TTree::SetBranchAddress>: unknown branch -> jetTau2
Error in <TTree::SetBranchAddress>: unknown branch -> jetTau1
Error in <TTree::SetBranchAddress>: unknown branch -> jetMassSub0
Error in <TTree::SetBranchAddress>: unknown branch -> jetMassSub1
Error in <TTree::SetBranchAddress>: unknown branch -> jetBtagSub0
Entries: 1929143
10 %
20 %
30 %
40 %
50 %
60 %
70 %
80 %
90 %

Processing FillHistograms_Extended_bTag.C("/eos/cms/store/user/gbakas/ttbar/topTagger/ul-2018/Signal/TTTo2L2Nu_TuneCP5_13TeV-powheg-pythia8.root","TTTo2L2Nu","2018","up",1000)...
YEAR: 2018
file_name: /eos/cms/store/user/gbakas/ttbar/topTagger/ul-2018/Signal/TTTo2L2Nu_TuneCP5_13TeV-powheg-pythia8.root
ttbar_process: TTTo2L2Nu
XSEC: 88.29
Error in <TTree::SetBranchAddress>: unknown branch -> jetTau3
Error in <TTree::SetBranchAddress>: unknown branch -> jetTau2
Error in <TTree::SetBranchAddress>: unknown branch -> jetTau1
Error in <TTree::SetBranchAddress>: unknown branch -> jetMassSub0
Error in <TTree::SetBranchAddress>: unknown branch -> jetMassSub1
Error in <TTree::SetBranchAddress>: unknown branch -> jetBtagSub0
Entries: 598448
10 %
20 %
30 %
40 %
50 %
60 %
70 %
80 %
90 %

Processing FillHistograms_Extended_bTag.C("/eos/cms/store/user/gbakas/ttbar/topTagger/ul-2018/Signal/TTToHadronic_TuneCP5_13TeV-powheg-pythia8.root","TTToHadronic","2018","down",1000)...
YEAR: 2018
file_name: /eos/cms/store/user/gbakas/ttbar/topTagger/ul-2018/Signal/TTToHadronic_TuneCP5_13TeV-powheg-pythia8.root
ttbar_process: TTToHadronic
XSEC: 377.96
Error in <TTree::SetBranchAddress>: unknown branch -> jetTau3
Error in <TTree::SetBranchAddress>: unknown branch -> jetTau2
Error in <TTree::SetBranchAddress>: unknown branch -> jetTau1
Error in <TTree::SetBranchAddress>: unknown branch -> jetMassSub0
Error in <TTree::SetBranchAddress>: unknown branch -> jetMassSub1
Error in <TTree::SetBranchAddress>: unknown branch -> jetBtagSub0
Entries: 5177179
