
Processing FillHistograms_Extended_nominalTopSF.C("/eos/cms/store/user/gbakas/ttbar/topTagger/ul-2016_postVFP/Signal/TTToHadronic_TuneCP5_13TeV-powheg-pythia8.root","TTToHadronic","2016_postVFP",1000)...
YEAR: 2016_postVFP
file_name: /eos/cms/store/user/gbakas/ttbar/topTagger/ul-2016_postVFP/Signal/TTToHadronic_TuneCP5_13TeV-powheg-pythia8.root
ttbar_process: TTToHadronic
XSEC: 377.96
Entries: 4808058
10 %
20 %
30 %
40 %
50 %
60 %
70 %
80 %
90 %

Processing FillHistograms_Extended_nominalTopSF.C("/eos/cms/store/user/gbakas/ttbar/topTagger/ul-2016_postVFP/Signal/TTToSemiLeptonic_TuneCP5_13TeV-powheg-pythia8.root","TTToSemiLeptonic","2016_postVFP",1000)...
YEAR: 2016_postVFP
file_name: /eos/cms/store/user/gbakas/ttbar/topTagger/ul-2016_postVFP/Signal/TTToSemiLeptonic_TuneCP5_13TeV-powheg-pythia8.root
ttbar_process: TTToSemiLeptonic
XSEC: 365.34
Entries: 2960743
10 %
20 %
30 %
40 %
50 %
60 %
70 %
80 %
90 %

Processing FillHistograms_Extended_nominalTopSF.C("/eos/cms/store/user/gbakas/ttbar/topTagger/ul-2016_postVFP/Signal/TTTo2L2Nu_TuneCP5_13TeV-powheg-pythia8.root","TTTo2L2Nu","2016_postVFP",1000)...
YEAR: 2016_postVFP
file_name: /eos/cms/store/user/gbakas/ttbar/topTagger/ul-2016_postVFP/Signal/TTTo2L2Nu_TuneCP5_13TeV-powheg-pythia8.root
ttbar_process: TTTo2L2Nu
XSEC: 88.29
Entries: 415839
10 %
20 %
30 %
40 %
50 %
60 %
70 %
80 %
90 %
Number of arguments 3
Argument list: ['RunFillHisto_nominalTopSF.py', '2016_postVFP', 'True']
TTToHadronic
TTToHadronic_TuneCP5_13TeV-powheg-pythia8.root
Current mjj cut: 1000
TTToSemiLeptonic
TTToSemiLeptonic_TuneCP5_13TeV-powheg-pythia8.root
Current mjj cut: 1000
TTTo2L2Nu
TTTo2L2Nu_TuneCP5_13TeV-powheg-pythia8.root
Current mjj cut: 1000
