
Processing FillHistograms_Extended_PS_PDF.C("/eos/cms/store/user/gbakas/ttbar/topTagger/ul-2017/Signal/TTToHadronic_TuneCP5_13TeV-powheg-pythia8.root","TTToHadronic","2017","PDFWeights",1000)...
YEAR: 2017
file_name: /eos/cms/store/user/gbakas/ttbar/topTagger/ul-2017/Signal/TTToHadronic_TuneCP5_13TeV-powheg-pythia8.root
ttbar_process: TTToHadronic
XSEC: 377.96
Error in <TTree::SetBranchAddress>: unknown branch -> jetTau3
Error in <TTree::SetBranchAddress>: unknown branch -> jetTau2
Error in <TTree::SetBranchAddress>: unknown branch -> jetTau1
Error in <TTree::SetBranchAddress>: unknown branch -> jetMassSub0
Error in <TTree::SetBranchAddress>: unknown branch -> jetMassSub1
Error in <TTree::SetBranchAddress>: unknown branch -> jetBtagSub0
Entries: 5491007
10 %
20 %
30 %
40 %
50 %
60 %
70 %
80 %
90 %

Processing FillHistograms_Extended_PS_PDF.C("/eos/cms/store/user/gbakas/ttbar/topTagger/ul-2017/Signal/TTToSemiLeptonic_TuneCP5_13TeV-powheg-pythia8.root","TTToSemiLeptonic","2017","PDFWeights",1000)...
YEAR: 2017
file_name: /eos/cms/store/user/gbakas/ttbar/topTagger/ul-2017/Signal/TTToSemiLeptonic_TuneCP5_13TeV-powheg-pythia8.root
ttbar_process: TTToSemiLeptonic
XSEC: 365.34
Error in <TTree::SetBranchAddress>: unknown branch -> jetTau3
Error in <TTree::SetBranchAddress>: unknown branch -> jetTau2
Error in <TTree::SetBranchAddress>: unknown branch -> jetTau1
Error in <TTree::SetBranchAddress>: unknown branch -> jetMassSub0
Error in <TTree::SetBranchAddress>: unknown branch -> jetMassSub1
Error in <TTree::SetBranchAddress>: unknown branch -> jetBtagSub0
Entries: 2111062
10 %
20 %
30 %
40 %
50 %
60 %
70 %
80 %
90 %

Processing FillHistograms_Extended_PS_PDF.C("/eos/cms/store/user/gbakas/ttbar/topTagger/ul-2017/Signal/TTTo2L2Nu_TuneCP5_13TeV-powheg-pythia8.root","TTTo2L2Nu","2017","PDFWeights",1000)...
YEAR: 2017
file_name: /eos/cms/store/user/gbakas/ttbar/topTagger/ul-2017/Signal/TTTo2L2Nu_TuneCP5_13TeV-powheg-pythia8.root
ttbar_process: TTTo2L2Nu
XSEC: 88.29
Error in <TTree::SetBranchAddress>: unknown branch -> jetTau3
Error in <TTree::SetBranchAddress>: unknown branch -> jetTau2
Error in <TTree::SetBranchAddress>: unknown branch -> jetTau1
Error in <TTree::SetBranchAddress>: unknown branch -> jetMassSub0
Error in <TTree::SetBranchAddress>: unknown branch -> jetMassSub1
Error in <TTree::SetBranchAddress>: unknown branch -> jetBtagSub0
Entries: 566427
10 %
20 %
30 %
40 %
50 %
60 %
70 %
80 %
90 %
Number of arguments 4
Argument list: ['RunFillHisto_PS_PDF.py', '2017', 'PDFWeights', 'True']
TTToHadronic
TTToHadronic_TuneCP5_13TeV-powheg-pythia8.root
Current mjj cut: 1000
TTToSemiLeptonic
TTToSemiLeptonic_TuneCP5_13TeV-powheg-pythia8.root
Current mjj cut: 1000
TTTo2L2Nu
TTTo2L2Nu_TuneCP5_13TeV-powheg-pythia8.root
Current mjj cut: 1000
