
Processing ResponseMatrices_nominal.C("/eos/cms/store/user/gbakas/ttbar/topTagger/ul-2017/Signal/TTToHadronic_TuneCP5_13TeV-powheg-pythia8.root","TTToHadronic","2017")...
YEAR: 2017
file_name: /eos/cms/store/user/gbakas/ttbar/topTagger/ul-2017/Signal/TTToHadronic_TuneCP5_13TeV-powheg-pythia8.root
ttbar_process: TTToHadronic
XSEC: 377.96
Entries: 10551943
10 %
20 %
30 %
40 %
--------
parton 0
Info in <TEfficiency::TEfficiency>: given histograms are filled with weights
Info in <TROOT::TEfficiency::SetUseWeightedEvents>: Handle weighted events for computing efficiency
Info in <TEfficiency::TEfficiency>: given histograms are filled with weights
Info in <TROOT::TEfficiency::SetUseWeightedEvents>: Handle weighted events for computing efficiency
-------
particle 0
Info in <TEfficiency::TEfficiency>: given histograms are filled with weights
Info in <TROOT::TEfficiency::SetUseWeightedEvents>: Handle weighted events for computing efficiency
Info in <TEfficiency::TEfficiency>: given histograms are filled with weights
Info in <TROOT::TEfficiency::SetUseWeightedEvents>: Handle weighted events for computing efficiency
--------
parton 1
Info in <TEfficiency::TEfficiency>: given histograms are filled with weights
Info in <TROOT::TEfficiency::SetUseWeightedEvents>: Handle weighted events for computing efficiency
Info in <TEfficiency::TEfficiency>: given histograms are filled with weights
Info in <TROOT::TEfficiency::SetUseWeightedEvents>: Handle weighted events for computing efficiency
-------
particle 1
Info in <TEfficiency::TEfficiency>: given histograms are filled with weights
Info in <TROOT::TEfficiency::SetUseWeightedEvents>: Handle weighted events for computing efficiency
Info in <TEfficiency::TEfficiency>: given histograms are filled with weights
Info in <TROOT::TEfficiency::SetUseWeightedEvents>: Handle weighted events for computing efficiency
--------
parton 2
Info in <TEfficiency::TEfficiency>: given histograms are filled with weights
Info in <TROOT::TEfficiency::SetUseWeightedEvents>: Handle weighted events for computing efficiency
Info in <TEfficiency::TEfficiency>: given histograms are filled with weights
Info in <TROOT::TEfficiency::SetUseWeightedEvents>: Handle weighted events for computing efficiency
-------
particle 2
Info in <TEfficiency::TEfficiency>: given histograms are filled with weights
Info in <TROOT::TEfficiency::SetUseWeightedEvents>: Handle weighted events for computing efficiency
Info in <TEfficiency::TEfficiency>: given histograms are filled with weights
Info in <TROOT::TEfficiency::SetUseWeightedEvents>: Handle weighted events for computing efficiency
--------
parton 3
Info in <TEfficiency::TEfficiency>: given histograms are filled with weights
Info in <TROOT::TEfficiency::SetUseWeightedEvents>: Handle weighted events for computing efficiency
Info in <TEfficiency::TEfficiency>: given histograms are filled with weights
Info in <TROOT::TEfficiency::SetUseWeightedEvents>: Handle weighted events for computing efficiency
-------
particle 3
Info in <TEfficiency::TEfficiency>: given histograms are filled with weights
Info in <TROOT::TEfficiency::SetUseWeightedEvents>: Handle weighted events for computing efficiency
Info in <TEfficiency::TEfficiency>: given histograms are filled with weights
Info in <TROOT::TEfficiency::SetUseWeightedEvents>: Handle weighted events for computing efficiency
--------
parton 4
Info in <TEfficiency::TEfficiency>: given histograms are filled with weights
Info in <TROOT::TEfficiency::SetUseWeightedEvents>: Handle weighted events for computing efficiency
Info in <TEfficiency::TEfficiency>: given histograms are filled with weights
Info in <TROOT::TEfficiency::SetUseWeightedEvents>: Handle weighted events for computing efficiency
-------
particle 4
Info in <TEfficiency::TEfficiency>: given histograms are filled with weights
Info in <TROOT::TEfficiency::SetUseWeightedEvents>: Handle weighted events for computing efficiency
Info in <TEfficiency::TEfficiency>: given histograms are filled with weights
Info in <TROOT::TEfficiency::SetUseWeightedEvents>: Handle weighted events for computing efficiency
--------
parton 5
Info in <TEfficiency::TEfficiency>: given histograms are filled with weights
Info in <TROOT::TEfficiency::SetUseWeightedEvents>: Handle weighted events for computing efficiency
Info in <TEfficiency::TEfficiency>: given histograms are filled with weights
Info in <TROOT::TEfficiency::SetUseWeightedEvents>: Handle weighted events for computing efficiency
-------
particle 5
Info in <TEfficiency::TEfficiency>: given histograms are filled with weights
Info in <TROOT::TEfficiency::SetUseWeightedEvents>: Handle weighted events for computing efficiency
Info in <TEfficiency::TEfficiency>: given histograms are filled with weights
Info in <TROOT::TEfficiency::SetUseWeightedEvents>: Handle weighted events for computing efficiency
--------
parton 6
Info in <TEfficiency::TEfficiency>: given histograms are filled with weights
Info in <TROOT::TEfficiency::SetUseWeightedEvents>: Handle weighted events for computing efficiency
Info in <TEfficiency::TEfficiency>: given histograms are filled with weights
Info in <TROOT::TEfficiency::SetUseWeightedEvents>: Handle weighted events for computing efficiency
-------
particle 6
Info in <TEfficiency::TEfficiency>: given histograms are filled with weights
Info in <TROOT::TEfficiency::SetUseWeightedEvents>: Handle weighted events for computing efficiency
Info in <TEfficiency::TEfficiency>: given histograms are filled with weights
Info in <TROOT::TEfficiency::SetUseWeightedEvents>: Handle weighted events for computing efficiency
--------
parton 7
Info in <TEfficiency::TEfficiency>: given histograms are filled with weights
Info in <TROOT::TEfficiency::SetUseWeightedEvents>: Handle weighted events for computing efficiency
Info in <TEfficiency::TEfficiency>: given histograms are filled with weights
Info in <TROOT::TEfficiency::SetUseWeightedEvents>: Handle weighted events for computing efficiency
-------
particle 7
Info in <TEfficiency::TEfficiency>: given histograms are filled with weights
Info in <TROOT::TEfficiency::SetUseWeightedEvents>: Handle weighted events for computing efficiency
Info in <TEfficiency::TEfficiency>: given histograms are filled with weights
Info in <TROOT::TEfficiency::SetUseWeightedEvents>: Handle weighted events for computing efficiency
--------
parton 8
Info in <TEfficiency::TEfficiency>: given histograms are filled with weights
Info in <TROOT::TEfficiency::SetUseWeightedEvents>: Handle weighted events for computing efficiency
Info in <TEfficiency::TEfficiency>: given histograms are filled with weights
Info in <TROOT::TEfficiency::SetUseWeightedEvents>: Handle weighted events for computing efficiency
-------
particle 8
Info in <TEfficiency::TEfficiency>: given histograms are filled with weights
Info in <TROOT::TEfficiency::SetUseWeightedEvents>: Handle weighted events for computing efficiency
Info in <TEfficiency::TEfficiency>: given histograms are filled with weights
Info in <TROOT::TEfficiency::SetUseWeightedEvents>: Handle weighted events for computing efficiency
--------
parton 9
Info in <TEfficiency::TEfficiency>: given histograms are filled with weights
Info in <TROOT::TEfficiency::SetUseWeightedEvents>: Handle weighted events for computing efficiency
Info in <TEfficiency::TEfficiency>: given histograms are filled with weights
Info in <TROOT::TEfficiency::SetUseWeightedEvents>: Handle weighted events for computing efficiency
-------
particle 9
Info in <TEfficiency::TEfficiency>: given histograms are filled with weights
Info in <TROOT::TEfficiency::SetUseWeightedEvents>: Handle weighted events for computing efficiency
Info in <TEfficiency::TEfficiency>: given histograms are filled with weights
Info in <TROOT::TEfficiency::SetUseWeightedEvents>: Handle weighted events for computing efficiency

Processing ResponseMatrices_nominal.C("/eos/cms/store/user/gbakas/ttbar/topTagger/ul-2017/Signal/TTToSemiLeptonic_TuneCP5_13TeV-powheg-pythia8.root","TTToSemiLeptonic","2017")...
YEAR: 2017
file_name: /eos/cms/store/user/gbakas/ttbar/topTagger/ul-2017/Signal/TTToSemiLeptonic_TuneCP5_13TeV-powheg-pythia8.root
ttbar_process: TTToSemiLeptonic
XSEC: 365.34
Entries: 6559751
10 %
20 %
30 %
40 %
--------
parton 0
Info in <TEfficiency::TEfficiency>: given histograms are filled with weights
Info in <TROOT::TEfficiency::SetUseWeightedEvents>: Handle weighted events for computing efficiency
Info in <TEfficiency::TEfficiency>: given histograms are filled with weights
Info in <TROOT::TEfficiency::SetUseWeightedEvents>: Handle weighted events for computing efficiency
-------
particle 0
Info in <TROOT::TEfficiency::CheckEntries>: Histograms are not consistent: passed bin content > total bin content
Error in <TROOT::TEfficiency::CheckConsistency>: passed TEfficiency objects do not have consistent bin contents
Error in <TEfficiency::TEfficiency(const TH1&,const TH1&)>: histograms are not consistent -> results are useless
Warning in <TEfficiency::TEfficiency(const TH1&,const TH1&)>: using two empty TH1D('h1','h1',10,0,10)
Info in <TROOT::TEfficiency::SetUseWeightedEvents>: Handle weighted events for computing efficiency
Info in <TEfficiency::TEfficiency>: given histograms are filled with weights
Info in <TROOT::TEfficiency::SetUseWeightedEvents>: Handle weighted events for computing efficiency
--------
parton 1
Info in <TEfficiency::TEfficiency>: given histograms are filled with weights
Info in <TROOT::TEfficiency::SetUseWeightedEvents>: Handle weighted events for computing efficiency
Info in <TEfficiency::TEfficiency>: given histograms are filled with weights
Info in <TROOT::TEfficiency::SetUseWeightedEvents>: Handle weighted events for computing efficiency
-------
particle 1
Info in <TEfficiency::TEfficiency>: given histograms are filled with weights
Info in <TROOT::TEfficiency::SetUseWeightedEvents>: Handle weighted events for computing efficiency
Info in <TROOT::TEfficiency::CheckEntries>: Histograms are not consistent: passed bin content > total bin content
Error in <TROOT::TEfficiency::CheckConsistency>: passed TEfficiency objects do not have consistent bin contents
Error in <TEfficiency::TEfficiency(const TH1&,const TH1&)>: histograms are not consistent -> results are useless
Warning in <TEfficiency::TEfficiency(const TH1&,const TH1&)>: using two empty TH1D('h1','h1',10,0,10)
Info in <TROOT::TEfficiency::SetUseWeightedEvents>: Handle weighted events for computing efficiency
--------
parton 2
Info in <TEfficiency::TEfficiency>: given histograms are filled with weights
Info in <TROOT::TEfficiency::SetUseWeightedEvents>: Handle weighted events for computing efficiency
Info in <TEfficiency::TEfficiency>: given histograms are filled with weights
Info in <TROOT::TEfficiency::SetUseWeightedEvents>: Handle weighted events for computing efficiency
-------
particle 2
Info in <TEfficiency::TEfficiency>: given histograms are filled with weights
Info in <TROOT::TEfficiency::SetUseWeightedEvents>: Handle weighted events for computing efficiency
Info in <TEfficiency::TEfficiency>: given histograms are filled with weights
Info in <TROOT::TEfficiency::SetUseWeightedEvents>: Handle weighted events for computing efficiency
--------
parton 3
Info in <TEfficiency::TEfficiency>: given histograms are filled with weights
Info in <TROOT::TEfficiency::SetUseWeightedEvents>: Handle weighted events for computing efficiency
Info in <TEfficiency::TEfficiency>: given histograms are filled with weights
Info in <TROOT::TEfficiency::SetUseWeightedEvents>: Handle weighted events for computing efficiency
-------
particle 3
Info in <TEfficiency::TEfficiency>: given histograms are filled with weights
Info in <TROOT::TEfficiency::SetUseWeightedEvents>: Handle weighted events for computing efficiency
Info in <TEfficiency::TEfficiency>: given histograms are filled with weights
Info in <TROOT::TEfficiency::SetUseWeightedEvents>: Handle weighted events for computing efficiency
--------
parton 4
Info in <TEfficiency::TEfficiency>: given histograms are filled with weights
Info in <TROOT::TEfficiency::SetUseWeightedEvents>: Handle weighted events for computing efficiency
Info in <TEfficiency::TEfficiency>: given histograms are filled with weights
Info in <TROOT::TEfficiency::SetUseWeightedEvents>: Handle weighted events for computing efficiency
-------
particle 4
Info in <TEfficiency::TEfficiency>: given histograms are filled with weights
Info in <TROOT::TEfficiency::SetUseWeightedEvents>: Handle weighted events for computing efficiency
Info in <TEfficiency::TEfficiency>: given histograms are filled with weights
Info in <TROOT::TEfficiency::SetUseWeightedEvents>: Handle weighted events for computing efficiency
--------
parton 5
Info in <TEfficiency::TEfficiency>: given histograms are filled with weights
Info in <TROOT::TEfficiency::SetUseWeightedEvents>: Handle weighted events for computing efficiency
Info in <TEfficiency::TEfficiency>: given histograms are filled with weights
Info in <TROOT::TEfficiency::SetUseWeightedEvents>: Handle weighted events for computing efficiency
-------
particle 5
Info in <TEfficiency::TEfficiency>: given histograms are filled with weights
Info in <TROOT::TEfficiency::SetUseWeightedEvents>: Handle weighted events for computing efficiency
Info in <TEfficiency::TEfficiency>: given histograms are filled with weights
Info in <TROOT::TEfficiency::SetUseWeightedEvents>: Handle weighted events for computing efficiency
--------
parton 6
Info in <TEfficiency::TEfficiency>: given histograms are filled with weights
Info in <TROOT::TEfficiency::SetUseWeightedEvents>: Handle weighted events for computing efficiency
Info in <TEfficiency::TEfficiency>: given histograms are filled with weights
Info in <TROOT::TEfficiency::SetUseWeightedEvents>: Handle weighted events for computing efficiency
-------
particle 6
Info in <TEfficiency::TEfficiency>: given histograms are filled with weights
Info in <TROOT::TEfficiency::SetUseWeightedEvents>: Handle weighted events for computing efficiency
Info in <TEfficiency::TEfficiency>: given histograms are filled with weights
Info in <TROOT::TEfficiency::SetUseWeightedEvents>: Handle weighted events for computing efficiency
--------
parton 7
Info in <TEfficiency::TEfficiency>: given histograms are filled with weights
Info in <TROOT::TEfficiency::SetUseWeightedEvents>: Handle weighted events for computing efficiency
Info in <TEfficiency::TEfficiency>: given histograms are filled with weights
Info in <TROOT::TEfficiency::SetUseWeightedEvents>: Handle weighted events for computing efficiency
-------
particle 7
Info in <TEfficiency::TEfficiency>: given histograms are filled with weights
Info in <TROOT::TEfficiency::SetUseWeightedEvents>: Handle weighted events for computing efficiency
Info in <TEfficiency::TEfficiency>: given histograms are filled with weights
Info in <TROOT::TEfficiency::SetUseWeightedEvents>: Handle weighted events for computing efficiency
--------
parton 8
Info in <TEfficiency::TEfficiency>: given histograms are filled with weights
Info in <TROOT::TEfficiency::SetUseWeightedEvents>: Handle weighted events for computing efficiency
Info in <TEfficiency::TEfficiency>: given histograms are filled with weights
Info in <TROOT::TEfficiency::SetUseWeightedEvents>: Handle weighted events for computing efficiency
-------
particle 8
Info in <TEfficiency::TEfficiency>: given histograms are filled with weights
Info in <TROOT::TEfficiency::SetUseWeightedEvents>: Handle weighted events for computing efficiency
Info in <TEfficiency::TEfficiency>: given histograms are filled with weights
Info in <TROOT::TEfficiency::SetUseWeightedEvents>: Handle weighted events for computing efficiency
--------
parton 9
Info in <TEfficiency::TEfficiency>: given histograms are filled with weights
Info in <TROOT::TEfficiency::SetUseWeightedEvents>: Handle weighted events for computing efficiency
Info in <TEfficiency::TEfficiency>: given histograms are filled with weights
Info in <TROOT::TEfficiency::SetUseWeightedEvents>: Handle weighted events for computing efficiency
-------
particle 9
Info in <TEfficiency::TEfficiency>: given histograms are filled with weights
Info in <TROOT::TEfficiency::SetUseWeightedEvents>: Handle weighted events for computing efficiency
Info in <TEfficiency::TEfficiency>: given histograms are filled with weights
Info in <TROOT::TEfficiency::SetUseWeightedEvents>: Handle weighted events for computing efficiency

Processing ResponseMatrices_nominal.C("/eos/cms/store/user/gbakas/ttbar/topTagger/ul-2017/Signal/TTTo2L2Nu_TuneCP5_13TeV-powheg-pythia8.root","TTTo2L2Nu","2017")...
YEAR: 2017
file_name: /eos/cms/store/user/gbakas/ttbar/topTagger/ul-2017/Signal/TTTo2L2Nu_TuneCP5_13TeV-powheg-pythia8.root
ttbar_process: TTTo2L2Nu
XSEC: 88.29
Entries: 911251
10 %
20 %
30 %
40 %
--------
parton 0
Info in <TEfficiency::TEfficiency>: given histograms are filled with weights
Info in <TROOT::TEfficiency::SetUseWeightedEvents>: Handle weighted events for computing efficiency
Info in <TROOT::TEfficiency::CheckEntries>: Histograms are not consistent: passed bin content > total bin content
Error in <TROOT::TEfficiency::CheckConsistency>: passed TEfficiency objects do not have consistent bin contents
Error in <TEfficiency::TEfficiency(const TH1&,const TH1&)>: histograms are not consistent -> results are useless
Warning in <TEfficiency::TEfficiency(const TH1&,const TH1&)>: using two empty TH1D('h1','h1',10,0,10)
Info in <TROOT::TEfficiency::SetUseWeightedEvents>: Handle weighted events for computing efficiency
-------
particle 0
Info in <TEfficiency::TEfficiency>: given histograms are filled with weights
Info in <TROOT::TEfficiency::SetUseWeightedEvents>: Handle weighted events for computing efficiency
Info in <TEfficiency::TEfficiency>: given histograms are filled with weights
Info in <TROOT::TEfficiency::SetUseWeightedEvents>: Handle weighted events for computing efficiency
--------
parton 1
Info in <TEfficiency::TEfficiency>: given histograms are filled with weights
Info in <TROOT::TEfficiency::SetUseWeightedEvents>: Handle weighted events for computing efficiency
Info in <TEfficiency::TEfficiency>: given histograms are filled with weights
Info in <TROOT::TEfficiency::SetUseWeightedEvents>: Handle weighted events for computing efficiency
-------
particle 1
Info in <TEfficiency::TEfficiency>: given histograms are filled with weights
Info in <TROOT::TEfficiency::SetUseWeightedEvents>: Handle weighted events for computing efficiency
Info in <TEfficiency::TEfficiency>: given histograms are filled with weights
Info in <TROOT::TEfficiency::SetUseWeightedEvents>: Handle weighted events for computing efficiency
--------
parton 2
Info in <TEfficiency::TEfficiency>: given histograms are filled with weights
Info in <TROOT::TEfficiency::SetUseWeightedEvents>: Handle weighted events for computing efficiency
Info in <TEfficiency::TEfficiency>: given histograms are filled with weights
Info in <TROOT::TEfficiency::SetUseWeightedEvents>: Handle weighted events for computing efficiency
-------
particle 2
Info in <TEfficiency::TEfficiency>: given histograms are filled with weights
Info in <TROOT::TEfficiency::SetUseWeightedEvents>: Handle weighted events for computing efficiency
Info in <TEfficiency::TEfficiency>: given histograms are filled with weights
Info in <TROOT::TEfficiency::SetUseWeightedEvents>: Handle weighted events for computing efficiency
--------
parton 3
Info in <TEfficiency::TEfficiency>: given histograms are filled with weights
Info in <TROOT::TEfficiency::SetUseWeightedEvents>: Handle weighted events for computing efficiency
Info in <TEfficiency::TEfficiency>: given histograms are filled with weights
Info in <TROOT::TEfficiency::SetUseWeightedEvents>: Handle weighted events for computing efficiency
-------
particle 3
Info in <TEfficiency::TEfficiency>: given histograms are filled with weights
Info in <TROOT::TEfficiency::SetUseWeightedEvents>: Handle weighted events for computing efficiency
Info in <TEfficiency::TEfficiency>: given histograms are filled with weights
Info in <TROOT::TEfficiency::SetUseWeightedEvents>: Handle weighted events for computing efficiency
--------
parton 4
Info in <TEfficiency::TEfficiency>: given histograms are filled with weights
Info in <TROOT::TEfficiency::SetUseWeightedEvents>: Handle weighted events for computing efficiency
Info in <TEfficiency::TEfficiency>: given histograms are filled with weights
Info in <TROOT::TEfficiency::SetUseWeightedEvents>: Handle weighted events for computing efficiency
-------
particle 4
Info in <TEfficiency::TEfficiency>: given histograms are filled with weights
Info in <TROOT::TEfficiency::SetUseWeightedEvents>: Handle weighted events for computing efficiency
Info in <TEfficiency::TEfficiency>: given histograms are filled with weights
Info in <TROOT::TEfficiency::SetUseWeightedEvents>: Handle weighted events for computing efficiency
--------
parton 5
Info in <TEfficiency::TEfficiency>: given histograms are filled with weights
Info in <TROOT::TEfficiency::SetUseWeightedEvents>: Handle weighted events for computing efficiency
Info in <TROOT::TEfficiency::CheckEntries>: Histograms are not consistent: passed bin content > total bin content
Error in <TROOT::TEfficiency::CheckConsistency>: passed TEfficiency objects do not have consistent bin contents
Error in <TEfficiency::TEfficiency(const TH1&,const TH1&)>: histograms are not consistent -> results are useless
Warning in <TEfficiency::TEfficiency(const TH1&,const TH1&)>: using two empty TH1D('h1','h1',10,0,10)
Info in <TROOT::TEfficiency::SetUseWeightedEvents>: Handle weighted events for computing efficiency
-------
particle 5
Info in <TEfficiency::TEfficiency>: given histograms are filled with weights
Info in <TROOT::TEfficiency::SetUseWeightedEvents>: Handle weighted events for computing efficiency
Info in <TEfficiency::TEfficiency>: given histograms are filled with weights
Info in <TROOT::TEfficiency::SetUseWeightedEvents>: Handle weighted events for computing efficiency
--------
parton 6
Info in <TEfficiency::TEfficiency>: given histograms are filled with weights
Info in <TROOT::TEfficiency::SetUseWeightedEvents>: Handle weighted events for computing efficiency
Info in <TEfficiency::TEfficiency>: given histograms are filled with weights
Info in <TROOT::TEfficiency::SetUseWeightedEvents>: Handle weighted events for computing efficiency
-------
particle 6
Info in <TEfficiency::TEfficiency>: given histograms are filled with weights
Info in <TROOT::TEfficiency::SetUseWeightedEvents>: Handle weighted events for computing efficiency
Info in <TEfficiency::TEfficiency>: given histograms are filled with weights
Info in <TROOT::TEfficiency::SetUseWeightedEvents>: Handle weighted events for computing efficiency
--------
parton 7
Info in <TEfficiency::TEfficiency>: given histograms are filled with weights
Info in <TROOT::TEfficiency::SetUseWeightedEvents>: Handle weighted events for computing efficiency
Info in <TEfficiency::TEfficiency>: given histograms are filled with weights
Info in <TROOT::TEfficiency::SetUseWeightedEvents>: Handle weighted events for computing efficiency
-------
particle 7
Info in <TEfficiency::TEfficiency>: given histograms are filled with weights
Info in <TROOT::TEfficiency::SetUseWeightedEvents>: Handle weighted events for computing efficiency
Info in <TEfficiency::TEfficiency>: given histograms are filled with weights
Info in <TROOT::TEfficiency::SetUseWeightedEvents>: Handle weighted events for computing efficiency
--------
parton 8
Info in <TEfficiency::TEfficiency>: given histograms are filled with weights
Info in <TROOT::TEfficiency::SetUseWeightedEvents>: Handle weighted events for computing efficiency
Info in <TEfficiency::TEfficiency>: given histograms are filled with weights
Info in <TROOT::TEfficiency::SetUseWeightedEvents>: Handle weighted events for computing efficiency
-------
particle 8
Info in <TEfficiency::TEfficiency>: given histograms are filled with weights
Info in <TROOT::TEfficiency::SetUseWeightedEvents>: Handle weighted events for computing efficiency
Info in <TEfficiency::TEfficiency>: given histograms are filled with weights
Info in <TROOT::TEfficiency::SetUseWeightedEvents>: Handle weighted events for computing efficiency
--------
parton 9
Info in <TEfficiency::TEfficiency>: given histograms are filled with weights
Info in <TROOT::TEfficiency::SetUseWeightedEvents>: Handle weighted events for computing efficiency
Info in <TEfficiency::TEfficiency>: given histograms are filled with weights
Info in <TROOT::TEfficiency::SetUseWeightedEvents>: Handle weighted events for computing efficiency
-------
particle 9
Info in <TEfficiency::TEfficiency>: given histograms are filled with weights
Info in <TROOT::TEfficiency::SetUseWeightedEvents>: Handle weighted events for computing efficiency
Info in <TEfficiency::TEfficiency>: given histograms are filled with weights
Info in <TROOT::TEfficiency::SetUseWeightedEvents>: Handle weighted events for computing efficiency
Number of arguments 2
Argument list: ['RunResponses_nominal.py', '2017']
TTToHadronic
TTToHadronic_TuneCP5_13TeV-powheg-pythia8.root
TTToSemiLeptonic
TTToSemiLeptonic_TuneCP5_13TeV-powheg-pythia8.root
TTTo2L2Nu
TTTo2L2Nu_TuneCP5_13TeV-powheg-pythia8.root
