000 (146985.000.000) 06/16 08:18:53 Job submitted from host: <188.185.121.235:9618?addrs=188.185.121.235-9618+[2001-1458-d00-49--100-36e]-9618&alias=bigbird22.cern.ch&noUDP&sock=schedd_38044_991d>
...
040 (146985.000.000) 06/16 08:45:58 Started transferring input files
	Transferring to host: <188.184.183.86:9618?addrs=188.184.183.86-9618+[2001-1458-301-2b--100-43e]-9618&alias=b7g41n8638.cern.ch&noUDP&sock=slot1_1_4935_e762_36504>
...
001 (146985.000.000) 06/16 08:45:58 Job executing on host: <188.184.183.86:9618?addrs=188.184.183.86-9618+[2001-1458-301-2b--100-43e]-9618&alias=b7g41n8638.cern.ch&noUDP&sock=startd_4043_bd7d>
...
040 (146985.000.000) 06/16 08:45:58 Finished transferring input files
...
006 (146985.000.000) 06/16 08:46:06 Image size of job updated: 42984
	40  -  MemoryUsage of job (MB)
	40812  -  ResidentSetSize of job (KB)
...
006 (146985.000.000) 06/16 08:46:39 Image size of job updated: 791428
	40  -  MemoryUsage of job (MB)
	40832  -  ResidentSetSize of job (KB)
...
040 (146985.000.000) 06/16 08:46:39 Started transferring output files
...
040 (146985.000.000) 06/16 08:46:39 Finished transferring output files
...
005 (146985.000.000) 06/16 08:46:39 Job terminated.
	(1) Normal termination (return value 0)
		Usr 0 00:00:10, Sys 0 00:00:02  -  Run Remote Usage
		Usr 0 00:00:00, Sys 0 00:00:00  -  Run Local Usage
		Usr 0 00:00:10, Sys 0 00:00:02  -  Total Remote Usage
		Usr 0 00:00:00, Sys 0 00:00:00  -  Total Local Usage
	20066  -  Run Bytes Sent By Job
	19004  -  Run Bytes Received By Job
	20066  -  Total Bytes Sent By Job
	19004  -  Total Bytes Received By Job
	Partitionable Resources :    Usage  Request Allocated 
	   Cpus                 :                 1         1 
	   Disk (KB)            :   466056       20    362988 
	   Memory (MB)          :       40     2000      2000 

	Job terminated of its own accord at 2021-06-16T06:46:39Z.
...
