000 (147833.000.000) 06/16 08:36:22 Job submitted from host: <188.185.121.235:9618?addrs=188.185.121.235-9618+[2001-1458-d00-49--100-36e]-9618&alias=bigbird22.cern.ch&noUDP&sock=schedd_38044_991d>
...
040 (147833.000.000) 06/16 08:57:33 Started transferring input files
	Transferring to host: <188.184.197.249:9618?addrs=188.184.197.249-9618+[2001-1458-301-103--100-129]-9618&alias=b7g23n8022.cern.ch&noUDP&sock=slot1_9_17868_5f50_92262>
...
040 (147833.000.000) 06/16 08:57:33 Finished transferring input files
...
001 (147833.000.000) 06/16 08:57:33 Job executing on host: <188.184.197.249:9618?addrs=188.184.197.249-9618+[2001-1458-301-103--100-129]-9618&alias=b7g23n8022.cern.ch&noUDP&sock=startd_18096_ede7>
...
006 (147833.000.000) 06/16 08:57:42 Image size of job updated: 23668
	24  -  MemoryUsage of job (MB)
	23668  -  ResidentSetSize of job (KB)
...
006 (147833.000.000) 06/16 09:02:42 Image size of job updated: 791448
	67  -  MemoryUsage of job (MB)
	67768  -  ResidentSetSize of job (KB)
...
006 (147833.000.000) 06/16 09:47:48 Image size of job updated: 791448
	119  -  MemoryUsage of job (MB)
	120900  -  ResidentSetSize of job (KB)
...
040 (147833.000.000) 06/16 09:49:08 Started transferring output files
...
040 (147833.000.000) 06/16 09:49:08 Finished transferring output files
...
005 (147833.000.000) 06/16 09:49:08 Job terminated.
	(1) Normal termination (return value 0)
		Usr 0 00:02:01, Sys 0 00:00:27  -  Run Remote Usage
		Usr 0 00:00:00, Sys 0 00:00:00  -  Run Local Usage
		Usr 0 00:02:01, Sys 0 00:00:27  -  Total Remote Usage
		Usr 0 00:00:00, Sys 0 00:00:00  -  Total Local Usage
	54378  -  Run Bytes Sent By Job
	19004  -  Run Bytes Received By Job
	54378  -  Total Bytes Sent By Job
	19004  -  Total Bytes Received By Job
	Partitionable Resources :      Usage  Request Allocated 
	   Cpus                 :       0.01        1         1 
	   Disk (KB)            : 3080202          20    360887 
	   Memory (MB)          :     119        2000      2000 

	Job terminated of its own accord at 2021-06-16T07:49:08Z.
...
