000 (113126.000.000) 06/03 12:59:55 Job submitted from host: <188.185.121.235:9618?addrs=188.185.121.235-9618+[2001-1458-d00-49--100-36e]-9618&alias=bigbird22.cern.ch&noUDP&sock=schedd_38044_991d>
...
040 (113126.000.000) 06/03 13:20:09 Started transferring input files
	Transferring to host: <188.184.186.58:9618?addrs=188.184.186.58-9618+[2001-1458-301-f8--100-18]-9618&alias=b7g28n0662.cern.ch&noUDP&sock=slot1_7_4321_4909_34882>
...
040 (113126.000.000) 06/03 13:20:09 Finished transferring input files
...
001 (113126.000.000) 06/03 13:20:09 Job executing on host: <188.184.186.58:9618?addrs=188.184.186.58-9618+[2001-1458-301-f8--100-18]-9618&alias=b7g28n0662.cern.ch&noUDP&sock=startd_3521_b10d>
...
006 (113126.000.000) 06/03 13:20:18 Image size of job updated: 624804
	4  -  MemoryUsage of job (MB)
	3328  -  ResidentSetSize of job (KB)
...
006 (113126.000.000) 06/03 13:25:19 Image size of job updated: 790824
	41  -  MemoryUsage of job (MB)
	41004  -  ResidentSetSize of job (KB)
...
006 (113126.000.000) 06/03 13:30:20 Image size of job updated: 790824
	45  -  MemoryUsage of job (MB)
	45580  -  ResidentSetSize of job (KB)
...
006 (113126.000.000) 06/03 13:35:20 Image size of job updated: 790824
	66  -  MemoryUsage of job (MB)
	67496  -  ResidentSetSize of job (KB)
...
040 (113126.000.000) 06/03 16:00:12 Started transferring output files
...
040 (113126.000.000) 06/03 16:00:13 Finished transferring output files
...
005 (113126.000.000) 06/03 16:00:13 Job terminated.
	(1) Normal termination (return value 0)
		Usr 0 00:00:44, Sys 0 00:00:18  -  Run Remote Usage
		Usr 0 00:00:00, Sys 0 00:00:00  -  Run Local Usage
		Usr 0 00:00:44, Sys 0 00:00:18  -  Total Remote Usage
		Usr 0 00:00:00, Sys 0 00:00:00  -  Total Local Usage
	42120  -  Run Bytes Sent By Job
	19004  -  Run Bytes Received By Job
	42120  -  Total Bytes Sent By Job
	19004  -  Total Bytes Received By Job
	Partitionable Resources :      Usage  Request Allocated 
	   Cpus                 :       0.00        1         1 
	   Disk (KB)            : 1952686          20    162706 
	   Memory (MB)          :      66        2000      2000 

	Job terminated of its own accord at 2021-06-03T14:00:12Z.
...
000 (116748.000.000) 06/04 09:06:58 Job submitted from host: <188.185.121.235:9618?addrs=188.185.121.235-9618+[2001-1458-d00-49--100-36e]-9618&alias=bigbird22.cern.ch&noUDP&sock=schedd_38044_991d>
...
040 (116748.000.000) 06/04 09:40:55 Started transferring input files
	Transferring to host: <188.184.168.116:9618?addrs=188.184.168.116-9618+[2001-1458-301-c0--100-3c3]-9618&alias=b7g52n5496.cern.ch&noUDP&sock=slot1_5_3752_5f92_56076>
...
001 (116748.000.000) 06/04 09:40:55 Job executing on host: <188.184.168.116:9618?addrs=188.184.168.116-9618+[2001-1458-301-c0--100-3c3]-9618&alias=b7g52n5496.cern.ch&noUDP&sock=startd_3069_a83e>
...
040 (116748.000.000) 06/04 09:40:55 Finished transferring input files
...
006 (116748.000.000) 06/04 09:41:03 Image size of job updated: 526484
	2  -  MemoryUsage of job (MB)
	2012  -  ResidentSetSize of job (KB)
...
006 (116748.000.000) 06/04 09:46:03 Image size of job updated: 790824
	35  -  MemoryUsage of job (MB)
	35004  -  ResidentSetSize of job (KB)
...
006 (116748.000.000) 06/04 09:51:04 Image size of job updated: 790824
	58  -  MemoryUsage of job (MB)
	58700  -  ResidentSetSize of job (KB)
...
006 (116748.000.000) 06/04 09:56:04 Image size of job updated: 790824
	66  -  MemoryUsage of job (MB)
	67508  -  ResidentSetSize of job (KB)
...
040 (116748.000.000) 06/04 13:40:11 Started transferring output files
...
040 (116748.000.000) 06/04 13:40:11 Finished transferring output files
...
005 (116748.000.000) 06/04 13:40:11 Job terminated.
	(1) Normal termination (return value 0)
		Usr 0 00:01:01, Sys 0 00:00:14  -  Run Remote Usage
		Usr 0 00:00:00, Sys 0 00:00:00  -  Run Local Usage
		Usr 0 00:01:01, Sys 0 00:00:14  -  Total Remote Usage
		Usr 0 00:00:00, Sys 0 00:00:00  -  Total Local Usage
	50550  -  Run Bytes Sent By Job
	19004  -  Run Bytes Received By Job
	50550  -  Total Bytes Sent By Job
	19004  -  Total Bytes Received By Job
	Partitionable Resources :      Usage  Request Allocated 
	   Cpus                 :       0.00        1         1 
	   Disk (KB)            : 2758117          20    257885 
	   Memory (MB)          :      66        2000      2000 

	Job terminated of its own accord at 2021-06-04T11:40:11Z.
...
000 (124106.000.000) 06/08 10:53:32 Job submitted from host: <188.185.121.235:9618?addrs=188.185.121.235-9618+[2001-1458-d00-49--100-36e]-9618&alias=bigbird22.cern.ch&noUDP&sock=schedd_38044_991d>
...
040 (124106.000.000) 06/08 11:24:00 Entered queue to transfer input files
	Transferring to host: <188.184.197.10:9618?addrs=188.184.197.10-9618+[2001-1458-301-103--100-28f]-9618&alias=b7g23n0899.cern.ch&noUDP&sock=slot1_10_4718_01f9_38405>
...
040 (124106.000.000) 06/08 11:53:59 Started transferring input files
	Seconds spent in queue: 1799
...
040 (124106.000.000) 06/08 11:53:59 Finished transferring input files
...
001 (124106.000.000) 06/08 11:53:59 Job executing on host: <188.184.197.10:9618?addrs=188.184.197.10-9618+[2001-1458-301-103--100-28f]-9618&alias=b7g23n0899.cern.ch&noUDP&sock=startd_3834_6232>
...
006 (124106.000.000) 06/08 11:54:08 Image size of job updated: 2096
	3  -  MemoryUsage of job (MB)
	2096  -  ResidentSetSize of job (KB)
...
006 (124106.000.000) 06/08 11:59:08 Image size of job updated: 791456
	37  -  MemoryUsage of job (MB)
	37028  -  ResidentSetSize of job (KB)
...
006 (124106.000.000) 06/08 12:04:08 Image size of job updated: 791456
	67  -  MemoryUsage of job (MB)
	67772  -  ResidentSetSize of job (KB)
...
040 (124106.000.000) 06/08 15:38:49 Started transferring output files
	Seconds spent in queue: 15289
...
040 (124106.000.000) 06/08 15:38:49 Finished transferring output files
...
005 (124106.000.000) 06/08 15:38:50 Job terminated.
	(1) Normal termination (return value 0)
		Usr 0 00:01:34, Sys 0 00:00:23  -  Run Remote Usage
		Usr 0 00:00:00, Sys 0 00:00:00  -  Run Local Usage
		Usr 0 00:01:34, Sys 0 00:00:23  -  Total Remote Usage
		Usr 0 00:00:00, Sys 0 00:00:00  -  Total Local Usage
	50534  -  Run Bytes Sent By Job
	19004  -  Run Bytes Received By Job
	50534  -  Total Bytes Sent By Job
	19004  -  Total Bytes Received By Job
	Partitionable Resources :      Usage  Request Allocated 
	   Cpus                 :       0.00        1         1 
	   Disk (KB)            : 2758116          20    359892 
	   Memory (MB)          :      67        2000      2000 

	Job terminated of its own accord at 2021-06-08T13:38:49Z.
...
