000 (108994.000.000) 06/02 16:42:29 Job submitted from host: <188.185.121.235:9618?addrs=188.185.121.235-9618+[2001-1458-d00-49--100-36e]-9618&alias=bigbird22.cern.ch&noUDP&sock=schedd_38044_991d>
...
040 (108994.000.000) 06/02 17:05:25 Started transferring input files
	Transferring to host: <188.184.213.86:9618?addrs=188.184.213.86-9618+[2001-1458-301-10c--100-160]-9618&alias=b7g24n0594.cern.ch&noUDP&sock=slot1_12_4986_d684_29055>
...
040 (108994.000.000) 06/02 17:05:25 Finished transferring input files
...
001 (108994.000.000) 06/02 17:05:26 Job executing on host: <188.184.213.86:9618?addrs=188.184.213.86-9618+[2001-1458-301-10c--100-160]-9618&alias=b7g24n0594.cern.ch&noUDP&sock=startd_3890_cb7f>
...
006 (108994.000.000) 06/02 17:05:35 Image size of job updated: 42364
	36  -  MemoryUsage of job (MB)
	36436  -  ResidentSetSize of job (KB)
...
006 (108994.000.000) 06/02 17:10:36 Image size of job updated: 790796
	117  -  MemoryUsage of job (MB)
	118864  -  ResidentSetSize of job (KB)
...
040 (108994.000.000) 06/02 17:13:10 Started transferring output files
...
040 (108994.000.000) 06/02 17:13:10 Finished transferring output files
...
005 (108994.000.000) 06/02 17:13:10 Job terminated.
	(1) Normal termination (return value 0)
		Usr 0 00:02:52, Sys 0 00:00:26  -  Run Remote Usage
		Usr 0 00:00:00, Sys 0 00:00:00  -  Run Local Usage
		Usr 0 00:02:52, Sys 0 00:00:26  -  Total Remote Usage
		Usr 0 00:00:00, Sys 0 00:00:00  -  Total Local Usage
	44061  -  Run Bytes Sent By Job
	19195  -  Run Bytes Received By Job
	44061  -  Total Bytes Sent By Job
	19195  -  Total Bytes Received By Job
	Partitionable Resources :      Usage  Request Allocated 
	   Cpus                 :       0.06        1         1 
	   Disk (KB)            : 4246619          20    151362 
	   Memory (MB)          :     117        2000      2000 

	Job terminated of its own accord at 2021-06-02T15:13:09Z.
...
