000 (148206.000.000) 06/16 08:44:38 Job submitted from host: <188.185.121.235:9618?addrs=188.185.121.235-9618+[2001-1458-d00-49--100-36e]-9618&alias=bigbird22.cern.ch&noUDP&sock=schedd_38044_991d>
...
040 (148206.000.000) 06/16 09:03:41 Started transferring input files
	Transferring to host: <188.185.105.252:9618?addrs=188.185.105.252-9618+[2001-1458-d00-3e--100-b]-9618&alias=b7g50s6473.cern.ch&noUDP&sock=slot1_9_6687_58a9_38210>
...
001 (148206.000.000) 06/16 09:03:41 Job executing on host: <188.185.105.252:9618?addrs=188.185.105.252-9618+[2001-1458-d00-3e--100-b]-9618&alias=b7g50s6473.cern.ch&noUDP&sock=startd_5241_77f2>
...
040 (148206.000.000) 06/16 09:03:41 Finished transferring input files
...
006 (148206.000.000) 06/16 09:03:50 Image size of job updated: 625444
	8  -  MemoryUsage of job (MB)
	7644  -  ResidentSetSize of job (KB)
...
006 (148206.000.000) 06/16 09:08:51 Image size of job updated: 791456
	67  -  MemoryUsage of job (MB)
	67772  -  ResidentSetSize of job (KB)
...
040 (148206.000.000) 06/16 10:25:42 Started transferring output files
...
040 (148206.000.000) 06/16 10:25:42 Finished transferring output files
...
005 (148206.000.000) 06/16 10:25:42 Job terminated.
	(1) Normal termination (return value 0)
		Usr 0 00:00:45, Sys 0 00:00:13  -  Run Remote Usage
		Usr 0 00:00:00, Sys 0 00:00:00  -  Run Local Usage
		Usr 0 00:00:45, Sys 0 00:00:13  -  Total Remote Usage
		Usr 0 00:00:00, Sys 0 00:00:00  -  Total Local Usage
	46764  -  Run Bytes Sent By Job
	19004  -  Run Bytes Received By Job
	46764  -  Total Bytes Sent By Job
	19004  -  Total Bytes Received By Job
	Partitionable Resources :      Usage  Request Allocated 
	   Cpus                 :       0.00        1         1 
	   Disk (KB)            : 2368132          20    601348 
	   Memory (MB)          :      67        2000      2000 

	Job terminated of its own accord at 2021-06-16T08:25:42Z.
...
