000 (146677.000.000) 06/16 08:13:04 Job submitted from host: <188.185.121.235:9618?addrs=188.185.121.235-9618+[2001-1458-d00-49--100-36e]-9618&alias=bigbird22.cern.ch&noUDP&sock=schedd_38044_991d>
...
040 (146677.000.000) 06/16 08:34:30 Started transferring input files
	Transferring to host: <128.142.161.77:9618?addrs=128.142.161.77-9618&alias=b7g03p7700.cern.ch&noUDP&sock=slot1_52_4081_2eff_58648>
...
001 (146677.000.000) 06/16 08:34:30 Job executing on host: <128.142.161.77:9618?addrs=128.142.161.77-9618&alias=b7g03p7700.cern.ch&noUDP&sock=startd_3096_2d4d>
...
040 (146677.000.000) 06/16 08:34:30 Finished transferring input files
...
006 (146677.000.000) 06/16 08:34:38 Image size of job updated: 625444
	38  -  MemoryUsage of job (MB)
	38728  -  ResidentSetSize of job (KB)
...
006 (146677.000.000) 06/16 08:35:57 Image size of job updated: 791428
	38  -  MemoryUsage of job (MB)
	38756  -  ResidentSetSize of job (KB)
...
040 (146677.000.000) 06/16 08:35:57 Started transferring output files
...
040 (146677.000.000) 06/16 08:35:57 Finished transferring output files
...
005 (146677.000.000) 06/16 08:35:58 Job terminated.
	(1) Normal termination (return value 0)
		Usr 0 00:00:08, Sys 0 00:00:02  -  Run Remote Usage
		Usr 0 00:00:00, Sys 0 00:00:00  -  Run Local Usage
		Usr 0 00:00:08, Sys 0 00:00:02  -  Total Remote Usage
		Usr 0 00:00:00, Sys 0 00:00:00  -  Total Local Usage
	22661  -  Run Bytes Sent By Job
	19004  -  Run Bytes Received By Job
	22661  -  Total Bytes Sent By Job
	19004  -  Total Bytes Received By Job
	Partitionable Resources :    Usage  Request Allocated 
	   Cpus                 :                 1         1 
	   Disk (KB)            :   466079       20   1362203 
	   Memory (MB)          :       38     2000      2000 

	Job terminated of its own accord at 2021-06-16T06:35:57Z.
...
