000 (108760.000.000) 06/02 16:37:44 Job submitted from host: <188.185.121.235:9618?addrs=188.185.121.235-9618+[2001-1458-d00-49--100-36e]-9618&alias=bigbird22.cern.ch&noUDP&sock=schedd_38044_991d>
...
040 (108760.000.000) 06/02 16:50:29 Started transferring input files
	Transferring to host: <128.142.74.80:9618?addrs=128.142.74.80-9618+[2001-1458-301-75--100-3e3]-9618&alias=b7s11n4315.cern.ch&noUDP&sock=slot1_1_5065_8027_29571>
...
040 (108760.000.000) 06/02 16:50:29 Finished transferring input files
...
001 (108760.000.000) 06/02 16:50:29 Job executing on host: <128.142.74.80:9618?addrs=128.142.74.80-9618+[2001-1458-301-75--100-3e3]-9618&alias=b7s11n4315.cern.ch&noUDP&sock=startd_4114_70b6>
...
006 (108760.000.000) 06/02 16:50:38 Image size of job updated: 39956
	40  -  MemoryUsage of job (MB)
	39956  -  ResidentSetSize of job (KB)
...
006 (108760.000.000) 06/02 16:55:39 Image size of job updated: 790796
	66  -  MemoryUsage of job (MB)
	67504  -  ResidentSetSize of job (KB)
...
040 (108760.000.000) 06/02 17:00:22 Started transferring output files
...
040 (108760.000.000) 06/02 17:00:22 Finished transferring output files
...
005 (108760.000.000) 06/02 17:00:22 Job terminated.
	(1) Normal termination (return value 0)
		Usr 0 00:02:03, Sys 0 00:00:25  -  Run Remote Usage
		Usr 0 00:00:00, Sys 0 00:00:00  -  Run Local Usage
		Usr 0 00:02:03, Sys 0 00:00:25  -  Total Remote Usage
		Usr 0 00:00:00, Sys 0 00:00:00  -  Total Local Usage
	58225  -  Run Bytes Sent By Job
	19195  -  Run Bytes Received By Job
	58225  -  Total Bytes Sent By Job
	19195  -  Total Bytes Received By Job
	Partitionable Resources :      Usage  Request Allocated 
	   Cpus                 :       0.06        1         1 
	   Disk (KB)            : 4242353          20    273634 
	   Memory (MB)          :      66        2000      2000 

	Job terminated of its own accord at 2021-06-02T15:00:22Z.
...
