000 (147453.000.000) 06/16 08:28:38 Job submitted from host: <188.185.121.235:9618?addrs=188.185.121.235-9618+[2001-1458-d00-49--100-36e]-9618&alias=bigbird22.cern.ch&noUDP&sock=schedd_38044_991d>
...
040 (147453.000.000) 06/16 08:53:41 Started transferring input files
	Transferring to host: <128.142.85.229:9618?addrs=128.142.85.229-9618+[2001-1458-301-f6--100-d]-9618&alias=b7s14n1256.cern.ch&noUDP&sock=slot1_13_5485_6db8_37999>
...
001 (147453.000.000) 06/16 08:53:41 Job executing on host: <128.142.85.229:9618?addrs=128.142.85.229-9618+[2001-1458-301-f6--100-d]-9618&alias=b7s14n1256.cern.ch&noUDP&sock=startd_4279_9dd7>
...
040 (147453.000.000) 06/16 08:53:41 Finished transferring input files
...
006 (147453.000.000) 06/16 08:53:50 Image size of job updated: 42764
	42  -  MemoryUsage of job (MB)
	42764  -  ResidentSetSize of job (KB)
...
006 (147453.000.000) 06/16 08:58:51 Image size of job updated: 791432
	67  -  MemoryUsage of job (MB)
	67776  -  ResidentSetSize of job (KB)
...
040 (147453.000.000) 06/16 09:03:01 Started transferring output files
...
040 (147453.000.000) 06/16 09:03:01 Finished transferring output files
...
005 (147453.000.000) 06/16 09:03:01 Job terminated.
	(1) Normal termination (return value 0)
		Usr 0 00:01:25, Sys 0 00:00:20  -  Run Remote Usage
		Usr 0 00:00:00, Sys 0 00:00:00  -  Run Local Usage
		Usr 0 00:01:25, Sys 0 00:00:20  -  Total Remote Usage
		Usr 0 00:00:00, Sys 0 00:00:00  -  Total Local Usage
	45281  -  Run Bytes Sent By Job
	19004  -  Run Bytes Received By Job
	45281  -  Total Bytes Sent By Job
	19004  -  Total Bytes Received By Job
	Partitionable Resources :      Usage  Request Allocated 
	   Cpus                 :       0.04        1         1 
	   Disk (KB)            : 3073986          20    225895 
	   Memory (MB)          :      67        2000      2000 

	Job terminated of its own accord at 2021-06-16T07:03:00Z.
...
