000 (112812.000.000) 06/03 12:55:06 Job submitted from host: <188.185.121.235:9618?addrs=188.185.121.235-9618+[2001-1458-d00-49--100-36e]-9618&alias=bigbird22.cern.ch&noUDP&sock=schedd_38044_991d>
...
040 (112812.000.000) 06/03 13:18:12 Started transferring input files
	Transferring to host: <188.184.213.130:9618?addrs=188.184.213.130-9618&alias=b7g24n0630.cern.ch&noUDP&sock=slot1_7_2524_22e0_34499>
...
001 (112812.000.000) 06/03 13:18:12 Job executing on host: <188.184.213.130:9618?addrs=188.184.213.130-9618&alias=b7g24n0630.cern.ch&noUDP&sock=startd_1994_4bef>
...
040 (112812.000.000) 06/03 13:18:12 Finished transferring input files
...
006 (112812.000.000) 06/03 13:18:21 Image size of job updated: 3536
	4  -  MemoryUsage of job (MB)
	3536  -  ResidentSetSize of job (KB)
...
006 (112812.000.000) 06/03 13:23:22 Image size of job updated: 790824
	35  -  MemoryUsage of job (MB)
	35600  -  ResidentSetSize of job (KB)
...
006 (112812.000.000) 06/03 13:28:23 Image size of job updated: 790824
	48  -  MemoryUsage of job (MB)
	48292  -  ResidentSetSize of job (KB)
...
006 (112812.000.000) 06/03 13:33:23 Image size of job updated: 790824
	66  -  MemoryUsage of job (MB)
	67504  -  ResidentSetSize of job (KB)
...
040 (112812.000.000) 06/03 16:03:28 Started transferring output files
...
040 (112812.000.000) 06/03 16:03:28 Finished transferring output files
...
005 (112812.000.000) 06/03 16:03:29 Job terminated.
	(1) Normal termination (return value 0)
		Usr 0 00:01:02, Sys 0 00:00:12  -  Run Remote Usage
		Usr 0 00:00:00, Sys 0 00:00:00  -  Run Local Usage
		Usr 0 00:01:02, Sys 0 00:00:12  -  Total Remote Usage
		Usr 0 00:00:00, Sys 0 00:00:00  -  Total Local Usage
	41768  -  Run Bytes Sent By Job
	19004  -  Run Bytes Received By Job
	41768  -  Total Bytes Sent By Job
	19004  -  Total Bytes Received By Job
	Partitionable Resources :      Usage  Request Allocated 
	   Cpus                 :       0.00        1         1 
	   Disk (KB)            : 1952537          20    318010 
	   Memory (MB)          :      66        2000      2000 

	Job terminated of its own accord at 2021-06-03T14:03:28Z.
...
000 (116429.000.000) 06/04 09:02:49 Job submitted from host: <188.185.121.235:9618?addrs=188.185.121.235-9618+[2001-1458-d00-49--100-36e]-9618&alias=bigbird22.cern.ch&noUDP&sock=schedd_38044_991d>
...
040 (116429.000.000) 06/04 09:12:55 Started transferring input files
	Transferring to host: <128.142.80.101:9618?addrs=128.142.80.101-9618+[2001-1458-301-f5--100-5bb]-9618&alias=b7s13n8546.cern.ch&noUDP&sock=slot1_5_5208_41cd_38838>
...
040 (116429.000.000) 06/04 09:12:55 Finished transferring input files
...
001 (116429.000.000) 06/04 09:12:55 Job executing on host: <128.142.80.101:9618?addrs=128.142.80.101-9618+[2001-1458-301-f5--100-5bb]-9618&alias=b7s13n8546.cern.ch&noUDP&sock=startd_3873_2263>
...
006 (116429.000.000) 06/04 09:13:04 Image size of job updated: 3020
	3  -  MemoryUsage of job (MB)
	3020  -  ResidentSetSize of job (KB)
...
006 (116429.000.000) 06/04 09:18:05 Image size of job updated: 790824
	35  -  MemoryUsage of job (MB)
	35444  -  ResidentSetSize of job (KB)
...
006 (116429.000.000) 06/04 09:23:05 Image size of job updated: 790824
	66  -  MemoryUsage of job (MB)
	67500  -  ResidentSetSize of job (KB)
...
040 (116429.000.000) 06/04 13:14:35 Started transferring output files
...
040 (116429.000.000) 06/04 13:14:35 Finished transferring output files
...
005 (116429.000.000) 06/04 13:14:35 Job terminated.
	(1) Normal termination (return value 0)
		Usr 0 00:00:54, Sys 0 00:00:14  -  Run Remote Usage
		Usr 0 00:00:00, Sys 0 00:00:00  -  Run Local Usage
		Usr 0 00:00:54, Sys 0 00:00:14  -  Total Remote Usage
		Usr 0 00:00:00, Sys 0 00:00:00  -  Total Local Usage
	50576  -  Run Bytes Sent By Job
	19004  -  Run Bytes Received By Job
	50576  -  Total Bytes Sent By Job
	19004  -  Total Bytes Received By Job
	Partitionable Resources :      Usage  Request Allocated 
	   Cpus                 :       0.00        1         1 
	   Disk (KB)            : 2758901          20    279198 
	   Memory (MB)          :      66        2000      2000 

	Job terminated of its own accord at 2021-06-04T11:14:35Z.
...
000 (123788.000.000) 06/08 10:49:03 Job submitted from host: <188.185.121.235:9618?addrs=188.185.121.235-9618+[2001-1458-d00-49--100-36e]-9618&alias=bigbird22.cern.ch&noUDP&sock=schedd_38044_991d>
...
040 (123788.000.000) 06/08 11:20:52 Entered queue to transfer input files
	Transferring to host: <188.184.196.113:9618?addrs=188.184.196.113-9618+[2001-1458-301-102--100-89]-9618&alias=b7g24n0249.cern.ch&noUDP&sock=slot1_6_3887_7e37_91407>
...
040 (123788.000.000) 06/08 11:53:58 Started transferring input files
	Seconds spent in queue: 1986
...
001 (123788.000.000) 06/08 11:53:58 Job executing on host: <188.184.196.113:9618?addrs=188.184.196.113-9618+[2001-1458-301-102--100-89]-9618&alias=b7g24n0249.cern.ch&noUDP&sock=startd_17494_01e4>
...
040 (123788.000.000) 06/08 11:53:58 Finished transferring input files
...
006 (123788.000.000) 06/08 11:54:07 Image size of job updated: 396052
	3  -  MemoryUsage of job (MB)
	2088  -  ResidentSetSize of job (KB)
...
006 (123788.000.000) 06/08 11:59:07 Image size of job updated: 791456
	38  -  MemoryUsage of job (MB)
	37960  -  ResidentSetSize of job (KB)
...
006 (123788.000.000) 06/08 12:04:07 Image size of job updated: 791456
	64  -  MemoryUsage of job (MB)
	64992  -  ResidentSetSize of job (KB)
...
006 (123788.000.000) 06/08 12:09:08 Image size of job updated: 791456
	67  -  MemoryUsage of job (MB)
	67764  -  ResidentSetSize of job (KB)
...
040 (123788.000.000) 06/08 15:37:25 Started transferring output files
	Seconds spent in queue: 15393
...
040 (123788.000.000) 06/08 15:37:25 Finished transferring output files
...
005 (123788.000.000) 06/08 15:37:25 Job terminated.
	(1) Normal termination (return value 0)
		Usr 0 00:01:26, Sys 0 00:00:16  -  Run Remote Usage
		Usr 0 00:00:00, Sys 0 00:00:00  -  Run Local Usage
		Usr 0 00:01:26, Sys 0 00:00:16  -  Total Remote Usage
		Usr 0 00:00:00, Sys 0 00:00:00  -  Total Local Usage
	50564  -  Run Bytes Sent By Job
	19004  -  Run Bytes Received By Job
	50564  -  Total Bytes Sent By Job
	19004  -  Total Bytes Received By Job
	Partitionable Resources :      Usage  Request Allocated 
	   Cpus                 :       0.00        1         1 
	   Disk (KB)            : 2758902          20    254051 
	   Memory (MB)          :      67        2000      2000 

	Job terminated of its own accord at 2021-06-08T13:37:25Z.
...
