000 (108738.000.000) 06/02 16:37:20 Job submitted from host: <188.185.121.235:9618?addrs=188.185.121.235-9618+[2001-1458-d00-49--100-36e]-9618&alias=bigbird22.cern.ch&noUDP&sock=schedd_38044_991d>
...
040 (108738.000.000) 06/02 16:48:27 Started transferring input files
	Transferring to host: <128.142.74.80:9618?addrs=128.142.74.80-9618+[2001-1458-301-75--100-3e3]-9618&alias=b7s11n4315.cern.ch&noUDP&sock=slot1_12_5065_8027_29569>
...
040 (108738.000.000) 06/02 16:48:27 Finished transferring input files
...
001 (108738.000.000) 06/02 16:48:27 Job executing on host: <128.142.74.80:9618?addrs=128.142.74.80-9618+[2001-1458-301-75--100-3e3]-9618&alias=b7s11n4315.cern.ch&noUDP&sock=startd_4114_70b6>
...
006 (108738.000.000) 06/02 16:48:35 Image size of job updated: 17192
	17  -  MemoryUsage of job (MB)
	17192  -  ResidentSetSize of job (KB)
...
006 (108738.000.000) 06/02 16:53:35 Image size of job updated: 790824
	66  -  MemoryUsage of job (MB)
	67508  -  ResidentSetSize of job (KB)
...
040 (108738.000.000) 06/02 18:16:26 Started transferring output files
...
040 (108738.000.000) 06/02 18:16:26 Finished transferring output files
...
005 (108738.000.000) 06/02 18:16:27 Job terminated.
	(1) Normal termination (return value 0)
		Usr 0 00:02:02, Sys 0 00:00:25  -  Run Remote Usage
		Usr 0 00:00:00, Sys 0 00:00:00  -  Run Local Usage
		Usr 0 00:02:02, Sys 0 00:00:25  -  Total Remote Usage
		Usr 0 00:00:00, Sys 0 00:00:00  -  Total Local Usage
	67030  -  Run Bytes Sent By Job
	19195  -  Run Bytes Received By Job
	67030  -  Total Bytes Sent By Job
	19195  -  Total Bytes Received By Job
	Partitionable Resources :      Usage  Request Allocated 
	   Cpus                 :       0.00        1         1 
	   Disk (KB)            : 4242335          20    275183 
	   Memory (MB)          :      66        2000      2000 

	Job terminated of its own accord at 2021-06-02T16:16:26Z.
...
