000 (108447.000.000) 06/02 16:29:45 Job submitted from host: <188.185.121.235:9618?addrs=188.185.121.235-9618+[2001-1458-d00-49--100-36e]-9618&alias=bigbird22.cern.ch&noUDP&sock=schedd_38044_991d>
...
040 (108447.000.000) 06/02 16:33:14 Started transferring input files
	Transferring to host: <128.142.69.81:9618?addrs=128.142.69.81-9618+[2001-1458-301-52--100-225]-9618&alias=b7s10n0873.cern.ch&noUDP&sock=slot1_10_1054_6364_104715>
...
040 (108447.000.000) 06/02 16:33:14 Finished transferring input files
...
001 (108447.000.000) 06/02 16:33:14 Job executing on host: <128.142.69.81:9618?addrs=128.142.69.81-9618+[2001-1458-301-52--100-225]-9618&alias=b7s10n0873.cern.ch&noUDP&sock=startd_2185_4e86>
...
006 (108447.000.000) 06/02 16:33:23 Image size of job updated: 790800
	66  -  MemoryUsage of job (MB)
	67512  -  ResidentSetSize of job (KB)
...
040 (108447.000.000) 06/02 16:33:41 Started transferring output files
...
040 (108447.000.000) 06/02 16:33:41 Finished transferring output files
...
005 (108447.000.000) 06/02 16:33:42 Job terminated.
	(1) Normal termination (return value 0)
		Usr 0 00:00:11, Sys 0 00:00:04  -  Run Remote Usage
		Usr 0 00:00:00, Sys 0 00:00:00  -  Run Local Usage
		Usr 0 00:00:11, Sys 0 00:00:04  -  Total Remote Usage
		Usr 0 00:00:00, Sys 0 00:00:00  -  Total Local Usage
	18825  -  Run Bytes Sent By Job
	19195  -  Run Bytes Received By Job
	18825  -  Total Bytes Sent By Job
	19195  -  Total Bytes Received By Job
	Partitionable Resources :    Usage  Request Allocated 
	   Cpus                 :                 1         1 
	   Disk (KB)            :   743460       20    281996 
	   Memory (MB)          :       66     2000      2000 

	Job terminated of its own accord at 2021-06-02T14:33:41Z.
...
