000 (108802.000.000) 06/02 16:38:32 Job submitted from host: <188.185.121.235:9618?addrs=188.185.121.235-9618+[2001-1458-d00-49--100-36e]-9618&alias=bigbird22.cern.ch&noUDP&sock=schedd_38044_991d>
...
040 (108802.000.000) 06/02 16:53:57 Started transferring input files
	Transferring to host: <128.142.69.248:9618?addrs=128.142.69.248-9618+[2001-1458-301-52--100-256]-9618&alias=b7s10n2106.cern.ch&noUDP&sock=slot1_15_4746_bc7a_39469>
...
040 (108802.000.000) 06/02 16:53:57 Finished transferring input files
...
001 (108802.000.000) 06/02 16:53:57 Job executing on host: <128.142.69.248:9618?addrs=128.142.69.248-9618+[2001-1458-301-52--100-256]-9618&alias=b7s10n2106.cern.ch&noUDP&sock=startd_3863_4671>
...
006 (108802.000.000) 06/02 16:54:06 Image size of job updated: 790744
	66  -  MemoryUsage of job (MB)
	67504  -  ResidentSetSize of job (KB)
...
006 (108802.000.000) 06/02 16:59:07 Image size of job updated: 790796
	66  -  MemoryUsage of job (MB)
	67504  -  ResidentSetSize of job (KB)
...
040 (108802.000.000) 06/02 17:03:29 Started transferring output files
...
040 (108802.000.000) 06/02 17:03:29 Finished transferring output files
...
005 (108802.000.000) 06/02 17:03:29 Job terminated.
	(1) Normal termination (return value 0)
		Usr 0 00:02:24, Sys 0 00:00:33  -  Run Remote Usage
		Usr 0 00:00:00, Sys 0 00:00:00  -  Run Local Usage
		Usr 0 00:02:24, Sys 0 00:00:33  -  Total Remote Usage
		Usr 0 00:00:00, Sys 0 00:00:00  -  Total Local Usage
	52652  -  Run Bytes Sent By Job
	19195  -  Run Bytes Received By Job
	52652  -  Total Bytes Sent By Job
	19195  -  Total Bytes Received By Job
	Partitionable Resources :      Usage  Request Allocated 
	   Cpus                 :       0.05        1         1 
	   Disk (KB)            : 4241320          20    186167 
	   Memory (MB)          :      66        2000      2000 

	Job terminated of its own accord at 2021-06-02T15:03:29Z.
...
