000 (108851.000.000) 06/02 16:39:26 Job submitted from host: <188.185.121.235:9618?addrs=188.185.121.235-9618+[2001-1458-d00-49--100-36e]-9618&alias=bigbird22.cern.ch&noUDP&sock=schedd_38044_991d>
...
040 (108851.000.000) 06/02 16:57:26 Started transferring input files
	Transferring to host: <188.184.190.13:9618?addrs=188.184.190.13-9618+[2001-1458-301-4b--100-6]-9618&alias=b7g42n0035.cern.ch&noUDP&sock=slot1_4_3777_fcf3_39879>
...
040 (108851.000.000) 06/02 16:57:26 Finished transferring input files
...
001 (108851.000.000) 06/02 16:57:26 Job executing on host: <188.184.190.13:9618?addrs=188.184.190.13-9618+[2001-1458-301-4b--100-6]-9618&alias=b7g42n0035.cern.ch&noUDP&sock=startd_3235_84f7>
...
006 (108851.000.000) 06/02 16:57:35 Image size of job updated: 624804
	40  -  MemoryUsage of job (MB)
	40008  -  ResidentSetSize of job (KB)
...
006 (108851.000.000) 06/02 17:02:36 Image size of job updated: 790824
	66  -  MemoryUsage of job (MB)
	67496  -  ResidentSetSize of job (KB)
...
006 (108851.000.000) 06/02 18:37:47 Image size of job updated: 790824
	113  -  MemoryUsage of job (MB)
	115312  -  ResidentSetSize of job (KB)
...
040 (108851.000.000) 06/02 18:40:00 Started transferring output files
...
040 (108851.000.000) 06/02 18:40:00 Finished transferring output files
...
005 (108851.000.000) 06/02 18:40:00 Job terminated.
	(1) Normal termination (return value 0)
		Usr 0 00:02:59, Sys 0 00:00:34  -  Run Remote Usage
		Usr 0 00:00:00, Sys 0 00:00:00  -  Run Local Usage
		Usr 0 00:02:59, Sys 0 00:00:34  -  Total Remote Usage
		Usr 0 00:00:00, Sys 0 00:00:00  -  Total Local Usage
	67015  -  Run Bytes Sent By Job
	19195  -  Run Bytes Received By Job
	67015  -  Total Bytes Sent By Job
	19195  -  Total Bytes Received By Job
	Partitionable Resources :      Usage  Request Allocated 
	   Cpus                 :       0.90        1         1 
	   Disk (KB)            : 4242694          20    290681 
	   Memory (MB)          :     113        2000      2000 

	Job terminated of its own accord at 2021-06-02T16:40:00Z.
...
