000 (109231.000.000) 06/02 16:48:15 Job submitted from host: <188.185.121.235:9618?addrs=188.185.121.235-9618+[2001-1458-d00-49--100-36e]-9618&alias=bigbird22.cern.ch&noUDP&sock=schedd_38044_991d>
...
040 (109231.000.000) 06/02 18:25:05 Started transferring input files
	Transferring to host: <128.142.69.248:9618?addrs=128.142.69.248-9618+[2001-1458-301-52--100-256]-9618&alias=b7s10n2106.cern.ch&noUDP&sock=slot1_12_4746_bc7a_39536>
...
040 (109231.000.000) 06/02 18:25:05 Finished transferring input files
...
001 (109231.000.000) 06/02 18:25:05 Job executing on host: <128.142.69.248:9618?addrs=128.142.69.248-9618+[2001-1458-301-52--100-256]-9618&alias=b7s10n2106.cern.ch&noUDP&sock=startd_3863_4671>
...
006 (109231.000.000) 06/02 18:25:13 Image size of job updated: 790812
	36  -  MemoryUsage of job (MB)
	36452  -  ResidentSetSize of job (KB)
...
006 (109231.000.000) 06/02 18:27:52 Image size of job updated: 790812
	36  -  MemoryUsage of job (MB)
	36544  -  ResidentSetSize of job (KB)
...
040 (109231.000.000) 06/02 18:27:52 Started transferring output files
...
040 (109231.000.000) 06/02 18:27:52 Finished transferring output files
...
005 (109231.000.000) 06/02 18:27:52 Job terminated.
	(1) Normal termination (return value 0)
		Usr 0 00:00:45, Sys 0 00:00:11  -  Run Remote Usage
		Usr 0 00:00:00, Sys 0 00:00:00  -  Run Local Usage
		Usr 0 00:00:45, Sys 0 00:00:11  -  Total Remote Usage
		Usr 0 00:00:00, Sys 0 00:00:00  -  Total Local Usage
	30487  -  Run Bytes Sent By Job
	19195  -  Run Bytes Received By Job
	30487  -  Total Bytes Sent By Job
	19195  -  Total Bytes Received By Job
	Partitionable Resources :    Usage  Request Allocated 
	   Cpus                 :                 1         1 
	   Disk (KB)            :  1952808       20    185018 
	   Memory (MB)          :       36     2000      2000 

	Job terminated of its own accord at 2021-06-02T16:27:52Z.
...
