000 (148496.000.000) 06/16 08:49:56 Job submitted from host: <188.185.121.235:9618?addrs=188.185.121.235-9618+[2001-1458-d00-49--100-36e]-9618&alias=bigbird22.cern.ch&noUDP&sock=schedd_38044_991d>
...
040 (148496.000.000) 06/16 09:34:53 Started transferring input files
	Transferring to host: <188.184.205.119:9618?addrs=188.184.205.119-9618+[2001-1458-301-7d--100-161]-9618&alias=b7g27n0544.cern.ch&noUDP&sock=slot1_5_4895_b860_46892>
...
040 (148496.000.000) 06/16 09:34:53 Finished transferring input files
...
001 (148496.000.000) 06/16 09:34:53 Job executing on host: <188.184.205.119:9618?addrs=188.184.205.119-9618+[2001-1458-301-7d--100-161]-9618&alias=b7g27n0544.cern.ch&noUDP&sock=startd_3929_8bb1>
...
006 (148496.000.000) 06/16 09:35:01 Image size of job updated: 35588
	35  -  MemoryUsage of job (MB)
	35588  -  ResidentSetSize of job (KB)
...
006 (148496.000.000) 06/16 09:37:52 Image size of job updated: 791428
	35  -  MemoryUsage of job (MB)
	35588  -  ResidentSetSize of job (KB)
...
040 (148496.000.000) 06/16 09:37:52 Started transferring output files
...
040 (148496.000.000) 06/16 09:37:52 Finished transferring output files
...
005 (148496.000.000) 06/16 09:37:53 Job terminated.
	(1) Normal termination (return value 0)
		Usr 0 00:01:04, Sys 0 00:00:13  -  Run Remote Usage
		Usr 0 00:00:00, Sys 0 00:00:00  -  Run Local Usage
		Usr 0 00:01:04, Sys 0 00:00:13  -  Total Remote Usage
		Usr 0 00:00:00, Sys 0 00:00:00  -  Total Local Usage
	30148  -  Run Bytes Sent By Job
	19004  -  Run Bytes Received By Job
	30148  -  Total Bytes Sent By Job
	19004  -  Total Bytes Received By Job
	Partitionable Resources :    Usage  Request Allocated 
	   Cpus                 :                 1         1 
	   Disk (KB)            :  2368104       20    207154 
	   Memory (MB)          :       35     2000      2000 

	Job terminated of its own accord at 2021-06-16T07:37:52Z.
...
