000 (147174.000.000) 06/16 08:22:48 Job submitted from host: <188.185.121.235:9618?addrs=188.185.121.235-9618+[2001-1458-d00-49--100-36e]-9618&alias=bigbird22.cern.ch&noUDP&sock=schedd_38044_991d>
...
040 (147174.000.000) 06/16 08:47:14 Started transferring input files
	Transferring to host: <188.184.205.119:9618?addrs=188.184.205.119-9618+[2001-1458-301-7d--100-161]-9618&alias=b7g27n0544.cern.ch&noUDP&sock=slot1_7_4895_b860_46860>
...
040 (147174.000.000) 06/16 08:47:14 Finished transferring input files
...
001 (147174.000.000) 06/16 08:47:15 Job executing on host: <188.184.205.119:9618?addrs=188.184.205.119-9618+[2001-1458-301-7d--100-161]-9618&alias=b7g27n0544.cern.ch&noUDP&sock=startd_3929_8bb1>
...
006 (147174.000.000) 06/16 08:47:24 Image size of job updated: 11776
	12  -  MemoryUsage of job (MB)
	11776  -  ResidentSetSize of job (KB)
...
006 (147174.000.000) 06/16 08:50:27 Image size of job updated: 791452
	12  -  MemoryUsage of job (MB)
	11776  -  ResidentSetSize of job (KB)
...
040 (147174.000.000) 06/16 08:50:29 Started transferring output files
...
040 (147174.000.000) 06/16 08:50:30 Finished transferring output files
...
005 (147174.000.000) 06/16 08:50:34 Job terminated.
	(1) Normal termination (return value 0)
		Usr 0 00:00:08, Sys 0 00:00:02  -  Run Remote Usage
		Usr 0 00:00:00, Sys 0 00:00:00  -  Run Local Usage
		Usr 0 00:00:08, Sys 0 00:00:02  -  Total Remote Usage
		Usr 0 00:00:00, Sys 0 00:00:00  -  Total Local Usage
	21318  -  Run Bytes Sent By Job
	19004  -  Run Bytes Received By Job
	21318  -  Total Bytes Sent By Job
	19004  -  Total Bytes Received By Job
	Partitionable Resources :     Usage  Request Allocated 
	   Cpus                 :      0.02        1         1 
	   Disk (KB)            : 466074          20    213537 
	   Memory (MB)          :     12        2000      2000 

	Job terminated of its own accord at 2021-06-16T06:50:27Z.
...
