000 (147266.000.000) 06/16 08:24:41 Job submitted from host: <188.185.121.235:9618?addrs=188.185.121.235-9618+[2001-1458-d00-49--100-36e]-9618&alias=bigbird22.cern.ch&noUDP&sock=schedd_38044_991d>
...
040 (147266.000.000) 06/16 08:47:47 Started transferring input files
	Transferring to host: <128.142.83.196:9618?addrs=128.142.83.196-9618+[2001-1458-301-f5--100-50c]-9618&alias=b7s13n5383.cern.ch&noUDP&sock=slot1_12_6211_f616_48359>
...
040 (147266.000.000) 06/16 08:47:47 Finished transferring input files
...
001 (147266.000.000) 06/16 08:47:47 Job executing on host: <128.142.83.196:9618?addrs=128.142.83.196-9618+[2001-1458-301-f5--100-50c]-9618&alias=b7s13n5383.cern.ch&noUDP&sock=startd_5101_70b0>
...
006 (147266.000.000) 06/16 08:47:56 Image size of job updated: 766792
	14  -  MemoryUsage of job (MB)
	13364  -  ResidentSetSize of job (KB)
...
006 (147266.000.000) 06/16 08:49:47 Image size of job updated: 791452
	14  -  MemoryUsage of job (MB)
	13364  -  ResidentSetSize of job (KB)
...
040 (147266.000.000) 06/16 08:49:47 Started transferring output files
...
040 (147266.000.000) 06/16 08:49:47 Finished transferring output files
...
005 (147266.000.000) 06/16 08:49:48 Job terminated.
	(1) Normal termination (return value 0)
		Usr 0 00:00:07, Sys 0 00:00:02  -  Run Remote Usage
		Usr 0 00:00:00, Sys 0 00:00:00  -  Run Local Usage
		Usr 0 00:00:07, Sys 0 00:00:02  -  Total Remote Usage
		Usr 0 00:00:00, Sys 0 00:00:00  -  Total Local Usage
	24238  -  Run Bytes Sent By Job
	19004  -  Run Bytes Received By Job
	24238  -  Total Bytes Sent By Job
	19004  -  Total Bytes Received By Job
	Partitionable Resources :    Usage  Request Allocated 
	   Cpus                 :                 1         1 
	   Disk (KB)            :   465711       20    207113 
	   Memory (MB)          :       14     2000      2000 

	Job terminated of its own accord at 2021-06-16T06:49:47Z.
...
