000 (113277.000.000) 06/03 13:02:45 Job submitted from host: <188.185.121.235:9618?addrs=188.185.121.235-9618+[2001-1458-d00-49--100-36e]-9618&alias=bigbird22.cern.ch&noUDP&sock=schedd_38044_991d>
...
040 (113277.000.000) 06/03 13:21:08 Started transferring input files
	Transferring to host: <188.184.213.164:9618?addrs=188.184.213.164-9618+[2001-1458-301-10c--100-1a1]-9618&alias=b7g24n0659.cern.ch&noUDP&sock=slot1_9_5240_cdce_17819>
...
040 (113277.000.000) 06/03 13:21:08 Finished transferring input files
...
001 (113277.000.000) 06/03 13:21:08 Job executing on host: <188.184.213.164:9618?addrs=188.184.213.164-9618+[2001-1458-301-10c--100-1a1]-9618&alias=b7g24n0659.cern.ch&noUDP&sock=startd_4167_cb3b>
...
006 (113277.000.000) 06/03 13:21:17 Image size of job updated: 4148
	5  -  MemoryUsage of job (MB)
	4148  -  ResidentSetSize of job (KB)
...
006 (113277.000.000) 06/03 13:26:18 Image size of job updated: 790824
	42  -  MemoryUsage of job (MB)
	42116  -  ResidentSetSize of job (KB)
...
006 (113277.000.000) 06/03 13:31:18 Image size of job updated: 790824
	47  -  MemoryUsage of job (MB)
	47400  -  ResidentSetSize of job (KB)
...
006 (113277.000.000) 06/03 13:36:18 Image size of job updated: 790824
	66  -  MemoryUsage of job (MB)
	67500  -  ResidentSetSize of job (KB)
...
040 (113277.000.000) 06/03 16:02:33 Started transferring output files
...
040 (113277.000.000) 06/03 16:02:33 Finished transferring output files
...
005 (113277.000.000) 06/03 16:02:33 Job terminated.
	(1) Normal termination (return value 0)
		Usr 0 00:00:50, Sys 0 00:00:11  -  Run Remote Usage
		Usr 0 00:00:00, Sys 0 00:00:00  -  Run Local Usage
		Usr 0 00:00:50, Sys 0 00:00:11  -  Total Remote Usage
		Usr 0 00:00:00, Sys 0 00:00:00  -  Total Local Usage
	42119  -  Run Bytes Sent By Job
	19004  -  Run Bytes Received By Job
	42119  -  Total Bytes Sent By Job
	19004  -  Total Bytes Received By Job
	Partitionable Resources :      Usage  Request Allocated 
	   Cpus                 :       0.00        1         1 
	   Disk (KB)            : 1952564          20    295623 
	   Memory (MB)          :      66        2000      2000 

	Job terminated of its own accord at 2021-06-03T14:02:33Z.
...
000 (116921.000.000) 06/04 09:09:04 Job submitted from host: <188.185.121.235:9618?addrs=188.185.121.235-9618+[2001-1458-d00-49--100-36e]-9618&alias=bigbird22.cern.ch&noUDP&sock=schedd_38044_991d>
...
040 (116921.000.000) 06/04 09:41:58 Started transferring input files
	Transferring to host: <188.184.212.218:9618?addrs=188.184.212.218-9618+[2001-1458-301-10c--100-d1]-9618&alias=b7g24n0404.cern.ch&noUDP&sock=slot1_6_3836_8f15_40671>
...
040 (116921.000.000) 06/04 09:41:58 Finished transferring input files
...
001 (116921.000.000) 06/04 09:41:58 Job executing on host: <188.184.212.218:9618?addrs=188.184.212.218-9618+[2001-1458-301-10c--100-d1]-9618&alias=b7g24n0404.cern.ch&noUDP&sock=startd_3169_3fb7>
...
006 (116921.000.000) 06/04 09:42:07 Image size of job updated: 41596
	39  -  MemoryUsage of job (MB)
	39672  -  ResidentSetSize of job (KB)
...
006 (116921.000.000) 06/04 09:47:08 Image size of job updated: 790816
	66  -  MemoryUsage of job (MB)
	67496  -  ResidentSetSize of job (KB)
...
040 (116921.000.000) 06/04 09:49:58 Started transferring output files
...
040 (116921.000.000) 06/04 09:49:58 Finished transferring output files
...
005 (116921.000.000) 06/04 09:49:59 Job terminated.
	(1) Normal termination (return value 0)
		Usr 0 00:01:30, Sys 0 00:00:12  -  Run Remote Usage
		Usr 0 00:00:00, Sys 0 00:00:00  -  Run Local Usage
		Usr 0 00:01:30, Sys 0 00:00:12  -  Total Remote Usage
		Usr 0 00:00:00, Sys 0 00:00:00  -  Total Local Usage
	49357  -  Run Bytes Sent By Job
	19004  -  Run Bytes Received By Job
	49357  -  Total Bytes Sent By Job
	19004  -  Total Bytes Received By Job
	Partitionable Resources :    Usage  Request Allocated 
	   Cpus                 :        0        1         1 
	   Disk (KB)            :  2758793       20    324758 
	   Memory (MB)          :       66     2000      2000 

	Job terminated of its own accord at 2021-06-04T07:49:58Z.
...
000 (124256.000.000) 06/08 10:55:44 Job submitted from host: <188.185.121.235:9618?addrs=188.185.121.235-9618+[2001-1458-d00-49--100-36e]-9618&alias=bigbird22.cern.ch&noUDP&sock=schedd_38044_991d>
...
040 (124256.000.000) 06/08 12:26:02 Started transferring input files
	Transferring to host: <128.142.149.19:9618?addrs=128.142.149.19-9618+[2001-1458-301-b--100-fd]-9618&alias=b7g41n2579.cern.ch&noUDP&sock=slot1_3_23777_cc20_86393>
...
001 (124256.000.000) 06/08 12:26:02 Job executing on host: <128.142.149.19:9618?addrs=128.142.149.19-9618+[2001-1458-301-b--100-fd]-9618&alias=b7g41n2579.cern.ch&noUDP&sock=startd_6466_b776>
...
040 (124256.000.000) 06/08 12:26:02 Finished transferring input files
...
006 (124256.000.000) 06/08 12:26:10 Image size of job updated: 791436
	42  -  MemoryUsage of job (MB)
	42432  -  ResidentSetSize of job (KB)
...
006 (124256.000.000) 06/08 12:30:08 Image size of job updated: 791436
	42  -  MemoryUsage of job (MB)
	42532  -  ResidentSetSize of job (KB)
...
040 (124256.000.000) 06/08 12:30:08 Started transferring output files
...
040 (124256.000.000) 06/08 12:30:08 Finished transferring output files
...
005 (124256.000.000) 06/08 12:30:09 Job terminated.
	(1) Normal termination (return value 0)
		Usr 0 00:01:26, Sys 0 00:00:11  -  Run Remote Usage
		Usr 0 00:00:00, Sys 0 00:00:00  -  Run Local Usage
		Usr 0 00:01:26, Sys 0 00:00:11  -  Total Remote Usage
		Usr 0 00:00:00, Sys 0 00:00:00  -  Total Local Usage
	34432  -  Run Bytes Sent By Job
	19004  -  Run Bytes Received By Job
	34432  -  Total Bytes Sent By Job
	19004  -  Total Bytes Received By Job
	Partitionable Resources :    Usage  Request Allocated 
	   Cpus                 :                 1         1 
	   Disk (KB)            :  2758771       20    356854 
	   Memory (MB)          :       42     2000      2000 

	Job terminated of its own accord at 2021-06-08T10:30:08Z.
...
