000 (147628.000.000) 06/16 08:31:55 Job submitted from host: <188.185.121.235:9618?addrs=188.185.121.235-9618+[2001-1458-d00-49--100-36e]-9618&alias=bigbird22.cern.ch&noUDP&sock=schedd_38044_991d>
...
040 (147628.000.000) 06/16 08:56:09 Started transferring input files
	Transferring to host: <188.184.198.25:9618?addrs=188.184.198.25-9618+[2001-1458-301-c1--100-1fb]-9618&alias=b7g52n9902.cern.ch&noUDP&sock=slot1_13_5804_3165_43028>
...
040 (147628.000.000) 06/16 08:56:09 Finished transferring input files
...
001 (147628.000.000) 06/16 08:56:09 Job executing on host: <188.184.198.25:9618?addrs=188.184.198.25-9618+[2001-1458-301-c1--100-1fb]-9618&alias=b7g52n9902.cern.ch&noUDP&sock=startd_4636_7d26>
...
006 (147628.000.000) 06/16 08:56:18 Image size of job updated: 396052
	8  -  MemoryUsage of job (MB)
	8168  -  ResidentSetSize of job (KB)
...
006 (147628.000.000) 06/16 09:01:19 Image size of job updated: 791448
	67  -  MemoryUsage of job (MB)
	67772  -  ResidentSetSize of job (KB)
...
040 (147628.000.000) 06/16 10:33:06 Started transferring output files
...
040 (147628.000.000) 06/16 10:33:06 Finished transferring output files
...
005 (147628.000.000) 06/16 10:33:06 Job terminated.
	(1) Normal termination (return value 0)
		Usr 0 00:01:17, Sys 0 00:00:23  -  Run Remote Usage
		Usr 0 00:00:00, Sys 0 00:00:00  -  Run Local Usage
		Usr 0 00:01:17, Sys 0 00:00:23  -  Total Remote Usage
		Usr 0 00:00:00, Sys 0 00:00:00  -  Total Local Usage
	54534  -  Run Bytes Sent By Job
	19004  -  Run Bytes Received By Job
	54534  -  Total Bytes Sent By Job
	19004  -  Total Bytes Received By Job
	Partitionable Resources :      Usage  Request Allocated 
	   Cpus                 :       1.00        1         1 
	   Disk (KB)            : 3074281          20    275314 
	   Memory (MB)          :      67        2000      2000 

	Job terminated of its own accord at 2021-06-16T08:33:06Z.
...
