000 (108593.000.000) 06/02 16:33:17 Job submitted from host: <188.185.121.235:9618?addrs=188.185.121.235-9618+[2001-1458-d00-49--100-36e]-9618&alias=bigbird22.cern.ch&noUDP&sock=schedd_38044_991d>
...
040 (108593.000.000) 06/02 16:38:08 Started transferring input files
	Transferring to host: <188.184.168.58:9618?addrs=188.184.168.58-9618+[2001-1458-301-c0--100-24a]-9618&alias=b7g52n7703.cern.ch&noUDP&sock=slot1_10_6003_680d_29036>
...
001 (108593.000.000) 06/02 16:38:08 Job executing on host: <188.184.168.58:9618?addrs=188.184.168.58-9618+[2001-1458-301-c0--100-24a]-9618&alias=b7g52n7703.cern.ch&noUDP&sock=startd_4701_12ce>
...
040 (108593.000.000) 06/02 16:38:08 Finished transferring input files
...
006 (108593.000.000) 06/02 16:38:17 Image size of job updated: 766152
	15  -  MemoryUsage of job (MB)
	14604  -  ResidentSetSize of job (KB)
...
006 (108593.000.000) 06/02 16:43:18 Image size of job updated: 790820
	66  -  MemoryUsage of job (MB)
	67500  -  ResidentSetSize of job (KB)
...
040 (108593.000.000) 06/02 16:51:18 Started transferring output files
...
040 (108593.000.000) 06/02 16:51:18 Finished transferring output files
...
005 (108593.000.000) 06/02 16:51:19 Job terminated.
	(1) Normal termination (return value 0)
		Usr 0 00:00:10, Sys 0 00:00:03  -  Run Remote Usage
		Usr 0 00:00:00, Sys 0 00:00:00  -  Run Local Usage
		Usr 0 00:00:10, Sys 0 00:00:03  -  Total Remote Usage
		Usr 0 00:00:00, Sys 0 00:00:00  -  Total Local Usage
	24067  -  Run Bytes Sent By Job
	19195  -  Run Bytes Received By Job
	24067  -  Total Bytes Sent By Job
	19195  -  Total Bytes Received By Job
	Partitionable Resources :     Usage  Request Allocated 
	   Cpus                 :      0.01        1         1 
	   Disk (KB)            : 743697          20    279057 
	   Memory (MB)          :     66        2000      2000 

	Job terminated of its own accord at 2021-06-02T14:51:18Z.
...
