000 (148464.000.000) 06/16 08:49:16 Job submitted from host: <188.185.121.235:9618?addrs=188.185.121.235-9618+[2001-1458-d00-49--100-36e]-9618&alias=bigbird22.cern.ch&noUDP&sock=schedd_38044_991d>
...
040 (148464.000.000) 06/16 09:32:08 Started transferring input files
	Transferring to host: <128.142.77.14:9618?addrs=128.142.77.14-9618+[2001-1458-301-f4--100-6b]-9618&alias=b7s12n5379.cern.ch&noUDP&sock=slot1_11_15077_dc3e_96638>
...
040 (148464.000.000) 06/16 09:32:08 Finished transferring input files
...
001 (148464.000.000) 06/16 09:32:08 Job executing on host: <128.142.77.14:9618?addrs=128.142.77.14-9618+[2001-1458-301-f4--100-6b]-9618&alias=b7s12n5379.cern.ch&noUDP&sock=startd_16934_e4da>
...
006 (148464.000.000) 06/16 09:32:16 Image size of job updated: 4024
	4  -  MemoryUsage of job (MB)
	4024  -  ResidentSetSize of job (KB)
...
006 (148464.000.000) 06/16 09:37:16 Image size of job updated: 791456
	43  -  MemoryUsage of job (MB)
	43156  -  ResidentSetSize of job (KB)
...
006 (148464.000.000) 06/16 09:42:16 Image size of job updated: 791456
	67  -  MemoryUsage of job (MB)
	67776  -  ResidentSetSize of job (KB)
...
040 (148464.000.000) 06/16 12:09:50 Started transferring output files
...
040 (148464.000.000) 06/16 12:09:50 Finished transferring output files
...
005 (148464.000.000) 06/16 12:09:50 Job terminated.
	(1) Normal termination (return value 0)
		Usr 0 00:01:09, Sys 0 00:00:18  -  Run Remote Usage
		Usr 0 00:00:00, Sys 0 00:00:00  -  Run Local Usage
		Usr 0 00:01:09, Sys 0 00:00:18  -  Total Remote Usage
		Usr 0 00:00:00, Sys 0 00:00:00  -  Total Local Usage
	46731  -  Run Bytes Sent By Job
	19004  -  Run Bytes Received By Job
	46731  -  Total Bytes Sent By Job
	19004  -  Total Bytes Received By Job
	Partitionable Resources :      Usage  Request Allocated 
	   Cpus                 :       1.00        1         1 
	   Disk (KB)            : 2368240          20    279028 
	   Memory (MB)          :      67        2000      2000 

	Job terminated of its own accord at 2021-06-16T10:09:50Z.
...
