000 (108693.000.000) 06/02 16:35:59 Job submitted from host: <188.185.121.235:9618?addrs=188.185.121.235-9618+[2001-1458-d00-49--100-36e]-9618&alias=bigbird22.cern.ch&noUDP&sock=schedd_38044_991d>
...
040 (108693.000.000) 06/02 16:45:56 Started transferring input files
	Transferring to host: <128.142.75.63:9618?addrs=128.142.75.63-9618+[2001-1458-301-75--100-386]-9618&alias=b7s11n8671.cern.ch&noUDP&sock=slot1_12_5975_ad8c_34203>
...
040 (108693.000.000) 06/02 16:45:56 Finished transferring input files
...
001 (108693.000.000) 06/02 16:45:56 Job executing on host: <128.142.75.63:9618?addrs=128.142.75.63-9618+[2001-1458-301-75--100-386]-9618&alias=b7s11n8671.cern.ch&noUDP&sock=startd_4645_a980>
...
006 (108693.000.000) 06/02 16:46:05 Image size of job updated: 460948
	38  -  MemoryUsage of job (MB)
	38260  -  ResidentSetSize of job (KB)
...
006 (108693.000.000) 06/02 16:51:06 Image size of job updated: 790824
	66  -  MemoryUsage of job (MB)
	67496  -  ResidentSetSize of job (KB)
...
040 (108693.000.000) 06/02 16:53:27 Started transferring output files
...
040 (108693.000.000) 06/02 16:53:27 Finished transferring output files
...
005 (108693.000.000) 06/02 16:53:27 Job terminated.
	(1) Normal termination (return value 0)
		Usr 0 00:00:12, Sys 0 00:00:04  -  Run Remote Usage
		Usr 0 00:00:00, Sys 0 00:00:00  -  Run Local Usage
		Usr 0 00:00:12, Sys 0 00:00:04  -  Total Remote Usage
		Usr 0 00:00:00, Sys 0 00:00:00  -  Total Local Usage
	25319  -  Run Bytes Sent By Job
	19195  -  Run Bytes Received By Job
	25319  -  Total Bytes Sent By Job
	19195  -  Total Bytes Received By Job
	Partitionable Resources :     Usage  Request Allocated 
	   Cpus                 :      0.02        1         1 
	   Disk (KB)            : 743052          20    272567 
	   Memory (MB)          :     66        2000      2000 

	Job terminated of its own accord at 2021-06-02T14:53:27Z.
...
