000 (146721.000.000) 06/16 08:13:40 Job submitted from host: <188.185.121.235:9618?addrs=188.185.121.235-9618+[2001-1458-d00-49--100-36e]-9618&alias=bigbird22.cern.ch&noUDP&sock=schedd_38044_991d>
...
040 (146721.000.000) 06/16 08:34:55 Started transferring input files
	Transferring to host: <128.142.84.91:9618?addrs=128.142.84.91-9618+[2001-1458-301-f6--100-fc]-9618&alias=b7s14n1580.cern.ch&noUDP&sock=slot1_7_25782_8051_50668>
...
040 (146721.000.000) 06/16 08:34:55 Finished transferring input files
...
001 (146721.000.000) 06/16 08:34:55 Job executing on host: <128.142.84.91:9618?addrs=128.142.84.91-9618+[2001-1458-301-f6--100-fc]-9618&alias=b7s14n1580.cern.ch&noUDP&sock=startd_5094_a386>
...
006 (146721.000.000) 06/16 08:35:04 Image size of job updated: 766796
	17  -  MemoryUsage of job (MB)
	16640  -  ResidentSetSize of job (KB)
...
006 (146721.000.000) 06/16 08:37:21 Image size of job updated: 791448
	17  -  MemoryUsage of job (MB)
	16704  -  ResidentSetSize of job (KB)
...
040 (146721.000.000) 06/16 08:37:21 Started transferring output files
...
040 (146721.000.000) 06/16 08:37:22 Finished transferring output files
...
005 (146721.000.000) 06/16 08:37:23 Job terminated.
	(1) Normal termination (return value 0)
		Usr 0 00:00:07, Sys 0 00:00:02  -  Run Remote Usage
		Usr 0 00:00:00, Sys 0 00:00:00  -  Run Local Usage
		Usr 0 00:00:07, Sys 0 00:00:02  -  Total Remote Usage
		Usr 0 00:00:00, Sys 0 00:00:00  -  Total Local Usage
	22593  -  Run Bytes Sent By Job
	19004  -  Run Bytes Received By Job
	22593  -  Total Bytes Sent By Job
	19004  -  Total Bytes Received By Job
	Partitionable Resources :    Usage  Request Allocated 
	   Cpus                 :                 1         1 
	   Disk (KB)            :   466076       20    292335 
	   Memory (MB)          :       17     2000      2000 

	Job terminated of its own accord at 2021-06-16T06:37:21Z.
...
