000 (112470.000.000) 06/03 12:49:46 Job submitted from host: <188.185.121.235:9618?addrs=188.185.121.235-9618+[2001-1458-d00-49--100-36e]-9618&alias=bigbird22.cern.ch&noUDP&sock=schedd_38044_991d>
...
040 (112470.000.000) 06/03 13:15:49 Started transferring input files
	Transferring to host: <188.184.212.73:9618?addrs=188.184.212.73-9618+[2001-1458-301-10c--100-45]-9618&alias=b7g24n0153.cern.ch&noUDP&sock=slot1_2_11416_5ac9_82677>
...
001 (112470.000.000) 06/03 13:15:49 Job executing on host: <188.184.212.73:9618?addrs=188.184.212.73-9618+[2001-1458-301-10c--100-45]-9618&alias=b7g24n0153.cern.ch&noUDP&sock=startd_4883_e90b>
...
040 (112470.000.000) 06/03 13:15:49 Finished transferring input files
...
006 (112470.000.000) 06/03 13:15:58 Image size of job updated: 4884
	3  -  MemoryUsage of job (MB)
	2952  -  ResidentSetSize of job (KB)
...
006 (112470.000.000) 06/03 13:20:58 Image size of job updated: 790824
	39  -  MemoryUsage of job (MB)
	39504  -  ResidentSetSize of job (KB)
...
006 (112470.000.000) 06/03 13:25:58 Image size of job updated: 790824
	66  -  MemoryUsage of job (MB)
	67496  -  ResidentSetSize of job (KB)
...
006 (112470.000.000) 06/03 17:31:23 Image size of job updated: 790824
	121  -  MemoryUsage of job (MB)
	123524  -  ResidentSetSize of job (KB)
...
040 (112470.000.000) 06/03 17:32:45 Started transferring output files
...
040 (112470.000.000) 06/03 17:32:45 Finished transferring output files
...
005 (112470.000.000) 06/03 17:32:46 Job terminated.
	(1) Normal termination (return value 0)
		Usr 0 00:02:53, Sys 0 00:00:46  -  Run Remote Usage
		Usr 0 00:00:00, Sys 0 00:00:00  -  Run Local Usage
		Usr 0 00:02:53, Sys 0 00:00:46  -  Total Remote Usage
		Usr 0 00:00:00, Sys 0 00:00:00  -  Total Local Usage
	67072  -  Run Bytes Sent By Job
	19004  -  Run Bytes Received By Job
	67072  -  Total Bytes Sent By Job
	19004  -  Total Bytes Received By Job
	Partitionable Resources :      Usage  Request Allocated 
	   Cpus                 :       0.01        1         1 
	   Disk (KB)            : 4242069          20    286342 
	   Memory (MB)          :     121        2000      2000 

	Job terminated of its own accord at 2021-06-03T15:32:45Z.
...
000 (116069.000.000) 06/04 08:57:44 Job submitted from host: <188.185.121.235:9618?addrs=188.185.121.235-9618+[2001-1458-d00-49--100-36e]-9618&alias=bigbird22.cern.ch&noUDP&sock=schedd_38044_991d>
...
040 (116069.000.000) 06/04 09:01:26 Started transferring input files
	Transferring to host: <128.142.80.196:9618?addrs=128.142.80.196-9618+[2001-1458-301-f5--100-4cb]-9618&alias=b7s13n4929.cern.ch&noUDP&sock=slot1_8_25366_6441_88215>
...
040 (116069.000.000) 06/04 09:01:26 Finished transferring input files
...
001 (116069.000.000) 06/04 09:01:26 Job executing on host: <128.142.80.196:9618?addrs=128.142.80.196-9618+[2001-1458-301-f5--100-4cb]-9618&alias=b7s13n4929.cern.ch&noUDP&sock=startd_16853_55af>
...
006 (116069.000.000) 06/04 09:01:35 Image size of job updated: 5940
	6  -  MemoryUsage of job (MB)
	5940  -  ResidentSetSize of job (KB)
...
006 (116069.000.000) 06/04 09:06:36 Image size of job updated: 790824
	66  -  MemoryUsage of job (MB)
	67504  -  ResidentSetSize of job (KB)
...
006 (116069.000.000) 06/04 13:52:05 Image size of job updated: 790824
	117  -  MemoryUsage of job (MB)
	119184  -  ResidentSetSize of job (KB)
...
040 (116069.000.000) 06/04 13:53:08 Started transferring output files
...
040 (116069.000.000) 06/04 13:53:08 Finished transferring output files
...
005 (116069.000.000) 06/04 13:53:08 Job terminated.
	(1) Normal termination (return value 0)
		Usr 0 00:01:43, Sys 0 00:00:24  -  Run Remote Usage
		Usr 0 00:00:00, Sys 0 00:00:00  -  Run Local Usage
		Usr 0 00:01:43, Sys 0 00:00:24  -  Total Remote Usage
		Usr 0 00:00:00, Sys 0 00:00:00  -  Total Local Usage
	61000  -  Run Bytes Sent By Job
	19004  -  Run Bytes Received By Job
	61000  -  Total Bytes Sent By Job
	19004  -  Total Bytes Received By Job
	Partitionable Resources :      Usage  Request Allocated 
	   Cpus                 :       0.16        1         1 
	   Disk (KB)            : 3711758          20    255067 
	   Memory (MB)          :     117        2000      2000 

	Job terminated of its own accord at 2021-06-04T11:53:07Z.
...
000 (123429.000.000) 06/08 10:43:38 Job submitted from host: <188.185.121.235:9618?addrs=188.185.121.235-9618+[2001-1458-d00-49--100-36e]-9618&alias=bigbird22.cern.ch&noUDP&sock=schedd_38044_991d>
...
