000 (109320.000.000) 06/02 16:50:19 Job submitted from host: <188.185.121.235:9618?addrs=188.185.121.235-9618+[2001-1458-d00-49--100-36e]-9618&alias=bigbird22.cern.ch&noUDP&sock=schedd_38044_991d>
...
040 (109320.000.000) 06/02 18:40:09 Started transferring input files
	Transferring to host: <128.142.76.237:9618?addrs=128.142.76.237-9618+[2001-1458-301-f4--100-431]-9618&alias=b7s12n3009.cern.ch&noUDP&sock=slot1_11_5757_13c3_29537>
...
001 (109320.000.000) 06/02 18:40:09 Job executing on host: <128.142.76.237:9618?addrs=128.142.76.237-9618+[2001-1458-301-f4--100-431]-9618&alias=b7s12n3009.cern.ch&noUDP&sock=startd_4606_e94f>
...
040 (109320.000.000) 06/02 18:40:09 Finished transferring input files
...
006 (109320.000.000) 06/02 18:40:17 Image size of job updated: 790816
	41  -  MemoryUsage of job (MB)
	41956  -  ResidentSetSize of job (KB)
...
040 (109320.000.000) 06/02 18:42:55 Started transferring output files
...
040 (109320.000.000) 06/02 18:42:55 Finished transferring output files
...
005 (109320.000.000) 06/02 18:42:56 Job terminated.
	(1) Normal termination (return value 0)
		Usr 0 00:00:37, Sys 0 00:00:12  -  Run Remote Usage
		Usr 0 00:00:00, Sys 0 00:00:00  -  Run Local Usage
		Usr 0 00:00:37, Sys 0 00:00:12  -  Total Remote Usage
		Usr 0 00:00:00, Sys 0 00:00:00  -  Total Local Usage
	31821  -  Run Bytes Sent By Job
	19195  -  Run Bytes Received By Job
	31821  -  Total Bytes Sent By Job
	19195  -  Total Bytes Received By Job
	Partitionable Resources :      Usage  Request Allocated 
	   Cpus                 :       0.10        1         1 
	   Disk (KB)            : 1952319          20    267160 
	   Memory (MB)          :      41        2000      2000 

	Job terminated of its own accord at 2021-06-02T16:42:55Z.
...
