000 (112625.000.000) 06/03 12:52:19 Job submitted from host: <188.185.121.235:9618?addrs=188.185.121.235-9618+[2001-1458-d00-49--100-36e]-9618&alias=bigbird22.cern.ch&noUDP&sock=schedd_38044_991d>
...
040 (112625.000.000) 06/03 13:16:55 Started transferring input files
	Transferring to host: <188.184.182.23:9618?addrs=188.184.182.23-9618+[2001-1458-301-2b--100-197]-9618&alias=b7g41n1984.cern.ch&noUDP&sock=slot1_2_32632_f228_102680>
...
001 (112625.000.000) 06/03 13:16:55 Job executing on host: <188.184.182.23:9618?addrs=188.184.182.23-9618+[2001-1458-301-2b--100-197]-9618&alias=b7g41n1984.cern.ch&noUDP&sock=startd_6567_fe87>
...
040 (112625.000.000) 06/03 13:16:55 Finished transferring input files
...
006 (112625.000.000) 06/03 13:17:03 Image size of job updated: 624804
	12  -  MemoryUsage of job (MB)
	11916  -  ResidentSetSize of job (KB)
...
006 (112625.000.000) 06/03 13:22:03 Image size of job updated: 790824
	66  -  MemoryUsage of job (MB)
	67488  -  ResidentSetSize of job (KB)
...
006 (112625.000.000) 06/03 15:07:14 Image size of job updated: 790824
	121  -  MemoryUsage of job (MB)
	123424  -  ResidentSetSize of job (KB)
...
040 (112625.000.000) 06/03 15:08:55 Started transferring output files
...
040 (112625.000.000) 06/03 15:08:55 Finished transferring output files
...
005 (112625.000.000) 06/03 15:08:55 Job terminated.
	(1) Normal termination (return value 0)
		Usr 0 00:02:43, Sys 0 00:00:32  -  Run Remote Usage
		Usr 0 00:00:00, Sys 0 00:00:00  -  Run Local Usage
		Usr 0 00:02:43, Sys 0 00:00:32  -  Total Remote Usage
		Usr 0 00:00:00, Sys 0 00:00:00  -  Total Local Usage
	67114  -  Run Bytes Sent By Job
	19004  -  Run Bytes Received By Job
	67114  -  Total Bytes Sent By Job
	19004  -  Total Bytes Received By Job
	Partitionable Resources :      Usage  Request Allocated 
	   Cpus                 :       1.00        1         1 
	   Disk (KB)            : 4244366          20    224166 
	   Memory (MB)          :     121        2000      2000 

	Job terminated of its own accord at 2021-06-03T13:08:55Z.
...
000 (116228.000.000) 06/04 08:59:43 Job submitted from host: <188.185.121.235:9618?addrs=188.185.121.235-9618+[2001-1458-d00-49--100-36e]-9618&alias=bigbird22.cern.ch&noUDP&sock=schedd_38044_991d>
...
040 (116228.000.000) 06/04 09:06:13 Started transferring input files
	Transferring to host: <188.184.213.208:9618?addrs=188.184.213.208-9618+[2001-1458-301-10c--100-1bb]-9618&alias=b7g24n0697.cern.ch&noUDP&sock=slot1_11_5574_231c_30729>
...
040 (116228.000.000) 06/04 09:06:13 Finished transferring input files
...
001 (116228.000.000) 06/04 09:06:13 Job executing on host: <188.184.213.208:9618?addrs=188.184.213.208-9618+[2001-1458-301-10c--100-1bb]-9618&alias=b7g24n0697.cern.ch&noUDP&sock=startd_4310_e146>
...
006 (116228.000.000) 06/04 09:06:22 Image size of job updated: 624804
	7  -  MemoryUsage of job (MB)
	6668  -  ResidentSetSize of job (KB)
...
006 (116228.000.000) 06/04 09:11:23 Image size of job updated: 790824
	66  -  MemoryUsage of job (MB)
	67500  -  ResidentSetSize of job (KB)
...
006 (116228.000.000) 06/04 13:56:50 Image size of job updated: 790824
	120  -  MemoryUsage of job (MB)
	122340  -  ResidentSetSize of job (KB)
...
040 (116228.000.000) 06/04 13:57:22 Started transferring output files
...
040 (116228.000.000) 06/04 13:57:22 Finished transferring output files
...
005 (116228.000.000) 06/04 13:57:22 Job terminated.
	(1) Normal termination (return value 0)
		Usr 0 00:02:42, Sys 0 00:00:35  -  Run Remote Usage
		Usr 0 00:00:00, Sys 0 00:00:00  -  Run Local Usage
		Usr 0 00:02:42, Sys 0 00:00:35  -  Total Remote Usage
		Usr 0 00:00:00, Sys 0 00:00:00  -  Total Local Usage
	61421  -  Run Bytes Sent By Job
	19004  -  Run Bytes Received By Job
	61421  -  Total Bytes Sent By Job
	19004  -  Total Bytes Received By Job
	Partitionable Resources :      Usage  Request Allocated 
	   Cpus                 :       0.00        1         1 
	   Disk (KB)            : 3719255          20    335094 
	   Memory (MB)          :     120        2000      2000 

	Job terminated of its own accord at 2021-06-04T11:57:22Z.
...
000 (123589.000.000) 06/08 10:46:08 Job submitted from host: <188.185.121.235:9618?addrs=188.185.121.235-9618+[2001-1458-d00-49--100-36e]-9618&alias=bigbird22.cern.ch&noUDP&sock=schedd_38044_991d>
...
