000 (108702.000.000) 06/02 16:36:07 Job submitted from host: <188.185.121.235:9618?addrs=188.185.121.235-9618+[2001-1458-d00-49--100-36e]-9618&alias=bigbird22.cern.ch&noUDP&sock=schedd_38044_991d>
...
040 (108702.000.000) 06/02 16:46:24 Started transferring input files
	Transferring to host: <128.142.69.81:9618?addrs=128.142.69.81-9618+[2001-1458-301-52--100-225]-9618&alias=b7s10n0873.cern.ch&noUDP&sock=slot1_13_1054_6364_104743>
...
040 (108702.000.000) 06/02 16:46:24 Finished transferring input files
...
001 (108702.000.000) 06/02 16:46:24 Job executing on host: <128.142.69.81:9618?addrs=128.142.69.81-9618+[2001-1458-301-52--100-225]-9618&alias=b7s10n0873.cern.ch&noUDP&sock=startd_2185_4e86>
...
006 (108702.000.000) 06/02 16:46:33 Image size of job updated: 624804
	12  -  MemoryUsage of job (MB)
	11460  -  ResidentSetSize of job (KB)
...
006 (108702.000.000) 06/02 16:51:34 Image size of job updated: 790820
	66  -  MemoryUsage of job (MB)
	67496  -  ResidentSetSize of job (KB)
...
040 (108702.000.000) 06/02 16:55:19 Started transferring output files
...
040 (108702.000.000) 06/02 16:55:19 Finished transferring output files
...
005 (108702.000.000) 06/02 16:55:19 Job terminated.
	(1) Normal termination (return value 0)
		Usr 0 00:00:12, Sys 0 00:00:04  -  Run Remote Usage
		Usr 0 00:00:00, Sys 0 00:00:00  -  Run Local Usage
		Usr 0 00:00:12, Sys 0 00:00:04  -  Total Remote Usage
		Usr 0 00:00:00, Sys 0 00:00:00  -  Total Local Usage
	23561  -  Run Bytes Sent By Job
	19195  -  Run Bytes Received By Job
	23561  -  Total Bytes Sent By Job
	19195  -  Total Bytes Received By Job
	Partitionable Resources :    Usage  Request Allocated 
	   Cpus                 :        0        1         1 
	   Disk (KB)            :   742739       20    278258 
	   Memory (MB)          :       66     2000      2000 

	Job terminated of its own accord at 2021-06-02T14:55:19Z.
...
