000 (108987.000.000) 06/02 16:42:18 Job submitted from host: <188.185.121.235:9618?addrs=188.185.121.235-9618+[2001-1458-d00-49--100-36e]-9618&alias=bigbird22.cern.ch&noUDP&sock=schedd_38044_991d>
...
040 (108987.000.000) 06/02 17:04:12 Started transferring input files
	Transferring to host: <128.142.75.63:9618?addrs=128.142.75.63-9618+[2001-1458-301-75--100-386]-9618&alias=b7s11n8671.cern.ch&noUDP&sock=slot1_10_5975_ad8c_34227>
...
040 (108987.000.000) 06/02 17:04:12 Finished transferring input files
...
001 (108987.000.000) 06/02 17:04:12 Job executing on host: <128.142.75.63:9618?addrs=128.142.75.63-9618+[2001-1458-301-75--100-386]-9618&alias=b7s11n8671.cern.ch&noUDP&sock=startd_4645_a980>
...
006 (108987.000.000) 06/02 17:04:20 Image size of job updated: 37800
	37  -  MemoryUsage of job (MB)
	37800  -  ResidentSetSize of job (KB)
...
006 (108987.000.000) 06/02 17:09:20 Image size of job updated: 790792
	66  -  MemoryUsage of job (MB)
	67496  -  ResidentSetSize of job (KB)
...
040 (108987.000.000) 06/02 17:16:27 Started transferring output files
...
040 (108987.000.000) 06/02 17:16:27 Finished transferring output files
...
005 (108987.000.000) 06/02 17:16:27 Job terminated.
	(1) Normal termination (return value 0)
		Usr 0 00:01:44, Sys 0 00:00:25  -  Run Remote Usage
		Usr 0 00:00:00, Sys 0 00:00:00  -  Run Local Usage
		Usr 0 00:01:44, Sys 0 00:00:25  -  Total Remote Usage
		Usr 0 00:00:00, Sys 0 00:00:00  -  Total Local Usage
	60351  -  Run Bytes Sent By Job
	19195  -  Run Bytes Received By Job
	60351  -  Total Bytes Sent By Job
	19195  -  Total Bytes Received By Job
	Partitionable Resources :      Usage  Request Allocated 
	   Cpus                 :       0.94        1         1 
	   Disk (KB)            : 4237458          20    257178 
	   Memory (MB)          :      66        2000      2000 

	Job terminated of its own accord at 2021-06-02T15:16:22Z.
...
