000 (108368.000.000) 06/02 16:26:39 Job submitted from host: <188.185.121.235:9618?addrs=188.185.121.235-9618+[2001-1458-d00-49--100-36e]-9618&alias=bigbird22.cern.ch&noUDP&sock=schedd_38044_991d>
...
040 (108368.000.000) 06/02 16:27:21 Started transferring input files
	Transferring to host: <128.142.77.159:9618?addrs=128.142.77.159-9618+[2001-1458-301-f4--100-57e]-9618&alias=b7s12n4671.cern.ch&noUDP&sock=slot1_13_6698_18c9_47492>
...
040 (108368.000.000) 06/02 16:27:21 Finished transferring input files
...
001 (108368.000.000) 06/02 16:27:21 Job executing on host: <128.142.77.159:9618?addrs=128.142.77.159-9618+[2001-1458-301-f4--100-57e]-9618&alias=b7s12n4671.cern.ch&noUDP&sock=startd_5495_b101>
...
006 (108368.000.000) 06/02 16:27:29 Image size of job updated: 790824
	41  -  MemoryUsage of job (MB)
	41480  -  ResidentSetSize of job (KB)
...
006 (108368.000.000) 06/02 16:30:04 Image size of job updated: 790824
	41  -  MemoryUsage of job (MB)
	41504  -  ResidentSetSize of job (KB)
...
040 (108368.000.000) 06/02 16:30:04 Started transferring output files
...
040 (108368.000.000) 06/02 16:30:04 Finished transferring output files
...
005 (108368.000.000) 06/02 16:30:05 Job terminated.
	(1) Normal termination (return value 0)
		Usr 0 00:00:11, Sys 0 00:00:04  -  Run Remote Usage
		Usr 0 00:00:00, Sys 0 00:00:00  -  Run Local Usage
		Usr 0 00:00:11, Sys 0 00:00:04  -  Total Remote Usage
		Usr 0 00:00:00, Sys 0 00:00:00  -  Total Local Usage
	25815  -  Run Bytes Sent By Job
	19195  -  Run Bytes Received By Job
	25815  -  Total Bytes Sent By Job
	19195  -  Total Bytes Received By Job
	Partitionable Resources :     Usage  Request Allocated 
	   Cpus                 :      0.04        1         1 
	   Disk (KB)            : 743587          20    276981 
	   Memory (MB)          :     41        2000      2000 

	Job terminated of its own accord at 2021-06-02T14:30:04Z.
...
