000 (146745.000.000) 06/16 08:14:04 Job submitted from host: <188.185.121.235:9618?addrs=188.185.121.235-9618+[2001-1458-d00-49--100-36e]-9618&alias=bigbird22.cern.ch&noUDP&sock=schedd_38044_991d>
...
040 (146745.000.000) 06/16 08:35:03 Started transferring input files
	Transferring to host: <128.142.84.120:9618?addrs=128.142.84.120-9618+[2001-1458-301-f6--100-418]-9618&alias=b7s14n5030.cern.ch&noUDP&sock=slot1_15_3691_64af_38040>
...
001 (146745.000.000) 06/16 08:35:03 Job executing on host: <128.142.84.120:9618?addrs=128.142.84.120-9618+[2001-1458-301-f6--100-418]-9618&alias=b7s14n5030.cern.ch&noUDP&sock=startd_3059_cc4c>
...
040 (146745.000.000) 06/16 08:35:03 Finished transferring input files
...
006 (146745.000.000) 06/16 08:35:12 Image size of job updated: 783188
	33  -  MemoryUsage of job (MB)
	33256  -  ResidentSetSize of job (KB)
...
006 (146745.000.000) 06/16 08:37:26 Image size of job updated: 791440
	33  -  MemoryUsage of job (MB)
	33260  -  ResidentSetSize of job (KB)
...
040 (146745.000.000) 06/16 08:37:27 Started transferring output files
...
040 (146745.000.000) 06/16 08:37:27 Finished transferring output files
...
005 (146745.000.000) 06/16 08:37:27 Job terminated.
	(1) Normal termination (return value 0)
		Usr 0 00:00:07, Sys 0 00:00:02  -  Run Remote Usage
		Usr 0 00:00:00, Sys 0 00:00:00  -  Run Local Usage
		Usr 0 00:00:07, Sys 0 00:00:02  -  Total Remote Usage
		Usr 0 00:00:00, Sys 0 00:00:00  -  Total Local Usage
	22689  -  Run Bytes Sent By Job
	19004  -  Run Bytes Received By Job
	22689  -  Total Bytes Sent By Job
	19004  -  Total Bytes Received By Job
	Partitionable Resources :     Usage  Request Allocated 
	   Cpus                 :      0.03        1         1 
	   Disk (KB)            : 466101          20    280298 
	   Memory (MB)          :     33        2000      2000 

	Job terminated of its own accord at 2021-06-16T06:37:26Z.
...
