000 (109297.000.000) 06/02 16:49:55 Job submitted from host: <188.185.121.235:9618?addrs=188.185.121.235-9618+[2001-1458-d00-49--100-36e]-9618&alias=bigbird22.cern.ch&noUDP&sock=schedd_38044_991d>
...
040 (109297.000.000) 06/02 18:36:35 Started transferring input files
	Transferring to host: <128.142.78.188:9618?addrs=128.142.78.188-9618+[2001-1458-301-f4--100-5b3]-9618&alias=b7s12n7695.cern.ch&noUDP&sock=slot1_10_28055_090e_88284>
...
001 (109297.000.000) 06/02 18:36:35 Job executing on host: <128.142.78.188:9618?addrs=128.142.78.188-9618+[2001-1458-301-f4--100-5b3]-9618&alias=b7s12n7695.cern.ch&noUDP&sock=startd_16977_636d>
...
040 (109297.000.000) 06/02 18:36:35 Finished transferring input files
...
006 (109297.000.000) 06/02 18:36:43 Image size of job updated: 40720
	36  -  MemoryUsage of job (MB)
	36532  -  ResidentSetSize of job (KB)
...
006 (109297.000.000) 06/02 18:39:09 Image size of job updated: 790796
	36  -  MemoryUsage of job (MB)
	36588  -  ResidentSetSize of job (KB)
...
040 (109297.000.000) 06/02 18:39:09 Started transferring output files
...
040 (109297.000.000) 06/02 18:39:09 Finished transferring output files
...
005 (109297.000.000) 06/02 18:39:09 Job terminated.
	(1) Normal termination (return value 0)
		Usr 0 00:00:39, Sys 0 00:00:09  -  Run Remote Usage
		Usr 0 00:00:00, Sys 0 00:00:00  -  Run Local Usage
		Usr 0 00:00:39, Sys 0 00:00:09  -  Total Remote Usage
		Usr 0 00:00:00, Sys 0 00:00:00  -  Total Local Usage
	29887  -  Run Bytes Sent By Job
	19195  -  Run Bytes Received By Job
	29887  -  Total Bytes Sent By Job
	19195  -  Total Bytes Received By Job
	Partitionable Resources :      Usage  Request Allocated 
	   Cpus                 :       1.00        1         1 
	   Disk (KB)            : 1952876          20    214356 
	   Memory (MB)          :      36        2000      2000 

	Job terminated of its own accord at 2021-06-02T16:39:09Z.
...
