000 (108886.000.000) 06/02 16:40:07 Job submitted from host: <188.185.121.235:9618?addrs=188.185.121.235-9618+[2001-1458-d00-49--100-36e]-9618&alias=bigbird22.cern.ch&noUDP&sock=schedd_38044_991d>
...
040 (108886.000.000) 06/02 16:57:35 Started transferring input files
	Transferring to host: <188.184.212.169:9618?addrs=188.184.212.169-9618+[2001-1458-301-10c--100-a2]-9618&alias=b7g24n0345.cern.ch&noUDP&sock=slot1_2_4816_0ebd_33885>
...
001 (108886.000.000) 06/02 16:57:35 Job executing on host: <188.184.212.169:9618?addrs=188.184.212.169-9618+[2001-1458-301-10c--100-a2]-9618&alias=b7g24n0345.cern.ch&noUDP&sock=startd_3811_9b84>
...
040 (108886.000.000) 06/02 16:57:35 Finished transferring input files
...
006 (108886.000.000) 06/02 16:57:44 Image size of job updated: 321160
	24  -  MemoryUsage of job (MB)
	24420  -  ResidentSetSize of job (KB)
...
006 (108886.000.000) 06/02 17:02:45 Image size of job updated: 790820
	66  -  MemoryUsage of job (MB)
	67500  -  ResidentSetSize of job (KB)
...
040 (108886.000.000) 06/02 17:21:58 Started transferring output files
...
040 (108886.000.000) 06/02 17:21:58 Finished transferring output files
...
005 (108886.000.000) 06/02 17:21:59 Job terminated.
	(1) Normal termination (return value 0)
		Usr 0 00:02:36, Sys 0 00:00:35  -  Run Remote Usage
		Usr 0 00:00:00, Sys 0 00:00:00  -  Run Local Usage
		Usr 0 00:02:36, Sys 0 00:00:35  -  Total Remote Usage
		Usr 0 00:00:00, Sys 0 00:00:00  -  Total Local Usage
	67138  -  Run Bytes Sent By Job
	19195  -  Run Bytes Received By Job
	67138  -  Total Bytes Sent By Job
	19195  -  Total Bytes Received By Job
	Partitionable Resources :      Usage  Request Allocated 
	   Cpus                 :       0.91        1         1 
	   Disk (KB)            : 4242923          20    321250 
	   Memory (MB)          :      66        2000      2000 

	Job terminated of its own accord at 2021-06-02T15:21:58Z.
...
