000 (146998.000.000) 06/16 08:19:07 Job submitted from host: <188.185.121.235:9618?addrs=188.185.121.235-9618+[2001-1458-d00-49--100-36e]-9618&alias=bigbird22.cern.ch&noUDP&sock=schedd_38044_991d>
...
040 (146998.000.000) 06/16 08:46:10 Started transferring input files
	Transferring to host: <188.184.169.19:9618?addrs=188.184.169.19-9618+[2001-1458-301-c0--100-4b5]-9618&alias=b7g52n8630.cern.ch&noUDP&sock=slot1_4_6171_c714_42887>
...
040 (146998.000.000) 06/16 08:46:10 Finished transferring input files
...
001 (146998.000.000) 06/16 08:46:10 Job executing on host: <188.184.169.19:9618?addrs=188.184.169.19-9618+[2001-1458-301-c0--100-4b5]-9618&alias=b7g52n8630.cern.ch&noUDP&sock=startd_4992_acdd>
...
006 (146998.000.000) 06/16 08:46:18 Image size of job updated: 45304
	43  -  MemoryUsage of job (MB)
	43136  -  ResidentSetSize of job (KB)
...
006 (146998.000.000) 06/16 08:47:07 Image size of job updated: 791424
	43  -  MemoryUsage of job (MB)
	43180  -  ResidentSetSize of job (KB)
...
040 (146998.000.000) 06/16 08:47:07 Started transferring output files
...
040 (146998.000.000) 06/16 08:47:07 Finished transferring output files
...
005 (146998.000.000) 06/16 08:47:07 Job terminated.
	(1) Normal termination (return value 0)
		Usr 0 00:00:08, Sys 0 00:00:02  -  Run Remote Usage
		Usr 0 00:00:00, Sys 0 00:00:00  -  Run Local Usage
		Usr 0 00:00:08, Sys 0 00:00:02  -  Total Remote Usage
		Usr 0 00:00:00, Sys 0 00:00:00  -  Total Local Usage
	20831  -  Run Bytes Sent By Job
	19004  -  Run Bytes Received By Job
	20831  -  Total Bytes Sent By Job
	19004  -  Total Bytes Received By Job
	Partitionable Resources :    Usage  Request Allocated 
	   Cpus                 :                 1         1 
	   Disk (KB)            :   466091       20    285292 
	   Memory (MB)          :       43     2000      2000 

	Job terminated of its own accord at 2021-06-16T06:47:07Z.
...
