000 (112050.000.000) 06/03 12:42:31 Job submitted from host: <188.185.121.235:9618?addrs=188.185.121.235-9618+[2001-1458-d00-49--100-36e]-9618&alias=bigbird22.cern.ch&noUDP&sock=schedd_38044_991d>
...
040 (112050.000.000) 06/03 13:08:50 Started transferring input files
	Transferring to host: <128.142.76.191:9618?addrs=128.142.76.191-9618+[2001-1458-301-f4--100-52d]-9618&alias=b7s12n5733.cern.ch&noUDP&sock=slot1_6_6200_35f5_29959>
...
040 (112050.000.000) 06/03 13:08:50 Finished transferring input files
...
001 (112050.000.000) 06/03 13:08:50 Job executing on host: <128.142.76.191:9618?addrs=128.142.76.191-9618+[2001-1458-301-f4--100-52d]-9618&alias=b7s12n5733.cern.ch&noUDP&sock=startd_5030_bd77>
...
006 (112050.000.000) 06/03 13:08:59 Image size of job updated: 624800
	20  -  MemoryUsage of job (MB)
	20124  -  ResidentSetSize of job (KB)
...
006 (112050.000.000) 06/03 13:14:01 Image size of job updated: 790812
	66  -  MemoryUsage of job (MB)
	67504  -  ResidentSetSize of job (KB)
...
006 (112050.000.000) 06/03 14:29:07 Image size of job updated: 790812
	92  -  MemoryUsage of job (MB)
	93720  -  ResidentSetSize of job (KB)
...
040 (112050.000.000) 06/03 14:30:46 Started transferring output files
...
040 (112050.000.000) 06/03 14:30:46 Finished transferring output files
...
005 (112050.000.000) 06/03 14:30:46 Job terminated.
	(1) Normal termination (return value 0)
		Usr 0 00:01:48, Sys 0 00:00:22  -  Run Remote Usage
		Usr 0 00:00:00, Sys 0 00:00:00  -  Run Local Usage
		Usr 0 00:01:48, Sys 0 00:00:22  -  Total Remote Usage
		Usr 0 00:00:00, Sys 0 00:00:00  -  Total Local Usage
	66849  -  Run Bytes Sent By Job
	19004  -  Run Bytes Received By Job
	66849  -  Total Bytes Sent By Job
	19004  -  Total Bytes Received By Job
	Partitionable Resources :      Usage  Request Allocated 
	   Cpus                 :       0.01        1         1 
	   Disk (KB)            : 4242361          20    277894 
	   Memory (MB)          :      92        2000      2000 

	Job terminated of its own accord at 2021-06-03T12:30:46Z.
...
000 (115649.000.000) 06/04 08:52:14 Job submitted from host: <188.185.121.235:9618?addrs=188.185.121.235-9618+[2001-1458-d00-49--100-36e]-9618&alias=bigbird22.cern.ch&noUDP&sock=schedd_38044_991d>
...
040 (115649.000.000) 06/04 08:58:26 Started transferring input files
	Transferring to host: <128.142.161.78:9618?addrs=128.142.161.78-9618+[2001-1458-301-b8--100-c]-9618&alias=b7g03p0752.cern.ch&noUDP&sock=slot1_9_32880_af32_107363>
...
040 (115649.000.000) 06/04 08:58:26 Finished transferring input files
...
001 (115649.000.000) 06/04 08:58:26 Job executing on host: <128.142.161.78:9618?addrs=128.142.161.78-9618+[2001-1458-301-b8--100-c]-9618&alias=b7g03p0752.cern.ch&noUDP&sock=startd_130928_4bdd>
...
006 (115649.000.000) 06/04 08:58:35 Image size of job updated: 40176
	40  -  MemoryUsage of job (MB)
	40176  -  ResidentSetSize of job (KB)
...
006 (115649.000.000) 06/04 09:03:36 Image size of job updated: 790796
	66  -  MemoryUsage of job (MB)
	67504  -  ResidentSetSize of job (KB)
...
040 (115649.000.000) 06/04 09:17:50 Started transferring output files
...
040 (115649.000.000) 06/04 09:17:50 Finished transferring output files
...
005 (115649.000.000) 06/04 09:17:51 Job terminated.
	(1) Normal termination (return value 0)
		Usr 0 00:02:09, Sys 0 00:00:30  -  Run Remote Usage
		Usr 0 00:00:00, Sys 0 00:00:00  -  Run Local Usage
		Usr 0 00:02:09, Sys 0 00:00:30  -  Total Remote Usage
		Usr 0 00:00:00, Sys 0 00:00:00  -  Total Local Usage
	173135  -  Run Bytes Sent By Job
	19004  -  Run Bytes Received By Job
	173135  -  Total Bytes Sent By Job
	19004  -  Total Bytes Received By Job
	Partitionable Resources :      Usage  Request Allocated 
	   Cpus                 :       0.01        1         1 
	   Disk (KB)            : 3711702          20   1406202 
	   Memory (MB)          :      66        2000      2000 

	Job terminated of its own accord at 2021-06-04T07:17:50Z.
...
000 (122997.000.000) 06/08 10:36:55 Job submitted from host: <188.185.121.235:9618?addrs=188.185.121.235-9618+[2001-1458-d00-49--100-36e]-9618&alias=bigbird22.cern.ch&noUDP&sock=schedd_38044_991d>
...
040 (122997.000.000) 06/08 10:55:34 Started transferring input files
	Transferring to host: <128.142.76.70:9618?addrs=128.142.76.70-9618+[2001-1458-301-f4--100-247]-9618&alias=b7s12n1732.cern.ch&noUDP&sock=slot1_15_5968_beec_36523>
...
001 (122997.000.000) 06/08 10:55:34 Job executing on host: <128.142.76.70:9618?addrs=128.142.76.70-9618+[2001-1458-301-f4--100-247]-9618&alias=b7s12n1732.cern.ch&noUDP&sock=startd_4848_e73a>
...
040 (122997.000.000) 06/08 10:55:34 Finished transferring input files
...
006 (122997.000.000) 06/08 10:55:43 Image size of job updated: 20984
	21  -  MemoryUsage of job (MB)
	20984  -  ResidentSetSize of job (KB)
...
006 (122997.000.000) 06/08 11:00:44 Image size of job updated: 791456
	64  -  MemoryUsage of job (MB)
	65480  -  ResidentSetSize of job (KB)
...
040 (122997.000.000) 06/08 11:05:09 Started transferring output files
...
040 (122997.000.000) 06/08 11:05:09 Finished transferring output files
...
005 (122997.000.000) 06/08 11:05:10 Job terminated.
	(1) Normal termination (return value 0)
		Usr 0 00:02:15, Sys 0 00:00:21  -  Run Remote Usage
		Usr 0 00:00:00, Sys 0 00:00:00  -  Run Local Usage
		Usr 0 00:02:15, Sys 0 00:00:21  -  Total Remote Usage
		Usr 0 00:00:00, Sys 0 00:00:00  -  Total Local Usage
	50198  -  Run Bytes Sent By Job
	19004  -  Run Bytes Received By Job
	50198  -  Total Bytes Sent By Job
	19004  -  Total Bytes Received By Job
	Partitionable Resources :      Usage  Request Allocated 
	   Cpus                 :       0.05        1         1 
	   Disk (KB)            : 3711584          20    263617 
	   Memory (MB)          :      64        2000      2000 

	Job terminated of its own accord at 2021-06-08T09:05:09Z.
...
