000 (147393.000.000) 06/16 08:27:35 Job submitted from host: <188.185.121.235:9618?addrs=188.185.121.235-9618+[2001-1458-d00-49--100-36e]-9618&alias=bigbird22.cern.ch&noUDP&sock=schedd_38044_991d>
...
040 (147393.000.000) 06/16 08:52:41 Started transferring input files
	Transferring to host: <128.142.161.107:9618?addrs=128.142.161.107-9618+[2001-1458-301-b8--100-29]-9618&alias=b7g03p4485.cern.ch&noUDP&sock=slot1_56_288022_4df9_33326>
...
040 (147393.000.000) 06/16 08:52:41 Finished transferring input files
...
001 (147393.000.000) 06/16 08:52:41 Job executing on host: <128.142.161.107:9618?addrs=128.142.161.107-9618+[2001-1458-301-b8--100-29]-9618&alias=b7g03p4485.cern.ch&noUDP&sock=startd_286800_8602>
...
006 (147393.000.000) 06/16 08:52:50 Image size of job updated: 67772
	67  -  MemoryUsage of job (MB)
	67772  -  ResidentSetSize of job (KB)
...
006 (147393.000.000) 06/16 08:57:51 Image size of job updated: 791428
	67  -  MemoryUsage of job (MB)
	67772  -  ResidentSetSize of job (KB)
...
040 (147393.000.000) 06/16 09:09:59 Started transferring output files
...
040 (147393.000.000) 06/16 09:10:00 Finished transferring output files
...
005 (147393.000.000) 06/16 09:10:01 Job terminated.
	(1) Normal termination (return value 0)
		Usr 0 00:01:24, Sys 0 00:00:24  -  Run Remote Usage
		Usr 0 00:00:00, Sys 0 00:00:00  -  Run Local Usage
		Usr 0 00:01:24, Sys 0 00:00:24  -  Total Remote Usage
		Usr 0 00:00:00, Sys 0 00:00:00  -  Total Local Usage
	46114  -  Run Bytes Sent By Job
	19004  -  Run Bytes Received By Job
	46114  -  Total Bytes Sent By Job
	19004  -  Total Bytes Received By Job
	Partitionable Resources :      Usage  Request Allocated 
	   Cpus                 :       0.01        1         1 
	   Disk (KB)            : 3074336          20   1403545 
	   Memory (MB)          :      67        2000      2000 

	Job terminated of its own accord at 2021-06-16T07:09:58Z.
...
