000 (146970.000.000) 06/16 08:18:39 Job submitted from host: <188.185.121.235:9618?addrs=188.185.121.235-9618+[2001-1458-d00-49--100-36e]-9618&alias=bigbird22.cern.ch&noUDP&sock=schedd_38044_991d>
...
040 (146970.000.000) 06/16 08:45:43 Started transferring input files
	Transferring to host: <128.142.85.33:9618?addrs=128.142.85.33-9618+[2001-1458-301-f6--100-1bf]-9618&alias=b7s14n9199.cern.ch&noUDP&sock=slot1_4_6040_79ef_48668>
...
001 (146970.000.000) 06/16 08:45:45 Job executing on host: <128.142.85.33:9618?addrs=128.142.85.33-9618+[2001-1458-301-f6--100-1bf]-9618&alias=b7s14n9199.cern.ch&noUDP&sock=startd_4853_5533>
...
040 (146970.000.000) 06/16 08:45:45 Finished transferring input files
...
006 (146970.000.000) 06/16 08:45:53 Image size of job updated: 11016
	9  -  MemoryUsage of job (MB)
	8880  -  ResidentSetSize of job (KB)
...
006 (146970.000.000) 06/16 08:50:53 Image size of job updated: 791440
	67  -  MemoryUsage of job (MB)
	67772  -  ResidentSetSize of job (KB)
...
040 (146970.000.000) 06/16 08:52:11 Started transferring output files
...
040 (146970.000.000) 06/16 08:52:12 Finished transferring output files
...
005 (146970.000.000) 06/16 08:52:15 Job terminated.
	(1) Normal termination (return value 0)
		Usr 0 00:00:09, Sys 0 00:00:02  -  Run Remote Usage
		Usr 0 00:00:00, Sys 0 00:00:00  -  Run Local Usage
		Usr 0 00:00:09, Sys 0 00:00:02  -  Total Remote Usage
		Usr 0 00:00:00, Sys 0 00:00:00  -  Total Local Usage
	24222  -  Run Bytes Sent By Job
	19004  -  Run Bytes Received By Job
	24222  -  Total Bytes Sent By Job
	19004  -  Total Bytes Received By Job
	Partitionable Resources :     Usage  Request Allocated 
	   Cpus                 :      0.01        1         1 
	   Disk (KB)            : 466088          20    283656 
	   Memory (MB)          :     67        2000      2000 

	Job terminated of its own accord at 2021-06-16T06:52:09Z.
...
