000 (113291.000.000) 06/03 13:02:53 Job submitted from host: <188.185.121.235:9618?addrs=188.185.121.235-9618+[2001-1458-d00-49--100-36e]-9618&alias=bigbird22.cern.ch&noUDP&sock=schedd_38044_991d>
...
040 (113291.000.000) 06/03 13:21:12 Started transferring input files
	Transferring to host: <128.142.79.141:9618?addrs=128.142.79.141-9618+[2001-1458-301-f4--100-12e]-9618&alias=b7s12n0991.cern.ch&noUDP&sock=slot1_11_24126_b30e_102585>
...
040 (113291.000.000) 06/03 13:21:12 Finished transferring input files
...
001 (113291.000.000) 06/03 13:21:12 Job executing on host: <128.142.79.141:9618?addrs=128.142.79.141-9618+[2001-1458-301-f4--100-12e]-9618&alias=b7s12n0991.cern.ch&noUDP&sock=startd_16355_bf85>
...
006 (113291.000.000) 06/03 13:21:20 Image size of job updated: 624804
	6  -  MemoryUsage of job (MB)
	5364  -  ResidentSetSize of job (KB)
...
006 (113291.000.000) 06/03 13:26:20 Image size of job updated: 790824
	66  -  MemoryUsage of job (MB)
	67508  -  ResidentSetSize of job (KB)
...
040 (113291.000.000) 06/03 14:09:59 Started transferring output files
...
040 (113291.000.000) 06/03 14:09:59 Finished transferring output files
...
005 (113291.000.000) 06/03 14:09:59 Job terminated.
	(1) Normal termination (return value 0)
		Usr 0 00:00:37, Sys 0 00:00:11  -  Run Remote Usage
		Usr 0 00:00:00, Sys 0 00:00:00  -  Run Local Usage
		Usr 0 00:00:37, Sys 0 00:00:11  -  Total Remote Usage
		Usr 0 00:00:00, Sys 0 00:00:00  -  Total Local Usage
	41953  -  Run Bytes Sent By Job
	19004  -  Run Bytes Received By Job
	41953  -  Total Bytes Sent By Job
	19004  -  Total Bytes Received By Job
	Partitionable Resources :      Usage  Request Allocated 
	   Cpus                 :       0.00        1         1 
	   Disk (KB)            : 1952680          20    268260 
	   Memory (MB)          :      66        2000      2000 

	Job terminated of its own accord at 2021-06-03T12:09:59Z.
...
000 (116937.000.000) 06/04 09:09:12 Job submitted from host: <188.185.121.235:9618?addrs=188.185.121.235-9618+[2001-1458-d00-49--100-36e]-9618&alias=bigbird22.cern.ch&noUDP&sock=schedd_38044_991d>
...
040 (116937.000.000) 06/04 09:43:50 Started transferring input files
	Transferring to host: <128.142.85.156:9618?addrs=128.142.85.156-9618+[2001-1458-301-f6--100-18d]-9618&alias=b7s14n6800.cern.ch&noUDP&sock=slot1_8_5541_e2ba_80964>
...
040 (116937.000.000) 06/04 09:43:50 Finished transferring input files
...
001 (116937.000.000) 06/04 09:43:50 Job executing on host: <128.142.85.156:9618?addrs=128.142.85.156-9618+[2001-1458-301-f6--100-18d]-9618&alias=b7s14n6800.cern.ch&noUDP&sock=startd_16627_5147>
...
006 (116937.000.000) 06/04 09:43:59 Image size of job updated: 5992
	6  -  MemoryUsage of job (MB)
	5992  -  ResidentSetSize of job (KB)
...
006 (116937.000.000) 06/04 09:48:59 Image size of job updated: 790820
	66  -  MemoryUsage of job (MB)
	67504  -  ResidentSetSize of job (KB)
...
040 (116937.000.000) 06/04 11:01:03 Started transferring output files
...
040 (116937.000.000) 06/04 11:01:03 Finished transferring output files
...
005 (116937.000.000) 06/04 11:01:03 Job terminated.
	(1) Normal termination (return value 0)
		Usr 0 00:01:24, Sys 0 00:00:14  -  Run Remote Usage
		Usr 0 00:00:00, Sys 0 00:00:00  -  Run Local Usage
		Usr 0 00:01:24, Sys 0 00:00:14  -  Total Remote Usage
		Usr 0 00:00:00, Sys 0 00:00:00  -  Total Local Usage
	50763  -  Run Bytes Sent By Job
	19004  -  Run Bytes Received By Job
	50763  -  Total Bytes Sent By Job
	19004  -  Total Bytes Received By Job
	Partitionable Resources :      Usage  Request Allocated 
	   Cpus                 :       0.01        1         1 
	   Disk (KB)            : 2758664          20    261341 
	   Memory (MB)          :      66        2000      2000 

	Job terminated of its own accord at 2021-06-04T09:01:03Z.
...
000 (124273.000.000) 06/08 10:56:00 Job submitted from host: <188.185.121.235:9618?addrs=188.185.121.235-9618+[2001-1458-d00-49--100-36e]-9618&alias=bigbird22.cern.ch&noUDP&sock=schedd_38044_991d>
...
040 (124273.000.000) 06/08 12:28:03 Started transferring input files
	Transferring to host: <128.142.75.63:9618?addrs=128.142.75.63-9618+[2001-1458-301-75--100-386]-9618&alias=b7s11n8671.cern.ch&noUDP&sock=slot1_9_5975_ad8c_39087>
...
001 (124273.000.000) 06/08 12:28:03 Job executing on host: <128.142.75.63:9618?addrs=128.142.75.63-9618+[2001-1458-301-75--100-386]-9618&alias=b7s11n8671.cern.ch&noUDP&sock=startd_4645_a980>
...
040 (124273.000.000) 06/08 12:28:03 Finished transferring input files
...
006 (124273.000.000) 06/08 12:28:11 Image size of job updated: 625444
	8  -  MemoryUsage of job (MB)
	7996  -  ResidentSetSize of job (KB)
...
006 (124273.000.000) 06/08 12:33:11 Image size of job updated: 791456
	67  -  MemoryUsage of job (MB)
	67772  -  ResidentSetSize of job (KB)
...
006 (124273.000.000) 06/08 13:23:16 Image size of job updated: 791456
	91  -  MemoryUsage of job (MB)
	92304  -  ResidentSetSize of job (KB)
...
040 (124273.000.000) 06/08 13:24:05 Started transferring output files
...
040 (124273.000.000) 06/08 13:24:05 Finished transferring output files
...
005 (124273.000.000) 06/08 13:24:05 Job terminated.
	(1) Normal termination (return value 0)
		Usr 0 00:01:12, Sys 0 00:00:15  -  Run Remote Usage
		Usr 0 00:00:00, Sys 0 00:00:00  -  Run Local Usage
		Usr 0 00:01:12, Sys 0 00:00:15  -  Total Remote Usage
		Usr 0 00:00:00, Sys 0 00:00:00  -  Total Local Usage
	50763  -  Run Bytes Sent By Job
	19004  -  Run Bytes Received By Job
	50763  -  Total Bytes Sent By Job
	19004  -  Total Bytes Received By Job
	Partitionable Resources :      Usage  Request Allocated 
	   Cpus                 :       0.01        1         1 
	   Disk (KB)            : 2758664          20    251434 
	   Memory (MB)          :      91        2000      2000 

	Job terminated of its own accord at 2021-06-08T11:24:05Z.
...
