000 (146941.000.000) 06/16 08:18:08 Job submitted from host: <188.185.121.235:9618?addrs=188.185.121.235-9618+[2001-1458-d00-49--100-36e]-9618&alias=bigbird22.cern.ch&noUDP&sock=schedd_38044_991d>
...
040 (146941.000.000) 06/16 08:45:37 Entered queue to transfer input files
	Transferring to host: <128.142.79.241:9618?addrs=128.142.79.241-9618+[2001-1458-301-f4--100-49]-9618&alias=b7s12n0599.cern.ch&noUDP&sock=slot1_15_27542_9499_111626>
...
040 (146941.000.000) 06/16 08:45:39 Started transferring input files
	Seconds spent in queue: 2
...
001 (146941.000.000) 06/16 08:45:39 Job executing on host: <128.142.79.241:9618?addrs=128.142.79.241-9618+[2001-1458-301-f4--100-49]-9618&alias=b7s12n0599.cern.ch&noUDP&sock=startd_16920_4a87>
...
040 (146941.000.000) 06/16 08:45:41 Finished transferring input files
...
006 (146941.000.000) 06/16 08:45:47 Image size of job updated: 330516
	67  -  MemoryUsage of job (MB)
	67772  -  ResidentSetSize of job (KB)
...
040 (146941.000.000) 06/16 08:46:07 Started transferring output files
	Seconds spent in queue: 30
...
040 (146941.000.000) 06/16 08:46:07 Finished transferring output files
...
005 (146941.000.000) 06/16 08:46:08 Job terminated.
	(1) Normal termination (return value 0)
		Usr 0 00:00:10, Sys 0 00:00:02  -  Run Remote Usage
		Usr 0 00:00:00, Sys 0 00:00:00  -  Run Local Usage
		Usr 0 00:00:10, Sys 0 00:00:02  -  Total Remote Usage
		Usr 0 00:00:00, Sys 0 00:00:00  -  Total Local Usage
	17597  -  Run Bytes Sent By Job
	19004  -  Run Bytes Received By Job
	17597  -  Total Bytes Sent By Job
	19004  -  Total Bytes Received By Job
	Partitionable Resources :    Usage  Request Allocated 
	   Cpus                 :                 1         1 
	   Disk (KB)            :   466035       20    267705 
	   Memory (MB)          :       67     2000      2000 

	Job terminated of its own accord at 2021-06-16T06:46:07Z.
...
