000 (108505.000.000) 06/02 16:30:57 Job submitted from host: <188.185.121.235:9618?addrs=188.185.121.235-9618+[2001-1458-d00-49--100-36e]-9618&alias=bigbird22.cern.ch&noUDP&sock=schedd_38044_991d>
...
040 (108505.000.000) 06/02 16:36:55 Started transferring input files
	Transferring to host: <128.142.75.63:9618?addrs=128.142.75.63-9618+[2001-1458-301-75--100-386]-9618&alias=b7s11n8671.cern.ch&noUDP&sock=slot1_3_5975_ad8c_34184>
...
040 (108505.000.000) 06/02 16:36:55 Finished transferring input files
...
001 (108505.000.000) 06/02 16:36:55 Job executing on host: <128.142.75.63:9618?addrs=128.142.75.63-9618+[2001-1458-301-75--100-386]-9618&alias=b7s11n8671.cern.ch&noUDP&sock=startd_4645_a980>
...
006 (108505.000.000) 06/02 16:37:04 Image size of job updated: 790808
	37  -  MemoryUsage of job (MB)
	37460  -  ResidentSetSize of job (KB)
...
006 (108505.000.000) 06/02 16:42:05 Image size of job updated: 790808
	66  -  MemoryUsage of job (MB)
	67504  -  ResidentSetSize of job (KB)
...
040 (108505.000.000) 06/02 16:44:29 Started transferring output files
...
040 (108505.000.000) 06/02 16:44:29 Finished transferring output files
...
005 (108505.000.000) 06/02 16:44:29 Job terminated.
	(1) Normal termination (return value 0)
		Usr 0 00:00:11, Sys 0 00:00:04  -  Run Remote Usage
		Usr 0 00:00:00, Sys 0 00:00:00  -  Run Local Usage
		Usr 0 00:00:11, Sys 0 00:00:04  -  Total Remote Usage
		Usr 0 00:00:00, Sys 0 00:00:00  -  Total Local Usage
	22647  -  Run Bytes Sent By Job
	19195  -  Run Bytes Received By Job
	22647  -  Total Bytes Sent By Job
	19195  -  Total Bytes Received By Job
	Partitionable Resources :     Usage  Request Allocated 
	   Cpus                 :      0.02        1         1 
	   Disk (KB)            : 743540          20    277564 
	   Memory (MB)          :     66        2000      2000 

	Job terminated of its own accord at 2021-06-02T14:44:29Z.
...
