000 (148250.000.000) 06/16 08:45:55 Job submitted from host: <188.185.121.235:9618?addrs=188.185.121.235-9618+[2001-1458-d00-49--100-36e]-9618&alias=bigbird22.cern.ch&noUDP&sock=schedd_38044_991d>
...
040 (148250.000.000) 06/16 09:04:30 Started transferring input files
	Transferring to host: <128.142.73.100:9618?addrs=128.142.73.100-9618+[2001-1458-301-75--100-26c]-9618&alias=b7s11n3239.cern.ch&noUDP&sock=slot1_16_5409_e135_38158>
...
040 (148250.000.000) 06/16 09:04:30 Finished transferring input files
...
001 (148250.000.000) 06/16 09:04:30 Job executing on host: <128.142.73.100:9618?addrs=128.142.73.100-9618+[2001-1458-301-75--100-26c]-9618&alias=b7s11n3239.cern.ch&noUDP&sock=startd_4272_d0ad>
...
006 (148250.000.000) 06/16 09:04:39 Image size of job updated: 625444
	10  -  MemoryUsage of job (MB)
	9700  -  ResidentSetSize of job (KB)
...
006 (148250.000.000) 06/16 09:09:40 Image size of job updated: 791456
	47  -  MemoryUsage of job (MB)
	47560  -  ResidentSetSize of job (KB)
...
006 (148250.000.000) 06/16 09:14:40 Image size of job updated: 791456
	67  -  MemoryUsage of job (MB)
	67780  -  ResidentSetSize of job (KB)
...
006 (148250.000.000) 06/16 11:34:53 Image size of job updated: 791456
	89  -  MemoryUsage of job (MB)
	90128  -  ResidentSetSize of job (KB)
...
040 (148250.000.000) 06/16 11:35:21 Started transferring output files
...
040 (148250.000.000) 06/16 11:35:21 Finished transferring output files
...
005 (148250.000.000) 06/16 11:35:21 Job terminated.
	(1) Normal termination (return value 0)
		Usr 0 00:00:53, Sys 0 00:00:14  -  Run Remote Usage
		Usr 0 00:00:00, Sys 0 00:00:00  -  Run Local Usage
		Usr 0 00:00:53, Sys 0 00:00:14  -  Total Remote Usage
		Usr 0 00:00:00, Sys 0 00:00:00  -  Total Local Usage
	46096  -  Run Bytes Sent By Job
	19004  -  Run Bytes Received By Job
	46096  -  Total Bytes Sent By Job
	19004  -  Total Bytes Received By Job
	Partitionable Resources :      Usage  Request Allocated 
	   Cpus                 :       0.00        1         1 
	   Disk (KB)            : 2368087          20    270943 
	   Memory (MB)          :      89        2000      2000 

	Job terminated of its own accord at 2021-06-16T09:35:20Z.
...
