000 (108624.000.000) 06/02 16:34:13 Job submitted from host: <188.185.121.235:9618?addrs=188.185.121.235-9618+[2001-1458-d00-49--100-36e]-9618&alias=bigbird22.cern.ch&noUDP&sock=schedd_38044_991d>
...
040 (108624.000.000) 06/02 16:40:00 Started transferring input files
	Transferring to host: <128.142.69.81:9618?addrs=128.142.69.81-9618+[2001-1458-301-52--100-225]-9618&alias=b7s10n0873.cern.ch&noUDP&sock=slot1_15_1054_6364_104737>
...
040 (108624.000.000) 06/02 16:40:00 Finished transferring input files
...
001 (108624.000.000) 06/02 16:40:00 Job executing on host: <128.142.69.81:9618?addrs=128.142.69.81-9618+[2001-1458-301-52--100-225]-9618&alias=b7s10n0873.cern.ch&noUDP&sock=startd_2185_4e86>
...
006 (108624.000.000) 06/02 16:40:09 Image size of job updated: 774352
	37  -  MemoryUsage of job (MB)
	37624  -  ResidentSetSize of job (KB)
...
006 (108624.000.000) 06/02 16:45:10 Image size of job updated: 790828
	66  -  MemoryUsage of job (MB)
	67512  -  ResidentSetSize of job (KB)
...
040 (108624.000.000) 06/02 16:48:13 Started transferring output files
...
040 (108624.000.000) 06/02 16:48:13 Finished transferring output files
...
005 (108624.000.000) 06/02 16:48:13 Job terminated.
	(1) Normal termination (return value 0)
		Usr 0 00:00:14, Sys 0 00:00:04  -  Run Remote Usage
		Usr 0 00:00:00, Sys 0 00:00:00  -  Run Local Usage
		Usr 0 00:00:14, Sys 0 00:00:04  -  Total Remote Usage
		Usr 0 00:00:00, Sys 0 00:00:00  -  Total Local Usage
	23708  -  Run Bytes Sent By Job
	19195  -  Run Bytes Received By Job
	23708  -  Total Bytes Sent By Job
	19195  -  Total Bytes Received By Job
	Partitionable Resources :     Usage  Request Allocated 
	   Cpus                 :      0.02        1         1 
	   Disk (KB)            : 743566          20    279842 
	   Memory (MB)          :     66        2000      2000 

	Job terminated of its own accord at 2021-06-02T14:48:13Z.
...
