000 (109141.000.000) 06/02 16:46:07 Job submitted from host: <188.185.121.235:9618?addrs=188.185.121.235-9618+[2001-1458-d00-49--100-36e]-9618&alias=bigbird22.cern.ch&noUDP&sock=schedd_38044_991d>
...
040 (109141.000.000) 06/02 17:25:54 Started transferring input files
	Transferring to host: <128.142.79.240:9618?addrs=128.142.79.240-9618+[2001-1458-301-f4--100-533]-9618&alias=b7s12n4165.cern.ch&noUDP&sock=slot1_9_28224_1c75_41937>
...
001 (109141.000.000) 06/02 17:25:54 Job executing on host: <128.142.79.240:9618?addrs=128.142.79.240-9618+[2001-1458-301-f4--100-533]-9618&alias=b7s12n4165.cern.ch&noUDP&sock=startd_1897_c33f>
...
040 (109141.000.000) 06/02 17:25:54 Finished transferring input files
...
006 (109141.000.000) 06/02 17:26:03 Image size of job updated: 5108
	5  -  MemoryUsage of job (MB)
	5108  -  ResidentSetSize of job (KB)
...
006 (109141.000.000) 06/02 17:31:04 Image size of job updated: 790824
	66  -  MemoryUsage of job (MB)
	67496  -  ResidentSetSize of job (KB)
...
040 (109141.000.000) 06/02 18:29:42 Started transferring output files
...
040 (109141.000.000) 06/02 18:29:42 Finished transferring output files
...
005 (109141.000.000) 06/02 18:29:42 Job terminated.
	(1) Normal termination (return value 0)
		Usr 0 00:00:39, Sys 0 00:00:12  -  Run Remote Usage
		Usr 0 00:00:00, Sys 0 00:00:00  -  Run Local Usage
		Usr 0 00:00:39, Sys 0 00:00:12  -  Total Remote Usage
		Usr 0 00:00:00, Sys 0 00:00:00  -  Total Local Usage
	41060  -  Run Bytes Sent By Job
	19195  -  Run Bytes Received By Job
	41060  -  Total Bytes Sent By Job
	19195  -  Total Bytes Received By Job
	Partitionable Resources :      Usage  Request Allocated 
	   Cpus                 :       0.00        1         1 
	   Disk (KB)            : 1952660          20    266698 
	   Memory (MB)          :      66        2000      2000 

	Job terminated of its own accord at 2021-06-02T16:29:42Z.
...
