000 (147081.000.000) 06/16 08:20:31 Job submitted from host: <188.185.121.235:9618?addrs=188.185.121.235-9618+[2001-1458-d00-49--100-36e]-9618&alias=bigbird22.cern.ch&noUDP&sock=schedd_38044_991d>
...
040 (147081.000.000) 06/16 08:46:38 Started transferring input files
	Transferring to host: <128.142.78.74:9618?addrs=128.142.78.74-9618+[2001-1458-301-f4--100-58f]-9618&alias=b7s12n9182.cern.ch&noUDP&sock=slot1_15_6276_c278_37521>
...
001 (147081.000.000) 06/16 08:46:38 Job executing on host: <128.142.78.74:9618?addrs=128.142.78.74-9618+[2001-1458-301-f4--100-58f]-9618&alias=b7s12n9182.cern.ch&noUDP&sock=startd_4921_f9a4>
...
040 (147081.000.000) 06/16 08:46:38 Finished transferring input files
...
006 (147081.000.000) 06/16 08:46:47 Image size of job updated: 625444
	15  -  MemoryUsage of job (MB)
	14612  -  ResidentSetSize of job (KB)
...
006 (147081.000.000) 06/16 08:51:48 Image size of job updated: 791452
	67  -  MemoryUsage of job (MB)
	67784  -  ResidentSetSize of job (KB)
...
040 (147081.000.000) 06/16 08:53:58 Started transferring output files
...
040 (147081.000.000) 06/16 08:53:58 Finished transferring output files
...
005 (147081.000.000) 06/16 08:53:58 Job terminated.
	(1) Normal termination (return value 0)
		Usr 0 00:00:07, Sys 0 00:00:02  -  Run Remote Usage
		Usr 0 00:00:00, Sys 0 00:00:00  -  Run Local Usage
		Usr 0 00:00:07, Sys 0 00:00:02  -  Total Remote Usage
		Usr 0 00:00:00, Sys 0 00:00:00  -  Total Local Usage
	24650  -  Run Bytes Sent By Job
	19004  -  Run Bytes Received By Job
	24650  -  Total Bytes Sent By Job
	19004  -  Total Bytes Received By Job
	Partitionable Resources :    Usage  Request Allocated 
	   Cpus                 :                 1         1 
	   Disk (KB)            :   466460       20    259560 
	   Memory (MB)          :       67     2000      2000 

	Job terminated of its own accord at 2021-06-16T06:53:58Z.
...
