000 (147212.000.000) 06/16 08:23:46 Job submitted from host: <188.185.121.235:9618?addrs=188.185.121.235-9618+[2001-1458-d00-49--100-36e]-9618&alias=bigbird22.cern.ch&noUDP&sock=schedd_38044_991d>
...
040 (147212.000.000) 06/16 08:47:28 Started transferring input files
	Transferring to host: <128.142.161.72:9618?addrs=128.142.161.72-9618+[2001-1458-301-b8--100-6]-9618&alias=b7g03p3572.cern.ch&noUDP&sock=slot1_43_24449_483b_81184>
...
001 (147212.000.000) 06/16 08:47:28 Job executing on host: <128.142.161.72:9618?addrs=128.142.161.72-9618+[2001-1458-301-b8--100-6]-9618&alias=b7g03p3572.cern.ch&noUDP&sock=startd_3110_c7a0>
...
040 (147212.000.000) 06/16 08:47:28 Finished transferring input files
...
006 (147212.000.000) 06/16 08:47:37 Image size of job updated: 396052
	67  -  MemoryUsage of job (MB)
	67780  -  ResidentSetSize of job (KB)
...
006 (147212.000.000) 06/16 08:47:57 Image size of job updated: 791428
	67  -  MemoryUsage of job (MB)
	67780  -  ResidentSetSize of job (KB)
...
040 (147212.000.000) 06/16 08:47:57 Started transferring output files
...
040 (147212.000.000) 06/16 08:47:57 Finished transferring output files
...
005 (147212.000.000) 06/16 08:47:58 Job terminated.
	(1) Normal termination (return value 0)
		Usr 0 00:00:09, Sys 0 00:00:02  -  Run Remote Usage
		Usr 0 00:00:00, Sys 0 00:00:00  -  Run Local Usage
		Usr 0 00:00:09, Sys 0 00:00:02  -  Total Remote Usage
		Usr 0 00:00:00, Sys 0 00:00:00  -  Total Local Usage
	21251  -  Run Bytes Sent By Job
	19004  -  Run Bytes Received By Job
	21251  -  Total Bytes Sent By Job
	19004  -  Total Bytes Received By Job
	Partitionable Resources :    Usage  Request Allocated 
	   Cpus                 :                 1         1 
	   Disk (KB)            :   466081       20   1405111 
	   Memory (MB)          :       67     2000      2000 

	Job terminated of its own accord at 2021-06-16T06:47:57Z.
...
