000 (109333.000.000) 06/02 16:50:31 Job submitted from host: <188.185.121.235:9618?addrs=188.185.121.235-9618+[2001-1458-d00-49--100-36e]-9618&alias=bigbird22.cern.ch&noUDP&sock=schedd_38044_991d>
...
040 (109333.000.000) 06/02 18:42:44 Started transferring input files
	Transferring to host: <128.142.73.90:9618?addrs=128.142.73.90-9618+[2001-1458-301-75--100-474]-9618&alias=b7s11n2681.cern.ch&noUDP&sock=slot1_6_7616_e92f_81635>
...
001 (109333.000.000) 06/02 18:42:44 Job executing on host: <128.142.73.90:9618?addrs=128.142.73.90-9618+[2001-1458-301-75--100-474]-9618&alias=b7s11n2681.cern.ch&noUDP&sock=startd_16613_b6f4>
...
040 (109333.000.000) 06/02 18:42:44 Finished transferring input files
...
006 (109333.000.000) 06/02 18:42:53 Image size of job updated: 790744
	66  -  MemoryUsage of job (MB)
	67500  -  ResidentSetSize of job (KB)
...
006 (109333.000.000) 06/02 18:45:12 Image size of job updated: 790796
	66  -  MemoryUsage of job (MB)
	67500  -  ResidentSetSize of job (KB)
...
040 (109333.000.000) 06/02 18:45:12 Started transferring output files
...
040 (109333.000.000) 06/02 18:45:12 Finished transferring output files
...
005 (109333.000.000) 06/02 18:45:13 Job terminated.
	(1) Normal termination (return value 0)
		Usr 0 00:00:37, Sys 0 00:00:12  -  Run Remote Usage
		Usr 0 00:00:00, Sys 0 00:00:00  -  Run Local Usage
		Usr 0 00:00:37, Sys 0 00:00:12  -  Total Remote Usage
		Usr 0 00:00:00, Sys 0 00:00:00  -  Total Local Usage
	29626  -  Run Bytes Sent By Job
	19195  -  Run Bytes Received By Job
	29626  -  Total Bytes Sent By Job
	19195  -  Total Bytes Received By Job
	Partitionable Resources :    Usage  Request Allocated 
	   Cpus                 :                 1         1 
	   Disk (KB)            :  1935281       20    233593 
	   Memory (MB)          :       66     2000      2000 

	Job terminated of its own accord at 2021-06-02T16:45:12Z.
...
