000 (147221.000.000) 06/16 08:23:54 Job submitted from host: <188.185.121.235:9618?addrs=188.185.121.235-9618+[2001-1458-d00-49--100-36e]-9618&alias=bigbird22.cern.ch&noUDP&sock=schedd_38044_991d>
...
040 (147221.000.000) 06/16 08:47:30 Started transferring input files
	Transferring to host: <128.142.83.196:9618?addrs=128.142.83.196-9618+[2001-1458-301-f5--100-50c]-9618&alias=b7s13n5383.cern.ch&noUDP&sock=slot1_10_6211_f616_48357>
...
040 (147221.000.000) 06/16 08:47:30 Finished transferring input files
...
001 (147221.000.000) 06/16 08:47:30 Job executing on host: <128.142.83.196:9618?addrs=128.142.83.196-9618+[2001-1458-301-f5--100-50c]-9618&alias=b7s13n5383.cern.ch&noUDP&sock=startd_5101_70b0>
...
006 (147221.000.000) 06/16 08:47:39 Image size of job updated: 791424
	48  -  MemoryUsage of job (MB)
	48204  -  ResidentSetSize of job (KB)
...
006 (147221.000.000) 06/16 08:48:04 Image size of job updated: 791424
	48  -  MemoryUsage of job (MB)
	48312  -  ResidentSetSize of job (KB)
...
040 (147221.000.000) 06/16 08:48:04 Started transferring output files
...
040 (147221.000.000) 06/16 08:48:04 Finished transferring output files
...
005 (147221.000.000) 06/16 08:48:04 Job terminated.
	(1) Normal termination (return value 0)
		Usr 0 00:00:07, Sys 0 00:00:02  -  Run Remote Usage
		Usr 0 00:00:00, Sys 0 00:00:00  -  Run Local Usage
		Usr 0 00:00:07, Sys 0 00:00:02  -  Total Remote Usage
		Usr 0 00:00:00, Sys 0 00:00:00  -  Total Local Usage
	19190  -  Run Bytes Sent By Job
	19004  -  Run Bytes Received By Job
	19190  -  Total Bytes Sent By Job
	19004  -  Total Bytes Received By Job
	Partitionable Resources :    Usage  Request Allocated 
	   Cpus                 :                 1         1 
	   Disk (KB)            :   466079       20    207013 
	   Memory (MB)          :       48     2000      2000 

	Job terminated of its own accord at 2021-06-16T06:48:04Z.
...
