000 (147983.000.000) 06/16 08:39:53 Job submitted from host: <188.185.121.235:9618?addrs=188.185.121.235-9618+[2001-1458-d00-49--100-36e]-9618&alias=bigbird22.cern.ch&noUDP&sock=schedd_38044_991d>
...
040 (147983.000.000) 06/16 08:58:38 Started transferring input files
	Transferring to host: <188.184.168.13:9618?addrs=188.184.168.13-9618+[2001-1458-301-c0--100-99]-9618&alias=b7g52n9893.cern.ch&noUDP&sock=slot1_6_19214_c046_92932>
...
040 (147983.000.000) 06/16 08:58:38 Finished transferring input files
...
001 (147983.000.000) 06/16 08:58:38 Job executing on host: <188.184.168.13:9618?addrs=188.184.168.13-9618+[2001-1458-301-c0--100-99]-9618&alias=b7g52n9893.cern.ch&noUDP&sock=startd_16980_7236>
...
006 (147983.000.000) 06/16 08:58:47 Image size of job updated: 766796
	20  -  MemoryUsage of job (MB)
	19484  -  ResidentSetSize of job (KB)
...
006 (147983.000.000) 06/16 09:03:48 Image size of job updated: 791456
	67  -  MemoryUsage of job (MB)
	67772  -  ResidentSetSize of job (KB)
...
040 (147983.000.000) 06/16 12:12:41 Started transferring output files
...
040 (147983.000.000) 06/16 12:12:41 Finished transferring output files
...
005 (147983.000.000) 06/16 12:12:41 Job terminated.
	(1) Normal termination (return value 0)
		Usr 0 00:01:20, Sys 0 00:00:18  -  Run Remote Usage
		Usr 0 00:00:00, Sys 0 00:00:00  -  Run Local Usage
		Usr 0 00:01:20, Sys 0 00:00:18  -  Total Remote Usage
		Usr 0 00:00:00, Sys 0 00:00:00  -  Total Local Usage
	54262  -  Run Bytes Sent By Job
	19004  -  Run Bytes Received By Job
	54262  -  Total Bytes Sent By Job
	19004  -  Total Bytes Received By Job
	Partitionable Resources :      Usage  Request Allocated 
	   Cpus                 :       0.99        1         1 
	   Disk (KB)            : 3074061          20    288270 
	   Memory (MB)          :      67        2000      2000 

	Job terminated of its own accord at 2021-06-16T10:12:41Z.
...
