000 (112622.000.000) 06/03 12:52:16 Job submitted from host: <188.185.121.235:9618?addrs=188.185.121.235-9618+[2001-1458-d00-49--100-36e]-9618&alias=bigbird22.cern.ch&noUDP&sock=schedd_38044_991d>
...
040 (112622.000.000) 06/03 13:16:53 Started transferring input files
	Transferring to host: <188.184.197.187:9618?addrs=188.184.197.187-9618+[2001-1458-301-103--100-1ac]-9618&alias=b7g23n2816.cern.ch&noUDP&sock=slot1_3_3252_13fd_28991>
...
001 (112622.000.000) 06/03 13:16:53 Job executing on host: <188.184.197.187:9618?addrs=188.184.197.187-9618+[2001-1458-301-103--100-1ac]-9618&alias=b7g23n2816.cern.ch&noUDP&sock=startd_2864_0b54>
...
040 (112622.000.000) 06/03 13:16:53 Finished transferring input files
...
006 (112622.000.000) 06/03 13:17:02 Image size of job updated: 10736
	9  -  MemoryUsage of job (MB)
	8804  -  ResidentSetSize of job (KB)
...
006 (112622.000.000) 06/03 13:22:02 Image size of job updated: 790820
	66  -  MemoryUsage of job (MB)
	67504  -  ResidentSetSize of job (KB)
...
006 (112622.000.000) 06/03 15:07:12 Image size of job updated: 790820
	104  -  MemoryUsage of job (MB)
	106088  -  ResidentSetSize of job (KB)
...
040 (112622.000.000) 06/03 15:08:27 Started transferring output files
...
040 (112622.000.000) 06/03 15:08:28 Finished transferring output files
...
005 (112622.000.000) 06/03 15:08:28 Job terminated.
	(1) Normal termination (return value 0)
		Usr 0 00:02:58, Sys 0 00:00:37  -  Run Remote Usage
		Usr 0 00:00:00, Sys 0 00:00:00  -  Run Local Usage
		Usr 0 00:02:58, Sys 0 00:00:37  -  Total Remote Usage
		Usr 0 00:00:00, Sys 0 00:00:00  -  Total Local Usage
	67228  -  Run Bytes Sent By Job
	19004  -  Run Bytes Received By Job
	67228  -  Total Bytes Sent By Job
	19004  -  Total Bytes Received By Job
	Partitionable Resources :      Usage  Request Allocated 
	   Cpus                 :       0.01        1         1 
	   Disk (KB)            : 4244366          20    332788 
	   Memory (MB)          :     104        2000      2000 

	Job terminated of its own accord at 2021-06-03T13:08:27Z.
...
000 (116223.000.000) 06/04 08:59:40 Job submitted from host: <188.185.121.235:9618?addrs=188.185.121.235-9618+[2001-1458-d00-49--100-36e]-9618&alias=bigbird22.cern.ch&noUDP&sock=schedd_38044_991d>
...
040 (116223.000.000) 06/04 09:06:30 Started transferring input files
	Transferring to host: <188.184.138.24:9618?addrs=188.184.138.24-9618+[2001-1458-301-45--100-e]-9618&alias=b7g42n0028.cern.ch&noUDP&sock=slot1_5_22787_40b8_83185>
...
001 (116223.000.000) 06/04 09:06:30 Job executing on host: <188.184.138.24:9618?addrs=188.184.138.24-9618+[2001-1458-301-45--100-e]-9618&alias=b7g42n0028.cern.ch&noUDP&sock=startd_11279_08c9>
...
040 (116223.000.000) 06/04 09:06:30 Finished transferring input files
...
006 (116223.000.000) 06/04 09:06:39 Image size of job updated: 624804
	3  -  MemoryUsage of job (MB)
	2712  -  ResidentSetSize of job (KB)
...
006 (116223.000.000) 06/04 09:11:40 Image size of job updated: 790820
	66  -  MemoryUsage of job (MB)
	67500  -  ResidentSetSize of job (KB)
...
006 (116223.000.000) 06/04 14:02:05 Image size of job updated: 790820
	120  -  MemoryUsage of job (MB)
	122116  -  ResidentSetSize of job (KB)
...
040 (116223.000.000) 06/04 14:03:33 Started transferring output files
...
040 (116223.000.000) 06/04 14:03:33 Finished transferring output files
...
005 (116223.000.000) 06/04 14:03:34 Job terminated.
	(1) Normal termination (return value 0)
		Usr 0 00:02:29, Sys 0 00:00:28  -  Run Remote Usage
		Usr 0 00:00:00, Sys 0 00:00:00  -  Run Local Usage
		Usr 0 00:02:29, Sys 0 00:00:28  -  Total Remote Usage
		Usr 0 00:00:00, Sys 0 00:00:00  -  Total Local Usage
	61460  -  Run Bytes Sent By Job
	19004  -  Run Bytes Received By Job
	61460  -  Total Bytes Sent By Job
	19004  -  Total Bytes Received By Job
	Partitionable Resources :      Usage  Request Allocated 
	   Cpus                 :       0.00        1         1 
	   Disk (KB)            : 3719255          20    302460 
	   Memory (MB)          :     120        2000      2000 

	Job terminated of its own accord at 2021-06-04T12:03:33Z.
...
000 (123585.000.000) 06/08 10:46:04 Job submitted from host: <188.185.121.235:9618?addrs=188.185.121.235-9618+[2001-1458-d00-49--100-36e]-9618&alias=bigbird22.cern.ch&noUDP&sock=schedd_38044_991d>
...
040 (123585.000.000) 06/08 11:18:52 Entered queue to transfer input files
	Transferring to host: <188.184.138.90:9618?addrs=188.184.138.90-9618+[2001-1458-301-45--100-65]-9618&alias=b7g42n0220.cern.ch&noUDP&sock=slot1_3_15999_7e24_87498>
...
040 (123585.000.000) 06/08 11:53:57 Started transferring input files
	Seconds spent in queue: 2105
...
040 (123585.000.000) 06/08 11:53:57 Finished transferring input files
...
001 (123585.000.000) 06/08 11:53:57 Job executing on host: <188.184.138.90:9618?addrs=188.184.138.90-9618+[2001-1458-301-45--100-65]-9618&alias=b7g42n0220.cern.ch&noUDP&sock=startd_2061_40c7>
...
006 (123585.000.000) 06/08 11:54:06 Image size of job updated: 2220
	3  -  MemoryUsage of job (MB)
	2096  -  ResidentSetSize of job (KB)
...
006 (123585.000.000) 06/08 11:59:07 Image size of job updated: 791456
	42  -  MemoryUsage of job (MB)
	42948  -  ResidentSetSize of job (KB)
...
006 (123585.000.000) 06/08 12:04:08 Image size of job updated: 791456
	67  -  MemoryUsage of job (MB)
	67772  -  ResidentSetSize of job (KB)
...
040 (123585.000.000) 06/08 16:13:39 Started transferring output files
	Seconds spent in queue: 17687
...
040 (123585.000.000) 06/08 16:13:39 Finished transferring output files
...
005 (123585.000.000) 06/08 16:13:40 Job terminated.
	(1) Normal termination (return value 0)
		Usr 0 00:02:19, Sys 0 00:00:27  -  Run Remote Usage
		Usr 0 00:00:00, Sys 0 00:00:00  -  Run Local Usage
		Usr 0 00:02:19, Sys 0 00:00:27  -  Total Remote Usage
		Usr 0 00:00:00, Sys 0 00:00:00  -  Total Local Usage
	61458  -  Run Bytes Sent By Job
	19004  -  Run Bytes Received By Job
	61458  -  Total Bytes Sent By Job
	19004  -  Total Bytes Received By Job
	Partitionable Resources :      Usage  Request Allocated 
	   Cpus                 :       0.00        1         1 
	   Disk (KB)            : 3719255          20    295295 
	   Memory (MB)          :      67        2000      2000 

	Job terminated of its own accord at 2021-06-08T14:13:39Z.
...
