000 (109094.000.000) 06/02 16:44:53 Job submitted from host: <188.185.121.235:9618?addrs=188.185.121.235-9618+[2001-1458-d00-49--100-36e]-9618&alias=bigbird22.cern.ch&noUDP&sock=schedd_38044_991d>
...
040 (109094.000.000) 06/02 17:21:11 Entered queue to transfer input files
	Transferring to host: <188.184.190.195:9618?addrs=188.184.190.195-9618+[2001-1458-301-4b--100-ae]-9618&alias=b7g42n0376.cern.ch&noUDP&sock=slot1_10_4115_23c0_87094>
...
040 (109094.000.000) 06/02 17:21:36 Started transferring input files
	Seconds spent in queue: 25
...
040 (109094.000.000) 06/02 17:21:36 Finished transferring input files
...
001 (109094.000.000) 06/02 17:21:36 Job executing on host: <188.184.190.195:9618?addrs=188.184.190.195-9618+[2001-1458-301-4b--100-ae]-9618&alias=b7g42n0376.cern.ch&noUDP&sock=startd_1942_a102>
...
006 (109094.000.000) 06/02 17:21:45 Image size of job updated: 624804
	11  -  MemoryUsage of job (MB)
	10604  -  ResidentSetSize of job (KB)
...
006 (109094.000.000) 06/02 17:26:46 Image size of job updated: 790824
	66  -  MemoryUsage of job (MB)
	67500  -  ResidentSetSize of job (KB)
...
040 (109094.000.000) 06/02 18:14:48 Started transferring output files
	Seconds spent in queue: 3217
...
040 (109094.000.000) 06/02 18:14:48 Finished transferring output files
...
005 (109094.000.000) 06/02 18:14:48 Job terminated.
	(1) Normal termination (return value 0)
		Usr 0 00:01:03, Sys 0 00:00:11  -  Run Remote Usage
		Usr 0 00:00:00, Sys 0 00:00:00  -  Run Local Usage
		Usr 0 00:01:03, Sys 0 00:00:11  -  Total Remote Usage
		Usr 0 00:00:00, Sys 0 00:00:00  -  Total Local Usage
	40351  -  Run Bytes Sent By Job
	19195  -  Run Bytes Received By Job
	40351  -  Total Bytes Sent By Job
	19195  -  Total Bytes Received By Job
	Partitionable Resources :      Usage  Request Allocated 
	   Cpus                 :       0.00        1         1 
	   Disk (KB)            : 1952466          20    320335 
	   Memory (MB)          :      66        2000      2000 

	Job terminated of its own accord at 2021-06-02T16:14:48Z.
...
