000 (147524.000.000) 06/16 08:29:57 Job submitted from host: <188.185.121.235:9618?addrs=188.185.121.235-9618+[2001-1458-d00-49--100-36e]-9618&alias=bigbird22.cern.ch&noUDP&sock=schedd_38044_991d>
...
040 (147524.000.000) 06/16 08:55:25 Started transferring input files
	Transferring to host: <188.184.186.157:9618?addrs=188.184.186.157-9618+[2001-1458-301-f8--100-a6]-9618&alias=b7g28n0129.cern.ch&noUDP&sock=slot1_1_4399_3e4c_43693>
...
001 (147524.000.000) 06/16 08:55:25 Job executing on host: <188.184.186.157:9618?addrs=188.184.186.157-9618+[2001-1458-301-f8--100-a6]-9618&alias=b7g28n0129.cern.ch&noUDP&sock=startd_3743_f713>
...
040 (147524.000.000) 06/16 08:55:25 Finished transferring input files
...
006 (147524.000.000) 06/16 08:55:33 Image size of job updated: 16228
	14  -  MemoryUsage of job (MB)
	14060  -  ResidentSetSize of job (KB)
...
006 (147524.000.000) 06/16 09:00:34 Image size of job updated: 791456
	67  -  MemoryUsage of job (MB)
	67772  -  ResidentSetSize of job (KB)
...
040 (147524.000.000) 06/16 09:37:19 Started transferring output files
...
040 (147524.000.000) 06/16 09:37:19 Finished transferring output files
...
005 (147524.000.000) 06/16 09:37:19 Job terminated.
	(1) Normal termination (return value 0)
		Usr 0 00:01:37, Sys 0 00:00:21  -  Run Remote Usage
		Usr 0 00:00:00, Sys 0 00:00:00  -  Run Local Usage
		Usr 0 00:01:37, Sys 0 00:00:21  -  Total Remote Usage
		Usr 0 00:00:00, Sys 0 00:00:00  -  Total Local Usage
	54443  -  Run Bytes Sent By Job
	19004  -  Run Bytes Received By Job
	54443  -  Total Bytes Sent By Job
	19004  -  Total Bytes Received By Job
	Partitionable Resources :      Usage  Request Allocated 
	   Cpus                 :       0.01        1         1 
	   Disk (KB)            : 3075263          20    192229 
	   Memory (MB)          :      67        2000      2000 

	Job terminated of its own accord at 2021-06-16T07:37:19Z.
...
