000 (109317.000.000) 06/02 16:50:16 Job submitted from host: <188.185.121.235:9618?addrs=188.185.121.235-9618+[2001-1458-d00-49--100-36e]-9618&alias=bigbird22.cern.ch&noUDP&sock=schedd_38044_991d>
...
040 (109317.000.000) 06/02 18:39:53 Started transferring input files
	Transferring to host: <188.184.254.28:9618?addrs=188.184.254.28-9618+[2001-1458-301-8--100-29]-9618&alias=b7g42n0060.cern.ch&noUDP&sock=slot1_4_5020_cb45_33170>
...
040 (109317.000.000) 06/02 18:39:53 Finished transferring input files
...
001 (109317.000.000) 06/02 18:39:53 Job executing on host: <188.184.254.28:9618?addrs=188.184.254.28-9618+[2001-1458-301-8--100-29]-9618&alias=b7g42n0060.cern.ch&noUDP&sock=startd_3926_7ce8>
...
006 (109317.000.000) 06/02 18:40:02 Image size of job updated: 37648
	37  -  MemoryUsage of job (MB)
	37648  -  ResidentSetSize of job (KB)
...
006 (109317.000.000) 06/02 18:43:16 Image size of job updated: 790816
	37  -  MemoryUsage of job (MB)
	37772  -  ResidentSetSize of job (KB)
...
040 (109317.000.000) 06/02 18:43:17 Started transferring output files
...
040 (109317.000.000) 06/02 18:43:17 Finished transferring output files
...
005 (109317.000.000) 06/02 18:43:17 Job terminated.
	(1) Normal termination (return value 0)
		Usr 0 00:01:03, Sys 0 00:00:10  -  Run Remote Usage
		Usr 0 00:00:00, Sys 0 00:00:00  -  Run Local Usage
		Usr 0 00:01:03, Sys 0 00:00:10  -  Total Remote Usage
		Usr 0 00:00:00, Sys 0 00:00:00  -  Total Local Usage
	32861  -  Run Bytes Sent By Job
	19195  -  Run Bytes Received By Job
	32861  -  Total Bytes Sent By Job
	19195  -  Total Bytes Received By Job
	Partitionable Resources :    Usage  Request Allocated 
	   Cpus                 :                 1         1 
	   Disk (KB)            :  1952313       20    311982 
	   Memory (MB)          :       37     2000      2000 

	Job terminated of its own accord at 2021-06-02T16:43:16Z.
...
