000 (109131.000.000) 06/02 16:45:52 Job submitted from host: <188.185.121.235:9618?addrs=188.185.121.235-9618+[2001-1458-d00-49--100-36e]-9618&alias=bigbird22.cern.ch&noUDP&sock=schedd_38044_991d>
...
040 (109131.000.000) 06/02 17:24:54 Entered queue to transfer input files
	Transferring to host: <128.142.68.55:9618?addrs=128.142.68.55-9618+[2001-1458-301-52--100-2b7]-9618&alias=b7s10n3774.cern.ch&noUDP&sock=slot1_10_5533_3fba_29146>
...
040 (109131.000.000) 06/02 17:25:00 Started transferring input files
	Seconds spent in queue: 6
...
040 (109131.000.000) 06/02 17:25:00 Finished transferring input files
...
001 (109131.000.000) 06/02 17:25:00 Job executing on host: <128.142.68.55:9618?addrs=128.142.68.55-9618+[2001-1458-301-52--100-2b7]-9618&alias=b7s10n3774.cern.ch&noUDP&sock=startd_4381_9480>
...
006 (109131.000.000) 06/02 17:25:08 Image size of job updated: 64144
	63  -  MemoryUsage of job (MB)
	64144  -  ResidentSetSize of job (KB)
...
006 (109131.000.000) 06/02 17:27:46 Image size of job updated: 790796
	63  -  MemoryUsage of job (MB)
	64204  -  ResidentSetSize of job (KB)
...
040 (109131.000.000) 06/02 17:27:46 Started transferring output files
	Seconds spent in queue: 172
...
040 (109131.000.000) 06/02 17:27:46 Finished transferring output files
...
005 (109131.000.000) 06/02 17:27:46 Job terminated.
	(1) Normal termination (return value 0)
		Usr 0 00:00:35, Sys 0 00:00:10  -  Run Remote Usage
		Usr 0 00:00:00, Sys 0 00:00:00  -  Run Local Usage
		Usr 0 00:00:35, Sys 0 00:00:10  -  Total Remote Usage
		Usr 0 00:00:00, Sys 0 00:00:00  -  Total Local Usage
	32714  -  Run Bytes Sent By Job
	19195  -  Run Bytes Received By Job
	32714  -  Total Bytes Sent By Job
	19195  -  Total Bytes Received By Job
	Partitionable Resources :      Usage  Request Allocated 
	   Cpus                 :       0.09        1         1 
	   Disk (KB)            : 1952598          20    282554 
	   Memory (MB)          :      63        2000      2000 

	Job terminated of its own accord at 2021-06-02T15:27:46Z.
...
