000 (147021.000.000) 06/16 08:19:30 Job submitted from host: <188.185.121.235:9618?addrs=188.185.121.235-9618+[2001-1458-d00-49--100-36e]-9618&alias=bigbird22.cern.ch&noUDP&sock=schedd_38044_991d>
...
040 (147021.000.000) 06/16 08:46:19 Started transferring input files
	Transferring to host: <128.142.82.62:9618?addrs=128.142.82.62-9618+[2001-1458-301-f5--100-1e6]-9618&alias=b7s13n5735.cern.ch&noUDP&sock=slot1_11_27093_3827_91132>
...
040 (147021.000.000) 06/16 08:46:19 Finished transferring input files
...
001 (147021.000.000) 06/16 08:46:19 Job executing on host: <128.142.82.62:9618?addrs=128.142.82.62-9618+[2001-1458-301-f5--100-1e6]-9618&alias=b7s13n5735.cern.ch&noUDP&sock=startd_16550_807c>
...
006 (147021.000.000) 06/16 08:46:28 Image size of job updated: 625444
	37  -  MemoryUsage of job (MB)
	37388  -  ResidentSetSize of job (KB)
...
006 (147021.000.000) 06/16 08:48:22 Image size of job updated: 791428
	37  -  MemoryUsage of job (MB)
	37388  -  ResidentSetSize of job (KB)
...
040 (147021.000.000) 06/16 08:48:22 Started transferring output files
...
040 (147021.000.000) 06/16 08:48:23 Finished transferring output files
...
005 (147021.000.000) 06/16 08:48:25 Job terminated.
	(1) Normal termination (return value 0)
		Usr 0 00:00:07, Sys 0 00:00:02  -  Run Remote Usage
		Usr 0 00:00:00, Sys 0 00:00:00  -  Run Local Usage
		Usr 0 00:00:07, Sys 0 00:00:02  -  Total Remote Usage
		Usr 0 00:00:00, Sys 0 00:00:00  -  Total Local Usage
	24276  -  Run Bytes Sent By Job
	19004  -  Run Bytes Received By Job
	24276  -  Total Bytes Sent By Job
	19004  -  Total Bytes Received By Job
	Partitionable Resources :    Usage  Request Allocated 
	   Cpus                 :                 1         1 
	   Disk (KB)            :   466089       20    275695 
	   Memory (MB)          :       37     2000      2000 

	Job terminated of its own accord at 2021-06-16T06:48:22Z.
...
