000 (147830.000.000) 06/16 08:36:17 Job submitted from host: <188.185.121.235:9618?addrs=188.185.121.235-9618+[2001-1458-d00-49--100-36e]-9618&alias=bigbird22.cern.ch&noUDP&sock=schedd_38044_991d>
...
040 (147830.000.000) 06/16 08:57:32 Started transferring input files
	Transferring to host: <188.184.213.44:9618?addrs=188.184.213.44-9618+[2001-1458-301-10c--100-122]-9618&alias=b7g24n0556.cern.ch&noUDP&sock=slot1_12_3697_9eef_99495>
...
040 (147830.000.000) 06/16 08:57:32 Finished transferring input files
...
001 (147830.000.000) 06/16 08:57:32 Job executing on host: <188.184.213.44:9618?addrs=188.184.213.44-9618+[2001-1458-301-10c--100-122]-9618&alias=b7g24n0556.cern.ch&noUDP&sock=startd_20232_0c32>
...
006 (147830.000.000) 06/16 08:57:40 Image size of job updated: 766796
	16  -  MemoryUsage of job (MB)
	15604  -  ResidentSetSize of job (KB)
...
006 (147830.000.000) 06/16 09:02:40 Image size of job updated: 791456
	67  -  MemoryUsage of job (MB)
	67780  -  ResidentSetSize of job (KB)
...
040 (147830.000.000) 06/16 09:50:27 Started transferring output files
...
040 (147830.000.000) 06/16 09:50:27 Finished transferring output files
...
005 (147830.000.000) 06/16 09:50:27 Job terminated.
	(1) Normal termination (return value 0)
		Usr 0 00:01:41, Sys 0 00:00:22  -  Run Remote Usage
		Usr 0 00:00:00, Sys 0 00:00:00  -  Run Local Usage
		Usr 0 00:01:41, Sys 0 00:00:22  -  Total Remote Usage
		Usr 0 00:00:00, Sys 0 00:00:00  -  Total Local Usage
	54432  -  Run Bytes Sent By Job
	19004  -  Run Bytes Received By Job
	54432  -  Total Bytes Sent By Job
	19004  -  Total Bytes Received By Job
	Partitionable Resources :      Usage  Request Allocated 
	   Cpus                 :       0.01        1         1 
	   Disk (KB)            : 3080202          20    295990 
	   Memory (MB)          :      67        2000      2000 

	Job terminated of its own accord at 2021-06-16T07:50:27Z.
...
