000 (147222.000.000) 06/16 08:23:55 Job submitted from host: <188.185.121.235:9618?addrs=188.185.121.235-9618+[2001-1458-d00-49--100-36e]-9618&alias=bigbird22.cern.ch&noUDP&sock=schedd_38044_991d>
...
040 (147222.000.000) 06/16 08:47:31 Started transferring input files
	Transferring to host: <128.142.74.118:9618?addrs=128.142.74.118-9618+[2001-1458-301-75--100-16f]-9618&alias=b7s11n4491.cern.ch&noUDP&sock=slot1_6_6151_af93_48802>
...
001 (147222.000.000) 06/16 08:47:31 Job executing on host: <128.142.74.118:9618?addrs=128.142.74.118-9618+[2001-1458-301-75--100-16f]-9618&alias=b7s11n4491.cern.ch&noUDP&sock=startd_4992_acdd>
...
040 (147222.000.000) 06/16 08:47:31 Finished transferring input files
...
006 (147222.000.000) 06/16 08:47:40 Image size of job updated: 61896
	61  -  MemoryUsage of job (MB)
	61896  -  ResidentSetSize of job (KB)
...
006 (147222.000.000) 06/16 08:48:02 Image size of job updated: 791428
	61  -  MemoryUsage of job (MB)
	61936  -  ResidentSetSize of job (KB)
...
040 (147222.000.000) 06/16 08:48:02 Started transferring output files
...
040 (147222.000.000) 06/16 08:48:02 Finished transferring output files
...
005 (147222.000.000) 06/16 08:48:02 Job terminated.
	(1) Normal termination (return value 0)
		Usr 0 00:00:07, Sys 0 00:00:02  -  Run Remote Usage
		Usr 0 00:00:00, Sys 0 00:00:00  -  Run Local Usage
		Usr 0 00:00:07, Sys 0 00:00:02  -  Total Remote Usage
		Usr 0 00:00:00, Sys 0 00:00:00  -  Total Local Usage
	18292  -  Run Bytes Sent By Job
	19004  -  Run Bytes Received By Job
	18292  -  Total Bytes Sent By Job
	19004  -  Total Bytes Received By Job
	Partitionable Resources :    Usage  Request Allocated 
	   Cpus                 :                 1         1 
	   Disk (KB)            :   466078       20    285715 
	   Memory (MB)          :       61     2000      2000 

	Job terminated of its own accord at 2021-06-16T06:48:02Z.
...
