000 (148744.000.000) 06/16 08:56:15 Job submitted from host: <188.185.121.235:9618?addrs=188.185.121.235-9618+[2001-1458-d00-49--100-36e]-9618&alias=bigbird22.cern.ch&noUDP&sock=schedd_38044_991d>
...
040 (148744.000.000) 06/16 09:54:49 Started transferring input files
	Transferring to host: <188.184.169.138:9618?addrs=188.184.169.138-9618+[2001-1458-301-c0--100-452]-9618&alias=b7g52n2906.cern.ch&noUDP&sock=slot1_3_6911_2cb2_52020>
...
040 (148744.000.000) 06/16 09:54:49 Finished transferring input files
...
001 (148744.000.000) 06/16 09:54:49 Job executing on host: <188.184.169.138:9618?addrs=188.184.169.138-9618+[2001-1458-301-c0--100-452]-9618&alias=b7g52n2906.cern.ch&noUDP&sock=startd_5482_c645>
...
006 (148744.000.000) 06/16 09:54:58 Image size of job updated: 127464
	4  -  MemoryUsage of job (MB)
	3708  -  ResidentSetSize of job (KB)
...
006 (148744.000.000) 06/16 09:59:59 Image size of job updated: 791456
	41  -  MemoryUsage of job (MB)
	41656  -  ResidentSetSize of job (KB)
...
006 (148744.000.000) 06/16 10:05:00 Image size of job updated: 791456
	67  -  MemoryUsage of job (MB)
	67776  -  ResidentSetSize of job (KB)
...
040 (148744.000.000) 06/16 12:17:51 Started transferring output files
...
040 (148744.000.000) 06/16 12:17:51 Finished transferring output files
...
005 (148744.000.000) 06/16 12:17:51 Job terminated.
	(1) Normal termination (return value 0)
		Usr 0 00:00:53, Sys 0 00:00:16  -  Run Remote Usage
		Usr 0 00:00:00, Sys 0 00:00:00  -  Run Local Usage
		Usr 0 00:00:53, Sys 0 00:00:16  -  Total Remote Usage
		Usr 0 00:00:00, Sys 0 00:00:00  -  Total Local Usage
	46700  -  Run Bytes Sent By Job
	19004  -  Run Bytes Received By Job
	46700  -  Total Bytes Sent By Job
	19004  -  Total Bytes Received By Job
	Partitionable Resources :      Usage  Request Allocated 
	   Cpus                 :       0.00        1         1 
	   Disk (KB)            : 2371093          20    287665 
	   Memory (MB)          :      67        2000      2000 

	Job terminated of its own accord at 2021-06-16T10:17:51Z.
...
