000 (108860.000.000) 06/02 16:39:35 Job submitted from host: <188.185.121.235:9618?addrs=188.185.121.235-9618+[2001-1458-d00-49--100-36e]-9618&alias=bigbird22.cern.ch&noUDP&sock=schedd_38044_991d>
...
040 (108860.000.000) 06/02 16:57:29 Started transferring input files
	Transferring to host: <188.184.213.31:9618?addrs=188.184.213.31-9618+[2001-1458-301-10c--100-12b]-9618&alias=b7g24n0540.cern.ch&noUDP&sock=slot1_1_4789_089c_34538>
...
040 (108860.000.000) 06/02 16:57:29 Finished transferring input files
...
001 (108860.000.000) 06/02 16:57:29 Job executing on host: <188.184.213.31:9618?addrs=188.184.213.31-9618+[2001-1458-301-10c--100-12b]-9618&alias=b7g24n0540.cern.ch&noUDP&sock=startd_3793_42d0>
...
006 (108860.000.000) 06/02 16:57:38 Image size of job updated: 624804
	7  -  MemoryUsage of job (MB)
	6520  -  ResidentSetSize of job (KB)
...
006 (108860.000.000) 06/02 17:02:39 Image size of job updated: 790824
	66  -  MemoryUsage of job (MB)
	67500  -  ResidentSetSize of job (KB)
...
006 (108860.000.000) 06/02 18:47:49 Image size of job updated: 790824
	121  -  MemoryUsage of job (MB)
	123140  -  ResidentSetSize of job (KB)
...
040 (108860.000.000) 06/02 18:49:12 Started transferring output files
...
040 (108860.000.000) 06/02 18:49:13 Finished transferring output files
...
005 (108860.000.000) 06/02 18:49:13 Job terminated.
	(1) Normal termination (return value 0)
		Usr 0 00:02:54, Sys 0 00:00:29  -  Run Remote Usage
		Usr 0 00:00:00, Sys 0 00:00:00  -  Run Local Usage
		Usr 0 00:02:54, Sys 0 00:00:29  -  Total Remote Usage
		Usr 0 00:00:00, Sys 0 00:00:00  -  Total Local Usage
	66842  -  Run Bytes Sent By Job
	19195  -  Run Bytes Received By Job
	66842  -  Total Bytes Sent By Job
	19195  -  Total Bytes Received By Job
	Partitionable Resources :      Usage  Request Allocated 
	   Cpus                 :       0.01        1         1 
	   Disk (KB)            : 4242023          20    302854 
	   Memory (MB)          :     121        2000      2000 

	Job terminated of its own accord at 2021-06-02T16:49:11Z.
...
