000 (146974.000.000) 06/16 08:18:44 Job submitted from host: <188.185.121.235:9618?addrs=188.185.121.235-9618+[2001-1458-d00-49--100-36e]-9618&alias=bigbird22.cern.ch&noUDP&sock=schedd_38044_991d>
...
040 (146974.000.000) 06/16 08:45:47 Started transferring input files
	Transferring to host: <128.142.87.52:9618?addrs=128.142.87.52-9618+[2001-1458-301-f6--100-a1]-9618&alias=b7s14n9115.cern.ch&noUDP&sock=slot1_6_4393_040c_1868>
...
001 (146974.000.000) 06/16 08:45:48 Job executing on host: <128.142.87.52:9618?addrs=128.142.87.52-9618+[2001-1458-301-f6--100-a1]-9618&alias=b7s14n9115.cern.ch&noUDP&sock=startd_3695_0a88>
...
040 (146974.000.000) 06/16 08:45:48 Finished transferring input files
...
006 (146974.000.000) 06/16 08:45:56 Image size of job updated: 774992
	37  -  MemoryUsage of job (MB)
	37088  -  ResidentSetSize of job (KB)
...
006 (146974.000.000) 06/16 08:50:56 Image size of job updated: 791432
	67  -  MemoryUsage of job (MB)
	67776  -  ResidentSetSize of job (KB)
...
040 (146974.000.000) 06/16 08:51:37 Entered queue to transfer output files
...
040 (146974.000.000) 06/16 08:51:45 Started transferring output files
...
040 (146974.000.000) 06/16 08:51:51 Finished transferring output files
...
005 (146974.000.000) 06/16 08:52:00 Job terminated.
	(1) Normal termination (return value 0)
		Usr 0 00:00:10, Sys 0 00:00:02  -  Run Remote Usage
		Usr 0 00:00:00, Sys 0 00:00:00  -  Run Local Usage
		Usr 0 00:00:10, Sys 0 00:00:02  -  Total Remote Usage
		Usr 0 00:00:00, Sys 0 00:00:00  -  Total Local Usage
	22670  -  Run Bytes Sent By Job
	19004  -  Run Bytes Received By Job
	22670  -  Total Bytes Sent By Job
	19004  -  Total Bytes Received By Job
	Partitionable Resources :    Usage  Request Allocated 
	   Cpus                 :                 1         1 
	   Disk (KB)            :   466079       20    164548 
	   Memory (MB)          :       67     2000      2000 

	Job terminated of its own accord at 2021-06-16T06:51:32Z.
...
