000 (147330.000.000) 06/16 08:25:43 Job submitted from host: <188.185.121.235:9618?addrs=188.185.121.235-9618+[2001-1458-d00-49--100-36e]-9618&alias=bigbird22.cern.ch&noUDP&sock=schedd_38044_991d>
...
040 (147330.000.000) 06/16 08:51:08 Entered queue to transfer input files
	Transferring to host: <188.184.211.160:9618?addrs=188.184.211.160-9618+[2001-1458-301-10b--100-190]-9618&alias=b7g23n1377.cern.ch&noUDP&sock=slot1_10_4738_197a_36888>
...
040 (147330.000.000) 06/16 08:51:21 Started transferring input files
	Seconds spent in queue: 13
...
001 (147330.000.000) 06/16 08:51:21 Job executing on host: <188.184.211.160:9618?addrs=188.184.211.160-9618+[2001-1458-301-10b--100-190]-9618&alias=b7g23n1377.cern.ch&noUDP&sock=startd_3856_7947>
...
006 (147330.000.000) 06/16 08:51:38 Image size of job updated: 791440
	42  -  MemoryUsage of job (MB)
	42116  -  ResidentSetSize of job (KB)
...
040 (147330.000.000) 06/16 08:51:38 Finished transferring input files
...
006 (147330.000.000) 06/16 08:51:59 Image size of job updated: 791440
	67  -  MemoryUsage of job (MB)
	67768  -  ResidentSetSize of job (KB)
...
040 (147330.000.000) 06/16 08:52:03 Started transferring output files
	Seconds spent in queue: 55
...
040 (147330.000.000) 06/16 08:52:06 Finished transferring output files
...
005 (147330.000.000) 06/16 08:52:09 Job terminated.
	(1) Normal termination (return value 0)
		Usr 0 00:00:09, Sys 0 00:00:02  -  Run Remote Usage
		Usr 0 00:00:00, Sys 0 00:00:00  -  Run Local Usage
		Usr 0 00:00:09, Sys 0 00:00:02  -  Total Remote Usage
		Usr 0 00:00:00, Sys 0 00:00:00  -  Total Local Usage
	19391  -  Run Bytes Sent By Job
	19004  -  Run Bytes Received By Job
	19391  -  Total Bytes Sent By Job
	19004  -  Total Bytes Received By Job
	Partitionable Resources :    Usage  Request Allocated 
	   Cpus                 :        0        1         1 
	   Disk (KB)            :   465741       20    367419 
	   Memory (MB)          :       67     2000      2000 

	Job terminated of its own accord at 2021-06-16T06:51:59Z.
...
