000 (108735.000.000) 06/02 16:37:17 Job submitted from host: <188.185.121.235:9618?addrs=188.185.121.235-9618+[2001-1458-d00-49--100-36e]-9618&alias=bigbird22.cern.ch&noUDP&sock=schedd_38044_991d>
...
040 (108735.000.000) 06/02 16:48:19 Started transferring input files
	Transferring to host: <128.142.79.198:9618?addrs=128.142.79.198-9618+[2001-1458-301-f4--100-628]-9618&alias=b7s12n1511.cern.ch&noUDP&sock=slot1_2_11588_8b50_89217>
...
040 (108735.000.000) 06/02 16:48:19 Finished transferring input files
...
001 (108735.000.000) 06/02 16:48:19 Job executing on host: <128.142.79.198:9618?addrs=128.142.79.198-9618+[2001-1458-301-f4--100-628]-9618&alias=b7s12n1511.cern.ch&noUDP&sock=startd_14728_c2ee>
...
006 (108735.000.000) 06/02 16:48:28 Image size of job updated: 22352
	22  -  MemoryUsage of job (MB)
	22352  -  ResidentSetSize of job (KB)
...
006 (108735.000.000) 06/02 16:53:29 Image size of job updated: 790820
	66  -  MemoryUsage of job (MB)
	67500  -  ResidentSetSize of job (KB)
...
040 (108735.000.000) 06/02 18:36:50 Started transferring output files
...
040 (108735.000.000) 06/02 18:36:50 Finished transferring output files
...
005 (108735.000.000) 06/02 18:36:50 Job terminated.
	(1) Normal termination (return value 0)
		Usr 0 00:01:47, Sys 0 00:00:25  -  Run Remote Usage
		Usr 0 00:00:00, Sys 0 00:00:00  -  Run Local Usage
		Usr 0 00:01:47, Sys 0 00:00:25  -  Total Remote Usage
		Usr 0 00:00:00, Sys 0 00:00:00  -  Total Local Usage
	67187  -  Run Bytes Sent By Job
	19195  -  Run Bytes Received By Job
	67187  -  Total Bytes Sent By Job
	19195  -  Total Bytes Received By Job
	Partitionable Resources :      Usage  Request Allocated 
	   Cpus                 :       0.01        1         1 
	   Disk (KB)            : 4242335          20    284109 
	   Memory (MB)          :      66        2000      2000 

	Job terminated of its own accord at 2021-06-02T16:36:50Z.
...
