000 (147096.000.000) 06/16 08:20:45 Job submitted from host: <188.185.121.235:9618?addrs=188.185.121.235-9618+[2001-1458-d00-49--100-36e]-9618&alias=bigbird22.cern.ch&noUDP&sock=schedd_38044_991d>
...
040 (147096.000.000) 06/16 08:46:43 Started transferring input files
	Transferring to host: <128.142.149.232:9618?addrs=128.142.149.232-9618+[2001-1458-301-b--100-229]-9618&alias=b7g41n3293.cern.ch&noUDP&sock=slot1_12_3472_1686_48941>
...
040 (147096.000.000) 06/16 08:46:43 Finished transferring input files
...
001 (147096.000.000) 06/16 08:46:43 Job executing on host: <128.142.149.232:9618?addrs=128.142.149.232-9618+[2001-1458-301-b--100-229]-9618&alias=b7g41n3293.cern.ch&noUDP&sock=startd_2863_5bbc>
...
006 (147096.000.000) 06/16 08:46:51 Image size of job updated: 15476
	16  -  MemoryUsage of job (MB)
	15476  -  ResidentSetSize of job (KB)
...
006 (147096.000.000) 06/16 08:51:51 Image size of job updated: 791456
	67  -  MemoryUsage of job (MB)
	67764  -  ResidentSetSize of job (KB)
...
040 (147096.000.000) 06/16 08:54:07 Started transferring output files
...
040 (147096.000.000) 06/16 08:54:08 Finished transferring output files
...
005 (147096.000.000) 06/16 08:54:09 Job terminated.
	(1) Normal termination (return value 0)
		Usr 0 00:00:08, Sys 0 00:00:02  -  Run Remote Usage
		Usr 0 00:00:00, Sys 0 00:00:00  -  Run Local Usage
		Usr 0 00:00:08, Sys 0 00:00:02  -  Total Remote Usage
		Usr 0 00:00:00, Sys 0 00:00:00  -  Total Local Usage
	23396  -  Run Bytes Sent By Job
	19004  -  Run Bytes Received By Job
	23396  -  Total Bytes Sent By Job
	19004  -  Total Bytes Received By Job
	Partitionable Resources :    Usage  Request Allocated 
	   Cpus                 :        0        1         1 
	   Disk (KB)            :   465972       20    354142 
	   Memory (MB)          :       67     2000      2000 

	Job terminated of its own accord at 2021-06-16T06:54:07Z.
...
