000 (113147.000.000) 06/03 13:00:35 Job submitted from host: <188.185.121.235:9618?addrs=188.185.121.235-9618+[2001-1458-d00-49--100-36e]-9618&alias=bigbird22.cern.ch&noUDP&sock=schedd_38044_991d>
...
040 (113147.000.000) 06/03 13:20:18 Started transferring input files
	Transferring to host: <128.142.69.60:9618?addrs=128.142.69.60-9618+[2001-1458-301-52--100-135]-9618&alias=b7s10n1390.cern.ch&noUDP&sock=slot1_5_4623_1255_42285>
...
040 (113147.000.000) 06/03 13:20:18 Finished transferring input files
...
001 (113147.000.000) 06/03 13:20:18 Job executing on host: <128.142.69.60:9618?addrs=128.142.69.60-9618+[2001-1458-301-52--100-135]-9618&alias=b7s10n1390.cern.ch&noUDP&sock=startd_3846_9d55>
...
006 (113147.000.000) 06/03 13:20:26 Image size of job updated: 7412
	8  -  MemoryUsage of job (MB)
	7412  -  ResidentSetSize of job (KB)
...
006 (113147.000.000) 06/03 13:25:26 Image size of job updated: 790824
	66  -  MemoryUsage of job (MB)
	67508  -  ResidentSetSize of job (KB)
...
040 (113147.000.000) 06/03 14:10:19 Started transferring output files
...
040 (113147.000.000) 06/03 14:10:19 Finished transferring output files
...
005 (113147.000.000) 06/03 14:10:19 Job terminated.
	(1) Normal termination (return value 0)
		Usr 0 00:00:52, Sys 0 00:00:15  -  Run Remote Usage
		Usr 0 00:00:00, Sys 0 00:00:00  -  Run Local Usage
		Usr 0 00:00:52, Sys 0 00:00:15  -  Total Remote Usage
		Usr 0 00:00:00, Sys 0 00:00:00  -  Total Local Usage
	42223  -  Run Bytes Sent By Job
	19004  -  Run Bytes Received By Job
	42223  -  Total Bytes Sent By Job
	19004  -  Total Bytes Received By Job
	Partitionable Resources :      Usage  Request Allocated 
	   Cpus                 :       0.01        1         1 
	   Disk (KB)            : 1952705          20    280409 
	   Memory (MB)          :      66        2000      2000 

	Job terminated of its own accord at 2021-06-03T12:10:19Z.
...
000 (116772.000.000) 06/04 09:07:14 Job submitted from host: <188.185.121.235:9618?addrs=188.185.121.235-9618+[2001-1458-d00-49--100-36e]-9618&alias=bigbird22.cern.ch&noUDP&sock=schedd_38044_991d>
...
040 (116772.000.000) 06/04 09:41:03 Started transferring input files
	Transferring to host: <128.142.74.191:9618?addrs=128.142.74.191-9618+[2001-1458-301-75--100-4cc]-9618&alias=b7s11n7030.cern.ch&noUDP&sock=slot1_6_5016_f9c5_34736>
...
040 (116772.000.000) 06/04 09:41:03 Finished transferring input files
...
001 (116772.000.000) 06/04 09:41:03 Job executing on host: <128.142.74.191:9618?addrs=128.142.74.191-9618+[2001-1458-301-75--100-4cc]-9618&alias=b7s11n7030.cern.ch&noUDP&sock=startd_3957_c058>
...
006 (116772.000.000) 06/04 09:41:12 Image size of job updated: 40932
	39  -  MemoryUsage of job (MB)
	38972  -  ResidentSetSize of job (KB)
...
006 (116772.000.000) 06/04 09:46:12 Image size of job updated: 790796
	66  -  MemoryUsage of job (MB)
	67504  -  ResidentSetSize of job (KB)
...
040 (116772.000.000) 06/04 09:54:17 Started transferring output files
...
040 (116772.000.000) 06/04 09:54:17 Finished transferring output files
...
005 (116772.000.000) 06/04 09:54:17 Job terminated.
	(1) Normal termination (return value 0)
		Usr 0 00:00:55, Sys 0 00:00:13  -  Run Remote Usage
		Usr 0 00:00:00, Sys 0 00:00:00  -  Run Local Usage
		Usr 0 00:00:55, Sys 0 00:00:13  -  Total Remote Usage
		Usr 0 00:00:00, Sys 0 00:00:00  -  Total Local Usage
	50322  -  Run Bytes Sent By Job
	19004  -  Run Bytes Received By Job
	50322  -  Total Bytes Sent By Job
	19004  -  Total Bytes Received By Job
	Partitionable Resources :      Usage  Request Allocated 
	   Cpus                 :       0.02        1         1 
	   Disk (KB)            : 2758769          20    281812 
	   Memory (MB)          :      66        2000      2000 

	Job terminated of its own accord at 2021-06-04T07:54:17Z.
...
000 (124122.000.000) 06/08 10:53:47 Job submitted from host: <188.185.121.235:9618?addrs=188.185.121.235-9618+[2001-1458-d00-49--100-36e]-9618&alias=bigbird22.cern.ch&noUDP&sock=schedd_38044_991d>
...
040 (124122.000.000) 06/08 11:31:24 Entered queue to transfer input files
	Transferring to host: <188.184.182.158:9618?addrs=188.184.182.158-9618+[2001-1458-301-2b--100-25c]-9618&alias=b7g41n4633.cern.ch&noUDP&sock=slot1_1_5259_30ef_20310>
...
040 (124122.000.000) 06/08 11:54:00 Started transferring input files
	Seconds spent in queue: 1356
...
001 (124122.000.000) 06/08 11:54:00 Job executing on host: <188.184.182.158:9618?addrs=188.184.182.158-9618+[2001-1458-301-2b--100-25c]-9618&alias=b7g41n4633.cern.ch&noUDP&sock=startd_4366_4a94>
...
040 (124122.000.000) 06/08 11:54:00 Finished transferring input files
...
006 (124122.000.000) 06/08 11:54:08 Image size of job updated: 2092
	3  -  MemoryUsage of job (MB)
	2092  -  ResidentSetSize of job (KB)
...
006 (124122.000.000) 06/08 11:59:08 Image size of job updated: 791452
	67  -  MemoryUsage of job (MB)
	67768  -  ResidentSetSize of job (KB)
...
006 (124122.000.000) 06/08 12:39:13 Image size of job updated: 791452
	91  -  MemoryUsage of job (MB)
	92540  -  ResidentSetSize of job (KB)
...
040 (124122.000.000) 06/08 12:40:24 Started transferring output files
	Seconds spent in queue: 4140
...
040 (124122.000.000) 06/08 12:40:25 Finished transferring output files
...
005 (124122.000.000) 06/08 12:40:25 Job terminated.
	(1) Normal termination (return value 0)
		Usr 0 00:01:35, Sys 0 00:00:15  -  Run Remote Usage
		Usr 0 00:00:00, Sys 0 00:00:00  -  Run Local Usage
		Usr 0 00:01:35, Sys 0 00:00:15  -  Total Remote Usage
		Usr 0 00:00:00, Sys 0 00:00:00  -  Total Local Usage
	50936  -  Run Bytes Sent By Job
	19004  -  Run Bytes Received By Job
	50936  -  Total Bytes Sent By Job
	19004  -  Total Bytes Received By Job
	Partitionable Resources :      Usage  Request Allocated 
	   Cpus                 :       0.00        1         1 
	   Disk (KB)            : 2758770          20    272267 
	   Memory (MB)          :      91        2000      2000 

	Job terminated of its own accord at 2021-06-08T10:40:24Z.
...
