000 (109296.000.000) 06/02 16:49:54 Job submitted from host: <188.185.121.235:9618?addrs=188.185.121.235-9618+[2001-1458-d00-49--100-36e]-9618&alias=bigbird22.cern.ch&noUDP&sock=schedd_38044_991d>
...
040 (109296.000.000) 06/02 18:36:53 Started transferring input files
	Transferring to host: <188.184.169.237:9618?addrs=188.184.169.237-9618+[2001-1458-301-c0--100-f0]-9618&alias=b7g52n7520.cern.ch&noUDP&sock=slot1_8_5768_d3e4_29268>
...
001 (109296.000.000) 06/02 18:36:53 Job executing on host: <188.184.169.237:9618?addrs=188.184.169.237-9618+[2001-1458-301-c0--100-f0]-9618&alias=b7g52n7520.cern.ch&noUDP&sock=startd_4581_c371>
...
040 (109296.000.000) 06/02 18:36:53 Finished transferring input files
...
006 (109296.000.000) 06/02 18:37:02 Image size of job updated: 624804
	40  -  MemoryUsage of job (MB)
	40420  -  ResidentSetSize of job (KB)
...
006 (109296.000.000) 06/02 18:39:17 Image size of job updated: 790796
	40  -  MemoryUsage of job (MB)
	40420  -  ResidentSetSize of job (KB)
...
040 (109296.000.000) 06/02 18:39:17 Started transferring output files
...
040 (109296.000.000) 06/02 18:39:17 Finished transferring output files
...
005 (109296.000.000) 06/02 18:39:17 Job terminated.
	(1) Normal termination (return value 0)
		Usr 0 00:00:36, Sys 0 00:00:10  -  Run Remote Usage
		Usr 0 00:00:00, Sys 0 00:00:00  -  Run Local Usage
		Usr 0 00:00:36, Sys 0 00:00:10  -  Total Remote Usage
		Usr 0 00:00:00, Sys 0 00:00:00  -  Total Local Usage
	29958  -  Run Bytes Sent By Job
	19195  -  Run Bytes Received By Job
	29958  -  Total Bytes Sent By Job
	19195  -  Total Bytes Received By Job
	Partitionable Resources :    Usage  Request Allocated 
	   Cpus                 :                 1         1 
	   Disk (KB)            :  1952870       20    254659 
	   Memory (MB)          :       40     2000      2000 

	Job terminated of its own accord at 2021-06-02T16:39:17Z.
...
