000 (109037.000.000) 06/02 16:43:13 Job submitted from host: <188.185.121.235:9618?addrs=188.185.121.235-9618+[2001-1458-d00-49--100-36e]-9618&alias=bigbird22.cern.ch&noUDP&sock=schedd_38044_991d>
...
040 (109037.000.000) 06/02 17:13:30 Started transferring input files
	Transferring to host: <128.142.77.107:9618?addrs=128.142.77.107-9618+[2001-1458-301-f4--100-27e]-9618&alias=b7s12n3833.cern.ch&noUDP&sock=slot1_13_5844_6067_29171>
...
040 (109037.000.000) 06/02 17:13:30 Finished transferring input files
...
001 (109037.000.000) 06/02 17:13:30 Job executing on host: <128.142.77.107:9618?addrs=128.142.77.107-9618+[2001-1458-301-f4--100-27e]-9618&alias=b7s12n3833.cern.ch&noUDP&sock=startd_4585_81d2>
...
006 (109037.000.000) 06/02 17:13:38 Image size of job updated: 67504
	66  -  MemoryUsage of job (MB)
	67504  -  ResidentSetSize of job (KB)
...
006 (109037.000.000) 06/02 17:18:38 Image size of job updated: 790796
	95  -  MemoryUsage of job (MB)
	96964  -  ResidentSetSize of job (KB)
...
040 (109037.000.000) 06/02 17:19:23 Started transferring output files
...
040 (109037.000.000) 06/02 17:19:23 Finished transferring output files
...
005 (109037.000.000) 06/02 17:19:24 Job terminated.
	(1) Normal termination (return value 0)
		Usr 0 00:02:05, Sys 0 00:00:21  -  Run Remote Usage
		Usr 0 00:00:00, Sys 0 00:00:00  -  Run Local Usage
		Usr 0 00:02:05, Sys 0 00:00:21  -  Total Remote Usage
		Usr 0 00:00:00, Sys 0 00:00:00  -  Total Local Usage
	39265  -  Run Bytes Sent By Job
	19195  -  Run Bytes Received By Job
	39265  -  Total Bytes Sent By Job
	19195  -  Total Bytes Received By Job
	Partitionable Resources :      Usage  Request Allocated 
	   Cpus                 :       0.73        1         1 
	   Disk (KB)            : 4234461          20    271772 
	   Memory (MB)          :      95        2000      2000 

	Job terminated of its own accord at 2021-06-02T15:19:23Z.
...
