000 (146922.000.000) 06/16 08:17:38 Job submitted from host: <188.185.121.235:9618?addrs=188.185.121.235-9618+[2001-1458-d00-49--100-36e]-9618&alias=bigbird22.cern.ch&noUDP&sock=schedd_38044_991d>
...
040 (146922.000.000) 06/16 08:44:14 Started transferring input files
	Transferring to host: <128.142.161.115:9618?addrs=128.142.161.115-9618&alias=b7g03p2673.cern.ch&noUDP&sock=slot1_21_3502_39c7_48922>
...
001 (146922.000.000) 06/16 08:44:15 Job executing on host: <128.142.161.115:9618?addrs=128.142.161.115-9618&alias=b7g03p2673.cern.ch&noUDP&sock=startd_2603_051c>
...
040 (146922.000.000) 06/16 08:44:15 Finished transferring input files
...
006 (146922.000.000) 06/16 08:44:24 Image size of job updated: 625444
	67  -  MemoryUsage of job (MB)
	67772  -  ResidentSetSize of job (KB)
...
006 (146922.000.000) 06/16 08:44:48 Image size of job updated: 791428
	67  -  MemoryUsage of job (MB)
	67772  -  ResidentSetSize of job (KB)
...
040 (146922.000.000) 06/16 08:44:49 Started transferring output files
...
040 (146922.000.000) 06/16 08:44:49 Finished transferring output files
...
005 (146922.000.000) 06/16 08:44:50 Job terminated.
	(1) Normal termination (return value 0)
		Usr 0 00:00:08, Sys 0 00:00:02  -  Run Remote Usage
		Usr 0 00:00:00, Sys 0 00:00:00  -  Run Local Usage
		Usr 0 00:00:08, Sys 0 00:00:02  -  Total Remote Usage
		Usr 0 00:00:00, Sys 0 00:00:00  -  Total Local Usage
	21260  -  Run Bytes Sent By Job
	19004  -  Run Bytes Received By Job
	21260  -  Total Bytes Sent By Job
	19004  -  Total Bytes Received By Job
	Partitionable Resources :    Usage  Request Allocated 
	   Cpus                 :                 1         1 
	   Disk (KB)            :   466089       20   1423580 
	   Memory (MB)          :       67     2000      2000 

	Job terminated of its own accord at 2021-06-16T06:44:48Z.
...
