000 (108685.000.000) 06/02 16:35:51 Job submitted from host: <188.185.121.235:9618?addrs=188.185.121.235-9618+[2001-1458-d00-49--100-36e]-9618&alias=bigbird22.cern.ch&noUDP&sock=schedd_38044_991d>
...
040 (108685.000.000) 06/02 16:45:42 Started transferring input files
	Transferring to host: <128.142.74.80:9618?addrs=128.142.74.80-9618+[2001-1458-301-75--100-3e3]-9618&alias=b7s11n4315.cern.ch&noUDP&sock=slot1_15_5065_8027_29562>
...
001 (108685.000.000) 06/02 16:45:42 Job executing on host: <128.142.74.80:9618?addrs=128.142.74.80-9618+[2001-1458-301-75--100-3e3]-9618&alias=b7s11n4315.cern.ch&noUDP&sock=startd_4114_70b6>
...
040 (108685.000.000) 06/02 16:45:42 Finished transferring input files
...
006 (108685.000.000) 06/02 16:45:50 Image size of job updated: 126244
	41  -  MemoryUsage of job (MB)
	41396  -  ResidentSetSize of job (KB)
...
006 (108685.000.000) 06/02 16:46:32 Image size of job updated: 790792
	41  -  MemoryUsage of job (MB)
	41428  -  ResidentSetSize of job (KB)
...
040 (108685.000.000) 06/02 16:46:33 Started transferring output files
...
040 (108685.000.000) 06/02 16:46:33 Finished transferring output files
...
005 (108685.000.000) 06/02 16:46:33 Job terminated.
	(1) Normal termination (return value 0)
		Usr 0 00:00:11, Sys 0 00:00:03  -  Run Remote Usage
		Usr 0 00:00:00, Sys 0 00:00:00  -  Run Local Usage
		Usr 0 00:00:11, Sys 0 00:00:03  -  Total Remote Usage
		Usr 0 00:00:00, Sys 0 00:00:00  -  Total Local Usage
	18396  -  Run Bytes Sent By Job
	19195  -  Run Bytes Received By Job
	18396  -  Total Bytes Sent By Job
	19195  -  Total Bytes Received By Job
	Partitionable Resources :    Usage  Request Allocated 
	   Cpus                 :                 1         1 
	   Disk (KB)            :   744372       20    275878 
	   Memory (MB)          :       41     2000      2000 

	Job terminated of its own accord at 2021-06-02T14:46:32Z.
...
