000 (148093.000.000) 06/16 08:41:53 Job submitted from host: <188.185.121.235:9618?addrs=188.185.121.235-9618+[2001-1458-d00-49--100-36e]-9618&alias=bigbird22.cern.ch&noUDP&sock=schedd_38044_991d>
...
040 (148093.000.000) 06/16 09:00:41 Started transferring input files
	Transferring to host: <128.142.161.91:9618?addrs=128.142.161.91-9618+[2001-1458-301-b8--100-19]-9618&alias=b7g03p4651.cern.ch&noUDP&sock=slot1_62_253928_ff4f_121093>
...
001 (148093.000.000) 06/16 09:00:43 Job executing on host: <128.142.161.91:9618?addrs=128.142.161.91-9618+[2001-1458-301-b8--100-19]-9618&alias=b7g03p4651.cern.ch&noUDP&sock=startd_70632_416c>
...
040 (148093.000.000) 06/16 09:00:43 Finished transferring input files
...
006 (148093.000.000) 06/16 09:00:52 Image size of job updated: 625444
	10  -  MemoryUsage of job (MB)
	9712  -  ResidentSetSize of job (KB)
...
006 (148093.000.000) 06/16 09:05:53 Image size of job updated: 791456
	67  -  MemoryUsage of job (MB)
	67772  -  ResidentSetSize of job (KB)
...
040 (148093.000.000) 06/16 09:52:22 Started transferring output files
...
040 (148093.000.000) 06/16 09:52:22 Finished transferring output files
...
005 (148093.000.000) 06/16 09:52:23 Job terminated.
	(1) Normal termination (return value 0)
		Usr 0 00:00:47, Sys 0 00:00:15  -  Run Remote Usage
		Usr 0 00:00:00, Sys 0 00:00:00  -  Run Local Usage
		Usr 0 00:00:47, Sys 0 00:00:15  -  Total Remote Usage
		Usr 0 00:00:00, Sys 0 00:00:00  -  Total Local Usage
	46607  -  Run Bytes Sent By Job
	19004  -  Run Bytes Received By Job
	46607  -  Total Bytes Sent By Job
	19004  -  Total Bytes Received By Job
	Partitionable Resources :      Usage  Request Allocated 
	   Cpus                 :       0.01        1         1 
	   Disk (KB)            : 2368049          20   1131613 
	   Memory (MB)          :      67        2000      2000 

	Job terminated of its own accord at 2021-06-16T07:52:22Z.
...
