000 (113033.000.000) 06/03 12:58:43 Job submitted from host: <188.185.121.235:9618?addrs=188.185.121.235-9618+[2001-1458-d00-49--100-36e]-9618&alias=bigbird22.cern.ch&noUDP&sock=schedd_38044_991d>
...
040 (113033.000.000) 06/03 13:19:34 Started transferring input files
	Transferring to host: <188.184.139.219:9618?addrs=188.184.139.219-9618+[2001-1458-301-45--100-1cd]-9618&alias=b7g42n0754.cern.ch&noUDP&sock=slot1_10_19073_6761_104875>
...
001 (113033.000.000) 06/03 13:19:34 Job executing on host: <188.184.139.219:9618?addrs=188.184.139.219-9618+[2001-1458-301-45--100-1cd]-9618&alias=b7g42n0754.cern.ch&noUDP&sock=startd_5611_41fd>
...
040 (113033.000.000) 06/03 13:19:34 Finished transferring input files
...
006 (113033.000.000) 06/03 13:19:43 Image size of job updated: 3724
	4  -  MemoryUsage of job (MB)
	3724  -  ResidentSetSize of job (KB)
...
006 (113033.000.000) 06/03 13:24:44 Image size of job updated: 790824
	35  -  MemoryUsage of job (MB)
	35308  -  ResidentSetSize of job (KB)
...
006 (113033.000.000) 06/03 13:29:45 Image size of job updated: 790824
	38  -  MemoryUsage of job (MB)
	38552  -  ResidentSetSize of job (KB)
...
006 (113033.000.000) 06/03 13:34:45 Image size of job updated: 790824
	66  -  MemoryUsage of job (MB)
	67504  -  ResidentSetSize of job (KB)
...
040 (113033.000.000) 06/03 16:15:48 Started transferring output files
...
040 (113033.000.000) 06/03 16:15:48 Finished transferring output files
...
005 (113033.000.000) 06/03 16:15:49 Job terminated.
	(1) Normal termination (return value 0)
		Usr 0 00:00:38, Sys 0 00:00:16  -  Run Remote Usage
		Usr 0 00:00:00, Sys 0 00:00:00  -  Run Local Usage
		Usr 0 00:00:38, Sys 0 00:00:16  -  Total Remote Usage
		Usr 0 00:00:00, Sys 0 00:00:00  -  Total Local Usage
	41973  -  Run Bytes Sent By Job
	19004  -  Run Bytes Received By Job
	41973  -  Total Bytes Sent By Job
	19004  -  Total Bytes Received By Job
	Partitionable Resources :      Usage  Request Allocated 
	   Cpus                 :       0.00        1         1 
	   Disk (KB)            : 1952879          20    286663 
	   Memory (MB)          :      66        2000      2000 

	Job terminated of its own accord at 2021-06-03T14:15:48Z.
...
000 (116652.000.000) 06/04 09:05:37 Job submitted from host: <188.185.121.235:9618?addrs=188.185.121.235-9618+[2001-1458-d00-49--100-36e]-9618&alias=bigbird22.cern.ch&noUDP&sock=schedd_38044_991d>
...
040 (116652.000.000) 06/04 09:30:14 Started transferring input files
	Transferring to host: <128.142.84.244:9618?addrs=128.142.84.244-9618+[2001-1458-301-f6--100-46b]-9618&alias=b7s14n7869.cern.ch&noUDP&sock=slot1_11_32011_652f_82093>
...
040 (116652.000.000) 06/04 09:30:14 Finished transferring input files
...
001 (116652.000.000) 06/04 09:30:14 Job executing on host: <128.142.84.244:9618?addrs=128.142.84.244-9618+[2001-1458-301-f6--100-46b]-9618&alias=b7s14n7869.cern.ch&noUDP&sock=startd_16283_5cb3>
...
006 (116652.000.000) 06/04 09:30:23 Image size of job updated: 67500
	66  -  MemoryUsage of job (MB)
	67500  -  ResidentSetSize of job (KB)
...
006 (116652.000.000) 06/04 09:33:15 Image size of job updated: 790796
	66  -  MemoryUsage of job (MB)
	67500  -  ResidentSetSize of job (KB)
...
040 (116652.000.000) 06/04 09:33:15 Started transferring output files
...
040 (116652.000.000) 06/04 09:33:15 Finished transferring output files
...
005 (116652.000.000) 06/04 09:33:16 Job terminated.
	(1) Normal termination (return value 0)
		Usr 0 00:01:00, Sys 0 00:00:12  -  Run Remote Usage
		Usr 0 00:00:00, Sys 0 00:00:00  -  Run Local Usage
		Usr 0 00:01:00, Sys 0 00:00:12  -  Total Remote Usage
		Usr 0 00:00:00, Sys 0 00:00:00  -  Total Local Usage
	31408  -  Run Bytes Sent By Job
	19004  -  Run Bytes Received By Job
	31408  -  Total Bytes Sent By Job
	19004  -  Total Bytes Received By Job
	Partitionable Resources :    Usage  Request Allocated 
	   Cpus                 :                 1         1 
	   Disk (KB)            :  2759232       20    200220 
	   Memory (MB)          :       66     2000      2000 

	Job terminated of its own accord at 2021-06-04T07:33:15Z.
...
000 (124012.000.000) 06/08 10:52:03 Job submitted from host: <188.185.121.235:9618?addrs=188.185.121.235-9618+[2001-1458-d00-49--100-36e]-9618&alias=bigbird22.cern.ch&noUDP&sock=schedd_38044_991d>
...
040 (124012.000.000) 06/08 11:23:17 Entered queue to transfer input files
	Transferring to host: <188.184.190.23:9618?addrs=188.184.190.23-9618+[2001-1458-301-4b--100-8]-9618&alias=b7g42n0084.cern.ch&noUDP&sock=slot1_10_4400_f2ac_44293>
...
040 (124012.000.000) 06/08 11:53:59 Started transferring input files
	Seconds spent in queue: 1842
...
040 (124012.000.000) 06/08 11:53:59 Finished transferring input files
...
001 (124012.000.000) 06/08 11:53:59 Job executing on host: <188.184.190.23:9618?addrs=188.184.190.23-9618+[2001-1458-301-4b--100-8]-9618&alias=b7g42n0084.cern.ch&noUDP&sock=startd_4028_7391>
...
006 (124012.000.000) 06/08 11:54:08 Image size of job updated: 2092
	3  -  MemoryUsage of job (MB)
	2092  -  ResidentSetSize of job (KB)
...
006 (124012.000.000) 06/08 11:59:09 Image size of job updated: 791448
	67  -  MemoryUsage of job (MB)
	67768  -  ResidentSetSize of job (KB)
...
040 (124012.000.000) 06/08 12:28:20 Started transferring output files
	Seconds spent in queue: 3903
...
040 (124012.000.000) 06/08 12:28:20 Finished transferring output files
...
005 (124012.000.000) 06/08 12:28:20 Job terminated.
	(1) Normal termination (return value 0)
		Usr 0 00:01:21, Sys 0 00:00:13  -  Run Remote Usage
		Usr 0 00:00:00, Sys 0 00:00:00  -  Run Local Usage
		Usr 0 00:01:21, Sys 0 00:00:13  -  Total Remote Usage
		Usr 0 00:00:00, Sys 0 00:00:00  -  Total Local Usage
	50692  -  Run Bytes Sent By Job
	19004  -  Run Bytes Received By Job
	50692  -  Total Bytes Sent By Job
	19004  -  Total Bytes Received By Job
	Partitionable Resources :      Usage  Request Allocated 
	   Cpus                 :       0.01        1         1 
	   Disk (KB)            : 2759257          20    304502 
	   Memory (MB)          :      67        2000      2000 

	Job terminated of its own accord at 2021-06-08T10:28:20Z.
...
