000 (146742.000.000) 06/16 08:14:00 Job submitted from host: <188.185.121.235:9618?addrs=188.185.121.235-9618+[2001-1458-d00-49--100-36e]-9618&alias=bigbird22.cern.ch&noUDP&sock=schedd_38044_991d>
...
040 (146742.000.000) 06/16 08:35:06 Started transferring input files
	Transferring to host: <128.142.83.232:9618?addrs=128.142.83.232-9618+[2001-1458-301-f5--100-5da]-9618&alias=b7s13n1302.cern.ch&noUDP&sock=slot1_11_26666_5bf5_96008>
...
001 (146742.000.000) 06/16 08:35:07 Job executing on host: <128.142.83.232:9618?addrs=128.142.83.232-9618+[2001-1458-301-f5--100-5da]-9618&alias=b7s13n1302.cern.ch&noUDP&sock=startd_16710_3fa4>
...
040 (146742.000.000) 06/16 08:35:07 Finished transferring input files
...
006 (146742.000.000) 06/16 08:35:15 Image size of job updated: 783188
	35  -  MemoryUsage of job (MB)
	35596  -  ResidentSetSize of job (KB)
...
006 (146742.000.000) 06/16 08:37:36 Image size of job updated: 791456
	35  -  MemoryUsage of job (MB)
	35616  -  ResidentSetSize of job (KB)
...
040 (146742.000.000) 06/16 08:37:37 Started transferring output files
...
040 (146742.000.000) 06/16 08:37:37 Finished transferring output files
...
005 (146742.000.000) 06/16 08:37:38 Job terminated.
	(1) Normal termination (return value 0)
		Usr 0 00:00:07, Sys 0 00:00:02  -  Run Remote Usage
		Usr 0 00:00:00, Sys 0 00:00:00  -  Run Local Usage
		Usr 0 00:00:07, Sys 0 00:00:02  -  Total Remote Usage
		Usr 0 00:00:00, Sys 0 00:00:00  -  Total Local Usage
	23347  -  Run Bytes Sent By Job
	19004  -  Run Bytes Received By Job
	23347  -  Total Bytes Sent By Job
	19004  -  Total Bytes Received By Job
	Partitionable Resources :     Usage  Request Allocated 
	   Cpus                 :      0.03        1         1 
	   Disk (KB)            : 466101          20    286685 
	   Memory (MB)          :     35        2000      2000 

	Job terminated of its own accord at 2021-06-16T06:37:36Z.
...
