000 (108468.000.000) 06/02 16:30:07 Job submitted from host: <188.185.121.235:9618?addrs=188.185.121.235-9618+[2001-1458-d00-49--100-36e]-9618&alias=bigbird22.cern.ch&noUDP&sock=schedd_38044_991d>
...
040 (108468.000.000) 06/02 16:34:26 Started transferring input files
	Transferring to host: <128.142.79.179:9618?addrs=128.142.79.179-9618+[2001-1458-301-f4--100-15]-9618&alias=b7s12n1916.cern.ch&noUDP&sock=slot1_11_5801_1445_41871>
...
001 (108468.000.000) 06/02 16:34:26 Job executing on host: <128.142.79.179:9618?addrs=128.142.79.179-9618+[2001-1458-301-f4--100-15]-9618&alias=b7s12n1916.cern.ch&noUDP&sock=startd_4651_c712>
...
040 (108468.000.000) 06/02 16:34:26 Finished transferring input files
...
006 (108468.000.000) 06/02 16:34:35 Image size of job updated: 790824
	36  -  MemoryUsage of job (MB)
	35920  -  ResidentSetSize of job (KB)
...
006 (108468.000.000) 06/02 16:35:23 Image size of job updated: 790824
	36  -  MemoryUsage of job (MB)
	35996  -  ResidentSetSize of job (KB)
...
040 (108468.000.000) 06/02 16:35:23 Started transferring output files
...
040 (108468.000.000) 06/02 16:35:23 Finished transferring output files
...
005 (108468.000.000) 06/02 16:35:24 Job terminated.
	(1) Normal termination (return value 0)
		Usr 0 00:00:10, Sys 0 00:00:03  -  Run Remote Usage
		Usr 0 00:00:00, Sys 0 00:00:00  -  Run Local Usage
		Usr 0 00:00:10, Sys 0 00:00:03  -  Total Remote Usage
		Usr 0 00:00:00, Sys 0 00:00:00  -  Total Local Usage
	19537  -  Run Bytes Sent By Job
	19195  -  Run Bytes Received By Job
	19537  -  Total Bytes Sent By Job
	19195  -  Total Bytes Received By Job
	Partitionable Resources :    Usage  Request Allocated 
	   Cpus                 :                 1         1 
	   Disk (KB)            :   743527       20    280196 
	   Memory (MB)          :       36     2000      2000 

	Job terminated of its own accord at 2021-06-02T14:35:23Z.
...
