000 (147309.000.000) 06/16 08:25:16 Job submitted from host: <188.185.121.235:9618?addrs=188.185.121.235-9618+[2001-1458-d00-49--100-36e]-9618&alias=bigbird22.cern.ch&noUDP&sock=schedd_38044_991d>
...
040 (147309.000.000) 06/16 08:48:03 Started transferring input files
	Transferring to host: <188.184.169.8:9618?addrs=188.184.169.8-9618+[2001-1458-301-c0--100-97]-9618&alias=b7g52n7291.cern.ch&noUDP&sock=slot1_13_5850_9aa7_50319>
...
040 (147309.000.000) 06/16 08:48:03 Finished transferring input files
...
001 (147309.000.000) 06/16 08:48:03 Job executing on host: <188.184.169.8:9618?addrs=188.184.169.8-9618+[2001-1458-301-c0--100-97]-9618&alias=b7g52n7291.cern.ch&noUDP&sock=startd_4685_194a>
...
006 (147309.000.000) 06/16 08:48:11 Image size of job updated: 766796
	18  -  MemoryUsage of job (MB)
	18168  -  ResidentSetSize of job (KB)
...
006 (147309.000.000) 06/16 08:50:46 Image size of job updated: 791448
	18  -  MemoryUsage of job (MB)
	18192  -  ResidentSetSize of job (KB)
...
040 (147309.000.000) 06/16 08:50:51 Entered queue to transfer output files
...
040 (147309.000.000) 06/16 08:51:00 Started transferring output files
...
040 (147309.000.000) 06/16 08:51:25 Finished transferring output files
...
005 (147309.000.000) 06/16 08:51:46 Job terminated.
	(1) Normal termination (return value 0)
		Usr 0 00:00:07, Sys 0 00:00:02  -  Run Remote Usage
		Usr 0 00:00:00, Sys 0 00:00:00  -  Run Local Usage
		Usr 0 00:00:07, Sys 0 00:00:02  -  Total Remote Usage
		Usr 0 00:00:00, Sys 0 00:00:00  -  Total Local Usage
	24592  -  Run Bytes Sent By Job
	19004  -  Run Bytes Received By Job
	24592  -  Total Bytes Sent By Job
	19004  -  Total Bytes Received By Job
	Partitionable Resources :    Usage  Request Allocated 
	   Cpus                 :                 1         1 
	   Disk (KB)            :   465801       20    283037 
	   Memory (MB)          :       18     2000      2000 

	Job terminated of its own accord at 2021-06-16T06:50:46Z.
...
