000 (109285.000.000) 06/02 16:49:35 Job submitted from host: <188.185.121.235:9618?addrs=188.185.121.235-9618+[2001-1458-d00-49--100-36e]-9618&alias=bigbird22.cern.ch&noUDP&sock=schedd_38044_991d>
...
040 (109285.000.000) 06/02 18:34:57 Started transferring input files
	Transferring to host: <188.184.169.50:9618?addrs=188.184.169.50-9618+[2001-1458-301-c0--100-48e]-9618&alias=b7g52n9850.cern.ch&noUDP&sock=slot1_12_17421_6b9d_89370>
...
001 (109285.000.000) 06/02 18:34:57 Job executing on host: <188.184.169.50:9618?addrs=188.184.169.50-9618+[2001-1458-301-c0--100-48e]-9618&alias=b7g52n9850.cern.ch&noUDP&sock=startd_17772_b138>
...
040 (109285.000.000) 06/02 18:34:57 Finished transferring input files
...
006 (109285.000.000) 06/02 18:35:05 Image size of job updated: 790800
	35  -  MemoryUsage of job (MB)
	35636  -  ResidentSetSize of job (KB)
...
006 (109285.000.000) 06/02 18:36:59 Image size of job updated: 790800
	35  -  MemoryUsage of job (MB)
	35668  -  ResidentSetSize of job (KB)
...
040 (109285.000.000) 06/02 18:36:59 Started transferring output files
...
040 (109285.000.000) 06/02 18:36:59 Finished transferring output files
...
005 (109285.000.000) 06/02 18:36:59 Job terminated.
	(1) Normal termination (return value 0)
		Usr 0 00:00:37, Sys 0 00:00:08  -  Run Remote Usage
		Usr 0 00:00:00, Sys 0 00:00:00  -  Run Local Usage
		Usr 0 00:00:37, Sys 0 00:00:08  -  Total Remote Usage
		Usr 0 00:00:00, Sys 0 00:00:00  -  Total Local Usage
	27424  -  Run Bytes Sent By Job
	19195  -  Run Bytes Received By Job
	27424  -  Total Bytes Sent By Job
	19195  -  Total Bytes Received By Job
	Partitionable Resources :    Usage  Request Allocated 
	   Cpus                 :                 1         1 
	   Disk (KB)            :  1953217       20    261057 
	   Memory (MB)          :       35     2000      2000 

	Job terminated of its own accord at 2021-06-02T16:36:59Z.
...
