000 (146717.000.000) 06/16 08:13:38 Job submitted from host: <188.185.121.235:9618?addrs=188.185.121.235-9618+[2001-1458-d00-49--100-36e]-9618&alias=bigbird22.cern.ch&noUDP&sock=schedd_38044_991d>
...
040 (146717.000.000) 06/16 08:34:43 Started transferring input files
	Transferring to host: <128.142.161.121:9618?addrs=128.142.161.121-9618&alias=b7g03p2578.cern.ch&noUDP&sock=slot1_46_3989_5c7b_55609>
...
001 (146717.000.000) 06/16 08:34:43 Job executing on host: <128.142.161.121:9618?addrs=128.142.161.121-9618&alias=b7g03p2578.cern.ch&noUDP&sock=startd_3104_aa0f>
...
040 (146717.000.000) 06/16 08:34:43 Finished transferring input files
...
006 (146717.000.000) 06/16 08:34:52 Image size of job updated: 36720
	36  -  MemoryUsage of job (MB)
	36720  -  ResidentSetSize of job (KB)
...
006 (146717.000.000) 06/16 08:37:16 Image size of job updated: 791444
	36  -  MemoryUsage of job (MB)
	36748  -  ResidentSetSize of job (KB)
...
040 (146717.000.000) 06/16 08:37:16 Started transferring output files
...
040 (146717.000.000) 06/16 08:37:16 Finished transferring output files
...
005 (146717.000.000) 06/16 08:37:17 Job terminated.
	(1) Normal termination (return value 0)
		Usr 0 00:00:09, Sys 0 00:00:03  -  Run Remote Usage
		Usr 0 00:00:00, Sys 0 00:00:00  -  Run Local Usage
		Usr 0 00:00:09, Sys 0 00:00:03  -  Total Remote Usage
		Usr 0 00:00:00, Sys 0 00:00:00  -  Total Local Usage
	24219  -  Run Bytes Sent By Job
	19004  -  Run Bytes Received By Job
	24219  -  Total Bytes Sent By Job
	19004  -  Total Bytes Received By Job
	Partitionable Resources :     Usage  Request Allocated 
	   Cpus                 :      0.82        1         1 
	   Disk (KB)            : 466084          20   1344164 
	   Memory (MB)          :     36        2000      2000 

	Job terminated of its own accord at 2021-06-16T06:37:16Z.
...
