000 (109116.000.000) 06/02 16:45:24 Job submitted from host: <188.185.121.235:9618?addrs=188.185.121.235-9618+[2001-1458-d00-49--100-36e]-9618&alias=bigbird22.cern.ch&noUDP&sock=schedd_38044_991d>
...
040 (109116.000.000) 06/02 17:23:50 Started transferring input files
	Transferring to host: <188.184.212.63:9618?addrs=188.184.212.63-9618+[2001-1458-301-10c--100-38]-9618&alias=b7g24n0118.cern.ch&noUDP&sock=slot1_7_11541_6dae_81309>
...
001 (109116.000.000) 06/02 17:23:50 Job executing on host: <188.184.212.63:9618?addrs=188.184.212.63-9618+[2001-1458-301-10c--100-38]-9618&alias=b7g24n0118.cern.ch&noUDP&sock=startd_20310_8c95>
...
040 (109116.000.000) 06/02 17:23:50 Finished transferring input files
...
006 (109116.000.000) 06/02 17:23:58 Image size of job updated: 54176
	53  -  MemoryUsage of job (MB)
	54176  -  ResidentSetSize of job (KB)
...
006 (109116.000.000) 06/02 17:26:33 Image size of job updated: 790796
	54  -  MemoryUsage of job (MB)
	54312  -  ResidentSetSize of job (KB)
...
040 (109116.000.000) 06/02 17:26:33 Started transferring output files
...
040 (109116.000.000) 06/02 17:26:33 Finished transferring output files
...
005 (109116.000.000) 06/02 17:26:34 Job terminated.
	(1) Normal termination (return value 0)
		Usr 0 00:00:38, Sys 0 00:00:10  -  Run Remote Usage
		Usr 0 00:00:00, Sys 0 00:00:00  -  Run Local Usage
		Usr 0 00:00:38, Sys 0 00:00:10  -  Total Remote Usage
		Usr 0 00:00:00, Sys 0 00:00:00  -  Total Local Usage
	31310  -  Run Bytes Sent By Job
	19195  -  Run Bytes Received By Job
	31310  -  Total Bytes Sent By Job
	19195  -  Total Bytes Received By Job
	Partitionable Resources :      Usage  Request Allocated 
	   Cpus                 :       0.10        1         1 
	   Disk (KB)            : 1952602          20    280900 
	   Memory (MB)          :      54        2000      2000 

	Job terminated of its own accord at 2021-06-02T15:26:33Z.
...
