000 (147889.000.000) 06/16 08:37:27 Job submitted from host: <188.185.121.235:9618?addrs=188.185.121.235-9618+[2001-1458-d00-49--100-36e]-9618&alias=bigbird22.cern.ch&noUDP&sock=schedd_38044_991d>
...
040 (147889.000.000) 06/16 08:57:55 Started transferring input files
	Transferring to host: <188.184.186.52:9618?addrs=188.184.186.52-9618+[2001-1458-301-f8--100-36]-9618&alias=b7g28n0586.cern.ch&noUDP&sock=slot1_6_3994_e25b_44863>
...
040 (147889.000.000) 06/16 08:57:55 Finished transferring input files
...
001 (147889.000.000) 06/16 08:57:55 Job executing on host: <188.184.186.52:9618?addrs=188.184.186.52-9618+[2001-1458-301-f8--100-36]-9618&alias=b7g28n0586.cern.ch&noUDP&sock=startd_3416_ab9b>
...
006 (147889.000.000) 06/16 08:58:04 Image size of job updated: 625444
	11  -  MemoryUsage of job (MB)
	10392  -  ResidentSetSize of job (KB)
...
006 (147889.000.000) 06/16 09:03:05 Image size of job updated: 791456
	67  -  MemoryUsage of job (MB)
	67768  -  ResidentSetSize of job (KB)
...
040 (147889.000.000) 06/16 10:31:14 Started transferring output files
...
040 (147889.000.000) 06/16 10:31:14 Finished transferring output files
...
005 (147889.000.000) 06/16 10:31:14 Job terminated.
	(1) Normal termination (return value 0)
		Usr 0 00:01:53, Sys 0 00:00:21  -  Run Remote Usage
		Usr 0 00:00:00, Sys 0 00:00:00  -  Run Local Usage
		Usr 0 00:01:53, Sys 0 00:00:21  -  Total Remote Usage
		Usr 0 00:00:00, Sys 0 00:00:00  -  Total Local Usage
	54415  -  Run Bytes Sent By Job
	19004  -  Run Bytes Received By Job
	54415  -  Total Bytes Sent By Job
	19004  -  Total Bytes Received By Job
	Partitionable Resources :      Usage  Request Allocated 
	   Cpus                 :       0.01        1         1 
	   Disk (KB)            : 3070725          20    214555 
	   Memory (MB)          :      67        2000      2000 

	Job terminated of its own accord at 2021-06-16T08:31:14Z.
...
