000 (108888.000.000) 06/02 16:40:09 Job submitted from host: <188.185.121.235:9618?addrs=188.185.121.235-9618+[2001-1458-d00-49--100-36e]-9618&alias=bigbird22.cern.ch&noUDP&sock=schedd_38044_991d>
...
040 (108888.000.000) 06/02 16:57:35 Started transferring input files
	Transferring to host: <188.184.190.9:9618?addrs=188.184.190.9-9618+[2001-1458-301-4b--100-f]-9618&alias=b7g42n0113.cern.ch&noUDP&sock=slot1_8_5893_e6c9_33400>
...
040 (108888.000.000) 06/02 16:57:35 Finished transferring input files
...
001 (108888.000.000) 06/02 16:57:35 Job executing on host: <188.184.190.9:9618?addrs=188.184.190.9-9618+[2001-1458-301-4b--100-f]-9618&alias=b7g42n0113.cern.ch&noUDP&sock=startd_4630_5f95>
...
006 (108888.000.000) 06/02 16:57:44 Image size of job updated: 23004
	23  -  MemoryUsage of job (MB)
	22624  -  ResidentSetSize of job (KB)
...
006 (108888.000.000) 06/02 17:02:44 Image size of job updated: 790820
	66  -  MemoryUsage of job (MB)
	67496  -  ResidentSetSize of job (KB)
...
006 (108888.000.000) 06/02 17:12:45 Image size of job updated: 798988
	66  -  MemoryUsage of job (MB)
	67496  -  ResidentSetSize of job (KB)
...
006 (108888.000.000) 06/02 17:17:46 Image size of job updated: 798988
	92  -  MemoryUsage of job (MB)
	93696  -  ResidentSetSize of job (KB)
...
040 (108888.000.000) 06/02 17:20:19 Started transferring output files
...
040 (108888.000.000) 06/02 17:20:19 Finished transferring output files
...
005 (108888.000.000) 06/02 17:20:19 Job terminated.
	(1) Normal termination (return value 0)
		Usr 0 00:02:48, Sys 0 00:00:31  -  Run Remote Usage
		Usr 0 00:00:00, Sys 0 00:00:00  -  Run Local Usage
		Usr 0 00:02:48, Sys 0 00:00:31  -  Total Remote Usage
		Usr 0 00:00:00, Sys 0 00:00:00  -  Total Local Usage
	67038  -  Run Bytes Sent By Job
	19195  -  Run Bytes Received By Job
	67038  -  Total Bytes Sent By Job
	19195  -  Total Bytes Received By Job
	Partitionable Resources :      Usage  Request Allocated 
	   Cpus                 :       0.01        1         1 
	   Disk (KB)            : 4242923          20    303215 
	   Memory (MB)          :      92        2000      2000 

	Job terminated of its own accord at 2021-06-02T15:20:19Z.
...
