000 (148815.000.000) 06/16 08:57:36 Job submitted from host: <188.185.121.235:9618?addrs=188.185.121.235-9618+[2001-1458-d00-49--100-36e]-9618&alias=bigbird22.cern.ch&noUDP&sock=schedd_38044_991d>
...
040 (148815.000.000) 06/16 09:55:12 Started transferring input files
	Transferring to host: <188.184.197.173:9618?addrs=188.184.197.173-9618+[2001-1458-301-103--100-110]-9618&alias=b7g23n1445.cern.ch&noUDP&sock=slot1_1_4902_a700_44211>
...
040 (148815.000.000) 06/16 09:55:12 Finished transferring input files
...
001 (148815.000.000) 06/16 09:55:12 Job executing on host: <188.184.197.173:9618?addrs=188.184.197.173-9618+[2001-1458-301-103--100-110]-9618&alias=b7g23n1445.cern.ch&noUDP&sock=startd_3875_8194>
...
006 (148815.000.000) 06/16 09:55:21 Image size of job updated: 321800
	67  -  MemoryUsage of job (MB)
	67768  -  ResidentSetSize of job (KB)
...
006 (148815.000.000) 06/16 10:00:22 Image size of job updated: 791428
	88  -  MemoryUsage of job (MB)
	89820  -  ResidentSetSize of job (KB)
...
040 (148815.000.000) 06/16 10:01:09 Started transferring output files
...
040 (148815.000.000) 06/16 10:01:09 Finished transferring output files
...
005 (148815.000.000) 06/16 10:01:09 Job terminated.
	(1) Normal termination (return value 0)
		Usr 0 00:00:51, Sys 0 00:00:17  -  Run Remote Usage
		Usr 0 00:00:00, Sys 0 00:00:00  -  Run Local Usage
		Usr 0 00:00:51, Sys 0 00:00:17  -  Total Remote Usage
		Usr 0 00:00:00, Sys 0 00:00:00  -  Total Local Usage
	43457  -  Run Bytes Sent By Job
	19004  -  Run Bytes Received By Job
	43457  -  Total Bytes Sent By Job
	19004  -  Total Bytes Received By Job
	Partitionable Resources :      Usage  Request Allocated 
	   Cpus                 :       1.00        1         1 
	   Disk (KB)            : 2364901          20    353235 
	   Memory (MB)          :      88        2000      2000 

	Job terminated of its own accord at 2021-06-16T08:01:09Z.
...
