000 (109178.000.000) 06/02 16:46:59 Job submitted from host: <188.185.121.235:9618?addrs=188.185.121.235-9618+[2001-1458-d00-49--100-36e]-9618&alias=bigbird22.cern.ch&noUDP&sock=schedd_38044_991d>
...
040 (109178.000.000) 06/02 17:31:08 Started transferring input files
	Transferring to host: <188.184.190.9:9618?addrs=188.184.190.9-9618+[2001-1458-301-4b--100-f]-9618&alias=b7g42n0113.cern.ch&noUDP&sock=slot1_11_5893_e6c9_33420>
...
001 (109178.000.000) 06/02 17:31:08 Job executing on host: <188.184.190.9:9618?addrs=188.184.190.9-9618+[2001-1458-301-4b--100-f]-9618&alias=b7g42n0113.cern.ch&noUDP&sock=startd_4630_5f95>
...
040 (109178.000.000) 06/02 17:31:08 Finished transferring input files
...
006 (109178.000.000) 06/02 17:31:16 Image size of job updated: 71812
	4  -  MemoryUsage of job (MB)
	3352  -  ResidentSetSize of job (KB)
...
006 (109178.000.000) 06/02 17:36:16 Image size of job updated: 790824
	66  -  MemoryUsage of job (MB)
	67496  -  ResidentSetSize of job (KB)
...
006 (109178.000.000) 06/02 18:31:22 Image size of job updated: 790824
	88  -  MemoryUsage of job (MB)
	89720  -  ResidentSetSize of job (KB)
...
040 (109178.000.000) 06/02 18:32:02 Started transferring output files
...
040 (109178.000.000) 06/02 18:32:02 Finished transferring output files
...
005 (109178.000.000) 06/02 18:32:02 Job terminated.
	(1) Normal termination (return value 0)
		Usr 0 00:00:53, Sys 0 00:00:10  -  Run Remote Usage
		Usr 0 00:00:00, Sys 0 00:00:00  -  Run Local Usage
		Usr 0 00:00:53, Sys 0 00:00:10  -  Total Remote Usage
		Usr 0 00:00:00, Sys 0 00:00:00  -  Total Local Usage
	40351  -  Run Bytes Sent By Job
	19195  -  Run Bytes Received By Job
	40351  -  Total Bytes Sent By Job
	19195  -  Total Bytes Received By Job
	Partitionable Resources :      Usage  Request Allocated 
	   Cpus                 :       0.01        1         1 
	   Disk (KB)            : 1952839          20    300681 
	   Memory (MB)          :      88        2000      2000 

	Job terminated of its own accord at 2021-06-02T16:32:01Z.
...
