000 (108763.000.000) 06/02 16:37:47 Job submitted from host: <188.185.121.235:9618?addrs=188.185.121.235-9618+[2001-1458-d00-49--100-36e]-9618&alias=bigbird22.cern.ch&noUDP&sock=schedd_38044_991d>
...
040 (108763.000.000) 06/02 16:50:42 Started transferring input files
	Transferring to host: <128.142.77.107:9618?addrs=128.142.77.107-9618+[2001-1458-301-f4--100-27e]-9618&alias=b7s12n3833.cern.ch&noUDP&sock=slot1_11_5844_6067_29150>
...
001 (108763.000.000) 06/02 16:50:42 Job executing on host: <128.142.77.107:9618?addrs=128.142.77.107-9618+[2001-1458-301-f4--100-27e]-9618&alias=b7s12n3833.cern.ch&noUDP&sock=startd_4585_81d2>
...
040 (108763.000.000) 06/02 16:50:42 Finished transferring input files
...
006 (108763.000.000) 06/02 16:50:50 Image size of job updated: 790824
	38  -  MemoryUsage of job (MB)
	38692  -  ResidentSetSize of job (KB)
...
006 (108763.000.000) 06/02 16:55:50 Image size of job updated: 790824
	66  -  MemoryUsage of job (MB)
	67100  -  ResidentSetSize of job (KB)
...
006 (108763.000.000) 06/02 17:00:50 Image size of job updated: 790824
	109  -  MemoryUsage of job (MB)
	111020  -  ResidentSetSize of job (KB)
...
040 (108763.000.000) 06/02 17:02:02 Started transferring output files
...
040 (108763.000.000) 06/02 17:02:02 Finished transferring output files
...
005 (108763.000.000) 06/02 17:02:02 Job terminated.
	(1) Normal termination (return value 0)
		Usr 0 00:02:05, Sys 0 00:00:22  -  Run Remote Usage
		Usr 0 00:00:00, Sys 0 00:00:00  -  Run Local Usage
		Usr 0 00:02:05, Sys 0 00:00:22  -  Total Remote Usage
		Usr 0 00:00:00, Sys 0 00:00:00  -  Total Local Usage
	58520  -  Run Bytes Sent By Job
	19195  -  Run Bytes Received By Job
	58520  -  Total Bytes Sent By Job
	19195  -  Total Bytes Received By Job
	Partitionable Resources :      Usage  Request Allocated 
	   Cpus                 :       0.07        1         1 
	   Disk (KB)            : 4242354          20    273407 
	   Memory (MB)          :     109        2000      2000 

	Job terminated of its own accord at 2021-06-02T15:02:02Z.
...
