000 (146946.000.000) 06/16 08:18:15 Job submitted from host: <188.185.121.235:9618?addrs=188.185.121.235-9618+[2001-1458-d00-49--100-36e]-9618&alias=bigbird22.cern.ch&noUDP&sock=schedd_38044_991d>
...
040 (146946.000.000) 06/16 08:45:18 Started transferring input files
	Transferring to host: <128.142.75.138:9618?addrs=128.142.75.138-9618+[2001-1458-301-75--100-55a]-9618&alias=b7s11n8507.cern.ch&noUDP&sock=slot1_6_6360_f1fc_42498>
...
001 (146946.000.000) 06/16 08:45:18 Job executing on host: <128.142.75.138:9618?addrs=128.142.75.138-9618+[2001-1458-301-75--100-55a]-9618&alias=b7s11n8507.cern.ch&noUDP&sock=startd_5074_eba1>
...
040 (146946.000.000) 06/16 08:45:18 Finished transferring input files
...
006 (146946.000.000) 06/16 08:45:27 Image size of job updated: 791452
	63  -  MemoryUsage of job (MB)
	64160  -  ResidentSetSize of job (KB)
...
006 (146946.000.000) 06/16 08:45:57 Image size of job updated: 791452
	63  -  MemoryUsage of job (MB)
	64176  -  ResidentSetSize of job (KB)
...
040 (146946.000.000) 06/16 08:45:58 Started transferring output files
...
040 (146946.000.000) 06/16 08:45:58 Finished transferring output files
...
005 (146946.000.000) 06/16 08:45:59 Job terminated.
	(1) Normal termination (return value 0)
		Usr 0 00:00:07, Sys 0 00:00:03  -  Run Remote Usage
		Usr 0 00:00:00, Sys 0 00:00:00  -  Run Local Usage
		Usr 0 00:00:07, Sys 0 00:00:03  -  Total Remote Usage
		Usr 0 00:00:00, Sys 0 00:00:00  -  Total Local Usage
	21874  -  Run Bytes Sent By Job
	19004  -  Run Bytes Received By Job
	21874  -  Total Bytes Sent By Job
	19004  -  Total Bytes Received By Job
	Partitionable Resources :    Usage  Request Allocated 
	   Cpus                 :                 1         1 
	   Disk (KB)            :   466130       20    189482 
	   Memory (MB)          :       63     2000      2000 

	Job terminated of its own accord at 2021-06-16T06:45:57Z.
...
