000 (108676.000.000) 06/02 16:35:42 Job submitted from host: <188.185.121.235:9618?addrs=188.185.121.235-9618+[2001-1458-d00-49--100-36e]-9618&alias=bigbird22.cern.ch&noUDP&sock=schedd_38044_991d>
...
040 (108676.000.000) 06/02 16:45:08 Started transferring input files
	Transferring to host: <128.142.69.248:9618?addrs=128.142.69.248-9618+[2001-1458-301-52--100-256]-9618&alias=b7s10n2106.cern.ch&noUDP&sock=slot1_9_4746_bc7a_39451>
...
040 (108676.000.000) 06/02 16:45:08 Finished transferring input files
...
001 (108676.000.000) 06/02 16:45:08 Job executing on host: <128.142.69.248:9618?addrs=128.142.69.248-9618+[2001-1458-301-52--100-256]-9618&alias=b7s10n2106.cern.ch&noUDP&sock=startd_3863_4671>
...
006 (108676.000.000) 06/02 16:45:17 Image size of job updated: 790820
	66  -  MemoryUsage of job (MB)
	67508  -  ResidentSetSize of job (KB)
...
040 (108676.000.000) 06/02 16:45:47 Started transferring output files
...
040 (108676.000.000) 06/02 16:45:47 Finished transferring output files
...
005 (108676.000.000) 06/02 16:45:47 Job terminated.
	(1) Normal termination (return value 0)
		Usr 0 00:00:12, Sys 0 00:00:03  -  Run Remote Usage
		Usr 0 00:00:00, Sys 0 00:00:00  -  Run Local Usage
		Usr 0 00:00:12, Sys 0 00:00:03  -  Total Remote Usage
		Usr 0 00:00:00, Sys 0 00:00:00  -  Total Local Usage
	18892  -  Run Bytes Sent By Job
	19195  -  Run Bytes Received By Job
	18892  -  Total Bytes Sent By Job
	19195  -  Total Bytes Received By Job
	Partitionable Resources :    Usage  Request Allocated 
	   Cpus                 :                 1         1 
	   Disk (KB)            :   743678       20    193334 
	   Memory (MB)          :       66     2000      2000 

	Job terminated of its own accord at 2021-06-02T14:45:47Z.
...
