000 (147527.000.000) 06/16 08:29:58 Job submitted from host: <188.185.121.235:9618?addrs=188.185.121.235-9618+[2001-1458-d00-49--100-36e]-9618&alias=bigbird22.cern.ch&noUDP&sock=schedd_38044_991d>
...
040 (147527.000.000) 06/16 08:55:25 Started transferring input files
	Transferring to host: <128.142.73.23:9618?addrs=128.142.73.23-9618+[2001-1458-301-75--100-55f]-9618&alias=b7s11n6069.cern.ch&noUDP&sock=slot1_6_4807_b75d_42475>
...
040 (147527.000.000) 06/16 08:55:25 Finished transferring input files
...
001 (147527.000.000) 06/16 08:55:25 Job executing on host: <128.142.73.23:9618?addrs=128.142.73.23-9618+[2001-1458-301-75--100-55f]-9618&alias=b7s11n6069.cern.ch&noUDP&sock=startd_3898_4841>
...
006 (147527.000.000) 06/16 08:55:34 Image size of job updated: 625444
	15  -  MemoryUsage of job (MB)
	14656  -  ResidentSetSize of job (KB)
...
006 (147527.000.000) 06/16 09:00:34 Image size of job updated: 791456
	67  -  MemoryUsage of job (MB)
	67772  -  ResidentSetSize of job (KB)
...
040 (147527.000.000) 06/16 09:52:54 Started transferring output files
...
040 (147527.000.000) 06/16 09:52:55 Finished transferring output files
...
005 (147527.000.000) 06/16 09:52:55 Job terminated.
	(1) Normal termination (return value 0)
		Usr 0 00:01:26, Sys 0 00:00:19  -  Run Remote Usage
		Usr 0 00:00:00, Sys 0 00:00:00  -  Run Local Usage
		Usr 0 00:01:26, Sys 0 00:00:19  -  Total Remote Usage
		Usr 0 00:00:00, Sys 0 00:00:00  -  Total Local Usage
	54357  -  Run Bytes Sent By Job
	19004  -  Run Bytes Received By Job
	54357  -  Total Bytes Sent By Job
	19004  -  Total Bytes Received By Job
	Partitionable Resources :      Usage  Request Allocated 
	   Cpus                 :       0.85        1         1 
	   Disk (KB)            : 3075263          20    288958 
	   Memory (MB)          :      67        2000      2000 

	Job terminated of its own accord at 2021-06-16T07:52:54Z.
...
