000 (148466.000.000) 06/16 08:49:19 Job submitted from host: <188.185.121.235:9618?addrs=188.185.121.235-9618+[2001-1458-d00-49--100-36e]-9618&alias=bigbird22.cern.ch&noUDP&sock=schedd_38044_991d>
...
040 (148466.000.000) 06/16 09:31:58 Started transferring input files
	Transferring to host: <128.142.85.1:9618?addrs=128.142.85.1-9618+[2001-1458-301-f6--100-13b]-9618&alias=b7s14n6965.cern.ch&noUDP&sock=slot1_12_4355_3dca_56524>
...
040 (148466.000.000) 06/16 09:31:58 Finished transferring input files
...
001 (148466.000.000) 06/16 09:31:58 Job executing on host: <128.142.85.1:9618?addrs=128.142.85.1-9618+[2001-1458-301-f6--100-13b]-9618&alias=b7s14n6965.cern.ch&noUDP&sock=startd_3405_2011>
...
006 (148466.000.000) 06/16 09:32:06 Image size of job updated: 625444
	6  -  MemoryUsage of job (MB)
	5156  -  ResidentSetSize of job (KB)
...
006 (148466.000.000) 06/16 09:37:06 Image size of job updated: 791456
	41  -  MemoryUsage of job (MB)
	41392  -  ResidentSetSize of job (KB)
...
006 (148466.000.000) 06/16 09:42:06 Image size of job updated: 791456
	67  -  MemoryUsage of job (MB)
	67772  -  ResidentSetSize of job (KB)
...
040 (148466.000.000) 06/16 12:11:50 Started transferring output files
...
040 (148466.000.000) 06/16 12:11:50 Finished transferring output files
...
005 (148466.000.000) 06/16 12:11:50 Job terminated.
	(1) Normal termination (return value 0)
		Usr 0 00:01:04, Sys 0 00:00:14  -  Run Remote Usage
		Usr 0 00:00:00, Sys 0 00:00:00  -  Run Local Usage
		Usr 0 00:01:04, Sys 0 00:00:14  -  Total Remote Usage
		Usr 0 00:00:00, Sys 0 00:00:00  -  Total Local Usage
	46662  -  Run Bytes Sent By Job
	19004  -  Run Bytes Received By Job
	46662  -  Total Bytes Sent By Job
	19004  -  Total Bytes Received By Job
	Partitionable Resources :      Usage  Request Allocated 
	   Cpus                 :       0.00        1         1 
	   Disk (KB)            : 2368239          20    267944 
	   Memory (MB)          :      67        2000      2000 

	Job terminated of its own accord at 2021-06-16T10:11:50Z.
...
