000 (109000.000.000) 06/02 16:42:36 Job submitted from host: <188.185.121.235:9618?addrs=188.185.121.235-9618+[2001-1458-d00-49--100-36e]-9618&alias=bigbird22.cern.ch&noUDP&sock=schedd_38044_991d>
...
040 (109000.000.000) 06/02 17:06:32 Started transferring input files
	Transferring to host: <128.142.75.180:9618?addrs=128.142.75.180-9618+[2001-1458-301-75--100-12b]-9618&alias=b7s11n6194.cern.ch&noUDP&sock=slot1_4_30204_3345_42510>
...
040 (109000.000.000) 06/02 17:06:32 Finished transferring input files
...
001 (109000.000.000) 06/02 17:06:32 Job executing on host: <128.142.75.180:9618?addrs=128.142.75.180-9618+[2001-1458-301-75--100-12b]-9618&alias=b7s11n6194.cern.ch&noUDP&sock=startd_4552_df32>
...
006 (109000.000.000) 06/02 17:06:40 Image size of job updated: 782548
	42  -  MemoryUsage of job (MB)
	42036  -  ResidentSetSize of job (KB)
...
006 (109000.000.000) 06/02 17:11:41 Image size of job updated: 790796
	66  -  MemoryUsage of job (MB)
	67496  -  ResidentSetSize of job (KB)
...
040 (109000.000.000) 06/02 17:24:43 Started transferring output files
...
040 (109000.000.000) 06/02 17:24:43 Finished transferring output files
...
005 (109000.000.000) 06/02 17:24:43 Job terminated.
	(1) Normal termination (return value 0)
		Usr 0 00:01:44, Sys 0 00:00:24  -  Run Remote Usage
		Usr 0 00:00:00, Sys 0 00:00:00  -  Run Local Usage
		Usr 0 00:01:44, Sys 0 00:00:24  -  Total Remote Usage
		Usr 0 00:00:00, Sys 0 00:00:00  -  Total Local Usage
	65083  -  Run Bytes Sent By Job
	19195  -  Run Bytes Received By Job
	65083  -  Total Bytes Sent By Job
	19195  -  Total Bytes Received By Job
	Partitionable Resources :      Usage  Request Allocated 
	   Cpus                 :       0.93        1         1 
	   Disk (KB)            : 4241982          20    270034 
	   Memory (MB)          :      66        2000      2000 

	Job terminated of its own accord at 2021-06-02T15:24:43Z.
...
