000 (147836.000.000) 06/16 08:36:26 Job submitted from host: <188.185.121.235:9618?addrs=188.185.121.235-9618+[2001-1458-d00-49--100-36e]-9618&alias=bigbird22.cern.ch&noUDP&sock=schedd_38044_991d>
...
040 (147836.000.000) 06/16 08:57:34 Started transferring input files
	Transferring to host: <188.184.210.158:9618?addrs=188.184.210.158-9618+[2001-1458-301-10b--100-126]-9618&alias=b7g23n8165.cern.ch&noUDP&sock=slot1_9_8104_c043_92791>
...
040 (147836.000.000) 06/16 08:57:34 Finished transferring input files
...
001 (147836.000.000) 06/16 08:57:34 Job executing on host: <188.184.210.158:9618?addrs=188.184.210.158-9618+[2001-1458-301-10b--100-126]-9618&alias=b7g23n8165.cern.ch&noUDP&sock=startd_17543_9e08>
...
006 (147836.000.000) 06/16 08:57:42 Image size of job updated: 766796
	22  -  MemoryUsage of job (MB)
	22248  -  ResidentSetSize of job (KB)
...
006 (147836.000.000) 06/16 09:02:42 Image size of job updated: 791448
	67  -  MemoryUsage of job (MB)
	67764  -  ResidentSetSize of job (KB)
...
006 (147836.000.000) 06/16 09:42:48 Image size of job updated: 791448
	90  -  MemoryUsage of job (MB)
	91684  -  ResidentSetSize of job (KB)
...
040 (147836.000.000) 06/16 09:44:48 Started transferring output files
...
040 (147836.000.000) 06/16 09:44:48 Finished transferring output files
...
005 (147836.000.000) 06/16 09:44:48 Job terminated.
	(1) Normal termination (return value 0)
		Usr 0 00:02:02, Sys 0 00:00:29  -  Run Remote Usage
		Usr 0 00:00:00, Sys 0 00:00:00  -  Run Local Usage
		Usr 0 00:02:02, Sys 0 00:00:29  -  Total Remote Usage
		Usr 0 00:00:00, Sys 0 00:00:00  -  Total Local Usage
	54293  -  Run Bytes Sent By Job
	19004  -  Run Bytes Received By Job
	54293  -  Total Bytes Sent By Job
	19004  -  Total Bytes Received By Job
	Partitionable Resources :      Usage  Request Allocated 
	   Cpus                 :       0.01        1         1 
	   Disk (KB)            : 3080202          20    338590 
	   Memory (MB)          :      90        2000      2000 

	Job terminated of its own accord at 2021-06-16T07:44:48Z.
...
