000 (147237.000.000) 06/16 08:24:15 Job submitted from host: <188.185.121.235:9618?addrs=188.185.121.235-9618+[2001-1458-d00-49--100-36e]-9618&alias=bigbird22.cern.ch&noUDP&sock=schedd_38044_991d>
...
040 (147237.000.000) 06/16 08:47:36 Started transferring input files
	Transferring to host: <188.184.132.220:9618?addrs=188.184.132.220-9618+[2001-1458-301-a0--100-b9]-9618&alias=b7g28n0821.cern.ch&noUDP&sock=slot1_9_29158_32db_96549>
...
040 (147237.000.000) 06/16 08:47:36 Finished transferring input files
...
001 (147237.000.000) 06/16 08:47:36 Job executing on host: <188.184.132.220:9618?addrs=188.184.132.220-9618+[2001-1458-301-a0--100-b9]-9618&alias=b7g28n0821.cern.ch&noUDP&sock=startd_1844_68ba>
...
006 (147237.000.000) 06/16 08:47:44 Image size of job updated: 783188
	39  -  MemoryUsage of job (MB)
	38944  -  ResidentSetSize of job (KB)
...
006 (147237.000.000) 06/16 08:52:44 Image size of job updated: 791440
	67  -  MemoryUsage of job (MB)
	67772  -  ResidentSetSize of job (KB)
...
040 (147237.000.000) 06/16 08:54:44 Started transferring output files
...
040 (147237.000.000) 06/16 08:54:44 Finished transferring output files
...
005 (147237.000.000) 06/16 08:54:46 Job terminated.
	(1) Normal termination (return value 0)
		Usr 0 00:00:08, Sys 0 00:00:02  -  Run Remote Usage
		Usr 0 00:00:00, Sys 0 00:00:00  -  Run Local Usage
		Usr 0 00:00:08, Sys 0 00:00:02  -  Total Remote Usage
		Usr 0 00:00:00, Sys 0 00:00:00  -  Total Local Usage
	21293  -  Run Bytes Sent By Job
	19004  -  Run Bytes Received By Job
	21293  -  Total Bytes Sent By Job
	19004  -  Total Bytes Received By Job
	Partitionable Resources :     Usage  Request Allocated 
	   Cpus                 :      0.01        1         1 
	   Disk (KB)            : 466080          20    212157 
	   Memory (MB)          :     67        2000      2000 

	Job terminated of its own accord at 2021-06-16T06:54:44Z.
...
