000 (109143.000.000) 06/02 16:46:09 Job submitted from host: <188.185.121.235:9618?addrs=188.185.121.235-9618+[2001-1458-d00-49--100-36e]-9618&alias=bigbird22.cern.ch&noUDP&sock=schedd_38044_991d>
...
040 (109143.000.000) 06/02 17:25:57 Started transferring input files
	Transferring to host: <188.184.168.218:9618?addrs=188.184.168.218-9618+[2001-1458-301-c0--100-150]-9618&alias=b7g52n8346.cern.ch&noUDP&sock=slot1_14_23654_21fb_42133>
...
040 (109143.000.000) 06/02 17:25:57 Finished transferring input files
...
001 (109143.000.000) 06/02 17:25:57 Job executing on host: <188.184.168.218:9618?addrs=188.184.168.218-9618+[2001-1458-301-c0--100-150]-9618&alias=b7g52n8346.cern.ch&noUDP&sock=startd_5345_cdcc>
...
006 (109143.000.000) 06/02 17:26:06 Image size of job updated: 624804
	10  -  MemoryUsage of job (MB)
	9684  -  ResidentSetSize of job (KB)
...
006 (109143.000.000) 06/02 17:31:07 Image size of job updated: 790824
	66  -  MemoryUsage of job (MB)
	67504  -  ResidentSetSize of job (KB)
...
006 (109143.000.000) 06/02 18:31:12 Image size of job updated: 790824
	88  -  MemoryUsage of job (MB)
	89732  -  ResidentSetSize of job (KB)
...
040 (109143.000.000) 06/02 18:31:34 Started transferring output files
...
040 (109143.000.000) 06/02 18:31:34 Finished transferring output files
...
005 (109143.000.000) 06/02 18:31:35 Job terminated.
	(1) Normal termination (return value 0)
		Usr 0 00:00:38, Sys 0 00:00:12  -  Run Remote Usage
		Usr 0 00:00:00, Sys 0 00:00:00  -  Run Local Usage
		Usr 0 00:00:38, Sys 0 00:00:12  -  Total Remote Usage
		Usr 0 00:00:00, Sys 0 00:00:00  -  Total Local Usage
	42290  -  Run Bytes Sent By Job
	19195  -  Run Bytes Received By Job
	42290  -  Total Bytes Sent By Job
	19195  -  Total Bytes Received By Job
	Partitionable Resources :      Usage  Request Allocated 
	   Cpus                 :       0.00        1         1 
	   Disk (KB)            : 1952726          20    232140 
	   Memory (MB)          :      88        2000      2000 

	Job terminated of its own accord at 2021-06-02T16:31:34Z.
...
