000 (147575.000.000) 06/16 08:31:02 Job submitted from host: <188.185.121.235:9618?addrs=188.185.121.235-9618+[2001-1458-d00-49--100-36e]-9618&alias=bigbird22.cern.ch&noUDP&sock=schedd_38044_991d>
...
040 (147575.000.000) 06/16 08:55:43 Started transferring input files
	Transferring to host: <128.142.161.97:9618?addrs=128.142.161.97-9618+[2001-1458-301-b8--100-1f]-9618&alias=b7g03p8238.cern.ch&noUDP&sock=slot1_50_45867_3362_14852>
...
040 (147575.000.000) 06/16 08:55:44 Finished transferring input files
...
001 (147575.000.000) 06/16 08:55:44 Job executing on host: <128.142.161.97:9618?addrs=128.142.161.97-9618+[2001-1458-301-b8--100-1f]-9618&alias=b7g03p8238.cern.ch&noUDP&sock=startd_70615_9850>
...
006 (147575.000.000) 06/16 08:55:52 Image size of job updated: 6344
	7  -  MemoryUsage of job (MB)
	6344  -  ResidentSetSize of job (KB)
...
006 (147575.000.000) 06/16 09:00:52 Image size of job updated: 791456
	67  -  MemoryUsage of job (MB)
	67776  -  ResidentSetSize of job (KB)
...
040 (147575.000.000) 06/16 12:19:24 Started transferring output files
...
040 (147575.000.000) 06/16 12:19:24 Finished transferring output files
...
005 (147575.000.000) 06/16 12:19:25 Job terminated.
	(1) Normal termination (return value 0)
		Usr 0 00:02:02, Sys 0 00:00:26  -  Run Remote Usage
		Usr 0 00:00:00, Sys 0 00:00:00  -  Run Local Usage
		Usr 0 00:02:02, Sys 0 00:00:26  -  Total Remote Usage
		Usr 0 00:00:00, Sys 0 00:00:00  -  Total Local Usage
	54384  -  Run Bytes Sent By Job
	19004  -  Run Bytes Received By Job
	54384  -  Total Bytes Sent By Job
	19004  -  Total Bytes Received By Job
	Partitionable Resources :      Usage  Request Allocated 
	   Cpus                 :       0.00        1         1 
	   Disk (KB)            : 3073134          20   1421173 
	   Memory (MB)          :      67        2000      2000 

	Job terminated of its own accord at 2021-06-16T10:19:24Z.
...
