000 (148373.000.000) 06/16 08:47:35 Job submitted from host: <188.185.121.235:9618?addrs=188.185.121.235-9618+[2001-1458-d00-49--100-36e]-9618&alias=bigbird22.cern.ch&noUDP&sock=schedd_38044_991d>
...
040 (148373.000.000) 06/16 09:12:33 Started transferring input files
	Transferring to host: <188.184.182.43:9618?addrs=188.184.182.43-9618+[2001-1458-301-2b--100-291]-9618&alias=b7g41n8018.cern.ch&noUDP&sock=slot1_11_4273_7707_38989>
...
040 (148373.000.000) 06/16 09:12:33 Finished transferring input files
...
001 (148373.000.000) 06/16 09:12:33 Job executing on host: <188.184.182.43:9618?addrs=188.184.182.43-9618+[2001-1458-301-2b--100-291]-9618&alias=b7g41n8018.cern.ch&noUDP&sock=startd_3661_b84f>
...
006 (148373.000.000) 06/16 09:12:42 Image size of job updated: 625444
	14  -  MemoryUsage of job (MB)
	14032  -  ResidentSetSize of job (KB)
...
006 (148373.000.000) 06/16 09:17:43 Image size of job updated: 791456
	67  -  MemoryUsage of job (MB)
	67764  -  ResidentSetSize of job (KB)
...
006 (148373.000.000) 06/16 10:27:50 Image size of job updated: 791456
	89  -  MemoryUsage of job (MB)
	90236  -  ResidentSetSize of job (KB)
...
040 (148373.000.000) 06/16 10:28:19 Started transferring output files
...
040 (148373.000.000) 06/16 10:28:19 Finished transferring output files
...
005 (148373.000.000) 06/16 10:28:19 Job terminated.
	(1) Normal termination (return value 0)
		Usr 0 00:00:55, Sys 0 00:00:15  -  Run Remote Usage
		Usr 0 00:00:00, Sys 0 00:00:00  -  Run Local Usage
		Usr 0 00:00:55, Sys 0 00:00:15  -  Total Remote Usage
		Usr 0 00:00:00, Sys 0 00:00:00  -  Total Local Usage
	46416  -  Run Bytes Sent By Job
	19004  -  Run Bytes Received By Job
	46416  -  Total Bytes Sent By Job
	19004  -  Total Bytes Received By Job
	Partitionable Resources :      Usage  Request Allocated 
	   Cpus                 :       0.00        1         1 
	   Disk (KB)            : 2368082          20    365043 
	   Memory (MB)          :      89        2000      2000 

	Job terminated of its own accord at 2021-06-16T08:28:19Z.
...
