000 (147838.000.000) 06/16 08:36:28 Job submitted from host: <188.185.121.235:9618?addrs=188.185.121.235-9618+[2001-1458-d00-49--100-36e]-9618&alias=bigbird22.cern.ch&noUDP&sock=schedd_38044_991d>
...
040 (147838.000.000) 06/16 08:57:34 Started transferring input files
	Transferring to host: <188.184.197.53:9618?addrs=188.184.197.53-9618&alias=b7g23n0076.cern.ch&noUDP&sock=slot1_6_2552_dd61_50441>
...
040 (147838.000.000) 06/16 08:57:34 Finished transferring input files
...
001 (147838.000.000) 06/16 08:57:34 Job executing on host: <188.184.197.53:9618?addrs=188.184.197.53-9618&alias=b7g23n0076.cern.ch&noUDP&sock=startd_2050_b53d>
...
006 (147838.000.000) 06/16 08:57:42 Image size of job updated: 625444
	6  -  MemoryUsage of job (MB)
	5560  -  ResidentSetSize of job (KB)
...
006 (147838.000.000) 06/16 09:02:42 Image size of job updated: 791456
	67  -  MemoryUsage of job (MB)
	67760  -  ResidentSetSize of job (KB)
...
040 (147838.000.000) 06/16 10:10:58 Started transferring output files
...
040 (147838.000.000) 06/16 10:10:58 Finished transferring output files
...
005 (147838.000.000) 06/16 10:10:59 Job terminated.
	(1) Normal termination (return value 0)
		Usr 0 00:01:52, Sys 0 00:00:25  -  Run Remote Usage
		Usr 0 00:00:00, Sys 0 00:00:00  -  Run Local Usage
		Usr 0 00:01:52, Sys 0 00:00:25  -  Total Remote Usage
		Usr 0 00:00:00, Sys 0 00:00:00  -  Total Local Usage
	54190  -  Run Bytes Sent By Job
	19004  -  Run Bytes Received By Job
	54190  -  Total Bytes Sent By Job
	19004  -  Total Bytes Received By Job
	Partitionable Resources :      Usage  Request Allocated 
	   Cpus                 :       0.02        1         1 
	   Disk (KB)            : 3072293          20    336633 
	   Memory (MB)          :      67        2000      2000 

	Job terminated of its own accord at 2021-06-16T08:10:58Z.
...
