000 (108846.000.000) 06/02 16:39:22 Job submitted from host: <188.185.121.235:9618?addrs=188.185.121.235-9618+[2001-1458-d00-49--100-36e]-9618&alias=bigbird22.cern.ch&noUDP&sock=schedd_38044_991d>
...
040 (108846.000.000) 06/02 16:58:23 Started transferring input files
	Transferring to host: <188.184.168.218:9618?addrs=188.184.168.218-9618+[2001-1458-301-c0--100-150]-9618&alias=b7g52n8346.cern.ch&noUDP&sock=slot1_14_23654_21fb_42121>
...
040 (108846.000.000) 06/02 16:58:23 Finished transferring input files
...
001 (108846.000.000) 06/02 16:58:23 Job executing on host: <188.184.168.218:9618?addrs=188.184.168.218-9618+[2001-1458-301-c0--100-150]-9618&alias=b7g52n8346.cern.ch&noUDP&sock=startd_5345_cdcc>
...
006 (108846.000.000) 06/02 16:58:32 Image size of job updated: 624800
	10  -  MemoryUsage of job (MB)
	9644  -  ResidentSetSize of job (KB)
...
006 (108846.000.000) 06/02 17:03:33 Image size of job updated: 790816
	66  -  MemoryUsage of job (MB)
	67504  -  ResidentSetSize of job (KB)
...
040 (108846.000.000) 06/02 17:22:42 Started transferring output files
...
040 (108846.000.000) 06/02 17:22:42 Finished transferring output files
...
005 (108846.000.000) 06/02 17:22:42 Job terminated.
	(1) Normal termination (return value 0)
		Usr 0 00:01:47, Sys 0 00:00:23  -  Run Remote Usage
		Usr 0 00:00:00, Sys 0 00:00:00  -  Run Local Usage
		Usr 0 00:01:47, Sys 0 00:00:23  -  Total Remote Usage
		Usr 0 00:00:00, Sys 0 00:00:00  -  Total Local Usage
	67059  -  Run Bytes Sent By Job
	19195  -  Run Bytes Received By Job
	67059  -  Total Bytes Sent By Job
	19195  -  Total Bytes Received By Job
	Partitionable Resources :      Usage  Request Allocated 
	   Cpus                 :       0.04        1         1 
	   Disk (KB)            : 4242074          20    243260 
	   Memory (MB)          :      66        2000      2000 

	Job terminated of its own accord at 2021-06-02T15:22:42Z.
...
