000 (112088.000.000) 06/03 12:43:15 Job submitted from host: <188.185.121.235:9618?addrs=188.185.121.235-9618+[2001-1458-d00-49--100-36e]-9618&alias=bigbird22.cern.ch&noUDP&sock=schedd_38044_991d>
...
040 (112088.000.000) 06/03 13:09:04 Started transferring input files
	Transferring to host: <188.184.168.55:9618?addrs=188.184.168.55-9618+[2001-1458-301-c0--100-2d9]-9618&alias=b7g52n3649.cern.ch&noUDP&sock=slot1_12_2408_675b_1654>
...
001 (112088.000.000) 06/03 13:09:04 Job executing on host: <188.184.168.55:9618?addrs=188.184.168.55-9618+[2001-1458-301-c0--100-2d9]-9618&alias=b7g52n3649.cern.ch&noUDP&sock=startd_2226_6de8>
...
040 (112088.000.000) 06/03 13:09:04 Finished transferring input files
...
006 (112088.000.000) 06/03 13:09:13 Image size of job updated: 766156
	14  -  MemoryUsage of job (MB)
	13776  -  ResidentSetSize of job (KB)
...
006 (112088.000.000) 06/03 13:14:14 Image size of job updated: 790824
	66  -  MemoryUsage of job (MB)
	67500  -  ResidentSetSize of job (KB)
...
040 (112088.000.000) 06/03 17:28:29 Started transferring output files
...
040 (112088.000.000) 06/03 17:28:30 Finished transferring output files
...
005 (112088.000.000) 06/03 17:28:30 Job terminated.
	(1) Normal termination (return value 0)
		Usr 0 00:01:49, Sys 0 00:00:27  -  Run Remote Usage
		Usr 0 00:00:00, Sys 0 00:00:00  -  Run Local Usage
		Usr 0 00:01:49, Sys 0 00:00:27  -  Total Remote Usage
		Usr 0 00:00:00, Sys 0 00:00:00  -  Total Local Usage
	67089  -  Run Bytes Sent By Job
	19004  -  Run Bytes Received By Job
	67089  -  Total Bytes Sent By Job
	19004  -  Total Bytes Received By Job
	Partitionable Resources :      Usage  Request Allocated 
	   Cpus                 :       0.01        1         1 
	   Disk (KB)            : 4242206          20    277300 
	   Memory (MB)          :      66        2000      2000 

	Job terminated of its own accord at 2021-06-03T15:28:29Z.
...
000 (115693.000.000) 06/04 08:52:46 Job submitted from host: <188.185.121.235:9618?addrs=188.185.121.235-9618+[2001-1458-d00-49--100-36e]-9618&alias=bigbird22.cern.ch&noUDP&sock=schedd_38044_991d>
...
040 (115693.000.000) 06/04 08:58:41 Started transferring input files
	Transferring to host: <128.142.161.95:9618?addrs=128.142.161.95-9618+[2001-1458-301-b8--100-1d]-9618&alias=b7g03p8793.cern.ch&noUDP&sock=slot1_19_173123_9099_22808>
...
001 (115693.000.000) 06/04 08:58:41 Job executing on host: <128.142.161.95:9618?addrs=128.142.161.95-9618+[2001-1458-301-b8--100-1d]-9618&alias=b7g03p8793.cern.ch&noUDP&sock=startd_173084_ce53>
...
040 (115693.000.000) 06/04 08:58:41 Finished transferring input files
...
006 (115693.000.000) 06/04 08:58:50 Image size of job updated: 41500
	41  -  MemoryUsage of job (MB)
	41500  -  ResidentSetSize of job (KB)
...
006 (115693.000.000) 06/04 09:03:51 Image size of job updated: 790800
	66  -  MemoryUsage of job (MB)
	67496  -  ResidentSetSize of job (KB)
...
040 (115693.000.000) 06/04 13:47:02 Started transferring output files
...
040 (115693.000.000) 06/04 13:47:03 Finished transferring output files
...
005 (115693.000.000) 06/04 13:47:03 Job terminated.
	(1) Normal termination (return value 0)
		Usr 0 00:02:21, Sys 0 00:00:33  -  Run Remote Usage
		Usr 0 00:00:00, Sys 0 00:00:00  -  Run Local Usage
		Usr 0 00:02:21, Sys 0 00:00:33  -  Total Remote Usage
		Usr 0 00:00:00, Sys 0 00:00:00  -  Total Local Usage
	60929  -  Run Bytes Sent By Job
	19004  -  Run Bytes Received By Job
	60929  -  Total Bytes Sent By Job
	19004  -  Total Bytes Received By Job
	Partitionable Resources :      Usage  Request Allocated 
	   Cpus                 :       0.00        1         1 
	   Disk (KB)            : 3711890          20   1426784 
	   Memory (MB)          :      66        2000      2000 

	Job terminated of its own accord at 2021-06-04T11:47:02Z.
...
000 (123040.000.000) 06/08 10:37:26 Job submitted from host: <188.185.121.235:9618?addrs=188.185.121.235-9618+[2001-1458-d00-49--100-36e]-9618&alias=bigbird22.cern.ch&noUDP&sock=schedd_38044_991d>
...
040 (123040.000.000) 06/08 10:56:12 Started transferring input files
	Transferring to host: <128.142.82.10:9618?addrs=128.142.82.10-9618&alias=b7s13n8903.cern.ch&noUDP&sock=slot1_1_5872_1ae8_90429>
...
001 (123040.000.000) 06/08 10:56:12 Job executing on host: <128.142.82.10:9618?addrs=128.142.82.10-9618&alias=b7s13n8903.cern.ch&noUDP&sock=startd_16579_64bc>
...
040 (123040.000.000) 06/08 10:56:12 Finished transferring input files
...
006 (123040.000.000) 06/08 10:56:21 Image size of job updated: 8624
	9  -  MemoryUsage of job (MB)
	8624  -  ResidentSetSize of job (KB)
...
006 (123040.000.000) 06/08 11:01:22 Image size of job updated: 791456
	67  -  MemoryUsage of job (MB)
	67780  -  ResidentSetSize of job (KB)
...
006 (123040.000.000) 06/08 11:36:25 Image size of job updated: 791456
	114  -  MemoryUsage of job (MB)
	115796  -  ResidentSetSize of job (KB)
...
006 (123040.000.000) 06/08 11:36:35 Image size of job updated: 791456
	114  -  MemoryUsage of job (MB)
	115800  -  ResidentSetSize of job (KB)
...
040 (123040.000.000) 06/08 11:36:47 Entered queue to transfer output files
...
040 (123040.000.000) 06/08 11:37:24 Started transferring output files
...
040 (123040.000.000) 06/08 11:37:39 Finished transferring output files
...
005 (123040.000.000) 06/08 11:38:47 Job terminated.
	(1) Normal termination (return value 0)
		Usr 0 00:02:13, Sys 0 00:00:20  -  Run Remote Usage
		Usr 0 00:00:00, Sys 0 00:00:00  -  Run Local Usage
		Usr 0 00:02:13, Sys 0 00:00:20  -  Total Remote Usage
		Usr 0 00:00:00, Sys 0 00:00:00  -  Total Local Usage
	60736  -  Run Bytes Sent By Job
	19004  -  Run Bytes Received By Job
	60736  -  Total Bytes Sent By Job
	19004  -  Total Bytes Received By Job
	Partitionable Resources :      Usage  Request Allocated 
	   Cpus                 :       0.98        1         1 
	   Disk (KB)            : 3711891          20    225845 
	   Memory (MB)          :     114        2000      2000 

	Job terminated of its own accord at 2021-06-08T09:36:35Z.
...
