000 (111898.000.000) 06/03 12:39:54 Job submitted from host: <188.185.121.235:9618?addrs=188.185.121.235-9618+[2001-1458-d00-49--100-36e]-9618&alias=bigbird22.cern.ch&noUDP&sock=schedd_38044_991d>
...
040 (111898.000.000) 06/03 13:05:20 Started transferring input files
	Transferring to host: <128.142.77.68:9618?addrs=128.142.77.68-9618+[2001-1458-301-f4--100-7e]-9618&alias=b7s12n1210.cern.ch&noUDP&sock=slot1_6_5754_f6a3_42373>
...
001 (111898.000.000) 06/03 13:05:20 Job executing on host: <128.142.77.68:9618?addrs=128.142.77.68-9618+[2001-1458-301-f4--100-7e]-9618&alias=b7s12n1210.cern.ch&noUDP&sock=startd_4665_6165>
...
040 (111898.000.000) 06/03 13:05:20 Finished transferring input files
...
006 (111898.000.000) 06/03 13:05:29 Image size of job updated: 16040
	16  -  MemoryUsage of job (MB)
	16040  -  ResidentSetSize of job (KB)
...
006 (111898.000.000) 06/03 13:10:29 Image size of job updated: 790820
	66  -  MemoryUsage of job (MB)
	67496  -  ResidentSetSize of job (KB)
...
040 (111898.000.000) 06/03 13:47:13 Started transferring output files
...
040 (111898.000.000) 06/03 13:47:13 Finished transferring output files
...
005 (111898.000.000) 06/03 13:47:13 Job terminated.
	(1) Normal termination (return value 0)
		Usr 0 00:00:11, Sys 0 00:00:04  -  Run Remote Usage
		Usr 0 00:00:00, Sys 0 00:00:00  -  Run Local Usage
		Usr 0 00:00:11, Sys 0 00:00:04  -  Total Remote Usage
		Usr 0 00:00:00, Sys 0 00:00:00  -  Total Local Usage
	27973  -  Run Bytes Sent By Job
	19004  -  Run Bytes Received By Job
	27973  -  Total Bytes Sent By Job
	19004  -  Total Bytes Received By Job
	Partitionable Resources :     Usage  Request Allocated 
	   Cpus                 :      0.00        1         1 
	   Disk (KB)            : 743567          20    287931 
	   Memory (MB)          :     66        2000      2000 

	Job terminated of its own accord at 2021-06-03T11:47:13Z.
...
000 (115498.000.000) 06/04 08:50:26 Job submitted from host: <188.185.121.235:9618?addrs=188.185.121.235-9618+[2001-1458-d00-49--100-36e]-9618&alias=bigbird22.cern.ch&noUDP&sock=schedd_38044_991d>
...
040 (115498.000.000) 06/04 08:57:12 Started transferring input files
	Transferring to host: <128.142.84.215:9618?addrs=128.142.84.215-9618+[2001-1458-301-f6--100-37]-9618&alias=b7s14n0849.cern.ch&noUDP&sock=slot1_10_5757_13c3_39850>
...
040 (115498.000.000) 06/04 08:57:12 Finished transferring input files
...
001 (115498.000.000) 06/04 08:57:12 Job executing on host: <128.142.84.215:9618?addrs=128.142.84.215-9618+[2001-1458-301-f6--100-37]-9618&alias=b7s14n0849.cern.ch&noUDP&sock=startd_4422_b3e2>
...
006 (115498.000.000) 06/04 08:57:21 Image size of job updated: 624804
	5  -  MemoryUsage of job (MB)
	4200  -  ResidentSetSize of job (KB)
...
006 (115498.000.000) 06/04 09:02:22 Image size of job updated: 790824
	66  -  MemoryUsage of job (MB)
	67500  -  ResidentSetSize of job (KB)
...
040 (115498.000.000) 06/04 09:04:32 Started transferring output files
...
040 (115498.000.000) 06/04 09:04:32 Finished transferring output files
...
005 (115498.000.000) 06/04 09:04:32 Job terminated.
	(1) Normal termination (return value 0)
		Usr 0 00:00:09, Sys 0 00:00:02  -  Run Remote Usage
		Usr 0 00:00:00, Sys 0 00:00:00  -  Run Local Usage
		Usr 0 00:00:09, Sys 0 00:00:02  -  Total Remote Usage
		Usr 0 00:00:00, Sys 0 00:00:00  -  Total Local Usage
	25316  -  Run Bytes Sent By Job
	19004  -  Run Bytes Received By Job
	25316  -  Total Bytes Sent By Job
	19004  -  Total Bytes Received By Job
	Partitionable Resources :     Usage  Request Allocated 
	   Cpus                 :      0.01        1         1 
	   Disk (KB)            : 541001          20    278530 
	   Memory (MB)          :     66        2000      2000 

	Job terminated of its own accord at 2021-06-04T07:04:32Z.
...
000 (122846.000.000) 06/08 10:32:25 Job submitted from host: <188.185.121.235:9618?addrs=188.185.121.235-9618+[2001-1458-d00-49--100-36e]-9618&alias=bigbird22.cern.ch&noUDP&sock=schedd_38044_991d>
...
040 (122846.000.000) 06/08 10:51:54 Started transferring input files
	Transferring to host: <128.142.161.104:9618?addrs=128.142.161.104-9618&alias=b7g03p2814.cern.ch&noUDP&sock=slot1_8_3768_a592_48004>
...
001 (122846.000.000) 06/08 10:51:54 Job executing on host: <128.142.161.104:9618?addrs=128.142.161.104-9618&alias=b7g03p2814.cern.ch&noUDP&sock=startd_2934_0ef5>
...
040 (122846.000.000) 06/08 10:51:54 Finished transferring input files
...
006 (122846.000.000) 06/08 10:52:03 Image size of job updated: 791424
	67  -  MemoryUsage of job (MB)
	67772  -  ResidentSetSize of job (KB)
...
040 (122846.000.000) 06/08 10:52:25 Started transferring output files
...
040 (122846.000.000) 06/08 10:52:26 Finished transferring output files
...
005 (122846.000.000) 06/08 10:52:26 Job terminated.
	(1) Normal termination (return value 0)
		Usr 0 00:00:11, Sys 0 00:00:03  -  Run Remote Usage
		Usr 0 00:00:00, Sys 0 00:00:00  -  Run Local Usage
		Usr 0 00:00:11, Sys 0 00:00:03  -  Total Remote Usage
		Usr 0 00:00:00, Sys 0 00:00:00  -  Total Local Usage
	20958  -  Run Bytes Sent By Job
	19004  -  Run Bytes Received By Job
	20958  -  Total Bytes Sent By Job
	19004  -  Total Bytes Received By Job
	Partitionable Resources :    Usage  Request Allocated 
	   Cpus                 :                 1         1 
	   Disk (KB)            :   540988       20   1014099 
	   Memory (MB)          :       67     2000      2000 

	Job terminated of its own accord at 2021-06-08T08:52:24Z.
...
