000 (146952.000.000) 06/16 08:18:24 Job submitted from host: <188.185.121.235:9618?addrs=188.185.121.235-9618+[2001-1458-d00-49--100-36e]-9618&alias=bigbird22.cern.ch&noUDP&sock=schedd_38044_991d>
...
040 (146952.000.000) 06/16 08:45:21 Started transferring input files
	Transferring to host: <128.142.75.215:9618?addrs=128.142.75.215-9618+[2001-1458-301-75--100-111]-9618&alias=b7s11n2554.cern.ch&noUDP&sock=slot1_2_5085_97a8_42781>
...
001 (146952.000.000) 06/16 08:45:22 Job executing on host: <128.142.75.215:9618?addrs=128.142.75.215-9618+[2001-1458-301-75--100-111]-9618&alias=b7s11n2554.cern.ch&noUDP&sock=startd_3972_0a43>
...
040 (146952.000.000) 06/16 08:45:22 Finished transferring input files
...
006 (146952.000.000) 06/16 08:45:30 Image size of job updated: 42552
	42  -  MemoryUsage of job (MB)
	42552  -  ResidentSetSize of job (KB)
...
006 (146952.000.000) 06/16 08:46:01 Image size of job updated: 791448
	42  -  MemoryUsage of job (MB)
	42552  -  ResidentSetSize of job (KB)
...
040 (146952.000.000) 06/16 08:46:02 Started transferring output files
...
040 (146952.000.000) 06/16 08:46:02 Finished transferring output files
...
005 (146952.000.000) 06/16 08:46:02 Job terminated.
	(1) Normal termination (return value 0)
		Usr 0 00:00:07, Sys 0 00:00:02  -  Run Remote Usage
		Usr 0 00:00:00, Sys 0 00:00:00  -  Run Local Usage
		Usr 0 00:00:07, Sys 0 00:00:02  -  Total Remote Usage
		Usr 0 00:00:00, Sys 0 00:00:00  -  Total Local Usage
	19524  -  Run Bytes Sent By Job
	19004  -  Run Bytes Received By Job
	19524  -  Total Bytes Sent By Job
	19004  -  Total Bytes Received By Job
	Partitionable Resources :    Usage  Request Allocated 
	   Cpus                 :                 1         1 
	   Disk (KB)            :   466128       20    277330 
	   Memory (MB)          :       42     2000      2000 

	Job terminated of its own accord at 2021-06-16T06:46:01Z.
...
