000 (108748.000.000) 06/02 16:37:30 Job submitted from host: <188.185.121.235:9618?addrs=188.185.121.235-9618+[2001-1458-d00-49--100-36e]-9618&alias=bigbird22.cern.ch&noUDP&sock=schedd_38044_991d>
...
040 (108748.000.000) 06/02 16:48:57 Started transferring input files
	Transferring to host: <128.142.69.248:9618?addrs=128.142.69.248-9618+[2001-1458-301-52--100-256]-9618&alias=b7s10n2106.cern.ch&noUDP&sock=slot1_12_4746_bc7a_39460>
...
040 (108748.000.000) 06/02 16:48:57 Finished transferring input files
...
001 (108748.000.000) 06/02 16:48:58 Job executing on host: <128.142.69.248:9618?addrs=128.142.69.248-9618+[2001-1458-301-52--100-256]-9618&alias=b7s10n2106.cern.ch&noUDP&sock=startd_3863_4671>
...
006 (108748.000.000) 06/02 16:49:06 Image size of job updated: 395412
	32  -  MemoryUsage of job (MB)
	31760  -  ResidentSetSize of job (KB)
...
006 (108748.000.000) 06/02 16:54:06 Image size of job updated: 790820
	66  -  MemoryUsage of job (MB)
	67504  -  ResidentSetSize of job (KB)
...
006 (108748.000.000) 06/02 18:19:15 Image size of job updated: 790820
	118  -  MemoryUsage of job (MB)
	119872  -  ResidentSetSize of job (KB)
...
040 (108748.000.000) 06/02 18:20:54 Started transferring output files
...
040 (108748.000.000) 06/02 18:20:54 Finished transferring output files
...
005 (108748.000.000) 06/02 18:20:54 Job terminated.
	(1) Normal termination (return value 0)
		Usr 0 00:02:16, Sys 0 00:00:31  -  Run Remote Usage
		Usr 0 00:00:00, Sys 0 00:00:00  -  Run Local Usage
		Usr 0 00:02:16, Sys 0 00:00:31  -  Total Remote Usage
		Usr 0 00:00:00, Sys 0 00:00:00  -  Total Local Usage
	67109  -  Run Bytes Sent By Job
	19195  -  Run Bytes Received By Job
	67109  -  Total Bytes Sent By Job
	19195  -  Total Bytes Received By Job
	Partitionable Resources :      Usage  Request Allocated 
	   Cpus                 :       0.96        1         1 
	   Disk (KB)            : 4242656          20    192991 
	   Memory (MB)          :     118        2000      2000 

	Job terminated of its own accord at 2021-06-02T16:20:54Z.
...
