000 (146749.000.000) 06/16 08:14:06 Job submitted from host: <188.185.121.235:9618?addrs=188.185.121.235-9618+[2001-1458-d00-49--100-36e]-9618&alias=bigbird22.cern.ch&noUDP&sock=schedd_38044_991d>
...
040 (146749.000.000) 06/16 08:35:17 Started transferring input files
	Transferring to host: <188.185.105.13:9618?addrs=188.185.105.13-9618+[2001-1458-d00-3e--100-10c]-9618&alias=b7g50s0258.cern.ch&noUDP&sock=slot1_14_2378_441a_113845>
...
040 (146749.000.000) 06/16 08:35:17 Finished transferring input files
...
001 (146749.000.000) 06/16 08:35:17 Job executing on host: <188.185.105.13:9618?addrs=188.185.105.13-9618+[2001-1458-d00-3e--100-10c]-9618&alias=b7g50s0258.cern.ch&noUDP&sock=startd_17828_1a85>
...
006 (146749.000.000) 06/16 08:35:26 Image size of job updated: 791452
	40  -  MemoryUsage of job (MB)
	40104  -  ResidentSetSize of job (KB)
...
006 (146749.000.000) 06/16 08:37:34 Image size of job updated: 791452
	40  -  MemoryUsage of job (MB)
	40108  -  ResidentSetSize of job (KB)
...
040 (146749.000.000) 06/16 08:37:34 Started transferring output files
...
040 (146749.000.000) 06/16 08:37:34 Finished transferring output files
...
005 (146749.000.000) 06/16 08:37:35 Job terminated.
	(1) Normal termination (return value 0)
		Usr 0 00:00:07, Sys 0 00:00:03  -  Run Remote Usage
		Usr 0 00:00:00, Sys 0 00:00:00  -  Run Local Usage
		Usr 0 00:00:07, Sys 0 00:00:03  -  Total Remote Usage
		Usr 0 00:00:00, Sys 0 00:00:00  -  Total Local Usage
	21316  -  Run Bytes Sent By Job
	19004  -  Run Bytes Received By Job
	21316  -  Total Bytes Sent By Job
	19004  -  Total Bytes Received By Job
	Partitionable Resources :     Usage  Request Allocated 
	   Cpus                 :      0.07        1         1 
	   Disk (KB)            : 466099          20    601727 
	   Memory (MB)          :     40        2000      2000 

	Job terminated of its own accord at 2021-06-16T06:37:34Z.
...
