000 (112717.000.000) 06/03 12:53:39 Job submitted from host: <188.185.121.235:9618?addrs=188.185.121.235-9618+[2001-1458-d00-49--100-36e]-9618&alias=bigbird22.cern.ch&noUDP&sock=schedd_38044_991d>
...
040 (112717.000.000) 06/03 13:17:32 Started transferring input files
	Transferring to host: <128.142.84.36:9618?addrs=128.142.84.36-9618+[2001-1458-301-f6--100-4d2]-9618&alias=b7s14n2618.cern.ch&noUDP&sock=slot1_3_2584_6962_81845>
...
001 (112717.000.000) 06/03 13:17:32 Job executing on host: <128.142.84.36:9618?addrs=128.142.84.36-9618+[2001-1458-301-f6--100-4d2]-9618&alias=b7s14n2618.cern.ch&noUDP&sock=startd_16695_f5b8>
...
040 (112717.000.000) 06/03 13:17:32 Finished transferring input files
...
006 (112717.000.000) 06/03 13:17:41 Image size of job updated: 624804
	6  -  MemoryUsage of job (MB)
	5964  -  ResidentSetSize of job (KB)
...
006 (112717.000.000) 06/03 13:22:42 Image size of job updated: 790812
	66  -  MemoryUsage of job (MB)
	67500  -  ResidentSetSize of job (KB)
...
040 (112717.000.000) 06/03 14:06:21 Started transferring output files
...
040 (112717.000.000) 06/03 14:06:21 Finished transferring output files
...
005 (112717.000.000) 06/03 14:06:21 Job terminated.
	(1) Normal termination (return value 0)
		Usr 0 00:00:49, Sys 0 00:00:12  -  Run Remote Usage
		Usr 0 00:00:00, Sys 0 00:00:00  -  Run Local Usage
		Usr 0 00:00:49, Sys 0 00:00:12  -  Total Remote Usage
		Usr 0 00:00:00, Sys 0 00:00:00  -  Total Local Usage
	42139  -  Run Bytes Sent By Job
	19004  -  Run Bytes Received By Job
	42139  -  Total Bytes Sent By Job
	19004  -  Total Bytes Received By Job
	Partitionable Resources :      Usage  Request Allocated 
	   Cpus                 :       0.01        1         1 
	   Disk (KB)            : 1952575          20    270185 
	   Memory (MB)          :      66        2000      2000 

	Job terminated of its own accord at 2021-06-03T12:06:21Z.
...
000 (116332.000.000) 06/04 09:01:49 Job submitted from host: <188.185.121.235:9618?addrs=188.185.121.235-9618+[2001-1458-d00-49--100-36e]-9618&alias=bigbird22.cern.ch&noUDP&sock=schedd_38044_991d>
...
040 (116332.000.000) 06/04 09:12:16 Started transferring input files
	Transferring to host: <128.142.72.163:9618?addrs=128.142.72.163-9618+[2001-1458-301-75--100-39e]-9618&alias=b7s11n0452.cern.ch&noUDP&sock=slot1_4_5380_7254_41349>
...
040 (116332.000.000) 06/04 09:12:16 Finished transferring input files
...
001 (116332.000.000) 06/04 09:12:16 Job executing on host: <128.142.72.163:9618?addrs=128.142.72.163-9618+[2001-1458-301-75--100-39e]-9618&alias=b7s11n0452.cern.ch&noUDP&sock=startd_4031_825a>
...
006 (116332.000.000) 06/04 09:12:25 Image size of job updated: 27620
	26  -  MemoryUsage of job (MB)
	25660  -  ResidentSetSize of job (KB)
...
006 (116332.000.000) 06/04 09:17:25 Image size of job updated: 790824
	66  -  MemoryUsage of job (MB)
	67496  -  ResidentSetSize of job (KB)
...
040 (116332.000.000) 06/04 09:34:03 Started transferring output files
...
040 (116332.000.000) 06/04 09:34:03 Finished transferring output files
...
005 (116332.000.000) 06/04 09:34:03 Job terminated.
	(1) Normal termination (return value 0)
		Usr 0 00:01:21, Sys 0 00:00:19  -  Run Remote Usage
		Usr 0 00:00:00, Sys 0 00:00:00  -  Run Local Usage
		Usr 0 00:01:21, Sys 0 00:00:19  -  Total Remote Usage
		Usr 0 00:00:00, Sys 0 00:00:00  -  Total Local Usage
	50916  -  Run Bytes Sent By Job
	19004  -  Run Bytes Received By Job
	50916  -  Total Bytes Sent By Job
	19004  -  Total Bytes Received By Job
	Partitionable Resources :      Usage  Request Allocated 
	   Cpus                 :       0.01        1         1 
	   Disk (KB)            : 2758964          20    277030 
	   Memory (MB)          :      66        2000      2000 

	Job terminated of its own accord at 2021-06-04T07:34:02Z.
...
000 (123686.000.000) 06/08 10:47:38 Job submitted from host: <188.185.121.235:9618?addrs=188.185.121.235-9618+[2001-1458-d00-49--100-36e]-9618&alias=bigbird22.cern.ch&noUDP&sock=schedd_38044_991d>
...
040 (123686.000.000) 06/08 11:19:46 Entered queue to transfer input files
	Transferring to host: <188.184.168.248:9618?addrs=188.184.168.248-9618+[2001-1458-301-c0--100-4b1]-9618&alias=b7g52n1720.cern.ch&noUDP&sock=slot1_2_1001_0b82_94296>
...
040 (123686.000.000) 06/08 11:53:58 Started transferring input files
	Seconds spent in queue: 2052
...
040 (123686.000.000) 06/08 11:53:58 Finished transferring input files
...
001 (123686.000.000) 06/08 11:53:58 Job executing on host: <188.184.168.248:9618?addrs=188.184.168.248-9618+[2001-1458-301-c0--100-4b1]-9618&alias=b7g52n1720.cern.ch&noUDP&sock=startd_17700_4e66>
...
006 (123686.000.000) 06/08 11:54:06 Image size of job updated: 396052
	3  -  MemoryUsage of job (MB)
	2092  -  ResidentSetSize of job (KB)
...
006 (123686.000.000) 06/08 11:59:06 Image size of job updated: 791448
	67  -  MemoryUsage of job (MB)
	67772  -  ResidentSetSize of job (KB)
...
006 (123686.000.000) 06/08 12:29:10 Image size of job updated: 791448
	91  -  MemoryUsage of job (MB)
	92396  -  ResidentSetSize of job (KB)
...
040 (123686.000.000) 06/08 12:29:11 Started transferring output files
	Seconds spent in queue: 4165
...
040 (123686.000.000) 06/08 12:29:11 Finished transferring output files
...
005 (123686.000.000) 06/08 12:29:11 Job terminated.
	(1) Normal termination (return value 0)
		Usr 0 00:01:09, Sys 0 00:00:15  -  Run Remote Usage
		Usr 0 00:00:00, Sys 0 00:00:00  -  Run Local Usage
		Usr 0 00:01:09, Sys 0 00:00:15  -  Total Remote Usage
		Usr 0 00:00:00, Sys 0 00:00:00  -  Total Local Usage
	50920  -  Run Bytes Sent By Job
	19004  -  Run Bytes Received By Job
	50920  -  Total Bytes Sent By Job
	19004  -  Total Bytes Received By Job
	Partitionable Resources :      Usage  Request Allocated 
	   Cpus                 :       0.01        1         1 
	   Disk (KB)            : 2758965          20    232549 
	   Memory (MB)          :      91        2000      2000 

	Job terminated of its own accord at 2021-06-08T10:29:11Z.
...
