000 (108656.000.000) 06/02 16:35:12 Job submitted from host: <188.185.121.235:9618?addrs=188.185.121.235-9618+[2001-1458-d00-49--100-36e]-9618&alias=bigbird22.cern.ch&noUDP&sock=schedd_38044_991d>
...
040 (108656.000.000) 06/02 16:41:46 Started transferring input files
	Transferring to host: <128.142.77.249:9618?addrs=128.142.77.249-9618+[2001-1458-301-f4--100-489]-9618&alias=b7s12n8183.cern.ch&noUDP&sock=slot1_15_5034_a886_34661>
...
040 (108656.000.000) 06/02 16:41:46 Finished transferring input files
...
001 (108656.000.000) 06/02 16:41:46 Job executing on host: <128.142.77.249:9618?addrs=128.142.77.249-9618+[2001-1458-301-f4--100-489]-9618&alias=b7s12n8183.cern.ch&noUDP&sock=startd_4038_4f84>
...
006 (108656.000.000) 06/02 16:41:54 Image size of job updated: 624800
	18  -  MemoryUsage of job (MB)
	17636  -  ResidentSetSize of job (KB)
...
006 (108656.000.000) 06/02 16:46:54 Image size of job updated: 790820
	66  -  MemoryUsage of job (MB)
	67504  -  ResidentSetSize of job (KB)
...
040 (108656.000.000) 06/02 16:52:41 Started transferring output files
...
040 (108656.000.000) 06/02 16:52:42 Finished transferring output files
...
005 (108656.000.000) 06/02 16:52:42 Job terminated.
	(1) Normal termination (return value 0)
		Usr 0 00:00:11, Sys 0 00:00:03  -  Run Remote Usage
		Usr 0 00:00:00, Sys 0 00:00:00  -  Run Local Usage
		Usr 0 00:00:11, Sys 0 00:00:03  -  Total Remote Usage
		Usr 0 00:00:00, Sys 0 00:00:00  -  Total Local Usage
	26081  -  Run Bytes Sent By Job
	19195  -  Run Bytes Received By Job
	26081  -  Total Bytes Sent By Job
	19195  -  Total Bytes Received By Job
	Partitionable Resources :     Usage  Request Allocated 
	   Cpus                 :      0.01        1         1 
	   Disk (KB)            : 742950          20    224989 
	   Memory (MB)          :     66        2000      2000 

	Job terminated of its own accord at 2021-06-02T14:52:41Z.
...
