000 (108873.000.000) 06/02 16:39:54 Job submitted from host: <188.185.121.235:9618?addrs=188.185.121.235-9618+[2001-1458-d00-49--100-36e]-9618&alias=bigbird22.cern.ch&noUDP&sock=schedd_38044_991d>
...
040 (108873.000.000) 06/02 17:00:23 Started transferring input files
	Transferring to host: <128.142.74.80:9618?addrs=128.142.74.80-9618+[2001-1458-301-75--100-3e3]-9618&alias=b7s11n4315.cern.ch&noUDP&sock=slot1_1_5065_8027_29581>
...
040 (108873.000.000) 06/02 17:00:23 Finished transferring input files
...
001 (108873.000.000) 06/02 17:00:23 Job executing on host: <128.142.74.80:9618?addrs=128.142.74.80-9618+[2001-1458-301-75--100-3e3]-9618&alias=b7s11n4315.cern.ch&noUDP&sock=startd_4114_70b6>
...
006 (108873.000.000) 06/02 17:00:31 Image size of job updated: 774352
	30  -  MemoryUsage of job (MB)
	30276  -  ResidentSetSize of job (KB)
...
006 (108873.000.000) 06/02 17:05:31 Image size of job updated: 790796
	66  -  MemoryUsage of job (MB)
	67504  -  ResidentSetSize of job (KB)
...
040 (108873.000.000) 06/02 17:13:58 Started transferring output files
...
040 (108873.000.000) 06/02 17:13:59 Finished transferring output files
...
005 (108873.000.000) 06/02 17:13:59 Job terminated.
	(1) Normal termination (return value 0)
		Usr 0 00:01:51, Sys 0 00:00:22  -  Run Remote Usage
		Usr 0 00:00:00, Sys 0 00:00:00  -  Run Local Usage
		Usr 0 00:01:51, Sys 0 00:00:22  -  Total Remote Usage
		Usr 0 00:00:00, Sys 0 00:00:00  -  Total Local Usage
	65842  -  Run Bytes Sent By Job
	19195  -  Run Bytes Received By Job
	65842  -  Total Bytes Sent By Job
	19195  -  Total Bytes Received By Job
	Partitionable Resources :      Usage  Request Allocated 
	   Cpus                 :       0.03        1         1 
	   Disk (KB)            : 4241955          20    269830 
	   Memory (MB)          :      66        2000      2000 

	Job terminated of its own accord at 2021-06-02T15:13:54Z.
...
