000 (147620.000.000) 06/16 08:31:48 Job submitted from host: <188.185.121.235:9618?addrs=188.185.121.235-9618+[2001-1458-d00-49--100-36e]-9618&alias=bigbird22.cern.ch&noUDP&sock=schedd_38044_991d>
...
040 (147620.000.000) 06/16 08:56:05 Started transferring input files
	Transferring to host: <128.142.75.215:9618?addrs=128.142.75.215-9618+[2001-1458-301-75--100-111]-9618&alias=b7s11n2554.cern.ch&noUDP&sock=slot1_2_5085_97a8_42792>
...
040 (147620.000.000) 06/16 08:56:05 Finished transferring input files
...
001 (147620.000.000) 06/16 08:56:05 Job executing on host: <128.142.75.215:9618?addrs=128.142.75.215-9618+[2001-1458-301-75--100-111]-9618&alias=b7s11n2554.cern.ch&noUDP&sock=startd_3972_0a43>
...
006 (147620.000.000) 06/16 08:56:14 Image size of job updated: 25632
	26  -  MemoryUsage of job (MB)
	25632  -  ResidentSetSize of job (KB)
...
006 (147620.000.000) 06/16 09:01:15 Image size of job updated: 791456
	67  -  MemoryUsage of job (MB)
	67776  -  ResidentSetSize of job (KB)
...
040 (147620.000.000) 06/16 11:59:02 Started transferring output files
...
040 (147620.000.000) 06/16 11:59:02 Finished transferring output files
...
005 (147620.000.000) 06/16 11:59:02 Job terminated.
	(1) Normal termination (return value 0)
		Usr 0 00:01:42, Sys 0 00:00:21  -  Run Remote Usage
		Usr 0 00:00:00, Sys 0 00:00:00  -  Run Local Usage
		Usr 0 00:01:42, Sys 0 00:00:21  -  Total Remote Usage
		Usr 0 00:00:00, Sys 0 00:00:00  -  Total Local Usage
	54407  -  Run Bytes Sent By Job
	19004  -  Run Bytes Received By Job
	54407  -  Total Bytes Sent By Job
	19004  -  Total Bytes Received By Job
	Partitionable Resources :      Usage  Request Allocated 
	   Cpus                 :       0.00        1         1 
	   Disk (KB)            : 3074515          20    277256 
	   Memory (MB)          :      67        2000      2000 

	Job terminated of its own accord at 2021-06-16T09:59:02Z.
...
