000 (108965.000.000) 06/02 16:41:50 Job submitted from host: <188.185.121.235:9618?addrs=188.185.121.235-9618+[2001-1458-d00-49--100-36e]-9618&alias=bigbird22.cern.ch&noUDP&sock=schedd_38044_991d>
...
040 (108965.000.000) 06/02 16:58:07 Started transferring input files
	Transferring to host: <188.184.169.50:9618?addrs=188.184.169.50-9618+[2001-1458-301-c0--100-48e]-9618&alias=b7g52n9850.cern.ch&noUDP&sock=slot1_12_17421_6b9d_89302>
...
001 (108965.000.000) 06/02 16:58:08 Job executing on host: <188.184.169.50:9618?addrs=188.184.169.50-9618+[2001-1458-301-c0--100-48e]-9618&alias=b7g52n9850.cern.ch&noUDP&sock=startd_17772_b138>
...
040 (108965.000.000) 06/02 16:58:08 Finished transferring input files
...
006 (108965.000.000) 06/02 16:58:16 Image size of job updated: 774348
	27  -  MemoryUsage of job (MB)
	27456  -  ResidentSetSize of job (KB)
...
006 (108965.000.000) 06/02 17:03:16 Image size of job updated: 790796
	66  -  MemoryUsage of job (MB)
	67500  -  ResidentSetSize of job (KB)
...
006 (108965.000.000) 06/02 17:23:18 Image size of job updated: 790796
	121  -  MemoryUsage of job (MB)
	123312  -  ResidentSetSize of job (KB)
...
040 (108965.000.000) 06/02 17:23:31 Started transferring output files
...
040 (108965.000.000) 06/02 17:23:31 Finished transferring output files
...
005 (108965.000.000) 06/02 17:23:31 Job terminated.
	(1) Normal termination (return value 0)
		Usr 0 00:01:39, Sys 0 00:00:23  -  Run Remote Usage
		Usr 0 00:00:00, Sys 0 00:00:00  -  Run Local Usage
		Usr 0 00:01:39, Sys 0 00:00:23  -  Total Remote Usage
		Usr 0 00:00:00, Sys 0 00:00:00  -  Total Local Usage
	66614  -  Run Bytes Sent By Job
	19195  -  Run Bytes Received By Job
	66614  -  Total Bytes Sent By Job
	19195  -  Total Bytes Received By Job
	Partitionable Resources :      Usage  Request Allocated 
	   Cpus                 :       0.01        1         1 
	   Disk (KB)            : 4240180          20    286828 
	   Memory (MB)          :     121        2000      2000 

	Job terminated of its own accord at 2021-06-02T15:23:31Z.
...
