000 (109123.000.000) 06/02 16:45:37 Job submitted from host: <188.185.121.235:9618?addrs=188.185.121.235-9618+[2001-1458-d00-49--100-36e]-9618&alias=bigbird22.cern.ch&noUDP&sock=schedd_38044_991d>
...
040 (109123.000.000) 06/02 17:24:28 Entered queue to transfer input files
	Transferring to host: <188.184.139.183:9618?addrs=188.184.139.183-9618+[2001-1458-301-45--100-1bc]-9618&alias=b7g42n0720.cern.ch&noUDP&sock=slot1_4_16391_b134_102519>
...
040 (109123.000.000) 06/02 17:24:59 Started transferring input files
	Seconds spent in queue: 31
...
001 (109123.000.000) 06/02 17:24:59 Job executing on host: <188.184.139.183:9618?addrs=188.184.139.183-9618+[2001-1458-301-45--100-1bc]-9618&alias=b7g42n0720.cern.ch&noUDP&sock=startd_5715_97d6>
...
040 (109123.000.000) 06/02 17:24:59 Finished transferring input files
...
006 (109123.000.000) 06/02 17:25:08 Image size of job updated: 27300
	27  -  MemoryUsage of job (MB)
	27184  -  ResidentSetSize of job (KB)
...
006 (109123.000.000) 06/02 17:30:08 Image size of job updated: 790796
	88  -  MemoryUsage of job (MB)
	89824  -  ResidentSetSize of job (KB)
...
040 (109123.000.000) 06/02 17:30:28 Started transferring output files
	Seconds spent in queue: 360
...
040 (109123.000.000) 06/02 17:30:28 Finished transferring output files
...
005 (109123.000.000) 06/02 17:30:28 Job terminated.
	(1) Normal termination (return value 0)
		Usr 0 00:01:00, Sys 0 00:00:10  -  Run Remote Usage
		Usr 0 00:00:00, Sys 0 00:00:00  -  Run Local Usage
		Usr 0 00:01:00, Sys 0 00:00:10  -  Total Remote Usage
		Usr 0 00:00:00, Sys 0 00:00:00  -  Total Local Usage
	39787  -  Run Bytes Sent By Job
	19195  -  Run Bytes Received By Job
	39787  -  Total Bytes Sent By Job
	19195  -  Total Bytes Received By Job
	Partitionable Resources :    Usage  Request Allocated 
	   Cpus                 :                 1         1 
	   Disk (KB)            :  1952743       20    285473 
	   Memory (MB)          :       88     2000      2000 

	Job terminated of its own accord at 2021-06-02T15:30:28Z.
...
