000 (147269.000.000) 06/16 08:24:44 Job submitted from host: <188.185.121.235:9618?addrs=188.185.121.235-9618+[2001-1458-d00-49--100-36e]-9618&alias=bigbird22.cern.ch&noUDP&sock=schedd_38044_991d>
...
040 (147269.000.000) 06/16 08:47:48 Started transferring input files
	Transferring to host: <128.142.72.220:9618?addrs=128.142.72.220-9618+[2001-1458-301-75--100-2ec]-9618&alias=b7s11n1552.cern.ch&noUDP&sock=slot1_12_4950_7902_42594>
...
040 (147269.000.000) 06/16 08:47:48 Finished transferring input files
...
001 (147269.000.000) 06/16 08:47:49 Job executing on host: <128.142.72.220:9618?addrs=128.142.72.220-9618+[2001-1458-301-75--100-2ec]-9618&alias=b7s11n1552.cern.ch&noUDP&sock=startd_3891_7b18>
...
006 (147269.000.000) 06/16 08:47:57 Image size of job updated: 625444
	7  -  MemoryUsage of job (MB)
	6708  -  ResidentSetSize of job (KB)
...
006 (147269.000.000) 06/16 08:50:16 Image size of job updated: 791448
	7  -  MemoryUsage of job (MB)
	6768  -  ResidentSetSize of job (KB)
...
040 (147269.000.000) 06/16 08:50:16 Started transferring output files
...
040 (147269.000.000) 06/16 08:50:16 Finished transferring output files
...
005 (147269.000.000) 06/16 08:50:18 Job terminated.
	(1) Normal termination (return value 0)
		Usr 0 00:00:07, Sys 0 00:00:02  -  Run Remote Usage
		Usr 0 00:00:00, Sys 0 00:00:00  -  Run Local Usage
		Usr 0 00:00:07, Sys 0 00:00:02  -  Total Remote Usage
		Usr 0 00:00:00, Sys 0 00:00:00  -  Total Local Usage
	22525  -  Run Bytes Sent By Job
	19004  -  Run Bytes Received By Job
	22525  -  Total Bytes Sent By Job
	19004  -  Total Bytes Received By Job
	Partitionable Resources :    Usage  Request Allocated 
	   Cpus                 :                 1         1 
	   Disk (KB)            :   465709       20    276723 
	   Memory (MB)          :        7     2000      2000 

	Job terminated of its own accord at 2021-06-16T06:50:16Z.
...
