000 (109067.000.000) 06/02 16:43:50 Job submitted from host: <188.185.121.235:9618?addrs=188.185.121.235-9618+[2001-1458-d00-49--100-36e]-9618&alias=bigbird22.cern.ch&noUDP&sock=schedd_38044_991d>
...
040 (109067.000.000) 06/02 17:17:54 Started transferring input files
	Transferring to host: <188.184.254.28:9618?addrs=188.184.254.28-9618+[2001-1458-301-8--100-29]-9618&alias=b7g42n0060.cern.ch&noUDP&sock=slot1_11_5020_cb45_33124>
...
001 (109067.000.000) 06/02 17:17:54 Job executing on host: <188.184.254.28:9618?addrs=188.184.254.28-9618+[2001-1458-301-8--100-29]-9618&alias=b7g42n0060.cern.ch&noUDP&sock=startd_3926_7ce8>
...
040 (109067.000.000) 06/02 17:17:54 Finished transferring input files
...
006 (109067.000.000) 06/02 17:18:02 Image size of job updated: 41252
	41  -  MemoryUsage of job (MB)
	41252  -  ResidentSetSize of job (KB)
...
006 (109067.000.000) 06/02 17:23:02 Image size of job updated: 790800
	143  -  MemoryUsage of job (MB)
	146128  -  ResidentSetSize of job (KB)
...
040 (109067.000.000) 06/02 17:25:55 Started transferring output files
...
040 (109067.000.000) 06/02 17:25:55 Finished transferring output files
...
005 (109067.000.000) 06/02 17:25:55 Job terminated.
	(1) Normal termination (return value 0)
		Usr 0 00:02:52, Sys 0 00:00:27  -  Run Remote Usage
		Usr 0 00:00:00, Sys 0 00:00:00  -  Run Local Usage
		Usr 0 00:02:52, Sys 0 00:00:27  -  Total Remote Usage
		Usr 0 00:00:00, Sys 0 00:00:00  -  Total Local Usage
	45755  -  Run Bytes Sent By Job
	19195  -  Run Bytes Received By Job
	45755  -  Total Bytes Sent By Job
	19195  -  Total Bytes Received By Job
	Partitionable Resources :    Usage  Request Allocated 
	   Cpus                 :                 1         1 
	   Disk (KB)            :  4241911       20    309707 
	   Memory (MB)          :      143     2000      2000 

	Job terminated of its own accord at 2021-06-02T15:25:55Z.
...
