000 (108642.000.000) 06/02 16:34:54 Job submitted from host: <188.185.121.235:9618?addrs=188.185.121.235-9618+[2001-1458-d00-49--100-36e]-9618&alias=bigbird22.cern.ch&noUDP&sock=schedd_38044_991d>
...
040 (108642.000.000) 06/02 16:41:41 Started transferring input files
	Transferring to host: <128.142.78.188:9618?addrs=128.142.78.188-9618+[2001-1458-301-f4--100-5b3]-9618&alias=b7s12n7695.cern.ch&noUDP&sock=slot1_12_28055_090e_88198>
...
040 (108642.000.000) 06/02 16:41:41 Finished transferring input files
...
001 (108642.000.000) 06/02 16:41:41 Job executing on host: <128.142.78.188:9618?addrs=128.142.78.188-9618+[2001-1458-301-f4--100-5b3]-9618&alias=b7s12n7695.cern.ch&noUDP&sock=startd_16977_636d>
...
006 (108642.000.000) 06/02 16:41:50 Image size of job updated: 790824
	43  -  MemoryUsage of job (MB)
	43336  -  ResidentSetSize of job (KB)
...
006 (108642.000.000) 06/02 16:42:48 Image size of job updated: 790824
	43  -  MemoryUsage of job (MB)
	43356  -  ResidentSetSize of job (KB)
...
040 (108642.000.000) 06/02 16:42:48 Started transferring output files
...
040 (108642.000.000) 06/02 16:42:48 Finished transferring output files
...
005 (108642.000.000) 06/02 16:42:48 Job terminated.
	(1) Normal termination (return value 0)
		Usr 0 00:00:11, Sys 0 00:00:04  -  Run Remote Usage
		Usr 0 00:00:00, Sys 0 00:00:00  -  Run Local Usage
		Usr 0 00:00:11, Sys 0 00:00:04  -  Total Remote Usage
		Usr 0 00:00:00, Sys 0 00:00:00  -  Total Local Usage
	20558  -  Run Bytes Sent By Job
	19195  -  Run Bytes Received By Job
	20558  -  Total Bytes Sent By Job
	19195  -  Total Bytes Received By Job
	Partitionable Resources :    Usage  Request Allocated 
	   Cpus                 :                 1         1 
	   Disk (KB)            :   743554       20    229176 
	   Memory (MB)          :       43     2000      2000 

	Job terminated of its own accord at 2021-06-02T14:42:48Z.
...
