000 (147755.000.000) 06/16 08:35:01 Job submitted from host: <188.185.121.235:9618?addrs=188.185.121.235-9618+[2001-1458-d00-49--100-36e]-9618&alias=bigbird22.cern.ch&noUDP&sock=schedd_38044_991d>
...
040 (147755.000.000) 06/16 08:57:04 Started transferring input files
	Transferring to host: <188.184.139.139:9618?addrs=188.184.139.139-9618+[2001-1458-301-45--100-182]-9618&alias=b7g42n0658.cern.ch&noUDP&sock=slot1_5_4950_7902_44588>
...
001 (147755.000.000) 06/16 08:57:04 Job executing on host: <188.184.139.139:9618?addrs=188.184.139.139-9618+[2001-1458-301-45--100-182]-9618&alias=b7g42n0658.cern.ch&noUDP&sock=startd_3747_b574>
...
040 (147755.000.000) 06/16 08:57:04 Finished transferring input files
...
006 (147755.000.000) 06/16 08:57:13 Image size of job updated: 766796
	20  -  MemoryUsage of job (MB)
	20184  -  ResidentSetSize of job (KB)
...
006 (147755.000.000) 06/16 09:02:14 Image size of job updated: 791456
	67  -  MemoryUsage of job (MB)
	67772  -  ResidentSetSize of job (KB)
...
006 (147755.000.000) 06/16 10:07:21 Image size of job updated: 791456
	104  -  MemoryUsage of job (MB)
	106088  -  ResidentSetSize of job (KB)
...
040 (147755.000.000) 06/16 10:08:20 Started transferring output files
...
040 (147755.000.000) 06/16 10:08:20 Finished transferring output files
...
005 (147755.000.000) 06/16 10:08:20 Job terminated.
	(1) Normal termination (return value 0)
		Usr 0 00:01:51, Sys 0 00:00:22  -  Run Remote Usage
		Usr 0 00:00:00, Sys 0 00:00:00  -  Run Local Usage
		Usr 0 00:01:51, Sys 0 00:00:22  -  Total Remote Usage
		Usr 0 00:00:00, Sys 0 00:00:00  -  Total Local Usage
	54561  -  Run Bytes Sent By Job
	19004  -  Run Bytes Received By Job
	54561  -  Total Bytes Sent By Job
	19004  -  Total Bytes Received By Job
	Partitionable Resources :      Usage  Request Allocated 
	   Cpus                 :       0.01        1         1 
	   Disk (KB)            : 3074209          20    202380 
	   Memory (MB)          :     104        2000      2000 

	Job terminated of its own accord at 2021-06-16T08:08:20Z.
...
