000 (146827.000.000) 06/16 08:15:34 Job submitted from host: <188.185.121.235:9618?addrs=188.185.121.235-9618+[2001-1458-d00-49--100-36e]-9618&alias=bigbird22.cern.ch&noUDP&sock=schedd_38044_991d>
...
040 (146827.000.000) 06/16 08:41:50 Started transferring input files
	Transferring to host: <128.142.82.4:9618?addrs=128.142.82.4-9618+[2001-1458-301-f5--100-645]-9618&alias=b7s13n1790.cern.ch&noUDP&sock=slot1_6_4010_285c_49217>
...
001 (146827.000.000) 06/16 08:41:50 Job executing on host: <128.142.82.4:9618?addrs=128.142.82.4-9618+[2001-1458-301-f5--100-645]-9618&alias=b7s13n1790.cern.ch&noUDP&sock=startd_3353_7524>
...
040 (146827.000.000) 06/16 08:41:50 Finished transferring input files
...
006 (146827.000.000) 06/16 08:41:59 Image size of job updated: 527124
	41  -  MemoryUsage of job (MB)
	41812  -  ResidentSetSize of job (KB)
...
006 (146827.000.000) 06/16 08:42:52 Image size of job updated: 791456
	41  -  MemoryUsage of job (MB)
	41812  -  ResidentSetSize of job (KB)
...
040 (146827.000.000) 06/16 08:42:53 Started transferring output files
...
040 (146827.000.000) 06/16 08:42:53 Finished transferring output files
...
005 (146827.000.000) 06/16 08:42:58 Job terminated.
	(1) Normal termination (return value 0)
		Usr 0 00:00:07, Sys 0 00:00:02  -  Run Remote Usage
		Usr 0 00:00:00, Sys 0 00:00:00  -  Run Local Usage
		Usr 0 00:00:07, Sys 0 00:00:02  -  Total Remote Usage
		Usr 0 00:00:00, Sys 0 00:00:00  -  Total Local Usage
	22491  -  Run Bytes Sent By Job
	19004  -  Run Bytes Received By Job
	22491  -  Total Bytes Sent By Job
	19004  -  Total Bytes Received By Job
	Partitionable Resources :    Usage  Request Allocated 
	   Cpus                 :                 1         1 
	   Disk (KB)            :   466022       20    196103 
	   Memory (MB)          :       41     2000      2000 

	Job terminated of its own accord at 2021-06-16T06:42:52Z.
...
