000 (146868.000.000) 06/16 08:16:26 Job submitted from host: <188.185.121.235:9618?addrs=188.185.121.235-9618+[2001-1458-d00-49--100-36e]-9618&alias=bigbird22.cern.ch&noUDP&sock=schedd_38044_991d>
...
040 (146868.000.000) 06/16 08:42:38 Started transferring input files
	Transferring to host: <128.142.84.61:9618?addrs=128.142.84.61-9618+[2001-1458-301-f6--100-4c2]-9618&alias=b7s14n7872.cern.ch&noUDP&sock=slot1_5_3233_b0dd_37485>
...
001 (146868.000.000) 06/16 08:42:38 Job executing on host: <128.142.84.61:9618?addrs=128.142.84.61-9618+[2001-1458-301-f6--100-4c2]-9618&alias=b7s14n7872.cern.ch&noUDP&sock=startd_2809_519f>
...
040 (146868.000.000) 06/16 08:42:38 Finished transferring input files
...
006 (146868.000.000) 06/16 08:42:46 Image size of job updated: 41864
	35  -  MemoryUsage of job (MB)
	35276  -  ResidentSetSize of job (KB)
...
006 (146868.000.000) 06/16 08:43:27 Image size of job updated: 791424
	35  -  MemoryUsage of job (MB)
	35552  -  ResidentSetSize of job (KB)
...
040 (146868.000.000) 06/16 08:43:27 Started transferring output files
...
040 (146868.000.000) 06/16 08:43:27 Finished transferring output files
...
005 (146868.000.000) 06/16 08:43:28 Job terminated.
	(1) Normal termination (return value 0)
		Usr 0 00:00:09, Sys 0 00:00:02  -  Run Remote Usage
		Usr 0 00:00:00, Sys 0 00:00:00  -  Run Local Usage
		Usr 0 00:00:09, Sys 0 00:00:02  -  Total Remote Usage
		Usr 0 00:00:00, Sys 0 00:00:00  -  Total Local Usage
	20940  -  Run Bytes Sent By Job
	19004  -  Run Bytes Received By Job
	20940  -  Total Bytes Sent By Job
	19004  -  Total Bytes Received By Job
	Partitionable Resources :    Usage  Request Allocated 
	   Cpus                 :                 1         1 
	   Disk (KB)            :   466080       20    277477 
	   Memory (MB)          :       35     2000      2000 

	Job terminated of its own accord at 2021-06-16T06:43:27Z.
...
