000 (146905.000.000) 06/16 08:17:19 Job submitted from host: <188.185.121.235:9618?addrs=188.185.121.235-9618+[2001-1458-d00-49--100-36e]-9618&alias=bigbird22.cern.ch&noUDP&sock=schedd_38044_991d>
...
040 (146905.000.000) 06/16 08:43:34 Started transferring input files
	Transferring to host: <128.142.82.4:9618?addrs=128.142.82.4-9618+[2001-1458-301-f5--100-645]-9618&alias=b7s13n1790.cern.ch&noUDP&sock=slot1_13_4010_285c_49221>
...
040 (146905.000.000) 06/16 08:43:34 Finished transferring input files
...
001 (146905.000.000) 06/16 08:43:34 Job executing on host: <128.142.82.4:9618?addrs=128.142.82.4-9618+[2001-1458-301-f5--100-645]-9618&alias=b7s13n1790.cern.ch&noUDP&sock=startd_3353_7524>
...
006 (146905.000.000) 06/16 08:43:43 Image size of job updated: 791436
	51  -  MemoryUsage of job (MB)
	51656  -  ResidentSetSize of job (KB)
...
040 (146905.000.000) 06/16 08:44:09 Started transferring output files
...
040 (146905.000.000) 06/16 08:44:10 Finished transferring output files
...
005 (146905.000.000) 06/16 08:44:13 Job terminated.
	(1) Normal termination (return value 0)
		Usr 0 00:00:07, Sys 0 00:00:02  -  Run Remote Usage
		Usr 0 00:00:00, Sys 0 00:00:00  -  Run Local Usage
		Usr 0 00:00:07, Sys 0 00:00:02  -  Total Remote Usage
		Usr 0 00:00:00, Sys 0 00:00:00  -  Total Local Usage
	19178  -  Run Bytes Sent By Job
	19004  -  Run Bytes Received By Job
	19178  -  Total Bytes Sent By Job
	19004  -  Total Bytes Received By Job
	Partitionable Resources :    Usage  Request Allocated 
	   Cpus                 :                 1         1 
	   Disk (KB)            :   466122       20    196362 
	   Memory (MB)          :       51     2000      2000 

	Job terminated of its own accord at 2021-06-16T06:44:06Z.
...
