000 (147999.000.000) 06/16 08:40:09 Job submitted from host: <188.185.121.235:9618?addrs=188.185.121.235-9618+[2001-1458-d00-49--100-36e]-9618&alias=bigbird22.cern.ch&noUDP&sock=schedd_38044_991d>
...
040 (147999.000.000) 06/16 08:58:44 Started transferring input files
	Transferring to host: <128.142.81.38:9618?addrs=128.142.81.38-9618+[2001-1458-301-f5--100-401]-9618&alias=b7s13n8869.cern.ch&noUDP&sock=slot1_11_5955_960b_49702>
...
040 (147999.000.000) 06/16 08:58:44 Finished transferring input files
...
001 (147999.000.000) 06/16 08:58:44 Job executing on host: <128.142.81.38:9618?addrs=128.142.81.38-9618+[2001-1458-301-f5--100-401]-9618&alias=b7s13n8869.cern.ch&noUDP&sock=startd_4714_fd89>
...
006 (147999.000.000) 06/16 08:58:52 Image size of job updated: 625444
	9  -  MemoryUsage of job (MB)
	8724  -  ResidentSetSize of job (KB)
...
006 (147999.000.000) 06/16 09:03:52 Image size of job updated: 791456
	67  -  MemoryUsage of job (MB)
	67780  -  ResidentSetSize of job (KB)
...
006 (147999.000.000) 06/16 10:34:03 Image size of job updated: 791456
	118  -  MemoryUsage of job (MB)
	120556  -  ResidentSetSize of job (KB)
...
040 (147999.000.000) 06/16 10:35:31 Started transferring output files
...
040 (147999.000.000) 06/16 10:35:31 Finished transferring output files
...
005 (147999.000.000) 06/16 10:35:31 Job terminated.
	(1) Normal termination (return value 0)
		Usr 0 00:01:19, Sys 0 00:00:19  -  Run Remote Usage
		Usr 0 00:00:00, Sys 0 00:00:00  -  Run Local Usage
		Usr 0 00:01:19, Sys 0 00:00:19  -  Total Remote Usage
		Usr 0 00:00:00, Sys 0 00:00:00  -  Total Local Usage
	54449  -  Run Bytes Sent By Job
	19004  -  Run Bytes Received By Job
	54449  -  Total Bytes Sent By Job
	19004  -  Total Bytes Received By Job
	Partitionable Resources :      Usage  Request Allocated 
	   Cpus                 :       0.01        1         1 
	   Disk (KB)            : 3078972          20    277543 
	   Memory (MB)          :     118        2000      2000 

	Job terminated of its own accord at 2021-06-16T08:35:31Z.
...
