000 (148339.000.000) 06/16 08:47:12 Job submitted from host: <188.185.121.235:9618?addrs=188.185.121.235-9618+[2001-1458-d00-49--100-36e]-9618&alias=bigbird22.cern.ch&noUDP&sock=schedd_38044_991d>
...
040 (148339.000.000) 06/16 09:08:33 Started transferring input files
	Transferring to host: <188.184.210.234:9618?addrs=188.184.210.234-9618+[2001-1458-301-10b--100-23e]-9618&alias=b7g23n1089.cern.ch&noUDP&sock=slot1_8_5292_7150_48231>
...
001 (148339.000.000) 06/16 09:08:33 Job executing on host: <188.184.210.234:9618?addrs=188.184.210.234-9618+[2001-1458-301-10b--100-23e]-9618&alias=b7g23n1089.cern.ch&noUDP&sock=startd_3991_1290>
...
040 (148339.000.000) 06/16 09:08:33 Finished transferring input files
...
006 (148339.000.000) 06/16 09:08:42 Image size of job updated: 330516
	5  -  MemoryUsage of job (MB)
	4204  -  ResidentSetSize of job (KB)
...
006 (148339.000.000) 06/16 09:13:43 Image size of job updated: 791456
	67  -  MemoryUsage of job (MB)
	67760  -  ResidentSetSize of job (KB)
...
040 (148339.000.000) 06/16 10:32:17 Started transferring output files
...
040 (148339.000.000) 06/16 10:32:17 Finished transferring output files
...
005 (148339.000.000) 06/16 10:32:17 Job terminated.
	(1) Normal termination (return value 0)
		Usr 0 00:00:52, Sys 0 00:00:16  -  Run Remote Usage
		Usr 0 00:00:00, Sys 0 00:00:00  -  Run Local Usage
		Usr 0 00:00:52, Sys 0 00:00:16  -  Total Remote Usage
		Usr 0 00:00:00, Sys 0 00:00:00  -  Total Local Usage
	46089  -  Run Bytes Sent By Job
	19004  -  Run Bytes Received By Job
	46089  -  Total Bytes Sent By Job
	19004  -  Total Bytes Received By Job
	Partitionable Resources :      Usage  Request Allocated 
	   Cpus                 :       0.00        1         1 
	   Disk (KB)            : 2367952          20    354473 
	   Memory (MB)          :      67        2000      2000 

	Job terminated of its own accord at 2021-06-16T08:32:17Z.
...
