000 (112729.000.000) 06/03 12:53:50 Job submitted from host: <188.185.121.235:9618?addrs=188.185.121.235-9618+[2001-1458-d00-49--100-36e]-9618&alias=bigbird22.cern.ch&noUDP&sock=schedd_38044_991d>
...
040 (112729.000.000) 06/03 13:17:38 Started transferring input files
	Transferring to host: <188.184.169.224:9618?addrs=188.184.169.224-9618+[2001-1458-301-c0--100-191]-9618&alias=b7g52n5283.cern.ch&noUDP&sock=slot1_16_27921_9ec8_89998>
...
040 (112729.000.000) 06/03 13:17:38 Finished transferring input files
...
001 (112729.000.000) 06/03 13:17:38 Job executing on host: <188.184.169.224:9618?addrs=188.184.169.224-9618+[2001-1458-301-c0--100-191]-9618&alias=b7g52n5283.cern.ch&noUDP&sock=startd_3309_46f9>
...
006 (112729.000.000) 06/03 13:17:46 Image size of job updated: 624804
	15  -  MemoryUsage of job (MB)
	14544  -  ResidentSetSize of job (KB)
...
006 (112729.000.000) 06/03 13:22:47 Image size of job updated: 790816
	66  -  MemoryUsage of job (MB)
	67496  -  ResidentSetSize of job (KB)
...
040 (112729.000.000) 06/03 14:10:29 Started transferring output files
...
040 (112729.000.000) 06/03 14:10:29 Finished transferring output files
...
005 (112729.000.000) 06/03 14:10:29 Job terminated.
	(1) Normal termination (return value 0)
		Usr 0 00:00:56, Sys 0 00:00:12  -  Run Remote Usage
		Usr 0 00:00:00, Sys 0 00:00:00  -  Run Local Usage
		Usr 0 00:00:56, Sys 0 00:00:12  -  Total Remote Usage
		Usr 0 00:00:00, Sys 0 00:00:00  -  Total Local Usage
	42097  -  Run Bytes Sent By Job
	19004  -  Run Bytes Received By Job
	42097  -  Total Bytes Sent By Job
	19004  -  Total Bytes Received By Job
	Partitionable Resources :      Usage  Request Allocated 
	   Cpus                 :       0.01        1         1 
	   Disk (KB)            : 1952654          20    234925 
	   Memory (MB)          :      66        2000      2000 

	Job terminated of its own accord at 2021-06-03T12:10:29Z.
...
000 (116344.000.000) 06/04 09:01:56 Job submitted from host: <188.185.121.235:9618?addrs=188.185.121.235-9618+[2001-1458-d00-49--100-36e]-9618&alias=bigbird22.cern.ch&noUDP&sock=schedd_38044_991d>
...
040 (116344.000.000) 06/04 09:12:17 Started transferring input files
	Transferring to host: <188.184.133.121:9618?addrs=188.184.133.121-9618+[2001-1458-301-a0--100-1b5]-9618&alias=b7g28n0342.cern.ch&noUDP&sock=slot1_6_32455_3bc1_4246>
...
040 (116344.000.000) 06/04 09:12:17 Finished transferring input files
...
001 (116344.000.000) 06/04 09:12:17 Job executing on host: <188.184.133.121:9618?addrs=188.184.133.121-9618+[2001-1458-301-a0--100-1b5]-9618&alias=b7g28n0342.cern.ch&noUDP&sock=startd_2334_8222>
...
006 (116344.000.000) 06/04 09:12:26 Image size of job updated: 11432
	12  -  MemoryUsage of job (MB)
	11432  -  ResidentSetSize of job (KB)
...
006 (116344.000.000) 06/04 09:17:27 Image size of job updated: 790820
	66  -  MemoryUsage of job (MB)
	67484  -  ResidentSetSize of job (KB)
...
040 (116344.000.000) 06/04 10:26:44 Started transferring output files
...
040 (116344.000.000) 06/04 10:26:44 Finished transferring output files
...
005 (116344.000.000) 06/04 10:26:44 Job terminated.
	(1) Normal termination (return value 0)
		Usr 0 00:01:32, Sys 0 00:00:13  -  Run Remote Usage
		Usr 0 00:00:00, Sys 0 00:00:00  -  Run Local Usage
		Usr 0 00:01:32, Sys 0 00:00:13  -  Total Remote Usage
		Usr 0 00:00:00, Sys 0 00:00:00  -  Total Local Usage
	50881  -  Run Bytes Sent By Job
	19004  -  Run Bytes Received By Job
	50881  -  Total Bytes Sent By Job
	19004  -  Total Bytes Received By Job
	Partitionable Resources :      Usage  Request Allocated 
	   Cpus                 :       0.00        1         1 
	   Disk (KB)            : 2758872          20    207728 
	   Memory (MB)          :      66        2000      2000 

	Job terminated of its own accord at 2021-06-04T08:26:44Z.
...
000 (123700.000.000) 06/08 10:47:51 Job submitted from host: <188.185.121.235:9618?addrs=188.185.121.235-9618+[2001-1458-d00-49--100-36e]-9618&alias=bigbird22.cern.ch&noUDP&sock=schedd_38044_991d>
...
040 (123700.000.000) 06/08 11:19:34 Entered queue to transfer input files
	Transferring to host: <128.142.80.106:9618?addrs=128.142.80.106-9618+[2001-1458-301-f5--100-5b]-9618&alias=b7s13n7997.cern.ch&noUDP&sock=slot1_5_5555_bffb_38596>
...
040 (123700.000.000) 06/08 11:53:58 Started transferring input files
	Seconds spent in queue: 2064
...
040 (123700.000.000) 06/08 11:53:58 Finished transferring input files
...
001 (123700.000.000) 06/08 11:53:58 Job executing on host: <128.142.80.106:9618?addrs=128.142.80.106-9618+[2001-1458-301-f5--100-5b]-9618&alias=b7s13n7997.cern.ch&noUDP&sock=startd_4324_7b9a>
...
006 (123700.000.000) 06/08 11:54:06 Image size of job updated: 396052
	3  -  MemoryUsage of job (MB)
	2096  -  ResidentSetSize of job (KB)
...
006 (123700.000.000) 06/08 11:59:06 Image size of job updated: 791444
	67  -  MemoryUsage of job (MB)
	67776  -  ResidentSetSize of job (KB)
...
006 (123700.000.000) 06/08 13:14:14 Image size of job updated: 791444
	91  -  MemoryUsage of job (MB)
	92180  -  ResidentSetSize of job (KB)
...
040 (123700.000.000) 06/08 13:15:09 Started transferring output files
	Seconds spent in queue: 6935
...
040 (123700.000.000) 06/08 13:15:09 Finished transferring output files
...
005 (123700.000.000) 06/08 13:15:09 Job terminated.
	(1) Normal termination (return value 0)
		Usr 0 00:01:05, Sys 0 00:00:14  -  Run Remote Usage
		Usr 0 00:00:00, Sys 0 00:00:00  -  Run Local Usage
		Usr 0 00:01:05, Sys 0 00:00:14  -  Total Remote Usage
		Usr 0 00:00:00, Sys 0 00:00:00  -  Total Local Usage
	50893  -  Run Bytes Sent By Job
	19004  -  Run Bytes Received By Job
	50893  -  Total Bytes Sent By Job
	19004  -  Total Bytes Received By Job
	Partitionable Resources :      Usage  Request Allocated 
	   Cpus                 :       0.01        1         1 
	   Disk (KB)            : 2758873          20    277784 
	   Memory (MB)          :      91        2000      2000 

	Job terminated of its own accord at 2021-06-08T11:15:09Z.
...
