000 (113039.000.000) 06/03 12:58:49 Job submitted from host: <188.185.121.235:9618?addrs=188.185.121.235-9618+[2001-1458-d00-49--100-36e]-9618&alias=bigbird22.cern.ch&noUDP&sock=schedd_38044_991d>
...
040 (113039.000.000) 06/03 13:19:36 Started transferring input files
	Transferring to host: <188.184.198.78:9618?addrs=188.184.198.78-9618+[2001-1458-301-c1--100-104]-9618&alias=b7g52n6952.cern.ch&noUDP&sock=slot1_9_25616_8a0b_84364>
...
040 (113039.000.000) 06/03 13:19:36 Finished transferring input files
...
001 (113039.000.000) 06/03 13:19:36 Job executing on host: <188.184.198.78:9618?addrs=188.184.198.78-9618+[2001-1458-301-c1--100-104]-9618&alias=b7g52n6952.cern.ch&noUDP&sock=startd_17976_9e8a>
...
006 (113039.000.000) 06/03 13:19:45 Image size of job updated: 624804
	5  -  MemoryUsage of job (MB)
	4636  -  ResidentSetSize of job (KB)
...
006 (113039.000.000) 06/03 13:24:46 Image size of job updated: 790824
	66  -  MemoryUsage of job (MB)
	67500  -  ResidentSetSize of job (KB)
...
040 (113039.000.000) 06/03 13:42:37 Started transferring output files
...
040 (113039.000.000) 06/03 13:42:37 Finished transferring output files
...
005 (113039.000.000) 06/03 13:42:37 Job terminated.
	(1) Normal termination (return value 0)
		Usr 0 00:00:38, Sys 0 00:00:08  -  Run Remote Usage
		Usr 0 00:00:00, Sys 0 00:00:00  -  Run Local Usage
		Usr 0 00:00:38, Sys 0 00:00:08  -  Total Remote Usage
		Usr 0 00:00:00, Sys 0 00:00:00  -  Total Local Usage
	42275  -  Run Bytes Sent By Job
	19004  -  Run Bytes Received By Job
	42275  -  Total Bytes Sent By Job
	19004  -  Total Bytes Received By Job
	Partitionable Resources :      Usage  Request Allocated 
	   Cpus                 :       0.01        1         1 
	   Disk (KB)            : 1953430          20    280422 
	   Memory (MB)          :      66        2000      2000 

	Job terminated of its own accord at 2021-06-03T11:42:37Z.
...
000 (116658.000.000) 06/04 09:05:45 Job submitted from host: <188.185.121.235:9618?addrs=188.185.121.235-9618+[2001-1458-d00-49--100-36e]-9618&alias=bigbird22.cern.ch&noUDP&sock=schedd_38044_991d>
...
040 (116658.000.000) 06/04 09:31:47 Started transferring input files
	Transferring to host: <128.142.72.177:9618?addrs=128.142.72.177-9618+[2001-1458-301-75--100-2f7]-9618&alias=b7s11n4223.cern.ch&noUDP&sock=slot1_1_5564_175b_46834>
...
040 (116658.000.000) 06/04 09:31:47 Finished transferring input files
...
001 (116658.000.000) 06/04 09:31:47 Job executing on host: <128.142.72.177:9618?addrs=128.142.72.177-9618+[2001-1458-301-75--100-2f7]-9618&alias=b7s11n4223.cern.ch&noUDP&sock=startd_4368_a9c4>
...
006 (116658.000.000) 06/04 09:31:55 Image size of job updated: 12700
	13  -  MemoryUsage of job (MB)
	12700  -  ResidentSetSize of job (KB)
...
006 (116658.000.000) 06/04 09:36:55 Image size of job updated: 790824
	66  -  MemoryUsage of job (MB)
	67504  -  ResidentSetSize of job (KB)
...
040 (116658.000.000) 06/04 09:55:47 Started transferring output files
...
040 (116658.000.000) 06/04 09:55:47 Finished transferring output files
...
005 (116658.000.000) 06/04 09:55:47 Job terminated.
	(1) Normal termination (return value 0)
		Usr 0 00:01:13, Sys 0 00:00:13  -  Run Remote Usage
		Usr 0 00:00:00, Sys 0 00:00:00  -  Run Local Usage
		Usr 0 00:01:13, Sys 0 00:00:13  -  Total Remote Usage
		Usr 0 00:00:00, Sys 0 00:00:00  -  Total Local Usage
	50977  -  Run Bytes Sent By Job
	19004  -  Run Bytes Received By Job
	50977  -  Total Bytes Sent By Job
	19004  -  Total Bytes Received By Job
	Partitionable Resources :      Usage  Request Allocated 
	   Cpus                 :       0.01        1         1 
	   Disk (KB)            : 2758837          20    268107 
	   Memory (MB)          :      66        2000      2000 

	Job terminated of its own accord at 2021-06-04T07:55:47Z.
...
000 (124018.000.000) 06/08 10:52:05 Job submitted from host: <188.185.121.235:9618?addrs=188.185.121.235-9618+[2001-1458-d00-49--100-36e]-9618&alias=bigbird22.cern.ch&noUDP&sock=schedd_38044_991d>
...
040 (124018.000.000) 06/08 11:23:20 Entered queue to transfer input files
	Transferring to host: <188.184.196.230:9618?addrs=188.184.196.230-9618+[2001-1458-301-102--100-d6]-9618&alias=b7g24n0484.cern.ch&noUDP&sock=slot1_5_25297_c65e_85911>
...
040 (124018.000.000) 06/08 11:53:59 Started transferring input files
	Seconds spent in queue: 1839
...
001 (124018.000.000) 06/08 11:53:59 Job executing on host: <188.184.196.230:9618?addrs=188.184.196.230-9618+[2001-1458-301-102--100-d6]-9618&alias=b7g24n0484.cern.ch&noUDP&sock=startd_4791_ce54>
...
040 (124018.000.000) 06/08 11:53:59 Finished transferring input files
...
006 (124018.000.000) 06/08 11:54:08 Image size of job updated: 396052
	3  -  MemoryUsage of job (MB)
	2092  -  ResidentSetSize of job (KB)
...
006 (124018.000.000) 06/08 11:59:09 Image size of job updated: 791456
	67  -  MemoryUsage of job (MB)
	67768  -  ResidentSetSize of job (KB)
...
040 (124018.000.000) 06/08 12:32:43 Started transferring output files
	Seconds spent in queue: 4163
...
040 (124018.000.000) 06/08 12:32:43 Finished transferring output files
...
005 (124018.000.000) 06/08 12:32:43 Job terminated.
	(1) Normal termination (return value 0)
		Usr 0 00:01:21, Sys 0 00:00:14  -  Run Remote Usage
		Usr 0 00:00:00, Sys 0 00:00:00  -  Run Local Usage
		Usr 0 00:01:21, Sys 0 00:00:14  -  Total Remote Usage
		Usr 0 00:00:00, Sys 0 00:00:00  -  Total Local Usage
	51003  -  Run Bytes Sent By Job
	19004  -  Run Bytes Received By Job
	51003  -  Total Bytes Sent By Job
	19004  -  Total Bytes Received By Job
	Partitionable Resources :      Usage  Request Allocated 
	   Cpus                 :       0.01        1         1 
	   Disk (KB)            : 2758836          20    254994 
	   Memory (MB)          :      67        2000      2000 

	Job terminated of its own accord at 2021-06-08T10:32:43Z.
...
