000 (113303.000.000) 06/03 13:03:07 Job submitted from host: <188.185.121.235:9618?addrs=188.185.121.235-9618+[2001-1458-d00-49--100-36e]-9618&alias=bigbird22.cern.ch&noUDP&sock=schedd_38044_991d>
...
040 (113303.000.000) 06/03 13:21:17 Started transferring input files
	Transferring to host: <128.142.73.202:9618?addrs=128.142.73.202-9618+[2001-1458-301-75--100-4e9]-9618&alias=b7s11n2844.cern.ch&noUDP&sock=slot1_13_5705_7041_35423>
...
001 (113303.000.000) 06/03 13:21:17 Job executing on host: <128.142.73.202:9618?addrs=128.142.73.202-9618+[2001-1458-301-75--100-4e9]-9618&alias=b7s11n2844.cern.ch&noUDP&sock=startd_4394_7f3b>
...
040 (113303.000.000) 06/03 13:21:17 Finished transferring input files
...
006 (113303.000.000) 06/03 13:21:26 Image size of job updated: 624800
	11  -  MemoryUsage of job (MB)
	10288  -  ResidentSetSize of job (KB)
...
006 (113303.000.000) 06/03 13:26:27 Image size of job updated: 790812
	66  -  MemoryUsage of job (MB)
	67496  -  ResidentSetSize of job (KB)
...
040 (113303.000.000) 06/03 14:10:33 Started transferring output files
...
040 (113303.000.000) 06/03 14:10:33 Finished transferring output files
...
005 (113303.000.000) 06/03 14:10:33 Job terminated.
	(1) Normal termination (return value 0)
		Usr 0 00:00:38, Sys 0 00:00:11  -  Run Remote Usage
		Usr 0 00:00:00, Sys 0 00:00:00  -  Run Local Usage
		Usr 0 00:00:38, Sys 0 00:00:11  -  Total Remote Usage
		Usr 0 00:00:00, Sys 0 00:00:00  -  Total Local Usage
	42108  -  Run Bytes Sent By Job
	19004  -  Run Bytes Received By Job
	42108  -  Total Bytes Sent By Job
	19004  -  Total Bytes Received By Job
	Partitionable Resources :      Usage  Request Allocated 
	   Cpus                 :       0.00        1         1 
	   Disk (KB)            : 1952533          20    287848 
	   Memory (MB)          :      66        2000      2000 

	Job terminated of its own accord at 2021-06-03T12:10:33Z.
...
000 (116947.000.000) 06/04 09:09:16 Job submitted from host: <188.185.121.235:9618?addrs=188.185.121.235-9618+[2001-1458-d00-49--100-36e]-9618&alias=bigbird22.cern.ch&noUDP&sock=schedd_38044_991d>
...
040 (116947.000.000) 06/04 09:45:53 Started transferring input files
	Transferring to host: <188.184.138.84:9618?addrs=188.184.138.84-9618+[2001-1458-301-45--100-59]-9618&alias=b7g42n0212.cern.ch&noUDP&sock=slot1_8_4940_6d42_29479>
...
040 (116947.000.000) 06/04 09:45:53 Finished transferring input files
...
001 (116947.000.000) 06/04 09:45:53 Job executing on host: <188.184.138.84:9618?addrs=188.184.138.84-9618+[2001-1458-301-45--100-59]-9618&alias=b7g42n0212.cern.ch&noUDP&sock=startd_3994_2159>
...
006 (116947.000.000) 06/04 09:46:01 Image size of job updated: 4084
	4  -  MemoryUsage of job (MB)
	4084  -  ResidentSetSize of job (KB)
...
006 (116947.000.000) 06/04 09:51:01 Image size of job updated: 790824
	39  -  MemoryUsage of job (MB)
	39120  -  ResidentSetSize of job (KB)
...
006 (116947.000.000) 06/04 09:56:02 Image size of job updated: 790824
	52  -  MemoryUsage of job (MB)
	52892  -  ResidentSetSize of job (KB)
...
006 (116947.000.000) 06/04 10:01:02 Image size of job updated: 790824
	66  -  MemoryUsage of job (MB)
	67496  -  ResidentSetSize of job (KB)
...
006 (116947.000.000) 06/04 13:51:26 Image size of job updated: 790824
	86  -  MemoryUsage of job (MB)
	87628  -  ResidentSetSize of job (KB)
...
006 (116947.000.000) 06/04 13:52:09 Image size of job updated: 790824
	86  -  MemoryUsage of job (MB)
	87636  -  ResidentSetSize of job (KB)
...
040 (116947.000.000) 06/04 13:52:09 Started transferring output files
...
040 (116947.000.000) 06/04 13:52:09 Finished transferring output files
...
005 (116947.000.000) 06/04 13:52:10 Job terminated.
	(1) Normal termination (return value 0)
		Usr 0 00:01:35, Sys 0 00:00:19  -  Run Remote Usage
		Usr 0 00:00:00, Sys 0 00:00:00  -  Run Local Usage
		Usr 0 00:01:35, Sys 0 00:00:19  -  Total Remote Usage
		Usr 0 00:00:00, Sys 0 00:00:00  -  Total Local Usage
	50883  -  Run Bytes Sent By Job
	19004  -  Run Bytes Received By Job
	50883  -  Total Bytes Sent By Job
	19004  -  Total Bytes Received By Job
	Partitionable Resources :      Usage  Request Allocated 
	   Cpus                 :       0.89        1         1 
	   Disk (KB)            : 2758909          20    186909 
	   Memory (MB)          :      86        2000      2000 

	Job terminated of its own accord at 2021-06-04T11:52:09Z.
...
000 (124282.000.000) 06/08 10:56:08 Job submitted from host: <188.185.121.235:9618?addrs=188.185.121.235-9618+[2001-1458-d00-49--100-36e]-9618&alias=bigbird22.cern.ch&noUDP&sock=schedd_38044_991d>
...
040 (124282.000.000) 06/08 12:29:13 Started transferring input files
	Transferring to host: <188.184.168.248:9618?addrs=188.184.168.248-9618+[2001-1458-301-c0--100-4b1]-9618&alias=b7g52n1720.cern.ch&noUDP&sock=slot1_2_1001_0b82_94332>
...
001 (124282.000.000) 06/08 12:29:13 Job executing on host: <188.184.168.248:9618?addrs=188.184.168.248-9618+[2001-1458-301-c0--100-4b1]-9618&alias=b7g52n1720.cern.ch&noUDP&sock=startd_17700_4e66>
...
040 (124282.000.000) 06/08 12:29:13 Finished transferring input files
...
006 (124282.000.000) 06/08 12:29:22 Image size of job updated: 5560
	6  -  MemoryUsage of job (MB)
	5560  -  ResidentSetSize of job (KB)
...
006 (124282.000.000) 06/08 12:34:23 Image size of job updated: 791456
	39  -  MemoryUsage of job (MB)
	39516  -  ResidentSetSize of job (KB)
...
006 (124282.000.000) 06/08 12:39:24 Image size of job updated: 791456
	67  -  MemoryUsage of job (MB)
	67776  -  ResidentSetSize of job (KB)
...
040 (124282.000.000) 06/08 15:59:34 Started transferring output files
...
040 (124282.000.000) 06/08 15:59:34 Finished transferring output files
...
005 (124282.000.000) 06/08 15:59:34 Job terminated.
	(1) Normal termination (return value 0)
		Usr 0 00:00:58, Sys 0 00:00:16  -  Run Remote Usage
		Usr 0 00:00:00, Sys 0 00:00:00  -  Run Local Usage
		Usr 0 00:00:58, Sys 0 00:00:16  -  Total Remote Usage
		Usr 0 00:00:00, Sys 0 00:00:00  -  Total Local Usage
	50887  -  Run Bytes Sent By Job
	19004  -  Run Bytes Received By Job
	50887  -  Total Bytes Sent By Job
	19004  -  Total Bytes Received By Job
	Partitionable Resources :      Usage  Request Allocated 
	   Cpus                 :       0.00        1         1 
	   Disk (KB)            : 2758910          20    190420 
	   Memory (MB)          :      67        2000      2000 

	Job terminated of its own accord at 2021-06-08T13:59:34Z.
...
