000 (108665.000.000) 06/02 16:35:25 Job submitted from host: <188.185.121.235:9618?addrs=188.185.121.235-9618+[2001-1458-d00-49--100-36e]-9618&alias=bigbird22.cern.ch&noUDP&sock=schedd_38044_991d>
...
040 (108665.000.000) 06/02 16:42:42 Started transferring input files
	Transferring to host: <128.142.77.249:9618?addrs=128.142.77.249-9618+[2001-1458-301-f4--100-489]-9618&alias=b7s12n8183.cern.ch&noUDP&sock=slot1_8_5034_a886_34664>
...
040 (108665.000.000) 06/02 16:42:42 Finished transferring input files
...
001 (108665.000.000) 06/02 16:42:42 Job executing on host: <128.142.77.249:9618?addrs=128.142.77.249-9618+[2001-1458-301-f4--100-489]-9618&alias=b7s12n8183.cern.ch&noUDP&sock=startd_4038_4f84>
...
006 (108665.000.000) 06/02 16:42:51 Image size of job updated: 774348
	24  -  MemoryUsage of job (MB)
	24348  -  ResidentSetSize of job (KB)
...
006 (108665.000.000) 06/02 16:47:52 Image size of job updated: 790816
	66  -  MemoryUsage of job (MB)
	67504  -  ResidentSetSize of job (KB)
...
040 (108665.000.000) 06/02 16:54:37 Started transferring output files
...
040 (108665.000.000) 06/02 16:54:37 Finished transferring output files
...
005 (108665.000.000) 06/02 16:54:38 Job terminated.
	(1) Normal termination (return value 0)
		Usr 0 00:00:10, Sys 0 00:00:03  -  Run Remote Usage
		Usr 0 00:00:00, Sys 0 00:00:00  -  Run Local Usage
		Usr 0 00:00:10, Sys 0 00:00:03  -  Total Remote Usage
		Usr 0 00:00:00, Sys 0 00:00:00  -  Total Local Usage
	24038  -  Run Bytes Sent By Job
	19195  -  Run Bytes Received By Job
	24038  -  Total Bytes Sent By Job
	19195  -  Total Bytes Received By Job
	Partitionable Resources :     Usage  Request Allocated 
	   Cpus                 :      0.01        1         1 
	   Disk (KB)            : 744129          20    224032 
	   Memory (MB)          :     66        2000      2000 

	Job terminated of its own accord at 2021-06-02T14:54:37Z.
...
