000 (147192.000.000) 06/16 08:23:10 Job submitted from host: <188.185.121.235:9618?addrs=188.185.121.235-9618+[2001-1458-d00-49--100-36e]-9618&alias=bigbird22.cern.ch&noUDP&sock=schedd_38044_991d>
...
040 (147192.000.000) 06/16 08:47:21 Started transferring input files
	Transferring to host: <128.142.72.132:9618?addrs=128.142.72.132-9618+[2001-1458-301-75--100-42]-9618&alias=b7s11n9699.cern.ch&noUDP&sock=slot1_16_5528_b9da_37602>
...
040 (147192.000.000) 06/16 08:47:21 Finished transferring input files
...
001 (147192.000.000) 06/16 08:47:22 Job executing on host: <128.142.72.132:9618?addrs=128.142.72.132-9618+[2001-1458-301-75--100-42]-9618&alias=b7s11n9699.cern.ch&noUDP&sock=startd_4461_7413>
...
006 (147192.000.000) 06/16 08:47:30 Image size of job updated: 20452
	20  -  MemoryUsage of job (MB)
	20452  -  ResidentSetSize of job (KB)
...
006 (147192.000.000) 06/16 08:50:54 Image size of job updated: 791452
	21  -  MemoryUsage of job (MB)
	20700  -  ResidentSetSize of job (KB)
...
040 (147192.000.000) 06/16 08:50:59 Entered queue to transfer output files
...
040 (147192.000.000) 06/16 08:51:10 Started transferring output files
...
040 (147192.000.000) 06/16 08:51:42 Finished transferring output files
...
005 (147192.000.000) 06/16 08:51:49 Job terminated.
	(1) Normal termination (return value 0)
		Usr 0 00:00:08, Sys 0 00:00:02  -  Run Remote Usage
		Usr 0 00:00:00, Sys 0 00:00:00  -  Run Local Usage
		Usr 0 00:00:08, Sys 0 00:00:02  -  Total Remote Usage
		Usr 0 00:00:00, Sys 0 00:00:00  -  Total Local Usage
	24227  -  Run Bytes Sent By Job
	19004  -  Run Bytes Received By Job
	24227  -  Total Bytes Sent By Job
	19004  -  Total Bytes Received By Job
	Partitionable Resources :    Usage  Request Allocated 
	   Cpus                 :                 1         1 
	   Disk (KB)            :   466085       20    283068 
	   Memory (MB)          :       21     2000      2000 

	Job terminated of its own accord at 2021-06-16T06:50:54Z.
...
