000 (109245.000.000) 06/02 16:48:41 Job submitted from host: <188.185.121.235:9618?addrs=188.185.121.235-9618+[2001-1458-d00-49--100-36e]-9618&alias=bigbird22.cern.ch&noUDP&sock=schedd_38044_991d>
...
040 (109245.000.000) 06/02 18:28:12 Started transferring input files
	Transferring to host: <188.184.254.28:9618?addrs=188.184.254.28-9618+[2001-1458-301-8--100-29]-9618&alias=b7g42n0060.cern.ch&noUDP&sock=slot1_11_5020_cb45_33158>
...
001 (109245.000.000) 06/02 18:28:12 Job executing on host: <188.184.254.28:9618?addrs=188.184.254.28-9618+[2001-1458-301-8--100-29]-9618&alias=b7g42n0060.cern.ch&noUDP&sock=startd_3926_7ce8>
...
040 (109245.000.000) 06/02 18:28:12 Finished transferring input files
...
006 (109245.000.000) 06/02 18:28:21 Image size of job updated: 774352
	54  -  MemoryUsage of job (MB)
	55116  -  ResidentSetSize of job (KB)
...
006 (109245.000.000) 06/02 18:30:56 Image size of job updated: 790796
	54  -  MemoryUsage of job (MB)
	55116  -  ResidentSetSize of job (KB)
...
040 (109245.000.000) 06/02 18:30:56 Started transferring output files
...
040 (109245.000.000) 06/02 18:30:56 Finished transferring output files
...
005 (109245.000.000) 06/02 18:30:56 Job terminated.
	(1) Normal termination (return value 0)
		Usr 0 00:01:04, Sys 0 00:00:08  -  Run Remote Usage
		Usr 0 00:00:00, Sys 0 00:00:00  -  Run Local Usage
		Usr 0 00:01:04, Sys 0 00:00:08  -  Total Remote Usage
		Usr 0 00:00:00, Sys 0 00:00:00  -  Total Local Usage
	29221  -  Run Bytes Sent By Job
	19195  -  Run Bytes Received By Job
	29221  -  Total Bytes Sent By Job
	19195  -  Total Bytes Received By Job
	Partitionable Resources :    Usage  Request Allocated 
	   Cpus                 :                 1         1 
	   Disk (KB)            :  1952579       20    307925 
	   Memory (MB)          :       54     2000      2000 

	Job terminated of its own accord at 2021-06-02T16:30:56Z.
...
