000 (147140.000.000) 06/16 08:22:16 Job submitted from host: <188.185.121.235:9618?addrs=188.185.121.235-9618+[2001-1458-d00-49--100-36e]-9618&alias=bigbird22.cern.ch&noUDP&sock=schedd_38044_991d>
...
040 (147140.000.000) 06/16 08:47:01 Started transferring input files
	Transferring to host: <128.142.82.51:9618?addrs=128.142.82.51-9618+[2001-1458-301-f5--100-95]-9618&alias=b7s13n6192.cern.ch&noUDP&sock=slot1_11_3411_1ba4_41512>
...
001 (147140.000.000) 06/16 08:47:01 Job executing on host: <128.142.82.51:9618?addrs=128.142.82.51-9618+[2001-1458-301-f5--100-95]-9618&alias=b7s13n6192.cern.ch&noUDP&sock=startd_2831_68b4>
...
040 (147140.000.000) 06/16 08:47:01 Finished transferring input files
...
006 (147140.000.000) 06/16 08:47:10 Image size of job updated: 625444
	5  -  MemoryUsage of job (MB)
	5036  -  ResidentSetSize of job (KB)
...
006 (147140.000.000) 06/16 08:52:11 Image size of job updated: 791452
	67  -  MemoryUsage of job (MB)
	67776  -  ResidentSetSize of job (KB)
...
040 (147140.000.000) 06/16 08:55:35 Started transferring output files
...
040 (147140.000.000) 06/16 08:55:35 Finished transferring output files
...
005 (147140.000.000) 06/16 08:55:35 Job terminated.
	(1) Normal termination (return value 0)
		Usr 0 00:00:07, Sys 0 00:00:02  -  Run Remote Usage
		Usr 0 00:00:00, Sys 0 00:00:00  -  Run Local Usage
		Usr 0 00:00:07, Sys 0 00:00:02  -  Total Remote Usage
		Usr 0 00:00:00, Sys 0 00:00:00  -  Total Local Usage
	24616  -  Run Bytes Sent By Job
	19004  -  Run Bytes Received By Job
	24616  -  Total Bytes Sent By Job
	19004  -  Total Bytes Received By Job
	Partitionable Resources :    Usage  Request Allocated 
	   Cpus                 :                 1         1 
	   Disk (KB)            :   465873       20    281990 
	   Memory (MB)          :       67     2000      2000 

	Job terminated of its own accord at 2021-06-16T06:55:35Z.
...
