000 (148218.000.000) 06/16 08:44:56 Job submitted from host: <188.185.121.235:9618?addrs=188.185.121.235-9618+[2001-1458-d00-49--100-36e]-9618&alias=bigbird22.cern.ch&noUDP&sock=schedd_38044_991d>
...
040 (148218.000.000) 06/16 09:03:59 Started transferring input files
	Transferring to host: <128.142.84.54:9618?addrs=128.142.84.54-9618+[2001-1458-301-f6--100-1c2]-9618&alias=b7s14n2090.cern.ch&noUDP&sock=slot1_14_2456_395d_91106>
...
040 (148218.000.000) 06/16 09:04:00 Finished transferring input files
...
001 (148218.000.000) 06/16 09:04:00 Job executing on host: <128.142.84.54:9618?addrs=128.142.84.54-9618+[2001-1458-301-f6--100-1c2]-9618&alias=b7s14n2090.cern.ch&noUDP&sock=startd_15058_1d2f>
...
006 (148218.000.000) 06/16 09:04:08 Image size of job updated: 625444
	5  -  MemoryUsage of job (MB)
	4628  -  ResidentSetSize of job (KB)
...
006 (148218.000.000) 06/16 09:09:08 Image size of job updated: 791456
	67  -  MemoryUsage of job (MB)
	67776  -  ResidentSetSize of job (KB)
...
006 (148218.000.000) 06/16 10:19:15 Image size of job updated: 791456
	88  -  MemoryUsage of job (MB)
	90108  -  ResidentSetSize of job (KB)
...
040 (148218.000.000) 06/16 10:19:44 Started transferring output files
...
040 (148218.000.000) 06/16 10:19:44 Finished transferring output files
...
005 (148218.000.000) 06/16 10:19:44 Job terminated.
	(1) Normal termination (return value 0)
		Usr 0 00:00:47, Sys 0 00:00:13  -  Run Remote Usage
		Usr 0 00:00:00, Sys 0 00:00:00  -  Run Local Usage
		Usr 0 00:00:47, Sys 0 00:00:13  -  Total Remote Usage
		Usr 0 00:00:00, Sys 0 00:00:00  -  Total Local Usage
	46749  -  Run Bytes Sent By Job
	19004  -  Run Bytes Received By Job
	46749  -  Total Bytes Sent By Job
	19004  -  Total Bytes Received By Job
	Partitionable Resources :      Usage  Request Allocated 
	   Cpus                 :       0.00        1         1 
	   Disk (KB)            : 2368168          20    269184 
	   Memory (MB)          :      88        2000      2000 

	Job terminated of its own accord at 2021-06-16T08:19:44Z.
...
