000 (108396.000.000) 06/02 16:28:11 Job submitted from host: <188.185.121.235:9618?addrs=188.185.121.235-9618+[2001-1458-d00-49--100-36e]-9618&alias=bigbird22.cern.ch&noUDP&sock=schedd_38044_991d>
...
040 (108396.000.000) 06/02 16:28:19 Started transferring input files
	Transferring to host: <128.142.75.63:9618?addrs=128.142.75.63-9618+[2001-1458-301-75--100-386]-9618&alias=b7s11n8671.cern.ch&noUDP&sock=slot1_9_5975_ad8c_34159>
...
040 (108396.000.000) 06/02 16:28:19 Finished transferring input files
...
001 (108396.000.000) 06/02 16:28:19 Job executing on host: <128.142.75.63:9618?addrs=128.142.75.63-9618+[2001-1458-301-75--100-386]-9618&alias=b7s11n8671.cern.ch&noUDP&sock=startd_4645_a980>
...
006 (108396.000.000) 06/02 16:28:28 Image size of job updated: 766152
	41  -  MemoryUsage of job (MB)
	41612  -  ResidentSetSize of job (KB)
...
006 (108396.000.000) 06/02 16:29:23 Image size of job updated: 790792
	41  -  MemoryUsage of job (MB)
	41612  -  ResidentSetSize of job (KB)
...
040 (108396.000.000) 06/02 16:29:23 Started transferring output files
...
040 (108396.000.000) 06/02 16:29:23 Finished transferring output files
...
005 (108396.000.000) 06/02 16:29:23 Job terminated.
	(1) Normal termination (return value 0)
		Usr 0 00:00:11, Sys 0 00:00:03  -  Run Remote Usage
		Usr 0 00:00:00, Sys 0 00:00:00  -  Run Local Usage
		Usr 0 00:00:11, Sys 0 00:00:03  -  Total Remote Usage
		Usr 0 00:00:00, Sys 0 00:00:00  -  Total Local Usage
	20146  -  Run Bytes Sent By Job
	19195  -  Run Bytes Received By Job
	20146  -  Total Bytes Sent By Job
	19195  -  Total Bytes Received By Job
	Partitionable Resources :    Usage  Request Allocated 
	   Cpus                 :                 1         1 
	   Disk (KB)            :   743556       20    275290 
	   Memory (MB)          :       41     2000      2000 

	Job terminated of its own accord at 2021-06-02T14:29:23Z.
...
