000 (108862.000.000) 06/02 16:39:37 Job submitted from host: <188.185.121.235:9618?addrs=188.185.121.235-9618+[2001-1458-d00-49--100-36e]-9618&alias=bigbird22.cern.ch&noUDP&sock=schedd_38044_991d>
...
040 (108862.000.000) 06/02 16:57:28 Started transferring input files
	Transferring to host: <188.184.138.228:9618?addrs=188.184.138.228-9618+[2001-1458-301-45--100-bb]-9618&alias=b7g42n0417.cern.ch&noUDP&sock=slot1_2_3098_9237_33824>
...
040 (108862.000.000) 06/02 16:57:28 Finished transferring input files
...
001 (108862.000.000) 06/02 16:57:28 Job executing on host: <188.184.138.228:9618?addrs=188.184.138.228-9618+[2001-1458-301-45--100-bb]-9618&alias=b7g42n0417.cern.ch&noUDP&sock=startd_2653_50d8>
...
006 (108862.000.000) 06/02 16:57:37 Image size of job updated: 624804
	7  -  MemoryUsage of job (MB)
	7060  -  ResidentSetSize of job (KB)
...
006 (108862.000.000) 06/02 17:02:38 Image size of job updated: 790820
	66  -  MemoryUsage of job (MB)
	67500  -  ResidentSetSize of job (KB)
...
006 (108862.000.000) 06/02 18:47:50 Image size of job updated: 790820
	89  -  MemoryUsage of job (MB)
	90616  -  ResidentSetSize of job (KB)
...
040 (108862.000.000) 06/02 18:49:11 Started transferring output files
...
040 (108862.000.000) 06/02 18:49:11 Finished transferring output files
...
005 (108862.000.000) 06/02 18:49:12 Job terminated.
	(1) Normal termination (return value 0)
		Usr 0 00:02:36, Sys 0 00:00:29  -  Run Remote Usage
		Usr 0 00:00:00, Sys 0 00:00:00  -  Run Local Usage
		Usr 0 00:02:36, Sys 0 00:00:29  -  Total Remote Usage
		Usr 0 00:00:00, Sys 0 00:00:00  -  Total Local Usage
	67078  -  Run Bytes Sent By Job
	19195  -  Run Bytes Received By Job
	67078  -  Total Bytes Sent By Job
	19195  -  Total Bytes Received By Job
	Partitionable Resources :      Usage  Request Allocated 
	   Cpus                 :       0.01        1         1 
	   Disk (KB)            : 4242492          20    281235 
	   Memory (MB)          :      89        2000      2000 

	Job terminated of its own accord at 2021-06-02T16:49:11Z.
...
