000 (147731.000.000) 06/16 08:34:45 Job submitted from host: <188.185.121.235:9618?addrs=188.185.121.235-9618+[2001-1458-d00-49--100-36e]-9618&alias=bigbird22.cern.ch&noUDP&sock=schedd_38044_991d>
...
040 (147731.000.000) 06/16 08:56:53 Started transferring input files
	Transferring to host: <188.184.190.220:9618?addrs=188.184.190.220-9618+[2001-1458-301-4b--100-cd]-9618&alias=b7g42n0442.cern.ch&noUDP&sock=slot1_9_25556_4388_97841>
...
001 (147731.000.000) 06/16 08:56:54 Job executing on host: <188.184.190.220:9618?addrs=188.184.190.220-9618+[2001-1458-301-4b--100-cd]-9618&alias=b7g42n0442.cern.ch&noUDP&sock=startd_27150_3861>
...
040 (147731.000.000) 06/16 08:56:54 Finished transferring input files
...
006 (147731.000.000) 06/16 08:57:02 Image size of job updated: 28612
	28  -  MemoryUsage of job (MB)
	28160  -  ResidentSetSize of job (KB)
...
006 (147731.000.000) 06/16 09:02:02 Image size of job updated: 791444
	67  -  MemoryUsage of job (MB)
	67772  -  ResidentSetSize of job (KB)
...
040 (147731.000.000) 06/16 10:15:17 Started transferring output files
...
040 (147731.000.000) 06/16 10:15:17 Finished transferring output files
...
005 (147731.000.000) 06/16 10:15:18 Job terminated.
	(1) Normal termination (return value 0)
		Usr 0 00:01:42, Sys 0 00:00:21  -  Run Remote Usage
		Usr 0 00:00:00, Sys 0 00:00:00  -  Run Local Usage
		Usr 0 00:01:42, Sys 0 00:00:21  -  Total Remote Usage
		Usr 0 00:00:00, Sys 0 00:00:00  -  Total Local Usage
	54550  -  Run Bytes Sent By Job
	19004  -  Run Bytes Received By Job
	54550  -  Total Bytes Sent By Job
	19004  -  Total Bytes Received By Job
	Partitionable Resources :      Usage  Request Allocated 
	   Cpus                 :       1.00        1         1 
	   Disk (KB)            : 3074425          20    291309 
	   Memory (MB)          :      67        2000      2000 

	Job terminated of its own accord at 2021-06-16T08:15:17Z.
...
