000 (147426.000.000) 06/16 08:28:10 Job submitted from host: <188.185.121.235:9618?addrs=188.185.121.235-9618+[2001-1458-d00-49--100-36e]-9618&alias=bigbird22.cern.ch&noUDP&sock=schedd_38044_991d>
...
040 (147426.000.000) 06/16 08:53:02 Started transferring input files
	Transferring to host: <128.142.161.121:9618?addrs=128.142.161.121-9618&alias=b7g03p2578.cern.ch&noUDP&sock=slot1_8_3989_5c7b_55623>
...
001 (147426.000.000) 06/16 08:53:02 Job executing on host: <128.142.161.121:9618?addrs=128.142.161.121-9618&alias=b7g03p2578.cern.ch&noUDP&sock=startd_3104_aa0f>
...
040 (147426.000.000) 06/16 08:53:02 Finished transferring input files
...
006 (147426.000.000) 06/16 08:53:10 Image size of job updated: 71812
	37  -  MemoryUsage of job (MB)
	37472  -  ResidentSetSize of job (KB)
...
006 (147426.000.000) 06/16 08:58:10 Image size of job updated: 791444
	67  -  MemoryUsage of job (MB)
	67768  -  ResidentSetSize of job (KB)
...
040 (147426.000.000) 06/16 09:20:22 Entered queue to transfer output files
...
040 (147426.000.000) 06/16 09:20:24 Started transferring output files
...
040 (147426.000.000) 06/16 09:20:27 Finished transferring output files
...
005 (147426.000.000) 06/16 09:20:31 Job terminated.
	(1) Normal termination (return value 0)
		Usr 0 00:01:19, Sys 0 00:00:24  -  Run Remote Usage
		Usr 0 00:00:00, Sys 0 00:00:00  -  Run Local Usage
		Usr 0 00:01:19, Sys 0 00:00:24  -  Total Remote Usage
		Usr 0 00:00:00, Sys 0 00:00:00  -  Total Local Usage
	47671  -  Run Bytes Sent By Job
	19004  -  Run Bytes Received By Job
	47671  -  Total Bytes Sent By Job
	19004  -  Total Bytes Received By Job
	Partitionable Resources :      Usage  Request Allocated 
	   Cpus                 :       0.01        1         1 
	   Disk (KB)            : 3073984          20   1342522 
	   Memory (MB)          :      67        2000      2000 

	Job terminated of its own accord at 2021-06-16T07:20:17Z.
...
