000 (147142.000.000) 06/16 08:22:18 Job submitted from host: <188.185.121.235:9618?addrs=188.185.121.235-9618+[2001-1458-d00-49--100-36e]-9618&alias=bigbird22.cern.ch&noUDP&sock=schedd_38044_991d>
...
040 (147142.000.000) 06/16 08:47:04 Started transferring input files
	Transferring to host: <188.184.132.220:9618?addrs=188.184.132.220-9618+[2001-1458-301-a0--100-b9]-9618&alias=b7g28n0821.cern.ch&noUDP&sock=slot1_3_29158_32db_96547>
...
040 (147142.000.000) 06/16 08:47:04 Finished transferring input files
...
001 (147142.000.000) 06/16 08:47:04 Job executing on host: <188.184.132.220:9618?addrs=188.184.132.220-9618+[2001-1458-301-a0--100-b9]-9618&alias=b7g28n0821.cern.ch&noUDP&sock=startd_1844_68ba>
...
006 (147142.000.000) 06/16 08:47:12 Image size of job updated: 766796
	13  -  MemoryUsage of job (MB)
	12316  -  ResidentSetSize of job (KB)
...
006 (147142.000.000) 06/16 08:52:12 Image size of job updated: 791456
	67  -  MemoryUsage of job (MB)
	67768  -  ResidentSetSize of job (KB)
...
040 (147142.000.000) 06/16 08:55:02 Started transferring output files
...
040 (147142.000.000) 06/16 08:55:02 Finished transferring output files
...
005 (147142.000.000) 06/16 08:55:03 Job terminated.
	(1) Normal termination (return value 0)
		Usr 0 00:00:08, Sys 0 00:00:02  -  Run Remote Usage
		Usr 0 00:00:00, Sys 0 00:00:00  -  Run Local Usage
		Usr 0 00:00:08, Sys 0 00:00:02  -  Total Remote Usage
		Usr 0 00:00:00, Sys 0 00:00:00  -  Total Local Usage
	24250  -  Run Bytes Sent By Job
	19004  -  Run Bytes Received By Job
	24250  -  Total Bytes Sent By Job
	19004  -  Total Bytes Received By Job
	Partitionable Resources :     Usage  Request Allocated 
	   Cpus                 :      0.01        1         1 
	   Disk (KB)            : 465879          20    212252 
	   Memory (MB)          :     67        2000      2000 

	Job terminated of its own accord at 2021-06-16T06:55:02Z.
...
