000 (112004.000.000) 06/03 12:41:51 Job submitted from host: <188.185.121.235:9618?addrs=188.185.121.235-9618+[2001-1458-d00-49--100-36e]-9618&alias=bigbird22.cern.ch&noUDP&sock=schedd_38044_991d>
...
040 (112004.000.000) 06/03 13:07:59 Started transferring input files
	Transferring to host: <128.142.80.68:9618?addrs=128.142.80.68-9618+[2001-1458-301-f5--100-fc]-9618&alias=b7s13n3561.cern.ch&noUDP&sock=slot1_7_26745_0599_84730>
...
001 (112004.000.000) 06/03 13:07:59 Job executing on host: <128.142.80.68:9618?addrs=128.142.80.68-9618+[2001-1458-301-f5--100-fc]-9618&alias=b7s13n3561.cern.ch&noUDP&sock=startd_16551_3015>
...
040 (112004.000.000) 06/03 13:07:59 Finished transferring input files
...
006 (112004.000.000) 06/03 13:08:07 Image size of job updated: 790740
	39  -  MemoryUsage of job (MB)
	39664  -  ResidentSetSize of job (KB)
...
006 (112004.000.000) 06/03 13:13:07 Image size of job updated: 790792
	66  -  MemoryUsage of job (MB)
	67504  -  ResidentSetSize of job (KB)
...
040 (112004.000.000) 06/03 13:51:49 Started transferring output files
...
040 (112004.000.000) 06/03 13:51:49 Finished transferring output files
...
005 (112004.000.000) 06/03 13:51:50 Job terminated.
	(1) Normal termination (return value 0)
		Usr 0 00:02:25, Sys 0 00:00:24  -  Run Remote Usage
		Usr 0 00:00:00, Sys 0 00:00:00  -  Run Local Usage
		Usr 0 00:02:25, Sys 0 00:00:24  -  Total Remote Usage
		Usr 0 00:00:00, Sys 0 00:00:00  -  Total Local Usage
	66759  -  Run Bytes Sent By Job
	19004  -  Run Bytes Received By Job
	66759  -  Total Bytes Sent By Job
	19004  -  Total Bytes Received By Job
	Partitionable Resources :      Usage  Request Allocated 
	   Cpus                 :       0.01        1         1 
	   Disk (KB)            : 4241904          20    248928 
	   Memory (MB)          :      66        2000      2000 

	Job terminated of its own accord at 2021-06-03T11:51:49Z.
...
000 (115605.000.000) 06/04 08:51:45 Job submitted from host: <188.185.121.235:9618?addrs=188.185.121.235-9618+[2001-1458-d00-49--100-36e]-9618&alias=bigbird22.cern.ch&noUDP&sock=schedd_38044_991d>
...
040 (115605.000.000) 06/04 08:58:19 Started transferring input files
	Transferring to host: <128.142.84.127:9618?addrs=128.142.84.127-9618+[2001-1458-301-f6--100-675]-9618&alias=b7s14n7821.cern.ch&noUDP&sock=slot1_2_5970_27ac_34052>
...
040 (115605.000.000) 06/04 08:58:19 Finished transferring input files
...
001 (115605.000.000) 06/04 08:58:19 Job executing on host: <128.142.84.127:9618?addrs=128.142.84.127-9618+[2001-1458-301-f6--100-675]-9618&alias=b7s14n7821.cern.ch&noUDP&sock=startd_4742_3230>
...
006 (115605.000.000) 06/04 08:58:28 Image size of job updated: 36432
	34  -  MemoryUsage of job (MB)
	34472  -  ResidentSetSize of job (KB)
...
006 (115605.000.000) 06/04 09:03:29 Image size of job updated: 790816
	66  -  MemoryUsage of job (MB)
	67508  -  ResidentSetSize of job (KB)
...
006 (115605.000.000) 06/04 09:43:33 Image size of job updated: 790816
	90  -  MemoryUsage of job (MB)
	91268  -  ResidentSetSize of job (KB)
...
040 (115605.000.000) 06/04 09:45:13 Started transferring output files
...
040 (115605.000.000) 06/04 09:45:14 Finished transferring output files
...
005 (115605.000.000) 06/04 09:45:14 Job terminated.
	(1) Normal termination (return value 0)
		Usr 0 00:01:48, Sys 0 00:00:19  -  Run Remote Usage
		Usr 0 00:00:00, Sys 0 00:00:00  -  Run Local Usage
		Usr 0 00:01:48, Sys 0 00:00:19  -  Total Remote Usage
		Usr 0 00:00:00, Sys 0 00:00:00  -  Total Local Usage
	61033  -  Run Bytes Sent By Job
	19004  -  Run Bytes Received By Job
	61033  -  Total Bytes Sent By Job
	19004  -  Total Bytes Received By Job
	Partitionable Resources :      Usage  Request Allocated 
	   Cpus                 :       0.01        1         1 
	   Disk (KB)            : 3711649          20    206903 
	   Memory (MB)          :      90        2000      2000 

	Job terminated of its own accord at 2021-06-04T07:45:13Z.
...
000 (122953.000.000) 06/08 10:36:09 Job submitted from host: <188.185.121.235:9618?addrs=188.185.121.235-9618+[2001-1458-d00-49--100-36e]-9618&alias=bigbird22.cern.ch&noUDP&sock=schedd_38044_991d>
...
040 (122953.000.000) 06/08 10:53:24 Started transferring input files
	Transferring to host: <188.184.198.224:9618?addrs=188.184.198.224-9618+[2001-1458-301-c1--100-234]-9618&alias=b7g52n6680.cern.ch&noUDP&sock=slot1_7_11254_3603_94020>
...
001 (122953.000.000) 06/08 10:53:25 Job executing on host: <188.184.198.224:9618?addrs=188.184.198.224-9618+[2001-1458-301-c1--100-234]-9618&alias=b7g52n6680.cern.ch&noUDP&sock=startd_17719_56b3>
...
040 (122953.000.000) 06/08 10:53:25 Finished transferring input files
...
006 (122953.000.000) 06/08 10:53:33 Image size of job updated: 26224
	26  -  MemoryUsage of job (MB)
	26224  -  ResidentSetSize of job (KB)
...
006 (122953.000.000) 06/08 10:58:33 Image size of job updated: 791456
	67  -  MemoryUsage of job (MB)
	67772  -  ResidentSetSize of job (KB)
...
040 (122953.000.000) 06/08 11:12:24 Entered queue to transfer output files
...
040 (122953.000.000) 06/08 11:12:37 Started transferring output files
...
040 (122953.000.000) 06/08 11:12:37 Finished transferring output files
...
005 (122953.000.000) 06/08 11:12:38 Job terminated.
	(1) Normal termination (return value 0)
		Usr 0 00:02:00, Sys 0 00:00:21  -  Run Remote Usage
		Usr 0 00:00:00, Sys 0 00:00:00  -  Run Local Usage
		Usr 0 00:02:00, Sys 0 00:00:21  -  Total Remote Usage
		Usr 0 00:00:00, Sys 0 00:00:00  -  Total Local Usage
	60914  -  Run Bytes Sent By Job
	19004  -  Run Bytes Received By Job
	60914  -  Total Bytes Sent By Job
	19004  -  Total Bytes Received By Job
	Partitionable Resources :      Usage  Request Allocated 
	   Cpus                 :       0.01        1         1 
	   Disk (KB)            : 3711650          20    281774 
	   Memory (MB)          :      67        2000      2000 

	Job terminated of its own accord at 2021-06-08T09:12:19Z.
...
