000 (147290.000.000) 06/16 08:25:00 Job submitted from host: <188.185.121.235:9618?addrs=188.185.121.235-9618+[2001-1458-d00-49--100-36e]-9618&alias=bigbird22.cern.ch&noUDP&sock=schedd_38044_991d>
...
040 (147290.000.000) 06/16 08:47:55 Started transferring input files
	Transferring to host: <128.142.85.102:9618?addrs=128.142.85.102-9618+[2001-1458-301-f6--100-540]-9618&alias=b7s14n4808.cern.ch&noUDP&sock=slot1_15_5413_b2b5_48842>
...
040 (147290.000.000) 06/16 08:47:55 Finished transferring input files
...
001 (147290.000.000) 06/16 08:47:55 Job executing on host: <128.142.85.102:9618?addrs=128.142.85.102-9618+[2001-1458-301-f6--100-540]-9618&alias=b7s14n4808.cern.ch&noUDP&sock=startd_4106_f3f4>
...
006 (147290.000.000) 06/16 08:48:03 Image size of job updated: 625440
	4  -  MemoryUsage of job (MB)
	3960  -  ResidentSetSize of job (KB)
...
006 (147290.000.000) 06/16 08:49:42 Image size of job updated: 791444
	4  -  MemoryUsage of job (MB)
	3960  -  ResidentSetSize of job (KB)
...
040 (147290.000.000) 06/16 08:49:43 Started transferring output files
...
040 (147290.000.000) 06/16 08:49:44 Finished transferring output files
...
005 (147290.000.000) 06/16 08:49:44 Job terminated.
	(1) Normal termination (return value 0)
		Usr 0 00:00:07, Sys 0 00:00:03  -  Run Remote Usage
		Usr 0 00:00:00, Sys 0 00:00:00  -  Run Local Usage
		Usr 0 00:00:07, Sys 0 00:00:03  -  Total Remote Usage
		Usr 0 00:00:00, Sys 0 00:00:00  -  Total Local Usage
	22620  -  Run Bytes Sent By Job
	19004  -  Run Bytes Received By Job
	22620  -  Total Bytes Sent By Job
	19004  -  Total Bytes Received By Job
	Partitionable Resources :    Usage  Request Allocated 
	   Cpus                 :                 1         1 
	   Disk (KB)            :   466722       20    285650 
	   Memory (MB)          :        4     2000      2000 

	Job terminated of its own accord at 2021-06-16T06:49:42Z.
...
