000 (146822.000.000) 06/16 08:15:27 Job submitted from host: <188.185.121.235:9618?addrs=188.185.121.235-9618+[2001-1458-d00-49--100-36e]-9618&alias=bigbird22.cern.ch&noUDP&sock=schedd_38044_991d>
...
040 (146822.000.000) 06/16 08:41:39 Started transferring input files
	Transferring to host: <128.142.82.5:9618?addrs=128.142.82.5-9618+[2001-1458-301-f5--100-6ce]-9618&alias=b7s13n0982.cern.ch&noUDP&sock=slot1_11_4835_71de_91529>
...
040 (146822.000.000) 06/16 08:41:39 Finished transferring input files
...
001 (146822.000.000) 06/16 08:41:39 Job executing on host: <128.142.82.5:9618?addrs=128.142.82.5-9618+[2001-1458-301-f5--100-6ce]-9618&alias=b7s13n0982.cern.ch&noUDP&sock=startd_16646_5994>
...
006 (146822.000.000) 06/16 08:41:47 Image size of job updated: 36260
	36  -  MemoryUsage of job (MB)
	36260  -  ResidentSetSize of job (KB)
...
006 (146822.000.000) 06/16 08:42:47 Image size of job updated: 791440
	36  -  MemoryUsage of job (MB)
	36260  -  ResidentSetSize of job (KB)
...
040 (146822.000.000) 06/16 08:42:48 Started transferring output files
...
040 (146822.000.000) 06/16 08:42:49 Finished transferring output files
...
005 (146822.000.000) 06/16 08:42:51 Job terminated.
	(1) Normal termination (return value 0)
		Usr 0 00:00:07, Sys 0 00:00:02  -  Run Remote Usage
		Usr 0 00:00:00, Sys 0 00:00:00  -  Run Local Usage
		Usr 0 00:00:07, Sys 0 00:00:02  -  Total Remote Usage
		Usr 0 00:00:00, Sys 0 00:00:00  -  Total Local Usage
	24166  -  Run Bytes Sent By Job
	19004  -  Run Bytes Received By Job
	24166  -  Total Bytes Sent By Job
	19004  -  Total Bytes Received By Job
	Partitionable Resources :    Usage  Request Allocated 
	   Cpus                 :                 1         1 
	   Disk (KB)            :   466024       20    285180 
	   Memory (MB)          :       36     2000      2000 

	Job terminated of its own accord at 2021-06-16T06:42:47Z.
...
