000 (147882.000.000) 06/16 08:37:23 Job submitted from host: <188.185.121.235:9618?addrs=188.185.121.235-9618+[2001-1458-d00-49--100-36e]-9618&alias=bigbird22.cern.ch&noUDP&sock=schedd_38044_991d>
...
040 (147882.000.000) 06/16 08:57:53 Started transferring input files
	Transferring to host: <188.184.139.69:9618?addrs=188.184.139.69-9618+[2001-1458-301-45--100-142]-9618&alias=b7g42n0581.cern.ch&noUDP&sock=slot1_12_5157_52ab_69256>
...
001 (147882.000.000) 06/16 08:57:53 Job executing on host: <188.184.139.69:9618?addrs=188.184.139.69-9618+[2001-1458-301-45--100-142]-9618&alias=b7g42n0581.cern.ch&noUDP&sock=startd_4241_8d3d>
...
040 (147882.000.000) 06/16 08:57:53 Finished transferring input files
...
006 (147882.000.000) 06/16 08:58:02 Image size of job updated: 5008
	5  -  MemoryUsage of job (MB)
	5008  -  ResidentSetSize of job (KB)
...
006 (147882.000.000) 06/16 09:03:03 Image size of job updated: 791456
	67  -  MemoryUsage of job (MB)
	67772  -  ResidentSetSize of job (KB)
...
006 (147882.000.000) 06/16 12:18:23 Image size of job updated: 791456
	119  -  MemoryUsage of job (MB)
	120876  -  ResidentSetSize of job (KB)
...
040 (147882.000.000) 06/16 12:18:47 Started transferring output files
...
040 (147882.000.000) 06/16 12:18:47 Finished transferring output files
...
005 (147882.000.000) 06/16 12:18:47 Job terminated.
	(1) Normal termination (return value 0)
		Usr 0 00:02:07, Sys 0 00:00:28  -  Run Remote Usage
		Usr 0 00:00:00, Sys 0 00:00:00  -  Run Local Usage
		Usr 0 00:02:07, Sys 0 00:00:28  -  Total Remote Usage
		Usr 0 00:00:00, Sys 0 00:00:00  -  Total Local Usage
	54363  -  Run Bytes Sent By Job
	19004  -  Run Bytes Received By Job
	54363  -  Total Bytes Sent By Job
	19004  -  Total Bytes Received By Job
	Partitionable Resources :      Usage  Request Allocated 
	   Cpus                 :       0.00        1         1 
	   Disk (KB)            : 3074155          20    292241 
	   Memory (MB)          :     119        2000      2000 

	Job terminated of its own accord at 2021-06-16T10:18:47Z.
...
