000 (112110.000.000) 06/03 12:43:39 Job submitted from host: <188.185.121.235:9618?addrs=188.185.121.235-9618+[2001-1458-d00-49--100-36e]-9618&alias=bigbird22.cern.ch&noUDP&sock=schedd_38044_991d>
...
040 (112110.000.000) 06/03 13:09:12 Started transferring input files
	Transferring to host: <188.184.182.69:9618?addrs=188.184.182.69-9618+[2001-1458-301-2b--100-4b2]-9618&alias=b7g41n2088.cern.ch&noUDP&sock=slot1_2_4713_7c19_29211>
...
040 (112110.000.000) 06/03 13:09:12 Finished transferring input files
...
001 (112110.000.000) 06/03 13:09:12 Job executing on host: <188.184.182.69:9618?addrs=188.184.182.69-9618+[2001-1458-301-2b--100-4b2]-9618&alias=b7g41n2088.cern.ch&noUDP&sock=startd_3856_7947>
...
006 (112110.000.000) 06/03 13:09:21 Image size of job updated: 9240
	10  -  MemoryUsage of job (MB)
	9240  -  ResidentSetSize of job (KB)
...
006 (112110.000.000) 06/03 13:14:22 Image size of job updated: 790824
	66  -  MemoryUsage of job (MB)
	67492  -  ResidentSetSize of job (KB)
...
006 (112110.000.000) 06/03 17:19:48 Image size of job updated: 790824
	92  -  MemoryUsage of job (MB)
	93980  -  ResidentSetSize of job (KB)
...
040 (112110.000.000) 06/03 17:21:54 Started transferring output files
...
040 (112110.000.000) 06/03 17:21:55 Finished transferring output files
...
005 (112110.000.000) 06/03 17:21:55 Job terminated.
	(1) Normal termination (return value 0)
		Usr 0 00:02:42, Sys 0 00:00:29  -  Run Remote Usage
		Usr 0 00:00:00, Sys 0 00:00:00  -  Run Local Usage
		Usr 0 00:02:42, Sys 0 00:00:29  -  Total Remote Usage
		Usr 0 00:00:00, Sys 0 00:00:00  -  Total Local Usage
	67103  -  Run Bytes Sent By Job
	19004  -  Run Bytes Received By Job
	67103  -  Total Bytes Sent By Job
	19004  -  Total Bytes Received By Job
	Partitionable Resources :      Usage  Request Allocated 
	   Cpus                 :       0.00        1         1 
	   Disk (KB)            : 4243166          20    348900 
	   Memory (MB)          :      92        2000      2000 

	Job terminated of its own accord at 2021-06-03T15:21:54Z.
...
000 (115718.000.000) 06/04 08:53:11 Job submitted from host: <188.185.121.235:9618?addrs=188.185.121.235-9618+[2001-1458-d00-49--100-36e]-9618&alias=bigbird22.cern.ch&noUDP&sock=schedd_38044_991d>
...
040 (115718.000.000) 06/04 08:58:50 Started transferring input files
	Transferring to host: <128.142.81.22:9618?addrs=128.142.81.22-9618+[2001-1458-301-f5--100-c4]-9618&alias=b7s13n6662.cern.ch&noUDP&sock=slot1_12_6342_433b_34051>
...
040 (115718.000.000) 06/04 08:58:50 Finished transferring input files
...
001 (115718.000.000) 06/04 08:58:50 Job executing on host: <128.142.81.22:9618?addrs=128.142.81.22-9618+[2001-1458-301-f5--100-c4]-9618&alias=b7s13n6662.cern.ch&noUDP&sock=startd_5068_ce10>
...
006 (115718.000.000) 06/04 08:58:59 Image size of job updated: 790796
	46  -  MemoryUsage of job (MB)
	46636  -  ResidentSetSize of job (KB)
...
006 (115718.000.000) 06/04 09:04:00 Image size of job updated: 790796
	66  -  MemoryUsage of job (MB)
	67496  -  ResidentSetSize of job (KB)
...
040 (115718.000.000) 06/04 09:07:18 Started transferring output files
...
040 (115718.000.000) 06/04 09:07:18 Finished transferring output files
...
005 (115718.000.000) 06/04 09:07:18 Job terminated.
	(1) Normal termination (return value 0)
		Usr 0 00:01:34, Sys 0 00:00:19  -  Run Remote Usage
		Usr 0 00:00:00, Sys 0 00:00:00  -  Run Local Usage
		Usr 0 00:01:34, Sys 0 00:00:19  -  Total Remote Usage
		Usr 0 00:00:00, Sys 0 00:00:00  -  Total Local Usage
	53610  -  Run Bytes Sent By Job
	19004  -  Run Bytes Received By Job
	53610  -  Total Bytes Sent By Job
	19004  -  Total Bytes Received By Job
	Partitionable Resources :    Usage  Request Allocated 
	   Cpus                 :                 1         1 
	   Disk (KB)            :  3710193       20    105430 
	   Memory (MB)          :       66     2000      2000 

	Job terminated of its own accord at 2021-06-04T07:07:18Z.
...
000 (123065.000.000) 06/08 10:37:40 Job submitted from host: <188.185.121.235:9618?addrs=188.185.121.235-9618+[2001-1458-d00-49--100-36e]-9618&alias=bigbird22.cern.ch&noUDP&sock=schedd_38044_991d>
...
040 (123065.000.000) 06/08 10:58:13 Started transferring input files
	Transferring to host: <188.184.132.86:9618?addrs=188.184.132.86-9618+[2001-1458-301-a0--100-68]-9618&alias=b7g28n0388.cern.ch&noUDP&sock=slot1_9_13598_c562_84787>
...
001 (123065.000.000) 06/08 10:58:13 Job executing on host: <188.184.132.86:9618?addrs=188.184.132.86-9618+[2001-1458-301-a0--100-68]-9618&alias=b7g28n0388.cern.ch&noUDP&sock=startd_2271_4bab>
...
040 (123065.000.000) 06/08 10:58:13 Finished transferring input files
...
006 (123065.000.000) 06/08 10:58:21 Image size of job updated: 791456
	37  -  MemoryUsage of job (MB)
	37456  -  ResidentSetSize of job (KB)
...
006 (123065.000.000) 06/08 11:03:21 Image size of job updated: 791456
	119  -  MemoryUsage of job (MB)
	121124  -  ResidentSetSize of job (KB)
...
040 (123065.000.000) 06/08 11:05:37 Started transferring output files
...
040 (123065.000.000) 06/08 11:05:37 Finished transferring output files
...
005 (123065.000.000) 06/08 11:05:37 Job terminated.
	(1) Normal termination (return value 0)
		Usr 0 00:02:38, Sys 0 00:00:28  -  Run Remote Usage
		Usr 0 00:00:00, Sys 0 00:00:00  -  Run Local Usage
		Usr 0 00:02:38, Sys 0 00:00:28  -  Total Remote Usage
		Usr 0 00:00:00, Sys 0 00:00:00  -  Total Local Usage
	44742  -  Run Bytes Sent By Job
	19004  -  Run Bytes Received By Job
	44742  -  Total Bytes Sent By Job
	19004  -  Total Bytes Received By Job
	Partitionable Resources :      Usage  Request Allocated 
	   Cpus                 :       1.00        1         1 
	   Disk (KB)            : 3710192          20    116460 
	   Memory (MB)          :     119        2000      2000 

	Job terminated of its own accord at 2021-06-08T09:05:37Z.
...
