000 (113237.000.000) 06/03 13:02:16 Job submitted from host: <188.185.121.235:9618?addrs=188.185.121.235-9618+[2001-1458-d00-49--100-36e]-9618&alias=bigbird22.cern.ch&noUDP&sock=schedd_38044_991d>
...
040 (113237.000.000) 06/03 13:20:52 Started transferring input files
	Transferring to host: <128.142.68.149:9618?addrs=128.142.68.149-9618+[2001-1458-301-52--100-2c9]-9618&alias=b7s10n2296.cern.ch&noUDP&sock=slot1_5_4667_12d7_33423>
...
040 (113237.000.000) 06/03 13:20:52 Finished transferring input files
...
001 (113237.000.000) 06/03 13:20:52 Job executing on host: <128.142.68.149:9618?addrs=128.142.68.149-9618+[2001-1458-301-52--100-2c9]-9618&alias=b7s10n2296.cern.ch&noUDP&sock=startd_3796_5198>
...
006 (113237.000.000) 06/03 13:21:01 Image size of job updated: 624804
	17  -  MemoryUsage of job (MB)
	16608  -  ResidentSetSize of job (KB)
...
006 (113237.000.000) 06/03 13:26:02 Image size of job updated: 790824
	66  -  MemoryUsage of job (MB)
	67504  -  ResidentSetSize of job (KB)
...
040 (113237.000.000) 06/03 13:43:35 Started transferring output files
...
040 (113237.000.000) 06/03 13:43:35 Finished transferring output files
...
005 (113237.000.000) 06/03 13:43:35 Job terminated.
	(1) Normal termination (return value 0)
		Usr 0 00:00:35, Sys 0 00:00:11  -  Run Remote Usage
		Usr 0 00:00:00, Sys 0 00:00:00  -  Run Local Usage
		Usr 0 00:00:35, Sys 0 00:00:11  -  Total Remote Usage
		Usr 0 00:00:00, Sys 0 00:00:00  -  Total Local Usage
	41988  -  Run Bytes Sent By Job
	19004  -  Run Bytes Received By Job
	41988  -  Total Bytes Sent By Job
	19004  -  Total Bytes Received By Job
	Partitionable Resources :      Usage  Request Allocated 
	   Cpus                 :       0.01        1         1 
	   Disk (KB)            : 1951486          20    285252 
	   Memory (MB)          :      66        2000      2000 

	Job terminated of its own accord at 2021-06-03T11:43:35Z.
...
000 (116867.000.000) 06/04 09:08:27 Job submitted from host: <188.185.121.235:9618?addrs=188.185.121.235-9618+[2001-1458-d00-49--100-36e]-9618&alias=bigbird22.cern.ch&noUDP&sock=schedd_38044_991d>
...
040 (116867.000.000) 06/04 09:41:55 Started transferring input files
	Transferring to host: <188.184.196.144:9618?addrs=188.184.196.144-9618+[2001-1458-301-102--100-7e]-9618&alias=b7g24n0276.cern.ch&noUDP&sock=slot1_9_5184_58cc_84590>
...
001 (116867.000.000) 06/04 09:41:55 Job executing on host: <188.184.196.144:9618?addrs=188.184.196.144-9618+[2001-1458-301-102--100-7e]-9618&alias=b7g24n0276.cern.ch&noUDP&sock=startd_20247_561e>
...
040 (116867.000.000) 06/04 09:41:55 Finished transferring input files
...
006 (116867.000.000) 06/04 09:42:04 Image size of job updated: 234568
	4  -  MemoryUsage of job (MB)
	3276  -  ResidentSetSize of job (KB)
...
006 (116867.000.000) 06/04 09:47:05 Image size of job updated: 790824
	42  -  MemoryUsage of job (MB)
	42084  -  ResidentSetSize of job (KB)
...
006 (116867.000.000) 06/04 09:52:06 Image size of job updated: 790824
	60  -  MemoryUsage of job (MB)
	61044  -  ResidentSetSize of job (KB)
...
006 (116867.000.000) 06/04 09:57:06 Image size of job updated: 790824
	66  -  MemoryUsage of job (MB)
	67496  -  ResidentSetSize of job (KB)
...
040 (116867.000.000) 06/04 13:46:19 Started transferring output files
...
040 (116867.000.000) 06/04 13:46:19 Finished transferring output files
...
005 (116867.000.000) 06/04 13:46:20 Job terminated.
	(1) Normal termination (return value 0)
		Usr 0 00:01:18, Sys 0 00:00:22  -  Run Remote Usage
		Usr 0 00:00:00, Sys 0 00:00:00  -  Run Local Usage
		Usr 0 00:01:18, Sys 0 00:00:22  -  Total Remote Usage
		Usr 0 00:00:00, Sys 0 00:00:00  -  Total Local Usage
	50765  -  Run Bytes Sent By Job
	19004  -  Run Bytes Received By Job
	50765  -  Total Bytes Sent By Job
	19004  -  Total Bytes Received By Job
	Partitionable Resources :      Usage  Request Allocated 
	   Cpus                 :       0.00        1         1 
	   Disk (KB)            : 2756335          20    317502 
	   Memory (MB)          :      66        2000      2000 

	Job terminated of its own accord at 2021-06-04T11:46:19Z.
...
000 (124213.000.000) 06/08 10:55:09 Job submitted from host: <188.185.121.235:9618?addrs=188.185.121.235-9618+[2001-1458-d00-49--100-36e]-9618&alias=bigbird22.cern.ch&noUDP&sock=schedd_38044_991d>
...
040 (124213.000.000) 06/08 11:56:47 Started transferring input files
	Transferring to host: <188.184.190.210:9618?addrs=188.184.190.210-9618+[2001-1458-301-4b--100-a6]-9618&alias=b7g42n0393.cern.ch&noUDP&sock=slot1_7_8032_0540_87018>
...
001 (124213.000.000) 06/08 11:56:47 Job executing on host: <188.184.190.210:9618?addrs=188.184.190.210-9618+[2001-1458-301-4b--100-a6]-9618&alias=b7g42n0393.cern.ch&noUDP&sock=startd_5710_29dd>
...
040 (124213.000.000) 06/08 11:56:47 Finished transferring input files
...
006 (124213.000.000) 06/08 11:56:56 Image size of job updated: 3452
	4  -  MemoryUsage of job (MB)
	3452  -  ResidentSetSize of job (KB)
...
006 (124213.000.000) 06/08 12:01:57 Image size of job updated: 791456
	37  -  MemoryUsage of job (MB)
	37488  -  ResidentSetSize of job (KB)
...
006 (124213.000.000) 06/08 12:06:58 Image size of job updated: 791456
	67  -  MemoryUsage of job (MB)
	67768  -  ResidentSetSize of job (KB)
...
006 (124213.000.000) 06/08 15:37:17 Image size of job updated: 791456
	91  -  MemoryUsage of job (MB)
	92764  -  ResidentSetSize of job (KB)
...
040 (124213.000.000) 06/08 15:37:24 Started transferring output files
...
040 (124213.000.000) 06/08 15:37:24 Finished transferring output files
...
005 (124213.000.000) 06/08 15:37:25 Job terminated.
	(1) Normal termination (return value 0)
		Usr 0 00:01:23, Sys 0 00:00:20  -  Run Remote Usage
		Usr 0 00:00:00, Sys 0 00:00:00  -  Run Local Usage
		Usr 0 00:01:23, Sys 0 00:00:20  -  Total Remote Usage
		Usr 0 00:00:00, Sys 0 00:00:00  -  Total Local Usage
	50787  -  Run Bytes Sent By Job
	19004  -  Run Bytes Received By Job
	50787  -  Total Bytes Sent By Job
	19004  -  Total Bytes Received By Job
	Partitionable Resources :      Usage  Request Allocated 
	   Cpus                 :       0.00        1         1 
	   Disk (KB)            : 2756336          20    291183 
	   Memory (MB)          :      91        2000      2000 

	Job terminated of its own accord at 2021-06-08T13:37:24Z.
...
