000 (109277.000.000) 06/02 16:49:20 Job submitted from host: <188.185.121.235:9618?addrs=188.185.121.235-9618+[2001-1458-d00-49--100-36e]-9618&alias=bigbird22.cern.ch&noUDP&sock=schedd_38044_991d>
...
040 (109277.000.000) 06/02 18:33:20 Started transferring input files
	Transferring to host: <128.142.68.55:9618?addrs=128.142.68.55-9618+[2001-1458-301-52--100-2b7]-9618&alias=b7s10n3774.cern.ch&noUDP&sock=slot1_12_5533_3fba_29200>
...
001 (109277.000.000) 06/02 18:33:20 Job executing on host: <128.142.68.55:9618?addrs=128.142.68.55-9618+[2001-1458-301-52--100-2b7]-9618&alias=b7s10n3774.cern.ch&noUDP&sock=startd_4381_9480>
...
040 (109277.000.000) 06/02 18:33:20 Finished transferring input files
...
006 (109277.000.000) 06/02 18:33:29 Image size of job updated: 67508
	66  -  MemoryUsage of job (MB)
	67508  -  ResidentSetSize of job (KB)
...
006 (109277.000.000) 06/02 18:34:54 Image size of job updated: 790796
	66  -  MemoryUsage of job (MB)
	67508  -  ResidentSetSize of job (KB)
...
040 (109277.000.000) 06/02 18:34:54 Started transferring output files
...
040 (109277.000.000) 06/02 18:34:54 Finished transferring output files
...
005 (109277.000.000) 06/02 18:34:54 Job terminated.
	(1) Normal termination (return value 0)
		Usr 0 00:00:35, Sys 0 00:00:13  -  Run Remote Usage
		Usr 0 00:00:00, Sys 0 00:00:00  -  Run Local Usage
		Usr 0 00:00:35, Sys 0 00:00:13  -  Total Remote Usage
		Usr 0 00:00:00, Sys 0 00:00:00  -  Total Local Usage
	26094  -  Run Bytes Sent By Job
	19195  -  Run Bytes Received By Job
	26094  -  Total Bytes Sent By Job
	19195  -  Total Bytes Received By Job
	Partitionable Resources :    Usage  Request Allocated 
	   Cpus                 :                 1         1 
	   Disk (KB)            :  1951723       20    268764 
	   Memory (MB)          :       66     2000      2000 

	Job terminated of its own accord at 2021-06-02T16:34:54Z.
...
