000 (108498.000.000) 06/02 16:30:44 Job submitted from host: <188.185.121.235:9618?addrs=188.185.121.235-9618+[2001-1458-d00-49--100-36e]-9618&alias=bigbird22.cern.ch&noUDP&sock=schedd_38044_991d>
...
040 (108498.000.000) 06/02 16:36:54 Started transferring input files
	Transferring to host: <128.142.76.237:9618?addrs=128.142.76.237-9618+[2001-1458-301-f4--100-431]-9618&alias=b7s12n3009.cern.ch&noUDP&sock=slot1_9_5757_13c3_29454>
...
040 (108498.000.000) 06/02 16:36:54 Finished transferring input files
...
001 (108498.000.000) 06/02 16:36:54 Job executing on host: <128.142.76.237:9618?addrs=128.142.76.237-9618+[2001-1458-301-f4--100-431]-9618&alias=b7s12n3009.cern.ch&noUDP&sock=startd_4606_e94f>
...
006 (108498.000.000) 06/02 16:37:03 Image size of job updated: 790824
	42  -  MemoryUsage of job (MB)
	42656  -  ResidentSetSize of job (KB)
...
006 (108498.000.000) 06/02 16:37:55 Image size of job updated: 790824
	42  -  MemoryUsage of job (MB)
	42676  -  ResidentSetSize of job (KB)
...
040 (108498.000.000) 06/02 16:37:55 Started transferring output files
...
040 (108498.000.000) 06/02 16:37:55 Finished transferring output files
...
005 (108498.000.000) 06/02 16:37:55 Job terminated.
	(1) Normal termination (return value 0)
		Usr 0 00:00:10, Sys 0 00:00:03  -  Run Remote Usage
		Usr 0 00:00:00, Sys 0 00:00:00  -  Run Local Usage
		Usr 0 00:00:10, Sys 0 00:00:03  -  Total Remote Usage
		Usr 0 00:00:00, Sys 0 00:00:00  -  Total Local Usage
	19965  -  Run Bytes Sent By Job
	19195  -  Run Bytes Received By Job
	19965  -  Total Bytes Sent By Job
	19195  -  Total Bytes Received By Job
	Partitionable Resources :    Usage  Request Allocated 
	   Cpus                 :                 1         1 
	   Disk (KB)            :   743552       20    282455 
	   Memory (MB)          :       42     2000      2000 

	Job terminated of its own accord at 2021-06-02T14:37:55Z.
...
