000 (147698.000.000) 06/16 08:33:49 Job submitted from host: <188.185.121.235:9618?addrs=188.185.121.235-9618+[2001-1458-d00-49--100-36e]-9618&alias=bigbird22.cern.ch&noUDP&sock=schedd_38044_991d>
...
040 (147698.000.000) 06/16 08:56:38 Started transferring input files
	Transferring to host: <128.142.74.23:9618?addrs=128.142.74.23-9618+[2001-1458-301-75--100-4f4]-9618&alias=b7s11n8861.cern.ch&noUDP&sock=slot1_5_5391_3274_50309>
...
001 (147698.000.000) 06/16 08:56:38 Job executing on host: <128.142.74.23:9618?addrs=128.142.74.23-9618+[2001-1458-301-75--100-4f4]-9618&alias=b7s11n8861.cern.ch&noUDP&sock=startd_4083_2d47>
...
040 (147698.000.000) 06/16 08:56:38 Finished transferring input files
...
006 (147698.000.000) 06/16 08:56:47 Image size of job updated: 330516
	10  -  MemoryUsage of job (MB)
	10228  -  ResidentSetSize of job (KB)
...
006 (147698.000.000) 06/16 09:01:48 Image size of job updated: 791456
	67  -  MemoryUsage of job (MB)
	67772  -  ResidentSetSize of job (KB)
...
040 (147698.000.000) 06/16 12:13:33 Started transferring output files
...
040 (147698.000.000) 06/16 12:13:34 Finished transferring output files
...
005 (147698.000.000) 06/16 12:13:34 Job terminated.
	(1) Normal termination (return value 0)
		Usr 0 00:01:21, Sys 0 00:00:23  -  Run Remote Usage
		Usr 0 00:00:00, Sys 0 00:00:00  -  Run Local Usage
		Usr 0 00:01:21, Sys 0 00:00:23  -  Total Remote Usage
		Usr 0 00:00:00, Sys 0 00:00:00  -  Total Local Usage
	54504  -  Run Bytes Sent By Job
	19004  -  Run Bytes Received By Job
	54504  -  Total Bytes Sent By Job
	19004  -  Total Bytes Received By Job
	Partitionable Resources :      Usage  Request Allocated 
	   Cpus                 :       0.00        1         1 
	   Disk (KB)            : 3074069          20    258752 
	   Memory (MB)          :      67        2000      2000 

	Job terminated of its own accord at 2021-06-16T10:13:33Z.
...
