000 (147712.000.000) 06/16 08:34:28 Job submitted from host: <188.185.121.235:9618?addrs=188.185.121.235-9618+[2001-1458-d00-49--100-36e]-9618&alias=bigbird22.cern.ch&noUDP&sock=schedd_38044_991d>
...
040 (147712.000.000) 06/16 08:56:44 Started transferring input files
	Transferring to host: <128.142.70.227:9618?addrs=128.142.70.227-9618+[2001-1458-301-52--100-1d2]-9618&alias=b7s10n2000.cern.ch&noUDP&sock=slot1_16_4369_1b0b_96123>
...
040 (147712.000.000) 06/16 08:56:44 Finished transferring input files
...
001 (147712.000.000) 06/16 08:56:44 Job executing on host: <128.142.70.227:9618?addrs=128.142.70.227-9618+[2001-1458-301-52--100-1d2]-9618&alias=b7s10n2000.cern.ch&noUDP&sock=startd_2305_9de3>
...
006 (147712.000.000) 06/16 08:56:53 Image size of job updated: 10384
	11  -  MemoryUsage of job (MB)
	10384  -  ResidentSetSize of job (KB)
...
006 (147712.000.000) 06/16 09:01:54 Image size of job updated: 791456
	67  -  MemoryUsage of job (MB)
	67780  -  ResidentSetSize of job (KB)
...
006 (147712.000.000) 06/16 10:27:01 Image size of job updated: 791456
	119  -  MemoryUsage of job (MB)
	120972  -  ResidentSetSize of job (KB)
...
040 (147712.000.000) 06/16 10:27:21 Started transferring output files
...
040 (147712.000.000) 06/16 10:27:21 Finished transferring output files
...
005 (147712.000.000) 06/16 10:27:21 Job terminated.
	(1) Normal termination (return value 0)
		Usr 0 00:01:17, Sys 0 00:00:23  -  Run Remote Usage
		Usr 0 00:00:00, Sys 0 00:00:00  -  Run Local Usage
		Usr 0 00:01:17, Sys 0 00:00:23  -  Total Remote Usage
		Usr 0 00:00:00, Sys 0 00:00:00  -  Total Local Usage
	54484  -  Run Bytes Sent By Job
	19004  -  Run Bytes Received By Job
	54484  -  Total Bytes Sent By Job
	19004  -  Total Bytes Received By Job
	Partitionable Resources :      Usage  Request Allocated 
	   Cpus                 :       0.01        1         1 
	   Disk (KB)            : 3074509          20    279851 
	   Memory (MB)          :     119        2000      2000 

	Job terminated of its own accord at 2021-06-16T08:27:21Z.
...
