000 (112844.000.000) 06/03 12:55:31 Job submitted from host: <188.185.121.235:9618?addrs=188.185.121.235-9618+[2001-1458-d00-49--100-36e]-9618&alias=bigbird22.cern.ch&noUDP&sock=schedd_38044_991d>
...
040 (112844.000.000) 06/03 13:18:24 Started transferring input files
	Transferring to host: <188.184.196.28:9618?addrs=188.184.196.28-9618+[2001-1458-301-102--100-4c7]-9618&alias=b7g24n6655.cern.ch&noUDP&sock=slot1_12_31865_8669_88368>
...
040 (112844.000.000) 06/03 13:18:24 Finished transferring input files
...
001 (112844.000.000) 06/03 13:18:24 Job executing on host: <188.184.196.28:9618?addrs=188.184.196.28-9618+[2001-1458-301-102--100-4c7]-9618&alias=b7g24n6655.cern.ch&noUDP&sock=startd_14950_08f5>
...
006 (112844.000.000) 06/03 13:18:33 Image size of job updated: 29532
	29  -  MemoryUsage of job (MB)
	29532  -  ResidentSetSize of job (KB)
...
006 (112844.000.000) 06/03 13:23:33 Image size of job updated: 790808
	66  -  MemoryUsage of job (MB)
	67496  -  ResidentSetSize of job (KB)
...
040 (112844.000.000) 06/03 14:18:38 Started transferring output files
...
040 (112844.000.000) 06/03 14:18:38 Finished transferring output files
...
005 (112844.000.000) 06/03 14:18:38 Job terminated.
	(1) Normal termination (return value 0)
		Usr 0 00:00:54, Sys 0 00:00:14  -  Run Remote Usage
		Usr 0 00:00:00, Sys 0 00:00:00  -  Run Local Usage
		Usr 0 00:00:54, Sys 0 00:00:14  -  Total Remote Usage
		Usr 0 00:00:00, Sys 0 00:00:00  -  Total Local Usage
	42103  -  Run Bytes Sent By Job
	19004  -  Run Bytes Received By Job
	42103  -  Total Bytes Sent By Job
	19004  -  Total Bytes Received By Job
	Partitionable Resources :      Usage  Request Allocated 
	   Cpus                 :       0.01        1         1 
	   Disk (KB)            : 1952622          20    347701 
	   Memory (MB)          :      66        2000      2000 

	Job terminated of its own accord at 2021-06-03T12:18:38Z.
...
000 (116463.000.000) 06/04 09:03:13 Job submitted from host: <188.185.121.235:9618?addrs=188.185.121.235-9618+[2001-1458-d00-49--100-36e]-9618&alias=bigbird22.cern.ch&noUDP&sock=schedd_38044_991d>
...
040 (116463.000.000) 06/04 09:19:23 Started transferring input files
	Transferring to host: <128.142.77.12:9618?addrs=128.142.77.12-9618+[2001-1458-301-f4--100-1e0]-9618&alias=b7s12n9050.cern.ch&noUDP&sock=slot1_7_6639_86a7_82333>
...
040 (116463.000.000) 06/04 09:19:23 Finished transferring input files
...
001 (116463.000.000) 06/04 09:19:23 Job executing on host: <128.142.77.12:9618?addrs=128.142.77.12-9618+[2001-1458-301-f4--100-1e0]-9618&alias=b7s12n9050.cern.ch&noUDP&sock=startd_16557_4da6>
...
006 (116463.000.000) 06/04 09:19:31 Image size of job updated: 624804
	10  -  MemoryUsage of job (MB)
	9528  -  ResidentSetSize of job (KB)
...
006 (116463.000.000) 06/04 09:24:31 Image size of job updated: 790824
	66  -  MemoryUsage of job (MB)
	67504  -  ResidentSetSize of job (KB)
...
006 (116463.000.000) 06/04 10:44:39 Image size of job updated: 790824
	91  -  MemoryUsage of job (MB)
	92580  -  ResidentSetSize of job (KB)
...
040 (116463.000.000) 06/04 10:45:32 Started transferring output files
...
040 (116463.000.000) 06/04 10:45:32 Finished transferring output files
...
005 (116463.000.000) 06/04 10:45:32 Job terminated.
	(1) Normal termination (return value 0)
		Usr 0 00:01:20, Sys 0 00:00:13  -  Run Remote Usage
		Usr 0 00:00:00, Sys 0 00:00:00  -  Run Local Usage
		Usr 0 00:01:20, Sys 0 00:00:13  -  Total Remote Usage
		Usr 0 00:00:00, Sys 0 00:00:00  -  Total Local Usage
	50897  -  Run Bytes Sent By Job
	19004  -  Run Bytes Received By Job
	50897  -  Total Bytes Sent By Job
	19004  -  Total Bytes Received By Job
	Partitionable Resources :      Usage  Request Allocated 
	   Cpus                 :       0.01        1         1 
	   Disk (KB)            : 2758943          20    246427 
	   Memory (MB)          :      91        2000      2000 

	Job terminated of its own accord at 2021-06-04T08:45:32Z.
...
000 (123819.000.000) 06/08 10:49:26 Job submitted from host: <188.185.121.235:9618?addrs=188.185.121.235-9618+[2001-1458-d00-49--100-36e]-9618&alias=bigbird22.cern.ch&noUDP&sock=schedd_38044_991d>
...
040 (123819.000.000) 06/08 11:20:45 Entered queue to transfer input files
	Transferring to host: <188.184.138.187:9618?addrs=188.184.138.187-9618+[2001-1458-301-45--100-b5]-9618&alias=b7g42n0387.cern.ch&noUDP&sock=slot1_7_2339_c978_32680>
...
040 (123819.000.000) 06/08 11:53:58 Started transferring input files
	Seconds spent in queue: 1993
...
040 (123819.000.000) 06/08 11:53:58 Finished transferring input files
...
001 (123819.000.000) 06/08 11:53:58 Job executing on host: <188.184.138.187:9618?addrs=188.184.138.187-9618+[2001-1458-301-45--100-b5]-9618&alias=b7g42n0387.cern.ch&noUDP&sock=startd_2146_8e54>
...
006 (123819.000.000) 06/08 11:54:07 Image size of job updated: 396052
	3  -  MemoryUsage of job (MB)
	2092  -  ResidentSetSize of job (KB)
...
006 (123819.000.000) 06/08 11:59:08 Image size of job updated: 791456
	67  -  MemoryUsage of job (MB)
	67768  -  ResidentSetSize of job (KB)
...
006 (123819.000.000) 06/08 13:09:14 Image size of job updated: 791456
	90  -  MemoryUsage of job (MB)
	92136  -  ResidentSetSize of job (KB)
...
040 (123819.000.000) 06/08 13:10:36 Started transferring output files
	Seconds spent in queue: 6591
...
040 (123819.000.000) 06/08 13:10:36 Finished transferring output files
...
005 (123819.000.000) 06/08 13:10:36 Job terminated.
	(1) Normal termination (return value 0)
		Usr 0 00:01:19, Sys 0 00:00:14  -  Run Remote Usage
		Usr 0 00:00:00, Sys 0 00:00:00  -  Run Local Usage
		Usr 0 00:01:19, Sys 0 00:00:14  -  Total Remote Usage
		Usr 0 00:00:00, Sys 0 00:00:00  -  Total Local Usage
	50861  -  Run Bytes Sent By Job
	19004  -  Run Bytes Received By Job
	50861  -  Total Bytes Sent By Job
	19004  -  Total Bytes Received By Job
	Partitionable Resources :      Usage  Request Allocated 
	   Cpus                 :       0.01        1         1 
	   Disk (KB)            : 2758942          20    221831 
	   Memory (MB)          :      90        2000      2000 

	Job terminated of its own accord at 2021-06-08T11:10:36Z.
...
