000 (108416.000.000) 06/02 16:29:12 Job submitted from host: <188.185.121.235:9618?addrs=188.185.121.235-9618+[2001-1458-d00-49--100-36e]-9618&alias=bigbird22.cern.ch&noUDP&sock=schedd_38044_991d>
...
040 (108416.000.000) 06/02 16:29:47 Started transferring input files
	Transferring to host: <188.184.168.140:9618?addrs=188.184.168.140-9618+[2001-1458-301-c0--100-4d3]-9618&alias=b7g52n4738.cern.ch&noUDP&sock=slot1_9_5938_9bab_88450>
...
040 (108416.000.000) 06/02 16:29:47 Finished transferring input files
...
001 (108416.000.000) 06/02 16:29:47 Job executing on host: <188.184.168.140:9618?addrs=188.184.168.140-9618+[2001-1458-301-c0--100-4d3]-9618&alias=b7g52n4738.cern.ch&noUDP&sock=startd_17230_ece3>
...
006 (108416.000.000) 06/02 16:29:55 Image size of job updated: 624804
	36  -  MemoryUsage of job (MB)
	36696  -  ResidentSetSize of job (KB)
...
006 (108416.000.000) 06/02 16:31:31 Image size of job updated: 790800
	36  -  MemoryUsage of job (MB)
	36708  -  ResidentSetSize of job (KB)
...
040 (108416.000.000) 06/02 16:31:35 Started transferring output files
...
040 (108416.000.000) 06/02 16:31:35 Finished transferring output files
...
005 (108416.000.000) 06/02 16:31:35 Job terminated.
	(1) Normal termination (return value 0)
		Usr 0 00:00:10, Sys 0 00:00:03  -  Run Remote Usage
		Usr 0 00:00:00, Sys 0 00:00:00  -  Run Local Usage
		Usr 0 00:00:10, Sys 0 00:00:03  -  Total Remote Usage
		Usr 0 00:00:00, Sys 0 00:00:00  -  Total Local Usage
	26044  -  Run Bytes Sent By Job
	19195  -  Run Bytes Received By Job
	26044  -  Total Bytes Sent By Job
	19195  -  Total Bytes Received By Job
	Partitionable Resources :     Usage  Request Allocated 
	   Cpus                 :      0.04        1         1 
	   Disk (KB)            : 743623          20    124020 
	   Memory (MB)          :     36        2000      2000 

	Job terminated of its own accord at 2021-06-02T14:31:31Z.
...
