000 (147984.000.000) 06/16 08:39:54 Job submitted from host: <188.185.121.235:9618?addrs=188.185.121.235-9618+[2001-1458-d00-49--100-36e]-9618&alias=bigbird22.cern.ch&noUDP&sock=schedd_38044_991d>
...
040 (147984.000.000) 06/16 08:58:38 Started transferring input files
	Transferring to host: <128.142.71.35:9618?addrs=128.142.71.35-9618+[2001-1458-301-52--100-f7]-9618&alias=b7s10n0941.cern.ch&noUDP&sock=slot1_16_4086_b4df_58829>
...
040 (147984.000.000) 06/16 08:58:38 Finished transferring input files
...
001 (147984.000.000) 06/16 08:58:38 Job executing on host: <128.142.71.35:9618?addrs=128.142.71.35-9618+[2001-1458-301-52--100-f7]-9618&alias=b7s10n0941.cern.ch&noUDP&sock=startd_3319_22ec>
...
006 (147984.000.000) 06/16 08:58:47 Image size of job updated: 5460
	6  -  MemoryUsage of job (MB)
	5460  -  ResidentSetSize of job (KB)
...
006 (147984.000.000) 06/16 09:03:48 Image size of job updated: 791456
	64  -  MemoryUsage of job (MB)
	65388  -  ResidentSetSize of job (KB)
...
006 (147984.000.000) 06/16 09:08:49 Image size of job updated: 791456
	67  -  MemoryUsage of job (MB)
	67772  -  ResidentSetSize of job (KB)
...
040 (147984.000.000) 06/16 12:12:02 Started transferring output files
...
040 (147984.000.000) 06/16 12:12:02 Finished transferring output files
...
005 (147984.000.000) 06/16 12:12:02 Job terminated.
	(1) Normal termination (return value 0)
		Usr 0 00:01:19, Sys 0 00:00:27  -  Run Remote Usage
		Usr 0 00:00:00, Sys 0 00:00:00  -  Run Local Usage
		Usr 0 00:01:19, Sys 0 00:00:27  -  Total Remote Usage
		Usr 0 00:00:00, Sys 0 00:00:00  -  Total Local Usage
	54457  -  Run Bytes Sent By Job
	19004  -  Run Bytes Received By Job
	54457  -  Total Bytes Sent By Job
	19004  -  Total Bytes Received By Job
	Partitionable Resources :      Usage  Request Allocated 
	   Cpus                 :       0.00        1         1 
	   Disk (KB)            : 3068416          20    280130 
	   Memory (MB)          :      67        2000      2000 

	Job terminated of its own accord at 2021-06-16T10:12:02Z.
...
