000 (148681.000.000) 06/16 08:54:28 Job submitted from host: <188.185.121.235:9618?addrs=188.185.121.235-9618+[2001-1458-d00-49--100-36e]-9618&alias=bigbird22.cern.ch&noUDP&sock=schedd_38044_991d>
...
040 (148681.000.000) 06/16 09:54:19 Started transferring input files
	Transferring to host: <128.142.74.118:9618?addrs=128.142.74.118-9618+[2001-1458-301-75--100-16f]-9618&alias=b7s11n4491.cern.ch&noUDP&sock=slot1_3_6151_af93_48854>
...
001 (148681.000.000) 06/16 09:54:19 Job executing on host: <128.142.74.118:9618?addrs=128.142.74.118-9618+[2001-1458-301-75--100-16f]-9618&alias=b7s11n4491.cern.ch&noUDP&sock=startd_4992_acdd>
...
040 (148681.000.000) 06/16 09:54:19 Finished transferring input files
...
006 (148681.000.000) 06/16 09:54:28 Image size of job updated: 625444
	5  -  MemoryUsage of job (MB)
	4320  -  ResidentSetSize of job (KB)
...
006 (148681.000.000) 06/16 09:59:29 Image size of job updated: 791456
	37  -  MemoryUsage of job (MB)
	37300  -  ResidentSetSize of job (KB)
...
006 (148681.000.000) 06/16 10:04:30 Image size of job updated: 791456
	67  -  MemoryUsage of job (MB)
	67772  -  ResidentSetSize of job (KB)
...
040 (148681.000.000) 06/16 12:19:04 Started transferring output files
...
040 (148681.000.000) 06/16 12:19:04 Finished transferring output files
...
005 (148681.000.000) 06/16 12:19:04 Job terminated.
	(1) Normal termination (return value 0)
		Usr 0 00:00:56, Sys 0 00:00:15  -  Run Remote Usage
		Usr 0 00:00:00, Sys 0 00:00:00  -  Run Local Usage
		Usr 0 00:00:56, Sys 0 00:00:15  -  Total Remote Usage
		Usr 0 00:00:00, Sys 0 00:00:00  -  Total Local Usage
	46778  -  Run Bytes Sent By Job
	19004  -  Run Bytes Received By Job
	46778  -  Total Bytes Sent By Job
	19004  -  Total Bytes Received By Job
	Partitionable Resources :      Usage  Request Allocated 
	   Cpus                 :       0.01        1         1 
	   Disk (KB)            : 2368202          20    276197 
	   Memory (MB)          :      67        2000      2000 

	Job terminated of its own accord at 2021-06-16T10:19:04Z.
...
