000 (146989.000.000) 06/16 08:18:57 Job submitted from host: <188.185.121.235:9618?addrs=188.185.121.235-9618+[2001-1458-d00-49--100-36e]-9618&alias=bigbird22.cern.ch&noUDP&sock=schedd_38044_991d>
...
040 (146989.000.000) 06/16 08:46:02 Started transferring input files
	Transferring to host: <188.184.204.214:9618?addrs=188.184.204.214-9618+[2001-1458-301-7d--100-bd]-9618&alias=b7g27n0312.cern.ch&noUDP&sock=slot1_5_4286_9fe7_43579>
...
040 (146989.000.000) 06/16 08:46:02 Finished transferring input files
...
001 (146989.000.000) 06/16 08:46:02 Job executing on host: <188.184.204.214:9618?addrs=188.184.204.214-9618+[2001-1458-301-7d--100-bd]-9618&alias=b7g27n0312.cern.ch&noUDP&sock=startd_3666_2649>
...
006 (146989.000.000) 06/16 08:46:10 Image size of job updated: 766796
	38  -  MemoryUsage of job (MB)
	38184  -  ResidentSetSize of job (KB)
...
006 (146989.000.000) 06/16 08:46:36 Image size of job updated: 791428
	38  -  MemoryUsage of job (MB)
	38224  -  ResidentSetSize of job (KB)
...
040 (146989.000.000) 06/16 08:46:36 Started transferring output files
...
040 (146989.000.000) 06/16 08:46:36 Finished transferring output files
...
005 (146989.000.000) 06/16 08:46:36 Job terminated.
	(1) Normal termination (return value 0)
		Usr 0 00:00:07, Sys 0 00:00:02  -  Run Remote Usage
		Usr 0 00:00:00, Sys 0 00:00:00  -  Run Local Usage
		Usr 0 00:00:07, Sys 0 00:00:02  -  Total Remote Usage
		Usr 0 00:00:00, Sys 0 00:00:00  -  Total Local Usage
	18373  -  Run Bytes Sent By Job
	19004  -  Run Bytes Received By Job
	18373  -  Total Bytes Sent By Job
	19004  -  Total Bytes Received By Job
	Partitionable Resources :    Usage  Request Allocated 
	   Cpus                 :                 1         1 
	   Disk (KB)            :   466054       20    214448 
	   Memory (MB)          :       38     2000      2000 

	Job terminated of its own accord at 2021-06-16T06:46:36Z.
...
