000 (112764.000.000) 06/03 12:54:12 Job submitted from host: <188.185.121.235:9618?addrs=188.185.121.235-9618+[2001-1458-d00-49--100-36e]-9618&alias=bigbird22.cern.ch&noUDP&sock=schedd_38044_991d>
...
040 (112764.000.000) 06/03 13:17:51 Started transferring input files
	Transferring to host: <188.184.168.168:9618?addrs=188.184.168.168-9618+[2001-1458-301-c0--100-111]-9618&alias=b7g52n4435.cern.ch&noUDP&sock=slot1_6_5247_bc6e_29183>
...
040 (112764.000.000) 06/03 13:17:51 Finished transferring input files
...
001 (112764.000.000) 06/03 13:17:51 Job executing on host: <188.184.168.168:9618?addrs=188.184.168.168-9618+[2001-1458-301-c0--100-111]-9618&alias=b7g52n4435.cern.ch&noUDP&sock=startd_4163_0cda>
...
006 (112764.000.000) 06/03 13:18:00 Image size of job updated: 5132
	6  -  MemoryUsage of job (MB)
	5132  -  ResidentSetSize of job (KB)
...
006 (112764.000.000) 06/03 13:23:01 Image size of job updated: 790824
	39  -  MemoryUsage of job (MB)
	39868  -  ResidentSetSize of job (KB)
...
006 (112764.000.000) 06/03 13:28:01 Image size of job updated: 790824
	56  -  MemoryUsage of job (MB)
	57100  -  ResidentSetSize of job (KB)
...
006 (112764.000.000) 06/03 13:33:01 Image size of job updated: 790824
	66  -  MemoryUsage of job (MB)
	67500  -  ResidentSetSize of job (KB)
...
040 (112764.000.000) 06/03 15:57:16 Started transferring output files
...
040 (112764.000.000) 06/03 15:57:16 Finished transferring output files
...
005 (112764.000.000) 06/03 15:57:17 Job terminated.
	(1) Normal termination (return value 0)
		Usr 0 00:00:57, Sys 0 00:00:13  -  Run Remote Usage
		Usr 0 00:00:00, Sys 0 00:00:00  -  Run Local Usage
		Usr 0 00:00:57, Sys 0 00:00:13  -  Total Remote Usage
		Usr 0 00:00:00, Sys 0 00:00:00  -  Total Local Usage
	41963  -  Run Bytes Sent By Job
	19004  -  Run Bytes Received By Job
	41963  -  Total Bytes Sent By Job
	19004  -  Total Bytes Received By Job
	Partitionable Resources :      Usage  Request Allocated 
	   Cpus                 :       0.00        1         1 
	   Disk (KB)            : 1952969          20    258606 
	   Memory (MB)          :      66        2000      2000 

	Job terminated of its own accord at 2021-06-03T13:57:16Z.
...
000 (116380.000.000) 06/04 09:02:14 Job submitted from host: <188.185.121.235:9618?addrs=188.185.121.235-9618+[2001-1458-d00-49--100-36e]-9618&alias=bigbird22.cern.ch&noUDP&sock=schedd_38044_991d>
...
040 (116380.000.000) 06/04 09:12:33 Started transferring input files
	Transferring to host: <188.184.168.146:9618?addrs=188.184.168.146-9618+[2001-1458-301-c0--100-1af]-9618&alias=b7g52n1549.cern.ch&noUDP&sock=slot1_9_13840_482c_89394>
...
040 (116380.000.000) 06/04 09:12:33 Finished transferring input files
...
001 (116380.000.000) 06/04 09:12:33 Job executing on host: <188.184.168.146:9618?addrs=188.184.168.146-9618+[2001-1458-301-c0--100-1af]-9618&alias=b7g52n1549.cern.ch&noUDP&sock=startd_18824_46d9>
...
006 (116380.000.000) 06/04 09:12:41 Image size of job updated: 625444
	9  -  MemoryUsage of job (MB)
	8416  -  ResidentSetSize of job (KB)
...
006 (116380.000.000) 06/04 09:17:41 Image size of job updated: 791440
	67  -  MemoryUsage of job (MB)
	67780  -  ResidentSetSize of job (KB)
...
040 (116380.000.000) 06/04 09:39:53 Started transferring output files
...
040 (116380.000.000) 06/04 09:39:53 Finished transferring output files
...
005 (116380.000.000) 06/04 09:39:53 Job terminated.
	(1) Normal termination (return value 0)
		Usr 0 00:01:17, Sys 0 00:00:11  -  Run Remote Usage
		Usr 0 00:00:00, Sys 0 00:00:00  -  Run Local Usage
		Usr 0 00:01:17, Sys 0 00:00:11  -  Total Remote Usage
		Usr 0 00:00:00, Sys 0 00:00:00  -  Total Local Usage
	50810  -  Run Bytes Sent By Job
	19004  -  Run Bytes Received By Job
	50810  -  Total Bytes Sent By Job
	19004  -  Total Bytes Received By Job
	Partitionable Resources :      Usage  Request Allocated 
	   Cpus                 :       0.01        1         1 
	   Disk (KB)            : 2758677          20    278292 
	   Memory (MB)          :      67        2000      2000 

	Job terminated of its own accord at 2021-06-04T07:39:53Z.
...
000 (123738.000.000) 06/08 10:48:20 Job submitted from host: <188.185.121.235:9618?addrs=188.185.121.235-9618+[2001-1458-d00-49--100-36e]-9618&alias=bigbird22.cern.ch&noUDP&sock=schedd_38044_991d>
...
040 (123738.000.000) 06/08 11:20:08 Entered queue to transfer input files
	Transferring to host: <128.142.70.34:9618?addrs=128.142.70.34-9618+[2001-1458-301-52--100-25a]-9618&alias=b7s10n3489.cern.ch&noUDP&sock=slot1_5_5246_080e_39679>
...
040 (123738.000.000) 06/08 11:53:58 Started transferring input files
	Seconds spent in queue: 2030
...
001 (123738.000.000) 06/08 11:53:58 Job executing on host: <128.142.70.34:9618?addrs=128.142.70.34-9618+[2001-1458-301-52--100-25a]-9618&alias=b7s10n3489.cern.ch&noUDP&sock=startd_4022_5600>
...
040 (123738.000.000) 06/08 11:53:58 Finished transferring input files
...
006 (123738.000.000) 06/08 11:54:07 Image size of job updated: 396052
	3  -  MemoryUsage of job (MB)
	2092  -  ResidentSetSize of job (KB)
...
006 (123738.000.000) 06/08 11:59:08 Image size of job updated: 791448
	67  -  MemoryUsage of job (MB)
	67772  -  ResidentSetSize of job (KB)
...
040 (123738.000.000) 06/08 12:37:03 Started transferring output files
	Seconds spent in queue: 4615
...
040 (123738.000.000) 06/08 12:37:03 Finished transferring output files
...
005 (123738.000.000) 06/08 12:37:03 Job terminated.
	(1) Normal termination (return value 0)
		Usr 0 00:01:20, Sys 0 00:00:18  -  Run Remote Usage
		Usr 0 00:00:00, Sys 0 00:00:00  -  Run Local Usage
		Usr 0 00:01:20, Sys 0 00:00:18  -  Total Remote Usage
		Usr 0 00:00:00, Sys 0 00:00:00  -  Total Local Usage
	50799  -  Run Bytes Sent By Job
	19004  -  Run Bytes Received By Job
	50799  -  Total Bytes Sent By Job
	19004  -  Total Bytes Received By Job
	Partitionable Resources :      Usage  Request Allocated 
	   Cpus                 :       0.01        1         1 
	   Disk (KB)            : 2758678          20    206092 
	   Memory (MB)          :      67        2000      2000 

	Job terminated of its own accord at 2021-06-08T10:37:03Z.
...
