000 (109137.000.000) 06/02 16:46:03 Job submitted from host: <188.185.121.235:9618?addrs=188.185.121.235-9618+[2001-1458-d00-49--100-36e]-9618&alias=bigbird22.cern.ch&noUDP&sock=schedd_38044_991d>
...
040 (109137.000.000) 06/02 17:25:28 Started transferring input files
	Transferring to host: <128.142.75.180:9618?addrs=128.142.75.180-9618+[2001-1458-301-75--100-12b]-9618&alias=b7s11n6194.cern.ch&noUDP&sock=slot1_5_30204_3345_42526>
...
001 (109137.000.000) 06/02 17:25:28 Job executing on host: <128.142.75.180:9618?addrs=128.142.75.180-9618+[2001-1458-301-75--100-12b]-9618&alias=b7s11n6194.cern.ch&noUDP&sock=startd_4552_df32>
...
040 (109137.000.000) 06/02 17:25:28 Finished transferring input files
...
006 (109137.000.000) 06/02 17:25:36 Image size of job updated: 7616
	8  -  MemoryUsage of job (MB)
	7616  -  ResidentSetSize of job (KB)
...
006 (109137.000.000) 06/02 17:30:36 Image size of job updated: 790824
	66  -  MemoryUsage of job (MB)
	67496  -  ResidentSetSize of job (KB)
...
040 (109137.000.000) 06/02 18:29:24 Started transferring output files
...
040 (109137.000.000) 06/02 18:29:24 Finished transferring output files
...
005 (109137.000.000) 06/02 18:29:24 Job terminated.
	(1) Normal termination (return value 0)
		Usr 0 00:00:37, Sys 0 00:00:11  -  Run Remote Usage
		Usr 0 00:00:00, Sys 0 00:00:00  -  Run Local Usage
		Usr 0 00:00:37, Sys 0 00:00:11  -  Total Remote Usage
		Usr 0 00:00:00, Sys 0 00:00:00  -  Total Local Usage
	42273  -  Run Bytes Sent By Job
	19195  -  Run Bytes Received By Job
	42273  -  Total Bytes Sent By Job
	19195  -  Total Bytes Received By Job
	Partitionable Resources :      Usage  Request Allocated 
	   Cpus                 :       0.00        1         1 
	   Disk (KB)            : 1952661          20    273615 
	   Memory (MB)          :      66        2000      2000 

	Job terminated of its own accord at 2021-06-02T16:29:24Z.
...
