000 (148593.000.000) 06/16 08:52:39 Job submitted from host: <188.185.121.235:9618?addrs=188.185.121.235-9618+[2001-1458-d00-49--100-36e]-9618&alias=bigbird22.cern.ch&noUDP&sock=schedd_38044_991d>
...
040 (148593.000.000) 06/16 09:45:23 Started transferring input files
	Transferring to host: <128.142.86.237:9618?addrs=128.142.86.237-9618+[2001-1458-301-f6--100-4]-9618&alias=b7s14n1875.cern.ch&noUDP&sock=slot1_12_12137_5d47_92000>
...
001 (148593.000.000) 06/16 09:45:23 Job executing on host: <128.142.86.237:9618?addrs=128.142.86.237-9618+[2001-1458-301-f6--100-4]-9618&alias=b7s14n1875.cern.ch&noUDP&sock=startd_16361_dd16>
...
040 (148593.000.000) 06/16 09:45:23 Finished transferring input files
...
006 (148593.000.000) 06/16 09:45:32 Image size of job updated: 625444
	8  -  MemoryUsage of job (MB)
	7400  -  ResidentSetSize of job (KB)
...
006 (148593.000.000) 06/16 09:50:33 Image size of job updated: 791456
	67  -  MemoryUsage of job (MB)
	67776  -  ResidentSetSize of job (KB)
...
040 (148593.000.000) 06/16 10:53:53 Started transferring output files
...
040 (148593.000.000) 06/16 10:53:53 Finished transferring output files
...
005 (148593.000.000) 06/16 10:53:53 Job terminated.
	(1) Normal termination (return value 0)
		Usr 0 00:00:47, Sys 0 00:00:13  -  Run Remote Usage
		Usr 0 00:00:00, Sys 0 00:00:00  -  Run Local Usage
		Usr 0 00:00:47, Sys 0 00:00:13  -  Total Remote Usage
		Usr 0 00:00:00, Sys 0 00:00:00  -  Total Local Usage
	46483  -  Run Bytes Sent By Job
	19004  -  Run Bytes Received By Job
	46483  -  Total Bytes Sent By Job
	19004  -  Total Bytes Received By Job
	Partitionable Resources :      Usage  Request Allocated 
	   Cpus                 :       0.01        1         1 
	   Disk (KB)            : 2366782          20    280291 
	   Memory (MB)          :      67        2000      2000 

	Job terminated of its own accord at 2021-06-16T08:53:52Z.
...
