000 (146948.000.000) 06/16 08:18:18 Job submitted from host: <188.185.121.235:9618?addrs=188.185.121.235-9618+[2001-1458-d00-49--100-36e]-9618&alias=bigbird22.cern.ch&noUDP&sock=schedd_38044_991d>
...
040 (146948.000.000) 06/16 08:45:19 Started transferring input files
	Transferring to host: <128.142.74.198:9618?addrs=128.142.74.198-9618+[2001-1458-301-75--100-680]-9618&alias=b7s11n8568.cern.ch&noUDP&sock=slot1_15_5774_0e24_38033>
...
001 (146948.000.000) 06/16 08:45:19 Job executing on host: <128.142.74.198:9618?addrs=128.142.74.198-9618+[2001-1458-301-75--100-680]-9618&alias=b7s11n8568.cern.ch&noUDP&sock=startd_4640_3b87>
...
040 (146948.000.000) 06/16 08:45:19 Finished transferring input files
...
006 (146948.000.000) 06/16 08:45:27 Image size of job updated: 67776
	67  -  MemoryUsage of job (MB)
	67776  -  ResidentSetSize of job (KB)
...
006 (146948.000.000) 06/16 08:45:57 Image size of job updated: 791428
	67  -  MemoryUsage of job (MB)
	67776  -  ResidentSetSize of job (KB)
...
040 (146948.000.000) 06/16 08:45:58 Started transferring output files
...
040 (146948.000.000) 06/16 08:45:58 Finished transferring output files
...
005 (146948.000.000) 06/16 08:45:59 Job terminated.
	(1) Normal termination (return value 0)
		Usr 0 00:00:08, Sys 0 00:00:02  -  Run Remote Usage
		Usr 0 00:00:00, Sys 0 00:00:00  -  Run Local Usage
		Usr 0 00:00:08, Sys 0 00:00:02  -  Total Remote Usage
		Usr 0 00:00:00, Sys 0 00:00:00  -  Total Local Usage
	21037  -  Run Bytes Sent By Job
	19004  -  Run Bytes Received By Job
	21037  -  Total Bytes Sent By Job
	19004  -  Total Bytes Received By Job
	Partitionable Resources :    Usage  Request Allocated 
	   Cpus                 :                 1         1 
	   Disk (KB)            :   466129       20    277109 
	   Memory (MB)          :       67     2000      2000 

	Job terminated of its own accord at 2021-06-16T06:45:57Z.
...
