000 (109009.000.000) 06/02 16:42:46 Job submitted from host: <188.185.121.235:9618?addrs=188.185.121.235-9618+[2001-1458-d00-49--100-36e]-9618&alias=bigbird22.cern.ch&noUDP&sock=schedd_38044_991d>
...
040 (109009.000.000) 06/02 17:07:33 Started transferring input files
	Transferring to host: <128.142.82.253:9618?addrs=128.142.82.253-9618+[2001-1458-301-f5--100-3b]-9618&alias=b7s13n2958.cern.ch&noUDP&sock=slot1_4_5406_c415_41233>
...
040 (109009.000.000) 06/02 17:07:33 Finished transferring input files
...
001 (109009.000.000) 06/02 17:07:33 Job executing on host: <128.142.82.253:9618?addrs=128.142.82.253-9618+[2001-1458-301-f5--100-3b]-9618&alias=b7s13n2958.cern.ch&noUDP&sock=startd_4270_717c>
...
006 (109009.000.000) 06/02 17:07:42 Image size of job updated: 774352
	31  -  MemoryUsage of job (MB)
	31052  -  ResidentSetSize of job (KB)
...
006 (109009.000.000) 06/02 17:12:43 Image size of job updated: 790800
	66  -  MemoryUsage of job (MB)
	67500  -  ResidentSetSize of job (KB)
...
040 (109009.000.000) 06/02 17:27:16 Started transferring output files
...
040 (109009.000.000) 06/02 17:27:16 Finished transferring output files
...
005 (109009.000.000) 06/02 17:27:16 Job terminated.
	(1) Normal termination (return value 0)
		Usr 0 00:02:17, Sys 0 00:00:25  -  Run Remote Usage
		Usr 0 00:00:00, Sys 0 00:00:00  -  Run Local Usage
		Usr 0 00:02:17, Sys 0 00:00:25  -  Total Remote Usage
		Usr 0 00:00:00, Sys 0 00:00:00  -  Total Local Usage
	66939  -  Run Bytes Sent By Job
	19195  -  Run Bytes Received By Job
	66939  -  Total Bytes Sent By Job
	19195  -  Total Bytes Received By Job
	Partitionable Resources :      Usage  Request Allocated 
	   Cpus                 :       0.68        1         1 
	   Disk (KB)            : 4242675          20    280940 
	   Memory (MB)          :      66        2000      2000 

	Job terminated of its own accord at 2021-06-02T15:27:16Z.
...
