000 (148211.000.000) 06/16 08:44:47 Job submitted from host: <188.185.121.235:9618?addrs=188.185.121.235-9618+[2001-1458-d00-49--100-36e]-9618&alias=bigbird22.cern.ch&noUDP&sock=schedd_38044_991d>
...
040 (148211.000.000) 06/16 09:03:50 Started transferring input files
	Transferring to host: <128.142.83.232:9618?addrs=128.142.83.232-9618+[2001-1458-301-f5--100-5da]-9618&alias=b7s13n1302.cern.ch&noUDP&sock=slot1_12_26666_5bf5_96046>
...
001 (148211.000.000) 06/16 09:03:50 Job executing on host: <128.142.83.232:9618?addrs=128.142.83.232-9618+[2001-1458-301-f5--100-5da]-9618&alias=b7s13n1302.cern.ch&noUDP&sock=startd_16710_3fa4>
...
040 (148211.000.000) 06/16 09:03:50 Finished transferring input files
...
006 (148211.000.000) 06/16 09:03:59 Image size of job updated: 625444
	14  -  MemoryUsage of job (MB)
	14292  -  ResidentSetSize of job (KB)
...
006 (148211.000.000) 06/16 09:09:00 Image size of job updated: 791452
	67  -  MemoryUsage of job (MB)
	67776  -  ResidentSetSize of job (KB)
...
006 (148211.000.000) 06/16 10:09:06 Image size of job updated: 791452
	89  -  MemoryUsage of job (MB)
	90208  -  ResidentSetSize of job (KB)
...
040 (148211.000.000) 06/16 10:09:17 Started transferring output files
...
040 (148211.000.000) 06/16 10:09:17 Finished transferring output files
...
005 (148211.000.000) 06/16 10:09:17 Job terminated.
	(1) Normal termination (return value 0)
		Usr 0 00:00:44, Sys 0 00:00:13  -  Run Remote Usage
		Usr 0 00:00:00, Sys 0 00:00:00  -  Run Local Usage
		Usr 0 00:00:44, Sys 0 00:00:13  -  Total Remote Usage
		Usr 0 00:00:00, Sys 0 00:00:00  -  Total Local Usage
	46613  -  Run Bytes Sent By Job
	19004  -  Run Bytes Received By Job
	46613  -  Total Bytes Sent By Job
	19004  -  Total Bytes Received By Job
	Partitionable Resources :      Usage  Request Allocated 
	   Cpus                 :       0.00        1         1 
	   Disk (KB)            : 2368131          20    280044 
	   Memory (MB)          :      89        2000      2000 

	Job terminated of its own accord at 2021-06-16T08:09:17Z.
...
