000 (112099.000.000) 06/03 12:43:29 Job submitted from host: <188.185.121.235:9618?addrs=188.185.121.235-9618+[2001-1458-d00-49--100-36e]-9618&alias=bigbird22.cern.ch&noUDP&sock=schedd_38044_991d>
...
040 (112099.000.000) 06/03 13:09:10 Started transferring input files
	Transferring to host: <188.184.198.249:9618?addrs=188.184.198.249-9618&alias=b7g52n9372.cern.ch&noUDP&sock=slot1_8_6812_6b8e_35143>
...
040 (112099.000.000) 06/03 13:09:10 Finished transferring input files
...
001 (112099.000.000) 06/03 13:09:10 Job executing on host: <188.184.198.249:9618?addrs=188.184.198.249-9618&alias=b7g52n9372.cern.ch&noUDP&sock=startd_5501_ce92>
...
006 (112099.000.000) 06/03 13:09:19 Image size of job updated: 624800
	11  -  MemoryUsage of job (MB)
	11100  -  ResidentSetSize of job (KB)
...
006 (112099.000.000) 06/03 13:14:20 Image size of job updated: 790820
	66  -  MemoryUsage of job (MB)
	67504  -  ResidentSetSize of job (KB)
...
040 (112099.000.000) 06/03 17:27:51 Started transferring output files
...
040 (112099.000.000) 06/03 17:27:51 Finished transferring output files
...
005 (112099.000.000) 06/03 17:27:51 Job terminated.
	(1) Normal termination (return value 0)
		Usr 0 00:02:29, Sys 0 00:00:30  -  Run Remote Usage
		Usr 0 00:00:00, Sys 0 00:00:00  -  Run Local Usage
		Usr 0 00:02:29, Sys 0 00:00:30  -  Total Remote Usage
		Usr 0 00:00:00, Sys 0 00:00:00  -  Total Local Usage
	67083  -  Run Bytes Sent By Job
	19004  -  Run Bytes Received By Job
	67083  -  Total Bytes Sent By Job
	19004  -  Total Bytes Received By Job
	Partitionable Resources :      Usage  Request Allocated 
	   Cpus                 :       0.01        1         1 
	   Disk (KB)            : 4242078          20    263023 
	   Memory (MB)          :      66        2000      2000 

	Job terminated of its own accord at 2021-06-03T15:27:51Z.
...
000 (115705.000.000) 06/04 08:53:03 Job submitted from host: <188.185.121.235:9618?addrs=188.185.121.235-9618+[2001-1458-d00-49--100-36e]-9618&alias=bigbird22.cern.ch&noUDP&sock=schedd_38044_991d>
...
040 (115705.000.000) 06/04 08:58:45 Started transferring input files
	Transferring to host: <128.142.86.235:9618?addrs=128.142.86.235-9618+[2001-1458-301-f6--100-4f9]-9618&alias=b7s14n0938.cern.ch&noUDP&sock=slot1_12_5926_272a_40654>
...
040 (115705.000.000) 06/04 08:58:45 Finished transferring input files
...
001 (115705.000.000) 06/04 08:58:45 Job executing on host: <128.142.86.235:9618?addrs=128.142.86.235-9618+[2001-1458-301-f6--100-4f9]-9618&alias=b7s14n0938.cern.ch&noUDP&sock=startd_4629_affc>
...
006 (115705.000.000) 06/04 08:58:54 Image size of job updated: 329876
	65  -  MemoryUsage of job (MB)
	65588  -  ResidentSetSize of job (KB)
...
006 (115705.000.000) 06/04 09:03:55 Image size of job updated: 790796
	66  -  MemoryUsage of job (MB)
	67508  -  ResidentSetSize of job (KB)
...
006 (115705.000.000) 06/04 09:13:55 Image size of job updated: 790796
	120  -  MemoryUsage of job (MB)
	122788  -  ResidentSetSize of job (KB)
...
040 (115705.000.000) 06/04 09:14:07 Started transferring output files
...
040 (115705.000.000) 06/04 09:14:07 Finished transferring output files
...
005 (115705.000.000) 06/04 09:14:08 Job terminated.
	(1) Normal termination (return value 0)
		Usr 0 00:01:45, Sys 0 00:00:22  -  Run Remote Usage
		Usr 0 00:00:00, Sys 0 00:00:00  -  Run Local Usage
		Usr 0 00:01:45, Sys 0 00:00:22  -  Total Remote Usage
		Usr 0 00:00:00, Sys 0 00:00:00  -  Total Local Usage
	57882  -  Run Bytes Sent By Job
	19004  -  Run Bytes Received By Job
	57882  -  Total Bytes Sent By Job
	19004  -  Total Bytes Received By Job
	Partitionable Resources :      Usage  Request Allocated 
	   Cpus                 :       0.04        1         1 
	   Disk (KB)            : 3711540          20    286378 
	   Memory (MB)          :     120        2000      2000 

	Job terminated of its own accord at 2021-06-04T07:14:07Z.
...
000 (123053.000.000) 06/08 10:37:33 Job submitted from host: <188.185.121.235:9618?addrs=188.185.121.235-9618+[2001-1458-d00-49--100-36e]-9618&alias=bigbird22.cern.ch&noUDP&sock=schedd_38044_991d>
...
040 (123053.000.000) 06/08 10:57:55 Started transferring input files
	Transferring to host: <128.142.240.23:9618?addrs=128.142.240.23-9618&alias=b7g28n0625.cern.ch&noUDP&sock=slot1_7_5243_eaee_38823>
...
040 (123053.000.000) 06/08 10:57:55 Finished transferring input files
...
001 (123053.000.000) 06/08 10:57:55 Job executing on host: <128.142.240.23:9618?addrs=128.142.240.23-9618&alias=b7g28n0625.cern.ch&noUDP&sock=startd_4112_1186>
...
006 (123053.000.000) 06/08 10:58:04 Image size of job updated: 625444
	23  -  MemoryUsage of job (MB)
	23096  -  ResidentSetSize of job (KB)
...
006 (123053.000.000) 06/08 11:03:05 Image size of job updated: 791444
	67  -  MemoryUsage of job (MB)
	67760  -  ResidentSetSize of job (KB)
...
040 (123053.000.000) 06/08 11:10:26 Started transferring output files
...
040 (123053.000.000) 06/08 11:10:26 Finished transferring output files
...
005 (123053.000.000) 06/08 11:10:27 Job terminated.
	(1) Normal termination (return value 0)
		Usr 0 00:01:51, Sys 0 00:00:27  -  Run Remote Usage
		Usr 0 00:00:00, Sys 0 00:00:00  -  Run Local Usage
		Usr 0 00:01:51, Sys 0 00:00:27  -  Total Remote Usage
		Usr 0 00:00:00, Sys 0 00:00:00  -  Total Local Usage
	60341  -  Run Bytes Sent By Job
	19004  -  Run Bytes Received By Job
	60341  -  Total Bytes Sent By Job
	19004  -  Total Bytes Received By Job
	Partitionable Resources :      Usage  Request Allocated 
	   Cpus                 :       0.05        1         1 
	   Disk (KB)            : 3711543          20    207491 
	   Memory (MB)          :      67        2000      2000 

	Job terminated of its own accord at 2021-06-08T09:10:26Z.
...
