000 (112686.000.000) 06/03 12:53:13 Job submitted from host: <188.185.121.235:9618?addrs=188.185.121.235-9618+[2001-1458-d00-49--100-36e]-9618&alias=bigbird22.cern.ch&noUDP&sock=schedd_38044_991d>
...
040 (112686.000.000) 06/03 13:17:21 Started transferring input files
	Transferring to host: <128.142.73.202:9618?addrs=128.142.73.202-9618+[2001-1458-301-75--100-4e9]-9618&alias=b7s11n2844.cern.ch&noUDP&sock=slot1_2_5705_7041_35417>
...
040 (112686.000.000) 06/03 13:17:21 Finished transferring input files
...
001 (112686.000.000) 06/03 13:17:21 Job executing on host: <128.142.73.202:9618?addrs=128.142.73.202-9618+[2001-1458-301-75--100-4e9]-9618&alias=b7s11n2844.cern.ch&noUDP&sock=startd_4394_7f3b>
...
006 (112686.000.000) 06/03 13:17:29 Image size of job updated: 5640
	4  -  MemoryUsage of job (MB)
	3708  -  ResidentSetSize of job (KB)
...
006 (112686.000.000) 06/03 13:22:29 Image size of job updated: 790820
	41  -  MemoryUsage of job (MB)
	41496  -  ResidentSetSize of job (KB)
...
006 (112686.000.000) 06/03 13:27:30 Image size of job updated: 790820
	50  -  MemoryUsage of job (MB)
	50980  -  ResidentSetSize of job (KB)
...
006 (112686.000.000) 06/03 13:32:31 Image size of job updated: 790820
	66  -  MemoryUsage of job (MB)
	67500  -  ResidentSetSize of job (KB)
...
006 (112686.000.000) 06/03 16:02:45 Image size of job updated: 790820
	88  -  MemoryUsage of job (MB)
	89992  -  ResidentSetSize of job (KB)
...
040 (112686.000.000) 06/03 16:02:51 Started transferring output files
...
040 (112686.000.000) 06/03 16:02:51 Finished transferring output files
...
005 (112686.000.000) 06/03 16:02:52 Job terminated.
	(1) Normal termination (return value 0)
		Usr 0 00:00:41, Sys 0 00:00:16  -  Run Remote Usage
		Usr 0 00:00:00, Sys 0 00:00:00  -  Run Local Usage
		Usr 0 00:00:41, Sys 0 00:00:16  -  Total Remote Usage
		Usr 0 00:00:00, Sys 0 00:00:00  -  Total Local Usage
	41844  -  Run Bytes Sent By Job
	19004  -  Run Bytes Received By Job
	41844  -  Total Bytes Sent By Job
	19004  -  Total Bytes Received By Job
	Partitionable Resources :      Usage  Request Allocated 
	   Cpus                 :       0.00        1         1 
	   Disk (KB)            : 1949266          20    288045 
	   Memory (MB)          :      88        2000      2000 

	Job terminated of its own accord at 2021-06-03T14:02:51Z.
...
000 (116295.000.000) 06/04 09:01:16 Job submitted from host: <188.185.121.235:9618?addrs=188.185.121.235-9618+[2001-1458-d00-49--100-36e]-9618&alias=bigbird22.cern.ch&noUDP&sock=schedd_38044_991d>
...
040 (116295.000.000) 06/04 09:12:00 Started transferring input files
	Transferring to host: <128.142.75.148:9618?addrs=128.142.75.148-9618+[2001-1458-301-75--100-4e]-9618&alias=b7s11n3833.cern.ch&noUDP&sock=slot1_7_5534_f41a_34011>
...
040 (116295.000.000) 06/04 09:12:00 Finished transferring input files
...
001 (116295.000.000) 06/04 09:12:00 Job executing on host: <128.142.75.148:9618?addrs=128.142.75.148-9618+[2001-1458-301-75--100-4e]-9618&alias=b7s11n3833.cern.ch&noUDP&sock=startd_4322_1c69>
...
006 (116295.000.000) 06/04 09:12:09 Image size of job updated: 624804
	7  -  MemoryUsage of job (MB)
	6996  -  ResidentSetSize of job (KB)
...
006 (116295.000.000) 06/04 09:17:10 Image size of job updated: 790824
	42  -  MemoryUsage of job (MB)
	42332  -  ResidentSetSize of job (KB)
...
006 (116295.000.000) 06/04 09:22:11 Image size of job updated: 790824
	66  -  MemoryUsage of job (MB)
	67500  -  ResidentSetSize of job (KB)
...
040 (116295.000.000) 06/04 13:06:08 Started transferring output files
...
040 (116295.000.000) 06/04 13:06:08 Finished transferring output files
...
005 (116295.000.000) 06/04 13:06:08 Job terminated.
	(1) Normal termination (return value 0)
		Usr 0 00:01:15, Sys 0 00:00:21  -  Run Remote Usage
		Usr 0 00:00:00, Sys 0 00:00:00  -  Run Local Usage
		Usr 0 00:01:15, Sys 0 00:00:21  -  Total Remote Usage
		Usr 0 00:00:00, Sys 0 00:00:00  -  Total Local Usage
	50686  -  Run Bytes Sent By Job
	19004  -  Run Bytes Received By Job
	50686  -  Total Bytes Sent By Job
	19004  -  Total Bytes Received By Job
	Partitionable Resources :      Usage  Request Allocated 
	   Cpus                 :       0.00        1         1 
	   Disk (KB)            : 2752079          20    284914 
	   Memory (MB)          :      66        2000      2000 

	Job terminated of its own accord at 2021-06-04T11:06:08Z.
...
000 (123650.000.000) 06/08 10:47:11 Job submitted from host: <188.185.121.235:9618?addrs=188.185.121.235-9618+[2001-1458-d00-49--100-36e]-9618&alias=bigbird22.cern.ch&noUDP&sock=schedd_38044_991d>
...
040 (123650.000.000) 06/08 11:19:12 Entered queue to transfer input files
	Transferring to host: <188.184.197.216:9618?addrs=188.184.197.216-9618+[2001-1458-301-103--100-28a]-9618&alias=b7g23n3337.cern.ch&noUDP&sock=slot1_10_24260_1d54_91665>
...
040 (123650.000.000) 06/08 11:53:57 Started transferring input files
	Seconds spent in queue: 2085
...
040 (123650.000.000) 06/08 11:53:57 Finished transferring input files
...
001 (123650.000.000) 06/08 11:53:57 Job executing on host: <188.184.197.216:9618?addrs=188.184.197.216-9618+[2001-1458-301-103--100-28a]-9618&alias=b7g23n3337.cern.ch&noUDP&sock=startd_18581_9956>
...
006 (123650.000.000) 06/08 11:54:06 Image size of job updated: 1772
	2  -  MemoryUsage of job (MB)
	1732  -  ResidentSetSize of job (KB)
...
006 (123650.000.000) 06/08 11:59:06 Image size of job updated: 791456
	37  -  MemoryUsage of job (MB)
	37416  -  ResidentSetSize of job (KB)
...
006 (123650.000.000) 06/08 12:04:06 Image size of job updated: 791456
	64  -  MemoryUsage of job (MB)
	64820  -  ResidentSetSize of job (KB)
...
006 (123650.000.000) 06/08 12:09:07 Image size of job updated: 791456
	67  -  MemoryUsage of job (MB)
	67764  -  ResidentSetSize of job (KB)
...
040 (123650.000.000) 06/08 15:39:21 Started transferring output files
	Seconds spent in queue: 15609
...
040 (123650.000.000) 06/08 15:39:21 Finished transferring output files
...
005 (123650.000.000) 06/08 15:39:22 Job terminated.
	(1) Normal termination (return value 0)
		Usr 0 00:01:35, Sys 0 00:00:23  -  Run Remote Usage
		Usr 0 00:00:00, Sys 0 00:00:00  -  Run Local Usage
		Usr 0 00:01:35, Sys 0 00:00:23  -  Total Remote Usage
		Usr 0 00:00:00, Sys 0 00:00:00  -  Total Local Usage
	50694  -  Run Bytes Sent By Job
	19004  -  Run Bytes Received By Job
	50694  -  Total Bytes Sent By Job
	19004  -  Total Bytes Received By Job
	Partitionable Resources :      Usage  Request Allocated 
	   Cpus                 :       0.99        1         1 
	   Disk (KB)            : 2752079          20    350982 
	   Memory (MB)          :      67        2000      2000 

	Job terminated of its own accord at 2021-06-08T13:39:21Z.
...
