000 (112689.000.000) 06/03 12:53:16 Job submitted from host: <188.185.121.235:9618?addrs=188.185.121.235-9618+[2001-1458-d00-49--100-36e]-9618&alias=bigbird22.cern.ch&noUDP&sock=schedd_38044_991d>
...
040 (112689.000.000) 06/03 13:17:22 Started transferring input files
	Transferring to host: <128.142.74.171:9618?addrs=128.142.74.171-9618+[2001-1458-301-75--100-c5]-9618&alias=b7s11n5170.cern.ch&noUDP&sock=slot1_1_6082_11b0_34403>
...
040 (112689.000.000) 06/03 13:17:22 Finished transferring input files
...
001 (112689.000.000) 06/03 13:17:22 Job executing on host: <128.142.74.171:9618?addrs=128.142.74.171-9618+[2001-1458-301-75--100-c5]-9618&alias=b7s11n5170.cern.ch&noUDP&sock=startd_4581_c371>
...
006 (112689.000.000) 06/03 13:17:31 Image size of job updated: 624800
	7  -  MemoryUsage of job (MB)
	6856  -  ResidentSetSize of job (KB)
...
006 (112689.000.000) 06/03 13:22:32 Image size of job updated: 790820
	36  -  MemoryUsage of job (MB)
	36160  -  ResidentSetSize of job (KB)
...
006 (112689.000.000) 06/03 13:27:32 Image size of job updated: 790820
	53  -  MemoryUsage of job (MB)
	54096  -  ResidentSetSize of job (KB)
...
006 (112689.000.000) 06/03 13:32:32 Image size of job updated: 790820
	66  -  MemoryUsage of job (MB)
	67500  -  ResidentSetSize of job (KB)
...
040 (112689.000.000) 06/03 16:04:25 Started transferring output files
...
040 (112689.000.000) 06/03 16:04:25 Finished transferring output files
...
005 (112689.000.000) 06/03 16:04:25 Job terminated.
	(1) Normal termination (return value 0)
		Usr 0 00:00:42, Sys 0 00:00:12  -  Run Remote Usage
		Usr 0 00:00:00, Sys 0 00:00:00  -  Run Local Usage
		Usr 0 00:00:42, Sys 0 00:00:12  -  Total Remote Usage
		Usr 0 00:00:00, Sys 0 00:00:00  -  Total Local Usage
	41264  -  Run Bytes Sent By Job
	19004  -  Run Bytes Received By Job
	41264  -  Total Bytes Sent By Job
	19004  -  Total Bytes Received By Job
	Partitionable Resources :      Usage  Request Allocated 
	   Cpus                 :       0.00        1         1 
	   Disk (KB)            : 1949265          20    285030 
	   Memory (MB)          :      66        2000      2000 

	Job terminated of its own accord at 2021-06-03T14:04:25Z.
...
000 (116299.000.000) 06/04 09:01:18 Job submitted from host: <188.185.121.235:9618?addrs=188.185.121.235-9618+[2001-1458-d00-49--100-36e]-9618&alias=bigbird22.cern.ch&noUDP&sock=schedd_38044_991d>
...
040 (116299.000.000) 06/04 09:12:03 Started transferring input files
	Transferring to host: <128.142.86.13:9618?addrs=128.142.86.13-9618+[2001-1458-301-f6--100-340]-9618&alias=b7s14n8629.cern.ch&noUDP&sock=slot1_5_8921_66c4_78658>
...
001 (116299.000.000) 06/04 09:12:03 Job executing on host: <128.142.86.13:9618?addrs=128.142.86.13-9618+[2001-1458-301-f6--100-340]-9618&alias=b7s14n8629.cern.ch&noUDP&sock=startd_16481_2c74>
...
040 (116299.000.000) 06/04 09:12:03 Finished transferring input files
...
006 (116299.000.000) 06/04 09:12:11 Image size of job updated: 624804
	11  -  MemoryUsage of job (MB)
	10376  -  ResidentSetSize of job (KB)
...
006 (116299.000.000) 06/04 09:17:11 Image size of job updated: 790824
	66  -  MemoryUsage of job (MB)
	67504  -  ResidentSetSize of job (KB)
...
040 (116299.000.000) 06/04 12:52:34 Started transferring output files
...
040 (116299.000.000) 06/04 12:52:34 Finished transferring output files
...
005 (116299.000.000) 06/04 12:52:34 Job terminated.
	(1) Normal termination (return value 0)
		Usr 0 00:01:18, Sys 0 00:00:20  -  Run Remote Usage
		Usr 0 00:00:00, Sys 0 00:00:00  -  Run Local Usage
		Usr 0 00:01:18, Sys 0 00:00:20  -  Total Remote Usage
		Usr 0 00:00:00, Sys 0 00:00:00  -  Total Local Usage
	50111  -  Run Bytes Sent By Job
	19004  -  Run Bytes Received By Job
	50111  -  Total Bytes Sent By Job
	19004  -  Total Bytes Received By Job
	Partitionable Resources :      Usage  Request Allocated 
	   Cpus                 :       0.00        1         1 
	   Disk (KB)            : 2752079          20    119668 
	   Memory (MB)          :      66        2000      2000 

	Job terminated of its own accord at 2021-06-04T10:52:34Z.
...
000 (123655.000.000) 06/08 10:47:17 Job submitted from host: <188.185.121.235:9618?addrs=188.185.121.235-9618+[2001-1458-d00-49--100-36e]-9618&alias=bigbird22.cern.ch&noUDP&sock=schedd_38044_991d>
...
040 (123655.000.000) 06/08 11:19:14 Entered queue to transfer input files
	Transferring to host: <188.184.211.47:9618?addrs=188.184.211.47-9618+[2001-1458-301-10b--100-6f]-9618&alias=b7g23n0335.cern.ch&noUDP&sock=slot1_8_15951_ac22_107548>
...
040 (123655.000.000) 06/08 11:53:57 Started transferring input files
	Seconds spent in queue: 2083
...
040 (123655.000.000) 06/08 11:53:57 Finished transferring input files
...
001 (123655.000.000) 06/08 11:53:57 Job executing on host: <188.184.211.47:9618?addrs=188.184.211.47-9618+[2001-1458-301-10b--100-6f]-9618&alias=b7g23n0335.cern.ch&noUDP&sock=startd_18035_16a0>
...
006 (123655.000.000) 06/08 11:54:06 Image size of job updated: 3216
	2  -  MemoryUsage of job (MB)
	1736  -  ResidentSetSize of job (KB)
...
006 (123655.000.000) 06/08 11:59:06 Image size of job updated: 791456
	38  -  MemoryUsage of job (MB)
	38668  -  ResidentSetSize of job (KB)
...
006 (123655.000.000) 06/08 12:04:06 Image size of job updated: 791456
	67  -  MemoryUsage of job (MB)
	67760  -  ResidentSetSize of job (KB)
...
006 (123655.000.000) 06/08 15:39:27 Image size of job updated: 791456
	90  -  MemoryUsage of job (MB)
	91500  -  ResidentSetSize of job (KB)
...
006 (123655.000.000) 06/08 15:41:07 Image size of job updated: 791456
	90  -  MemoryUsage of job (MB)
	91512  -  ResidentSetSize of job (KB)
...
040 (123655.000.000) 06/08 15:41:07 Started transferring output files
	Seconds spent in queue: 15713
...
040 (123655.000.000) 06/08 15:41:07 Finished transferring output files
...
005 (123655.000.000) 06/08 15:41:07 Job terminated.
	(1) Normal termination (return value 0)
		Usr 0 00:01:32, Sys 0 00:00:17  -  Run Remote Usage
		Usr 0 00:00:00, Sys 0 00:00:00  -  Run Local Usage
		Usr 0 00:01:32, Sys 0 00:00:17  -  Total Remote Usage
		Usr 0 00:00:00, Sys 0 00:00:00  -  Total Local Usage
	50101  -  Run Bytes Sent By Job
	19004  -  Run Bytes Received By Job
	50101  -  Total Bytes Sent By Job
	19004  -  Total Bytes Received By Job
	Partitionable Resources :      Usage  Request Allocated 
	   Cpus                 :       0.00        1         1 
	   Disk (KB)            : 2752079          20    352547 
	   Memory (MB)          :      90        2000      2000 

	Job terminated of its own accord at 2021-06-08T13:41:07Z.
...
