000 (113146.000.000) 06/03 13:00:33 Job submitted from host: <188.185.121.235:9618?addrs=188.185.121.235-9618+[2001-1458-d00-49--100-36e]-9618&alias=bigbird22.cern.ch&noUDP&sock=schedd_38044_991d>
...
040 (113146.000.000) 06/03 13:20:17 Started transferring input files
	Transferring to host: <128.142.70.213:9618?addrs=128.142.70.213-9618+[2001-1458-301-52--100-31a]-9618&alias=b7s10n1324.cern.ch&noUDP&sock=slot1_10_17865_4230_104998>
...
001 (113146.000.000) 06/03 13:20:17 Job executing on host: <128.142.70.213:9618?addrs=128.142.70.213-9618+[2001-1458-301-52--100-31a]-9618&alias=b7s10n1324.cern.ch&noUDP&sock=startd_2295_c1f1>
...
040 (113146.000.000) 06/03 13:20:17 Finished transferring input files
...
006 (113146.000.000) 06/03 13:20:25 Image size of job updated: 8780
	9  -  MemoryUsage of job (MB)
	8780  -  ResidentSetSize of job (KB)
...
006 (113146.000.000) 06/03 13:25:25 Image size of job updated: 790824
	66  -  MemoryUsage of job (MB)
	67504  -  ResidentSetSize of job (KB)
...
040 (113146.000.000) 06/03 14:13:13 Started transferring output files
...
040 (113146.000.000) 06/03 14:13:13 Finished transferring output files
...
005 (113146.000.000) 06/03 14:13:13 Job terminated.
	(1) Normal termination (return value 0)
		Usr 0 00:00:38, Sys 0 00:00:11  -  Run Remote Usage
		Usr 0 00:00:00, Sys 0 00:00:00  -  Run Local Usage
		Usr 0 00:00:38, Sys 0 00:00:11  -  Total Remote Usage
		Usr 0 00:00:00, Sys 0 00:00:00  -  Total Local Usage
	41345  -  Run Bytes Sent By Job
	19004  -  Run Bytes Received By Job
	41345  -  Total Bytes Sent By Job
	19004  -  Total Bytes Received By Job
	Partitionable Resources :      Usage  Request Allocated 
	   Cpus                 :       0.01        1         1 
	   Disk (KB)            : 1952327          20    282394 
	   Memory (MB)          :      66        2000      2000 

	Job terminated of its own accord at 2021-06-03T12:13:13Z.
...
000 (116770.000.000) 06/04 09:07:13 Job submitted from host: <188.185.121.235:9618?addrs=188.185.121.235-9618+[2001-1458-d00-49--100-36e]-9618&alias=bigbird22.cern.ch&noUDP&sock=schedd_38044_991d>
...
040 (116770.000.000) 06/04 09:41:01 Started transferring input files
	Transferring to host: <128.142.76.188:9618?addrs=128.142.76.188-9618+[2001-1458-301-f4--100-a3]-9618&alias=b7s12n3875.cern.ch&noUDP&sock=slot1_7_12105_d145_81518>
...
040 (116770.000.000) 06/04 09:41:01 Finished transferring input files
...
001 (116770.000.000) 06/04 09:41:01 Job executing on host: <128.142.76.188:9618?addrs=128.142.76.188-9618+[2001-1458-301-f4--100-a3]-9618&alias=b7s12n3875.cern.ch&noUDP&sock=startd_16555_ee76>
...
006 (116770.000.000) 06/04 09:41:10 Image size of job updated: 39384
	37  -  MemoryUsage of job (MB)
	37492  -  ResidentSetSize of job (KB)
...
006 (116770.000.000) 06/04 09:46:11 Image size of job updated: 790800
	66  -  MemoryUsage of job (MB)
	67496  -  ResidentSetSize of job (KB)
...
040 (116770.000.000) 06/04 09:52:59 Started transferring output files
...
040 (116770.000.000) 06/04 09:52:59 Finished transferring output files
...
005 (116770.000.000) 06/04 09:53:00 Job terminated.
	(1) Normal termination (return value 0)
		Usr 0 00:01:14, Sys 0 00:00:12  -  Run Remote Usage
		Usr 0 00:00:00, Sys 0 00:00:00  -  Run Local Usage
		Usr 0 00:01:14, Sys 0 00:00:12  -  Total Remote Usage
		Usr 0 00:00:00, Sys 0 00:00:00  -  Total Local Usage
	47681  -  Run Bytes Sent By Job
	19004  -  Run Bytes Received By Job
	47681  -  Total Bytes Sent By Job
	19004  -  Total Bytes Received By Job
	Partitionable Resources :      Usage  Request Allocated 
	   Cpus                 :       0.02        1         1 
	   Disk (KB)            : 2758846          20    277338 
	   Memory (MB)          :      66        2000      2000 

	Job terminated of its own accord at 2021-06-04T07:52:59Z.
...
000 (124121.000.000) 06/08 10:53:46 Job submitted from host: <188.185.121.235:9618?addrs=188.185.121.235-9618+[2001-1458-d00-49--100-36e]-9618&alias=bigbird22.cern.ch&noUDP&sock=schedd_38044_991d>
...
040 (124121.000.000) 06/08 11:24:34 Entered queue to transfer input files
	Transferring to host: <128.142.76.121:9618?addrs=128.142.76.121-9618+[2001-1458-301-f4--100-5e4]-9618&alias=b7s12n8139.cern.ch&noUDP&sock=slot1_9_17459_31df_84763>
...
040 (124121.000.000) 06/08 11:54:00 Started transferring input files
	Seconds spent in queue: 1766
...
001 (124121.000.000) 06/08 11:54:00 Job executing on host: <128.142.76.121:9618?addrs=128.142.76.121-9618+[2001-1458-301-f4--100-5e4]-9618&alias=b7s12n8139.cern.ch&noUDP&sock=startd_16764_49c1>
...
040 (124121.000.000) 06/08 11:54:00 Finished transferring input files
...
006 (124121.000.000) 06/08 11:54:08 Image size of job updated: 68700
	2  -  MemoryUsage of job (MB)
	1736  -  ResidentSetSize of job (KB)
...
006 (124121.000.000) 06/08 11:59:08 Image size of job updated: 791456
	67  -  MemoryUsage of job (MB)
	67772  -  ResidentSetSize of job (KB)
...
006 (124121.000.000) 06/08 12:29:12 Image size of job updated: 791456
	91  -  MemoryUsage of job (MB)
	92596  -  ResidentSetSize of job (KB)
...
040 (124121.000.000) 06/08 12:29:55 Started transferring output files
	Seconds spent in queue: 3921
...
040 (124121.000.000) 06/08 12:29:55 Finished transferring output files
...
005 (124121.000.000) 06/08 12:29:55 Job terminated.
	(1) Normal termination (return value 0)
		Usr 0 00:01:19, Sys 0 00:00:13  -  Run Remote Usage
		Usr 0 00:00:00, Sys 0 00:00:00  -  Run Local Usage
		Usr 0 00:01:19, Sys 0 00:00:13  -  Total Remote Usage
		Usr 0 00:00:00, Sys 0 00:00:00  -  Total Local Usage
	50266  -  Run Bytes Sent By Job
	19004  -  Run Bytes Received By Job
	50266  -  Total Bytes Sent By Job
	19004  -  Total Bytes Received By Job
	Partitionable Resources :      Usage  Request Allocated 
	   Cpus                 :       0.01        1         1 
	   Disk (KB)            : 2758848          20    280298 
	   Memory (MB)          :      91        2000      2000 

	Job terminated of its own accord at 2021-06-08T10:29:55Z.
...
