000 (148361.000.000) 06/16 08:47:28 Job submitted from host: <188.185.121.235:9618?addrs=188.185.121.235-9618+[2001-1458-d00-49--100-36e]-9618&alias=bigbird22.cern.ch&noUDP&sock=schedd_38044_991d>
...
040 (148361.000.000) 06/16 09:11:42 Started transferring input files
	Transferring to host: <188.184.183.7:9618?addrs=188.184.183.7-9618+[2001-1458-301-2b--100-1f]-9618&alias=b7g41n2650.cern.ch&noUDP&sock=slot1_1_4603_fad4_36566>
...
001 (148361.000.000) 06/16 09:11:42 Job executing on host: <188.184.183.7:9618?addrs=188.184.183.7-9618+[2001-1458-301-2b--100-1f]-9618&alias=b7g41n2650.cern.ch&noUDP&sock=startd_3819_1846>
...
040 (148361.000.000) 06/16 09:11:42 Finished transferring input files
...
006 (148361.000.000) 06/16 09:11:51 Image size of job updated: 5816
	6  -  MemoryUsage of job (MB)
	5816  -  ResidentSetSize of job (KB)
...
006 (148361.000.000) 06/16 09:16:52 Image size of job updated: 791456
	38  -  MemoryUsage of job (MB)
	38760  -  ResidentSetSize of job (KB)
...
006 (148361.000.000) 06/16 09:21:53 Image size of job updated: 791456
	67  -  MemoryUsage of job (MB)
	67764  -  ResidentSetSize of job (KB)
...
040 (148361.000.000) 06/16 11:56:06 Started transferring output files
...
040 (148361.000.000) 06/16 11:56:06 Finished transferring output files
...
005 (148361.000.000) 06/16 11:56:06 Job terminated.
	(1) Normal termination (return value 0)
		Usr 0 00:01:20, Sys 0 00:00:19  -  Run Remote Usage
		Usr 0 00:00:00, Sys 0 00:00:00  -  Run Local Usage
		Usr 0 00:01:20, Sys 0 00:00:19  -  Total Remote Usage
		Usr 0 00:00:00, Sys 0 00:00:00  -  Total Local Usage
	46371  -  Run Bytes Sent By Job
	19004  -  Run Bytes Received By Job
	46371  -  Total Bytes Sent By Job
	19004  -  Total Bytes Received By Job
	Partitionable Resources :      Usage  Request Allocated 
	   Cpus                 :       0.00        1         1 
	   Disk (KB)            : 2367770          20    353290 
	   Memory (MB)          :      67        2000      2000 

	Job terminated of its own accord at 2021-06-16T09:56:06Z.
...
