000 (109055.000.000) 06/02 16:43:37 Job submitted from host: <188.185.121.235:9618?addrs=188.185.121.235-9618+[2001-1458-d00-49--100-36e]-9618&alias=bigbird22.cern.ch&noUDP&sock=schedd_38044_991d>
...
040 (109055.000.000) 06/02 17:16:08 Started transferring input files
	Transferring to host: <188.184.190.9:9618?addrs=188.184.190.9-9618+[2001-1458-301-4b--100-f]-9618&alias=b7g42n0113.cern.ch&noUDP&sock=slot1_11_5893_e6c9_33411>
...
040 (109055.000.000) 06/02 17:16:08 Finished transferring input files
...
001 (109055.000.000) 06/02 17:16:08 Job executing on host: <188.184.190.9:9618?addrs=188.184.190.9-9618+[2001-1458-301-4b--100-f]-9618&alias=b7g42n0113.cern.ch&noUDP&sock=startd_4630_5f95>
...
006 (109055.000.000) 06/02 17:16:17 Image size of job updated: 13656
	14  -  MemoryUsage of job (MB)
	13656  -  ResidentSetSize of job (KB)
...
006 (109055.000.000) 06/02 17:21:18 Image size of job updated: 790808
	66  -  MemoryUsage of job (MB)
	67500  -  ResidentSetSize of job (KB)
...
040 (109055.000.000) 06/02 17:31:06 Started transferring output files
...
040 (109055.000.000) 06/02 17:31:06 Finished transferring output files
...
005 (109055.000.000) 06/02 17:31:06 Job terminated.
	(1) Normal termination (return value 0)
		Usr 0 00:02:39, Sys 0 00:00:27  -  Run Remote Usage
		Usr 0 00:00:00, Sys 0 00:00:00  -  Run Local Usage
		Usr 0 00:02:39, Sys 0 00:00:27  -  Total Remote Usage
		Usr 0 00:00:00, Sys 0 00:00:00  -  Total Local Usage
	66277  -  Run Bytes Sent By Job
	19195  -  Run Bytes Received By Job
	66277  -  Total Bytes Sent By Job
	19195  -  Total Bytes Received By Job
	Partitionable Resources :      Usage  Request Allocated 
	   Cpus                 :       0.03        1         1 
	   Disk (KB)            : 4244366          20    297940 
	   Memory (MB)          :      66        2000      2000 

	Job terminated of its own accord at 2021-06-02T15:31:06Z.
...
