000 (112758.000.000) 06/03 12:54:07 Job submitted from host: <188.185.121.235:9618?addrs=188.185.121.235-9618+[2001-1458-d00-49--100-36e]-9618&alias=bigbird22.cern.ch&noUDP&sock=schedd_38044_991d>
...
040 (112758.000.000) 06/03 13:17:49 Started transferring input files
	Transferring to host: <128.142.76.61:9618?addrs=128.142.76.61-9618+[2001-1458-301-f4--100-163]-9618&alias=b7s12n0058.cern.ch&noUDP&sock=slot1_7_6822_774e_104627>
...
040 (112758.000.000) 06/03 13:17:49 Finished transferring input files
...
001 (112758.000.000) 06/03 13:17:49 Job executing on host: <128.142.76.61:9618?addrs=128.142.76.61-9618+[2001-1458-301-f4--100-163]-9618&alias=b7s12n0058.cern.ch&noUDP&sock=startd_16633_6ed9>
...
006 (112758.000.000) 06/03 13:17:58 Image size of job updated: 4572
	5  -  MemoryUsage of job (MB)
	4572  -  ResidentSetSize of job (KB)
...
006 (112758.000.000) 06/03 13:22:59 Image size of job updated: 790824
	38  -  MemoryUsage of job (MB)
	38092  -  ResidentSetSize of job (KB)
...
006 (112758.000.000) 06/03 13:27:59 Image size of job updated: 790824
	51  -  MemoryUsage of job (MB)
	51924  -  ResidentSetSize of job (KB)
...
006 (112758.000.000) 06/03 13:32:59 Image size of job updated: 790824
	66  -  MemoryUsage of job (MB)
	67496  -  ResidentSetSize of job (KB)
...
040 (112758.000.000) 06/03 16:02:46 Started transferring output files
...
040 (112758.000.000) 06/03 16:02:46 Finished transferring output files
...
005 (112758.000.000) 06/03 16:02:46 Job terminated.
	(1) Normal termination (return value 0)
		Usr 0 00:00:56, Sys 0 00:00:11  -  Run Remote Usage
		Usr 0 00:00:00, Sys 0 00:00:00  -  Run Local Usage
		Usr 0 00:00:56, Sys 0 00:00:11  -  Total Remote Usage
		Usr 0 00:00:00, Sys 0 00:00:00  -  Total Local Usage
	42214  -  Run Bytes Sent By Job
	19004  -  Run Bytes Received By Job
	42214  -  Total Bytes Sent By Job
	19004  -  Total Bytes Received By Job
	Partitionable Resources :      Usage  Request Allocated 
	   Cpus                 :       0.00        1         1 
	   Disk (KB)            : 1952970          20    249759 
	   Memory (MB)          :      66        2000      2000 

	Job terminated of its own accord at 2021-06-03T14:02:46Z.
...
000 (116374.000.000) 06/04 09:02:11 Job submitted from host: <188.185.121.235:9618?addrs=188.185.121.235-9618+[2001-1458-d00-49--100-36e]-9618&alias=bigbird22.cern.ch&noUDP&sock=schedd_38044_991d>
...
040 (116374.000.000) 06/04 09:12:30 Started transferring input files
	Transferring to host: <128.142.85.229:9618?addrs=128.142.85.229-9618+[2001-1458-301-f6--100-d]-9618&alias=b7s14n1256.cern.ch&noUDP&sock=slot1_4_5485_6db8_29340>
...
040 (116374.000.000) 06/04 09:12:30 Finished transferring input files
...
001 (116374.000.000) 06/04 09:12:30 Job executing on host: <128.142.85.229:9618?addrs=128.142.85.229-9618+[2001-1458-301-f6--100-d]-9618&alias=b7s14n1256.cern.ch&noUDP&sock=startd_4279_9dd7>
...
006 (116374.000.000) 06/04 09:12:38 Image size of job updated: 624804
	14  -  MemoryUsage of job (MB)
	13868  -  ResidentSetSize of job (KB)
...
006 (116374.000.000) 06/04 09:17:38 Image size of job updated: 790820
	66  -  MemoryUsage of job (MB)
	67500  -  ResidentSetSize of job (KB)
...
040 (116374.000.000) 06/04 09:40:04 Started transferring output files
...
040 (116374.000.000) 06/04 09:40:04 Finished transferring output files
...
005 (116374.000.000) 06/04 09:40:04 Job terminated.
	(1) Normal termination (return value 0)
		Usr 0 00:00:52, Sys 0 00:00:14  -  Run Remote Usage
		Usr 0 00:00:00, Sys 0 00:00:00  -  Run Local Usage
		Usr 0 00:00:52, Sys 0 00:00:14  -  Total Remote Usage
		Usr 0 00:00:00, Sys 0 00:00:00  -  Total Local Usage
	50981  -  Run Bytes Sent By Job
	19004  -  Run Bytes Received By Job
	50981  -  Total Bytes Sent By Job
	19004  -  Total Bytes Received By Job
	Partitionable Resources :      Usage  Request Allocated 
	   Cpus                 :       0.02        1         1 
	   Disk (KB)            : 2758677          20    253792 
	   Memory (MB)          :      66        2000      2000 

	Job terminated of its own accord at 2021-06-04T07:40:04Z.
...
000 (123732.000.000) 06/08 10:48:17 Job submitted from host: <188.185.121.235:9618?addrs=188.185.121.235-9618+[2001-1458-d00-49--100-36e]-9618&alias=bigbird22.cern.ch&noUDP&sock=schedd_38044_991d>
...
040 (123732.000.000) 06/08 11:20:05 Entered queue to transfer input files
	Transferring to host: <128.142.83.235:9618?addrs=128.142.83.235-9618+[2001-1458-301-f5--100-720]-9618&alias=b7s13n1233.cern.ch&noUDP&sock=slot1_7_636_de93_108861>
...
040 (123732.000.000) 06/08 11:53:58 Started transferring input files
	Seconds spent in queue: 2033
...
001 (123732.000.000) 06/08 11:53:58 Job executing on host: <128.142.83.235:9618?addrs=128.142.83.235-9618+[2001-1458-301-f5--100-720]-9618&alias=b7s13n1233.cern.ch&noUDP&sock=startd_16446_2aa3>
...
040 (123732.000.000) 06/08 11:53:58 Finished transferring input files
...
006 (123732.000.000) 06/08 11:54:07 Image size of job updated: 321800
	2  -  MemoryUsage of job (MB)
	1748  -  ResidentSetSize of job (KB)
...
006 (123732.000.000) 06/08 11:59:08 Image size of job updated: 791456
	67  -  MemoryUsage of job (MB)
	67776  -  ResidentSetSize of job (KB)
...
006 (123732.000.000) 06/08 12:29:11 Image size of job updated: 791456
	91  -  MemoryUsage of job (MB)
	93028  -  ResidentSetSize of job (KB)
...
040 (123732.000.000) 06/08 12:29:28 Started transferring output files
	Seconds spent in queue: 4163
...
040 (123732.000.000) 06/08 12:29:28 Finished transferring output files
...
005 (123732.000.000) 06/08 12:29:28 Job terminated.
	(1) Normal termination (return value 0)
		Usr 0 00:01:09, Sys 0 00:00:10  -  Run Remote Usage
		Usr 0 00:00:00, Sys 0 00:00:00  -  Run Local Usage
		Usr 0 00:01:09, Sys 0 00:00:10  -  Total Remote Usage
		Usr 0 00:00:00, Sys 0 00:00:00  -  Total Local Usage
	50980  -  Run Bytes Sent By Job
	19004  -  Run Bytes Received By Job
	50980  -  Total Bytes Sent By Job
	19004  -  Total Bytes Received By Job
	Partitionable Resources :      Usage  Request Allocated 
	   Cpus                 :       0.01        1         1 
	   Disk (KB)            : 2758678          20    281935 
	   Memory (MB)          :      91        2000      2000 

	Job terminated of its own accord at 2021-06-08T10:29:28Z.
...
