000 (109134.000.000) 06/02 16:45:59 Job submitted from host: <188.185.121.235:9618?addrs=188.185.121.235-9618+[2001-1458-d00-49--100-36e]-9618&alias=bigbird22.cern.ch&noUDP&sock=schedd_38044_991d>
...
040 (109134.000.000) 06/02 17:25:00 Started transferring input files
	Transferring to host: <128.142.74.51:9618?addrs=128.142.74.51-9618+[2001-1458-301-75--100-320]-9618&alias=b7s11n2944.cern.ch&noUDP&sock=slot1_8_30218_1086_83900>
...
001 (109134.000.000) 06/02 17:25:00 Job executing on host: <128.142.74.51:9618?addrs=128.142.74.51-9618+[2001-1458-301-75--100-320]-9618&alias=b7s11n2944.cern.ch&noUDP&sock=startd_16884_991e>
...
040 (109134.000.000) 06/02 17:25:00 Finished transferring input files
...
006 (109134.000.000) 06/02 17:25:08 Image size of job updated: 790796
	65  -  MemoryUsage of job (MB)
	65988  -  ResidentSetSize of job (KB)
...
006 (109134.000.000) 06/02 17:27:51 Image size of job updated: 790796
	65  -  MemoryUsage of job (MB)
	66012  -  ResidentSetSize of job (KB)
...
040 (109134.000.000) 06/02 17:27:51 Started transferring output files
...
040 (109134.000.000) 06/02 17:27:52 Finished transferring output files
...
005 (109134.000.000) 06/02 17:27:52 Job terminated.
	(1) Normal termination (return value 0)
		Usr 0 00:00:37, Sys 0 00:00:10  -  Run Remote Usage
		Usr 0 00:00:00, Sys 0 00:00:00  -  Run Local Usage
		Usr 0 00:00:37, Sys 0 00:00:10  -  Total Remote Usage
		Usr 0 00:00:00, Sys 0 00:00:00  -  Total Local Usage
	32361  -  Run Bytes Sent By Job
	19195  -  Run Bytes Received By Job
	32361  -  Total Bytes Sent By Job
	19195  -  Total Bytes Received By Job
	Partitionable Resources :    Usage  Request Allocated 
	   Cpus                 :                 1         1 
	   Disk (KB)            :  1952590       20    285223 
	   Memory (MB)          :       65     2000      2000 

	Job terminated of its own accord at 2021-06-02T15:27:51Z.
...
