000 (108350.000.000) 06/02 16:24:28 Job submitted from host: <188.185.121.235:9618?addrs=188.185.121.235-9618+[2001-1458-d00-49--100-36e]-9618&alias=bigbird22.cern.ch&noUDP&sock=schedd_38044_991d>
...
022 (108350.000.000) 06/02 16:27:35 Job disconnected, attempting to reconnect
    Socket between submit and execute hosts closed unexpectedly
    Trying to reconnect to slot1_4@b7s12n2216.cern.ch <128.142.79.35:9618?addrs=128.142.79.35-9618+[2001-1458-301-f4--100-39b]-9618&alias=b7s12n2216.cern.ch&noUDP&sock=startd_16571_e7fa>
...
024 (108350.000.000) 06/02 16:27:35 Job reconnection failed
    Job not found at execution machine
    Can not reconnect to slot1_4@b7s12n2216.cern.ch, rescheduling job
...
040 (108350.000.000) 06/02 16:28:03 Started transferring input files
	Transferring to host: <128.142.79.179:9618?addrs=128.142.79.179-9618+[2001-1458-301-f4--100-15]-9618&alias=b7s12n1916.cern.ch&noUDP&sock=slot1_4_5801_1445_41849>
...
040 (108350.000.000) 06/02 16:28:03 Finished transferring input files
...
001 (108350.000.000) 06/02 16:28:03 Job executing on host: <128.142.79.179:9618?addrs=128.142.79.179-9618+[2001-1458-301-f4--100-15]-9618&alias=b7s12n1916.cern.ch&noUDP&sock=startd_4651_c712>
...
006 (108350.000.000) 06/02 16:28:12 Image size of job updated: 67500
	66  -  MemoryUsage of job (MB)
	67500  -  ResidentSetSize of job (KB)
...
006 (108350.000.000) 06/02 16:28:43 Image size of job updated: 790796
	66  -  MemoryUsage of job (MB)
	67500  -  ResidentSetSize of job (KB)
...
040 (108350.000.000) 06/02 16:28:43 Started transferring output files
...
040 (108350.000.000) 06/02 16:28:43 Finished transferring output files
...
005 (108350.000.000) 06/02 16:28:43 Job terminated.
	(1) Normal termination (return value 0)
		Usr 0 00:00:11, Sys 0 00:00:04  -  Run Remote Usage
		Usr 0 00:00:00, Sys 0 00:00:00  -  Run Local Usage
		Usr 0 00:00:11, Sys 0 00:00:04  -  Total Remote Usage
		Usr 0 00:00:00, Sys 0 00:00:00  -  Total Local Usage
	20611  -  Run Bytes Sent By Job
	19195  -  Run Bytes Received By Job
	20611  -  Total Bytes Sent By Job
	19195  -  Total Bytes Received By Job
	Partitionable Resources :    Usage  Request Allocated 
	   Cpus                 :                 1         1 
	   Disk (KB)            :   743552       20    278685 
	   Memory (MB)          :       66     2000      2000 

	Job terminated of its own accord at 2021-06-02T14:28:43Z.
...
