000 (112706.000.000) 06/03 12:53:27 Job submitted from host: <188.185.121.235:9618?addrs=188.185.121.235-9618+[2001-1458-d00-49--100-36e]-9618&alias=bigbird22.cern.ch&noUDP&sock=schedd_38044_991d>
...
040 (112706.000.000) 06/03 13:17:26 Started transferring input files
	Transferring to host: <128.142.240.112:9618?addrs=128.142.240.112-9618+[2001-1458-301-f9--100-78]-9618&alias=b7g28n0493.cern.ch&noUDP&sock=slot1_8_6247_5397_82344>
...
040 (112706.000.000) 06/03 13:17:26 Finished transferring input files
...
001 (112706.000.000) 06/03 13:17:26 Job executing on host: <128.142.240.112:9618?addrs=128.142.240.112-9618+[2001-1458-301-f9--100-78]-9618&alias=b7g28n0493.cern.ch&noUDP&sock=startd_14475_3978>
...
006 (112706.000.000) 06/03 13:17:34 Image size of job updated: 36344
	36  -  MemoryUsage of job (MB)
	36344  -  ResidentSetSize of job (KB)
...
006 (112706.000.000) 06/03 13:22:34 Image size of job updated: 790800
	66  -  MemoryUsage of job (MB)
	67496  -  ResidentSetSize of job (KB)
...
006 (112706.000.000) 06/03 13:37:35 Image size of job updated: 790800
	88  -  MemoryUsage of job (MB)
	89688  -  ResidentSetSize of job (KB)
...
040 (112706.000.000) 06/03 13:37:40 Started transferring output files
...
040 (112706.000.000) 06/03 13:37:40 Finished transferring output files
...
005 (112706.000.000) 06/03 13:37:40 Job terminated.
	(1) Normal termination (return value 0)
		Usr 0 00:01:00, Sys 0 00:00:10  -  Run Remote Usage
		Usr 0 00:00:00, Sys 0 00:00:00  -  Run Local Usage
		Usr 0 00:01:00, Sys 0 00:00:10  -  Total Remote Usage
		Usr 0 00:00:00, Sys 0 00:00:00  -  Total Local Usage
	42010  -  Run Bytes Sent By Job
	19004  -  Run Bytes Received By Job
	42010  -  Total Bytes Sent By Job
	19004  -  Total Bytes Received By Job
	Partitionable Resources :      Usage  Request Allocated 
	   Cpus                 :       0.01        1         1 
	   Disk (KB)            : 1952701          20    203644 
	   Memory (MB)          :      88        2000      2000 

	Job terminated of its own accord at 2021-06-03T11:37:40Z.
...
000 (116321.000.000) 06/04 09:01:40 Job submitted from host: <188.185.121.235:9618?addrs=188.185.121.235-9618+[2001-1458-d00-49--100-36e]-9618&alias=bigbird22.cern.ch&noUDP&sock=schedd_38044_991d>
...
040 (116321.000.000) 06/04 09:12:13 Started transferring input files
	Transferring to host: <128.142.85.55:9618?addrs=128.142.85.55-9618+[2001-1458-301-f6--100-92]-9618&alias=b7s14n4992.cern.ch&noUDP&sock=slot1_3_6184_eff5_34155>
...
040 (116321.000.000) 06/04 09:12:13 Finished transferring input files
...
001 (116321.000.000) 06/04 09:12:13 Job executing on host: <128.142.85.55:9618?addrs=128.142.85.55-9618+[2001-1458-301-f6--100-92]-9618&alias=b7s14n4992.cern.ch&noUDP&sock=startd_4865_9056>
...
006 (116321.000.000) 06/04 09:12:22 Image size of job updated: 624804
	6  -  MemoryUsage of job (MB)
	5852  -  ResidentSetSize of job (KB)
...
006 (116321.000.000) 06/04 09:17:23 Image size of job updated: 790824
	41  -  MemoryUsage of job (MB)
	41308  -  ResidentSetSize of job (KB)
...
006 (116321.000.000) 06/04 09:22:23 Image size of job updated: 790824
	66  -  MemoryUsage of job (MB)
	67504  -  ResidentSetSize of job (KB)
...
040 (116321.000.000) 06/04 13:09:47 Started transferring output files
...
040 (116321.000.000) 06/04 13:09:47 Finished transferring output files
...
005 (116321.000.000) 06/04 13:09:48 Job terminated.
	(1) Normal termination (return value 0)
		Usr 0 00:01:22, Sys 0 00:00:19  -  Run Remote Usage
		Usr 0 00:00:00, Sys 0 00:00:00  -  Run Local Usage
		Usr 0 00:01:22, Sys 0 00:00:19  -  Total Remote Usage
		Usr 0 00:00:00, Sys 0 00:00:00  -  Total Local Usage
	50890  -  Run Bytes Sent By Job
	19004  -  Run Bytes Received By Job
	50890  -  Total Bytes Sent By Job
	19004  -  Total Bytes Received By Job
	Partitionable Resources :      Usage  Request Allocated 
	   Cpus                 :       0.00        1         1 
	   Disk (KB)            : 2758946          20    239810 
	   Memory (MB)          :      66        2000      2000 

	Job terminated of its own accord at 2021-06-04T11:09:47Z.
...
000 (123674.000.000) 06/08 10:47:29 Job submitted from host: <188.185.121.235:9618?addrs=188.185.121.235-9618+[2001-1458-d00-49--100-36e]-9618&alias=bigbird22.cern.ch&noUDP&sock=schedd_38044_991d>
...
040 (123674.000.000) 06/08 11:19:23 Entered queue to transfer input files
	Transferring to host: <188.184.192.159:9618?addrs=188.184.192.159-9618+[2001-1458-301-83--100-2a1]-9618&alias=b7g44n9713.cern.ch&noUDP&sock=slot1_1_3835_dab5_33676>
...
040 (123674.000.000) 06/08 11:53:58 Started transferring input files
	Seconds spent in queue: 2075
...
040 (123674.000.000) 06/08 11:53:58 Finished transferring input files
...
001 (123674.000.000) 06/08 11:53:58 Job executing on host: <188.184.192.159:9618?addrs=188.184.192.159-9618+[2001-1458-301-83--100-2a1]-9618&alias=b7g44n9713.cern.ch&noUDP&sock=startd_3237_e427>
...
006 (123674.000.000) 06/08 11:54:06 Image size of job updated: 256264
	2  -  MemoryUsage of job (MB)
	1744  -  ResidentSetSize of job (KB)
...
006 (123674.000.000) 06/08 11:59:06 Image size of job updated: 791456
	39  -  MemoryUsage of job (MB)
	39640  -  ResidentSetSize of job (KB)
...
006 (123674.000.000) 06/08 12:04:07 Image size of job updated: 791456
	63  -  MemoryUsage of job (MB)
	63628  -  ResidentSetSize of job (KB)
...
006 (123674.000.000) 06/08 12:09:08 Image size of job updated: 791456
	67  -  MemoryUsage of job (MB)
	67768  -  ResidentSetSize of job (KB)
...
006 (123674.000.000) 06/08 15:39:29 Image size of job updated: 791456
	91  -  MemoryUsage of job (MB)
	92948  -  ResidentSetSize of job (KB)
...
040 (123674.000.000) 06/08 15:39:30 Started transferring output files
	Seconds spent in queue: 15607
...
040 (123674.000.000) 06/08 15:39:30 Finished transferring output files
...
005 (123674.000.000) 06/08 15:39:30 Job terminated.
	(1) Normal termination (return value 0)
		Usr 0 00:01:38, Sys 0 00:00:26  -  Run Remote Usage
		Usr 0 00:00:00, Sys 0 00:00:00  -  Run Local Usage
		Usr 0 00:01:38, Sys 0 00:00:26  -  Total Remote Usage
		Usr 0 00:00:00, Sys 0 00:00:00  -  Total Local Usage
	50900  -  Run Bytes Sent By Job
	19004  -  Run Bytes Received By Job
	50900  -  Total Bytes Sent By Job
	19004  -  Total Bytes Received By Job
	Partitionable Resources :      Usage  Request Allocated 
	   Cpus                 :       0.00        1         1 
	   Disk (KB)            : 2758946          20    169770 
	   Memory (MB)          :      91        2000      2000 

	Job terminated of its own accord at 2021-06-08T13:39:29Z.
...
