000 (108635.000.000) 06/02 16:34:38 Job submitted from host: <188.185.121.235:9618?addrs=188.185.121.235-9618+[2001-1458-d00-49--100-36e]-9618&alias=bigbird22.cern.ch&noUDP&sock=schedd_38044_991d>
...
040 (108635.000.000) 06/02 16:41:39 Started transferring input files
	Transferring to host: <188.184.168.218:9618?addrs=188.184.168.218-9618+[2001-1458-301-c0--100-150]-9618&alias=b7g52n8346.cern.ch&noUDP&sock=slot1_6_23654_21fb_42088>
...
040 (108635.000.000) 06/02 16:41:39 Finished transferring input files
...
001 (108635.000.000) 06/02 16:41:39 Job executing on host: <188.184.168.218:9618?addrs=188.184.168.218-9618+[2001-1458-301-c0--100-150]-9618&alias=b7g52n8346.cern.ch&noUDP&sock=startd_5345_cdcc>
...
006 (108635.000.000) 06/02 16:41:48 Image size of job updated: 790824
	66  -  MemoryUsage of job (MB)
	67504  -  ResidentSetSize of job (KB)
...
040 (108635.000.000) 06/02 16:42:23 Started transferring output files
...
040 (108635.000.000) 06/02 16:42:23 Finished transferring output files
...
005 (108635.000.000) 06/02 16:42:23 Job terminated.
	(1) Normal termination (return value 0)
		Usr 0 00:00:11, Sys 0 00:00:04  -  Run Remote Usage
		Usr 0 00:00:00, Sys 0 00:00:00  -  Run Local Usage
		Usr 0 00:00:11, Sys 0 00:00:04  -  Total Remote Usage
		Usr 0 00:00:00, Sys 0 00:00:00  -  Total Local Usage
	18947  -  Run Bytes Sent By Job
	19195  -  Run Bytes Received By Job
	18947  -  Total Bytes Sent By Job
	19195  -  Total Bytes Received By Job
	Partitionable Resources :    Usage  Request Allocated 
	   Cpus                 :                 1         1 
	   Disk (KB)            :   743553       20    249246 
	   Memory (MB)          :       66     2000      2000 

	Job terminated of its own accord at 2021-06-02T14:42:23Z.
...
