000 (108417.000.000) 06/02 16:29:13 Job submitted from host: <188.185.121.235:9618?addrs=188.185.121.235-9618+[2001-1458-d00-49--100-36e]-9618&alias=bigbird22.cern.ch&noUDP&sock=schedd_38044_991d>
...
040 (108417.000.000) 06/02 16:29:48 Started transferring input files
	Transferring to host: <188.184.168.140:9618?addrs=188.184.168.140-9618+[2001-1458-301-c0--100-4d3]-9618&alias=b7g52n4738.cern.ch&noUDP&sock=slot1_5_5938_9bab_88451>
...
040 (108417.000.000) 06/02 16:29:49 Finished transferring input files
...
001 (108417.000.000) 06/02 16:29:49 Job executing on host: <188.184.168.140:9618?addrs=188.184.168.140-9618+[2001-1458-301-c0--100-4d3]-9618&alias=b7g52n4738.cern.ch&noUDP&sock=startd_17230_ece3>
...
006 (108417.000.000) 06/02 16:29:57 Image size of job updated: 41256
	41  -  MemoryUsage of job (MB)
	41256  -  ResidentSetSize of job (KB)
...
006 (108417.000.000) 06/02 16:31:36 Image size of job updated: 790804
	41  -  MemoryUsage of job (MB)
	41280  -  ResidentSetSize of job (KB)
...
040 (108417.000.000) 06/02 16:31:36 Started transferring output files
...
040 (108417.000.000) 06/02 16:31:36 Finished transferring output files
...
005 (108417.000.000) 06/02 16:31:36 Job terminated.
	(1) Normal termination (return value 0)
		Usr 0 00:00:10, Sys 0 00:00:03  -  Run Remote Usage
		Usr 0 00:00:00, Sys 0 00:00:00  -  Run Local Usage
		Usr 0 00:00:10, Sys 0 00:00:03  -  Total Remote Usage
		Usr 0 00:00:00, Sys 0 00:00:00  -  Total Local Usage
	25254  -  Run Bytes Sent By Job
	19195  -  Run Bytes Received By Job
	25254  -  Total Bytes Sent By Job
	19195  -  Total Bytes Received By Job
	Partitionable Resources :     Usage  Request Allocated 
	   Cpus                 :      0.05        1         1 
	   Disk (KB)            : 743622          20    124739 
	   Memory (MB)          :     41        2000      2000 

	Job terminated of its own accord at 2021-06-02T14:31:36Z.
...
