000 (109169.000.000) 06/02 16:46:48 Job submitted from host: <188.185.121.235:9618?addrs=188.185.121.235-9618+[2001-1458-d00-49--100-36e]-9618&alias=bigbird22.cern.ch&noUDP&sock=schedd_38044_991d>
...
040 (109169.000.000) 06/02 17:30:05 Started transferring input files
	Transferring to host: <128.142.75.180:9618?addrs=128.142.75.180-9618+[2001-1458-301-75--100-12b]-9618&alias=b7s11n6194.cern.ch&noUDP&sock=slot1_9_30204_3345_42532>
...
001 (109169.000.000) 06/02 17:30:05 Job executing on host: <128.142.75.180:9618?addrs=128.142.75.180-9618+[2001-1458-301-75--100-12b]-9618&alias=b7s11n6194.cern.ch&noUDP&sock=startd_4552_df32>
...
040 (109169.000.000) 06/02 17:30:05 Finished transferring input files
...
006 (109169.000.000) 06/02 17:30:13 Image size of job updated: 790796
	66  -  MemoryUsage of job (MB)
	67504  -  ResidentSetSize of job (KB)
...
040 (109169.000.000) 06/02 17:32:33 Started transferring output files
...
040 (109169.000.000) 06/02 17:32:33 Finished transferring output files
...
005 (109169.000.000) 06/02 17:32:33 Job terminated.
	(1) Normal termination (return value 0)
		Usr 0 00:00:35, Sys 0 00:00:09  -  Run Remote Usage
		Usr 0 00:00:00, Sys 0 00:00:00  -  Run Local Usage
		Usr 0 00:00:35, Sys 0 00:00:09  -  Total Remote Usage
		Usr 0 00:00:00, Sys 0 00:00:00  -  Total Local Usage
	30900  -  Run Bytes Sent By Job
	19195  -  Run Bytes Received By Job
	30900  -  Total Bytes Sent By Job
	19195  -  Total Bytes Received By Job
	Partitionable Resources :    Usage  Request Allocated 
	   Cpus                 :                 1         1 
	   Disk (KB)            :  1952605       20    273038 
	   Memory (MB)          :       66     2000      2000 

	Job terminated of its own accord at 2021-06-02T15:32:33Z.
...
