000 (147303.000.000) 06/16 08:25:08 Job submitted from host: <188.185.121.235:9618?addrs=188.185.121.235-9618+[2001-1458-d00-49--100-36e]-9618&alias=bigbird22.cern.ch&noUDP&sock=schedd_38044_991d>
...
040 (147303.000.000) 06/16 08:48:02 Started transferring input files
	Transferring to host: <128.142.85.1:9618?addrs=128.142.85.1-9618+[2001-1458-301-f6--100-13b]-9618&alias=b7s14n6965.cern.ch&noUDP&sock=slot1_14_4355_3dca_56491>
...
040 (147303.000.000) 06/16 08:48:02 Finished transferring input files
...
001 (147303.000.000) 06/16 08:48:02 Job executing on host: <128.142.85.1:9618?addrs=128.142.85.1-9618+[2001-1458-301-f6--100-13b]-9618&alias=b7s14n6965.cern.ch&noUDP&sock=startd_3405_2011>
...
006 (147303.000.000) 06/16 08:48:10 Image size of job updated: 625444
	7  -  MemoryUsage of job (MB)
	6528  -  ResidentSetSize of job (KB)
...
006 (147303.000.000) 06/16 08:53:10 Image size of job updated: 791452
	67  -  MemoryUsage of job (MB)
	67776  -  ResidentSetSize of job (KB)
...
040 (147303.000.000) 06/16 08:59:07 Started transferring output files
...
040 (147303.000.000) 06/16 08:59:07 Finished transferring output files
...
005 (147303.000.000) 06/16 08:59:07 Job terminated.
	(1) Normal termination (return value 0)
		Usr 0 00:00:07, Sys 0 00:00:02  -  Run Remote Usage
		Usr 0 00:00:00, Sys 0 00:00:00  -  Run Local Usage
		Usr 0 00:00:07, Sys 0 00:00:02  -  Total Remote Usage
		Usr 0 00:00:00, Sys 0 00:00:00  -  Total Local Usage
	22630  -  Run Bytes Sent By Job
	19004  -  Run Bytes Received By Job
	22630  -  Total Bytes Sent By Job
	19004  -  Total Bytes Received By Job
	Partitionable Resources :     Usage  Request Allocated 
	   Cpus                 :      0.00        1         1 
	   Disk (KB)            : 466079          20    274253 
	   Memory (MB)          :     67        2000      2000 

	Job terminated of its own accord at 2021-06-16T06:59:07Z.
...
