000 (108835.000.000) 06/02 16:39:06 Job submitted from host: <188.185.121.235:9618?addrs=188.185.121.235-9618+[2001-1458-d00-49--100-36e]-9618&alias=bigbird22.cern.ch&noUDP&sock=schedd_38044_991d>
...
040 (108835.000.000) 06/02 16:56:15 Started transferring input files
	Transferring to host: <188.184.168.58:9618?addrs=188.184.168.58-9618+[2001-1458-301-c0--100-24a]-9618&alias=b7g52n7703.cern.ch&noUDP&sock=slot1_13_6003_680d_29059>
...
040 (108835.000.000) 06/02 16:56:15 Finished transferring input files
...
001 (108835.000.000) 06/02 16:56:15 Job executing on host: <188.184.168.58:9618?addrs=188.184.168.58-9618+[2001-1458-301-c0--100-24a]-9618&alias=b7g52n7703.cern.ch&noUDP&sock=startd_4701_12ce>
...
006 (108835.000.000) 06/02 16:56:24 Image size of job updated: 624804
	32  -  MemoryUsage of job (MB)
	32520  -  ResidentSetSize of job (KB)
...
006 (108835.000.000) 06/02 17:01:25 Image size of job updated: 790808
	66  -  MemoryUsage of job (MB)
	67500  -  ResidentSetSize of job (KB)
...
040 (108835.000.000) 06/02 17:14:06 Started transferring output files
...
040 (108835.000.000) 06/02 17:14:06 Finished transferring output files
...
005 (108835.000.000) 06/02 17:14:07 Job terminated.
	(1) Normal termination (return value 0)
		Usr 0 00:01:46, Sys 0 00:00:21  -  Run Remote Usage
		Usr 0 00:00:00, Sys 0 00:00:00  -  Run Local Usage
		Usr 0 00:01:46, Sys 0 00:00:21  -  Total Remote Usage
		Usr 0 00:00:00, Sys 0 00:00:00  -  Total Local Usage
	273728  -  Run Bytes Sent By Job
	19195  -  Run Bytes Received By Job
	273728  -  Total Bytes Sent By Job
	19195  -  Total Bytes Received By Job
	Partitionable Resources :      Usage  Request Allocated 
	   Cpus                 :       0.05        1         1 
	   Disk (KB)            : 4242278          20    269492 
	   Memory (MB)          :      66        2000      2000 

	Job terminated of its own accord at 2021-06-02T15:14:05Z.
...
