000 (108861.000.000) 06/02 16:39:36 Job submitted from host: <188.185.121.235:9618?addrs=188.185.121.235-9618+[2001-1458-d00-49--100-36e]-9618&alias=bigbird22.cern.ch&noUDP&sock=schedd_38044_991d>
...
040 (108861.000.000) 06/02 16:57:28 Started transferring input files
	Transferring to host: <188.184.254.28:9618?addrs=188.184.254.28-9618+[2001-1458-301-8--100-29]-9618&alias=b7g42n0060.cern.ch&noUDP&sock=slot1_4_5020_cb45_33111>
...
040 (108861.000.000) 06/02 16:57:28 Finished transferring input files
...
001 (108861.000.000) 06/02 16:57:28 Job executing on host: <188.184.254.28:9618?addrs=188.184.254.28-9618+[2001-1458-301-8--100-29]-9618&alias=b7g42n0060.cern.ch&noUDP&sock=startd_3926_7ce8>
...
006 (108861.000.000) 06/02 16:57:37 Image size of job updated: 624804
	35  -  MemoryUsage of job (MB)
	35560  -  ResidentSetSize of job (KB)
...
006 (108861.000.000) 06/02 17:02:38 Image size of job updated: 790824
	66  -  MemoryUsage of job (MB)
	67504  -  ResidentSetSize of job (KB)
...
040 (108861.000.000) 06/02 18:31:31 Started transferring output files
...
040 (108861.000.000) 06/02 18:31:31 Finished transferring output files
...
005 (108861.000.000) 06/02 18:31:31 Job terminated.
	(1) Normal termination (return value 0)
		Usr 0 00:03:02, Sys 0 00:00:32  -  Run Remote Usage
		Usr 0 00:00:00, Sys 0 00:00:00  -  Run Local Usage
		Usr 0 00:03:02, Sys 0 00:00:32  -  Total Remote Usage
		Usr 0 00:00:00, Sys 0 00:00:00  -  Total Local Usage
	67168  -  Run Bytes Sent By Job
	19195  -  Run Bytes Received By Job
	67168  -  Total Bytes Sent By Job
	19195  -  Total Bytes Received By Job
	Partitionable Resources :      Usage  Request Allocated 
	   Cpus                 :       0.01        1         1 
	   Disk (KB)            : 4242492          20    311572 
	   Memory (MB)          :      66        2000      2000 

	Job terminated of its own accord at 2021-06-02T16:31:31Z.
...
