000 (108840.000.000) 06/02 16:39:10 Job submitted from host: <188.185.121.235:9618?addrs=188.185.121.235-9618+[2001-1458-d00-49--100-36e]-9618&alias=bigbird22.cern.ch&noUDP&sock=schedd_38044_991d>
...
040 (108840.000.000) 06/02 16:57:21 Started transferring input files
	Transferring to host: <188.184.254.4:9618?addrs=188.184.254.4-9618+[2001-1458-301-8--100-2]-9618&alias=b7g42n0007.cern.ch&noUDP&sock=slot1_7_3921_72f9_103658>
...
001 (108840.000.000) 06/02 16:57:21 Job executing on host: <188.184.254.4:9618?addrs=188.184.254.4-9618+[2001-1458-301-8--100-2]-9618&alias=b7g42n0007.cern.ch&noUDP&sock=startd_1975_43a2>
...
040 (108840.000.000) 06/02 16:57:21 Finished transferring input files
...
006 (108840.000.000) 06/02 16:57:30 Image size of job updated: 624804
	42  -  MemoryUsage of job (MB)
	42488  -  ResidentSetSize of job (KB)
...
006 (108840.000.000) 06/02 17:02:31 Image size of job updated: 790796
	89  -  MemoryUsage of job (MB)
	91016  -  ResidentSetSize of job (KB)
...
040 (108840.000.000) 06/02 17:05:36 Started transferring output files
...
040 (108840.000.000) 06/02 17:05:36 Finished transferring output files
...
005 (108840.000.000) 06/02 17:05:37 Job terminated.
	(1) Normal termination (return value 0)
		Usr 0 00:02:53, Sys 0 00:00:27  -  Run Remote Usage
		Usr 0 00:00:00, Sys 0 00:00:00  -  Run Local Usage
		Usr 0 00:02:53, Sys 0 00:00:27  -  Total Remote Usage
		Usr 0 00:00:00, Sys 0 00:00:00  -  Total Local Usage
	46532  -  Run Bytes Sent By Job
	19195  -  Run Bytes Received By Job
	46532  -  Total Bytes Sent By Job
	19195  -  Total Bytes Received By Job
	Partitionable Resources :      Usage  Request Allocated 
	   Cpus                 :       0.02        1         1 
	   Disk (KB)            : 4242321          20    280402 
	   Memory (MB)          :      89        2000      2000 

	Job terminated of its own accord at 2021-06-02T15:05:36Z.
...
