000 (111527.000.000) 06/03 12:33:49 Job submitted from host: <188.185.121.235:9618?addrs=188.185.121.235-9618+[2001-1458-d00-49--100-36e]-9618&alias=bigbird22.cern.ch&noUDP&sock=schedd_38044_991d>
...
040 (111527.000.000) 06/03 12:43:52 Started transferring input files
	Transferring to host: <188.184.196.150:9618?addrs=188.184.196.150-9618+[2001-1458-301-102--100-a1]-9618&alias=b7g24n0293.cern.ch&noUDP&sock=slot1_11_16932_e02a_83653>
...
040 (111527.000.000) 06/03 12:43:52 Finished transferring input files
...
001 (111527.000.000) 06/03 12:43:52 Job executing on host: <188.184.196.150:9618?addrs=188.184.196.150-9618+[2001-1458-301-102--100-a1]-9618&alias=b7g24n0293.cern.ch&noUDP&sock=startd_5701_fd83>
...
006 (111527.000.000) 06/03 12:44:01 Image size of job updated: 39084
	37  -  MemoryUsage of job (MB)
	37044  -  ResidentSetSize of job (KB)
...
006 (111527.000.000) 06/03 12:45:35 Image size of job updated: 790796
	37  -  MemoryUsage of job (MB)
	37052  -  ResidentSetSize of job (KB)
...
040 (111527.000.000) 06/03 12:45:35 Started transferring output files
...
040 (111527.000.000) 06/03 12:45:36 Finished transferring output files
...
005 (111527.000.000) 06/03 12:45:36 Job terminated.
	(1) Normal termination (return value 0)
		Usr 0 00:00:15, Sys 0 00:00:04  -  Run Remote Usage
		Usr 0 00:00:00, Sys 0 00:00:00  -  Run Local Usage
		Usr 0 00:00:15, Sys 0 00:00:04  -  Total Remote Usage
		Usr 0 00:00:00, Sys 0 00:00:00  -  Total Local Usage
	27249  -  Run Bytes Sent By Job
	19004  -  Run Bytes Received By Job
	27249  -  Total Bytes Sent By Job
	19004  -  Total Bytes Received By Job
	Partitionable Resources :    Usage  Request Allocated 
	   Cpus                 :                 1         1 
	   Disk (KB)            :   743537       20    279129 
	   Memory (MB)          :       37     2000      2000 

	Job terminated of its own accord at 2021-06-03T10:45:35Z.
...
000 (115125.000.000) 06/04 08:46:28 Job submitted from host: <188.185.121.235:9618?addrs=188.185.121.235-9618+[2001-1458-d00-49--100-36e]-9618&alias=bigbird22.cern.ch&noUDP&sock=schedd_38044_991d>
...
040 (115125.000.000) 06/04 08:53:37 Started transferring input files
	Transferring to host: <188.184.190.180:9618?addrs=188.184.190.180-9618+[2001-1458-301-4b--100-af]-9618&alias=b7g42n0362.cern.ch&noUDP&sock=slot1_8_26924_24c0_82043>
...
040 (115125.000.000) 06/04 08:53:37 Finished transferring input files
...
001 (115125.000.000) 06/04 08:53:37 Job executing on host: <188.184.190.180:9618?addrs=188.184.190.180-9618+[2001-1458-301-4b--100-af]-9618&alias=b7g42n0362.cern.ch&noUDP&sock=startd_1991_3d26>
...
006 (115125.000.000) 06/04 08:53:45 Image size of job updated: 790824
	66  -  MemoryUsage of job (MB)
	67500  -  ResidentSetSize of job (KB)
...
040 (115125.000.000) 06/04 08:54:21 Started transferring output files
...
040 (115125.000.000) 06/04 08:54:21 Finished transferring output files
...
005 (115125.000.000) 06/04 08:54:22 Job terminated.
	(1) Normal termination (return value 0)
		Usr 0 00:00:13, Sys 0 00:00:02  -  Run Remote Usage
		Usr 0 00:00:00, Sys 0 00:00:00  -  Run Local Usage
		Usr 0 00:00:13, Sys 0 00:00:02  -  Total Remote Usage
		Usr 0 00:00:00, Sys 0 00:00:00  -  Total Local Usage
	21718  -  Run Bytes Sent By Job
	19004  -  Run Bytes Received By Job
	21718  -  Total Bytes Sent By Job
	19004  -  Total Bytes Received By Job
	Partitionable Resources :    Usage  Request Allocated 
	   Cpus                 :                 1         1 
	   Disk (KB)            :   540903       20    300355 
	   Memory (MB)          :       66     2000      2000 

	Job terminated of its own accord at 2021-06-04T06:54:21Z.
...
000 (122470.000.000) 06/08 10:24:59 Job submitted from host: <188.185.121.235:9618?addrs=188.185.121.235-9618+[2001-1458-d00-49--100-36e]-9618&alias=bigbird22.cern.ch&noUDP&sock=schedd_38044_991d>
...
040 (122470.000.000) 06/08 10:32:24 Started transferring input files
	Transferring to host: <188.184.139.60:9618?addrs=188.184.139.60-9618+[2001-1458-301-45--100-133]-9618&alias=b7g42n0582.cern.ch&noUDP&sock=slot1_12_19674_dcd9_92102>
...
001 (122470.000.000) 06/08 10:32:24 Job executing on host: <188.184.139.60:9618?addrs=188.184.139.60-9618+[2001-1458-301-45--100-133]-9618&alias=b7g42n0582.cern.ch&noUDP&sock=startd_5694_3059>
...
040 (122470.000.000) 06/08 10:32:24 Finished transferring input files
...
006 (122470.000.000) 06/08 10:32:33 Image size of job updated: 625444
	13  -  MemoryUsage of job (MB)
	12728  -  ResidentSetSize of job (KB)
...
006 (122470.000.000) 06/08 10:34:24 Image size of job updated: 791456
	13  -  MemoryUsage of job (MB)
	12740  -  ResidentSetSize of job (KB)
...
040 (122470.000.000) 06/08 10:34:30 Entered queue to transfer output files
...
040 (122470.000.000) 06/08 10:35:22 Started transferring output files
...
040 (122470.000.000) 06/08 10:35:34 Finished transferring output files
...
005 (122470.000.000) 06/08 10:35:46 Job terminated.
	(1) Normal termination (return value 0)
		Usr 0 00:00:12, Sys 0 00:00:02  -  Run Remote Usage
		Usr 0 00:00:00, Sys 0 00:00:00  -  Run Local Usage
		Usr 0 00:00:12, Sys 0 00:00:02  -  Total Remote Usage
		Usr 0 00:00:00, Sys 0 00:00:00  -  Total Local Usage
	24662  -  Run Bytes Sent By Job
	19004  -  Run Bytes Received By Job
	24662  -  Total Bytes Sent By Job
	19004  -  Total Bytes Received By Job
	Partitionable Resources :    Usage  Request Allocated 
	   Cpus                 :                 1         1 
	   Disk (KB)            :   540907       20    260550 
	   Memory (MB)          :       13     2000      2000 

	Job terminated of its own accord at 2021-06-08T08:34:24Z.
...
