000 (147177.000.000) 06/16 08:22:53 Job submitted from host: <188.185.121.235:9618?addrs=188.185.121.235-9618+[2001-1458-d00-49--100-36e]-9618&alias=bigbird22.cern.ch&noUDP&sock=schedd_38044_991d>
...
040 (147177.000.000) 06/16 08:47:16 Started transferring input files
	Transferring to host: <128.142.82.127:9618?addrs=128.142.82.127-9618+[2001-1458-301-f5--100-684]-9618&alias=b7s13n7111.cern.ch&noUDP&sock=slot1_13_21141_7f35_95897>
...
001 (147177.000.000) 06/16 08:47:16 Job executing on host: <128.142.82.127:9618?addrs=128.142.82.127-9618+[2001-1458-301-f5--100-684]-9618&alias=b7s13n7111.cern.ch&noUDP&sock=startd_16565_ca68>
...
040 (147177.000.000) 06/16 08:47:16 Finished transferring input files
...
006 (147177.000.000) 06/16 08:47:25 Image size of job updated: 774992
	27  -  MemoryUsage of job (MB)
	27012  -  ResidentSetSize of job (KB)
...
006 (147177.000.000) 06/16 08:49:25 Image size of job updated: 791448
	27  -  MemoryUsage of job (MB)
	27012  -  ResidentSetSize of job (KB)
...
040 (147177.000.000) 06/16 08:49:25 Started transferring output files
...
040 (147177.000.000) 06/16 08:49:25 Finished transferring output files
...
005 (147177.000.000) 06/16 08:49:25 Job terminated.
	(1) Normal termination (return value 0)
		Usr 0 00:00:07, Sys 0 00:00:02  -  Run Remote Usage
		Usr 0 00:00:00, Sys 0 00:00:00  -  Run Local Usage
		Usr 0 00:00:07, Sys 0 00:00:02  -  Total Remote Usage
		Usr 0 00:00:00, Sys 0 00:00:00  -  Total Local Usage
	24625  -  Run Bytes Sent By Job
	19004  -  Run Bytes Received By Job
	24625  -  Total Bytes Sent By Job
	19004  -  Total Bytes Received By Job
	Partitionable Resources :    Usage  Request Allocated 
	   Cpus                 :                 1         1 
	   Disk (KB)            :   466078       20    284123 
	   Memory (MB)          :       27     2000      2000 

	Job terminated of its own accord at 2021-06-16T06:49:25Z.
...
