000 (148470.000.000) 06/16 08:49:23 Job submitted from host: <188.185.121.235:9618?addrs=188.185.121.235-9618+[2001-1458-d00-49--100-36e]-9618&alias=bigbird22.cern.ch&noUDP&sock=schedd_38044_991d>
...
040 (148470.000.000) 06/16 09:32:20 Started transferring input files
	Transferring to host: <128.142.161.96:9618?addrs=128.142.161.96-9618&alias=b7g03p5751.cern.ch&noUDP&sock=slot1_23_3875_09b7_54838>
...
040 (148470.000.000) 06/16 09:32:20 Finished transferring input files
...
001 (148470.000.000) 06/16 09:32:20 Job executing on host: <128.142.161.96:9618?addrs=128.142.161.96-9618&alias=b7g03p5751.cern.ch&noUDP&sock=startd_3085_a1c2>
...
006 (148470.000.000) 06/16 09:32:28 Image size of job updated: 396048
	6  -  MemoryUsage of job (MB)
	5744  -  ResidentSetSize of job (KB)
...
006 (148470.000.000) 06/16 09:37:28 Image size of job updated: 791452
	40  -  MemoryUsage of job (MB)
	40540  -  ResidentSetSize of job (KB)
...
006 (148470.000.000) 06/16 09:42:29 Image size of job updated: 791452
	67  -  MemoryUsage of job (MB)
	67768  -  ResidentSetSize of job (KB)
...
040 (148470.000.000) 06/16 12:14:18 Started transferring output files
...
040 (148470.000.000) 06/16 12:14:18 Finished transferring output files
...
005 (148470.000.000) 06/16 12:14:18 Job terminated.
	(1) Normal termination (return value 0)
		Usr 0 00:01:07, Sys 0 00:00:18  -  Run Remote Usage
		Usr 0 00:00:00, Sys 0 00:00:00  -  Run Local Usage
		Usr 0 00:01:07, Sys 0 00:00:18  -  Total Remote Usage
		Usr 0 00:00:00, Sys 0 00:00:00  -  Total Local Usage
	46408  -  Run Bytes Sent By Job
	19004  -  Run Bytes Received By Job
	46408  -  Total Bytes Sent By Job
	19004  -  Total Bytes Received By Job
	Partitionable Resources :      Usage  Request Allocated 
	   Cpus                 :       0.00        1         1 
	   Disk (KB)            : 2368239          20   1279574 
	   Memory (MB)          :      67        2000      2000 

	Job terminated of its own accord at 2021-06-16T10:14:18Z.
...
