000 (148625.000.000) 06/16 08:53:15 Job submitted from host: <188.185.121.235:9618?addrs=188.185.121.235-9618+[2001-1458-d00-49--100-36e]-9618&alias=bigbird22.cern.ch&noUDP&sock=schedd_38044_991d>
...
040 (148625.000.000) 06/16 09:50:01 Started transferring input files
	Transferring to host: <188.184.213.44:9618?addrs=188.184.213.44-9618+[2001-1458-301-10c--100-122]-9618&alias=b7g24n0556.cern.ch&noUDP&sock=slot1_10_3697_9eef_99522>
...
040 (148625.000.000) 06/16 09:50:01 Finished transferring input files
...
001 (148625.000.000) 06/16 09:50:01 Job executing on host: <188.184.213.44:9618?addrs=188.184.213.44-9618+[2001-1458-301-10c--100-122]-9618&alias=b7g24n0556.cern.ch&noUDP&sock=startd_20232_0c32>
...
006 (148625.000.000) 06/16 09:50:09 Image size of job updated: 625444
	9  -  MemoryUsage of job (MB)
	8340  -  ResidentSetSize of job (KB)
...
006 (148625.000.000) 06/16 09:55:09 Image size of job updated: 791456
	67  -  MemoryUsage of job (MB)
	67764  -  ResidentSetSize of job (KB)
...
040 (148625.000.000) 06/16 10:18:59 Started transferring output files
...
040 (148625.000.000) 06/16 10:18:59 Finished transferring output files
...
005 (148625.000.000) 06/16 10:19:00 Job terminated.
	(1) Normal termination (return value 0)
		Usr 0 00:01:00, Sys 0 00:00:13  -  Run Remote Usage
		Usr 0 00:00:00, Sys 0 00:00:00  -  Run Local Usage
		Usr 0 00:01:00, Sys 0 00:00:13  -  Total Remote Usage
		Usr 0 00:00:00, Sys 0 00:00:00  -  Total Local Usage
	46723  -  Run Bytes Sent By Job
	19004  -  Run Bytes Received By Job
	46723  -  Total Bytes Sent By Job
	19004  -  Total Bytes Received By Job
	Partitionable Resources :      Usage  Request Allocated 
	   Cpus                 :       0.01        1         1 
	   Disk (KB)            : 2368063          20    289788 
	   Memory (MB)          :      67        2000      2000 

	Job terminated of its own accord at 2021-06-16T08:18:59Z.
...
