000 (146886.000.000) 06/16 08:16:51 Job submitted from host: <188.185.121.235:9618?addrs=188.185.121.235-9618+[2001-1458-d00-49--100-36e]-9618&alias=bigbird22.cern.ch&noUDP&sock=schedd_38044_991d>
...
040 (146886.000.000) 06/16 08:43:04 Started transferring input files
	Transferring to host: <128.142.87.10:9618?addrs=128.142.87.10-9618+[2001-1458-301-f6--100-283]-9618&alias=b7s14n1449.cern.ch&noUDP&sock=slot1_14_2553_91c1_4284>
...
001 (146886.000.000) 06/16 08:43:05 Job executing on host: <128.142.87.10:9618?addrs=128.142.87.10-9618+[2001-1458-301-f6--100-283]-9618&alias=b7s14n1449.cern.ch&noUDP&sock=startd_2329_1429>
...
040 (146886.000.000) 06/16 08:43:05 Finished transferring input files
...
006 (146886.000.000) 06/16 08:43:14 Image size of job updated: 791444
	67  -  MemoryUsage of job (MB)
	67784  -  ResidentSetSize of job (KB)
...
040 (146886.000.000) 06/16 08:43:24 Started transferring output files
...
040 (146886.000.000) 06/16 08:43:24 Finished transferring output files
...
005 (146886.000.000) 06/16 08:43:25 Job terminated.
	(1) Normal termination (return value 0)
		Usr 0 00:00:07, Sys 0 00:00:02  -  Run Remote Usage
		Usr 0 00:00:00, Sys 0 00:00:00  -  Run Local Usage
		Usr 0 00:00:07, Sys 0 00:00:02  -  Total Remote Usage
		Usr 0 00:00:00, Sys 0 00:00:00  -  Total Local Usage
	20745  -  Run Bytes Sent By Job
	19004  -  Run Bytes Received By Job
	20745  -  Total Bytes Sent By Job
	19004  -  Total Bytes Received By Job
	Partitionable Resources :    Usage  Request Allocated 
	   Cpus                 :                 1         1 
	   Disk (KB)            :   466082       20    285479 
	   Memory (MB)          :       67     2000      2000 

	Job terminated of its own accord at 2021-06-16T06:43:24Z.
...
