000 (109152.000.000) 06/02 16:46:21 Job submitted from host: <188.185.121.235:9618?addrs=188.185.121.235-9618+[2001-1458-d00-49--100-36e]-9618&alias=bigbird22.cern.ch&noUDP&sock=schedd_38044_991d>
...
040 (109152.000.000) 06/02 17:26:35 Started transferring input files
	Transferring to host: <188.184.212.63:9618?addrs=188.184.212.63-9618+[2001-1458-301-10c--100-38]-9618&alias=b7g24n0118.cern.ch&noUDP&sock=slot1_7_11541_6dae_81314>
...
040 (109152.000.000) 06/02 17:26:35 Finished transferring input files
...
001 (109152.000.000) 06/02 17:26:35 Job executing on host: <188.184.212.63:9618?addrs=188.184.212.63-9618+[2001-1458-301-10c--100-38]-9618&alias=b7g24n0118.cern.ch&noUDP&sock=startd_20310_8c95>
...
006 (109152.000.000) 06/02 17:26:44 Image size of job updated: 19048
	19  -  MemoryUsage of job (MB)
	19048  -  ResidentSetSize of job (KB)
...
006 (109152.000.000) 06/02 17:31:45 Image size of job updated: 790824
	66  -  MemoryUsage of job (MB)
	67504  -  ResidentSetSize of job (KB)
...
040 (109152.000.000) 06/02 18:26:35 Started transferring output files
...
040 (109152.000.000) 06/02 18:26:35 Finished transferring output files
...
005 (109152.000.000) 06/02 18:26:35 Job terminated.
	(1) Normal termination (return value 0)
		Usr 0 00:00:42, Sys 0 00:00:09  -  Run Remote Usage
		Usr 0 00:00:00, Sys 0 00:00:00  -  Run Local Usage
		Usr 0 00:00:42, Sys 0 00:00:09  -  Total Remote Usage
		Usr 0 00:00:00, Sys 0 00:00:00  -  Total Local Usage
	41642  -  Run Bytes Sent By Job
	19195  -  Run Bytes Received By Job
	41642  -  Total Bytes Sent By Job
	19195  -  Total Bytes Received By Job
	Partitionable Resources :      Usage  Request Allocated 
	   Cpus                 :       0.00        1         1 
	   Disk (KB)            : 1952539          20    283407 
	   Memory (MB)          :      66        2000      2000 

	Job terminated of its own accord at 2021-06-02T16:26:35Z.
...
