000 (109283.000.000) 06/02 16:49:30 Job submitted from host: <188.185.121.235:9618?addrs=188.185.121.235-9618+[2001-1458-d00-49--100-36e]-9618&alias=bigbird22.cern.ch&noUDP&sock=schedd_38044_991d>
...
040 (109283.000.000) 06/02 18:34:10 Started transferring input files
	Transferring to host: <188.184.254.28:9618?addrs=188.184.254.28-9618+[2001-1458-301-8--100-29]-9618&alias=b7g42n0060.cern.ch&noUDP&sock=slot1_4_5020_cb45_33165>
...
001 (109283.000.000) 06/02 18:34:10 Job executing on host: <188.184.254.28:9618?addrs=188.184.254.28-9618+[2001-1458-301-8--100-29]-9618&alias=b7g42n0060.cern.ch&noUDP&sock=startd_3926_7ce8>
...
040 (109283.000.000) 06/02 18:34:10 Finished transferring input files
...
006 (109283.000.000) 06/02 18:34:19 Image size of job updated: 42212
	42  -  MemoryUsage of job (MB)
	42212  -  ResidentSetSize of job (KB)
...
006 (109283.000.000) 06/02 18:37:03 Image size of job updated: 790796
	42  -  MemoryUsage of job (MB)
	43008  -  ResidentSetSize of job (KB)
...
040 (109283.000.000) 06/02 18:37:03 Started transferring output files
...
040 (109283.000.000) 06/02 18:37:03 Finished transferring output files
...
005 (109283.000.000) 06/02 18:37:04 Job terminated.
	(1) Normal termination (return value 0)
		Usr 0 00:00:59, Sys 0 00:00:09  -  Run Remote Usage
		Usr 0 00:00:00, Sys 0 00:00:00  -  Run Local Usage
		Usr 0 00:00:59, Sys 0 00:00:09  -  Total Remote Usage
		Usr 0 00:00:00, Sys 0 00:00:00  -  Total Local Usage
	30394  -  Run Bytes Sent By Job
	19195  -  Run Bytes Received By Job
	30394  -  Total Bytes Sent By Job
	19195  -  Total Bytes Received By Job
	Partitionable Resources :    Usage  Request Allocated 
	   Cpus                 :                 1         1 
	   Disk (KB)            :  1953220       20    312063 
	   Memory (MB)          :       42     2000      2000 

	Job terminated of its own accord at 2021-06-02T16:37:03Z.
...
