000 (148623.000.000) 06/16 08:53:13 Job submitted from host: <188.185.121.235:9618?addrs=188.185.121.235-9618+[2001-1458-d00-49--100-36e]-9618&alias=bigbird22.cern.ch&noUDP&sock=schedd_38044_991d>
...
040 (148623.000.000) 06/16 09:49:55 Started transferring input files
	Transferring to host: <128.142.75.107:9618?addrs=128.142.75.107-9618+[2001-1458-301-75--100-41b]-9618&alias=b7s11n3534.cern.ch&noUDP&sock=slot1_11_5950_102b_50025>
...
001 (148623.000.000) 06/16 09:49:55 Job executing on host: <128.142.75.107:9618?addrs=128.142.75.107-9618+[2001-1458-301-75--100-41b]-9618&alias=b7s11n3534.cern.ch&noUDP&sock=startd_4820_b293>
...
040 (148623.000.000) 06/16 09:49:55 Finished transferring input files
...
006 (148623.000.000) 06/16 09:50:03 Image size of job updated: 625444
	12  -  MemoryUsage of job (MB)
	12200  -  ResidentSetSize of job (KB)
...
006 (148623.000.000) 06/16 09:55:03 Image size of job updated: 791448
	67  -  MemoryUsage of job (MB)
	67772  -  ResidentSetSize of job (KB)
...
040 (148623.000.000) 06/16 10:16:50 Started transferring output files
...
040 (148623.000.000) 06/16 10:16:50 Finished transferring output files
...
005 (148623.000.000) 06/16 10:16:50 Job terminated.
	(1) Normal termination (return value 0)
		Usr 0 00:00:51, Sys 0 00:00:12  -  Run Remote Usage
		Usr 0 00:00:00, Sys 0 00:00:00  -  Run Local Usage
		Usr 0 00:00:51, Sys 0 00:00:12  -  Total Remote Usage
		Usr 0 00:00:00, Sys 0 00:00:00  -  Total Local Usage
	46750  -  Run Bytes Sent By Job
	19004  -  Run Bytes Received By Job
	46750  -  Total Bytes Sent By Job
	19004  -  Total Bytes Received By Job
	Partitionable Resources :      Usage  Request Allocated 
	   Cpus                 :       0.01        1         1 
	   Disk (KB)            : 2368063          20    205229 
	   Memory (MB)          :      67        2000      2000 

	Job terminated of its own accord at 2021-06-16T08:16:50Z.
...
