000 (108872.000.000) 06/02 16:39:53 Job submitted from host: <188.185.121.235:9618?addrs=188.185.121.235-9618+[2001-1458-d00-49--100-36e]-9618&alias=bigbird22.cern.ch&noUDP&sock=schedd_38044_991d>
...
040 (108872.000.000) 06/02 16:59:36 Started transferring input files
	Transferring to host: <188.184.168.9:9618?addrs=188.184.168.9-9618+[2001-1458-301-c0--100-34]-9618&alias=b7g52n1050.cern.ch&noUDP&sock=slot1_11_9474_0a3a_104446>
...
040 (108872.000.000) 06/02 16:59:36 Finished transferring input files
...
001 (108872.000.000) 06/02 16:59:36 Job executing on host: <188.184.168.9:9618?addrs=188.184.168.9-9618+[2001-1458-301-c0--100-34]-9618&alias=b7g52n1050.cern.ch&noUDP&sock=startd_15731_bc6c>
...
006 (108872.000.000) 06/02 16:59:44 Image size of job updated: 40616
	40  -  MemoryUsage of job (MB)
	40616  -  ResidentSetSize of job (KB)
...
006 (108872.000.000) 06/02 17:04:44 Image size of job updated: 790800
	62  -  MemoryUsage of job (MB)
	63036  -  ResidentSetSize of job (KB)
...
040 (108872.000.000) 06/02 17:07:21 Started transferring output files
...
040 (108872.000.000) 06/02 17:07:22 Finished transferring output files
...
005 (108872.000.000) 06/02 17:07:22 Job terminated.
	(1) Normal termination (return value 0)
		Usr 0 00:01:44, Sys 0 00:00:22  -  Run Remote Usage
		Usr 0 00:00:00, Sys 0 00:00:00  -  Run Local Usage
		Usr 0 00:01:44, Sys 0 00:00:22  -  Total Remote Usage
		Usr 0 00:00:00, Sys 0 00:00:00  -  Total Local Usage
	51822  -  Run Bytes Sent By Job
	19195  -  Run Bytes Received By Job
	51822  -  Total Bytes Sent By Job
	19195  -  Total Bytes Received By Job
	Partitionable Resources :    Usage  Request Allocated 
	   Cpus                 :                 1         1 
	   Disk (KB)            :  4241888       20    280192 
	   Memory (MB)          :       62     2000      2000 

	Job terminated of its own accord at 2021-06-02T15:07:21Z.
...
