000 (109223.000.000) 06/02 16:48:06 Job submitted from host: <188.185.121.235:9618?addrs=188.185.121.235-9618+[2001-1458-d00-49--100-36e]-9618&alias=bigbird22.cern.ch&noUDP&sock=schedd_38044_991d>
...
040 (109223.000.000) 06/02 18:23:42 Started transferring input files
	Transferring to host: <128.142.193.162:9618?addrs=128.142.193.162-9618+[2001-1458-301-cc--100-228]-9618&alias=b7g52n7301.cern.ch&noUDP&sock=slot1_3_5438_5016_28659>
...
001 (109223.000.000) 06/02 18:23:42 Job executing on host: <128.142.193.162:9618?addrs=128.142.193.162-9618+[2001-1458-301-cc--100-228]-9618&alias=b7g52n7301.cern.ch&noUDP&sock=startd_4251_6930>
...
040 (109223.000.000) 06/02 18:23:42 Finished transferring input files
...
006 (109223.000.000) 06/02 18:23:51 Image size of job updated: 790796
	59  -  MemoryUsage of job (MB)
	60008  -  ResidentSetSize of job (KB)
...
006 (109223.000.000) 06/02 18:26:32 Image size of job updated: 790796
	59  -  MemoryUsage of job (MB)
	60228  -  ResidentSetSize of job (KB)
...
040 (109223.000.000) 06/02 18:26:32 Started transferring output files
...
040 (109223.000.000) 06/02 18:26:32 Finished transferring output files
...
005 (109223.000.000) 06/02 18:26:32 Job terminated.
	(1) Normal termination (return value 0)
		Usr 0 00:00:50, Sys 0 00:00:08  -  Run Remote Usage
		Usr 0 00:00:00, Sys 0 00:00:00  -  Run Local Usage
		Usr 0 00:00:50, Sys 0 00:00:08  -  Total Remote Usage
		Usr 0 00:00:00, Sys 0 00:00:00  -  Total Local Usage
	31260  -  Run Bytes Sent By Job
	19195  -  Run Bytes Received By Job
	31260  -  Total Bytes Sent By Job
	19195  -  Total Bytes Received By Job
	Partitionable Resources :      Usage  Request Allocated 
	   Cpus                 :       0.10        1         1 
	   Disk (KB)            : 1952295          20    202997 
	   Memory (MB)          :      59        2000      2000 

	Job terminated of its own accord at 2021-06-02T16:26:32Z.
...
