000 (112710.000.000) 06/03 12:53:29 Job submitted from host: <188.185.121.235:9618?addrs=188.185.121.235-9618+[2001-1458-d00-49--100-36e]-9618&alias=bigbird22.cern.ch&noUDP&sock=schedd_38044_991d>
...
040 (112710.000.000) 06/03 13:17:27 Started transferring input files
	Transferring to host: <188.184.132.121:9618?addrs=188.184.132.121-9618+[2001-1458-301-a0--100-79]-9618&alias=b7g28n0568.cern.ch&noUDP&sock=slot1_4_4813_f19d_29386>
...
040 (112710.000.000) 06/03 13:17:27 Finished transferring input files
...
001 (112710.000.000) 06/03 13:17:27 Job executing on host: <188.184.132.121:9618?addrs=188.184.132.121-9618+[2001-1458-301-a0--100-79]-9618&alias=b7g28n0568.cern.ch&noUDP&sock=startd_3705_e67a>
...
006 (112710.000.000) 06/03 13:17:36 Image size of job updated: 395412
	29  -  MemoryUsage of job (MB)
	29436  -  ResidentSetSize of job (KB)
...
006 (112710.000.000) 06/03 13:22:37 Image size of job updated: 790824
	66  -  MemoryUsage of job (MB)
	67492  -  ResidentSetSize of job (KB)
...
006 (112710.000.000) 06/03 13:37:38 Image size of job updated: 790824
	88  -  MemoryUsage of job (MB)
	89692  -  ResidentSetSize of job (KB)
...
040 (112710.000.000) 06/03 13:38:05 Started transferring output files
...
040 (112710.000.000) 06/03 13:38:05 Finished transferring output files
...
005 (112710.000.000) 06/03 13:38:05 Job terminated.
	(1) Normal termination (return value 0)
		Usr 0 00:00:46, Sys 0 00:00:11  -  Run Remote Usage
		Usr 0 00:00:00, Sys 0 00:00:00  -  Run Local Usage
		Usr 0 00:00:46, Sys 0 00:00:11  -  Total Remote Usage
		Usr 0 00:00:00, Sys 0 00:00:00  -  Total Local Usage
	41779  -  Run Bytes Sent By Job
	19004  -  Run Bytes Received By Job
	41779  -  Total Bytes Sent By Job
	19004  -  Total Bytes Received By Job
	Partitionable Resources :      Usage  Request Allocated 
	   Cpus                 :       0.01        1         1 
	   Disk (KB)            : 1952700          20    218121 
	   Memory (MB)          :      88        2000      2000 

	Job terminated of its own accord at 2021-06-03T11:38:05Z.
...
000 (116324.000.000) 06/04 09:01:43 Job submitted from host: <188.185.121.235:9618?addrs=188.185.121.235-9618+[2001-1458-d00-49--100-36e]-9618&alias=bigbird22.cern.ch&noUDP&sock=schedd_38044_991d>
...
040 (116324.000.000) 06/04 09:12:14 Started transferring input files
	Transferring to host: <128.142.80.244:9618?addrs=128.142.80.244-9618+[2001-1458-301-f5--100-423]-9618&alias=b7s13n1677.cern.ch&noUDP&sock=slot1_3_4539_e2d2_29273>
...
040 (116324.000.000) 06/04 09:12:14 Finished transferring input files
...
001 (116324.000.000) 06/04 09:12:14 Job executing on host: <128.142.80.244:9618?addrs=128.142.80.244-9618+[2001-1458-301-f5--100-423]-9618&alias=b7s13n1677.cern.ch&noUDP&sock=startd_3305_8898>
...
006 (116324.000.000) 06/04 09:12:23 Image size of job updated: 624804
	9  -  MemoryUsage of job (MB)
	8576  -  ResidentSetSize of job (KB)
...
006 (116324.000.000) 06/04 09:17:24 Image size of job updated: 790824
	45  -  MemoryUsage of job (MB)
	45920  -  ResidentSetSize of job (KB)
...
006 (116324.000.000) 06/04 09:22:24 Image size of job updated: 790824
	66  -  MemoryUsage of job (MB)
	67500  -  ResidentSetSize of job (KB)
...
040 (116324.000.000) 06/04 13:11:45 Started transferring output files
...
040 (116324.000.000) 06/04 13:11:45 Finished transferring output files
...
005 (116324.000.000) 06/04 13:11:46 Job terminated.
	(1) Normal termination (return value 0)
		Usr 0 00:00:54, Sys 0 00:00:17  -  Run Remote Usage
		Usr 0 00:00:00, Sys 0 00:00:00  -  Run Local Usage
		Usr 0 00:00:54, Sys 0 00:00:17  -  Total Remote Usage
		Usr 0 00:00:00, Sys 0 00:00:00  -  Total Local Usage
	50557  -  Run Bytes Sent By Job
	19004  -  Run Bytes Received By Job
	50557  -  Total Bytes Sent By Job
	19004  -  Total Bytes Received By Job
	Partitionable Resources :      Usage  Request Allocated 
	   Cpus                 :       0.00        1         1 
	   Disk (KB)            : 2758945          20    163426 
	   Memory (MB)          :      66        2000      2000 

	Job terminated of its own accord at 2021-06-04T11:11:45Z.
...
000 (123678.000.000) 06/08 10:47:33 Job submitted from host: <188.185.121.235:9618?addrs=188.185.121.235-9618+[2001-1458-d00-49--100-36e]-9618&alias=bigbird22.cern.ch&noUDP&sock=schedd_38044_991d>
...
040 (123678.000.000) 06/08 11:19:25 Entered queue to transfer input files
	Transferring to host: <188.184.132.93:9618?addrs=188.184.132.93-9618+[2001-1458-301-a0--100-59]-9618&alias=b7g28n0639.cern.ch&noUDP&sock=slot1_1_5678_6a20_32141>
...
040 (123678.000.000) 06/08 11:53:58 Started transferring input files
	Seconds spent in queue: 2073
...
040 (123678.000.000) 06/08 11:53:58 Finished transferring input files
...
001 (123678.000.000) 06/08 11:53:58 Job executing on host: <188.184.132.93:9618?addrs=188.184.132.93-9618+[2001-1458-301-a0--100-59]-9618&alias=b7g28n0639.cern.ch&noUDP&sock=startd_5640_263c>
...
006 (123678.000.000) 06/08 11:54:06 Image size of job updated: 256264
	2  -  MemoryUsage of job (MB)
	1736  -  ResidentSetSize of job (KB)
...
006 (123678.000.000) 06/08 11:59:06 Image size of job updated: 791456
	36  -  MemoryUsage of job (MB)
	36780  -  ResidentSetSize of job (KB)
...
006 (123678.000.000) 06/08 12:04:06 Image size of job updated: 791456
	67  -  MemoryUsage of job (MB)
	67768  -  ResidentSetSize of job (KB)
...
006 (123678.000.000) 06/08 15:34:28 Image size of job updated: 791456
	91  -  MemoryUsage of job (MB)
	92944  -  ResidentSetSize of job (KB)
...
040 (123678.000.000) 06/08 15:34:36 Started transferring output files
	Seconds spent in queue: 15311
...
040 (123678.000.000) 06/08 15:34:36 Finished transferring output files
...
005 (123678.000.000) 06/08 15:34:36 Job terminated.
	(1) Normal termination (return value 0)
		Usr 0 00:01:21, Sys 0 00:00:22  -  Run Remote Usage
		Usr 0 00:00:00, Sys 0 00:00:00  -  Run Local Usage
		Usr 0 00:01:21, Sys 0 00:00:22  -  Total Remote Usage
		Usr 0 00:00:00, Sys 0 00:00:00  -  Total Local Usage
	50537  -  Run Bytes Sent By Job
	19004  -  Run Bytes Received By Job
	50537  -  Total Bytes Sent By Job
	19004  -  Total Bytes Received By Job
	Partitionable Resources :      Usage  Request Allocated 
	   Cpus                 :       0.91        1         1 
	   Disk (KB)            : 2758945          20    210233 
	   Memory (MB)          :      91        2000      2000 

	Job terminated of its own accord at 2021-06-08T13:34:36Z.
...
