000 (109070.000.000) 06/02 16:44:00 Job submitted from host: <188.185.121.235:9618?addrs=188.185.121.235-9618+[2001-1458-d00-49--100-36e]-9618&alias=bigbird22.cern.ch&noUDP&sock=schedd_38044_991d>
...
040 (109070.000.000) 06/02 17:18:27 Started transferring input files
	Transferring to host: <128.142.75.63:9618?addrs=128.142.75.63-9618+[2001-1458-301-75--100-386]-9618&alias=b7s11n8671.cern.ch&noUDP&sock=slot1_3_5975_ad8c_34240>
...
001 (109070.000.000) 06/02 17:18:27 Job executing on host: <128.142.75.63:9618?addrs=128.142.75.63-9618+[2001-1458-301-75--100-386]-9618&alias=b7s11n8671.cern.ch&noUDP&sock=startd_4645_a980>
...
040 (109070.000.000) 06/02 17:18:27 Finished transferring input files
...
006 (109070.000.000) 06/02 17:18:36 Image size of job updated: 41388
	35  -  MemoryUsage of job (MB)
	35580  -  ResidentSetSize of job (KB)
...
006 (109070.000.000) 06/02 17:23:37 Image size of job updated: 790796
	114  -  MemoryUsage of job (MB)
	116480  -  ResidentSetSize of job (KB)
...
040 (109070.000.000) 06/02 17:24:56 Started transferring output files
...
040 (109070.000.000) 06/02 17:24:56 Finished transferring output files
...
005 (109070.000.000) 06/02 17:24:57 Job terminated.
	(1) Normal termination (return value 0)
		Usr 0 00:01:55, Sys 0 00:00:29  -  Run Remote Usage
		Usr 0 00:00:00, Sys 0 00:00:00  -  Run Local Usage
		Usr 0 00:01:55, Sys 0 00:00:29  -  Total Remote Usage
		Usr 0 00:00:00, Sys 0 00:00:00  -  Total Local Usage
	43770  -  Run Bytes Sent By Job
	19195  -  Run Bytes Received By Job
	43770  -  Total Bytes Sent By Job
	19195  -  Total Bytes Received By Job
	Partitionable Resources :    Usage  Request Allocated 
	   Cpus                 :                 1         1 
	   Disk (KB)            :  4241909       20    268052 
	   Memory (MB)          :      114     2000      2000 

	Job terminated of its own accord at 2021-06-02T15:24:55Z.
...
