000 (147904.000.000) 06/16 08:37:45 Job submitted from host: <188.185.121.235:9618?addrs=188.185.121.235-9618+[2001-1458-d00-49--100-36e]-9618&alias=bigbird22.cern.ch&noUDP&sock=schedd_38044_991d>
...
040 (147904.000.000) 06/16 08:58:04 Started transferring input files
	Transferring to host: <128.142.69.248:9618?addrs=128.142.69.248-9618+[2001-1458-301-52--100-256]-9618&alias=b7s10n2106.cern.ch&noUDP&sock=slot1_6_4746_bc7a_50690>
...
040 (147904.000.000) 06/16 08:58:04 Finished transferring input files
...
001 (147904.000.000) 06/16 08:58:04 Job executing on host: <128.142.69.248:9618?addrs=128.142.69.248-9618+[2001-1458-301-52--100-256]-9618&alias=b7s10n2106.cern.ch&noUDP&sock=startd_3863_4671>
...
006 (147904.000.000) 06/16 08:58:13 Image size of job updated: 625444
	17  -  MemoryUsage of job (MB)
	17320  -  ResidentSetSize of job (KB)
...
006 (147904.000.000) 06/16 09:03:14 Image size of job updated: 791456
	67  -  MemoryUsage of job (MB)
	67772  -  ResidentSetSize of job (KB)
...
040 (147904.000.000) 06/16 12:04:49 Started transferring output files
...
040 (147904.000.000) 06/16 12:04:49 Finished transferring output files
...
005 (147904.000.000) 06/16 12:04:49 Job terminated.
	(1) Normal termination (return value 0)
		Usr 0 00:01:18, Sys 0 00:00:23  -  Run Remote Usage
		Usr 0 00:00:00, Sys 0 00:00:00  -  Run Local Usage
		Usr 0 00:01:18, Sys 0 00:00:23  -  Total Remote Usage
		Usr 0 00:00:00, Sys 0 00:00:00  -  Total Local Usage
	54415  -  Run Bytes Sent By Job
	19004  -  Run Bytes Received By Job
	54415  -  Total Bytes Sent By Job
	19004  -  Total Bytes Received By Job
	Partitionable Resources :      Usage  Request Allocated 
	   Cpus                 :       1.00        1         1 
	   Disk (KB)            : 3077512          20    288830 
	   Memory (MB)          :      67        2000      2000 

	Job terminated of its own accord at 2021-06-16T10:04:49Z.
...
