000 (147248.000.000) 06/16 08:24:26 Job submitted from host: <188.185.121.235:9618?addrs=188.185.121.235-9618+[2001-1458-d00-49--100-36e]-9618&alias=bigbird22.cern.ch&noUDP&sock=schedd_38044_991d>
...
040 (147248.000.000) 06/16 08:47:40 Started transferring input files
	Transferring to host: <128.142.83.196:9618?addrs=128.142.83.196-9618+[2001-1458-301-f5--100-50c]-9618&alias=b7s13n5383.cern.ch&noUDP&sock=slot1_11_6211_f616_48358>
...
040 (147248.000.000) 06/16 08:47:40 Finished transferring input files
...
001 (147248.000.000) 06/16 08:47:40 Job executing on host: <128.142.83.196:9618?addrs=128.142.83.196-9618+[2001-1458-301-f5--100-50c]-9618&alias=b7s13n5383.cern.ch&noUDP&sock=startd_5101_70b0>
...
006 (147248.000.000) 06/16 08:47:48 Image size of job updated: 766792
	14  -  MemoryUsage of job (MB)
	14112  -  ResidentSetSize of job (KB)
...
006 (147248.000.000) 06/16 08:52:48 Image size of job updated: 791448
	67  -  MemoryUsage of job (MB)
	67768  -  ResidentSetSize of job (KB)
...
040 (147248.000.000) 06/16 08:56:05 Started transferring output files
...
040 (147248.000.000) 06/16 08:56:05 Finished transferring output files
...
005 (147248.000.000) 06/16 08:56:05 Job terminated.
	(1) Normal termination (return value 0)
		Usr 0 00:00:07, Sys 0 00:00:02  -  Run Remote Usage
		Usr 0 00:00:00, Sys 0 00:00:00  -  Run Local Usage
		Usr 0 00:00:07, Sys 0 00:00:02  -  Total Remote Usage
		Usr 0 00:00:00, Sys 0 00:00:00  -  Total Local Usage
	22062  -  Run Bytes Sent By Job
	19004  -  Run Bytes Received By Job
	22062  -  Total Bytes Sent By Job
	19004  -  Total Bytes Received By Job
	Partitionable Resources :    Usage  Request Allocated 
	   Cpus                 :                 1         1 
	   Disk (KB)            :   465723       20    206858 
	   Memory (MB)          :       67     2000      2000 

	Job terminated of its own accord at 2021-06-16T06:56:05Z.
...
