000 (108806.000.000) 06/02 16:38:35 Job submitted from host: <188.185.121.235:9618?addrs=188.185.121.235-9618+[2001-1458-d00-49--100-36e]-9618&alias=bigbird22.cern.ch&noUDP&sock=schedd_38044_991d>
...
040 (108806.000.000) 06/02 16:54:12 Started transferring input files
	Transferring to host: <128.142.77.91:9618?addrs=128.142.77.91-9618+[2001-1458-301-f4--100-2b4]-9618&alias=b7s12n2534.cern.ch&noUDP&sock=slot1_12_16571_84bb_83033>
...
040 (108806.000.000) 06/02 16:54:12 Finished transferring input files
...
001 (108806.000.000) 06/02 16:54:12 Job executing on host: <128.142.77.91:9618?addrs=128.142.77.91-9618+[2001-1458-301-f4--100-2b4]-9618&alias=b7s12n2534.cern.ch&noUDP&sock=startd_16635_ce09>
...
006 (108806.000.000) 06/02 16:54:21 Image size of job updated: 39820
	37  -  MemoryUsage of job (MB)
	37496  -  ResidentSetSize of job (KB)
...
006 (108806.000.000) 06/02 16:59:22 Image size of job updated: 790796
	65  -  MemoryUsage of job (MB)
	65896  -  ResidentSetSize of job (KB)
...
040 (108806.000.000) 06/02 17:04:18 Started transferring output files
...
040 (108806.000.000) 06/02 17:04:18 Finished transferring output files
...
005 (108806.000.000) 06/02 17:04:18 Job terminated.
	(1) Normal termination (return value 0)
		Usr 0 00:01:58, Sys 0 00:00:29  -  Run Remote Usage
		Usr 0 00:00:00, Sys 0 00:00:00  -  Run Local Usage
		Usr 0 00:01:58, Sys 0 00:00:29  -  Total Remote Usage
		Usr 0 00:00:00, Sys 0 00:00:00  -  Total Local Usage
	56070  -  Run Bytes Sent By Job
	19195  -  Run Bytes Received By Job
	56070  -  Total Bytes Sent By Job
	19195  -  Total Bytes Received By Job
	Partitionable Resources :      Usage  Request Allocated 
	   Cpus                 :       0.84        1         1 
	   Disk (KB)            : 4241324          20    280478 
	   Memory (MB)          :      65        2000      2000 

	Job terminated of its own accord at 2021-06-02T15:04:18Z.
...
