000 (112942.000.000) 06/03 12:57:04 Job submitted from host: <188.185.121.235:9618?addrs=188.185.121.235-9618+[2001-1458-d00-49--100-36e]-9618&alias=bigbird22.cern.ch&noUDP&sock=schedd_38044_991d>
...
040 (112942.000.000) 06/03 13:18:59 Started transferring input files
	Transferring to host: <188.184.139.98:9618?addrs=188.184.139.98-9618+[2001-1458-301-45--100-165]-9618&alias=b7g42n0614.cern.ch&noUDP&sock=slot1_4_27588_fddb_83699>
...
001 (112942.000.000) 06/03 13:18:59 Job executing on host: <188.184.139.98:9618?addrs=188.184.139.98-9618+[2001-1458-301-45--100-165]-9618&alias=b7g42n0614.cern.ch&noUDP&sock=startd_5604_74d3>
...
040 (112942.000.000) 06/03 13:18:59 Finished transferring input files
...
006 (112942.000.000) 06/03 13:19:07 Image size of job updated: 329876
	12  -  MemoryUsage of job (MB)
	12208  -  ResidentSetSize of job (KB)
...
006 (112942.000.000) 06/03 13:24:07 Image size of job updated: 790820
	66  -  MemoryUsage of job (MB)
	67504  -  ResidentSetSize of job (KB)
...
040 (112942.000.000) 06/03 14:11:16 Started transferring output files
...
040 (112942.000.000) 06/03 14:11:16 Finished transferring output files
...
005 (112942.000.000) 06/03 14:11:17 Job terminated.
	(1) Normal termination (return value 0)
		Usr 0 00:00:40, Sys 0 00:00:10  -  Run Remote Usage
		Usr 0 00:00:00, Sys 0 00:00:00  -  Run Local Usage
		Usr 0 00:00:40, Sys 0 00:00:10  -  Total Remote Usage
		Usr 0 00:00:00, Sys 0 00:00:00  -  Total Local Usage
	41745  -  Run Bytes Sent By Job
	19004  -  Run Bytes Received By Job
	41745  -  Total Bytes Sent By Job
	19004  -  Total Bytes Received By Job
	Partitionable Resources :      Usage  Request Allocated 
	   Cpus                 :       0.01        1         1 
	   Disk (KB)            : 1952981          20    306511 
	   Memory (MB)          :      66        2000      2000 

	Job terminated of its own accord at 2021-06-03T12:11:16Z.
...
000 (116560.000.000) 06/04 09:04:32 Job submitted from host: <188.185.121.235:9618?addrs=188.185.121.235-9618+[2001-1458-d00-49--100-36e]-9618&alias=bigbird22.cern.ch&noUDP&sock=schedd_38044_991d>
...
040 (116560.000.000) 06/04 09:21:27 Started transferring input files
	Transferring to host: <188.184.213.93:9618?addrs=188.184.213.93-9618+[2001-1458-301-10c--100-150]-9618&alias=b7g24n0588.cern.ch&noUDP&sock=slot1_9_5035_5ce6_41717>
...
040 (116560.000.000) 06/04 09:21:27 Finished transferring input files
...
001 (116560.000.000) 06/04 09:21:27 Job executing on host: <188.184.213.93:9618?addrs=188.184.213.93-9618+[2001-1458-301-10c--100-150]-9618&alias=b7g24n0588.cern.ch&noUDP&sock=startd_3986_a497>
...
006 (116560.000.000) 06/04 09:21:36 Image size of job updated: 35152
	34  -  MemoryUsage of job (MB)
	34808  -  ResidentSetSize of job (KB)
...
006 (116560.000.000) 06/04 09:26:35 Image size of job updated: 790796
	35  -  MemoryUsage of job (MB)
	35220  -  ResidentSetSize of job (KB)
...
040 (116560.000.000) 06/04 09:26:35 Started transferring output files
...
040 (116560.000.000) 06/04 09:26:35 Finished transferring output files
...
005 (116560.000.000) 06/04 09:26:35 Job terminated.
	(1) Normal termination (return value 0)
		Usr 0 00:01:33, Sys 0 00:00:12  -  Run Remote Usage
		Usr 0 00:00:00, Sys 0 00:00:00  -  Run Local Usage
		Usr 0 00:01:33, Sys 0 00:00:12  -  Total Remote Usage
		Usr 0 00:00:00, Sys 0 00:00:00  -  Total Local Usage
	38566  -  Run Bytes Sent By Job
	19004  -  Run Bytes Received By Job
	38566  -  Total Bytes Sent By Job
	19004  -  Total Bytes Received By Job
	Partitionable Resources :      Usage  Request Allocated 
	   Cpus                 :       1.00        1         1 
	   Disk (KB)            : 2758740          20    290931 
	   Memory (MB)          :      35        2000      2000 

	Job terminated of its own accord at 2021-06-04T07:26:35Z.
...
000 (123921.000.000) 06/08 10:50:44 Job submitted from host: <188.185.121.235:9618?addrs=188.185.121.235-9618+[2001-1458-d00-49--100-36e]-9618&alias=bigbird22.cern.ch&noUDP&sock=schedd_38044_991d>
...
040 (123921.000.000) 06/08 11:22:11 Entered queue to transfer input files
	Transferring to host: <128.142.82.78:9618?addrs=128.142.82.78-9618+[2001-1458-301-f5--100-4fe]-9618&alias=b7s13n3908.cern.ch&noUDP&sock=slot1_9_5500_ff59_46274>
...
040 (123921.000.000) 06/08 11:53:59 Started transferring input files
	Seconds spent in queue: 1908
...
001 (123921.000.000) 06/08 11:53:59 Job executing on host: <128.142.82.78:9618?addrs=128.142.82.78-9618+[2001-1458-301-f5--100-4fe]-9618&alias=b7s13n3908.cern.ch&noUDP&sock=startd_4357_1e3a>
...
040 (123921.000.000) 06/08 11:53:59 Finished transferring input files
...
006 (123921.000.000) 06/08 11:54:07 Image size of job updated: 396052
	3  -  MemoryUsage of job (MB)
	2096  -  ResidentSetSize of job (KB)
...
006 (123921.000.000) 06/08 11:59:07 Image size of job updated: 791428
	67  -  MemoryUsage of job (MB)
	67776  -  ResidentSetSize of job (KB)
...
040 (123921.000.000) 06/08 12:01:47 Started transferring output files
	Seconds spent in queue: 2376
...
040 (123921.000.000) 06/08 12:01:47 Finished transferring output files
...
005 (123921.000.000) 06/08 12:01:48 Job terminated.
	(1) Normal termination (return value 0)
		Usr 0 00:01:04, Sys 0 00:00:13  -  Run Remote Usage
		Usr 0 00:00:00, Sys 0 00:00:00  -  Run Local Usage
		Usr 0 00:01:04, Sys 0 00:00:13  -  Total Remote Usage
		Usr 0 00:00:00, Sys 0 00:00:00  -  Total Local Usage
	49522  -  Run Bytes Sent By Job
	19004  -  Run Bytes Received By Job
	49522  -  Total Bytes Sent By Job
	19004  -  Total Bytes Received By Job
	Partitionable Resources :    Usage  Request Allocated 
	   Cpus                 :        0        1         1 
	   Disk (KB)            :  2758751       20    293117 
	   Memory (MB)          :       67     2000      2000 

	Job terminated of its own accord at 2021-06-08T10:01:47Z.
...
