000 (113058.000.000) 06/03 12:59:09 Job submitted from host: <188.185.121.235:9618?addrs=188.185.121.235-9618+[2001-1458-d00-49--100-36e]-9618&alias=bigbird22.cern.ch&noUDP&sock=schedd_38044_991d>
...
040 (113058.000.000) 06/03 13:19:42 Started transferring input files
	Transferring to host: <188.184.139.111:9618?addrs=188.184.139.111-9618+[2001-1458-301-45--100-161]-9618&alias=b7g42n0631.cern.ch&noUDP&sock=slot1_4_3338_ac41_35181>
...
040 (113058.000.000) 06/03 13:19:42 Finished transferring input files
...
001 (113058.000.000) 06/03 13:19:42 Job executing on host: <188.184.139.111:9618?addrs=188.184.139.111-9618+[2001-1458-301-45--100-161]-9618&alias=b7g42n0631.cern.ch&noUDP&sock=startd_2898_5d8c>
...
006 (113058.000.000) 06/03 13:19:51 Image size of job updated: 624804
	6  -  MemoryUsage of job (MB)
	5284  -  ResidentSetSize of job (KB)
...
006 (113058.000.000) 06/03 13:24:52 Image size of job updated: 790824
	66  -  MemoryUsage of job (MB)
	67496  -  ResidentSetSize of job (KB)
...
040 (113058.000.000) 06/03 14:08:49 Started transferring output files
...
040 (113058.000.000) 06/03 14:08:49 Finished transferring output files
...
005 (113058.000.000) 06/03 14:08:49 Job terminated.
	(1) Normal termination (return value 0)
		Usr 0 00:00:49, Sys 0 00:00:10  -  Run Remote Usage
		Usr 0 00:00:00, Sys 0 00:00:00  -  Run Local Usage
		Usr 0 00:00:49, Sys 0 00:00:10  -  Total Remote Usage
		Usr 0 00:00:00, Sys 0 00:00:00  -  Total Local Usage
	41976  -  Run Bytes Sent By Job
	19004  -  Run Bytes Received By Job
	41976  -  Total Bytes Sent By Job
	19004  -  Total Bytes Received By Job
	Partitionable Resources :      Usage  Request Allocated 
	   Cpus                 :       0.01        1         1 
	   Disk (KB)            : 1951745          20    290604 
	   Memory (MB)          :      66        2000      2000 

	Job terminated of its own accord at 2021-06-03T12:08:49Z.
...
000 (116676.000.000) 06/04 09:05:59 Job submitted from host: <188.185.121.235:9618?addrs=188.185.121.235-9618+[2001-1458-d00-49--100-36e]-9618&alias=bigbird22.cern.ch&noUDP&sock=schedd_38044_991d>
...
040 (116676.000.000) 06/04 09:34:16 Started transferring input files
	Transferring to host: <128.142.73.116:9618?addrs=128.142.73.116-9618+[2001-1458-301-75--100-1ef]-9618&alias=b7s11n6047.cern.ch&noUDP&sock=slot1_16_10240_c199_87470>
...
040 (116676.000.000) 06/04 09:34:16 Finished transferring input files
...
001 (116676.000.000) 06/04 09:34:16 Job executing on host: <128.142.73.116:9618?addrs=128.142.73.116-9618+[2001-1458-301-75--100-1ef]-9618&alias=b7s11n6047.cern.ch&noUDP&sock=startd_16731_a721>
...
006 (116676.000.000) 06/04 09:34:24 Image size of job updated: 766156
	33  -  MemoryUsage of job (MB)
	33640  -  ResidentSetSize of job (KB)
...
006 (116676.000.000) 06/04 09:39:24 Image size of job updated: 790820
	66  -  MemoryUsage of job (MB)
	67500  -  ResidentSetSize of job (KB)
...
040 (116676.000.000) 06/04 09:48:51 Started transferring output files
...
040 (116676.000.000) 06/04 09:48:51 Finished transferring output files
...
005 (116676.000.000) 06/04 09:48:52 Job terminated.
	(1) Normal termination (return value 0)
		Usr 0 00:00:51, Sys 0 00:00:13  -  Run Remote Usage
		Usr 0 00:00:00, Sys 0 00:00:00  -  Run Local Usage
		Usr 0 00:00:51, Sys 0 00:00:13  -  Total Remote Usage
		Usr 0 00:00:00, Sys 0 00:00:00  -  Total Local Usage
	50771  -  Run Bytes Sent By Job
	19004  -  Run Bytes Received By Job
	50771  -  Total Bytes Sent By Job
	19004  -  Total Bytes Received By Job
	Partitionable Resources :      Usage  Request Allocated 
	   Cpus                 :       0.01        1         1 
	   Disk (KB)            : 2758639          20    269290 
	   Memory (MB)          :      66        2000      2000 

	Job terminated of its own accord at 2021-06-04T07:48:51Z.
...
000 (124034.000.000) 06/08 10:52:20 Job submitted from host: <188.185.121.235:9618?addrs=188.185.121.235-9618+[2001-1458-d00-49--100-36e]-9618&alias=bigbird22.cern.ch&noUDP&sock=schedd_38044_991d>
...
040 (124034.000.000) 06/08 11:23:30 Entered queue to transfer input files
	Transferring to host: <188.184.212.102:9618?addrs=188.184.212.102-9618+[2001-1458-301-10c--100-49]-9618&alias=b7g24n0155.cern.ch&noUDP&sock=slot1_12_6564_ae84_93147>
...
040 (124034.000.000) 06/08 11:53:59 Started transferring input files
	Seconds spent in queue: 1829
...
040 (124034.000.000) 06/08 11:53:59 Finished transferring input files
...
001 (124034.000.000) 06/08 11:53:59 Job executing on host: <188.184.212.102:9618?addrs=188.184.212.102-9618+[2001-1458-301-10c--100-49]-9618&alias=b7g24n0155.cern.ch&noUDP&sock=startd_1741_c279>
...
006 (124034.000.000) 06/08 11:54:08 Image size of job updated: 1744
	2  -  MemoryUsage of job (MB)
	1744  -  ResidentSetSize of job (KB)
...
006 (124034.000.000) 06/08 11:59:09 Image size of job updated: 791452
	67  -  MemoryUsage of job (MB)
	67768  -  ResidentSetSize of job (KB)
...
040 (124034.000.000) 06/08 12:31:43 Started transferring output files
	Seconds spent in queue: 4093
...
040 (124034.000.000) 06/08 12:31:43 Finished transferring output files
...
005 (124034.000.000) 06/08 12:31:43 Job terminated.
	(1) Normal termination (return value 0)
		Usr 0 00:01:20, Sys 0 00:00:14  -  Run Remote Usage
		Usr 0 00:00:00, Sys 0 00:00:00  -  Run Local Usage
		Usr 0 00:01:20, Sys 0 00:00:14  -  Total Remote Usage
		Usr 0 00:00:00, Sys 0 00:00:00  -  Total Local Usage
	50802  -  Run Bytes Sent By Job
	19004  -  Run Bytes Received By Job
	50802  -  Total Bytes Sent By Job
	19004  -  Total Bytes Received By Job
	Partitionable Resources :      Usage  Request Allocated 
	   Cpus                 :       0.01        1         1 
	   Disk (KB)            : 2758638          20    209934 
	   Memory (MB)          :      67        2000      2000 

	Job terminated of its own accord at 2021-06-08T10:31:42Z.
...
