000 (147842.000.000) 06/16 08:36:34 Job submitted from host: <188.185.121.235:9618?addrs=188.185.121.235-9618+[2001-1458-d00-49--100-36e]-9618&alias=bigbird22.cern.ch&noUDP&sock=schedd_38044_991d>
...
040 (147842.000.000) 06/16 08:57:36 Started transferring input files
	Transferring to host: <188.184.196.34:9618?addrs=188.184.196.34-9618+[2001-1458-301-102--100-32]-9618&alias=b7g24n0067.cern.ch&noUDP&sock=slot1_6_15701_8658_114788>
...
001 (147842.000.000) 06/16 08:57:36 Job executing on host: <188.184.196.34:9618?addrs=188.184.196.34-9618+[2001-1458-301-102--100-32]-9618&alias=b7g24n0067.cern.ch&noUDP&sock=startd_20319_b8f0>
...
040 (147842.000.000) 06/16 08:57:36 Finished transferring input files
...
006 (147842.000.000) 06/16 08:57:44 Image size of job updated: 625444
	4  -  MemoryUsage of job (MB)
	3628  -  ResidentSetSize of job (KB)
...
006 (147842.000.000) 06/16 09:02:44 Image size of job updated: 791452
	67  -  MemoryUsage of job (MB)
	67764  -  ResidentSetSize of job (KB)
...
006 (147842.000.000) 06/16 10:07:51 Image size of job updated: 791452
	119  -  MemoryUsage of job (MB)
	121040  -  ResidentSetSize of job (KB)
...
040 (147842.000.000) 06/16 10:08:13 Started transferring output files
...
040 (147842.000.000) 06/16 10:08:13 Finished transferring output files
...
005 (147842.000.000) 06/16 10:08:13 Job terminated.
	(1) Normal termination (return value 0)
		Usr 0 00:01:52, Sys 0 00:00:26  -  Run Remote Usage
		Usr 0 00:00:00, Sys 0 00:00:00  -  Run Local Usage
		Usr 0 00:01:52, Sys 0 00:00:26  -  Total Remote Usage
		Usr 0 00:00:00, Sys 0 00:00:00  -  Total Local Usage
	54035  -  Run Bytes Sent By Job
	19004  -  Run Bytes Received By Job
	54035  -  Total Bytes Sent By Job
	19004  -  Total Bytes Received By Job
	Partitionable Resources :      Usage  Request Allocated 
	   Cpus                 :       0.01        1         1 
	   Disk (KB)            : 3072294          20    302278 
	   Memory (MB)          :     119        2000      2000 

	Job terminated of its own accord at 2021-06-16T08:08:13Z.
...
