000 (112193.000.000) 06/03 12:44:56 Job submitted from host: <188.185.121.235:9618?addrs=188.185.121.235-9618+[2001-1458-d00-49--100-36e]-9618&alias=bigbird22.cern.ch&noUDP&sock=schedd_38044_991d>
...
040 (112193.000.000) 06/03 13:14:25 Started transferring input files
	Transferring to host: <188.184.210.41:9618?addrs=188.184.210.41-9618+[2001-1458-301-10b--100-26]-9618&alias=b7g23n6501.cern.ch&noUDP&sock=slot1_7_8427_5570_83640>
...
040 (112193.000.000) 06/03 13:14:25 Finished transferring input files
...
001 (112193.000.000) 06/03 13:14:25 Job executing on host: <188.184.210.41:9618?addrs=188.184.210.41-9618+[2001-1458-301-10b--100-26]-9618&alias=b7g23n6501.cern.ch&noUDP&sock=startd_18273_562a>
...
006 (112193.000.000) 06/03 13:14:34 Image size of job updated: 624804
	40  -  MemoryUsage of job (MB)
	40252  -  ResidentSetSize of job (KB)
...
006 (112193.000.000) 06/03 13:19:34 Image size of job updated: 790796
	66  -  MemoryUsage of job (MB)
	67496  -  ResidentSetSize of job (KB)
...
006 (112193.000.000) 06/03 14:24:41 Image size of job updated: 790796
	108  -  MemoryUsage of job (MB)
	109632  -  ResidentSetSize of job (KB)
...
040 (112193.000.000) 06/03 14:25:17 Started transferring output files
...
040 (112193.000.000) 06/03 14:25:17 Finished transferring output files
...
005 (112193.000.000) 06/03 14:25:18 Job terminated.
	(1) Normal termination (return value 0)
		Usr 0 00:03:08, Sys 0 00:00:42  -  Run Remote Usage
		Usr 0 00:00:00, Sys 0 00:00:00  -  Run Local Usage
		Usr 0 00:03:08, Sys 0 00:00:42  -  Total Remote Usage
		Usr 0 00:00:00, Sys 0 00:00:00  -  Total Local Usage
	64828  -  Run Bytes Sent By Job
	19004  -  Run Bytes Received By Job
	64828  -  Total Bytes Sent By Job
	19004  -  Total Bytes Received By Job
	Partitionable Resources :      Usage  Request Allocated 
	   Cpus                 :       0.02        1         1 
	   Disk (KB)            : 4242339          20    241247 
	   Memory (MB)          :     108        2000      2000 

	Job terminated of its own accord at 2021-06-03T12:25:17Z.
...
000 (115802.000.000) 06/04 08:54:11 Job submitted from host: <188.185.121.235:9618?addrs=188.185.121.235-9618+[2001-1458-d00-49--100-36e]-9618&alias=bigbird22.cern.ch&noUDP&sock=schedd_38044_991d>
...
040 (115802.000.000) 06/04 08:59:27 Started transferring input files
	Transferring to host: <188.184.169.64:9618?addrs=188.184.169.64-9618+[2001-1458-301-c0--100-2e5]-9618&alias=b7g52n8854.cern.ch&noUDP&sock=slot1_12_6394_e6bd_34440>
...
040 (115802.000.000) 06/04 08:59:27 Finished transferring input files
...
001 (115802.000.000) 06/04 08:59:27 Job executing on host: <188.184.169.64:9618?addrs=188.184.169.64-9618+[2001-1458-301-c0--100-2e5]-9618&alias=b7g52n8854.cern.ch&noUDP&sock=startd_5090_e525>
...
006 (115802.000.000) 06/04 08:59:36 Image size of job updated: 41660
	41  -  MemoryUsage of job (MB)
	41660  -  ResidentSetSize of job (KB)
...
006 (115802.000.000) 06/04 09:04:37 Image size of job updated: 790820
	66  -  MemoryUsage of job (MB)
	67504  -  ResidentSetSize of job (KB)
...
040 (115802.000.000) 06/04 09:38:01 Started transferring output files
...
040 (115802.000.000) 06/04 09:38:02 Finished transferring output files
...
005 (115802.000.000) 06/04 09:38:02 Job terminated.
	(1) Normal termination (return value 0)
		Usr 0 00:01:53, Sys 0 00:00:22  -  Run Remote Usage
		Usr 0 00:00:00, Sys 0 00:00:00  -  Run Local Usage
		Usr 0 00:01:53, Sys 0 00:00:22  -  Total Remote Usage
		Usr 0 00:00:00, Sys 0 00:00:00  -  Total Local Usage
	60870  -  Run Bytes Sent By Job
	19004  -  Run Bytes Received By Job
	60870  -  Total Bytes Sent By Job
	19004  -  Total Bytes Received By Job
	Partitionable Resources :      Usage  Request Allocated 
	   Cpus                 :       0.01        1         1 
	   Disk (KB)            : 3711717          20    290890 
	   Memory (MB)          :      66        2000      2000 

	Job terminated of its own accord at 2021-06-04T07:38:01Z.
...
000 (123147.000.000) 06/08 10:38:45 Job submitted from host: <188.185.121.235:9618?addrs=188.185.121.235-9618+[2001-1458-d00-49--100-36e]-9618&alias=bigbird22.cern.ch&noUDP&sock=schedd_38044_991d>
...
040 (123147.000.000) 06/08 11:05:23 Started transferring input files
	Transferring to host: <128.142.84.196:9618?addrs=128.142.84.196-9618+[2001-1458-301-f6--100-6d1]-9618&alias=b7s14n5514.cern.ch&noUDP&sock=slot1_8_4679_8757_37377>
...
001 (123147.000.000) 06/08 11:05:23 Job executing on host: <128.142.84.196:9618?addrs=128.142.84.196-9618+[2001-1458-301-f6--100-6d1]-9618&alias=b7s14n5514.cern.ch&noUDP&sock=startd_3807_dd23>
...
040 (123147.000.000) 06/08 11:05:23 Finished transferring input files
...
006 (123147.000.000) 06/08 11:05:31 Image size of job updated: 42360
	42  -  MemoryUsage of job (MB)
	42360  -  ResidentSetSize of job (KB)
...
006 (123147.000.000) 06/08 11:10:31 Image size of job updated: 791428
	114  -  MemoryUsage of job (MB)
	115916  -  ResidentSetSize of job (KB)
...
040 (123147.000.000) 06/08 11:12:28 Entered queue to transfer output files
...
040 (123147.000.000) 06/08 11:31:09 Started transferring output files
...
040 (123147.000.000) 06/08 11:31:09 Finished transferring output files
...
005 (123147.000.000) 06/08 11:31:09 Job terminated.
	(1) Normal termination (return value 0)
		Usr 0 00:02:11, Sys 0 00:00:21  -  Run Remote Usage
		Usr 0 00:00:00, Sys 0 00:00:00  -  Run Local Usage
		Usr 0 00:02:11, Sys 0 00:00:21  -  Total Remote Usage
		Usr 0 00:00:00, Sys 0 00:00:00  -  Total Local Usage
	43705  -  Run Bytes Sent By Job
	19004  -  Run Bytes Received By Job
	43705  -  Total Bytes Sent By Job
	19004  -  Total Bytes Received By Job
	Partitionable Resources :    Usage  Request Allocated 
	   Cpus                 :        0        1         1 
	   Disk (KB)            :  3711701       20    253806 
	   Memory (MB)          :      114     2000      2000 

	Job terminated of its own accord at 2021-06-08T09:12:23Z.
...
