000 (112053.000.000) 06/03 12:42:34 Job submitted from host: <188.185.121.235:9618?addrs=188.185.121.235-9618+[2001-1458-d00-49--100-36e]-9618&alias=bigbird22.cern.ch&noUDP&sock=schedd_38044_991d>
...
040 (112053.000.000) 06/03 13:08:45 Started transferring input files
	Transferring to host: <188.184.212.120:9618?addrs=188.184.212.120-9618+[2001-1458-301-10c--100-5c]-9618&alias=b7g24n0214.cern.ch&noUDP&sock=slot1_9_3259_029e_54886>
...
040 (112053.000.000) 06/03 13:08:45 Finished transferring input files
...
001 (112053.000.000) 06/03 13:08:45 Job executing on host: <188.184.212.120:9618?addrs=188.184.212.120-9618+[2001-1458-301-10c--100-5c]-9618&alias=b7g24n0214.cern.ch&noUDP&sock=startd_2880_04d8>
...
006 (112053.000.000) 06/03 13:08:54 Image size of job updated: 624804
	12  -  MemoryUsage of job (MB)
	11980  -  ResidentSetSize of job (KB)
...
006 (112053.000.000) 06/03 13:13:55 Image size of job updated: 790824
	66  -  MemoryUsage of job (MB)
	67504  -  ResidentSetSize of job (KB)
...
040 (112053.000.000) 06/03 17:23:33 Started transferring output files
...
040 (112053.000.000) 06/03 17:23:33 Finished transferring output files
...
005 (112053.000.000) 06/03 17:23:34 Job terminated.
	(1) Normal termination (return value 0)
		Usr 0 00:02:46, Sys 0 00:00:33  -  Run Remote Usage
		Usr 0 00:00:00, Sys 0 00:00:00  -  Run Local Usage
		Usr 0 00:02:46, Sys 0 00:00:33  -  Total Remote Usage
		Usr 0 00:00:00, Sys 0 00:00:00  -  Total Local Usage
	67142  -  Run Bytes Sent By Job
	19004  -  Run Bytes Received By Job
	67142  -  Total Bytes Sent By Job
	19004  -  Total Bytes Received By Job
	Partitionable Resources :      Usage  Request Allocated 
	   Cpus                 :       0.00        1         1 
	   Disk (KB)            : 4242497          20    293681 
	   Memory (MB)          :      66        2000      2000 

	Job terminated of its own accord at 2021-06-03T15:23:33Z.
...
000 (115654.000.000) 06/04 08:52:17 Job submitted from host: <188.185.121.235:9618?addrs=188.185.121.235-9618+[2001-1458-d00-49--100-36e]-9618&alias=bigbird22.cern.ch&noUDP&sock=schedd_38044_991d>
...
040 (115654.000.000) 06/04 08:58:28 Started transferring input files
	Transferring to host: <128.142.76.104:9618?addrs=128.142.76.104-9618+[2001-1458-301-f4--100-403]-9618&alias=b7s12n2508.cern.ch&noUDP&sock=slot1_6_5623_a97e_33825>
...
040 (115654.000.000) 06/04 08:58:28 Finished transferring input files
...
001 (115654.000.000) 06/04 08:58:28 Job executing on host: <128.142.76.104:9618?addrs=128.142.76.104-9618+[2001-1458-301-f4--100-403]-9618&alias=b7s12n2508.cern.ch&noUDP&sock=startd_4466_e20c>
...
006 (115654.000.000) 06/04 08:58:37 Image size of job updated: 624804
	38  -  MemoryUsage of job (MB)
	38828  -  ResidentSetSize of job (KB)
...
006 (115654.000.000) 06/04 09:03:38 Image size of job updated: 790796
	66  -  MemoryUsage of job (MB)
	67500  -  ResidentSetSize of job (KB)
...
040 (115654.000.000) 06/04 10:27:25 Started transferring output files
...
040 (115654.000.000) 06/04 10:27:26 Finished transferring output files
...
005 (115654.000.000) 06/04 10:27:26 Job terminated.
	(1) Normal termination (return value 0)
		Usr 0 00:01:57, Sys 0 00:00:23  -  Run Remote Usage
		Usr 0 00:00:00, Sys 0 00:00:00  -  Run Local Usage
		Usr 0 00:01:57, Sys 0 00:00:23  -  Total Remote Usage
		Usr 0 00:00:00, Sys 0 00:00:00  -  Total Local Usage
	61198  -  Run Bytes Sent By Job
	19004  -  Run Bytes Received By Job
	61198  -  Total Bytes Sent By Job
	19004  -  Total Bytes Received By Job
	Partitionable Resources :      Usage  Request Allocated 
	   Cpus                 :       0.21        1         1 
	   Disk (KB)            : 3711526          20    269498 
	   Memory (MB)          :      66        2000      2000 

	Job terminated of its own accord at 2021-06-04T08:27:25Z.
...
000 (123001.000.000) 06/08 10:37:01 Job submitted from host: <188.185.121.235:9618?addrs=188.185.121.235-9618+[2001-1458-d00-49--100-36e]-9618&alias=bigbird22.cern.ch&noUDP&sock=schedd_38044_991d>
...
040 (123001.000.000) 06/08 10:55:23 Started transferring input files
	Transferring to host: <128.142.72.176:9618?addrs=128.142.72.176-9618+[2001-1458-301-75--100-128]-9618&alias=b7s11n2621.cern.ch&noUDP&sock=slot1_12_6654_1848_44973>
...
040 (123001.000.000) 06/08 10:55:23 Finished transferring input files
...
001 (123001.000.000) 06/08 10:55:23 Job executing on host: <128.142.72.176:9618?addrs=128.142.72.176-9618+[2001-1458-301-75--100-128]-9618&alias=b7s11n2621.cern.ch&noUDP&sock=startd_5426_5cf8>
...
006 (123001.000.000) 06/08 10:55:32 Image size of job updated: 67772
	67  -  MemoryUsage of job (MB)
	67772  -  ResidentSetSize of job (KB)
...
006 (123001.000.000) 06/08 11:00:28 Image size of job updated: 791428
	67  -  MemoryUsage of job (MB)
	67772  -  ResidentSetSize of job (KB)
...
040 (123001.000.000) 06/08 11:00:28 Started transferring output files
...
040 (123001.000.000) 06/08 11:00:28 Finished transferring output files
...
005 (123001.000.000) 06/08 11:00:30 Job terminated.
	(1) Normal termination (return value 0)
		Usr 0 00:01:43, Sys 0 00:00:23  -  Run Remote Usage
		Usr 0 00:00:00, Sys 0 00:00:00  -  Run Local Usage
		Usr 0 00:01:43, Sys 0 00:00:23  -  Total Remote Usage
		Usr 0 00:00:00, Sys 0 00:00:00  -  Total Local Usage
	38171  -  Run Bytes Sent By Job
	19004  -  Run Bytes Received By Job
	38171  -  Total Bytes Sent By Job
	19004  -  Total Bytes Received By Job
	Partitionable Resources :      Usage  Request Allocated 
	   Cpus                 :       0.13        1         1 
	   Disk (KB)            : 3711511          20    226636 
	   Memory (MB)          :      67        2000      2000 

	Job terminated of its own accord at 2021-06-08T09:00:28Z.
...
