000 (108943.000.000) 06/02 16:41:20 Job submitted from host: <188.185.121.235:9618?addrs=188.185.121.235-9618+[2001-1458-d00-49--100-36e]-9618&alias=bigbird22.cern.ch&noUDP&sock=schedd_38044_991d>
...
040 (108943.000.000) 06/02 16:58:01 Started transferring input files
	Transferring to host: <188.184.196.147:9618?addrs=188.184.196.147-9618+[2001-1458-301-102--100-93]-9618&alias=b7g24n0270.cern.ch&noUDP&sock=slot1_11_3582_97cb_34272>
...
040 (108943.000.000) 06/02 16:58:01 Finished transferring input files
...
001 (108943.000.000) 06/02 16:58:01 Job executing on host: <188.184.196.147:9618?addrs=188.184.196.147-9618+[2001-1458-301-102--100-93]-9618&alias=b7g24n0270.cern.ch&noUDP&sock=startd_2930_5094>
...
006 (108943.000.000) 06/02 16:58:10 Image size of job updated: 624804
	21  -  MemoryUsage of job (MB)
	20576  -  ResidentSetSize of job (KB)
...
006 (108943.000.000) 06/02 17:03:11 Image size of job updated: 790804
	66  -  MemoryUsage of job (MB)
	67500  -  ResidentSetSize of job (KB)
...
006 (108943.000.000) 06/02 17:13:11 Image size of job updated: 790804
	121  -  MemoryUsage of job (MB)
	123264  -  ResidentSetSize of job (KB)
...
040 (108943.000.000) 06/02 17:15:19 Started transferring output files
...
040 (108943.000.000) 06/02 17:15:19 Finished transferring output files
...
005 (108943.000.000) 06/02 17:15:19 Job terminated.
	(1) Normal termination (return value 0)
		Usr 0 00:02:36, Sys 0 00:00:29  -  Run Remote Usage
		Usr 0 00:00:00, Sys 0 00:00:00  -  Run Local Usage
		Usr 0 00:02:36, Sys 0 00:00:29  -  Total Remote Usage
		Usr 0 00:00:00, Sys 0 00:00:00  -  Total Local Usage
	65972  -  Run Bytes Sent By Job
	19195  -  Run Bytes Received By Job
	65972  -  Total Bytes Sent By Job
	19195  -  Total Bytes Received By Job
	Partitionable Resources :      Usage  Request Allocated 
	   Cpus                 :       0.03        1         1 
	   Disk (KB)            : 4242188          20    317086 
	   Memory (MB)          :     121        2000      2000 

	Job terminated of its own accord at 2021-06-02T15:15:18Z.
...
