000 (109048.000.000) 06/02 16:43:30 Job submitted from host: <188.185.121.235:9618?addrs=188.185.121.235-9618+[2001-1458-d00-49--100-36e]-9618&alias=bigbird22.cern.ch&noUDP&sock=schedd_38044_991d>
...
040 (109048.000.000) 06/02 17:15:10 Started transferring input files
	Transferring to host: <128.142.73.61:9618?addrs=128.142.73.61-9618+[2001-1458-301-75--100-4ae]-9618&alias=b7s11n1488.cern.ch&noUDP&sock=slot1_16_5931_ad0a_29572>
...
001 (109048.000.000) 06/02 17:15:10 Job executing on host: <128.142.73.61:9618?addrs=128.142.73.61-9618+[2001-1458-301-75--100-4ae]-9618&alias=b7s11n1488.cern.ch&noUDP&sock=startd_4787_0ff3>
...
040 (109048.000.000) 06/02 17:15:10 Finished transferring input files
...
006 (109048.000.000) 06/02 17:15:19 Image size of job updated: 67500
	66  -  MemoryUsage of job (MB)
	67500  -  ResidentSetSize of job (KB)
...
006 (109048.000.000) 06/02 17:20:20 Image size of job updated: 790792
	85  -  MemoryUsage of job (MB)
	86428  -  ResidentSetSize of job (KB)
...
040 (109048.000.000) 06/02 17:21:37 Started transferring output files
...
040 (109048.000.000) 06/02 17:21:37 Finished transferring output files
...
005 (109048.000.000) 06/02 17:21:37 Job terminated.
	(1) Normal termination (return value 0)
		Usr 0 00:01:42, Sys 0 00:00:29  -  Run Remote Usage
		Usr 0 00:00:00, Sys 0 00:00:00  -  Run Local Usage
		Usr 0 00:01:42, Sys 0 00:00:29  -  Total Remote Usage
		Usr 0 00:00:00, Sys 0 00:00:00  -  Total Local Usage
	45576  -  Run Bytes Sent By Job
	19195  -  Run Bytes Received By Job
	45576  -  Total Bytes Sent By Job
	19195  -  Total Bytes Received By Job
	Partitionable Resources :      Usage  Request Allocated 
	   Cpus                 :       0.26        1         1 
	   Disk (KB)            : 4240686          20    278194 
	   Memory (MB)          :      85        2000      2000 

	Job terminated of its own accord at 2021-06-02T15:21:37Z.
...
