000 (108574.000.000) 06/02 16:32:54 Job submitted from host: <188.185.121.235:9618?addrs=188.185.121.235-9618+[2001-1458-d00-49--100-36e]-9618&alias=bigbird22.cern.ch&noUDP&sock=schedd_38044_991d>
...
040 (108574.000.000) 06/02 16:37:19 Started transferring input files
	Transferring to host: <128.142.77.91:9618?addrs=128.142.77.91-9618+[2001-1458-301-f4--100-2b4]-9618&alias=b7s12n2534.cern.ch&noUDP&sock=slot1_15_16571_84bb_82995>
...
040 (108574.000.000) 06/02 16:37:19 Finished transferring input files
...
001 (108574.000.000) 06/02 16:37:19 Job executing on host: <128.142.77.91:9618?addrs=128.142.77.91-9618+[2001-1458-301-f4--100-2b4]-9618&alias=b7s12n2534.cern.ch&noUDP&sock=startd_16635_ce09>
...
006 (108574.000.000) 06/02 16:37:27 Image size of job updated: 790824
	43  -  MemoryUsage of job (MB)
	43120  -  ResidentSetSize of job (KB)
...
006 (108574.000.000) 06/02 16:38:23 Image size of job updated: 790824
	43  -  MemoryUsage of job (MB)
	43136  -  ResidentSetSize of job (KB)
...
040 (108574.000.000) 06/02 16:38:24 Started transferring output files
...
040 (108574.000.000) 06/02 16:38:24 Finished transferring output files
...
005 (108574.000.000) 06/02 16:38:24 Job terminated.
	(1) Normal termination (return value 0)
		Usr 0 00:00:11, Sys 0 00:00:03  -  Run Remote Usage
		Usr 0 00:00:00, Sys 0 00:00:00  -  Run Local Usage
		Usr 0 00:00:11, Sys 0 00:00:03  -  Total Remote Usage
		Usr 0 00:00:00, Sys 0 00:00:00  -  Total Local Usage
	21182  -  Run Bytes Sent By Job
	19195  -  Run Bytes Received By Job
	21182  -  Total Bytes Sent By Job
	19195  -  Total Bytes Received By Job
	Partitionable Resources :     Usage  Request Allocated 
	   Cpus                 :      0.13        1         1 
	   Disk (KB)            : 739639          20    288333 
	   Memory (MB)          :     43        2000      2000 

	Job terminated of its own accord at 2021-06-02T14:38:23Z.
...
