000 (109246.000.000) 06/02 16:48:42 Job submitted from host: <188.185.121.235:9618?addrs=188.185.121.235-9618+[2001-1458-d00-49--100-36e]-9618&alias=bigbird22.cern.ch&noUDP&sock=schedd_38044_991d>
...
040 (109246.000.000) 06/02 18:28:35 Started transferring input files
	Transferring to host: <128.142.74.51:9618?addrs=128.142.74.51-9618+[2001-1458-301-75--100-320]-9618&alias=b7s11n2944.cern.ch&noUDP&sock=slot1_1_30218_1086_83943>
...
001 (109246.000.000) 06/02 18:28:35 Job executing on host: <128.142.74.51:9618?addrs=128.142.74.51-9618+[2001-1458-301-75--100-320]-9618&alias=b7s11n2944.cern.ch&noUDP&sock=startd_16884_991e>
...
040 (109246.000.000) 06/02 18:28:35 Finished transferring input files
...
006 (109246.000.000) 06/02 18:28:44 Image size of job updated: 67500
	66  -  MemoryUsage of job (MB)
	67500  -  ResidentSetSize of job (KB)
...
006 (109246.000.000) 06/02 18:30:56 Image size of job updated: 790796
	66  -  MemoryUsage of job (MB)
	67500  -  ResidentSetSize of job (KB)
...
040 (109246.000.000) 06/02 18:30:56 Started transferring output files
...
040 (109246.000.000) 06/02 18:30:56 Finished transferring output files
...
005 (109246.000.000) 06/02 18:30:57 Job terminated.
	(1) Normal termination (return value 0)
		Usr 0 00:00:37, Sys 0 00:00:08  -  Run Remote Usage
		Usr 0 00:00:00, Sys 0 00:00:00  -  Run Local Usage
		Usr 0 00:00:37, Sys 0 00:00:08  -  Total Remote Usage
		Usr 0 00:00:00, Sys 0 00:00:00  -  Total Local Usage
	30146  -  Run Bytes Sent By Job
	19195  -  Run Bytes Received By Job
	30146  -  Total Bytes Sent By Job
	19195  -  Total Bytes Received By Job
	Partitionable Resources :      Usage  Request Allocated 
	   Cpus                 :       0.90        1         1 
	   Disk (KB)            : 1952587          20    224331 
	   Memory (MB)          :      66        2000      2000 

	Job terminated of its own accord at 2021-06-02T16:30:56Z.
...
