000 (147353.000.000) 06/16 08:26:43 Job submitted from host: <188.185.121.235:9618?addrs=188.185.121.235-9618+[2001-1458-d00-49--100-36e]-9618&alias=bigbird22.cern.ch&noUDP&sock=schedd_38044_991d>
...
040 (147353.000.000) 06/16 08:51:59 Started transferring input files
	Transferring to host: <188.184.198.29:9618?addrs=188.184.198.29-9618+[2001-1458-301-c1--100-21f]-9618&alias=b7g52n6119.cern.ch&noUDP&sock=slot1_12_28000_486c_91580>
...
001 (147353.000.000) 06/16 08:52:02 Job executing on host: <188.184.198.29:9618?addrs=188.184.198.29-9618+[2001-1458-301-c1--100-21f]-9618&alias=b7g52n6119.cern.ch&noUDP&sock=startd_18274_05c3>
...
040 (147353.000.000) 06/16 08:52:02 Finished transferring input files
...
006 (147353.000.000) 06/16 08:52:10 Image size of job updated: 44588
	44  -  MemoryUsage of job (MB)
	44588  -  ResidentSetSize of job (KB)
...
006 (147353.000.000) 06/16 08:57:10 Image size of job updated: 791428
	67  -  MemoryUsage of job (MB)
	67780  -  ResidentSetSize of job (KB)
...
040 (147353.000.000) 06/16 09:21:58 Started transferring output files
...
040 (147353.000.000) 06/16 09:21:59 Finished transferring output files
...
005 (147353.000.000) 06/16 09:22:00 Job terminated.
	(1) Normal termination (return value 0)
		Usr 0 00:01:16, Sys 0 00:00:17  -  Run Remote Usage
		Usr 0 00:00:00, Sys 0 00:00:00  -  Run Local Usage
		Usr 0 00:01:16, Sys 0 00:00:17  -  Total Remote Usage
		Usr 0 00:00:00, Sys 0 00:00:00  -  Total Local Usage
	50510  -  Run Bytes Sent By Job
	19004  -  Run Bytes Received By Job
	50510  -  Total Bytes Sent By Job
	19004  -  Total Bytes Received By Job
	Partitionable Resources :      Usage  Request Allocated 
	   Cpus                 :       0.01        1         1 
	   Disk (KB)            : 3074327          20    279504 
	   Memory (MB)          :      67        2000      2000 

	Job terminated of its own accord at 2021-06-16T07:21:58Z.
...
