000 (108460.000.000) 06/02 16:29:57 Job submitted from host: <188.185.121.235:9618?addrs=188.185.121.235-9618+[2001-1458-d00-49--100-36e]-9618&alias=bigbird22.cern.ch&noUDP&sock=schedd_38044_991d>
...
040 (108460.000.000) 06/02 16:34:12 Started transferring input files
	Transferring to host: <128.142.72.61:9618?addrs=128.142.72.61-9618+[2001-1458-301-75--100-12d]-9618&alias=b7s11n8015.cern.ch&noUDP&sock=slot1_3_6075_2310_34803>
...
040 (108460.000.000) 06/02 16:34:12 Finished transferring input files
...
001 (108460.000.000) 06/02 16:34:12 Job executing on host: <128.142.72.61:9618?addrs=128.142.72.61-9618+[2001-1458-301-75--100-12d]-9618&alias=b7s11n8015.cern.ch&noUDP&sock=startd_4865_9056>
...
006 (108460.000.000) 06/02 16:34:20 Image size of job updated: 790824
	35  -  MemoryUsage of job (MB)
	35308  -  ResidentSetSize of job (KB)
...
006 (108460.000.000) 06/02 16:35:05 Image size of job updated: 790824
	35  -  MemoryUsage of job (MB)
	35332  -  ResidentSetSize of job (KB)
...
040 (108460.000.000) 06/02 16:35:05 Started transferring output files
...
040 (108460.000.000) 06/02 16:35:05 Finished transferring output files
...
005 (108460.000.000) 06/02 16:35:06 Job terminated.
	(1) Normal termination (return value 0)
		Usr 0 00:00:12, Sys 0 00:00:03  -  Run Remote Usage
		Usr 0 00:00:00, Sys 0 00:00:00  -  Run Local Usage
		Usr 0 00:00:12, Sys 0 00:00:03  -  Total Remote Usage
		Usr 0 00:00:00, Sys 0 00:00:00  -  Total Local Usage
	20218  -  Run Bytes Sent By Job
	19195  -  Run Bytes Received By Job
	20218  -  Total Bytes Sent By Job
	19195  -  Total Bytes Received By Job
	Partitionable Resources :    Usage  Request Allocated 
	   Cpus                 :                 1         1 
	   Disk (KB)            :   743573       20    222705 
	   Memory (MB)          :       35     2000      2000 

	Job terminated of its own accord at 2021-06-02T14:35:05Z.
...
