000 (112747.000.000) 06/03 12:54:01 Job submitted from host: <188.185.121.235:9618?addrs=188.185.121.235-9618+[2001-1458-d00-49--100-36e]-9618&alias=bigbird22.cern.ch&noUDP&sock=schedd_38044_991d>
...
040 (112747.000.000) 06/03 13:17:45 Started transferring input files
	Transferring to host: <188.184.169.37:9618?addrs=188.184.169.37-9618+[2001-1458-301-c0--100-4cb]-9618&alias=b7g52n9147.cern.ch&noUDP&sock=slot1_8_5573_6ebc_29412>
...
040 (112747.000.000) 06/03 13:17:45 Finished transferring input files
...
001 (112747.000.000) 06/03 13:17:45 Job executing on host: <188.184.169.37:9618?addrs=188.184.169.37-9618+[2001-1458-301-c0--100-4cb]-9618&alias=b7g52n9147.cern.ch&noUDP&sock=startd_4431_e03c>
...
006 (112747.000.000) 06/03 13:17:53 Image size of job updated: 9488
	10  -  MemoryUsage of job (MB)
	9488  -  ResidentSetSize of job (KB)
...
006 (112747.000.000) 06/03 13:22:54 Image size of job updated: 790824
	66  -  MemoryUsage of job (MB)
	67508  -  ResidentSetSize of job (KB)
...
040 (112747.000.000) 06/03 14:31:34 Started transferring output files
...
040 (112747.000.000) 06/03 14:31:34 Finished transferring output files
...
005 (112747.000.000) 06/03 14:31:34 Job terminated.
	(1) Normal termination (return value 0)
		Usr 0 00:00:38, Sys 0 00:00:10  -  Run Remote Usage
		Usr 0 00:00:00, Sys 0 00:00:00  -  Run Local Usage
		Usr 0 00:00:38, Sys 0 00:00:10  -  Total Remote Usage
		Usr 0 00:00:00, Sys 0 00:00:00  -  Total Local Usage
	42233  -  Run Bytes Sent By Job
	19004  -  Run Bytes Received By Job
	42233  -  Total Bytes Sent By Job
	19004  -  Total Bytes Received By Job
	Partitionable Resources :      Usage  Request Allocated 
	   Cpus                 :       0.00        1         1 
	   Disk (KB)            : 1952752          20    284863 
	   Memory (MB)          :      66        2000      2000 

	Job terminated of its own accord at 2021-06-03T12:31:34Z.
...
000 (116363.000.000) 06/04 09:02:06 Job submitted from host: <188.185.121.235:9618?addrs=188.185.121.235-9618+[2001-1458-d00-49--100-36e]-9618&alias=bigbird22.cern.ch&noUDP&sock=schedd_38044_991d>
...
040 (116363.000.000) 06/04 09:12:25 Started transferring input files
	Transferring to host: <128.142.85.64:9618?addrs=128.142.85.64-9618+[2001-1458-301-f6--100-426]-9618&alias=b7s14n8565.cern.ch&noUDP&sock=slot1_4_5923_0a0a_33905>
...
040 (116363.000.000) 06/04 09:12:25 Finished transferring input files
...
001 (116363.000.000) 06/04 09:12:25 Job executing on host: <128.142.85.64:9618?addrs=128.142.85.64-9618+[2001-1458-301-f6--100-426]-9618&alias=b7s14n8565.cern.ch&noUDP&sock=startd_4741_8298>
...
006 (116363.000.000) 06/04 09:12:34 Image size of job updated: 395412
	6  -  MemoryUsage of job (MB)
	5556  -  ResidentSetSize of job (KB)
...
006 (116363.000.000) 06/04 09:17:35 Image size of job updated: 790824
	56  -  MemoryUsage of job (MB)
	57276  -  ResidentSetSize of job (KB)
...
006 (116363.000.000) 06/04 09:22:36 Image size of job updated: 790824
	66  -  MemoryUsage of job (MB)
	67500  -  ResidentSetSize of job (KB)
...
006 (116363.000.000) 06/04 13:02:57 Image size of job updated: 790824
	89  -  MemoryUsage of job (MB)
	90920  -  ResidentSetSize of job (KB)
...
040 (116363.000.000) 06/04 13:03:10 Started transferring output files
...
040 (116363.000.000) 06/04 13:03:10 Finished transferring output files
...
005 (116363.000.000) 06/04 13:03:11 Job terminated.
	(1) Normal termination (return value 0)
		Usr 0 00:01:22, Sys 0 00:00:18  -  Run Remote Usage
		Usr 0 00:00:00, Sys 0 00:00:00  -  Run Local Usage
		Usr 0 00:01:22, Sys 0 00:00:18  -  Total Remote Usage
		Usr 0 00:00:00, Sys 0 00:00:00  -  Total Local Usage
	50934  -  Run Bytes Sent By Job
	19004  -  Run Bytes Received By Job
	50934  -  Total Bytes Sent By Job
	19004  -  Total Bytes Received By Job
	Partitionable Resources :      Usage  Request Allocated 
	   Cpus                 :       0.82        1         1 
	   Disk (KB)            : 2758797          20    219140 
	   Memory (MB)          :      89        2000      2000 

	Job terminated of its own accord at 2021-06-04T11:03:10Z.
...
000 (123720.000.000) 06/08 10:48:09 Job submitted from host: <188.185.121.235:9618?addrs=188.185.121.235-9618+[2001-1458-d00-49--100-36e]-9618&alias=bigbird22.cern.ch&noUDP&sock=schedd_38044_991d>
...
040 (123720.000.000) 06/08 11:19:58 Entered queue to transfer input files
	Transferring to host: <128.142.82.78:9618?addrs=128.142.82.78-9618+[2001-1458-301-f5--100-4fe]-9618&alias=b7s13n3908.cern.ch&noUDP&sock=slot1_4_5500_ff59_46273>
...
040 (123720.000.000) 06/08 11:53:58 Started transferring input files
	Seconds spent in queue: 2040
...
040 (123720.000.000) 06/08 11:53:58 Finished transferring input files
...
001 (123720.000.000) 06/08 11:53:58 Job executing on host: <128.142.82.78:9618?addrs=128.142.82.78-9618+[2001-1458-301-f5--100-4fe]-9618&alias=b7s13n3908.cern.ch&noUDP&sock=startd_4357_1e3a>
...
006 (123720.000.000) 06/08 11:54:06 Image size of job updated: 256264
	3  -  MemoryUsage of job (MB)
	2092  -  ResidentSetSize of job (KB)
...
006 (123720.000.000) 06/08 11:59:06 Image size of job updated: 791456
	39  -  MemoryUsage of job (MB)
	39304  -  ResidentSetSize of job (KB)
...
006 (123720.000.000) 06/08 12:04:07 Image size of job updated: 791456
	67  -  MemoryUsage of job (MB)
	67772  -  ResidentSetSize of job (KB)
...
040 (123720.000.000) 06/08 15:36:54 Started transferring output files
	Seconds spent in queue: 15416
...
040 (123720.000.000) 06/08 15:36:54 Finished transferring output files
...
005 (123720.000.000) 06/08 15:36:54 Job terminated.
	(1) Normal termination (return value 0)
		Usr 0 00:01:14, Sys 0 00:00:21  -  Run Remote Usage
		Usr 0 00:00:00, Sys 0 00:00:00  -  Run Local Usage
		Usr 0 00:01:14, Sys 0 00:00:21  -  Total Remote Usage
		Usr 0 00:00:00, Sys 0 00:00:00  -  Total Local Usage
	50940  -  Run Bytes Sent By Job
	19004  -  Run Bytes Received By Job
	50940  -  Total Bytes Sent By Job
	19004  -  Total Bytes Received By Job
	Partitionable Resources :      Usage  Request Allocated 
	   Cpus                 :       0.00        1         1 
	   Disk (KB)            : 2758798          20    293288 
	   Memory (MB)          :      67        2000      2000 

	Job terminated of its own accord at 2021-06-08T13:36:54Z.
...
