000 (113093.000.000) 06/03 12:59:32 Job submitted from host: <188.185.121.235:9618?addrs=188.185.121.235-9618+[2001-1458-d00-49--100-36e]-9618&alias=bigbird22.cern.ch&noUDP&sock=schedd_38044_991d>
...
040 (113093.000.000) 06/03 13:19:54 Started transferring input files
	Transferring to host: <188.184.182.163:9618?addrs=188.184.182.163-9618+[2001-1458-301-2b--100-275]-9618&alias=b7g41n2318.cern.ch&noUDP&sock=slot1_8_4678_d2f7_41990>
...
040 (113093.000.000) 06/03 13:19:54 Finished transferring input files
...
001 (113093.000.000) 06/03 13:19:54 Job executing on host: <188.184.182.163:9618?addrs=188.184.182.163-9618+[2001-1458-301-2b--100-275]-9618&alias=b7g41n2318.cern.ch&noUDP&sock=startd_3804_ce5a>
...
006 (113093.000.000) 06/03 13:20:03 Image size of job updated: 12248
	12  -  MemoryUsage of job (MB)
	12248  -  ResidentSetSize of job (KB)
...
006 (113093.000.000) 06/03 13:25:04 Image size of job updated: 790820
	66  -  MemoryUsage of job (MB)
	67488  -  ResidentSetSize of job (KB)
...
006 (113093.000.000) 06/03 14:10:08 Image size of job updated: 790820
	88  -  MemoryUsage of job (MB)
	89776  -  ResidentSetSize of job (KB)
...
040 (113093.000.000) 06/03 14:10:11 Started transferring output files
...
040 (113093.000.000) 06/03 14:10:11 Finished transferring output files
...
005 (113093.000.000) 06/03 14:10:11 Job terminated.
	(1) Normal termination (return value 0)
		Usr 0 00:01:03, Sys 0 00:00:14  -  Run Remote Usage
		Usr 0 00:00:00, Sys 0 00:00:00  -  Run Local Usage
		Usr 0 00:01:03, Sys 0 00:00:14  -  Total Remote Usage
		Usr 0 00:00:00, Sys 0 00:00:00  -  Total Local Usage
	42121  -  Run Bytes Sent By Job
	19004  -  Run Bytes Received By Job
	42121  -  Total Bytes Sent By Job
	19004  -  Total Bytes Received By Job
	Partitionable Resources :      Usage  Request Allocated 
	   Cpus                 :       0.01        1         1 
	   Disk (KB)            : 1952887          20    354486 
	   Memory (MB)          :      88        2000      2000 

	Job terminated of its own accord at 2021-06-03T12:10:11Z.
...
000 (116713.000.000) 06/04 09:06:19 Job submitted from host: <188.185.121.235:9618?addrs=188.185.121.235-9618+[2001-1458-d00-49--100-36e]-9618&alias=bigbird22.cern.ch&noUDP&sock=schedd_38044_991d>
...
040 (116713.000.000) 06/04 09:38:41 Started transferring input files
	Transferring to host: <188.184.197.36:9618?addrs=188.184.197.36-9618+[2001-1458-301-103--100-2b2]-9618&alias=b7g23n6666.cern.ch&noUDP&sock=slot1_11_32521_bc84_83569>
...
040 (116713.000.000) 06/04 09:38:41 Finished transferring input files
...
001 (116713.000.000) 06/04 09:38:41 Job executing on host: <188.184.197.36:9618?addrs=188.184.197.36-9618+[2001-1458-301-103--100-2b2]-9618&alias=b7g23n6666.cern.ch&noUDP&sock=startd_17531_62e5>
...
006 (116713.000.000) 06/04 09:38:49 Image size of job updated: 624804
	9  -  MemoryUsage of job (MB)
	9092  -  ResidentSetSize of job (KB)
...
006 (116713.000.000) 06/04 09:43:49 Image size of job updated: 790824
	66  -  MemoryUsage of job (MB)
	67492  -  ResidentSetSize of job (KB)
...
006 (116713.000.000) 06/04 10:48:55 Image size of job updated: 790824
	91  -  MemoryUsage of job (MB)
	92880  -  ResidentSetSize of job (KB)
...
040 (116713.000.000) 06/04 10:49:02 Started transferring output files
...
040 (116713.000.000) 06/04 10:49:02 Finished transferring output files
...
005 (116713.000.000) 06/04 10:49:02 Job terminated.
	(1) Normal termination (return value 0)
		Usr 0 00:01:35, Sys 0 00:00:17  -  Run Remote Usage
		Usr 0 00:00:00, Sys 0 00:00:00  -  Run Local Usage
		Usr 0 00:01:35, Sys 0 00:00:17  -  Total Remote Usage
		Usr 0 00:00:00, Sys 0 00:00:00  -  Total Local Usage
	50906  -  Run Bytes Sent By Job
	19004  -  Run Bytes Received By Job
	50906  -  Total Bytes Sent By Job
	19004  -  Total Bytes Received By Job
	Partitionable Resources :      Usage  Request Allocated 
	   Cpus                 :       0.01        1         1 
	   Disk (KB)            : 2758846          20    339455 
	   Memory (MB)          :      91        2000      2000 

	Job terminated of its own accord at 2021-06-04T08:49:02Z.
...
000 (124069.000.000) 06/08 10:52:57 Job submitted from host: <188.185.121.235:9618?addrs=188.185.121.235-9618+[2001-1458-d00-49--100-36e]-9618&alias=bigbird22.cern.ch&noUDP&sock=schedd_38044_991d>
...
040 (124069.000.000) 06/08 11:23:41 Entered queue to transfer input files
	Transferring to host: <128.142.73.209:9618?addrs=128.142.73.209-9618&alias=b7s11n9982.cern.ch&noUDP&sock=slot1_9_6165_8cd4_927>
...
040 (124069.000.000) 06/08 11:53:59 Started transferring input files
	Seconds spent in queue: 1818
...
040 (124069.000.000) 06/08 11:53:59 Finished transferring input files
...
001 (124069.000.000) 06/08 11:53:59 Job executing on host: <128.142.73.209:9618?addrs=128.142.73.209-9618&alias=b7s11n9982.cern.ch&noUDP&sock=startd_4970_95c8>
...
006 (124069.000.000) 06/08 11:54:08 Image size of job updated: 321800
	2  -  MemoryUsage of job (MB)
	1732  -  ResidentSetSize of job (KB)
...
006 (124069.000.000) 06/08 11:59:09 Image size of job updated: 791456
	67  -  MemoryUsage of job (MB)
	67768  -  ResidentSetSize of job (KB)
...
040 (124069.000.000) 06/08 13:21:39 Started transferring output files
	Seconds spent in queue: 7078
...
040 (124069.000.000) 06/08 13:21:39 Finished transferring output files
...
005 (124069.000.000) 06/08 13:21:39 Job terminated.
	(1) Normal termination (return value 0)
		Usr 0 00:00:51, Sys 0 00:00:15  -  Run Remote Usage
		Usr 0 00:00:00, Sys 0 00:00:00  -  Run Local Usage
		Usr 0 00:00:51, Sys 0 00:00:15  -  Total Remote Usage
		Usr 0 00:00:00, Sys 0 00:00:00  -  Total Local Usage
	50902  -  Run Bytes Sent By Job
	19004  -  Run Bytes Received By Job
	50902  -  Total Bytes Sent By Job
	19004  -  Total Bytes Received By Job
	Partitionable Resources :      Usage  Request Allocated 
	   Cpus                 :       0.01        1         1 
	   Disk (KB)            : 2758844          20    169909 
	   Memory (MB)          :      67        2000      2000 

	Job terminated of its own accord at 2021-06-08T11:21:39Z.
...
