000 (108847.000.000) 06/02 16:39:22 Job submitted from host: <188.185.121.235:9618?addrs=188.185.121.235-9618+[2001-1458-d00-49--100-36e]-9618&alias=bigbird22.cern.ch&noUDP&sock=schedd_38044_991d>
...
040 (108847.000.000) 06/02 16:57:24 Started transferring input files
	Transferring to host: <188.184.213.125:9618?addrs=188.184.213.125-9618+[2001-1458-301-10c--100-1a7]-9618&alias=b7g24n0665.cern.ch&noUDP&sock=slot1_3_14217_e99b_88157>
...
040 (108847.000.000) 06/02 16:57:24 Finished transferring input files
...
001 (108847.000.000) 06/02 16:57:24 Job executing on host: <188.184.213.125:9618?addrs=188.184.213.125-9618+[2001-1458-301-10c--100-1a7]-9618&alias=b7g24n0665.cern.ch&noUDP&sock=startd_2071_1cba>
...
006 (108847.000.000) 06/02 16:57:33 Image size of job updated: 44576
	42  -  MemoryUsage of job (MB)
	42616  -  ResidentSetSize of job (KB)
...
006 (108847.000.000) 06/02 17:02:33 Image size of job updated: 790796
	66  -  MemoryUsage of job (MB)
	67496  -  ResidentSetSize of job (KB)
...
006 (108847.000.000) 06/02 17:17:34 Image size of job updated: 790796
	121  -  MemoryUsage of job (MB)
	123472  -  ResidentSetSize of job (KB)
...
040 (108847.000.000) 06/02 17:19:56 Started transferring output files
...
040 (108847.000.000) 06/02 17:19:56 Finished transferring output files
...
005 (108847.000.000) 06/02 17:19:56 Job terminated.
	(1) Normal termination (return value 0)
		Usr 0 00:03:00, Sys 0 00:00:28  -  Run Remote Usage
		Usr 0 00:00:00, Sys 0 00:00:00  -  Run Local Usage
		Usr 0 00:03:00, Sys 0 00:00:28  -  Total Remote Usage
		Usr 0 00:00:00, Sys 0 00:00:00  -  Total Local Usage
	65880  -  Run Bytes Sent By Job
	19195  -  Run Bytes Received By Job
	65880  -  Total Bytes Sent By Job
	19195  -  Total Bytes Received By Job
	Partitionable Resources :      Usage  Request Allocated 
	   Cpus                 :       0.01        1         1 
	   Disk (KB)            : 4242072          20    247920 
	   Memory (MB)          :     121        2000      2000 

	Job terminated of its own accord at 2021-06-02T15:19:56Z.
...
