000 (147381.000.000) 06/16 08:27:25 Job submitted from host: <188.185.121.235:9618?addrs=188.185.121.235-9618+[2001-1458-d00-49--100-36e]-9618&alias=bigbird22.cern.ch&noUDP&sock=schedd_38044_991d>
...
040 (147381.000.000) 06/16 08:52:33 Started transferring input files
	Transferring to host: <128.142.85.26:9618?addrs=128.142.85.26-9618+[2001-1458-301-f6--100-6de]-9618&alias=b7s14n6571.cern.ch&noUDP&sock=slot1_15_5896_03e9_49395>
...
001 (147381.000.000) 06/16 08:52:33 Job executing on host: <128.142.85.26:9618?addrs=128.142.85.26-9618+[2001-1458-301-f6--100-6de]-9618&alias=b7s14n6571.cern.ch&noUDP&sock=startd_4672_2e8f>
...
040 (147381.000.000) 06/16 08:52:33 Finished transferring input files
...
006 (147381.000.000) 06/16 08:52:42 Image size of job updated: 791428
	67  -  MemoryUsage of job (MB)
	67776  -  ResidentSetSize of job (KB)
...
006 (147381.000.000) 06/16 09:12:44 Image size of job updated: 791428
	110  -  MemoryUsage of job (MB)
	111712  -  ResidentSetSize of job (KB)
...
040 (147381.000.000) 06/16 09:13:27 Started transferring output files
...
040 (147381.000.000) 06/16 09:13:27 Finished transferring output files
...
005 (147381.000.000) 06/16 09:13:27 Job terminated.
	(1) Normal termination (return value 0)
		Usr 0 00:01:17, Sys 0 00:00:22  -  Run Remote Usage
		Usr 0 00:00:00, Sys 0 00:00:00  -  Run Local Usage
		Usr 0 00:01:17, Sys 0 00:00:22  -  Total Remote Usage
		Usr 0 00:00:00, Sys 0 00:00:00  -  Total Local Usage
	48209  -  Run Bytes Sent By Job
	19004  -  Run Bytes Received By Job
	48209  -  Total Bytes Sent By Job
	19004  -  Total Bytes Received By Job
	Partitionable Resources :      Usage  Request Allocated 
	   Cpus                 :       0.00        1         1 
	   Disk (KB)            : 3073977          20    284382 
	   Memory (MB)          :     110        2000      2000 

	Job terminated of its own accord at 2021-06-16T07:13:27Z.
...
