000 (148596.000.000) 06/16 08:52:41 Job submitted from host: <188.185.121.235:9618?addrs=188.185.121.235-9618+[2001-1458-d00-49--100-36e]-9618&alias=bigbird22.cern.ch&noUDP&sock=schedd_38044_991d>
...
040 (148596.000.000) 06/16 09:45:53 Started transferring input files
	Transferring to host: <128.142.87.109:9618?addrs=128.142.87.109-9618+[2001-1458-301-f6--100-751]-9618&alias=b7s14n5340.cern.ch&noUDP&sock=slot1_15_4976_cac3_42741>
...
040 (148596.000.000) 06/16 09:45:53 Finished transferring input files
...
001 (148596.000.000) 06/16 09:45:53 Job executing on host: <128.142.87.109:9618?addrs=128.142.87.109-9618+[2001-1458-301-f6--100-751]-9618&alias=b7s14n5340.cern.ch&noUDP&sock=startd_3921_0eef>
...
006 (148596.000.000) 06/16 09:46:02 Image size of job updated: 625444
	9  -  MemoryUsage of job (MB)
	8564  -  ResidentSetSize of job (KB)
...
006 (148596.000.000) 06/16 09:51:03 Image size of job updated: 791456
	67  -  MemoryUsage of job (MB)
	67776  -  ResidentSetSize of job (KB)
...
040 (148596.000.000) 06/16 10:54:59 Started transferring output files
...
040 (148596.000.000) 06/16 10:54:59 Finished transferring output files
...
005 (148596.000.000) 06/16 10:54:59 Job terminated.
	(1) Normal termination (return value 0)
		Usr 0 00:00:53, Sys 0 00:00:13  -  Run Remote Usage
		Usr 0 00:00:00, Sys 0 00:00:00  -  Run Local Usage
		Usr 0 00:00:53, Sys 0 00:00:13  -  Total Remote Usage
		Usr 0 00:00:00, Sys 0 00:00:00  -  Total Local Usage
	45978  -  Run Bytes Sent By Job
	19004  -  Run Bytes Received By Job
	45978  -  Total Bytes Sent By Job
	19004  -  Total Bytes Received By Job
	Partitionable Resources :      Usage  Request Allocated 
	   Cpus                 :       0.01        1         1 
	   Disk (KB)            : 2366781          20    268663 
	   Memory (MB)          :      67        2000      2000 

	Job terminated of its own accord at 2021-06-16T08:54:59Z.
...
