000 (112125.000.000) 06/03 12:43:53 Job submitted from host: <188.185.121.235:9618?addrs=188.185.121.235-9618+[2001-1458-d00-49--100-36e]-9618&alias=bigbird22.cern.ch&noUDP&sock=schedd_38044_991d>
...
040 (112125.000.000) 06/03 13:10:10 Started transferring input files
	Transferring to host: <188.184.168.86:9618?addrs=188.184.168.86-9618+[2001-1458-301-c0--100-45e]-9618&alias=b7g52n8594.cern.ch&noUDP&sock=slot1_5_27672_2d5e_85471>
...
040 (112125.000.000) 06/03 13:10:10 Finished transferring input files
...
001 (112125.000.000) 06/03 13:10:10 Job executing on host: <188.184.168.86:9618?addrs=188.184.168.86-9618+[2001-1458-301-c0--100-45e]-9618&alias=b7g52n8594.cern.ch&noUDP&sock=startd_17790_09ec>
...
006 (112125.000.000) 06/03 13:10:19 Image size of job updated: 395408
	35  -  MemoryUsage of job (MB)
	34960  -  ResidentSetSize of job (KB)
...
006 (112125.000.000) 06/03 13:15:20 Image size of job updated: 790800
	66  -  MemoryUsage of job (MB)
	67496  -  ResidentSetSize of job (KB)
...
006 (112125.000.000) 06/03 13:55:24 Image size of job updated: 790800
	97  -  MemoryUsage of job (MB)
	98936  -  ResidentSetSize of job (KB)
...
040 (112125.000.000) 06/03 13:56:38 Started transferring output files
...
040 (112125.000.000) 06/03 13:56:38 Finished transferring output files
...
005 (112125.000.000) 06/03 13:56:38 Job terminated.
	(1) Normal termination (return value 0)
		Usr 0 00:01:52, Sys 0 00:00:21  -  Run Remote Usage
		Usr 0 00:00:00, Sys 0 00:00:00  -  Run Local Usage
		Usr 0 00:01:52, Sys 0 00:00:21  -  Total Remote Usage
		Usr 0 00:00:00, Sys 0 00:00:00  -  Total Local Usage
	66913  -  Run Bytes Sent By Job
	19004  -  Run Bytes Received By Job
	66913  -  Total Bytes Sent By Job
	19004  -  Total Bytes Received By Job
	Partitionable Resources :      Usage  Request Allocated 
	   Cpus                 :       0.01        1         1 
	   Disk (KB)            : 4241334          20    235731 
	   Memory (MB)          :      97        2000      2000 

	Job terminated of its own accord at 2021-06-03T11:56:38Z.
...
000 (115732.000.000) 06/04 08:53:24 Job submitted from host: <188.185.121.235:9618?addrs=188.185.121.235-9618+[2001-1458-d00-49--100-36e]-9618&alias=bigbird22.cern.ch&noUDP&sock=schedd_38044_991d>
...
040 (115732.000.000) 06/04 08:58:55 Started transferring input files
	Transferring to host: <128.142.80.196:9618?addrs=128.142.80.196-9618+[2001-1458-301-f5--100-4cb]-9618&alias=b7s13n4929.cern.ch&noUDP&sock=slot1_6_25366_6441_88209>
...
001 (115732.000.000) 06/04 08:58:55 Job executing on host: <128.142.80.196:9618?addrs=128.142.80.196-9618+[2001-1458-301-f5--100-4cb]-9618&alias=b7s13n4929.cern.ch&noUDP&sock=startd_16853_55af>
...
040 (115732.000.000) 06/04 08:58:55 Finished transferring input files
...
006 (115732.000.000) 06/04 08:59:04 Image size of job updated: 395412
	34  -  MemoryUsage of job (MB)
	34432  -  ResidentSetSize of job (KB)
...
006 (115732.000.000) 06/04 09:04:05 Image size of job updated: 790820
	66  -  MemoryUsage of job (MB)
	67496  -  ResidentSetSize of job (KB)
...
040 (115732.000.000) 06/04 10:16:58 Started transferring output files
...
040 (115732.000.000) 06/04 10:16:58 Finished transferring output files
...
005 (115732.000.000) 06/04 10:16:58 Job terminated.
	(1) Normal termination (return value 0)
		Usr 0 00:01:33, Sys 0 00:00:20  -  Run Remote Usage
		Usr 0 00:00:00, Sys 0 00:00:00  -  Run Local Usage
		Usr 0 00:01:33, Sys 0 00:00:20  -  Total Remote Usage
		Usr 0 00:00:00, Sys 0 00:00:00  -  Total Local Usage
	61282  -  Run Bytes Sent By Job
	19004  -  Run Bytes Received By Job
	61282  -  Total Bytes Sent By Job
	19004  -  Total Bytes Received By Job
	Partitionable Resources :      Usage  Request Allocated 
	   Cpus                 :       0.00        1         1 
	   Disk (KB)            : 3713754          20    257373 
	   Memory (MB)          :      66        2000      2000 

	Job terminated of its own accord at 2021-06-04T08:16:58Z.
...
000 (123079.000.000) 06/08 10:37:49 Job submitted from host: <188.185.121.235:9618?addrs=188.185.121.235-9618+[2001-1458-d00-49--100-36e]-9618&alias=bigbird22.cern.ch&noUDP&sock=schedd_38044_991d>
...
040 (123079.000.000) 06/08 10:58:26 Started transferring input files
	Transferring to host: <128.142.86.234:9618?addrs=128.142.86.234-9618+[2001-1458-301-f6--100-4cb]-9618&alias=b7s14n0033.cern.ch&noUDP&sock=slot1_12_2175_3bf2_106346>
...
001 (123079.000.000) 06/08 10:58:26 Job executing on host: <128.142.86.234:9618?addrs=128.142.86.234-9618+[2001-1458-301-f6--100-4cb]-9618&alias=b7s14n0033.cern.ch&noUDP&sock=startd_16568_d931>
...
040 (123079.000.000) 06/08 10:58:26 Finished transferring input files
...
006 (123079.000.000) 06/08 10:58:35 Image size of job updated: 35404
	35  -  MemoryUsage of job (MB)
	35404  -  ResidentSetSize of job (KB)
...
006 (123079.000.000) 06/08 11:03:36 Image size of job updated: 791452
	67  -  MemoryUsage of job (MB)
	67776  -  ResidentSetSize of job (KB)
...
040 (123079.000.000) 06/08 11:11:51 Entered queue to transfer output files
...
040 (123079.000.000) 06/08 11:15:58 Started transferring output files
...
040 (123079.000.000) 06/08 11:15:59 Finished transferring output files
...
005 (123079.000.000) 06/08 11:15:59 Job terminated.
	(1) Normal termination (return value 0)
		Usr 0 00:02:13, Sys 0 00:00:21  -  Run Remote Usage
		Usr 0 00:00:00, Sys 0 00:00:00  -  Run Local Usage
		Usr 0 00:02:13, Sys 0 00:00:21  -  Total Remote Usage
		Usr 0 00:00:00, Sys 0 00:00:00  -  Total Local Usage
	61239  -  Run Bytes Sent By Job
	19004  -  Run Bytes Received By Job
	61239  -  Total Bytes Sent By Job
	19004  -  Total Bytes Received By Job
	Partitionable Resources :      Usage  Request Allocated 
	   Cpus                 :       0.04        1         1 
	   Disk (KB)            : 3713754          20    268720 
	   Memory (MB)          :      67        2000      2000 

	Job terminated of its own accord at 2021-06-08T09:11:46Z.
...
