000 (113330.000.000) 06/03 13:03:42 Job submitted from host: <188.185.121.235:9618?addrs=188.185.121.235-9618+[2001-1458-d00-49--100-36e]-9618&alias=bigbird22.cern.ch&noUDP&sock=schedd_38044_991d>
...
040 (113330.000.000) 06/03 13:21:28 Started transferring input files
	Transferring to host: <188.184.198.13:9618?addrs=188.184.198.13-9618+[2001-1458-301-c1--100-93]-9618&alias=b7g52n9840.cern.ch&noUDP&sock=slot1_13_8830_48a0_84718>
...
040 (113330.000.000) 06/03 13:21:28 Finished transferring input files
...
001 (113330.000.000) 06/03 13:21:28 Job executing on host: <188.184.198.13:9618?addrs=188.184.198.13-9618+[2001-1458-301-c1--100-93]-9618&alias=b7g52n9840.cern.ch&noUDP&sock=startd_17414_2250>
...
006 (113330.000.000) 06/03 13:21:36 Image size of job updated: 624804
	4  -  MemoryUsage of job (MB)
	3544  -  ResidentSetSize of job (KB)
...
006 (113330.000.000) 06/03 13:26:36 Image size of job updated: 790824
	40  -  MemoryUsage of job (MB)
	40832  -  ResidentSetSize of job (KB)
...
006 (113330.000.000) 06/03 13:31:37 Image size of job updated: 790824
	41  -  MemoryUsage of job (MB)
	41476  -  ResidentSetSize of job (KB)
...
006 (113330.000.000) 06/03 13:36:38 Image size of job updated: 790824
	66  -  MemoryUsage of job (MB)
	67508  -  ResidentSetSize of job (KB)
...
040 (113330.000.000) 06/03 16:03:58 Started transferring output files
...
040 (113330.000.000) 06/03 16:03:58 Finished transferring output files
...
005 (113330.000.000) 06/03 16:03:58 Job terminated.
	(1) Normal termination (return value 0)
		Usr 0 00:00:44, Sys 0 00:00:15  -  Run Remote Usage
		Usr 0 00:00:00, Sys 0 00:00:00  -  Run Local Usage
		Usr 0 00:00:44, Sys 0 00:00:15  -  Total Remote Usage
		Usr 0 00:00:00, Sys 0 00:00:00  -  Total Local Usage
	41706  -  Run Bytes Sent By Job
	19004  -  Run Bytes Received By Job
	41706  -  Total Bytes Sent By Job
	19004  -  Total Bytes Received By Job
	Partitionable Resources :      Usage  Request Allocated 
	   Cpus                 :       0.00        1         1 
	   Disk (KB)            : 1950065          20    115188 
	   Memory (MB)          :      66        2000      2000 

	Job terminated of its own accord at 2021-06-03T14:03:58Z.
...
000 (116974.000.000) 06/04 09:09:30 Job submitted from host: <188.185.121.235:9618?addrs=188.185.121.235-9618+[2001-1458-d00-49--100-36e]-9618&alias=bigbird22.cern.ch&noUDP&sock=schedd_38044_991d>
...
040 (116974.000.000) 06/04 09:49:20 Started transferring input files
	Transferring to host: <128.142.72.187:9618?addrs=128.142.72.187-9618+[2001-1458-301-75--100-560]-9618&alias=b7s11n0450.cern.ch&noUDP&sock=slot1_15_4197_ea84_46411>
...
040 (116974.000.000) 06/04 09:49:20 Finished transferring input files
...
001 (116974.000.000) 06/04 09:49:20 Job executing on host: <128.142.72.187:9618?addrs=128.142.72.187-9618+[2001-1458-301-75--100-560]-9618&alias=b7s11n0450.cern.ch&noUDP&sock=startd_3529_2dcf>
...
006 (116974.000.000) 06/04 09:49:29 Image size of job updated: 624804
	7  -  MemoryUsage of job (MB)
	6436  -  ResidentSetSize of job (KB)
...
006 (116974.000.000) 06/04 09:54:30 Image size of job updated: 790824
	66  -  MemoryUsage of job (MB)
	67508  -  ResidentSetSize of job (KB)
...
040 (116974.000.000) 06/04 10:51:15 Started transferring output files
...
040 (116974.000.000) 06/04 10:51:15 Finished transferring output files
...
005 (116974.000.000) 06/04 10:51:15 Job terminated.
	(1) Normal termination (return value 0)
		Usr 0 00:01:02, Sys 0 00:00:13  -  Run Remote Usage
		Usr 0 00:00:00, Sys 0 00:00:00  -  Run Local Usage
		Usr 0 00:01:02, Sys 0 00:00:13  -  Total Remote Usage
		Usr 0 00:00:00, Sys 0 00:00:00  -  Total Local Usage
	50776  -  Run Bytes Sent By Job
	19004  -  Run Bytes Received By Job
	50776  -  Total Bytes Sent By Job
	19004  -  Total Bytes Received By Job
	Partitionable Resources :      Usage  Request Allocated 
	   Cpus                 :       0.99        1         1 
	   Disk (KB)            : 2754735          20    266827 
	   Memory (MB)          :      66        2000      2000 

	Job terminated of its own accord at 2021-06-04T08:51:15Z.
...
000 (124309.000.000) 06/08 10:56:31 Job submitted from host: <188.185.121.235:9618?addrs=188.185.121.235-9618+[2001-1458-d00-49--100-36e]-9618&alias=bigbird22.cern.ch&noUDP&sock=schedd_38044_991d>
...
040 (124309.000.000) 06/08 12:30:18 Started transferring input files
	Transferring to host: <188.184.212.110:9618?addrs=188.184.212.110-9618+[2001-1458-301-10c--100-6f]-9618&alias=b7g24n0225.cern.ch&noUDP&sock=slot1_1_4502_d0f0_44262>
...
001 (124309.000.000) 06/08 12:30:18 Job executing on host: <188.184.212.110:9618?addrs=188.184.212.110-9618+[2001-1458-301-10c--100-6f]-9618&alias=b7g24n0225.cern.ch&noUDP&sock=startd_3604_9f69>
...
040 (124309.000.000) 06/08 12:30:18 Finished transferring input files
...
006 (124309.000.000) 06/08 12:30:26 Image size of job updated: 625444
	8  -  MemoryUsage of job (MB)
	7440  -  ResidentSetSize of job (KB)
...
006 (124309.000.000) 06/08 12:35:26 Image size of job updated: 791456
	67  -  MemoryUsage of job (MB)
	67772  -  ResidentSetSize of job (KB)
...
040 (124309.000.000) 06/08 13:37:44 Started transferring output files
...
040 (124309.000.000) 06/08 13:37:44 Finished transferring output files
...
005 (124309.000.000) 06/08 13:37:44 Job terminated.
	(1) Normal termination (return value 0)
		Usr 0 00:01:25, Sys 0 00:00:14  -  Run Remote Usage
		Usr 0 00:00:00, Sys 0 00:00:00  -  Run Local Usage
		Usr 0 00:01:25, Sys 0 00:00:14  -  Total Remote Usage
		Usr 0 00:00:00, Sys 0 00:00:00  -  Total Local Usage
	50790  -  Run Bytes Sent By Job
	19004  -  Run Bytes Received By Job
	50790  -  Total Bytes Sent By Job
	19004  -  Total Bytes Received By Job
	Partitionable Resources :      Usage  Request Allocated 
	   Cpus                 :       0.98        1         1 
	   Disk (KB)            : 2754735          20    288351 
	   Memory (MB)          :      67        2000      2000 

	Job terminated of its own accord at 2021-06-08T11:37:44Z.
...
