000 (146944.000.000) 06/16 08:18:13 Job submitted from host: <188.185.121.235:9618?addrs=188.185.121.235-9618+[2001-1458-d00-49--100-36e]-9618&alias=bigbird22.cern.ch&noUDP&sock=schedd_38044_991d>
...
040 (146944.000.000) 06/16 08:45:17 Started transferring input files
	Transferring to host: <128.142.83.232:9618?addrs=128.142.83.232-9618+[2001-1458-301-f5--100-5da]-9618&alias=b7s13n1302.cern.ch&noUDP&sock=slot1_2_26666_5bf5_96025>
...
001 (146944.000.000) 06/16 08:45:17 Job executing on host: <128.142.83.232:9618?addrs=128.142.83.232-9618+[2001-1458-301-f5--100-5da]-9618&alias=b7s13n1302.cern.ch&noUDP&sock=startd_16710_3fa4>
...
040 (146944.000.000) 06/16 08:45:17 Finished transferring input files
...
006 (146944.000.000) 06/16 08:45:25 Image size of job updated: 791444
	67  -  MemoryUsage of job (MB)
	67772  -  ResidentSetSize of job (KB)
...
040 (146944.000.000) 06/16 08:45:48 Started transferring output files
...
040 (146944.000.000) 06/16 08:45:50 Finished transferring output files
...
005 (146944.000.000) 06/16 08:45:53 Job terminated.
	(1) Normal termination (return value 0)
		Usr 0 00:00:06, Sys 0 00:00:02  -  Run Remote Usage
		Usr 0 00:00:00, Sys 0 00:00:00  -  Run Local Usage
		Usr 0 00:00:06, Sys 0 00:00:02  -  Total Remote Usage
		Usr 0 00:00:00, Sys 0 00:00:00  -  Total Local Usage
	21679  -  Run Bytes Sent By Job
	19004  -  Run Bytes Received By Job
	21679  -  Total Bytes Sent By Job
	19004  -  Total Bytes Received By Job
	Partitionable Resources :    Usage  Request Allocated 
	   Cpus                 :                 1         1 
	   Disk (KB)            :   466130       20    286622 
	   Memory (MB)          :       67     2000      2000 

	Job terminated of its own accord at 2021-06-16T06:45:47Z.
...
