000 (113382.000.000) 06/03 13:04:29 Job submitted from host: <188.185.121.235:9618?addrs=188.185.121.235-9618+[2001-1458-d00-49--100-36e]-9618&alias=bigbird22.cern.ch&noUDP&sock=schedd_38044_991d>
...
040 (113382.000.000) 06/03 13:21:52 Started transferring input files
	Transferring to host: <128.142.83.242:9618?addrs=128.142.83.242-9618+[2001-1458-301-f5--100-3fa]-9618&alias=b7s13n5002.cern.ch&noUDP&sock=slot1_8_6860_3d90_30065>
...
040 (113382.000.000) 06/03 13:21:52 Finished transferring input files
...
001 (113382.000.000) 06/03 13:21:52 Job executing on host: <128.142.83.242:9618?addrs=128.142.83.242-9618+[2001-1458-301-f5--100-3fa]-9618&alias=b7s13n5002.cern.ch&noUDP&sock=startd_5545_fcbd>
...
006 (113382.000.000) 06/03 13:22:01 Image size of job updated: 624804
	13  -  MemoryUsage of job (MB)
	12680  -  ResidentSetSize of job (KB)
...
006 (113382.000.000) 06/03 13:27:01 Image size of job updated: 790820
	66  -  MemoryUsage of job (MB)
	67500  -  ResidentSetSize of job (KB)
...
040 (113382.000.000) 06/03 13:54:10 Started transferring output files
...
040 (113382.000.000) 06/03 13:54:10 Finished transferring output files
...
005 (113382.000.000) 06/03 13:54:11 Job terminated.
	(1) Normal termination (return value 0)
		Usr 0 00:00:38, Sys 0 00:00:11  -  Run Remote Usage
		Usr 0 00:00:00, Sys 0 00:00:00  -  Run Local Usage
		Usr 0 00:00:38, Sys 0 00:00:11  -  Total Remote Usage
		Usr 0 00:00:00, Sys 0 00:00:00  -  Total Local Usage
	41873  -  Run Bytes Sent By Job
	19004  -  Run Bytes Received By Job
	41873  -  Total Bytes Sent By Job
	19004  -  Total Bytes Received By Job
	Partitionable Resources :      Usage  Request Allocated 
	   Cpus                 :       0.01        1         1 
	   Disk (KB)            : 1952408          20    208538 
	   Memory (MB)          :      66        2000      2000 

	Job terminated of its own accord at 2021-06-03T11:54:10Z.
...
000 (117040.000.000) 06/04 09:10:18 Job submitted from host: <188.185.121.235:9618?addrs=188.185.121.235-9618+[2001-1458-d00-49--100-36e]-9618&alias=bigbird22.cern.ch&noUDP&sock=schedd_38044_991d>
...
040 (117040.000.000) 06/04 09:54:47 Started transferring input files
	Transferring to host: <188.184.212.64:9618?addrs=188.184.212.64-9618+[2001-1458-301-10c--100-54]-9618&alias=b7g24n0135.cern.ch&noUDP&sock=slot1_8_18603_3f0e_83412>
...
040 (117040.000.000) 06/04 09:54:47 Finished transferring input files
...
001 (117040.000.000) 06/04 09:54:47 Job executing on host: <188.184.212.64:9618?addrs=188.184.212.64-9618+[2001-1458-301-10c--100-54]-9618&alias=b7g24n0135.cern.ch&noUDP&sock=startd_20234_6b63>
...
006 (117040.000.000) 06/04 09:54:56 Image size of job updated: 624804
	42  -  MemoryUsage of job (MB)
	42500  -  ResidentSetSize of job (KB)
...
006 (117040.000.000) 06/04 09:59:25 Image size of job updated: 790796
	42  -  MemoryUsage of job (MB)
	42500  -  ResidentSetSize of job (KB)
...
040 (117040.000.000) 06/04 09:59:26 Started transferring output files
...
040 (117040.000.000) 06/04 09:59:26 Finished transferring output files
...
005 (117040.000.000) 06/04 09:59:26 Job terminated.
	(1) Normal termination (return value 0)
		Usr 0 00:01:27, Sys 0 00:00:11  -  Run Remote Usage
		Usr 0 00:00:00, Sys 0 00:00:00  -  Run Local Usage
		Usr 0 00:01:27, Sys 0 00:00:11  -  Total Remote Usage
		Usr 0 00:00:00, Sys 0 00:00:00  -  Total Local Usage
	36881  -  Run Bytes Sent By Job
	19004  -  Run Bytes Received By Job
	36881  -  Total Bytes Sent By Job
	19004  -  Total Bytes Received By Job
	Partitionable Resources :      Usage  Request Allocated 
	   Cpus                 :       1.00        1         1 
	   Disk (KB)            : 2758875          20    300365 
	   Memory (MB)          :      42        2000      2000 

	Job terminated of its own accord at 2021-06-04T07:59:25Z.
...
000 (124366.000.000) 06/08 10:57:14 Job submitted from host: <188.185.121.235:9618?addrs=188.185.121.235-9618+[2001-1458-d00-49--100-36e]-9618&alias=bigbird22.cern.ch&noUDP&sock=schedd_38044_991d>
...
040 (124366.000.000) 06/08 12:33:24 Started transferring input files
	Transferring to host: <128.142.79.110:9618?addrs=128.142.79.110-9618+[2001-1458-301-f4--100-cd]-9618&alias=b7s12n1832.cern.ch&noUDP&sock=slot1_8_8729_1ebc_86645>
...
001 (124366.000.000) 06/08 12:33:24 Job executing on host: <128.142.79.110:9618?addrs=128.142.79.110-9618+[2001-1458-301-f4--100-cd]-9618&alias=b7s12n1832.cern.ch&noUDP&sock=startd_15267_787a>
...
040 (124366.000.000) 06/08 12:33:24 Finished transferring input files
...
006 (124366.000.000) 06/08 12:33:33 Image size of job updated: 791384
	42  -  MemoryUsage of job (MB)
	42804  -  ResidentSetSize of job (KB)
...
006 (124366.000.000) 06/08 12:38:34 Image size of job updated: 791460
	67  -  MemoryUsage of job (MB)
	67792  -  ResidentSetSize of job (KB)
...
040 (124366.000.000) 06/08 12:39:43 Started transferring output files
...
040 (124366.000.000) 06/08 12:39:44 Finished transferring output files
...
005 (124366.000.000) 06/08 12:39:44 Job terminated.
	(1) Normal termination (return value 0)
		Usr 0 00:00:52, Sys 0 00:00:12  -  Run Remote Usage
		Usr 0 00:00:00, Sys 0 00:00:00  -  Run Local Usage
		Usr 0 00:00:52, Sys 0 00:00:12  -  Total Remote Usage
		Usr 0 00:00:00, Sys 0 00:00:00  -  Total Local Usage
	47511  -  Run Bytes Sent By Job
	19004  -  Run Bytes Received By Job
	47511  -  Total Bytes Sent By Job
	19004  -  Total Bytes Received By Job
	Partitionable Resources :      Usage  Request Allocated 
	   Cpus                 :       0.08        1         1 
	   Disk (KB)            : 2758885          20    292578 
	   Memory (MB)          :      67        2000      2000 

	Job terminated of its own accord at 2021-06-08T10:39:43Z.
...
