000 (147084.000.000) 06/16 08:20:33 Job submitted from host: <188.185.121.235:9618?addrs=188.185.121.235-9618+[2001-1458-d00-49--100-36e]-9618&alias=bigbird22.cern.ch&noUDP&sock=schedd_38044_991d>
...
040 (147084.000.000) 06/16 08:46:40 Started transferring input files
	Transferring to host: <128.142.85.83:9618?addrs=128.142.85.83-9618+[2001-1458-301-f6--100-48a]-9618&alias=b7s14n3703.cern.ch&noUDP&sock=slot1_15_6629_7ae7_42597>
...
001 (147084.000.000) 06/16 08:46:40 Job executing on host: <128.142.85.83:9618?addrs=128.142.85.83-9618+[2001-1458-301-f6--100-48a]-9618&alias=b7s14n3703.cern.ch&noUDP&sock=startd_5232_4b98>
...
040 (147084.000.000) 06/16 08:46:40 Finished transferring input files
...
006 (147084.000.000) 06/16 08:46:48 Image size of job updated: 7520
	8  -  MemoryUsage of job (MB)
	7520  -  ResidentSetSize of job (KB)
...
006 (147084.000.000) 06/16 08:51:48 Image size of job updated: 791456
	67  -  MemoryUsage of job (MB)
	67772  -  ResidentSetSize of job (KB)
...
040 (147084.000.000) 06/16 08:53:46 Started transferring output files
...
040 (147084.000.000) 06/16 08:53:46 Finished transferring output files
...
005 (147084.000.000) 06/16 08:53:46 Job terminated.
	(1) Normal termination (return value 0)
		Usr 0 00:00:09, Sys 0 00:00:03  -  Run Remote Usage
		Usr 0 00:00:00, Sys 0 00:00:00  -  Run Local Usage
		Usr 0 00:00:09, Sys 0 00:00:03  -  Total Remote Usage
		Usr 0 00:00:00, Sys 0 00:00:00  -  Total Local Usage
	23558  -  Run Bytes Sent By Job
	19004  -  Run Bytes Received By Job
	23558  -  Total Bytes Sent By Job
	19004  -  Total Bytes Received By Job
	Partitionable Resources :    Usage  Request Allocated 
	   Cpus                 :                 1         1 
	   Disk (KB)            :   466459       20    279771 
	   Memory (MB)          :       67     2000      2000 

	Job terminated of its own accord at 2021-06-16T06:53:45Z.
...
