000 (108754.000.000) 06/02 16:37:36 Job submitted from host: <188.185.121.235:9618?addrs=188.185.121.235-9618+[2001-1458-d00-49--100-36e]-9618&alias=bigbird22.cern.ch&noUDP&sock=schedd_38044_991d>
...
040 (108754.000.000) 06/02 16:49:48 Started transferring input files
	Transferring to host: <128.142.76.237:9618?addrs=128.142.76.237-9618+[2001-1458-301-f4--100-431]-9618&alias=b7s12n3009.cern.ch&noUDP&sock=slot1_13_5757_13c3_29475>
...
040 (108754.000.000) 06/02 16:49:48 Finished transferring input files
...
001 (108754.000.000) 06/02 16:49:48 Job executing on host: <128.142.76.237:9618?addrs=128.142.76.237-9618+[2001-1458-301-f4--100-431]-9618&alias=b7s12n3009.cern.ch&noUDP&sock=startd_4606_e94f>
...
006 (108754.000.000) 06/02 16:49:57 Image size of job updated: 774348
	35  -  MemoryUsage of job (MB)
	35012  -  ResidentSetSize of job (KB)
...
006 (108754.000.000) 06/02 16:54:58 Image size of job updated: 790792
	66  -  MemoryUsage of job (MB)
	67508  -  ResidentSetSize of job (KB)
...
040 (108754.000.000) 06/02 17:03:34 Started transferring output files
...
040 (108754.000.000) 06/02 17:03:34 Finished transferring output files
...
005 (108754.000.000) 06/02 17:03:35 Job terminated.
	(1) Normal termination (return value 0)
		Usr 0 00:01:42, Sys 0 00:00:23  -  Run Remote Usage
		Usr 0 00:00:00, Sys 0 00:00:00  -  Run Local Usage
		Usr 0 00:01:42, Sys 0 00:00:23  -  Total Remote Usage
		Usr 0 00:00:00, Sys 0 00:00:00  -  Total Local Usage
	66886  -  Run Bytes Sent By Job
	19195  -  Run Bytes Received By Job
	66886  -  Total Bytes Sent By Job
	19195  -  Total Bytes Received By Job
	Partitionable Resources :      Usage  Request Allocated 
	   Cpus                 :       0.03        1         1 
	   Disk (KB)            : 4242026          20    280141 
	   Memory (MB)          :      66        2000      2000 

	Job terminated of its own accord at 2021-06-02T15:03:34Z.
...
