000 (112292.000.000) 06/03 12:46:36 Job submitted from host: <188.185.121.235:9618?addrs=188.185.121.235-9618+[2001-1458-d00-49--100-36e]-9618&alias=bigbird22.cern.ch&noUDP&sock=schedd_38044_991d>
...
040 (112292.000.000) 06/03 13:15:06 Started transferring input files
	Transferring to host: <188.184.183.9:9618?addrs=188.184.183.9-9618+[2001-1458-301-2b--100-3d4]-9618&alias=b7g41n8523.cern.ch&noUDP&sock=slot1_6_16634_e85d_83623>
...
001 (112292.000.000) 06/03 13:15:06 Job executing on host: <188.184.183.9:9618?addrs=188.184.183.9-9618+[2001-1458-301-2b--100-3d4]-9618&alias=b7g41n8523.cern.ch&noUDP&sock=startd_6629_8566>
...
040 (112292.000.000) 06/03 13:15:06 Finished transferring input files
...
006 (112292.000.000) 06/03 13:15:14 Image size of job updated: 329876
	24  -  MemoryUsage of job (MB)
	23872  -  ResidentSetSize of job (KB)
...
006 (112292.000.000) 06/03 13:20:14 Image size of job updated: 790824
	66  -  MemoryUsage of job (MB)
	67496  -  ResidentSetSize of job (KB)
...
040 (112292.000.000) 06/03 15:09:15 Started transferring output files
...
040 (112292.000.000) 06/03 15:09:16 Finished transferring output files
...
005 (112292.000.000) 06/03 15:09:16 Job terminated.
	(1) Normal termination (return value 0)
		Usr 0 00:02:59, Sys 0 00:00:27  -  Run Remote Usage
		Usr 0 00:00:00, Sys 0 00:00:00  -  Run Local Usage
		Usr 0 00:02:59, Sys 0 00:00:27  -  Total Remote Usage
		Usr 0 00:00:00, Sys 0 00:00:00  -  Total Local Usage
	66962  -  Run Bytes Sent By Job
	19004  -  Run Bytes Received By Job
	66962  -  Total Bytes Sent By Job
	19004  -  Total Bytes Received By Job
	Partitionable Resources :      Usage  Request Allocated 
	   Cpus                 :       0.01        1         1 
	   Disk (KB)            : 4242923          20    340740 
	   Memory (MB)          :      66        2000      2000 

	Job terminated of its own accord at 2021-06-03T13:09:15Z.
...
000 (115898.000.000) 06/04 08:55:31 Job submitted from host: <188.185.121.235:9618?addrs=188.185.121.235-9618+[2001-1458-d00-49--100-36e]-9618&alias=bigbird22.cern.ch&noUDP&sock=schedd_38044_991d>
...
040 (115898.000.000) 06/04 09:00:05 Started transferring input files
	Transferring to host: <128.142.161.95:9618?addrs=128.142.161.95-9618+[2001-1458-301-b8--100-1d]-9618&alias=b7g03p8793.cern.ch&noUDP&sock=slot1_31_173123_9099_22814>
...
001 (115898.000.000) 06/04 09:00:05 Job executing on host: <128.142.161.95:9618?addrs=128.142.161.95-9618+[2001-1458-301-b8--100-1d]-9618&alias=b7g03p8793.cern.ch&noUDP&sock=startd_173084_ce53>
...
040 (115898.000.000) 06/04 09:00:05 Finished transferring input files
...
006 (115898.000.000) 06/04 09:00:13 Image size of job updated: 766152
	26  -  MemoryUsage of job (MB)
	26376  -  ResidentSetSize of job (KB)
...
006 (115898.000.000) 06/04 09:05:13 Image size of job updated: 790800
	66  -  MemoryUsage of job (MB)
	67500  -  ResidentSetSize of job (KB)
...
040 (115898.000.000) 06/04 09:36:56 Started transferring output files
...
040 (115898.000.000) 06/04 09:36:56 Finished transferring output files
...
005 (115898.000.000) 06/04 09:36:56 Job terminated.
	(1) Normal termination (return value 0)
		Usr 0 00:01:37, Sys 0 00:00:25  -  Run Remote Usage
		Usr 0 00:00:00, Sys 0 00:00:00  -  Run Local Usage
		Usr 0 00:01:37, Sys 0 00:00:25  -  Total Remote Usage
		Usr 0 00:00:00, Sys 0 00:00:00  -  Total Local Usage
	61336  -  Run Bytes Sent By Job
	19004  -  Run Bytes Received By Job
	61336  -  Total Bytes Sent By Job
	19004  -  Total Bytes Received By Job
	Partitionable Resources :      Usage  Request Allocated 
	   Cpus                 :       0.01        1         1 
	   Disk (KB)            : 3712869          20   1426851 
	   Memory (MB)          :      66        2000      2000 

	Job terminated of its own accord at 2021-06-04T07:36:56Z.
...
000 (123250.000.000) 06/08 10:40:07 Job submitted from host: <188.185.121.235:9618?addrs=188.185.121.235-9618+[2001-1458-d00-49--100-36e]-9618&alias=bigbird22.cern.ch&noUDP&sock=schedd_38044_991d>
...
040 (123250.000.000) 06/08 11:16:11 Entered queue to transfer input files
	Transferring to host: <128.142.161.138:9618?addrs=128.142.161.138-9618&alias=b7g03p2631.cern.ch&noUDP&sock=slot1_3_3827_37b5_42752>
...
040 (123250.000.000) 06/08 11:53:55 Started transferring input files
	Seconds spent in queue: 2264
...
040 (123250.000.000) 06/08 11:53:55 Finished transferring input files
...
001 (123250.000.000) 06/08 11:53:55 Job executing on host: <128.142.161.138:9618?addrs=128.142.161.138-9618&alias=b7g03p2631.cern.ch&noUDP&sock=startd_3108_6870>
...
006 (123250.000.000) 06/08 11:54:04 Image size of job updated: 127452
	14  -  MemoryUsage of job (MB)
	14268  -  ResidentSetSize of job (KB)
...
006 (123250.000.000) 06/08 11:59:05 Image size of job updated: 791448
	67  -  MemoryUsage of job (MB)
	67772  -  ResidentSetSize of job (KB)
...
040 (123250.000.000) 06/08 12:46:30 Started transferring output files
	Seconds spent in queue: 5419
...
040 (123250.000.000) 06/08 12:46:30 Finished transferring output files
...
005 (123250.000.000) 06/08 12:46:31 Job terminated.
	(1) Normal termination (return value 0)
		Usr 0 00:02:14, Sys 0 00:00:29  -  Run Remote Usage
		Usr 0 00:00:00, Sys 0 00:00:00  -  Run Local Usage
		Usr 0 00:02:14, Sys 0 00:00:29  -  Total Remote Usage
		Usr 0 00:00:00, Sys 0 00:00:00  -  Total Local Usage
	61354  -  Run Bytes Sent By Job
	19004  -  Run Bytes Received By Job
	61354  -  Total Bytes Sent By Job
	19004  -  Total Bytes Received By Job
	Partitionable Resources :      Usage  Request Allocated 
	   Cpus                 :       0.01        1         1 
	   Disk (KB)            : 3712869          20   1156658 
	   Memory (MB)          :      67        2000      2000 

	Job terminated of its own accord at 2021-06-08T10:46:30Z.
...
