000 (147095.000.000) 06/16 08:20:43 Job submitted from host: <188.185.121.235:9618?addrs=188.185.121.235-9618+[2001-1458-d00-49--100-36e]-9618&alias=bigbird22.cern.ch&noUDP&sock=schedd_38044_991d>
...
040 (147095.000.000) 06/16 08:46:43 Started transferring input files
	Transferring to host: <128.142.149.80:9618?addrs=128.142.149.80-9618+[2001-1458-301-b--100-be]-9618&alias=b7g41n1106.cern.ch&noUDP&sock=slot1_12_22652_2212_110473>
...
040 (147095.000.000) 06/16 08:46:43 Finished transferring input files
...
001 (147095.000.000) 06/16 08:46:43 Job executing on host: <128.142.149.80:9618?addrs=128.142.149.80-9618+[2001-1458-301-b--100-be]-9618&alias=b7g41n1106.cern.ch&noUDP&sock=startd_6502_68df>
...
006 (147095.000.000) 06/16 08:46:51 Image size of job updated: 625444
	11  -  MemoryUsage of job (MB)
	10956  -  ResidentSetSize of job (KB)
...
006 (147095.000.000) 06/16 08:51:51 Image size of job updated: 791456
	67  -  MemoryUsage of job (MB)
	67760  -  ResidentSetSize of job (KB)
...
040 (147095.000.000) 06/16 08:54:11 Started transferring output files
...
040 (147095.000.000) 06/16 08:54:11 Finished transferring output files
...
005 (147095.000.000) 06/16 08:54:11 Job terminated.
	(1) Normal termination (return value 0)
		Usr 0 00:00:12, Sys 0 00:00:02  -  Run Remote Usage
		Usr 0 00:00:00, Sys 0 00:00:00  -  Run Local Usage
		Usr 0 00:00:12, Sys 0 00:00:02  -  Total Remote Usage
		Usr 0 00:00:00, Sys 0 00:00:00  -  Total Local Usage
	24096  -  Run Bytes Sent By Job
	19004  -  Run Bytes Received By Job
	24096  -  Total Bytes Sent By Job
	19004  -  Total Bytes Received By Job
	Partitionable Resources :    Usage  Request Allocated 
	   Cpus                 :                 1         1 
	   Disk (KB)            :   465967       20    351941 
	   Memory (MB)          :       67     2000      2000 

	Job terminated of its own accord at 2021-06-16T06:54:11Z.
...
