[0B/0B][100%][==================================================][0B/s]  
Run: [FATAL] Redirect limit has been reached:  (source)
Error in <TFile::TFile>: file TTToHadronic_TuneCP5_13TeV-powheg-pythia8_boostedShiftedSrc11Down.root does not exist
    gdb.printing.register_pretty_printer(gdb.current_objfile(),
    gdb.printing.register_pretty_printer(gdb.current_objfile(),
#0  0x00002b5ca49e24fc in waitpid () from /lib64/libc.so.6
#1  0x00002b5ca495ff62 in do_system () from /lib64/libc.so.6
#2  0x00002b5ca407be8c in TUnixSystem::StackTrace() () from /usr/lib64/root/libCore.so.6.22
#3  0x00002b5ca7bba5e8 in cling::MultiplexInterpreterCallbacks::PrintStackTrace() () from /usr/lib64/root/libCling.so
#4  0x00002b5ca7bb99ce in cling_runtime_internal_throwIfInvalidPointer () from /usr/lib64/root/libCling.so
#5  0x00002b5ca3a86a10 in ?? ()
#6  0x0000000600000008 in ?? ()
#7  0x0000000700000008 in ?? ()
#8  0x0000000a00000007 in ?? ()
#9  0x0000000b0000000a in ?? ()
#10 0x0000000a0000000a in ?? ()
#11 0x0000006400000064 in ?? ()
#12 0x00007ffcfb77a568 in ?? ()
#13 0xe09050965d70b900 in ?? ()
#14 0x0000000000000001 in ?? ()
#15 0x00007ffcfb77a568 in ?? ()
#16 0x0000000004891338 in ?? ()
#17 0x00002b5ca9712a78 in llvm::MCContext::createSymbol(llvm::StringRef, bool, bool) () from /usr/lib64/root/libCling.so
#18 0x0000000000000000 in ?? ()
Error in <HandleInterpreterException>: Trying to dereference null pointer or trying to call routine taking non-null arguments.
Execution of your code was aborted.
In file included from input_line_8:1:
/pool/condor/dir_16324/FillHistograms_Extended_JES.C:108:27: warning: null passed to a callee that requires a non-null argument [-Wnonnull]
    TTree *trIN = (TTree*)file->Get(TString::Format("%s/events", jes_variation.Data()));
                          ^~~~
