000 (146725.000.000) 06/16 08:13:43 Job submitted from host: <188.185.121.235:9618?addrs=188.185.121.235-9618+[2001-1458-d00-49--100-36e]-9618&alias=bigbird22.cern.ch&noUDP&sock=schedd_38044_991d>
...
040 (146725.000.000) 06/16 08:34:57 Started transferring input files
	Transferring to host: <128.142.82.5:9618?addrs=128.142.82.5-9618+[2001-1458-301-f5--100-6ce]-9618&alias=b7s13n0982.cern.ch&noUDP&sock=slot1_10_4835_71de_91522>
...
001 (146725.000.000) 06/16 08:34:57 Job executing on host: <128.142.82.5:9618?addrs=128.142.82.5-9618+[2001-1458-301-f5--100-6ce]-9618&alias=b7s13n0982.cern.ch&noUDP&sock=startd_16646_5994>
...
040 (146725.000.000) 06/16 08:34:57 Finished transferring input files
...
006 (146725.000.000) 06/16 08:35:05 Image size of job updated: 766796
	11  -  MemoryUsage of job (MB)
	10992  -  ResidentSetSize of job (KB)
...
006 (146725.000.000) 06/16 08:37:36 Image size of job updated: 791448
	11  -  MemoryUsage of job (MB)
	10996  -  ResidentSetSize of job (KB)
...
040 (146725.000.000) 06/16 08:37:37 Started transferring output files
...
040 (146725.000.000) 06/16 08:37:37 Finished transferring output files
...
005 (146725.000.000) 06/16 08:37:38 Job terminated.
	(1) Normal termination (return value 0)
		Usr 0 00:00:07, Sys 0 00:00:02  -  Run Remote Usage
		Usr 0 00:00:00, Sys 0 00:00:00  -  Run Local Usage
		Usr 0 00:00:07, Sys 0 00:00:02  -  Total Remote Usage
		Usr 0 00:00:00, Sys 0 00:00:00  -  Total Local Usage
	20628  -  Run Bytes Sent By Job
	19004  -  Run Bytes Received By Job
	20628  -  Total Bytes Sent By Job
	19004  -  Total Bytes Received By Job
	Partitionable Resources :    Usage  Request Allocated 
	   Cpus                 :                 1         1 
	   Disk (KB)            :   466074       20    284653 
	   Memory (MB)          :       11     2000      2000 

	Job terminated of its own accord at 2021-06-16T06:37:36Z.
...
