000 (108818.000.000) 06/02 16:38:45 Job submitted from host: <188.185.121.235:9618?addrs=188.185.121.235-9618+[2001-1458-d00-49--100-36e]-9618&alias=bigbird22.cern.ch&noUDP&sock=schedd_38044_991d>
...
040 (108818.000.000) 06/02 16:55:19 Started transferring input files
	Transferring to host: <128.142.69.81:9618?addrs=128.142.69.81-9618+[2001-1458-301-52--100-225]-9618&alias=b7s10n0873.cern.ch&noUDP&sock=slot1_13_1054_6364_104756>
...
040 (108818.000.000) 06/02 16:55:19 Finished transferring input files
...
001 (108818.000.000) 06/02 16:55:19 Job executing on host: <128.142.69.81:9618?addrs=128.142.69.81-9618+[2001-1458-301-52--100-225]-9618&alias=b7s10n0873.cern.ch&noUDP&sock=startd_2185_4e86>
...
006 (108818.000.000) 06/02 16:55:28 Image size of job updated: 782548
	34  -  MemoryUsage of job (MB)
	33812  -  ResidentSetSize of job (KB)
...
006 (108818.000.000) 06/02 17:00:29 Image size of job updated: 790800
	66  -  MemoryUsage of job (MB)
	67500  -  ResidentSetSize of job (KB)
...
006 (108818.000.000) 06/02 17:04:45 Image size of job updated: 790828
	66  -  MemoryUsage of job (MB)
	67500  -  ResidentSetSize of job (KB)
...
040 (108818.000.000) 06/02 17:04:46 Started transferring output files
...
040 (108818.000.000) 06/02 17:04:46 Finished transferring output files
...
005 (108818.000.000) 06/02 17:04:46 Job terminated.
	(1) Normal termination (return value 0)
		Usr 0 00:01:56, Sys 0 00:00:27  -  Run Remote Usage
		Usr 0 00:00:00, Sys 0 00:00:00  -  Run Local Usage
		Usr 0 00:01:56, Sys 0 00:00:27  -  Total Remote Usage
		Usr 0 00:00:00, Sys 0 00:00:00  -  Total Local Usage
	56616  -  Run Bytes Sent By Job
	19195  -  Run Bytes Received By Job
	56616  -  Total Bytes Sent By Job
	19195  -  Total Bytes Received By Job
	Partitionable Resources :      Usage  Request Allocated 
	   Cpus                 :       0.06        1         1 
	   Disk (KB)            : 4243192          20    274530 
	   Memory (MB)          :      66        2000      2000 

	Job terminated of its own accord at 2021-06-02T15:04:45Z.
...
