000 (108950.000.000) 06/02 16:41:31 Job submitted from host: <188.185.121.235:9618?addrs=188.185.121.235-9618+[2001-1458-d00-49--100-36e]-9618&alias=bigbird22.cern.ch&noUDP&sock=schedd_38044_991d>
...
040 (108950.000.000) 06/02 16:57:56 Started transferring input files
	Transferring to host: <128.142.74.51:9618?addrs=128.142.74.51-9618+[2001-1458-301-75--100-320]-9618&alias=b7s11n2944.cern.ch&noUDP&sock=slot1_8_30218_1086_83875>
...
040 (108950.000.000) 06/02 16:57:56 Finished transferring input files
...
001 (108950.000.000) 06/02 16:57:56 Job executing on host: <128.142.74.51:9618?addrs=128.142.74.51-9618+[2001-1458-301-75--100-320]-9618&alias=b7s11n2944.cern.ch&noUDP&sock=startd_16884_991e>
...
006 (108950.000.000) 06/02 16:58:05 Image size of job updated: 790824
	40  -  MemoryUsage of job (MB)
	40852  -  ResidentSetSize of job (KB)
...
006 (108950.000.000) 06/02 17:03:06 Image size of job updated: 790824
	66  -  MemoryUsage of job (MB)
	67496  -  ResidentSetSize of job (KB)
...
040 (108950.000.000) 06/02 17:07:14 Started transferring output files
...
040 (108950.000.000) 06/02 17:07:14 Finished transferring output files
...
005 (108950.000.000) 06/02 17:07:14 Job terminated.
	(1) Normal termination (return value 0)
		Usr 0 00:01:42, Sys 0 00:00:29  -  Run Remote Usage
		Usr 0 00:00:00, Sys 0 00:00:00  -  Run Local Usage
		Usr 0 00:01:42, Sys 0 00:00:29  -  Total Remote Usage
		Usr 0 00:00:00, Sys 0 00:00:00  -  Total Local Usage
	56443  -  Run Bytes Sent By Job
	19195  -  Run Bytes Received By Job
	56443  -  Total Bytes Sent By Job
	19195  -  Total Bytes Received By Job
	Partitionable Resources :      Usage  Request Allocated 
	   Cpus                 :       0.98        1         1 
	   Disk (KB)            : 4242162          20    289797 
	   Memory (MB)          :      66        2000      2000 

	Job terminated of its own accord at 2021-06-02T15:07:14Z.
...
