000 (109095.000.000) 06/02 16:44:58 Job submitted from host: <188.185.121.235:9618?addrs=188.185.121.235-9618+[2001-1458-d00-49--100-36e]-9618&alias=bigbird22.cern.ch&noUDP&sock=schedd_38044_991d>
...
040 (109095.000.000) 06/02 17:21:13 Entered queue to transfer input files
	Transferring to host: <128.142.68.55:9618?addrs=128.142.68.55-9618+[2001-1458-301-52--100-2b7]-9618&alias=b7s10n3774.cern.ch&noUDP&sock=slot1_12_5533_3fba_29141>
...
040 (109095.000.000) 06/02 17:21:36 Started transferring input files
	Seconds spent in queue: 23
...
001 (109095.000.000) 06/02 17:21:36 Job executing on host: <128.142.68.55:9618?addrs=128.142.68.55-9618+[2001-1458-301-52--100-2b7]-9618&alias=b7s10n3774.cern.ch&noUDP&sock=startd_4381_9480>
...
040 (109095.000.000) 06/02 17:21:36 Finished transferring input files
...
006 (109095.000.000) 06/02 17:21:45 Image size of job updated: 790820
	66  -  MemoryUsage of job (MB)
	67508  -  ResidentSetSize of job (KB)
...
040 (109095.000.000) 06/02 17:23:00 Started transferring output files
	Seconds spent in queue: 107
...
040 (109095.000.000) 06/02 17:23:00 Finished transferring output files
...
005 (109095.000.000) 06/02 17:23:01 Job terminated.
	(1) Normal termination (return value 0)
		Usr 0 00:00:35, Sys 0 00:00:12  -  Run Remote Usage
		Usr 0 00:00:00, Sys 0 00:00:00  -  Run Local Usage
		Usr 0 00:00:35, Sys 0 00:00:12  -  Total Remote Usage
		Usr 0 00:00:00, Sys 0 00:00:00  -  Total Local Usage
	25522  -  Run Bytes Sent By Job
	19195  -  Run Bytes Received By Job
	25522  -  Total Bytes Sent By Job
	19195  -  Total Bytes Received By Job
	Partitionable Resources :    Usage  Request Allocated 
	   Cpus                 :                 1         1 
	   Disk (KB)            :  1952679       20    277486 
	   Memory (MB)          :       66     2000      2000 

	Job terminated of its own accord at 2021-06-02T15:23:00Z.
...
