000 (148321.000.000) 06/16 08:46:55 Job submitted from host: <188.185.121.235:9618?addrs=188.185.121.235-9618+[2001-1458-d00-49--100-36e]-9618&alias=bigbird22.cern.ch&noUDP&sock=schedd_38044_991d>
...
040 (148321.000.000) 06/16 09:06:05 Started transferring input files
	Transferring to host: <128.142.72.220:9618?addrs=128.142.72.220-9618+[2001-1458-301-75--100-2ec]-9618&alias=b7s11n1552.cern.ch&noUDP&sock=slot1_16_4950_7902_42617>
...
040 (148321.000.000) 06/16 09:06:05 Finished transferring input files
...
001 (148321.000.000) 06/16 09:06:05 Job executing on host: <128.142.72.220:9618?addrs=128.142.72.220-9618+[2001-1458-301-75--100-2ec]-9618&alias=b7s11n1552.cern.ch&noUDP&sock=startd_3891_7b18>
...
006 (148321.000.000) 06/16 09:06:14 Image size of job updated: 774992
	20  -  MemoryUsage of job (MB)
	19544  -  ResidentSetSize of job (KB)
...
006 (148321.000.000) 06/16 09:11:15 Image size of job updated: 791456
	44  -  MemoryUsage of job (MB)
	44096  -  ResidentSetSize of job (KB)
...
006 (148321.000.000) 06/16 09:16:15 Image size of job updated: 791456
	67  -  MemoryUsage of job (MB)
	67780  -  ResidentSetSize of job (KB)
...
040 (148321.000.000) 06/16 11:52:25 Started transferring output files
...
040 (148321.000.000) 06/16 11:52:25 Finished transferring output files
...
005 (148321.000.000) 06/16 11:52:25 Job terminated.
	(1) Normal termination (return value 0)
		Usr 0 00:00:52, Sys 0 00:00:15  -  Run Remote Usage
		Usr 0 00:00:00, Sys 0 00:00:00  -  Run Local Usage
		Usr 0 00:00:52, Sys 0 00:00:15  -  Total Remote Usage
		Usr 0 00:00:00, Sys 0 00:00:00  -  Total Local Usage
	46607  -  Run Bytes Sent By Job
	19004  -  Run Bytes Received By Job
	46607  -  Total Bytes Sent By Job
	19004  -  Total Bytes Received By Job
	Partitionable Resources :      Usage  Request Allocated 
	   Cpus                 :       0.00        1         1 
	   Disk (KB)            : 2367442          20    272293 
	   Memory (MB)          :      67        2000      2000 

	Job terminated of its own accord at 2021-06-16T09:52:25Z.
...
