000 (147958.000.000) 06/16 08:39:32 Job submitted from host: <188.185.121.235:9618?addrs=188.185.121.235-9618+[2001-1458-d00-49--100-36e]-9618&alias=bigbird22.cern.ch&noUDP&sock=schedd_38044_991d>
...
040 (147958.000.000) 06/16 08:58:28 Started transferring input files
	Transferring to host: <188.184.254.10:9618?addrs=188.184.254.10-9618+[2001-1458-301-8--100-5]-9618&alias=b7g42n0055.cern.ch&noUDP&sock=slot1_12_3293_f75f_50938>
...
040 (147958.000.000) 06/16 08:58:28 Finished transferring input files
...
001 (147958.000.000) 06/16 08:58:28 Job executing on host: <188.184.254.10:9618?addrs=188.184.254.10-9618+[2001-1458-301-8--100-5]-9618&alias=b7g42n0055.cern.ch&noUDP&sock=startd_2868_c9b5>
...
006 (147958.000.000) 06/16 08:58:37 Image size of job updated: 625444
	10  -  MemoryUsage of job (MB)
	10156  -  ResidentSetSize of job (KB)
...
006 (147958.000.000) 06/16 09:03:38 Image size of job updated: 791456
	67  -  MemoryUsage of job (MB)
	67776  -  ResidentSetSize of job (KB)
...
006 (147958.000.000) 06/16 10:08:44 Image size of job updated: 791456
	118  -  MemoryUsage of job (MB)
	120548  -  ResidentSetSize of job (KB)
...
040 (147958.000.000) 06/16 10:10:28 Started transferring output files
...
040 (147958.000.000) 06/16 10:10:28 Finished transferring output files
...
005 (147958.000.000) 06/16 10:10:28 Job terminated.
	(1) Normal termination (return value 0)
		Usr 0 00:02:15, Sys 0 00:00:28  -  Run Remote Usage
		Usr 0 00:00:00, Sys 0 00:00:00  -  Run Local Usage
		Usr 0 00:02:15, Sys 0 00:00:28  -  Total Remote Usage
		Usr 0 00:00:00, Sys 0 00:00:00  -  Total Local Usage
	54394  -  Run Bytes Sent By Job
	19004  -  Run Bytes Received By Job
	54394  -  Total Bytes Sent By Job
	19004  -  Total Bytes Received By Job
	Partitionable Resources :      Usage  Request Allocated 
	   Cpus                 :       0.94        1         1 
	   Disk (KB)            : 3074059          20    308339 
	   Memory (MB)          :     118        2000      2000 

	Job terminated of its own accord at 2021-06-16T08:10:27Z.
...
