000 (109005.000.000) 06/02 16:42:42 Job submitted from host: <188.185.121.235:9618?addrs=188.185.121.235-9618+[2001-1458-d00-49--100-36e]-9618&alias=bigbird22.cern.ch&noUDP&sock=schedd_38044_991d>
...
040 (109005.000.000) 06/02 17:07:17 Started transferring input files
	Transferring to host: <128.142.75.180:9618?addrs=128.142.75.180-9618+[2001-1458-301-75--100-12b]-9618&alias=b7s11n6194.cern.ch&noUDP&sock=slot1_5_30204_3345_42511>
...
040 (109005.000.000) 06/02 17:07:17 Finished transferring input files
...
001 (109005.000.000) 06/02 17:07:17 Job executing on host: <128.142.75.180:9618?addrs=128.142.75.180-9618+[2001-1458-301-75--100-12b]-9618&alias=b7s11n6194.cern.ch&noUDP&sock=startd_4552_df32>
...
006 (109005.000.000) 06/02 17:07:26 Image size of job updated: 766156
	32  -  MemoryUsage of job (MB)
	32488  -  ResidentSetSize of job (KB)
...
006 (109005.000.000) 06/02 17:12:27 Image size of job updated: 790804
	66  -  MemoryUsage of job (MB)
	67496  -  ResidentSetSize of job (KB)
...
040 (109005.000.000) 06/02 17:25:26 Started transferring output files
...
040 (109005.000.000) 06/02 17:25:26 Finished transferring output files
...
005 (109005.000.000) 06/02 17:25:26 Job terminated.
	(1) Normal termination (return value 0)
		Usr 0 00:01:45, Sys 0 00:00:25  -  Run Remote Usage
		Usr 0 00:00:00, Sys 0 00:00:00  -  Run Local Usage
		Usr 0 00:01:45, Sys 0 00:00:25  -  Total Remote Usage
		Usr 0 00:00:00, Sys 0 00:00:00  -  Total Local Usage
	67152  -  Run Bytes Sent By Job
	19195  -  Run Bytes Received By Job
	67152  -  Total Bytes Sent By Job
	19195  -  Total Bytes Received By Job
	Partitionable Resources :      Usage  Request Allocated 
	   Cpus                 :       0.04        1         1 
	   Disk (KB)            : 4242675          20    273621 
	   Memory (MB)          :      66        2000      2000 

	Job terminated of its own accord at 2021-06-02T15:25:26Z.
...
