000 (148173.000.000) 06/16 08:43:53 Job submitted from host: <188.185.121.235:9618?addrs=188.185.121.235-9618+[2001-1458-d00-49--100-36e]-9618&alias=bigbird22.cern.ch&noUDP&sock=schedd_38044_991d>
...
040 (148173.000.000) 06/16 09:02:55 Started transferring input files
	Transferring to host: <128.142.85.102:9618?addrs=128.142.85.102-9618+[2001-1458-301-f6--100-540]-9618&alias=b7s14n4808.cern.ch&noUDP&sock=slot1_13_5413_b2b5_48857>
...
001 (148173.000.000) 06/16 09:02:55 Job executing on host: <128.142.85.102:9618?addrs=128.142.85.102-9618+[2001-1458-301-f6--100-540]-9618&alias=b7s14n4808.cern.ch&noUDP&sock=startd_4106_f3f4>
...
040 (148173.000.000) 06/16 09:02:55 Finished transferring input files
...
006 (148173.000.000) 06/16 09:03:04 Image size of job updated: 5052
	5  -  MemoryUsage of job (MB)
	5052  -  ResidentSetSize of job (KB)
...
006 (148173.000.000) 06/16 09:08:05 Image size of job updated: 791456
	42  -  MemoryUsage of job (MB)
	42612  -  ResidentSetSize of job (KB)
...
006 (148173.000.000) 06/16 09:13:05 Image size of job updated: 791456
	67  -  MemoryUsage of job (MB)
	67772  -  ResidentSetSize of job (KB)
...
040 (148173.000.000) 06/16 11:36:04 Started transferring output files
...
040 (148173.000.000) 06/16 11:36:04 Finished transferring output files
...
005 (148173.000.000) 06/16 11:36:05 Job terminated.
	(1) Normal termination (return value 0)
		Usr 0 00:00:48, Sys 0 00:00:16  -  Run Remote Usage
		Usr 0 00:00:00, Sys 0 00:00:00  -  Run Local Usage
		Usr 0 00:00:48, Sys 0 00:00:16  -  Total Remote Usage
		Usr 0 00:00:00, Sys 0 00:00:00  -  Total Local Usage
	46774  -  Run Bytes Sent By Job
	19004  -  Run Bytes Received By Job
	46774  -  Total Bytes Sent By Job
	19004  -  Total Bytes Received By Job
	Partitionable Resources :      Usage  Request Allocated 
	   Cpus                 :       0.00        1         1 
	   Disk (KB)            : 2368104          20    285267 
	   Memory (MB)          :      67        2000      2000 

	Job terminated of its own accord at 2021-06-16T09:36:04Z.
...
