000 (146636.000.000) 06/16 08:12:23 Job submitted from host: <188.185.121.235:9618?addrs=188.185.121.235-9618+[2001-1458-d00-49--100-36e]-9618&alias=bigbird22.cern.ch&noUDP&sock=schedd_38044_991d>
...
040 (146636.000.000) 06/16 08:34:18 Entered queue to transfer input files
	Transferring to host: <128.142.149.92:9618?addrs=128.142.149.92-9618+[2001-1458-301-b--100-1e8]-9618&alias=b7g41n8437.cern.ch&noUDP&sock=slot1_1_9115_178c_88759>
...
040 (146636.000.000) 06/16 08:34:22 Started transferring input files
	Seconds spent in queue: 4
...
001 (146636.000.000) 06/16 08:34:22 Job executing on host: <128.142.149.92:9618?addrs=128.142.149.92-9618+[2001-1458-301-b--100-1e8]-9618&alias=b7g41n8437.cern.ch&noUDP&sock=startd_6564_efbe>
...
040 (146636.000.000) 06/16 08:34:23 Finished transferring input files
...
006 (146636.000.000) 06/16 08:34:30 Image size of job updated: 68088
	67  -  MemoryUsage of job (MB)
	67772  -  ResidentSetSize of job (KB)
...
006 (146636.000.000) 06/16 08:35:10 Image size of job updated: 791428
	67  -  MemoryUsage of job (MB)
	67772  -  ResidentSetSize of job (KB)
...
040 (146636.000.000) 06/16 08:35:11 Started transferring output files
	Seconds spent in queue: 53
...
040 (146636.000.000) 06/16 08:35:11 Finished transferring output files
...
005 (146636.000.000) 06/16 08:35:12 Job terminated.
	(1) Normal termination (return value 0)
		Usr 0 00:00:12, Sys 0 00:00:02  -  Run Remote Usage
		Usr 0 00:00:00, Sys 0 00:00:00  -  Run Local Usage
		Usr 0 00:00:12, Sys 0 00:00:02  -  Total Remote Usage
		Usr 0 00:00:00, Sys 0 00:00:00  -  Total Local Usage
	21397  -  Run Bytes Sent By Job
	19004  -  Run Bytes Received By Job
	21397  -  Total Bytes Sent By Job
	19004  -  Total Bytes Received By Job
	Partitionable Resources :    Usage  Request Allocated 
	   Cpus                 :                 1         1 
	   Disk (KB)            :   466080       20    337076 
	   Memory (MB)          :       67     2000      2000 

	Job terminated of its own accord at 2021-06-16T06:35:10Z.
...
