000 (147235.000.000) 06/16 08:24:12 Job submitted from host: <188.185.121.235:9618?addrs=188.185.121.235-9618+[2001-1458-d00-49--100-36e]-9618&alias=bigbird22.cern.ch&noUDP&sock=schedd_38044_991d>
...
040 (147235.000.000) 06/16 08:47:36 Started transferring input files
	Transferring to host: <128.142.82.51:9618?addrs=128.142.82.51-9618+[2001-1458-301-f5--100-95]-9618&alias=b7s13n6192.cern.ch&noUDP&sock=slot1_16_3411_1ba4_41515>
...
001 (147235.000.000) 06/16 08:47:36 Job executing on host: <128.142.82.51:9618?addrs=128.142.82.51-9618+[2001-1458-301-f5--100-95]-9618&alias=b7s13n6192.cern.ch&noUDP&sock=startd_2831_68b4>
...
040 (147235.000.000) 06/16 08:47:36 Finished transferring input files
...
006 (147235.000.000) 06/16 08:47:44 Image size of job updated: 625444
	12  -  MemoryUsage of job (MB)
	11856  -  ResidentSetSize of job (KB)
...
006 (147235.000.000) 06/16 08:52:44 Image size of job updated: 791456
	67  -  MemoryUsage of job (MB)
	67772  -  ResidentSetSize of job (KB)
...
040 (147235.000.000) 06/16 08:55:20 Started transferring output files
...
040 (147235.000.000) 06/16 08:55:20 Finished transferring output files
...
005 (147235.000.000) 06/16 08:55:21 Job terminated.
	(1) Normal termination (return value 0)
		Usr 0 00:00:07, Sys 0 00:00:02  -  Run Remote Usage
		Usr 0 00:00:00, Sys 0 00:00:00  -  Run Local Usage
		Usr 0 00:00:07, Sys 0 00:00:02  -  Total Remote Usage
		Usr 0 00:00:00, Sys 0 00:00:00  -  Total Local Usage
	22046  -  Run Bytes Sent By Job
	19004  -  Run Bytes Received By Job
	22046  -  Total Bytes Sent By Job
	19004  -  Total Bytes Received By Job
	Partitionable Resources :    Usage  Request Allocated 
	   Cpus                 :                 1         1 
	   Disk (KB)            :   466074       20    281888 
	   Memory (MB)          :       67     2000      2000 

	Job terminated of its own accord at 2021-06-16T06:55:20Z.
...
