000 (109349.000.000) 06/02 16:50:54 Job submitted from host: <188.185.121.235:9618?addrs=188.185.121.235-9618+[2001-1458-d00-49--100-36e]-9618&alias=bigbird22.cern.ch&noUDP&sock=schedd_38044_991d>
...
040 (109349.000.000) 06/02 18:45:21 Started transferring input files
	Transferring to host: <128.142.79.198:9618?addrs=128.142.79.198-9618+[2001-1458-301-f4--100-628]-9618&alias=b7s12n1511.cern.ch&noUDP&sock=slot1_9_11588_8b50_89294>
...
001 (109349.000.000) 06/02 18:45:21 Job executing on host: <128.142.79.198:9618?addrs=128.142.79.198-9618+[2001-1458-301-f4--100-628]-9618&alias=b7s12n1511.cern.ch&noUDP&sock=startd_14728_c2ee>
...
040 (109349.000.000) 06/02 18:45:21 Finished transferring input files
...
006 (109349.000.000) 06/02 18:45:30 Image size of job updated: 395408
	66  -  MemoryUsage of job (MB)
	67504  -  ResidentSetSize of job (KB)
...
006 (109349.000.000) 06/02 18:47:56 Image size of job updated: 790792
	66  -  MemoryUsage of job (MB)
	67504  -  ResidentSetSize of job (KB)
...
040 (109349.000.000) 06/02 18:47:56 Started transferring output files
...
040 (109349.000.000) 06/02 18:47:56 Finished transferring output files
...
005 (109349.000.000) 06/02 18:47:56 Job terminated.
	(1) Normal termination (return value 0)
		Usr 0 00:00:36, Sys 0 00:00:09  -  Run Remote Usage
		Usr 0 00:00:00, Sys 0 00:00:00  -  Run Local Usage
		Usr 0 00:00:36, Sys 0 00:00:09  -  Total Remote Usage
		Usr 0 00:00:00, Sys 0 00:00:00  -  Total Local Usage
	31226  -  Run Bytes Sent By Job
	19195  -  Run Bytes Received By Job
	31226  -  Total Bytes Sent By Job
	19195  -  Total Bytes Received By Job
	Partitionable Resources :    Usage  Request Allocated 
	   Cpus                 :                 1         1 
	   Disk (KB)            :  1953252       20    283510 
	   Memory (MB)          :       66     2000      2000 

	Job terminated of its own accord at 2021-06-02T16:47:56Z.
...
