000 (146731.000.000) 06/16 08:13:47 Job submitted from host: <188.185.121.235:9618?addrs=188.185.121.235-9618+[2001-1458-d00-49--100-36e]-9618&alias=bigbird22.cern.ch&noUDP&sock=schedd_38044_991d>
...
040 (146731.000.000) 06/16 08:34:58 Started transferring input files
	Transferring to host: <128.142.85.229:9618?addrs=128.142.85.229-9618+[2001-1458-301-f6--100-d]-9618&alias=b7s14n1256.cern.ch&noUDP&sock=slot1_14_5485_6db8_37972>
...
001 (146731.000.000) 06/16 08:34:59 Job executing on host: <128.142.85.229:9618?addrs=128.142.85.229-9618+[2001-1458-301-f6--100-d]-9618&alias=b7s14n1256.cern.ch&noUDP&sock=startd_4279_9dd7>
...
040 (146731.000.000) 06/16 08:34:59 Finished transferring input files
...
006 (146731.000.000) 06/16 08:35:07 Image size of job updated: 625440
	8  -  MemoryUsage of job (MB)
	7664  -  ResidentSetSize of job (KB)
...
006 (146731.000.000) 06/16 08:36:48 Image size of job updated: 791448
	8  -  MemoryUsage of job (MB)
	7664  -  ResidentSetSize of job (KB)
...
040 (146731.000.000) 06/16 08:36:48 Started transferring output files
...
040 (146731.000.000) 06/16 08:36:50 Finished transferring output files
...
005 (146731.000.000) 06/16 08:36:53 Job terminated.
	(1) Normal termination (return value 0)
		Usr 0 00:00:07, Sys 0 00:00:02  -  Run Remote Usage
		Usr 0 00:00:00, Sys 0 00:00:00  -  Run Local Usage
		Usr 0 00:00:07, Sys 0 00:00:02  -  Total Remote Usage
		Usr 0 00:00:00, Sys 0 00:00:00  -  Total Local Usage
	23473  -  Run Bytes Sent By Job
	19004  -  Run Bytes Received By Job
	23473  -  Total Bytes Sent By Job
	19004  -  Total Bytes Received By Job
	Partitionable Resources :    Usage  Request Allocated 
	   Cpus                 :                 1         1 
	   Disk (KB)            :   466108       20    226286 
	   Memory (MB)          :        8     2000      2000 

	Job terminated of its own accord at 2021-06-16T06:36:48Z.
...
