000 (108603.000.000) 06/02 16:33:47 Job submitted from host: <188.185.121.235:9618?addrs=188.185.121.235-9618+[2001-1458-d00-49--100-36e]-9618&alias=bigbird22.cern.ch&noUDP&sock=schedd_38044_991d>
...
040 (108603.000.000) 06/02 16:38:15 Started transferring input files
	Transferring to host: <128.142.76.237:9618?addrs=128.142.76.237-9618+[2001-1458-301-f4--100-431]-9618&alias=b7s12n3009.cern.ch&noUDP&sock=slot1_13_5757_13c3_29462>
...
040 (108603.000.000) 06/02 16:38:15 Finished transferring input files
...
001 (108603.000.000) 06/02 16:38:15 Job executing on host: <128.142.76.237:9618?addrs=128.142.76.237-9618+[2001-1458-301-f4--100-431]-9618&alias=b7s12n3009.cern.ch&noUDP&sock=startd_4606_e94f>
...
006 (108603.000.000) 06/02 16:38:24 Image size of job updated: 624804
	19  -  MemoryUsage of job (MB)
	19100  -  ResidentSetSize of job (KB)
...
006 (108603.000.000) 06/02 16:43:25 Image size of job updated: 790816
	66  -  MemoryUsage of job (MB)
	67504  -  ResidentSetSize of job (KB)
...
040 (108603.000.000) 06/02 16:49:46 Started transferring output files
...
040 (108603.000.000) 06/02 16:49:46 Finished transferring output files
...
005 (108603.000.000) 06/02 16:49:46 Job terminated.
	(1) Normal termination (return value 0)
		Usr 0 00:00:11, Sys 0 00:00:04  -  Run Remote Usage
		Usr 0 00:00:00, Sys 0 00:00:00  -  Run Local Usage
		Usr 0 00:00:11, Sys 0 00:00:04  -  Total Remote Usage
		Usr 0 00:00:00, Sys 0 00:00:00  -  Total Local Usage
	25462  -  Run Bytes Sent By Job
	19195  -  Run Bytes Received By Job
	25462  -  Total Bytes Sent By Job
	19195  -  Total Bytes Received By Job
	Partitionable Resources :     Usage  Request Allocated 
	   Cpus                 :      0.01        1         1 
	   Disk (KB)            : 743564          20    280974 
	   Memory (MB)          :     66        2000      2000 

	Job terminated of its own accord at 2021-06-02T14:49:46Z.
...
