000 (146788.000.000) 06/16 08:14:36 Job submitted from host: <188.185.121.235:9618?addrs=188.185.121.235-9618+[2001-1458-d00-49--100-36e]-9618&alias=bigbird22.cern.ch&noUDP&sock=schedd_38044_991d>
...
040 (146788.000.000) 06/16 08:41:13 Started transferring input files
	Transferring to host: <128.142.84.120:9618?addrs=128.142.84.120-9618+[2001-1458-301-f6--100-418]-9618&alias=b7s14n5030.cern.ch&noUDP&sock=slot1_9_3691_64af_38049>
...
001 (146788.000.000) 06/16 08:41:13 Job executing on host: <128.142.84.120:9618?addrs=128.142.84.120-9618+[2001-1458-301-f6--100-418]-9618&alias=b7s14n5030.cern.ch&noUDP&sock=startd_3059_cc4c>
...
040 (146788.000.000) 06/16 08:41:13 Finished transferring input files
...
006 (146788.000.000) 06/16 08:41:22 Image size of job updated: 625444
	16  -  MemoryUsage of job (MB)
	16348  -  ResidentSetSize of job (KB)
...
006 (146788.000.000) 06/16 08:42:59 Image size of job updated: 791452
	16  -  MemoryUsage of job (MB)
	16364  -  ResidentSetSize of job (KB)
...
040 (146788.000.000) 06/16 08:43:00 Started transferring output files
...
040 (146788.000.000) 06/16 08:43:02 Finished transferring output files
...
005 (146788.000.000) 06/16 08:43:04 Job terminated.
	(1) Normal termination (return value 0)
		Usr 0 00:00:08, Sys 0 00:00:02  -  Run Remote Usage
		Usr 0 00:00:00, Sys 0 00:00:00  -  Run Local Usage
		Usr 0 00:00:08, Sys 0 00:00:02  -  Total Remote Usage
		Usr 0 00:00:00, Sys 0 00:00:00  -  Total Local Usage
	23544  -  Run Bytes Sent By Job
	19004  -  Run Bytes Received By Job
	23544  -  Total Bytes Sent By Job
	19004  -  Total Bytes Received By Job
	Partitionable Resources :    Usage  Request Allocated 
	   Cpus                 :                 1         1 
	   Disk (KB)            :   466006       20    280428 
	   Memory (MB)          :       16     2000      2000 

	Job terminated of its own accord at 2021-06-16T06:42:59Z.
...
