000 (146999.000.000) 06/16 08:19:09 Job submitted from host: <188.185.121.235:9618?addrs=188.185.121.235-9618+[2001-1458-d00-49--100-36e]-9618&alias=bigbird22.cern.ch&noUDP&sock=schedd_38044_991d>
...
040 (146999.000.000) 06/16 08:46:10 Started transferring input files
	Transferring to host: <128.142.82.127:9618?addrs=128.142.82.127-9618+[2001-1458-301-f5--100-684]-9618&alias=b7s13n7111.cern.ch&noUDP&sock=slot1_6_21141_7f35_95895>
...
040 (146999.000.000) 06/16 08:46:10 Finished transferring input files
...
001 (146999.000.000) 06/16 08:46:10 Job executing on host: <128.142.82.127:9618?addrs=128.142.82.127-9618+[2001-1458-301-f5--100-684]-9618&alias=b7s13n7111.cern.ch&noUDP&sock=startd_16565_ca68>
...
006 (146999.000.000) 06/16 08:46:18 Image size of job updated: 45036
	42  -  MemoryUsage of job (MB)
	42868  -  ResidentSetSize of job (KB)
...
006 (146999.000.000) 06/16 08:46:57 Image size of job updated: 791428
	42  -  MemoryUsage of job (MB)
	42880  -  ResidentSetSize of job (KB)
...
040 (146999.000.000) 06/16 08:46:57 Started transferring output files
...
040 (146999.000.000) 06/16 08:46:57 Finished transferring output files
...
005 (146999.000.000) 06/16 08:46:57 Job terminated.
	(1) Normal termination (return value 0)
		Usr 0 00:00:07, Sys 0 00:00:02  -  Run Remote Usage
		Usr 0 00:00:00, Sys 0 00:00:00  -  Run Local Usage
		Usr 0 00:00:07, Sys 0 00:00:02  -  Total Remote Usage
		Usr 0 00:00:00, Sys 0 00:00:00  -  Total Local Usage
	19563  -  Run Bytes Sent By Job
	19004  -  Run Bytes Received By Job
	19563  -  Total Bytes Sent By Job
	19004  -  Total Bytes Received By Job
	Partitionable Resources :    Usage  Request Allocated 
	   Cpus                 :                 1         1 
	   Disk (KB)            :   466090       20    284603 
	   Memory (MB)          :       42     2000      2000 

	Job terminated of its own accord at 2021-06-16T06:46:57Z.
...
