000 (146772.000.000) 06/16 08:14:24 Job submitted from host: <188.185.121.235:9618?addrs=188.185.121.235-9618+[2001-1458-d00-49--100-36e]-9618&alias=bigbird22.cern.ch&noUDP&sock=schedd_38044_991d>
...
040 (146772.000.000) 06/16 08:35:15 Started transferring input files
	Transferring to host: <128.142.85.26:9618?addrs=128.142.85.26-9618+[2001-1458-301-f6--100-6de]-9618&alias=b7s14n6571.cern.ch&noUDP&sock=slot1_16_5896_03e9_49377>
...
040 (146772.000.000) 06/16 08:35:15 Finished transferring input files
...
001 (146772.000.000) 06/16 08:35:15 Job executing on host: <128.142.85.26:9618?addrs=128.142.85.26-9618+[2001-1458-301-f6--100-6de]-9618&alias=b7s14n6571.cern.ch&noUDP&sock=startd_4672_2e8f>
...
006 (146772.000.000) 06/16 08:35:24 Image size of job updated: 766796
	34  -  MemoryUsage of job (MB)
	34724  -  ResidentSetSize of job (KB)
...
006 (146772.000.000) 06/16 08:36:09 Image size of job updated: 791428
	34  -  MemoryUsage of job (MB)
	34724  -  ResidentSetSize of job (KB)
...
040 (146772.000.000) 06/16 08:36:10 Started transferring output files
...
040 (146772.000.000) 06/16 08:36:10 Finished transferring output files
...
005 (146772.000.000) 06/16 08:36:12 Job terminated.
	(1) Normal termination (return value 0)
		Usr 0 00:00:07, Sys 0 00:00:02  -  Run Remote Usage
		Usr 0 00:00:00, Sys 0 00:00:00  -  Run Local Usage
		Usr 0 00:00:07, Sys 0 00:00:02  -  Total Remote Usage
		Usr 0 00:00:00, Sys 0 00:00:00  -  Total Local Usage
	19685  -  Run Bytes Sent By Job
	19004  -  Run Bytes Received By Job
	19685  -  Total Bytes Sent By Job
	19004  -  Total Bytes Received By Job
	Partitionable Resources :     Usage  Request Allocated 
	   Cpus                 :      0.09        1         1 
	   Disk (KB)            : 465997          20    284739 
	   Memory (MB)          :     34        2000      2000 

	Job terminated of its own accord at 2021-06-16T06:36:09Z.
...
