000 (147442.000.000) 06/16 08:28:28 Job submitted from host: <188.185.121.235:9618?addrs=188.185.121.235-9618+[2001-1458-d00-49--100-36e]-9618&alias=bigbird22.cern.ch&noUDP&sock=schedd_38044_991d>
...
040 (147442.000.000) 06/16 08:53:23 Started transferring input files
	Transferring to host: <188.185.105.252:9618?addrs=188.185.105.252-9618+[2001-1458-d00-3e--100-b]-9618&alias=b7g50s6473.cern.ch&noUDP&sock=slot1_14_6687_58a9_38199>
...
001 (147442.000.000) 06/16 08:53:23 Job executing on host: <188.185.105.252:9618?addrs=188.185.105.252-9618+[2001-1458-d00-3e--100-b]-9618&alias=b7g50s6473.cern.ch&noUDP&sock=startd_5241_77f2>
...
040 (147442.000.000) 06/16 08:53:23 Finished transferring input files
...
006 (147442.000.000) 06/16 08:53:32 Image size of job updated: 783188
	38  -  MemoryUsage of job (MB)
	38652  -  ResidentSetSize of job (KB)
...
006 (147442.000.000) 06/16 08:58:33 Image size of job updated: 791456
	67  -  MemoryUsage of job (MB)
	67776  -  ResidentSetSize of job (KB)
...
040 (147442.000.000) 06/16 09:51:16 Started transferring output files
...
040 (147442.000.000) 06/16 09:51:16 Finished transferring output files
...
005 (147442.000.000) 06/16 09:51:16 Job terminated.
	(1) Normal termination (return value 0)
		Usr 0 00:01:15, Sys 0 00:00:19  -  Run Remote Usage
		Usr 0 00:00:00, Sys 0 00:00:00  -  Run Local Usage
		Usr 0 00:01:15, Sys 0 00:00:19  -  Total Remote Usage
		Usr 0 00:00:00, Sys 0 00:00:00  -  Total Local Usage
	54509  -  Run Bytes Sent By Job
	19004  -  Run Bytes Received By Job
	54509  -  Total Bytes Sent By Job
	19004  -  Total Bytes Received By Job
	Partitionable Resources :      Usage  Request Allocated 
	   Cpus                 :       0.00        1         1 
	   Disk (KB)            : 3074355          20    603593 
	   Memory (MB)          :      67        2000      2000 

	Job terminated of its own accord at 2021-06-16T07:51:16Z.
...
