000 (109341.000.000) 06/02 16:50:42 Job submitted from host: <188.185.121.235:9618?addrs=188.185.121.235-9618+[2001-1458-d00-49--100-36e]-9618&alias=bigbird22.cern.ch&noUDP&sock=schedd_38044_991d>
...
040 (109341.000.000) 06/02 18:43:19 Started transferring input files
	Transferring to host: <188.184.213.78:9618?addrs=188.184.213.78-9618+[2001-1458-301-10c--100-156]-9618&alias=b7g24n0579.cern.ch&noUDP&sock=slot1_2_4826_1a7d_34529>
...
001 (109341.000.000) 06/02 18:43:19 Job executing on host: <188.184.213.78:9618?addrs=188.184.213.78-9618+[2001-1458-301-10c--100-156]-9618&alias=b7g24n0579.cern.ch&noUDP&sock=startd_3840_7fc3>
...
040 (109341.000.000) 06/02 18:43:19 Finished transferring input files
...
006 (109341.000.000) 06/02 18:43:27 Image size of job updated: 395412
	66  -  MemoryUsage of job (MB)
	67496  -  ResidentSetSize of job (KB)
...
006 (109341.000.000) 06/02 18:44:58 Image size of job updated: 790796
	66  -  MemoryUsage of job (MB)
	67496  -  ResidentSetSize of job (KB)
...
040 (109341.000.000) 06/02 18:44:58 Started transferring output files
...
040 (109341.000.000) 06/02 18:44:58 Finished transferring output files
...
005 (109341.000.000) 06/02 18:44:58 Job terminated.
	(1) Normal termination (return value 0)
		Usr 0 00:00:59, Sys 0 00:00:11  -  Run Remote Usage
		Usr 0 00:00:00, Sys 0 00:00:00  -  Run Local Usage
		Usr 0 00:00:59, Sys 0 00:00:11  -  Total Remote Usage
		Usr 0 00:00:00, Sys 0 00:00:00  -  Total Local Usage
	24383  -  Run Bytes Sent By Job
	19195  -  Run Bytes Received By Job
	24383  -  Total Bytes Sent By Job
	19195  -  Total Bytes Received By Job
	Partitionable Resources :    Usage  Request Allocated 
	   Cpus                 :                 1         1 
	   Disk (KB)            :  1952033       20    280459 
	   Memory (MB)          :       66     2000      2000 

	Job terminated of its own accord at 2021-06-02T16:44:58Z.
...
