000 (113394.000.000) 06/03 13:04:38 Job submitted from host: <188.185.121.235:9618?addrs=188.185.121.235-9618+[2001-1458-d00-49--100-36e]-9618&alias=bigbird22.cern.ch&noUDP&sock=schedd_38044_991d>
...
040 (113394.000.000) 06/03 13:22:03 Started transferring input files
	Transferring to host: <188.184.213.78:9618?addrs=188.184.213.78-9618+[2001-1458-301-10c--100-156]-9618&alias=b7g24n0579.cern.ch&noUDP&sock=slot1_11_4826_1a7d_35133>
...
040 (113394.000.000) 06/03 13:22:03 Finished transferring input files
...
001 (113394.000.000) 06/03 13:22:03 Job executing on host: <188.184.213.78:9618?addrs=188.184.213.78-9618+[2001-1458-301-10c--100-156]-9618&alias=b7g24n0579.cern.ch&noUDP&sock=startd_3840_7fc3>
...
006 (113394.000.000) 06/03 13:22:12 Image size of job updated: 6068
	6  -  MemoryUsage of job (MB)
	6068  -  ResidentSetSize of job (KB)
...
006 (113394.000.000) 06/03 13:27:14 Image size of job updated: 790824
	66  -  MemoryUsage of job (MB)
	67500  -  ResidentSetSize of job (KB)
...
040 (113394.000.000) 06/03 14:34:44 Started transferring output files
...
040 (113394.000.000) 06/03 14:34:44 Finished transferring output files
...
005 (113394.000.000) 06/03 14:34:45 Job terminated.
	(1) Normal termination (return value 0)
		Usr 0 00:00:58, Sys 0 00:00:11  -  Run Remote Usage
		Usr 0 00:00:00, Sys 0 00:00:00  -  Run Local Usage
		Usr 0 00:00:58, Sys 0 00:00:11  -  Total Remote Usage
		Usr 0 00:00:00, Sys 0 00:00:00  -  Total Local Usage
	41490  -  Run Bytes Sent By Job
	19004  -  Run Bytes Received By Job
	41490  -  Total Bytes Sent By Job
	19004  -  Total Bytes Received By Job
	Partitionable Resources :      Usage  Request Allocated 
	   Cpus                 :       0.00        1         1 
	   Disk (KB)            : 1950444          20    211737 
	   Memory (MB)          :      66        2000      2000 

	Job terminated of its own accord at 2021-06-03T12:34:44Z.
...
000 (117054.000.000) 06/04 09:10:25 Job submitted from host: <188.185.121.235:9618?addrs=188.185.121.235-9618+[2001-1458-d00-49--100-36e]-9618&alias=bigbird22.cern.ch&noUDP&sock=schedd_38044_991d>
...
040 (117054.000.000) 06/04 09:55:11 Started transferring input files
	Transferring to host: <188.184.139.134:9618?addrs=188.184.139.134-9618+[2001-1458-301-45--100-18d]-9618&alias=b7g42n0663.cern.ch&noUDP&sock=slot1_2_12098_e2a5_84964>
...
040 (117054.000.000) 06/04 09:55:11 Finished transferring input files
...
001 (117054.000.000) 06/04 09:55:12 Job executing on host: <188.184.139.134:9618?addrs=188.184.139.134-9618+[2001-1458-301-45--100-18d]-9618&alias=b7g42n0663.cern.ch&noUDP&sock=startd_5691_2191>
...
006 (117054.000.000) 06/04 09:55:20 Image size of job updated: 5104
	5  -  MemoryUsage of job (MB)
	5104  -  ResidentSetSize of job (KB)
...
006 (117054.000.000) 06/04 10:00:20 Image size of job updated: 790824
	60  -  MemoryUsage of job (MB)
	61332  -  ResidentSetSize of job (KB)
...
006 (117054.000.000) 06/04 10:05:20 Image size of job updated: 790824
	66  -  MemoryUsage of job (MB)
	67504  -  ResidentSetSize of job (KB)
...
006 (117054.000.000) 06/04 11:05:27 Image size of job updated: 790824
	91  -  MemoryUsage of job (MB)
	92716  -  ResidentSetSize of job (KB)
...
040 (117054.000.000) 06/04 11:05:31 Started transferring output files
...
040 (117054.000.000) 06/04 11:05:31 Finished transferring output files
...
005 (117054.000.000) 06/04 11:05:31 Job terminated.
	(1) Normal termination (return value 0)
		Usr 0 00:01:28, Sys 0 00:00:20  -  Run Remote Usage
		Usr 0 00:00:00, Sys 0 00:00:00  -  Run Local Usage
		Usr 0 00:01:28, Sys 0 00:00:20  -  Total Remote Usage
		Usr 0 00:00:00, Sys 0 00:00:00  -  Total Local Usage
	50519  -  Run Bytes Sent By Job
	19004  -  Run Bytes Received By Job
	50519  -  Total Bytes Sent By Job
	19004  -  Total Bytes Received By Job
	Partitionable Resources :      Usage  Request Allocated 
	   Cpus                 :       0.01        1         1 
	   Disk (KB)            : 2755882          20    217028 
	   Memory (MB)          :      91        2000      2000 

	Job terminated of its own accord at 2021-06-04T09:05:31Z.
...
000 (124381.000.000) 06/08 10:57:32 Job submitted from host: <188.185.121.235:9618?addrs=188.185.121.235-9618+[2001-1458-d00-49--100-36e]-9618&alias=bigbird22.cern.ch&noUDP&sock=schedd_38044_991d>
...
040 (124381.000.000) 06/08 12:34:36 Started transferring input files
	Transferring to host: <128.142.80.23:9618?addrs=128.142.80.23-9618+[2001-1458-301-f5--100-335]-9618&alias=b7s13n7308.cern.ch&noUDP&sock=slot1_6_9600_d17f_94059>
...
001 (124381.000.000) 06/08 12:34:36 Job executing on host: <128.142.80.23:9618?addrs=128.142.80.23-9618+[2001-1458-301-f5--100-335]-9618&alias=b7s13n7308.cern.ch&noUDP&sock=startd_16605_3a32>
...
040 (124381.000.000) 06/08 12:34:36 Finished transferring input files
...
006 (124381.000.000) 06/08 12:34:45 Image size of job updated: 625444
	6  -  MemoryUsage of job (MB)
	5736  -  ResidentSetSize of job (KB)
...
006 (124381.000.000) 06/08 12:39:46 Image size of job updated: 791456
	67  -  MemoryUsage of job (MB)
	67776  -  ResidentSetSize of job (KB)
...
006 (124381.000.000) 06/08 13:24:51 Image size of job updated: 791456
	91  -  MemoryUsage of job (MB)
	92700  -  ResidentSetSize of job (KB)
...
040 (124381.000.000) 06/08 13:25:43 Started transferring output files
...
040 (124381.000.000) 06/08 13:25:43 Finished transferring output files
...
005 (124381.000.000) 06/08 13:25:43 Job terminated.
	(1) Normal termination (return value 0)
		Usr 0 00:01:07, Sys 0 00:00:14  -  Run Remote Usage
		Usr 0 00:00:00, Sys 0 00:00:00  -  Run Local Usage
		Usr 0 00:01:07, Sys 0 00:00:14  -  Total Remote Usage
		Usr 0 00:00:00, Sys 0 00:00:00  -  Total Local Usage
	50505  -  Run Bytes Sent By Job
	19004  -  Run Bytes Received By Job
	50505  -  Total Bytes Sent By Job
	19004  -  Total Bytes Received By Job
	Partitionable Resources :      Usage  Request Allocated 
	   Cpus                 :       0.01        1         1 
	   Disk (KB)            : 2755882          20    283669 
	   Memory (MB)          :      91        2000      2000 

	Job terminated of its own accord at 2021-06-08T11:25:43Z.
...
