000 (109085.000.000) 06/02 16:44:23 Job submitted from host: <188.185.121.235:9618?addrs=188.185.121.235-9618+[2001-1458-d00-49--100-36e]-9618&alias=bigbird22.cern.ch&noUDP&sock=schedd_38044_991d>
...
040 (109085.000.000) 06/02 17:20:07 Started transferring input files
	Transferring to host: <128.142.69.81:9618?addrs=128.142.69.81-9618+[2001-1458-301-52--100-225]-9618&alias=b7s10n0873.cern.ch&noUDP&sock=slot1_10_1054_6364_104775>
...
001 (109085.000.000) 06/02 17:20:07 Job executing on host: <128.142.69.81:9618?addrs=128.142.69.81-9618+[2001-1458-301-52--100-225]-9618&alias=b7s10n0873.cern.ch&noUDP&sock=startd_2185_4e86>
...
040 (109085.000.000) 06/02 17:20:07 Finished transferring input files
...
006 (109085.000.000) 06/02 17:20:16 Image size of job updated: 395412
	17  -  MemoryUsage of job (MB)
	16500  -  ResidentSetSize of job (KB)
...
006 (109085.000.000) 06/02 17:25:17 Image size of job updated: 790824
	66  -  MemoryUsage of job (MB)
	67500  -  ResidentSetSize of job (KB)
...
040 (109085.000.000) 06/02 18:22:23 Started transferring output files
...
040 (109085.000.000) 06/02 18:22:23 Finished transferring output files
...
005 (109085.000.000) 06/02 18:22:24 Job terminated.
	(1) Normal termination (return value 0)
		Usr 0 00:00:44, Sys 0 00:00:12  -  Run Remote Usage
		Usr 0 00:00:00, Sys 0 00:00:00  -  Run Local Usage
		Usr 0 00:00:44, Sys 0 00:00:12  -  Total Remote Usage
		Usr 0 00:00:00, Sys 0 00:00:00  -  Total Local Usage
	41931  -  Run Bytes Sent By Job
	19195  -  Run Bytes Received By Job
	41931  -  Total Bytes Sent By Job
	19195  -  Total Bytes Received By Job
	Partitionable Resources :      Usage  Request Allocated 
	   Cpus                 :       0.01        1         1 
	   Disk (KB)            : 1949267          20    274474 
	   Memory (MB)          :      66        2000      2000 

	Job terminated of its own accord at 2021-06-02T16:22:23Z.
...
