000 (109180.000.000) 06/02 16:47:01 Job submitted from host: <188.185.121.235:9618?addrs=188.185.121.235-9618+[2001-1458-d00-49--100-36e]-9618&alias=bigbird22.cern.ch&noUDP&sock=schedd_38044_991d>
...
040 (109180.000.000) 06/02 17:31:24 Started transferring input files
	Transferring to host: <188.184.190.13:9618?addrs=188.184.190.13-9618+[2001-1458-301-4b--100-6]-9618&alias=b7g42n0035.cern.ch&noUDP&sock=slot1_12_3777_fcf3_39911>
...
040 (109180.000.000) 06/02 17:31:24 Finished transferring input files
...
001 (109180.000.000) 06/02 17:31:24 Job executing on host: <188.184.190.13:9618?addrs=188.184.190.13-9618+[2001-1458-301-4b--100-6]-9618&alias=b7g42n0035.cern.ch&noUDP&sock=startd_3235_84f7>
...
006 (109180.000.000) 06/02 17:31:33 Image size of job updated: 67504
	66  -  MemoryUsage of job (MB)
	67504  -  ResidentSetSize of job (KB)
...
006 (109180.000.000) 06/02 17:34:13 Image size of job updated: 790796
	66  -  MemoryUsage of job (MB)
	67504  -  ResidentSetSize of job (KB)
...
040 (109180.000.000) 06/02 17:34:14 Started transferring output files
...
040 (109180.000.000) 06/02 17:34:14 Finished transferring output files
...
005 (109180.000.000) 06/02 17:34:14 Job terminated.
	(1) Normal termination (return value 0)
		Usr 0 00:00:53, Sys 0 00:00:11  -  Run Remote Usage
		Usr 0 00:00:00, Sys 0 00:00:00  -  Run Local Usage
		Usr 0 00:00:53, Sys 0 00:00:11  -  Total Remote Usage
		Usr 0 00:00:00, Sys 0 00:00:00  -  Total Local Usage
	30990  -  Run Bytes Sent By Job
	19195  -  Run Bytes Received By Job
	30990  -  Total Bytes Sent By Job
	19195  -  Total Bytes Received By Job
	Partitionable Resources :    Usage  Request Allocated 
	   Cpus                 :                 1         1 
	   Disk (KB)            :  1952289       20    289828 
	   Memory (MB)          :       66     2000      2000 

	Job terminated of its own accord at 2021-06-02T15:34:13Z.
...
