000 (146755.000.000) 06/16 08:14:10 Job submitted from host: <188.185.121.235:9618?addrs=188.185.121.235-9618+[2001-1458-d00-49--100-36e]-9618&alias=bigbird22.cern.ch&noUDP&sock=schedd_38044_991d>
...
040 (146755.000.000) 06/16 08:35:12 Started transferring input files
	Transferring to host: <128.142.84.91:9618?addrs=128.142.84.91-9618+[2001-1458-301-f6--100-fc]-9618&alias=b7s14n1580.cern.ch&noUDP&sock=slot1_12_25782_8051_50670>
...
040 (146755.000.000) 06/16 08:35:12 Finished transferring input files
...
001 (146755.000.000) 06/16 08:35:12 Job executing on host: <128.142.84.91:9618?addrs=128.142.84.91-9618+[2001-1458-301-f6--100-fc]-9618&alias=b7s14n1580.cern.ch&noUDP&sock=startd_5094_a386>
...
006 (146755.000.000) 06/16 08:35:20 Image size of job updated: 625444
	6  -  MemoryUsage of job (MB)
	5276  -  ResidentSetSize of job (KB)
...
006 (146755.000.000) 06/16 08:36:57 Image size of job updated: 791456
	6  -  MemoryUsage of job (MB)
	5276  -  ResidentSetSize of job (KB)
...
040 (146755.000.000) 06/16 08:36:58 Started transferring output files
...
040 (146755.000.000) 06/16 08:36:59 Finished transferring output files
...
005 (146755.000.000) 06/16 08:37:02 Job terminated.
	(1) Normal termination (return value 0)
		Usr 0 00:00:07, Sys 0 00:00:02  -  Run Remote Usage
		Usr 0 00:00:00, Sys 0 00:00:00  -  Run Local Usage
		Usr 0 00:00:07, Sys 0 00:00:02  -  Total Remote Usage
		Usr 0 00:00:00, Sys 0 00:00:00  -  Total Local Usage
	22871  -  Run Bytes Sent By Job
	19004  -  Run Bytes Received By Job
	22871  -  Total Bytes Sent By Job
	19004  -  Total Bytes Received By Job
	Partitionable Resources :    Usage  Request Allocated 
	   Cpus                 :                 1         1 
	   Disk (KB)            :   466082       20    291876 
	   Memory (MB)          :        6     2000      2000 

	Job terminated of its own accord at 2021-06-16T06:36:57Z.
...
