000 (108853.000.000) 06/02 16:39:28 Job submitted from host: <188.185.121.235:9618?addrs=188.185.121.235-9618+[2001-1458-d00-49--100-36e]-9618&alias=bigbird22.cern.ch&noUDP&sock=schedd_38044_991d>
...
040 (108853.000.000) 06/02 16:57:27 Started transferring input files
	Transferring to host: <188.184.213.78:9618?addrs=188.184.213.78-9618+[2001-1458-301-10c--100-156]-9618&alias=b7g24n0579.cern.ch&noUDP&sock=slot1_2_4826_1a7d_34474>
...
040 (108853.000.000) 06/02 16:57:27 Finished transferring input files
...
001 (108853.000.000) 06/02 16:57:27 Job executing on host: <188.184.213.78:9618?addrs=188.184.213.78-9618+[2001-1458-301-10c--100-156]-9618&alias=b7g24n0579.cern.ch&noUDP&sock=startd_3840_7fc3>
...
006 (108853.000.000) 06/02 16:57:36 Image size of job updated: 624804
	16  -  MemoryUsage of job (MB)
	15992  -  ResidentSetSize of job (KB)
...
006 (108853.000.000) 06/02 17:02:37 Image size of job updated: 790824
	66  -  MemoryUsage of job (MB)
	67500  -  ResidentSetSize of job (KB)
...
006 (108853.000.000) 06/02 18:37:46 Image size of job updated: 790824
	82  -  MemoryUsage of job (MB)
	83228  -  ResidentSetSize of job (KB)
...
040 (108853.000.000) 06/02 18:40:56 Started transferring output files
...
040 (108853.000.000) 06/02 18:40:56 Finished transferring output files
...
005 (108853.000.000) 06/02 18:40:56 Job terminated.
	(1) Normal termination (return value 0)
		Usr 0 00:02:44, Sys 0 00:00:29  -  Run Remote Usage
		Usr 0 00:00:00, Sys 0 00:00:00  -  Run Local Usage
		Usr 0 00:02:44, Sys 0 00:00:29  -  Total Remote Usage
		Usr 0 00:00:00, Sys 0 00:00:00  -  Total Local Usage
	66922  -  Run Bytes Sent By Job
	19195  -  Run Bytes Received By Job
	66922  -  Total Bytes Sent By Job
	19195  -  Total Bytes Received By Job
	Partitionable Resources :      Usage  Request Allocated 
	   Cpus                 :       0.00        1         1 
	   Disk (KB)            : 4242694          20    295997 
	   Memory (MB)          :      82        2000      2000 

	Job terminated of its own accord at 2021-06-02T16:40:55Z.
...
