000 (111526.000.000) 06/03 12:33:49 Job submitted from host: <188.185.121.235:9618?addrs=188.185.121.235-9618+[2001-1458-d00-49--100-36e]-9618&alias=bigbird22.cern.ch&noUDP&sock=schedd_38044_991d>
...
040 (111526.000.000) 06/03 12:43:52 Started transferring input files
	Transferring to host: <188.184.190.92:9618?addrs=188.184.190.92-9618+[2001-1458-301-4b--100-59]-9618&alias=b7g42n0203.cern.ch&noUDP&sock=slot1_9_3091_a397_29667>
...
001 (111526.000.000) 06/03 12:43:52 Job executing on host: <188.184.190.92:9618?addrs=188.184.190.92-9618+[2001-1458-301-4b--100-59]-9618&alias=b7g42n0203.cern.ch&noUDP&sock=startd_2716_8750>
...
040 (111526.000.000) 06/03 12:43:52 Finished transferring input files
...
006 (111526.000.000) 06/03 12:44:00 Image size of job updated: 41924
	41  -  MemoryUsage of job (MB)
	41924  -  ResidentSetSize of job (KB)
...
006 (111526.000.000) 06/03 12:45:42 Image size of job updated: 790800
	42  -  MemoryUsage of job (MB)
	42064  -  ResidentSetSize of job (KB)
...
040 (111526.000.000) 06/03 12:45:42 Started transferring output files
...
040 (111526.000.000) 06/03 12:45:42 Finished transferring output files
...
005 (111526.000.000) 06/03 12:45:43 Job terminated.
	(1) Normal termination (return value 0)
		Usr 0 00:00:16, Sys 0 00:00:03  -  Run Remote Usage
		Usr 0 00:00:00, Sys 0 00:00:00  -  Run Local Usage
		Usr 0 00:00:16, Sys 0 00:00:03  -  Total Remote Usage
		Usr 0 00:00:00, Sys 0 00:00:00  -  Total Local Usage
	27854  -  Run Bytes Sent By Job
	19004  -  Run Bytes Received By Job
	27854  -  Total Bytes Sent By Job
	19004  -  Total Bytes Received By Job
	Partitionable Resources :    Usage  Request Allocated 
	   Cpus                 :                 1         1 
	   Disk (KB)            :   743538       20    298592 
	   Memory (MB)          :       42     2000      2000 

	Job terminated of its own accord at 2021-06-03T10:45:42Z.
...
000 (115123.000.000) 06/04 08:46:27 Job submitted from host: <188.185.121.235:9618?addrs=188.185.121.235-9618+[2001-1458-d00-49--100-36e]-9618&alias=bigbird22.cern.ch&noUDP&sock=schedd_38044_991d>
...
040 (115123.000.000) 06/04 08:53:32 Started transferring input files
	Transferring to host: <188.184.138.69:9618?addrs=188.184.138.69-9618+[2001-1458-301-45--100-48]-9618&alias=b7g42n0169.cern.ch&noUDP&sock=slot1_11_5436_e756_30508>
...
040 (115123.000.000) 06/04 08:53:32 Finished transferring input files
...
001 (115123.000.000) 06/04 08:53:32 Job executing on host: <188.184.138.69:9618?addrs=188.184.138.69-9618+[2001-1458-301-45--100-48]-9618&alias=b7g42n0169.cern.ch&noUDP&sock=startd_4163_0cda>
...
006 (115123.000.000) 06/04 08:53:41 Image size of job updated: 67500
	66  -  MemoryUsage of job (MB)
	67500  -  ResidentSetSize of job (KB)
...
006 (115123.000.000) 06/04 08:54:00 Image size of job updated: 790796
	66  -  MemoryUsage of job (MB)
	67500  -  ResidentSetSize of job (KB)
...
040 (115123.000.000) 06/04 08:54:00 Started transferring output files
...
040 (115123.000.000) 06/04 08:54:00 Finished transferring output files
...
005 (115123.000.000) 06/04 08:54:00 Job terminated.
	(1) Normal termination (return value 0)
		Usr 0 00:00:08, Sys 0 00:00:03  -  Run Remote Usage
		Usr 0 00:00:00, Sys 0 00:00:00  -  Run Local Usage
		Usr 0 00:00:08, Sys 0 00:00:03  -  Total Remote Usage
		Usr 0 00:00:00, Sys 0 00:00:00  -  Total Local Usage
	20598  -  Run Bytes Sent By Job
	19004  -  Run Bytes Received By Job
	20598  -  Total Bytes Sent By Job
	19004  -  Total Bytes Received By Job
	Partitionable Resources :    Usage  Request Allocated 
	   Cpus                 :        0        1         1 
	   Disk (KB)            :   540909       20    289653 
	   Memory (MB)          :       66     2000      2000 

	Job terminated of its own accord at 2021-06-04T06:54:00Z.
...
000 (122468.000.000) 06/08 10:24:56 Job submitted from host: <188.185.121.235:9618?addrs=188.185.121.235-9618+[2001-1458-d00-49--100-36e]-9618&alias=bigbird22.cern.ch&noUDP&sock=schedd_38044_991d>
...
040 (122468.000.000) 06/08 10:32:22 Started transferring input files
	Transferring to host: <128.142.70.184:9618?addrs=128.142.70.184-9618+[2001-1458-301-52--100-4e8]-9618&alias=b7s10n0698.cern.ch&noUDP&sock=slot1_6_17112_b3b1_107061>
...
040 (122468.000.000) 06/08 10:32:22 Finished transferring input files
...
001 (122468.000.000) 06/08 10:32:22 Job executing on host: <128.142.70.184:9618?addrs=128.142.70.184-9618+[2001-1458-301-52--100-4e8]-9618&alias=b7s10n0698.cern.ch&noUDP&sock=startd_2165_96a1>
...
006 (122468.000.000) 06/08 10:32:30 Image size of job updated: 625444
	28  -  MemoryUsage of job (MB)
	27816  -  ResidentSetSize of job (KB)
...
006 (122468.000.000) 06/08 10:33:43 Image size of job updated: 791428
	28  -  MemoryUsage of job (MB)
	27912  -  ResidentSetSize of job (KB)
...
040 (122468.000.000) 06/08 10:33:48 Entered queue to transfer output files
...
040 (122468.000.000) 06/08 10:34:26 Started transferring output files
...
040 (122468.000.000) 06/08 10:35:25 Finished transferring output files
...
005 (122468.000.000) 06/08 10:35:36 Job terminated.
	(1) Normal termination (return value 0)
		Usr 0 00:00:11, Sys 0 00:00:02  -  Run Remote Usage
		Usr 0 00:00:00, Sys 0 00:00:00  -  Run Local Usage
		Usr 0 00:00:11, Sys 0 00:00:02  -  Total Remote Usage
		Usr 0 00:00:00, Sys 0 00:00:00  -  Total Local Usage
	25017  -  Run Bytes Sent By Job
	19004  -  Run Bytes Received By Job
	25017  -  Total Bytes Sent By Job
	19004  -  Total Bytes Received By Job
	Partitionable Resources :    Usage  Request Allocated 
	   Cpus                 :                 1         1 
	   Disk (KB)            :   540907       20    232790 
	   Memory (MB)          :       28     2000      2000 

	Job terminated of its own accord at 2021-06-08T08:33:43Z.
...
