000 (147154.000.000) 06/16 08:22:30 Job submitted from host: <188.185.121.235:9618?addrs=188.185.121.235-9618+[2001-1458-d00-49--100-36e]-9618&alias=bigbird22.cern.ch&noUDP&sock=schedd_38044_991d>
...
040 (147154.000.000) 06/16 08:47:08 Started transferring input files
	Transferring to host: <128.142.86.237:9618?addrs=128.142.86.237-9618+[2001-1458-301-f6--100-4]-9618&alias=b7s14n1875.cern.ch&noUDP&sock=slot1_10_12137_5d47_91953>
...
001 (147154.000.000) 06/16 08:47:08 Job executing on host: <128.142.86.237:9618?addrs=128.142.86.237-9618+[2001-1458-301-f6--100-4]-9618&alias=b7s14n1875.cern.ch&noUDP&sock=startd_16361_dd16>
...
040 (147154.000.000) 06/16 08:47:08 Finished transferring input files
...
006 (147154.000.000) 06/16 08:47:16 Image size of job updated: 34924
	35  -  MemoryUsage of job (MB)
	34924  -  ResidentSetSize of job (KB)
...
006 (147154.000.000) 06/16 08:49:31 Image size of job updated: 791456
	35  -  MemoryUsage of job (MB)
	34924  -  ResidentSetSize of job (KB)
...
040 (147154.000.000) 06/16 08:49:31 Started transferring output files
...
040 (147154.000.000) 06/16 08:49:31 Finished transferring output files
...
005 (147154.000.000) 06/16 08:49:34 Job terminated.
	(1) Normal termination (return value 0)
		Usr 0 00:00:09, Sys 0 00:00:02  -  Run Remote Usage
		Usr 0 00:00:00, Sys 0 00:00:00  -  Run Local Usage
		Usr 0 00:00:09, Sys 0 00:00:02  -  Total Remote Usage
		Usr 0 00:00:00, Sys 0 00:00:00  -  Total Local Usage
	24220  -  Run Bytes Sent By Job
	19004  -  Run Bytes Received By Job
	24220  -  Total Bytes Sent By Job
	19004  -  Total Bytes Received By Job
	Partitionable Resources :    Usage  Request Allocated 
	   Cpus                 :                 1         1 
	   Disk (KB)            :   466292       20    287290 
	   Memory (MB)          :       35     2000      2000 

	Job terminated of its own accord at 2021-06-16T06:49:31Z.
...
