000 (148813.000.000) 06/16 08:57:33 Job submitted from host: <188.185.121.235:9618?addrs=188.185.121.235-9618+[2001-1458-d00-49--100-36e]-9618&alias=bigbird22.cern.ch&noUDP&sock=schedd_38044_991d>
...
040 (148813.000.000) 06/16 09:55:12 Started transferring input files
	Transferring to host: <188.184.213.7:9618?addrs=188.184.213.7-9618+[2001-1458-301-10c--100-10a]-9618&alias=b7g24n0516.cern.ch&noUDP&sock=slot1_1_32339_803c_92851>
...
001 (148813.000.000) 06/16 09:55:12 Job executing on host: <188.184.213.7:9618?addrs=188.184.213.7-9618+[2001-1458-301-10c--100-10a]-9618&alias=b7g24n0516.cern.ch&noUDP&sock=startd_5698_eeba>
...
040 (148813.000.000) 06/16 09:55:12 Finished transferring input files
...
006 (148813.000.000) 06/16 09:55:20 Image size of job updated: 35772
	35  -  MemoryUsage of job (MB)
	35320  -  ResidentSetSize of job (KB)
...
006 (148813.000.000) 06/16 10:00:20 Image size of job updated: 791428
	67  -  MemoryUsage of job (MB)
	67764  -  ResidentSetSize of job (KB)
...
040 (148813.000.000) 06/16 10:01:39 Started transferring output files
...
040 (148813.000.000) 06/16 10:01:39 Finished transferring output files
...
005 (148813.000.000) 06/16 10:01:39 Job terminated.
	(1) Normal termination (return value 0)
		Usr 0 00:00:56, Sys 0 00:00:16  -  Run Remote Usage
		Usr 0 00:00:00, Sys 0 00:00:00  -  Run Local Usage
		Usr 0 00:00:56, Sys 0 00:00:16  -  Total Remote Usage
		Usr 0 00:00:00, Sys 0 00:00:00  -  Total Local Usage
	45566  -  Run Bytes Sent By Job
	19004  -  Run Bytes Received By Job
	45566  -  Total Bytes Sent By Job
	19004  -  Total Bytes Received By Job
	Partitionable Resources :    Usage  Request Allocated 
	   Cpus                 :                 1         1 
	   Disk (KB)            :  2364896       20    311799 
	   Memory (MB)          :       67     2000      2000 

	Job terminated of its own accord at 2021-06-16T08:01:39Z.
...
