000 (109342.000.000) 06/02 16:50:43 Job submitted from host: <188.185.121.235:9618?addrs=188.185.121.235-9618+[2001-1458-d00-49--100-36e]-9618&alias=bigbird22.cern.ch&noUDP&sock=schedd_38044_991d>
...
040 (109342.000.000) 06/02 18:44:04 Started transferring input files
	Transferring to host: <188.184.168.218:9618?addrs=188.184.168.218-9618+[2001-1458-301-c0--100-150]-9618&alias=b7g52n8346.cern.ch&noUDP&sock=slot1_6_23654_21fb_42184>
...
001 (109342.000.000) 06/02 18:44:04 Job executing on host: <188.184.168.218:9618?addrs=188.184.168.218-9618+[2001-1458-301-c0--100-150]-9618&alias=b7g52n8346.cern.ch&noUDP&sock=startd_5345_cdcc>
...
040 (109342.000.000) 06/02 18:44:04 Finished transferring input files
...
006 (109342.000.000) 06/02 18:44:12 Image size of job updated: 790804
	66  -  MemoryUsage of job (MB)
	67504  -  ResidentSetSize of job (KB)
...
040 (109342.000.000) 06/02 18:45:59 Started transferring output files
...
040 (109342.000.000) 06/02 18:45:59 Finished transferring output files
...
005 (109342.000.000) 06/02 18:45:59 Job terminated.
	(1) Normal termination (return value 0)
		Usr 0 00:00:40, Sys 0 00:00:11  -  Run Remote Usage
		Usr 0 00:00:00, Sys 0 00:00:00  -  Run Local Usage
		Usr 0 00:00:40, Sys 0 00:00:11  -  Total Remote Usage
		Usr 0 00:00:00, Sys 0 00:00:00  -  Total Local Usage
	27784  -  Run Bytes Sent By Job
	19195  -  Run Bytes Received By Job
	27784  -  Total Bytes Sent By Job
	19195  -  Total Bytes Received By Job
	Partitionable Resources :    Usage  Request Allocated 
	   Cpus                 :                 1         1 
	   Disk (KB)            :  1952036       20    260757 
	   Memory (MB)          :       66     2000      2000 

	Job terminated of its own accord at 2021-06-02T16:45:59Z.
...
