000 (146738.000.000) 06/16 08:13:53 Job submitted from host: <188.185.121.235:9618?addrs=188.185.121.235-9618+[2001-1458-d00-49--100-36e]-9618&alias=bigbird22.cern.ch&noUDP&sock=schedd_38044_991d>
...
040 (146738.000.000) 06/16 08:35:01 Started transferring input files
	Transferring to host: <128.142.82.4:9618?addrs=128.142.82.4-9618+[2001-1458-301-f5--100-645]-9618&alias=b7s13n1790.cern.ch&noUDP&sock=slot1_15_4010_285c_49209>
...
001 (146738.000.000) 06/16 08:35:01 Job executing on host: <128.142.82.4:9618?addrs=128.142.82.4-9618+[2001-1458-301-f5--100-645]-9618&alias=b7s13n1790.cern.ch&noUDP&sock=startd_3353_7524>
...
040 (146738.000.000) 06/16 08:35:01 Finished transferring input files
...
006 (146738.000.000) 06/16 08:35:10 Image size of job updated: 783188
	35  -  MemoryUsage of job (MB)
	35296  -  ResidentSetSize of job (KB)
...
006 (146738.000.000) 06/16 08:37:08 Image size of job updated: 791452
	35  -  MemoryUsage of job (MB)
	35296  -  ResidentSetSize of job (KB)
...
040 (146738.000.000) 06/16 08:37:09 Started transferring output files
...
040 (146738.000.000) 06/16 08:37:10 Finished transferring output files
...
005 (146738.000.000) 06/16 08:37:12 Job terminated.
	(1) Normal termination (return value 0)
		Usr 0 00:00:08, Sys 0 00:00:02  -  Run Remote Usage
		Usr 0 00:00:00, Sys 0 00:00:00  -  Run Local Usage
		Usr 0 00:00:08, Sys 0 00:00:02  -  Total Remote Usage
		Usr 0 00:00:00, Sys 0 00:00:00  -  Total Local Usage
	21129  -  Run Bytes Sent By Job
	19004  -  Run Bytes Received By Job
	21129  -  Total Bytes Sent By Job
	19004  -  Total Bytes Received By Job
	Partitionable Resources :     Usage  Request Allocated 
	   Cpus                 :      0.02        1         1 
	   Disk (KB)            : 466113          20    196562 
	   Memory (MB)          :     35        2000      2000 

	Job terminated of its own accord at 2021-06-16T06:37:08Z.
...
