000 (109270.000.000) 06/02 16:49:13 Job submitted from host: <188.185.121.235:9618?addrs=188.185.121.235-9618+[2001-1458-d00-49--100-36e]-9618&alias=bigbird22.cern.ch&noUDP&sock=schedd_38044_991d>
...
040 (109270.000.000) 06/02 18:31:32 Started transferring input files
	Transferring to host: <188.184.254.28:9618?addrs=188.184.254.28-9618+[2001-1458-301-8--100-29]-9618&alias=b7g42n0060.cern.ch&noUDP&sock=slot1_4_5020_cb45_33162>
...
001 (109270.000.000) 06/02 18:31:32 Job executing on host: <188.184.254.28:9618?addrs=188.184.254.28-9618+[2001-1458-301-8--100-29]-9618&alias=b7g42n0060.cern.ch&noUDP&sock=startd_3926_7ce8>
...
040 (109270.000.000) 06/02 18:31:32 Finished transferring input files
...
006 (109270.000.000) 06/02 18:31:41 Image size of job updated: 526484
	42  -  MemoryUsage of job (MB)
	42304  -  ResidentSetSize of job (KB)
...
006 (109270.000.000) 06/02 18:34:09 Image size of job updated: 790796
	42  -  MemoryUsage of job (MB)
	42352  -  ResidentSetSize of job (KB)
...
040 (109270.000.000) 06/02 18:34:09 Started transferring output files
...
040 (109270.000.000) 06/02 18:34:09 Finished transferring output files
...
005 (109270.000.000) 06/02 18:34:09 Job terminated.
	(1) Normal termination (return value 0)
		Usr 0 00:01:01, Sys 0 00:00:09  -  Run Remote Usage
		Usr 0 00:00:00, Sys 0 00:00:00  -  Run Local Usage
		Usr 0 00:01:01, Sys 0 00:00:09  -  Total Remote Usage
		Usr 0 00:00:00, Sys 0 00:00:00  -  Total Local Usage
	28877  -  Run Bytes Sent By Job
	19195  -  Run Bytes Received By Job
	28877  -  Total Bytes Sent By Job
	19195  -  Total Bytes Received By Job
	Partitionable Resources :    Usage  Request Allocated 
	   Cpus                 :                 1         1 
	   Disk (KB)            :  1953411       20    312117 
	   Memory (MB)          :       42     2000      2000 

	Job terminated of its own accord at 2021-06-02T16:34:09Z.
...
