000 (108900.000.000) 06/02 16:40:20 Job submitted from host: <188.185.121.235:9618?addrs=188.185.121.235-9618+[2001-1458-d00-49--100-36e]-9618&alias=bigbird22.cern.ch&noUDP&sock=schedd_38044_991d>
...
040 (108900.000.000) 06/02 16:57:37 Started transferring input files
	Transferring to host: <188.184.213.68:9618?addrs=188.184.213.68-9618+[2001-1458-301-10c--100-139]-9618&alias=b7g24n0562.cern.ch&noUDP&sock=slot1_9_4706_8d78_34830>
...
040 (108900.000.000) 06/02 16:57:37 Finished transferring input files
...
001 (108900.000.000) 06/02 16:57:37 Job executing on host: <188.184.213.68:9618?addrs=188.184.213.68-9618+[2001-1458-301-10c--100-139]-9618&alias=b7g24n0562.cern.ch&noUDP&sock=startd_3748_650d>
...
006 (108900.000.000) 06/02 16:57:46 Image size of job updated: 624804
	35  -  MemoryUsage of job (MB)
	34940  -  ResidentSetSize of job (KB)
...
006 (108900.000.000) 06/02 17:02:48 Image size of job updated: 790796
	66  -  MemoryUsage of job (MB)
	67500  -  ResidentSetSize of job (KB)
...
006 (108900.000.000) 06/02 17:22:50 Image size of job updated: 790796
	121  -  MemoryUsage of job (MB)
	123508  -  ResidentSetSize of job (KB)
...
040 (108900.000.000) 06/02 17:24:08 Started transferring output files
...
040 (108900.000.000) 06/02 17:24:08 Finished transferring output files
...
005 (108900.000.000) 06/02 17:24:08 Job terminated.
	(1) Normal termination (return value 0)
		Usr 0 00:02:40, Sys 0 00:00:30  -  Run Remote Usage
		Usr 0 00:00:00, Sys 0 00:00:00  -  Run Local Usage
		Usr 0 00:02:40, Sys 0 00:00:30  -  Total Remote Usage
		Usr 0 00:00:00, Sys 0 00:00:00  -  Total Local Usage
	67017  -  Run Bytes Sent By Job
	19195  -  Run Bytes Received By Job
	67017  -  Total Bytes Sent By Job
	19195  -  Total Bytes Received By Job
	Partitionable Resources :      Usage  Request Allocated 
	   Cpus                 :       1.00        1         1 
	   Disk (KB)            : 4239280          20    276737 
	   Memory (MB)          :     121        2000      2000 

	Job terminated of its own accord at 2021-06-02T15:24:08Z.
...
