000 (147937.000.000) 06/16 08:38:51 Job submitted from host: <188.185.121.235:9618?addrs=188.185.121.235-9618+[2001-1458-d00-49--100-36e]-9618&alias=bigbird22.cern.ch&noUDP&sock=schedd_38044_991d>
...
040 (147937.000.000) 06/16 08:58:21 Started transferring input files
	Transferring to host: <188.184.205.71:9618?addrs=188.184.205.71-9618+[2001-1458-301-7d--100-146]-9618&alias=b7g27n0084.cern.ch&noUDP&sock=slot1_8_4027_22bd_47215>
...
001 (147937.000.000) 06/16 08:58:21 Job executing on host: <188.184.205.71:9618?addrs=188.184.205.71-9618+[2001-1458-301-7d--100-146]-9618&alias=b7g27n0084.cern.ch&noUDP&sock=startd_3363_5116>
...
040 (147937.000.000) 06/16 08:58:21 Finished transferring input files
...
006 (147937.000.000) 06/16 08:58:30 Image size of job updated: 7964
	8  -  MemoryUsage of job (MB)
	7964  -  ResidentSetSize of job (KB)
...
006 (147937.000.000) 06/16 09:03:30 Image size of job updated: 791452
	67  -  MemoryUsage of job (MB)
	67764  -  ResidentSetSize of job (KB)
...
040 (147937.000.000) 06/16 09:52:30 Started transferring output files
...
040 (147937.000.000) 06/16 09:52:30 Finished transferring output files
...
005 (147937.000.000) 06/16 09:52:31 Job terminated.
	(1) Normal termination (return value 0)
		Usr 0 00:01:55, Sys 0 00:00:25  -  Run Remote Usage
		Usr 0 00:00:00, Sys 0 00:00:00  -  Run Local Usage
		Usr 0 00:01:55, Sys 0 00:00:25  -  Total Remote Usage
		Usr 0 00:00:00, Sys 0 00:00:00  -  Total Local Usage
	54260  -  Run Bytes Sent By Job
	19004  -  Run Bytes Received By Job
	54260  -  Total Bytes Sent By Job
	19004  -  Total Bytes Received By Job
	Partitionable Resources :      Usage  Request Allocated 
	   Cpus                 :       0.97        1         1 
	   Disk (KB)            : 3074132          20    209347 
	   Memory (MB)          :      67        2000      2000 

	Job terminated of its own accord at 2021-06-16T07:52:30Z.
...
