000 (148109.000.000) 06/16 08:42:18 Job submitted from host: <188.185.121.235:9618?addrs=188.185.121.235-9618+[2001-1458-d00-49--100-36e]-9618&alias=bigbird22.cern.ch&noUDP&sock=schedd_38044_991d>
...
040 (148109.000.000) 06/16 09:01:27 Started transferring input files
	Transferring to host: <128.142.87.195:9618?addrs=128.142.87.195-9618+[2001-1458-301-f6--100-3e8]-9618&alias=b7s14n7911.cern.ch&noUDP&sock=slot1_15_2572_f4e2_21182>
...
001 (148109.000.000) 06/16 09:01:28 Job executing on host: <128.142.87.195:9618?addrs=128.142.87.195-9618+[2001-1458-301-f6--100-3e8]-9618&alias=b7s14n7911.cern.ch&noUDP&sock=startd_2321_9767>
...
040 (148109.000.000) 06/16 09:01:28 Finished transferring input files
...
006 (148109.000.000) 06/16 09:01:36 Image size of job updated: 625444
	7  -  MemoryUsage of job (MB)
	6316  -  ResidentSetSize of job (KB)
...
006 (148109.000.000) 06/16 09:06:36 Image size of job updated: 791456
	67  -  MemoryUsage of job (MB)
	67784  -  ResidentSetSize of job (KB)
...
040 (148109.000.000) 06/16 10:07:50 Started transferring output files
...
040 (148109.000.000) 06/16 10:07:50 Finished transferring output files
...
005 (148109.000.000) 06/16 10:07:51 Job terminated.
	(1) Normal termination (return value 0)
		Usr 0 00:00:48, Sys 0 00:00:14  -  Run Remote Usage
		Usr 0 00:00:00, Sys 0 00:00:00  -  Run Local Usage
		Usr 0 00:00:48, Sys 0 00:00:14  -  Total Remote Usage
		Usr 0 00:00:00, Sys 0 00:00:00  -  Total Local Usage
	46073  -  Run Bytes Sent By Job
	19004  -  Run Bytes Received By Job
	46073  -  Total Bytes Sent By Job
	19004  -  Total Bytes Received By Job
	Partitionable Resources :      Usage  Request Allocated 
	   Cpus                 :       0.01        1         1 
	   Disk (KB)            : 2368157          20    281611 
	   Memory (MB)          :      67        2000      2000 

	Job terminated of its own accord at 2021-06-16T08:07:50Z.
...
