000 (108907.000.000) 06/02 16:40:30 Job submitted from host: <188.185.121.235:9618?addrs=188.185.121.235-9618+[2001-1458-d00-49--100-36e]-9618&alias=bigbird22.cern.ch&noUDP&sock=schedd_38044_991d>
...
040 (108907.000.000) 06/02 16:57:40 Started transferring input files
	Transferring to host: <188.184.254.28:9618?addrs=188.184.254.28-9618+[2001-1458-301-8--100-29]-9618&alias=b7g42n0060.cern.ch&noUDP&sock=slot1_11_5020_cb45_33112>
...
001 (108907.000.000) 06/02 16:57:40 Job executing on host: <188.184.254.28:9618?addrs=188.184.254.28-9618+[2001-1458-301-8--100-29]-9618&alias=b7g42n0060.cern.ch&noUDP&sock=startd_3926_7ce8>
...
040 (108907.000.000) 06/02 16:57:40 Finished transferring input files
...
006 (108907.000.000) 06/02 16:57:48 Image size of job updated: 624804
	23  -  MemoryUsage of job (MB)
	23240  -  ResidentSetSize of job (KB)
...
006 (108907.000.000) 06/02 17:02:49 Image size of job updated: 790800
	66  -  MemoryUsage of job (MB)
	67500  -  ResidentSetSize of job (KB)
...
006 (108907.000.000) 06/02 17:17:50 Image size of job updated: 790800
	107  -  MemoryUsage of job (MB)
	109012  -  ResidentSetSize of job (KB)
...
040 (108907.000.000) 06/02 17:17:52 Started transferring output files
...
040 (108907.000.000) 06/02 17:17:52 Finished transferring output files
...
005 (108907.000.000) 06/02 17:17:52 Job terminated.
	(1) Normal termination (return value 0)
		Usr 0 00:02:54, Sys 0 00:00:30  -  Run Remote Usage
		Usr 0 00:00:00, Sys 0 00:00:00  -  Run Local Usage
		Usr 0 00:02:54, Sys 0 00:00:30  -  Total Remote Usage
		Usr 0 00:00:00, Sys 0 00:00:00  -  Total Local Usage
	67037  -  Run Bytes Sent By Job
	19195  -  Run Bytes Received By Job
	67037  -  Total Bytes Sent By Job
	19195  -  Total Bytes Received By Job
	Partitionable Resources :      Usage  Request Allocated 
	   Cpus                 :       0.94        1         1 
	   Disk (KB)            : 4244289          20    311526 
	   Memory (MB)          :     107        2000      2000 

	Job terminated of its own accord at 2021-06-02T15:17:52Z.
...
