000 (109250.000.000) 06/02 16:48:46 Job submitted from host: <188.185.121.235:9618?addrs=188.185.121.235-9618+[2001-1458-d00-49--100-36e]-9618&alias=bigbird22.cern.ch&noUDP&sock=schedd_38044_991d>
...
040 (109250.000.000) 06/02 18:29:07 Started transferring input files
	Transferring to host: <128.142.75.63:9618?addrs=128.142.75.63-9618+[2001-1458-301-75--100-386]-9618&alias=b7s11n8671.cern.ch&noUDP&sock=slot1_14_5975_ad8c_34286>
...
001 (109250.000.000) 06/02 18:29:07 Job executing on host: <128.142.75.63:9618?addrs=128.142.75.63-9618+[2001-1458-301-75--100-386]-9618&alias=b7s11n8671.cern.ch&noUDP&sock=startd_4645_a980>
...
040 (109250.000.000) 06/02 18:29:07 Finished transferring input files
...
006 (109250.000.000) 06/02 18:29:16 Image size of job updated: 39616
	39  -  MemoryUsage of job (MB)
	39616  -  ResidentSetSize of job (KB)
...
006 (109250.000.000) 06/02 18:31:40 Image size of job updated: 790792
	39  -  MemoryUsage of job (MB)
	39616  -  ResidentSetSize of job (KB)
...
040 (109250.000.000) 06/02 18:31:40 Started transferring output files
...
040 (109250.000.000) 06/02 18:31:40 Finished transferring output files
...
005 (109250.000.000) 06/02 18:31:40 Job terminated.
	(1) Normal termination (return value 0)
		Usr 0 00:00:38, Sys 0 00:00:10  -  Run Remote Usage
		Usr 0 00:00:00, Sys 0 00:00:00  -  Run Local Usage
		Usr 0 00:00:38, Sys 0 00:00:10  -  Total Remote Usage
		Usr 0 00:00:00, Sys 0 00:00:00  -  Total Local Usage
	29181  -  Run Bytes Sent By Job
	19195  -  Run Bytes Received By Job
	29181  -  Total Bytes Sent By Job
	19195  -  Total Bytes Received By Job
	Partitionable Resources :      Usage  Request Allocated 
	   Cpus                 :       0.08        1         1 
	   Disk (KB)            : 1952586          20    267118 
	   Memory (MB)          :      39        2000      2000 

	Job terminated of its own accord at 2021-06-02T16:31:40Z.
...
