000 (147424.000.000) 06/16 08:28:06 Job submitted from host: <188.185.121.235:9618?addrs=188.185.121.235-9618+[2001-1458-d00-49--100-36e]-9618&alias=bigbird22.cern.ch&noUDP&sock=schedd_38044_991d>
...
040 (147424.000.000) 06/16 08:53:00 Started transferring input files
	Transferring to host: <128.142.75.137:9618?addrs=128.142.75.137-9618+[2001-1458-301-75--100-623]-9618&alias=b7s11n3593.cern.ch&noUDP&sock=slot1_16_6129_2f52_42821>
...
040 (147424.000.000) 06/16 08:53:00 Finished transferring input files
...
001 (147424.000.000) 06/16 08:53:00 Job executing on host: <128.142.75.137:9618?addrs=128.142.75.137-9618+[2001-1458-301-75--100-623]-9618&alias=b7s11n3593.cern.ch&noUDP&sock=startd_4939_5258>
...
006 (147424.000.000) 06/16 08:53:09 Image size of job updated: 34752
	34  -  MemoryUsage of job (MB)
	34752  -  ResidentSetSize of job (KB)
...
006 (147424.000.000) 06/16 08:58:10 Image size of job updated: 791428
	67  -  MemoryUsage of job (MB)
	67772  -  ResidentSetSize of job (KB)
...
040 (147424.000.000) 06/16 09:06:32 Started transferring output files
...
040 (147424.000.000) 06/16 09:06:32 Finished transferring output files
...
005 (147424.000.000) 06/16 09:06:33 Job terminated.
	(1) Normal termination (return value 0)
		Usr 0 00:01:21, Sys 0 00:00:23  -  Run Remote Usage
		Usr 0 00:00:00, Sys 0 00:00:00  -  Run Local Usage
		Usr 0 00:01:21, Sys 0 00:00:23  -  Total Remote Usage
		Usr 0 00:00:00, Sys 0 00:00:00  -  Total Local Usage
	49025  -  Run Bytes Sent By Job
	19004  -  Run Bytes Received By Job
	49025  -  Total Bytes Sent By Job
	19004  -  Total Bytes Received By Job
	Partitionable Resources :      Usage  Request Allocated 
	   Cpus                 :       0.04        1         1 
	   Disk (KB)            : 3073986          20    277773 
	   Memory (MB)          :      67        2000      2000 

	Job terminated of its own accord at 2021-06-16T07:06:31Z.
...
