000 (109118.000.000) 06/02 16:45:26 Job submitted from host: <188.185.121.235:9618?addrs=188.185.121.235-9618+[2001-1458-d00-49--100-36e]-9618&alias=bigbird22.cern.ch&noUDP&sock=schedd_38044_991d>
...
040 (109118.000.000) 06/02 17:24:15 Entered queue to transfer input files
	Transferring to host: <188.184.213.68:9618?addrs=188.184.213.68-9618+[2001-1458-301-10c--100-139]-9618&alias=b7g24n0562.cern.ch&noUDP&sock=slot1_9_4706_8d78_34851>
...
040 (109118.000.000) 06/02 17:24:59 Started transferring input files
	Seconds spent in queue: 44
...
001 (109118.000.000) 06/02 17:24:59 Job executing on host: <188.184.213.68:9618?addrs=188.184.213.68-9618+[2001-1458-301-10c--100-139]-9618&alias=b7g24n0562.cern.ch&noUDP&sock=startd_3748_650d>
...
040 (109118.000.000) 06/02 17:24:59 Finished transferring input files
...
006 (109118.000.000) 06/02 17:25:08 Image size of job updated: 790824
	42  -  MemoryUsage of job (MB)
	42172  -  ResidentSetSize of job (KB)
...
040 (109118.000.000) 06/02 17:27:19 Started transferring output files
	Seconds spent in queue: 184
...
040 (109118.000.000) 06/02 17:27:19 Finished transferring output files
...
005 (109118.000.000) 06/02 17:27:19 Job terminated.
	(1) Normal termination (return value 0)
		Usr 0 00:00:59, Sys 0 00:00:09  -  Run Remote Usage
		Usr 0 00:00:00, Sys 0 00:00:00  -  Run Local Usage
		Usr 0 00:00:59, Sys 0 00:00:09  -  Total Remote Usage
		Usr 0 00:00:00, Sys 0 00:00:00  -  Total Local Usage
	26004  -  Run Bytes Sent By Job
	19195  -  Run Bytes Received By Job
	26004  -  Total Bytes Sent By Job
	19195  -  Total Bytes Received By Job
	Partitionable Resources :    Usage  Request Allocated 
	   Cpus                 :                 1         1 
	   Disk (KB)            :  1952590       20    274233 
	   Memory (MB)          :       42     2000      2000 

	Job terminated of its own accord at 2021-06-02T15:27:19Z.
...
