000 (108617.000.000) 06/02 16:34:02 Job submitted from host: <188.185.121.235:9618?addrs=188.185.121.235-9618+[2001-1458-d00-49--100-36e]-9618&alias=bigbird22.cern.ch&noUDP&sock=schedd_38044_991d>
...
040 (108617.000.000) 06/02 16:39:04 Started transferring input files
	Transferring to host: <128.142.77.91:9618?addrs=128.142.77.91-9618+[2001-1458-301-f4--100-2b4]-9618&alias=b7s12n2534.cern.ch&noUDP&sock=slot1_10_16571_84bb_83002>
...
001 (108617.000.000) 06/02 16:39:05 Job executing on host: <128.142.77.91:9618?addrs=128.142.77.91-9618+[2001-1458-301-f4--100-2b4]-9618&alias=b7s12n2534.cern.ch&noUDP&sock=startd_16635_ce09>
...
040 (108617.000.000) 06/02 16:39:05 Finished transferring input files
...
006 (108617.000.000) 06/02 16:39:13 Image size of job updated: 37840
	36  -  MemoryUsage of job (MB)
	36396  -  ResidentSetSize of job (KB)
...
006 (108617.000.000) 06/02 16:39:58 Image size of job updated: 790796
	36  -  MemoryUsage of job (MB)
	36444  -  ResidentSetSize of job (KB)
...
040 (108617.000.000) 06/02 16:39:58 Started transferring output files
...
040 (108617.000.000) 06/02 16:39:58 Finished transferring output files
...
005 (108617.000.000) 06/02 16:39:58 Job terminated.
	(1) Normal termination (return value 0)
		Usr 0 00:00:10, Sys 0 00:00:04  -  Run Remote Usage
		Usr 0 00:00:00, Sys 0 00:00:00  -  Run Local Usage
		Usr 0 00:00:10, Sys 0 00:00:04  -  Total Remote Usage
		Usr 0 00:00:00, Sys 0 00:00:00  -  Total Local Usage
	19780  -  Run Bytes Sent By Job
	19195  -  Run Bytes Received By Job
	19780  -  Total Bytes Sent By Job
	19195  -  Total Bytes Received By Job
	Partitionable Resources :    Usage  Request Allocated 
	   Cpus                 :                 1         1 
	   Disk (KB)            :   743895       20    287214 
	   Memory (MB)          :       36     2000      2000 

	Job terminated of its own accord at 2021-06-02T14:39:58Z.
...
