000 (147601.000.000) 06/16 08:31:31 Job submitted from host: <188.185.121.235:9618?addrs=188.185.121.235-9618+[2001-1458-d00-49--100-36e]-9618&alias=bigbird22.cern.ch&noUDP&sock=schedd_38044_991d>
...
040 (147601.000.000) 06/16 08:55:54 Started transferring input files
	Transferring to host: <128.142.87.24:9618?addrs=128.142.87.24-9618+[2001-1458-301-f6--100-67f]-9618&alias=b7s14n1682.cern.ch&noUDP&sock=slot1_16_5607_637d_37593>
...
040 (147601.000.000) 06/16 08:55:54 Finished transferring input files
...
001 (147601.000.000) 06/16 08:55:54 Job executing on host: <128.142.87.24:9618?addrs=128.142.87.24-9618+[2001-1458-301-f6--100-67f]-9618&alias=b7s14n1682.cern.ch&noUDP&sock=startd_4261_4522>
...
006 (147601.000.000) 06/16 08:56:03 Image size of job updated: 30264
	30  -  MemoryUsage of job (MB)
	30264  -  ResidentSetSize of job (KB)
...
006 (147601.000.000) 06/16 09:01:03 Image size of job updated: 791428
	67  -  MemoryUsage of job (MB)
	67780  -  ResidentSetSize of job (KB)
...
040 (147601.000.000) 06/16 09:49:38 Started transferring output files
...
040 (147601.000.000) 06/16 09:49:38 Finished transferring output files
...
005 (147601.000.000) 06/16 09:49:38 Job terminated.
	(1) Normal termination (return value 0)
		Usr 0 00:01:18, Sys 0 00:00:20  -  Run Remote Usage
		Usr 0 00:00:00, Sys 0 00:00:00  -  Run Local Usage
		Usr 0 00:01:18, Sys 0 00:00:20  -  Total Remote Usage
		Usr 0 00:00:00, Sys 0 00:00:00  -  Total Local Usage
	54251  -  Run Bytes Sent By Job
	19004  -  Run Bytes Received By Job
	54251  -  Total Bytes Sent By Job
	19004  -  Total Bytes Received By Job
	Partitionable Resources :      Usage  Request Allocated 
	   Cpus                 :       0.01        1         1 
	   Disk (KB)            : 3074225          20    277271 
	   Memory (MB)          :      67        2000      2000 

	Job terminated of its own accord at 2021-06-16T07:49:37Z.
...
