000 (148517.000.000) 06/16 08:50:26 Job submitted from host: <188.185.121.235:9618?addrs=188.185.121.235-9618+[2001-1458-d00-49--100-36e]-9618&alias=bigbird22.cern.ch&noUDP&sock=schedd_38044_991d>
...
040 (148517.000.000) 06/16 09:36:57 Started transferring input files
	Transferring to host: <128.142.78.217:9618?addrs=128.142.78.217-9618+[2001-1458-301-f4--100-3f0]-9618&alias=b7s12n5857.cern.ch&noUDP&sock=slot1_9_5681_8740_51483>
...
040 (148517.000.000) 06/16 09:36:57 Finished transferring input files
...
001 (148517.000.000) 06/16 09:36:57 Job executing on host: <128.142.78.217:9618?addrs=128.142.78.217-9618+[2001-1458-301-f4--100-3f0]-9618&alias=b7s12n5857.cern.ch&noUDP&sock=startd_4506_51d6>
...
006 (148517.000.000) 06/16 09:37:06 Image size of job updated: 9524
	10  -  MemoryUsage of job (MB)
	9524  -  ResidentSetSize of job (KB)
...
006 (148517.000.000) 06/16 09:42:07 Image size of job updated: 791456
	67  -  MemoryUsage of job (MB)
	67768  -  ResidentSetSize of job (KB)
...
040 (148517.000.000) 06/16 10:20:56 Started transferring output files
...
040 (148517.000.000) 06/16 10:20:56 Finished transferring output files
...
005 (148517.000.000) 06/16 10:20:57 Job terminated.
	(1) Normal termination (return value 0)
		Usr 0 00:00:45, Sys 0 00:00:13  -  Run Remote Usage
		Usr 0 00:00:00, Sys 0 00:00:00  -  Run Local Usage
		Usr 0 00:00:45, Sys 0 00:00:13  -  Total Remote Usage
		Usr 0 00:00:00, Sys 0 00:00:00  -  Total Local Usage
	46396  -  Run Bytes Sent By Job
	19004  -  Run Bytes Received By Job
	46396  -  Total Bytes Sent By Job
	19004  -  Total Bytes Received By Job
	Partitionable Resources :      Usage  Request Allocated 
	   Cpus                 :       0.02        1         1 
	   Disk (KB)            : 2368101          20    272696 
	   Memory (MB)          :      67        2000      2000 

	Job terminated of its own accord at 2021-06-16T08:20:56Z.
...
