000 (113072.000.000) 06/03 12:59:19 Job submitted from host: <188.185.121.235:9618?addrs=188.185.121.235-9618+[2001-1458-d00-49--100-36e]-9618&alias=bigbird22.cern.ch&noUDP&sock=schedd_38044_991d>
...
040 (113072.000.000) 06/03 13:19:47 Started transferring input files
	Transferring to host: <188.184.212.247:9618?addrs=188.184.212.247-9618+[2001-1458-301-10c--100-dc]-9618&alias=b7g24n0448.cern.ch&noUDP&sock=slot1_5_23405_b091_82820>
...
040 (113072.000.000) 06/03 13:19:47 Finished transferring input files
...
001 (113072.000.000) 06/03 13:19:47 Job executing on host: <188.184.212.247:9618?addrs=188.184.212.247-9618+[2001-1458-301-10c--100-dc]-9618&alias=b7g24n0448.cern.ch&noUDP&sock=startd_5691_2191>
...
006 (113072.000.000) 06/03 13:19:55 Image size of job updated: 624804
	10  -  MemoryUsage of job (MB)
	10040  -  ResidentSetSize of job (KB)
...
006 (113072.000.000) 06/03 13:24:55 Image size of job updated: 790824
	66  -  MemoryUsage of job (MB)
	67492  -  ResidentSetSize of job (KB)
...
040 (113072.000.000) 06/03 14:27:54 Started transferring output files
...
040 (113072.000.000) 06/03 14:27:54 Finished transferring output files
...
005 (113072.000.000) 06/03 14:27:55 Job terminated.
	(1) Normal termination (return value 0)
		Usr 0 00:00:37, Sys 0 00:00:11  -  Run Remote Usage
		Usr 0 00:00:00, Sys 0 00:00:00  -  Run Local Usage
		Usr 0 00:00:37, Sys 0 00:00:11  -  Total Remote Usage
		Usr 0 00:00:00, Sys 0 00:00:00  -  Total Local Usage
	41763  -  Run Bytes Sent By Job
	19004  -  Run Bytes Received By Job
	41763  -  Total Bytes Sent By Job
	19004  -  Total Bytes Received By Job
	Partitionable Resources :      Usage  Request Allocated 
	   Cpus                 :       0.00        1         1 
	   Disk (KB)            : 1953236          20    235629 
	   Memory (MB)          :      66        2000      2000 

	Job terminated of its own accord at 2021-06-03T12:27:54Z.
...
000 (116691.000.000) 06/04 09:06:08 Job submitted from host: <188.185.121.235:9618?addrs=188.185.121.235-9618+[2001-1458-d00-49--100-36e]-9618&alias=bigbird22.cern.ch&noUDP&sock=schedd_38044_991d>
...
040 (116691.000.000) 06/04 09:36:19 Started transferring input files
	Transferring to host: <128.142.83.86:9618?addrs=128.142.83.86-9618+[2001-1458-301-f5--100-270]-9618&alias=b7s13n0502.cern.ch&noUDP&sock=slot1_16_5525_9cba_46908>
...
040 (116691.000.000) 06/04 09:36:19 Finished transferring input files
...
001 (116691.000.000) 06/04 09:36:19 Job executing on host: <128.142.83.86:9618?addrs=128.142.83.86-9618+[2001-1458-301-f5--100-270]-9618&alias=b7s13n0502.cern.ch&noUDP&sock=startd_4317_ae70>
...
006 (116691.000.000) 06/04 09:36:28 Image size of job updated: 395412
	12  -  MemoryUsage of job (MB)
	11960  -  ResidentSetSize of job (KB)
...
006 (116691.000.000) 06/04 09:41:29 Image size of job updated: 790824
	66  -  MemoryUsage of job (MB)
	67500  -  ResidentSetSize of job (KB)
...
040 (116691.000.000) 06/04 11:00:52 Started transferring output files
...
040 (116691.000.000) 06/04 11:00:52 Finished transferring output files
...
005 (116691.000.000) 06/04 11:00:52 Job terminated.
	(1) Normal termination (return value 0)
		Usr 0 00:01:09, Sys 0 00:00:15  -  Run Remote Usage
		Usr 0 00:00:00, Sys 0 00:00:00  -  Run Local Usage
		Usr 0 00:01:09, Sys 0 00:00:15  -  Total Remote Usage
		Usr 0 00:00:00, Sys 0 00:00:00  -  Total Local Usage
	50560  -  Run Bytes Sent By Job
	19004  -  Run Bytes Received By Job
	50560  -  Total Bytes Sent By Job
	19004  -  Total Bytes Received By Job
	Partitionable Resources :      Usage  Request Allocated 
	   Cpus                 :       0.01        1         1 
	   Disk (KB)            : 2758647          20    174271 
	   Memory (MB)          :      66        2000      2000 

	Job terminated of its own accord at 2021-06-04T09:00:52Z.
...
000 (124047.000.000) 06/08 10:52:35 Job submitted from host: <188.185.121.235:9618?addrs=188.185.121.235-9618+[2001-1458-d00-49--100-36e]-9618&alias=bigbird22.cern.ch&noUDP&sock=schedd_38044_991d>
...
040 (124047.000.000) 06/08 11:23:35 Entered queue to transfer input files
	Transferring to host: <128.142.78.45:9618?addrs=128.142.78.45-9618+[2001-1458-301-f4--100-b1]-9618&alias=b7s12n7822.cern.ch&noUDP&sock=slot1_7_5432_15d6_39437>
...
040 (124047.000.000) 06/08 11:53:59 Started transferring input files
	Seconds spent in queue: 1824
...
040 (124047.000.000) 06/08 11:53:59 Finished transferring input files
...
001 (124047.000.000) 06/08 11:53:59 Job executing on host: <128.142.78.45:9618?addrs=128.142.78.45-9618+[2001-1458-301-f4--100-b1]-9618&alias=b7s12n7822.cern.ch&noUDP&sock=startd_4313_f00f>
...
006 (124047.000.000) 06/08 11:54:08 Image size of job updated: 321800
	2  -  MemoryUsage of job (MB)
	1740  -  ResidentSetSize of job (KB)
...
006 (124047.000.000) 06/08 11:59:09 Image size of job updated: 791452
	67  -  MemoryUsage of job (MB)
	67776  -  ResidentSetSize of job (KB)
...
040 (124047.000.000) 06/08 13:03:00 Started transferring output files
	Seconds spent in queue: 5965
...
040 (124047.000.000) 06/08 13:03:00 Finished transferring output files
...
005 (124047.000.000) 06/08 13:03:01 Job terminated.
	(1) Normal termination (return value 0)
		Usr 0 00:00:55, Sys 0 00:00:15  -  Run Remote Usage
		Usr 0 00:00:00, Sys 0 00:00:00  -  Run Local Usage
		Usr 0 00:00:55, Sys 0 00:00:15  -  Total Remote Usage
		Usr 0 00:00:00, Sys 0 00:00:00  -  Total Local Usage
	50569  -  Run Bytes Sent By Job
	19004  -  Run Bytes Received By Job
	50569  -  Total Bytes Sent By Job
	19004  -  Total Bytes Received By Job
	Partitionable Resources :      Usage  Request Allocated 
	   Cpus                 :       0.01        1         1 
	   Disk (KB)            : 2758646          20    277809 
	   Memory (MB)          :      67        2000      2000 

	Job terminated of its own accord at 2021-06-08T11:03:00Z.
...
