000 (108766.000.000) 06/02 16:37:49 Job submitted from host: <188.185.121.235:9618?addrs=188.185.121.235-9618+[2001-1458-d00-49--100-36e]-9618&alias=bigbird22.cern.ch&noUDP&sock=schedd_38044_991d>
...
040 (108766.000.000) 06/02 16:51:06 Started transferring input files
	Transferring to host: <128.142.77.249:9618?addrs=128.142.77.249-9618+[2001-1458-301-f4--100-489]-9618&alias=b7s12n8183.cern.ch&noUDP&sock=slot1_14_5034_a886_34670>
...
040 (108766.000.000) 06/02 16:51:06 Finished transferring input files
...
001 (108766.000.000) 06/02 16:51:06 Job executing on host: <128.142.77.249:9618?addrs=128.142.77.249-9618+[2001-1458-301-f4--100-489]-9618&alias=b7s12n8183.cern.ch&noUDP&sock=startd_4038_4f84>
...
006 (108766.000.000) 06/02 16:51:15 Image size of job updated: 10056
	10  -  MemoryUsage of job (MB)
	10056  -  ResidentSetSize of job (KB)
...
006 (108766.000.000) 06/02 16:56:16 Image size of job updated: 790820
	66  -  MemoryUsage of job (MB)
	67504  -  ResidentSetSize of job (KB)
...
006 (108766.000.000) 06/02 18:46:27 Image size of job updated: 790820
	92  -  MemoryUsage of job (MB)
	93632  -  ResidentSetSize of job (KB)
...
040 (108766.000.000) 06/02 18:48:04 Started transferring output files
...
040 (108766.000.000) 06/02 18:48:04 Finished transferring output files
...
005 (108766.000.000) 06/02 18:48:04 Job terminated.
	(1) Normal termination (return value 0)
		Usr 0 00:01:46, Sys 0 00:00:27  -  Run Remote Usage
		Usr 0 00:00:00, Sys 0 00:00:00  -  Run Local Usage
		Usr 0 00:01:46, Sys 0 00:00:27  -  Total Remote Usage
		Usr 0 00:00:00, Sys 0 00:00:00  -  Total Local Usage
	67137  -  Run Bytes Sent By Job
	19195  -  Run Bytes Received By Job
	67137  -  Total Bytes Sent By Job
	19195  -  Total Bytes Received By Job
	Partitionable Resources :      Usage  Request Allocated 
	   Cpus                 :       0.01        1         1 
	   Disk (KB)            : 4242498          20    220402 
	   Memory (MB)          :      92        2000      2000 

	Job terminated of its own accord at 2021-06-02T16:48:04Z.
...
