000 (112067.000.000) 06/03 12:42:46 Job submitted from host: <188.185.121.235:9618?addrs=188.185.121.235-9618+[2001-1458-d00-49--100-36e]-9618&alias=bigbird22.cern.ch&noUDP&sock=schedd_38044_991d>
...
040 (112067.000.000) 06/03 13:08:56 Started transferring input files
	Transferring to host: <128.142.76.188:9618?addrs=128.142.76.188-9618+[2001-1458-301-f4--100-a3]-9618&alias=b7s12n3875.cern.ch&noUDP&sock=slot1_5_12105_d145_80850>
...
001 (112067.000.000) 06/03 13:08:56 Job executing on host: <128.142.76.188:9618?addrs=128.142.76.188-9618+[2001-1458-301-f4--100-a3]-9618&alias=b7s12n3875.cern.ch&noUDP&sock=startd_16555_ee76>
...
040 (112067.000.000) 06/03 13:08:56 Finished transferring input files
...
006 (112067.000.000) 06/03 13:09:05 Image size of job updated: 624804
	42  -  MemoryUsage of job (MB)
	42596  -  ResidentSetSize of job (KB)
...
006 (112067.000.000) 06/03 13:14:06 Image size of job updated: 790796
	91  -  MemoryUsage of job (MB)
	92884  -  ResidentSetSize of job (KB)
...
040 (112067.000.000) 06/03 13:16:13 Started transferring output files
...
040 (112067.000.000) 06/03 13:16:13 Finished transferring output files
...
005 (112067.000.000) 06/03 13:16:14 Job terminated.
	(1) Normal termination (return value 0)
		Usr 0 00:01:49, Sys 0 00:00:26  -  Run Remote Usage
		Usr 0 00:00:00, Sys 0 00:00:00  -  Run Local Usage
		Usr 0 00:01:49, Sys 0 00:00:26  -  Total Remote Usage
		Usr 0 00:00:00, Sys 0 00:00:00  -  Total Local Usage
	48034  -  Run Bytes Sent By Job
	19004  -  Run Bytes Received By Job
	48034  -  Total Bytes Sent By Job
	19004  -  Total Bytes Received By Job
	Partitionable Resources :    Usage  Request Allocated 
	   Cpus                 :                 1         1 
	   Disk (KB)            :  4242131       20    281465 
	   Memory (MB)          :       91     2000      2000 

	Job terminated of its own accord at 2021-06-03T11:16:13Z.
...
000 (115670.000.000) 06/04 08:52:26 Job submitted from host: <188.185.121.235:9618?addrs=188.185.121.235-9618+[2001-1458-d00-49--100-36e]-9618&alias=bigbird22.cern.ch&noUDP&sock=schedd_38044_991d>
...
040 (115670.000.000) 06/04 08:58:33 Started transferring input files
	Transferring to host: <128.142.81.22:9618?addrs=128.142.81.22-9618+[2001-1458-301-f5--100-c4]-9618&alias=b7s13n6662.cern.ch&noUDP&sock=slot1_11_6342_433b_34050>
...
040 (115670.000.000) 06/04 08:58:33 Finished transferring input files
...
001 (115670.000.000) 06/04 08:58:33 Job executing on host: <128.142.81.22:9618?addrs=128.142.81.22-9618+[2001-1458-301-f5--100-c4]-9618&alias=b7s13n6662.cern.ch&noUDP&sock=startd_5068_ce10>
...
006 (115670.000.000) 06/04 08:58:42 Image size of job updated: 39428
	39  -  MemoryUsage of job (MB)
	39428  -  ResidentSetSize of job (KB)
...
006 (115670.000.000) 06/04 09:03:43 Image size of job updated: 790804
	66  -  MemoryUsage of job (MB)
	67504  -  ResidentSetSize of job (KB)
...
006 (115670.000.000) 06/04 13:09:08 Image size of job updated: 790804
	115  -  MemoryUsage of job (MB)
	116976  -  ResidentSetSize of job (KB)
...
040 (115670.000.000) 06/04 13:10:01 Started transferring output files
...
040 (115670.000.000) 06/04 13:10:01 Finished transferring output files
...
005 (115670.000.000) 06/04 13:10:02 Job terminated.
	(1) Normal termination (return value 0)
		Usr 0 00:01:57, Sys 0 00:00:25  -  Run Remote Usage
		Usr 0 00:00:00, Sys 0 00:00:00  -  Run Local Usage
		Usr 0 00:01:57, Sys 0 00:00:25  -  Total Remote Usage
		Usr 0 00:00:00, Sys 0 00:00:00  -  Total Local Usage
	60587  -  Run Bytes Sent By Job
	19004  -  Run Bytes Received By Job
	60587  -  Total Bytes Sent By Job
	19004  -  Total Bytes Received By Job
	Partitionable Resources :      Usage  Request Allocated 
	   Cpus                 :       0.00        1         1 
	   Disk (KB)            : 3711774          20    105668 
	   Memory (MB)          :     115        2000      2000 

	Job terminated of its own accord at 2021-06-04T11:10:01Z.
...
000 (123018.000.000) 06/08 10:37:12 Job submitted from host: <188.185.121.235:9618?addrs=188.185.121.235-9618+[2001-1458-d00-49--100-36e]-9618&alias=bigbird22.cern.ch&noUDP&sock=schedd_38044_991d>
...
040 (123018.000.000) 06/08 10:55:46 Started transferring input files
	Transferring to host: <128.142.161.89:9618?addrs=128.142.161.89-9618&alias=b7g03p4898.cern.ch&noUDP&sock=slot1_48_3720_d390_46405>
...
040 (123018.000.000) 06/08 10:55:46 Finished transferring input files
...
001 (123018.000.000) 06/08 10:55:46 Job executing on host: <128.142.161.89:9618?addrs=128.142.161.89-9618&alias=b7g03p4898.cern.ch&noUDP&sock=startd_2969_10c6>
...
006 (123018.000.000) 06/08 10:55:54 Image size of job updated: 38628
	37  -  MemoryUsage of job (MB)
	37316  -  ResidentSetSize of job (KB)
...
006 (123018.000.000) 06/08 11:00:54 Image size of job updated: 791436
	67  -  MemoryUsage of job (MB)
	67772  -  ResidentSetSize of job (KB)
...
040 (123018.000.000) 06/08 11:54:48 Started transferring output files
...
040 (123018.000.000) 06/08 11:54:48 Finished transferring output files
...
005 (123018.000.000) 06/08 11:54:48 Job terminated.
	(1) Normal termination (return value 0)
		Usr 0 00:01:44, Sys 0 00:00:26  -  Run Remote Usage
		Usr 0 00:00:00, Sys 0 00:00:00  -  Run Local Usage
		Usr 0 00:01:44, Sys 0 00:00:26  -  Total Remote Usage
		Usr 0 00:00:00, Sys 0 00:00:00  -  Total Local Usage
	60343  -  Run Bytes Sent By Job
	19004  -  Run Bytes Received By Job
	60343  -  Total Bytes Sent By Job
	19004  -  Total Bytes Received By Job
	Partitionable Resources :      Usage  Request Allocated 
	   Cpus                 :       1.00        1         1 
	   Disk (KB)            : 3711774          20   1291230 
	   Memory (MB)          :      67        2000      2000 

	Job terminated of its own accord at 2021-06-08T09:54:48Z.
...
