000 (111298.000.000) 06/03 12:29:22 Job submitted from host: <188.185.121.235:9618?addrs=188.185.121.235-9618+[2001-1458-d00-49--100-36e]-9618&alias=bigbird22.cern.ch&noUDP&sock=schedd_38044_991d>
...
040 (111298.000.000) 06/03 12:30:27 Started transferring input files
	Transferring to host: <188.184.196.145:9618?addrs=188.184.196.145-9618+[2001-1458-301-102--100-74]-9618&alias=b7g24n0235.cern.ch&noUDP&sock=slot1_7_11473_842c_83214>
...
001 (111298.000.000) 06/03 12:30:27 Job executing on host: <188.184.196.145:9618?addrs=188.184.196.145-9618+[2001-1458-301-102--100-74]-9618&alias=b7g24n0235.cern.ch&noUDP&sock=startd_3246_1082>
...
040 (111298.000.000) 06/03 12:30:27 Finished transferring input files
...
006 (111298.000.000) 06/03 12:30:36 Image size of job updated: 782548
	36  -  MemoryUsage of job (MB)
	36120  -  ResidentSetSize of job (KB)
...
006 (111298.000.000) 06/03 12:32:29 Image size of job updated: 790796
	36  -  MemoryUsage of job (MB)
	36140  -  ResidentSetSize of job (KB)
...
040 (111298.000.000) 06/03 12:32:29 Started transferring output files
...
040 (111298.000.000) 06/03 12:32:29 Finished transferring output files
...
005 (111298.000.000) 06/03 12:32:29 Job terminated.
	(1) Normal termination (return value 0)
		Usr 0 00:00:13, Sys 0 00:00:04  -  Run Remote Usage
		Usr 0 00:00:00, Sys 0 00:00:00  -  Run Local Usage
		Usr 0 00:00:13, Sys 0 00:00:04  -  Total Remote Usage
		Usr 0 00:00:00, Sys 0 00:00:00  -  Total Local Usage
	25294  -  Run Bytes Sent By Job
	19004  -  Run Bytes Received By Job
	25294  -  Total Bytes Sent By Job
	19004  -  Total Bytes Received By Job
	Partitionable Resources :    Usage  Request Allocated 
	   Cpus                 :                 1         1 
	   Disk (KB)            :   743530       20    278791 
	   Memory (MB)          :       36     2000      2000 

	Job terminated of its own accord at 2021-06-03T10:32:29Z.
...
000 (114972.000.000) 06/04 08:43:44 Job submitted from host: <188.185.121.235:9618?addrs=188.185.121.235-9618+[2001-1458-d00-49--100-36e]-9618&alias=bigbird22.cern.ch&noUDP&sock=schedd_38044_991d>
...
040 (114972.000.000) 06/04 08:51:15 Started transferring input files
	Transferring to host: <188.184.139.134:9618?addrs=188.184.139.134-9618+[2001-1458-301-45--100-18d]-9618&alias=b7g42n0663.cern.ch&noUDP&sock=slot1_7_12098_e2a5_84909>
...
040 (114972.000.000) 06/04 08:51:15 Finished transferring input files
...
001 (114972.000.000) 06/04 08:51:15 Job executing on host: <188.184.139.134:9618?addrs=188.184.139.134-9618+[2001-1458-301-45--100-18d]-9618&alias=b7g42n0663.cern.ch&noUDP&sock=startd_5691_2191>
...
006 (114972.000.000) 06/04 08:51:23 Image size of job updated: 790744
	39  -  MemoryUsage of job (MB)
	39576  -  ResidentSetSize of job (KB)
...
006 (114972.000.000) 06/04 08:52:14 Image size of job updated: 790796
	39  -  MemoryUsage of job (MB)
	39576  -  ResidentSetSize of job (KB)
...
040 (114972.000.000) 06/04 08:52:15 Started transferring output files
...
040 (114972.000.000) 06/04 08:52:15 Finished transferring output files
...
005 (114972.000.000) 06/04 08:52:15 Job terminated.
	(1) Normal termination (return value 0)
		Usr 0 00:00:11, Sys 0 00:00:02  -  Run Remote Usage
		Usr 0 00:00:00, Sys 0 00:00:00  -  Run Local Usage
		Usr 0 00:00:11, Sys 0 00:00:02  -  Total Remote Usage
		Usr 0 00:00:00, Sys 0 00:00:00  -  Total Local Usage
	21081  -  Run Bytes Sent By Job
	19004  -  Run Bytes Received By Job
	21081  -  Total Bytes Sent By Job
	19004  -  Total Bytes Received By Job
	Partitionable Resources :    Usage  Request Allocated 
	   Cpus                 :                 1         1 
	   Disk (KB)            :   540996       20    102943 
	   Memory (MB)          :       39     2000      2000 

	Job terminated of its own accord at 2021-06-04T06:52:14Z.
...
000 (122206.000.000) 06/08 10:18:59 Job submitted from host: <188.185.121.235:9618?addrs=188.185.121.235-9618+[2001-1458-d00-49--100-36e]-9618&alias=bigbird22.cern.ch&noUDP&sock=schedd_38044_991d>
...
040 (122206.000.000) 06/08 10:22:08 Entered queue to transfer input files
	Transferring to host: <128.142.72.130:9618?addrs=128.142.72.130-9618+[2001-1458-301-75--100-3e2]-9618&alias=b7s11n1505.cern.ch&noUDP&sock=slot1_3_6261_30d8_45809>
...
040 (122206.000.000) 06/08 10:22:17 Started transferring input files
	Seconds spent in queue: 9
...
001 (122206.000.000) 06/08 10:22:17 Job executing on host: <128.142.72.130:9618?addrs=128.142.72.130-9618+[2001-1458-301-75--100-3e2]-9618&alias=b7s11n1505.cern.ch&noUDP&sock=startd_4925_b805>
...
040 (122206.000.000) 06/08 10:22:24 Finished transferring input files
...
006 (122206.000.000) 06/08 10:22:26 Image size of job updated: 774992
	40  -  MemoryUsage of job (MB)
	40932  -  ResidentSetSize of job (KB)
...
006 (122206.000.000) 06/08 10:23:43 Image size of job updated: 791428
	40  -  MemoryUsage of job (MB)
	40932  -  ResidentSetSize of job (KB)
...
040 (122206.000.000) 06/08 10:23:43 Started transferring output files
	Seconds spent in queue: 95
...
040 (122206.000.000) 06/08 10:23:43 Finished transferring output files
...
005 (122206.000.000) 06/08 10:23:44 Job terminated.
	(1) Normal termination (return value 0)
		Usr 0 00:00:08, Sys 0 00:00:02  -  Run Remote Usage
		Usr 0 00:00:00, Sys 0 00:00:00  -  Run Local Usage
		Usr 0 00:00:08, Sys 0 00:00:02  -  Total Remote Usage
		Usr 0 00:00:00, Sys 0 00:00:00  -  Total Local Usage
	22366  -  Run Bytes Sent By Job
	19004  -  Run Bytes Received By Job
	22366  -  Total Bytes Sent By Job
	19004  -  Total Bytes Received By Job
	Partitionable Resources :    Usage  Request Allocated 
	   Cpus                 :                 1         1 
	   Disk (KB)            :   540997       20    280214 
	   Memory (MB)          :       40     2000      2000 

	Job terminated of its own accord at 2021-06-08T08:23:43Z.
...
