000 (108844.000.000) 06/02 16:39:17 Job submitted from host: <188.185.121.235:9618?addrs=188.185.121.235-9618+[2001-1458-d00-49--100-36e]-9618&alias=bigbird22.cern.ch&noUDP&sock=schedd_38044_991d>
...
040 (108844.000.000) 06/02 16:57:23 Started transferring input files
	Transferring to host: <188.184.212.171:9618?addrs=188.184.212.171-9618+[2001-1458-301-10c--100-a9]-9618&alias=b7g24n0339.cern.ch&noUDP&sock=slot1_5_5185_0d2c_28459>
...
040 (108844.000.000) 06/02 16:57:23 Finished transferring input files
...
001 (108844.000.000) 06/02 16:57:23 Job executing on host: <188.184.212.171:9618?addrs=188.184.212.171-9618+[2001-1458-301-10c--100-a9]-9618&alias=b7g24n0339.cern.ch&noUDP&sock=startd_3928_dc19>
...
006 (108844.000.000) 06/02 16:57:32 Image size of job updated: 68152
	66  -  MemoryUsage of job (MB)
	67496  -  ResidentSetSize of job (KB)
...
006 (108844.000.000) 06/02 17:02:33 Image size of job updated: 790796
	66  -  MemoryUsage of job (MB)
	67496  -  ResidentSetSize of job (KB)
...
006 (108844.000.000) 06/02 17:17:34 Image size of job updated: 790796
	114  -  MemoryUsage of job (MB)
	116184  -  ResidentSetSize of job (KB)
...
040 (108844.000.000) 06/02 17:18:47 Entered queue to transfer output files
...
040 (108844.000.000) 06/02 17:18:47 Started transferring output files
...
040 (108844.000.000) 06/02 17:18:47 Finished transferring output files
...
005 (108844.000.000) 06/02 17:18:48 Job terminated.
	(1) Normal termination (return value 0)
		Usr 0 00:02:13, Sys 0 00:00:34  -  Run Remote Usage
		Usr 0 00:00:00, Sys 0 00:00:00  -  Run Local Usage
		Usr 0 00:02:13, Sys 0 00:00:34  -  Total Remote Usage
		Usr 0 00:00:00, Sys 0 00:00:00  -  Total Local Usage
	64286  -  Run Bytes Sent By Job
	19195  -  Run Bytes Received By Job
	64286  -  Total Bytes Sent By Job
	19195  -  Total Bytes Received By Job
	Partitionable Resources :      Usage  Request Allocated 
	   Cpus                 :       0.03        1         1 
	   Disk (KB)            : 4242070          20    181056 
	   Memory (MB)          :     114        2000      2000 

	Job terminated of its own accord at 2021-06-02T15:18:42Z.
...
