000 (112589.000.000) 06/03 12:51:51 Job submitted from host: <188.185.121.235:9618?addrs=188.185.121.235-9618+[2001-1458-d00-49--100-36e]-9618&alias=bigbird22.cern.ch&noUDP&sock=schedd_38044_991d>
...
040 (112589.000.000) 06/03 13:16:40 Started transferring input files
	Transferring to host: <188.184.139.209:9618?addrs=188.184.139.209-9618+[2001-1458-301-45--100-1b9]-9618&alias=b7g42n0733.cern.ch&noUDP&sock=slot1_7_32531_c844_103877>
...
040 (112589.000.000) 06/03 13:16:40 Finished transferring input files
...
001 (112589.000.000) 06/03 13:16:40 Job executing on host: <188.184.139.209:9618?addrs=188.184.139.209-9618+[2001-1458-301-45--100-1b9]-9618&alias=b7g42n0733.cern.ch&noUDP&sock=startd_1902_3138>
...
006 (112589.000.000) 06/03 13:16:48 Image size of job updated: 766156
	19  -  MemoryUsage of job (MB)
	18828  -  ResidentSetSize of job (KB)
...
006 (112589.000.000) 06/03 13:21:48 Image size of job updated: 790816
	66  -  MemoryUsage of job (MB)
	67500  -  ResidentSetSize of job (KB)
...
040 (112589.000.000) 06/03 13:50:29 Started transferring output files
...
040 (112589.000.000) 06/03 13:50:29 Finished transferring output files
...
005 (112589.000.000) 06/03 13:50:29 Job terminated.
	(1) Normal termination (return value 0)
		Usr 0 00:02:37, Sys 0 00:00:29  -  Run Remote Usage
		Usr 0 00:00:00, Sys 0 00:00:00  -  Run Local Usage
		Usr 0 00:02:37, Sys 0 00:00:29  -  Total Remote Usage
		Usr 0 00:00:00, Sys 0 00:00:00  -  Total Local Usage
	66486  -  Run Bytes Sent By Job
	19004  -  Run Bytes Received By Job
	66486  -  Total Bytes Sent By Job
	19004  -  Total Bytes Received By Job
	Partitionable Resources :      Usage  Request Allocated 
	   Cpus                 :       0.02        1         1 
	   Disk (KB)            : 4234486          20    282899 
	   Memory (MB)          :      66        2000      2000 

	Job terminated of its own accord at 2021-06-03T11:50:29Z.
...
000 (116192.000.000) 06/04 08:59:15 Job submitted from host: <188.185.121.235:9618?addrs=188.185.121.235-9618+[2001-1458-d00-49--100-36e]-9618&alias=bigbird22.cern.ch&noUDP&sock=schedd_38044_991d>
...
040 (116192.000.000) 06/04 09:06:00 Started transferring input files
	Transferring to host: <188.184.212.117:9618?addrs=188.184.212.117-9618+[2001-1458-301-10c--100-7a]-9618&alias=b7g24n0222.cern.ch&noUDP&sock=slot1_10_20776_5246_90906>
...
001 (116192.000.000) 06/04 09:06:00 Job executing on host: <188.184.212.117:9618?addrs=188.184.212.117-9618+[2001-1458-301-10c--100-7a]-9618&alias=b7g24n0222.cern.ch&noUDP&sock=startd_2051_64d5>
...
040 (116192.000.000) 06/04 09:06:00 Finished transferring input files
...
006 (116192.000.000) 06/04 09:06:09 Image size of job updated: 766156
	15  -  MemoryUsage of job (MB)
	14436  -  ResidentSetSize of job (KB)
...
006 (116192.000.000) 06/04 09:11:10 Image size of job updated: 790824
	66  -  MemoryUsage of job (MB)
	67492  -  ResidentSetSize of job (KB)
...
040 (116192.000.000) 06/04 13:50:45 Started transferring output files
...
040 (116192.000.000) 06/04 13:50:45 Finished transferring output files
...
005 (116192.000.000) 06/04 13:50:46 Job terminated.
	(1) Normal termination (return value 0)
		Usr 0 00:02:25, Sys 0 00:00:28  -  Run Remote Usage
		Usr 0 00:00:00, Sys 0 00:00:00  -  Run Local Usage
		Usr 0 00:02:25, Sys 0 00:00:28  -  Total Remote Usage
		Usr 0 00:00:00, Sys 0 00:00:00  -  Total Local Usage
	61287  -  Run Bytes Sent By Job
	19004  -  Run Bytes Received By Job
	61287  -  Total Bytes Sent By Job
	19004  -  Total Bytes Received By Job
	Partitionable Resources :      Usage  Request Allocated 
	   Cpus                 :       0.00        1         1 
	   Disk (KB)            : 3704673          20    315127 
	   Memory (MB)          :      66        2000      2000 

	Job terminated of its own accord at 2021-06-04T11:50:45Z.
...
000 (123552.000.000) 06/08 10:45:27 Job submitted from host: <188.185.121.235:9618?addrs=188.185.121.235-9618+[2001-1458-d00-49--100-36e]-9618&alias=bigbird22.cern.ch&noUDP&sock=schedd_38044_991d>
...
