000 (148225.000.000) 06/16 08:45:06 Job submitted from host: <188.185.121.235:9618?addrs=188.185.121.235-9618+[2001-1458-d00-49--100-36e]-9618&alias=bigbird22.cern.ch&noUDP&sock=schedd_38044_991d>
...
040 (148225.000.000) 06/16 09:04:07 Started transferring input files
	Transferring to host: <188.184.168.164:9618?addrs=188.184.168.164-9618&alias=b7g52n4716.cern.ch&noUDP&sock=slot1_12_5980_336c_50232>
...
040 (148225.000.000) 06/16 09:04:07 Finished transferring input files
...
001 (148225.000.000) 06/16 09:04:07 Job executing on host: <188.184.168.164:9618?addrs=188.184.168.164-9618&alias=b7g52n4716.cern.ch&noUDP&sock=startd_4919_9a73>
...
006 (148225.000.000) 06/16 09:04:16 Image size of job updated: 625444
	5  -  MemoryUsage of job (MB)
	4308  -  ResidentSetSize of job (KB)
...
006 (148225.000.000) 06/16 09:09:16 Image size of job updated: 791456
	67  -  MemoryUsage of job (MB)
	67776  -  ResidentSetSize of job (KB)
...
006 (148225.000.000) 06/16 10:14:22 Image size of job updated: 791456
	89  -  MemoryUsage of job (MB)
	90116  -  ResidentSetSize of job (KB)
...
040 (148225.000.000) 06/16 10:14:54 Started transferring output files
...
040 (148225.000.000) 06/16 10:14:54 Finished transferring output files
...
005 (148225.000.000) 06/16 10:14:54 Job terminated.
	(1) Normal termination (return value 0)
		Usr 0 00:00:44, Sys 0 00:00:12  -  Run Remote Usage
		Usr 0 00:00:00, Sys 0 00:00:00  -  Run Local Usage
		Usr 0 00:00:44, Sys 0 00:00:12  -  Total Remote Usage
		Usr 0 00:00:00, Sys 0 00:00:00  -  Total Local Usage
	46096  -  Run Bytes Sent By Job
	19004  -  Run Bytes Received By Job
	46096  -  Total Bytes Sent By Job
	19004  -  Total Bytes Received By Job
	Partitionable Resources :      Usage  Request Allocated 
	   Cpus                 :       0.00        1         1 
	   Disk (KB)            : 2368167          20    279525 
	   Memory (MB)          :      89        2000      2000 

	Job terminated of its own accord at 2021-06-16T08:14:54Z.
...
