000 (108667.000.000) 06/02 16:35:30 Job submitted from host: <188.185.121.235:9618?addrs=188.185.121.235-9618+[2001-1458-d00-49--100-36e]-9618&alias=bigbird22.cern.ch&noUDP&sock=schedd_38044_991d>
...
040 (108667.000.000) 06/02 16:42:55 Started transferring input files
	Transferring to host: <188.184.168.218:9618?addrs=188.184.168.218-9618+[2001-1458-301-c0--100-150]-9618&alias=b7g52n8346.cern.ch&noUDP&sock=slot1_1_23654_21fb_42101>
...
040 (108667.000.000) 06/02 16:42:55 Finished transferring input files
...
001 (108667.000.000) 06/02 16:42:55 Job executing on host: <188.184.168.218:9618?addrs=188.184.168.218-9618+[2001-1458-301-c0--100-150]-9618&alias=b7g52n8346.cern.ch&noUDP&sock=startd_5345_cdcc>
...
006 (108667.000.000) 06/02 16:43:04 Image size of job updated: 624804
	39  -  MemoryUsage of job (MB)
	39316  -  ResidentSetSize of job (KB)
...
006 (108667.000.000) 06/02 16:48:05 Image size of job updated: 790824
	66  -  MemoryUsage of job (MB)
	67500  -  ResidentSetSize of job (KB)
...
040 (108667.000.000) 06/02 16:52:36 Started transferring output files
...
040 (108667.000.000) 06/02 16:52:36 Finished transferring output files
...
005 (108667.000.000) 06/02 16:52:36 Job terminated.
	(1) Normal termination (return value 0)
		Usr 0 00:00:12, Sys 0 00:00:03  -  Run Remote Usage
		Usr 0 00:00:00, Sys 0 00:00:00  -  Run Local Usage
		Usr 0 00:00:12, Sys 0 00:00:03  -  Total Remote Usage
		Usr 0 00:00:00, Sys 0 00:00:00  -  Total Local Usage
	23127  -  Run Bytes Sent By Job
	19195  -  Run Bytes Received By Job
	23127  -  Total Bytes Sent By Job
	19195  -  Total Bytes Received By Job
	Partitionable Resources :     Usage  Request Allocated 
	   Cpus                 :      0.02        1         1 
	   Disk (KB)            : 744128          20    248772 
	   Memory (MB)          :     66        2000      2000 

	Job terminated of its own accord at 2021-06-02T14:52:36Z.
...
