000 (146633.000.000) 06/16 08:12:18 Job submitted from host: <188.185.121.235:9618?addrs=188.185.121.235-9618+[2001-1458-d00-49--100-36e]-9618&alias=bigbird22.cern.ch&noUDP&sock=schedd_38044_991d>
...
040 (146633.000.000) 06/16 08:34:15 Entered queue to transfer input files
	Transferring to host: <128.142.149.187:9618?addrs=128.142.149.187-9618+[2001-1458-301-b--100-9a]-9618&alias=b7g41n5377.cern.ch&noUDP&sock=slot1_11_6109_17d1_41439>
...
040 (146633.000.000) 06/16 08:34:19 Started transferring input files
	Seconds spent in queue: 4
...
001 (146633.000.000) 06/16 08:34:19 Job executing on host: <128.142.149.187:9618?addrs=128.142.149.187-9618+[2001-1458-301-b--100-9a]-9618&alias=b7g41n5377.cern.ch&noUDP&sock=startd_5206_7622>
...
040 (146633.000.000) 06/16 08:34:22 Finished transferring input files
...
006 (146633.000.000) 06/16 08:34:28 Image size of job updated: 42732
	41  -  MemoryUsage of job (MB)
	41604  -  ResidentSetSize of job (KB)
...
006 (146633.000.000) 06/16 08:35:28 Image size of job updated: 791428
	41  -  MemoryUsage of job (MB)
	41724  -  ResidentSetSize of job (KB)
...
040 (146633.000.000) 06/16 08:35:28 Started transferring output files
	Seconds spent in queue: 73
...
040 (146633.000.000) 06/16 08:35:28 Finished transferring output files
...
005 (146633.000.000) 06/16 08:35:28 Job terminated.
	(1) Normal termination (return value 0)
		Usr 0 00:00:11, Sys 0 00:00:02  -  Run Remote Usage
		Usr 0 00:00:00, Sys 0 00:00:00  -  Run Local Usage
		Usr 0 00:00:11, Sys 0 00:00:02  -  Total Remote Usage
		Usr 0 00:00:00, Sys 0 00:00:00  -  Total Local Usage
	20623  -  Run Bytes Sent By Job
	19004  -  Run Bytes Received By Job
	20623  -  Total Bytes Sent By Job
	19004  -  Total Bytes Received By Job
	Partitionable Resources :    Usage  Request Allocated 
	   Cpus                 :                 1         1 
	   Disk (KB)            :   466068       20    345290 
	   Memory (MB)          :       41     2000      2000 

	Job terminated of its own accord at 2021-06-16T06:35:28Z.
...
