000 (147557.000.000) 06/16 08:30:38 Job submitted from host: <188.185.121.235:9618?addrs=188.185.121.235-9618+[2001-1458-d00-49--100-36e]-9618&alias=bigbird22.cern.ch&noUDP&sock=schedd_38044_991d>
...
040 (147557.000.000) 06/16 08:55:36 Started transferring input files
	Transferring to host: <128.142.161.96:9618?addrs=128.142.161.96-9618&alias=b7g03p5751.cern.ch&noUDP&sock=slot1_23_3875_09b7_54816>
...
040 (147557.000.000) 06/16 08:55:36 Finished transferring input files
...
001 (147557.000.000) 06/16 08:55:36 Job executing on host: <128.142.161.96:9618?addrs=128.142.161.96-9618&alias=b7g03p5751.cern.ch&noUDP&sock=startd_3085_a1c2>
...
006 (147557.000.000) 06/16 08:55:45 Image size of job updated: 41588
	41  -  MemoryUsage of job (MB)
	41588  -  ResidentSetSize of job (KB)
...
006 (147557.000.000) 06/16 09:00:46 Image size of job updated: 791436
	67  -  MemoryUsage of job (MB)
	67784  -  ResidentSetSize of job (KB)
...
006 (147557.000.000) 06/16 09:30:49 Image size of job updated: 791436
	118  -  MemoryUsage of job (MB)
	120548  -  ResidentSetSize of job (KB)
...
040 (147557.000.000) 06/16 09:32:18 Started transferring output files
...
040 (147557.000.000) 06/16 09:32:18 Finished transferring output files
...
005 (147557.000.000) 06/16 09:32:18 Job terminated.
	(1) Normal termination (return value 0)
		Usr 0 00:01:45, Sys 0 00:00:24  -  Run Remote Usage
		Usr 0 00:00:00, Sys 0 00:00:00  -  Run Local Usage
		Usr 0 00:01:45, Sys 0 00:00:24  -  Total Remote Usage
		Usr 0 00:00:00, Sys 0 00:00:00  -  Total Local Usage
	54343  -  Run Bytes Sent By Job
	19004  -  Run Bytes Received By Job
	54343  -  Total Bytes Sent By Job
	19004  -  Total Bytes Received By Job
	Partitionable Resources :      Usage  Request Allocated 
	   Cpus                 :       0.02        1         1 
	   Disk (KB)            : 3074887          20   1279481 
	   Memory (MB)          :     118        2000      2000 

	Job terminated of its own accord at 2021-06-16T07:32:18Z.
...
