000 (112152.000.000) 06/03 12:44:22 Job submitted from host: <188.185.121.235:9618?addrs=188.185.121.235-9618+[2001-1458-d00-49--100-36e]-9618&alias=bigbird22.cern.ch&noUDP&sock=schedd_38044_991d>
...
040 (112152.000.000) 06/03 13:13:53 Started transferring input files
	Transferring to host: <188.184.139.212:9618?addrs=188.184.139.212-9618+[2001-1458-301-45--100-1c6]-9618&alias=b7g42n0738.cern.ch&noUDP&sock=slot1_5_4526_b9f1_39727>
...
001 (112152.000.000) 06/03 13:13:53 Job executing on host: <188.184.139.212:9618?addrs=188.184.139.212-9618+[2001-1458-301-45--100-1c6]-9618&alias=b7g42n0738.cern.ch&noUDP&sock=startd_3714_12d4>
...
040 (112152.000.000) 06/03 13:13:53 Finished transferring input files
...
006 (112152.000.000) 06/03 13:14:02 Image size of job updated: 766156
	34  -  MemoryUsage of job (MB)
	34660  -  ResidentSetSize of job (KB)
...
006 (112152.000.000) 06/03 13:19:03 Image size of job updated: 790800
	66  -  MemoryUsage of job (MB)
	67504  -  ResidentSetSize of job (KB)
...
006 (112152.000.000) 06/03 15:04:15 Image size of job updated: 790800
	120  -  MemoryUsage of job (MB)
	122752  -  ResidentSetSize of job (KB)
...
040 (112152.000.000) 06/03 15:04:17 Started transferring output files
...
040 (112152.000.000) 06/03 15:04:17 Finished transferring output files
...
005 (112152.000.000) 06/03 15:04:17 Job terminated.
	(1) Normal termination (return value 0)
		Usr 0 00:03:00, Sys 0 00:00:33  -  Run Remote Usage
		Usr 0 00:00:00, Sys 0 00:00:00  -  Run Local Usage
		Usr 0 00:03:00, Sys 0 00:00:33  -  Total Remote Usage
		Usr 0 00:00:00, Sys 0 00:00:00  -  Total Local Usage
	67134  -  Run Bytes Sent By Job
	19004  -  Run Bytes Received By Job
	67134  -  Total Bytes Sent By Job
	19004  -  Total Bytes Received By Job
	Partitionable Resources :      Usage  Request Allocated 
	   Cpus                 :       0.00        1         1 
	   Disk (KB)            : 4243368          20    291571 
	   Memory (MB)          :     120        2000      2000 

	Job terminated of its own accord at 2021-06-03T13:04:17Z.
...
000 (115759.000.000) 06/04 08:53:39 Job submitted from host: <188.185.121.235:9618?addrs=188.185.121.235-9618+[2001-1458-d00-49--100-36e]-9618&alias=bigbird22.cern.ch&noUDP&sock=schedd_38044_991d>
...
040 (115759.000.000) 06/04 08:59:11 Started transferring input files
	Transferring to host: <188.184.168.197:9618?addrs=188.184.168.197-9618+[2001-1458-301-c0--100-39b]-9618&alias=b7g52n1278.cern.ch&noUDP&sock=slot1_11_6036_a86f_40696>
...
040 (115759.000.000) 06/04 08:59:11 Finished transferring input files
...
001 (115759.000.000) 06/04 08:59:11 Job executing on host: <188.184.168.197:9618?addrs=188.184.168.197-9618+[2001-1458-301-c0--100-39b]-9618&alias=b7g52n1278.cern.ch&noUDP&sock=startd_4777_3401>
...
006 (115759.000.000) 06/04 08:59:19 Image size of job updated: 790744
	42  -  MemoryUsage of job (MB)
	42588  -  ResidentSetSize of job (KB)
...
006 (115759.000.000) 06/04 09:04:19 Image size of job updated: 790808
	66  -  MemoryUsage of job (MB)
	67508  -  ResidentSetSize of job (KB)
...
040 (115759.000.000) 06/04 13:51:33 Started transferring output files
...
040 (115759.000.000) 06/04 13:51:33 Finished transferring output files
...
005 (115759.000.000) 06/04 13:51:34 Job terminated.
	(1) Normal termination (return value 0)
		Usr 0 00:01:35, Sys 0 00:00:23  -  Run Remote Usage
		Usr 0 00:00:00, Sys 0 00:00:00  -  Run Local Usage
		Usr 0 00:01:35, Sys 0 00:00:23  -  Total Remote Usage
		Usr 0 00:00:00, Sys 0 00:00:00  -  Total Local Usage
	61386  -  Run Bytes Sent By Job
	19004  -  Run Bytes Received By Job
	61386  -  Total Bytes Sent By Job
	19004  -  Total Bytes Received By Job
	Partitionable Resources :      Usage  Request Allocated 
	   Cpus                 :       0.69        1         1 
	   Disk (KB)            : 3713197          20    260362 
	   Memory (MB)          :      66        2000      2000 

	Job terminated of its own accord at 2021-06-04T11:51:33Z.
...
000 (123107.000.000) 06/08 10:38:10 Job submitted from host: <188.185.121.235:9618?addrs=188.185.121.235-9618+[2001-1458-d00-49--100-36e]-9618&alias=bigbird22.cern.ch&noUDP&sock=schedd_38044_991d>
...
