000 (109212.000.000) 06/02 16:47:49 Job submitted from host: <188.185.121.235:9618?addrs=188.185.121.235-9618+[2001-1458-d00-49--100-36e]-9618&alias=bigbird22.cern.ch&noUDP&sock=schedd_38044_991d>
...
040 (109212.000.000) 06/02 18:21:25 Started transferring input files
	Transferring to host: <128.142.193.162:9618?addrs=128.142.193.162-9618+[2001-1458-301-cc--100-228]-9618&alias=b7g52n7301.cern.ch&noUDP&sock=slot1_3_5438_5016_28655>
...
001 (109212.000.000) 06/02 18:21:25 Job executing on host: <128.142.193.162:9618?addrs=128.142.193.162-9618+[2001-1458-301-cc--100-228]-9618&alias=b7g52n7301.cern.ch&noUDP&sock=startd_4251_6930>
...
040 (109212.000.000) 06/02 18:21:25 Finished transferring input files
...
006 (109212.000.000) 06/02 18:21:34 Image size of job updated: 67500
	66  -  MemoryUsage of job (MB)
	67500  -  ResidentSetSize of job (KB)
...
006 (109212.000.000) 06/02 18:23:40 Image size of job updated: 790796
	66  -  MemoryUsage of job (MB)
	67500  -  ResidentSetSize of job (KB)
...
040 (109212.000.000) 06/02 18:23:40 Started transferring output files
...
040 (109212.000.000) 06/02 18:23:40 Finished transferring output files
...
005 (109212.000.000) 06/02 18:23:41 Job terminated.
	(1) Normal termination (return value 0)
		Usr 0 00:00:50, Sys 0 00:00:09  -  Run Remote Usage
		Usr 0 00:00:00, Sys 0 00:00:00  -  Run Local Usage
		Usr 0 00:00:50, Sys 0 00:00:09  -  Total Remote Usage
		Usr 0 00:00:00, Sys 0 00:00:00  -  Total Local Usage
	27867  -  Run Bytes Sent By Job
	19195  -  Run Bytes Received By Job
	27867  -  Total Bytes Sent By Job
	19195  -  Total Bytes Received By Job
	Partitionable Resources :    Usage  Request Allocated 
	   Cpus                 :                 1         1 
	   Disk (KB)            :  1952577       20    203344 
	   Memory (MB)          :       66     2000      2000 

	Job terminated of its own accord at 2021-06-02T16:23:40Z.
...
