000 (146654.000.000) 06/16 08:12:38 Job submitted from host: <188.185.121.235:9618?addrs=188.185.121.235-9618+[2001-1458-d00-49--100-36e]-9618&alias=bigbird22.cern.ch&noUDP&sock=schedd_38044_991d>
...
040 (146654.000.000) 06/16 08:34:23 Started transferring input files
	Transferring to host: <188.184.183.7:9618?addrs=188.184.183.7-9618+[2001-1458-301-2b--100-1f]-9618&alias=b7g41n2650.cern.ch&noUDP&sock=slot1_1_4603_fad4_36544>
...
001 (146654.000.000) 06/16 08:34:24 Job executing on host: <188.184.183.7:9618?addrs=188.184.183.7-9618+[2001-1458-301-2b--100-1f]-9618&alias=b7g41n2650.cern.ch&noUDP&sock=startd_3819_1846>
...
040 (146654.000.000) 06/16 08:34:24 Finished transferring input files
...
006 (146654.000.000) 06/16 08:34:33 Image size of job updated: 39576
	38  -  MemoryUsage of job (MB)
	38808  -  ResidentSetSize of job (KB)
...
006 (146654.000.000) 06/16 08:36:13 Image size of job updated: 791452
	38  -  MemoryUsage of job (MB)
	38844  -  ResidentSetSize of job (KB)
...
040 (146654.000.000) 06/16 08:36:14 Started transferring output files
...
040 (146654.000.000) 06/16 08:36:14 Finished transferring output files
...
005 (146654.000.000) 06/16 08:36:17 Job terminated.
	(1) Normal termination (return value 0)
		Usr 0 00:00:11, Sys 0 00:00:02  -  Run Remote Usage
		Usr 0 00:00:00, Sys 0 00:00:00  -  Run Local Usage
		Usr 0 00:00:11, Sys 0 00:00:02  -  Total Remote Usage
		Usr 0 00:00:00, Sys 0 00:00:00  -  Total Local Usage
	21050  -  Run Bytes Sent By Job
	19004  -  Run Bytes Received By Job
	21050  -  Total Bytes Sent By Job
	19004  -  Total Bytes Received By Job
	Partitionable Resources :    Usage  Request Allocated 
	   Cpus                 :                 1         1 
	   Disk (KB)            :   466098       20    353836 
	   Memory (MB)          :       38     2000      2000 

	Job terminated of its own accord at 2021-06-16T06:36:13Z.
...
