000 (108722.000.000) 06/02 16:36:54 Job submitted from host: <188.185.121.235:9618?addrs=188.185.121.235-9618+[2001-1458-d00-49--100-36e]-9618&alias=bigbird22.cern.ch&noUDP&sock=schedd_38044_991d>
...
040 (108722.000.000) 06/02 16:47:22 Started transferring input files
	Transferring to host: <128.142.75.63:9618?addrs=128.142.75.63-9618+[2001-1458-301-75--100-386]-9618&alias=b7s11n8671.cern.ch&noUDP&sock=slot1_15_5975_ad8c_34210>
...
040 (108722.000.000) 06/02 16:47:22 Finished transferring input files
...
001 (108722.000.000) 06/02 16:47:22 Job executing on host: <128.142.75.63:9618?addrs=128.142.75.63-9618+[2001-1458-301-75--100-386]-9618&alias=b7s11n8671.cern.ch&noUDP&sock=startd_4645_a980>
...
006 (108722.000.000) 06/02 16:47:30 Image size of job updated: 790824
	37  -  MemoryUsage of job (MB)
	37296  -  ResidentSetSize of job (KB)
...
006 (108722.000.000) 06/02 16:52:30 Image size of job updated: 790824
	65  -  MemoryUsage of job (MB)
	66168  -  ResidentSetSize of job (KB)
...
006 (108722.000.000) 06/02 16:57:31 Image size of job updated: 790824
	107  -  MemoryUsage of job (MB)
	108852  -  ResidentSetSize of job (KB)
...
040 (108722.000.000) 06/02 16:57:35 Started transferring output files
...
040 (108722.000.000) 06/02 16:57:35 Finished transferring output files
...
005 (108722.000.000) 06/02 16:57:35 Job terminated.
	(1) Normal termination (return value 0)
		Usr 0 00:02:01, Sys 0 00:00:26  -  Run Remote Usage
		Usr 0 00:00:00, Sys 0 00:00:00  -  Run Local Usage
		Usr 0 00:02:01, Sys 0 00:00:26  -  Total Remote Usage
		Usr 0 00:00:00, Sys 0 00:00:00  -  Total Local Usage
	57932  -  Run Bytes Sent By Job
	19195  -  Run Bytes Received By Job
	57932  -  Total Bytes Sent By Job
	19195  -  Total Bytes Received By Job
	Partitionable Resources :      Usage  Request Allocated 
	   Cpus                 :       0.06        1         1 
	   Disk (KB)            : 4242337          20    274400 
	   Memory (MB)          :     107        2000      2000 

	Job terminated of its own accord at 2021-06-02T14:57:35Z.
...
