000 (108878.000.000) 06/02 16:39:59 Job submitted from host: <188.185.121.235:9618?addrs=188.185.121.235-9618+[2001-1458-d00-49--100-36e]-9618&alias=bigbird22.cern.ch&noUDP&sock=schedd_38044_991d>
...
040 (108878.000.000) 06/02 16:57:32 Started transferring input files
	Transferring to host: <188.184.168.59:9618?addrs=188.184.168.59-9618+[2001-1458-301-c0--100-143]-9618&alias=b7g52n7241.cern.ch&noUDP&sock=slot1_8_5296_42d0_34338>
...
001 (108878.000.000) 06/02 16:57:32 Job executing on host: <188.184.168.59:9618?addrs=188.184.168.59-9618+[2001-1458-301-c0--100-143]-9618&alias=b7g52n7241.cern.ch&noUDP&sock=startd_3923_6e1f>
...
040 (108878.000.000) 06/02 16:57:32 Finished transferring input files
...
006 (108878.000.000) 06/02 16:57:41 Image size of job updated: 782548
	42  -  MemoryUsage of job (MB)
	42136  -  ResidentSetSize of job (KB)
...
006 (108878.000.000) 06/02 17:02:42 Image size of job updated: 790812
	66  -  MemoryUsage of job (MB)
	67504  -  ResidentSetSize of job (KB)
...
040 (108878.000.000) 06/02 17:11:58 Started transferring output files
...
040 (108878.000.000) 06/02 17:11:58 Finished transferring output files
...
005 (108878.000.000) 06/02 17:11:58 Job terminated.
	(1) Normal termination (return value 0)
		Usr 0 00:01:41, Sys 0 00:00:31  -  Run Remote Usage
		Usr 0 00:00:00, Sys 0 00:00:00  -  Run Local Usage
		Usr 0 00:01:41, Sys 0 00:00:31  -  Total Remote Usage
		Usr 0 00:00:00, Sys 0 00:00:00  -  Total Local Usage
	66722  -  Run Bytes Sent By Job
	19195  -  Run Bytes Received By Job
	66722  -  Total Bytes Sent By Job
	19195  -  Total Bytes Received By Job
	Partitionable Resources :      Usage  Request Allocated 
	   Cpus                 :       0.05        1         1 
	   Disk (KB)            : 4241955          20    200149 
	   Memory (MB)          :      66        2000      2000 

	Job terminated of its own accord at 2021-06-02T15:11:58Z.
...
