000 (109110.000.000) 06/02 16:45:17 Job submitted from host: <188.185.121.235:9618?addrs=188.185.121.235-9618+[2001-1458-d00-49--100-36e]-9618&alias=bigbird22.cern.ch&noUDP&sock=schedd_38044_991d>
...
040 (109110.000.000) 06/02 17:23:25 Started transferring input files
	Transferring to host: <128.142.74.51:9618?addrs=128.142.74.51-9618+[2001-1458-301-75--100-320]-9618&alias=b7s11n2944.cern.ch&noUDP&sock=slot1_11_30218_1086_83897>
...
040 (109110.000.000) 06/02 17:23:25 Finished transferring input files
...
001 (109110.000.000) 06/02 17:23:25 Job executing on host: <128.142.74.51:9618?addrs=128.142.74.51-9618+[2001-1458-301-75--100-320]-9618&alias=b7s11n2944.cern.ch&noUDP&sock=startd_16884_991e>
...
006 (109110.000.000) 06/02 17:23:34 Image size of job updated: 41664
	37  -  MemoryUsage of job (MB)
	36988  -  ResidentSetSize of job (KB)
...
006 (109110.000.000) 06/02 17:26:14 Image size of job updated: 790796
	37  -  MemoryUsage of job (MB)
	37028  -  ResidentSetSize of job (KB)
...
040 (109110.000.000) 06/02 17:26:14 Started transferring output files
...
040 (109110.000.000) 06/02 17:26:14 Finished transferring output files
...
005 (109110.000.000) 06/02 17:26:14 Job terminated.
	(1) Normal termination (return value 0)
		Usr 0 00:00:37, Sys 0 00:00:10  -  Run Remote Usage
		Usr 0 00:00:00, Sys 0 00:00:00  -  Run Local Usage
		Usr 0 00:00:37, Sys 0 00:00:10  -  Total Remote Usage
		Usr 0 00:00:00, Sys 0 00:00:00  -  Total Local Usage
	31971  -  Run Bytes Sent By Job
	19195  -  Run Bytes Received By Job
	31971  -  Total Bytes Sent By Job
	19195  -  Total Bytes Received By Job
	Partitionable Resources :    Usage  Request Allocated 
	   Cpus                 :                 1         1 
	   Disk (KB)            :  1952638       20    274824 
	   Memory (MB)          :       37     2000      2000 

	Job terminated of its own accord at 2021-06-02T15:26:14Z.
...
