000 (113134.000.000) 06/03 13:00:01 Job submitted from host: <188.185.121.235:9618?addrs=188.185.121.235-9618+[2001-1458-d00-49--100-36e]-9618&alias=bigbird22.cern.ch&noUDP&sock=schedd_38044_991d>
...
040 (113134.000.000) 06/03 13:20:12 Started transferring input files
	Transferring to host: <128.142.71.248:9618?addrs=128.142.71.248-9618+[2001-1458-301-52--100-1d5]-9618&alias=b7s10n3506.cern.ch&noUDP&sock=slot1_16_5865_2c48_30701>
...
040 (113134.000.000) 06/03 13:20:12 Finished transferring input files
...
001 (113134.000.000) 06/03 13:20:12 Job executing on host: <128.142.71.248:9618?addrs=128.142.71.248-9618+[2001-1458-301-52--100-1d5]-9618&alias=b7s10n3506.cern.ch&noUDP&sock=startd_4574_f647>
...
006 (113134.000.000) 06/03 13:20:20 Image size of job updated: 3092
	4  -  MemoryUsage of job (MB)
	3092  -  ResidentSetSize of job (KB)
...
006 (113134.000.000) 06/03 13:25:21 Image size of job updated: 790824
	42  -  MemoryUsage of job (MB)
	42152  -  ResidentSetSize of job (KB)
...
006 (113134.000.000) 06/03 13:30:22 Image size of job updated: 790824
	47  -  MemoryUsage of job (MB)
	47708  -  ResidentSetSize of job (KB)
...
006 (113134.000.000) 06/03 13:35:22 Image size of job updated: 790824
	66  -  MemoryUsage of job (MB)
	67504  -  ResidentSetSize of job (KB)
...
040 (113134.000.000) 06/03 16:06:59 Started transferring output files
...
040 (113134.000.000) 06/03 16:06:59 Finished transferring output files
...
005 (113134.000.000) 06/03 16:07:00 Job terminated.
	(1) Normal termination (return value 0)
		Usr 0 00:00:54, Sys 0 00:00:20  -  Run Remote Usage
		Usr 0 00:00:00, Sys 0 00:00:00  -  Run Local Usage
		Usr 0 00:00:54, Sys 0 00:00:20  -  Total Remote Usage
		Usr 0 00:00:00, Sys 0 00:00:00  -  Total Local Usage
	41335  -  Run Bytes Sent By Job
	19004  -  Run Bytes Received By Job
	41335  -  Total Bytes Sent By Job
	19004  -  Total Bytes Received By Job
	Partitionable Resources :      Usage  Request Allocated 
	   Cpus                 :       0.00        1         1 
	   Disk (KB)            : 1952686          20    254245 
	   Memory (MB)          :      66        2000      2000 

	Job terminated of its own accord at 2021-06-03T14:06:59Z.
...
000 (116755.000.000) 06/04 09:07:03 Job submitted from host: <188.185.121.235:9618?addrs=188.185.121.235-9618+[2001-1458-d00-49--100-36e]-9618&alias=bigbird22.cern.ch&noUDP&sock=schedd_38044_991d>
...
040 (116755.000.000) 06/04 09:40:58 Started transferring input files
	Transferring to host: <128.142.69.155:9618?addrs=128.142.69.155-9618+[2001-1458-301-52--100-2e4]-9618&alias=b7s10n1924.cern.ch&noUDP&sock=slot1_2_5888_60e9_36074>
...
040 (116755.000.000) 06/04 09:40:58 Finished transferring input files
...
001 (116755.000.000) 06/04 09:40:58 Job executing on host: <128.142.69.155:9618?addrs=128.142.69.155-9618+[2001-1458-301-52--100-2e4]-9618&alias=b7s10n1924.cern.ch&noUDP&sock=startd_4690_8743>
...
006 (116755.000.000) 06/04 09:41:07 Image size of job updated: 8584
	7  -  MemoryUsage of job (MB)
	6648  -  ResidentSetSize of job (KB)
...
006 (116755.000.000) 06/04 09:46:08 Image size of job updated: 790824
	40  -  MemoryUsage of job (MB)
	40388  -  ResidentSetSize of job (KB)
...
006 (116755.000.000) 06/04 09:51:08 Image size of job updated: 790824
	66  -  MemoryUsage of job (MB)
	67504  -  ResidentSetSize of job (KB)
...
006 (116755.000.000) 06/04 13:46:32 Image size of job updated: 790824
	119  -  MemoryUsage of job (MB)
	121852  -  ResidentSetSize of job (KB)
...
040 (116755.000.000) 06/04 13:47:36 Started transferring output files
...
040 (116755.000.000) 06/04 13:47:37 Finished transferring output files
...
005 (116755.000.000) 06/04 13:47:37 Job terminated.
	(1) Normal termination (return value 0)
		Usr 0 00:01:25, Sys 0 00:00:22  -  Run Remote Usage
		Usr 0 00:00:00, Sys 0 00:00:00  -  Run Local Usage
		Usr 0 00:01:25, Sys 0 00:00:22  -  Total Remote Usage
		Usr 0 00:00:00, Sys 0 00:00:00  -  Total Local Usage
	49909  -  Run Bytes Sent By Job
	19004  -  Run Bytes Received By Job
	49909  -  Total Bytes Sent By Job
	19004  -  Total Bytes Received By Job
	Partitionable Resources :      Usage  Request Allocated 
	   Cpus                 :       0.00        1         1 
	   Disk (KB)            : 2758116          20    285187 
	   Memory (MB)          :     119        2000      2000 

	Job terminated of its own accord at 2021-06-04T11:47:36Z.
...
000 (124110.000.000) 06/08 10:53:36 Job submitted from host: <188.185.121.235:9618?addrs=188.185.121.235-9618+[2001-1458-d00-49--100-36e]-9618&alias=bigbird22.cern.ch&noUDP&sock=schedd_38044_991d>
...
040 (124110.000.000) 06/08 11:24:28 Entered queue to transfer input files
	Transferring to host: <128.142.87.17:9618?addrs=128.142.87.17-9618+[2001-1458-301-f6--100-559]-9618&alias=b7s14n8483.cern.ch&noUDP&sock=slot1_9_5570_519c_36707>
...
040 (124110.000.000) 06/08 11:53:59 Started transferring input files
	Seconds spent in queue: 1771
...
001 (124110.000.000) 06/08 11:54:00 Job executing on host: <128.142.87.17:9618?addrs=128.142.87.17-9618+[2001-1458-301-f6--100-559]-9618&alias=b7s14n8483.cern.ch&noUDP&sock=startd_4415_e6b8>
...
040 (124110.000.000) 06/08 11:54:00 Finished transferring input files
...
006 (124110.000.000) 06/08 11:54:08 Image size of job updated: 321800
	2  -  MemoryUsage of job (MB)
	1744  -  ResidentSetSize of job (KB)
...
006 (124110.000.000) 06/08 11:59:08 Image size of job updated: 791456
	41  -  MemoryUsage of job (MB)
	41740  -  ResidentSetSize of job (KB)
...
006 (124110.000.000) 06/08 12:04:08 Image size of job updated: 791456
	67  -  MemoryUsage of job (MB)
	67780  -  ResidentSetSize of job (KB)
...
040 (124110.000.000) 06/08 15:30:31 Started transferring output files
	Seconds spent in queue: 14763
...
040 (124110.000.000) 06/08 15:30:31 Finished transferring output files
...
005 (124110.000.000) 06/08 15:30:32 Job terminated.
	(1) Normal termination (return value 0)
		Usr 0 00:00:57, Sys 0 00:00:15  -  Run Remote Usage
		Usr 0 00:00:00, Sys 0 00:00:00  -  Run Local Usage
		Usr 0 00:00:57, Sys 0 00:00:15  -  Total Remote Usage
		Usr 0 00:00:00, Sys 0 00:00:00  -  Total Local Usage
	49921  -  Run Bytes Sent By Job
	19004  -  Run Bytes Received By Job
	49921  -  Total Bytes Sent By Job
	19004  -  Total Bytes Received By Job
	Partitionable Resources :      Usage  Request Allocated 
	   Cpus                 :       0.00        1         1 
	   Disk (KB)            : 2758116          20    200588 
	   Memory (MB)          :      67        2000      2000 

	Job terminated of its own accord at 2021-06-08T13:30:31Z.
...
