000 (146743.000.000) 06/16 08:14:01 Job submitted from host: <188.185.121.235:9618?addrs=188.185.121.235-9618+[2001-1458-d00-49--100-36e]-9618&alias=bigbird22.cern.ch&noUDP&sock=schedd_38044_991d>
...
040 (146743.000.000) 06/16 08:35:02 Started transferring input files
	Transferring to host: <128.142.77.20:9618?addrs=128.142.77.20-9618+[2001-1458-301-f4--100-73]-9618&alias=b7s12n2945.cern.ch&noUDP&sock=slot1_14_11165_809f_95747>
...
040 (146743.000.000) 06/16 08:35:02 Finished transferring input files
...
001 (146743.000.000) 06/16 08:35:02 Job executing on host: <128.142.77.20:9618?addrs=128.142.77.20-9618+[2001-1458-301-f4--100-73]-9618&alias=b7s12n2945.cern.ch&noUDP&sock=startd_16551_3015>
...
006 (146743.000.000) 06/16 08:35:10 Image size of job updated: 625444
	10  -  MemoryUsage of job (MB)
	10148  -  ResidentSetSize of job (KB)
...
006 (146743.000.000) 06/16 08:37:22 Image size of job updated: 791452
	10  -  MemoryUsage of job (MB)
	10152  -  ResidentSetSize of job (KB)
...
040 (146743.000.000) 06/16 08:37:23 Started transferring output files
...
040 (146743.000.000) 06/16 08:37:23 Finished transferring output files
...
005 (146743.000.000) 06/16 08:37:23 Job terminated.
	(1) Normal termination (return value 0)
		Usr 0 00:00:08, Sys 0 00:00:02  -  Run Remote Usage
		Usr 0 00:00:00, Sys 0 00:00:00  -  Run Local Usage
		Usr 0 00:00:08, Sys 0 00:00:02  -  Total Remote Usage
		Usr 0 00:00:00, Sys 0 00:00:00  -  Total Local Usage
	23323  -  Run Bytes Sent By Job
	19004  -  Run Bytes Received By Job
	23323  -  Total Bytes Sent By Job
	19004  -  Total Bytes Received By Job
	Partitionable Resources :     Usage  Request Allocated 
	   Cpus                 :      0.05        1         1 
	   Disk (KB)            : 466101          20    278449 
	   Memory (MB)          :     10        2000      2000 

	Job terminated of its own accord at 2021-06-16T06:37:22Z.
...
