000 (109121.000.000) 06/02 16:45:34 Job submitted from host: <188.185.121.235:9618?addrs=188.185.121.235-9618+[2001-1458-d00-49--100-36e]-9618&alias=bigbird22.cern.ch&noUDP&sock=schedd_38044_991d>
...
040 (109121.000.000) 06/02 17:24:31 Entered queue to transfer input files
	Transferring to host: <128.142.68.55:9618?addrs=128.142.68.55-9618+[2001-1458-301-52--100-2b7]-9618&alias=b7s10n3774.cern.ch&noUDP&sock=slot1_6_5533_3fba_29145>
...
040 (109121.000.000) 06/02 17:24:59 Started transferring input files
	Seconds spent in queue: 28
...
040 (109121.000.000) 06/02 17:24:59 Finished transferring input files
...
001 (109121.000.000) 06/02 17:24:59 Job executing on host: <128.142.68.55:9618?addrs=128.142.68.55-9618+[2001-1458-301-52--100-2b7]-9618&alias=b7s10n3774.cern.ch&noUDP&sock=startd_4381_9480>
...
006 (109121.000.000) 06/02 17:25:08 Image size of job updated: 33752
	33  -  MemoryUsage of job (MB)
	33752  -  ResidentSetSize of job (KB)
...
006 (109121.000.000) 06/02 17:29:58 Image size of job updated: 790816
	33  -  MemoryUsage of job (MB)
	33772  -  ResidentSetSize of job (KB)
...
040 (109121.000.000) 06/02 17:29:58 Started transferring output files
	Seconds spent in queue: 327
...
040 (109121.000.000) 06/02 17:29:58 Finished transferring output files
...
005 (109121.000.000) 06/02 17:29:59 Job terminated.
	(1) Normal termination (return value 0)
		Usr 0 00:00:35, Sys 0 00:00:10  -  Run Remote Usage
		Usr 0 00:00:00, Sys 0 00:00:00  -  Run Local Usage
		Usr 0 00:00:35, Sys 0 00:00:10  -  Total Remote Usage
		Usr 0 00:00:00, Sys 0 00:00:00  -  Total Local Usage
	40793  -  Run Bytes Sent By Job
	19195  -  Run Bytes Received By Job
	40793  -  Total Bytes Sent By Job
	19195  -  Total Bytes Received By Job
	Partitionable Resources :      Usage  Request Allocated 
	   Cpus                 :       0.05        1         1 
	   Disk (KB)            : 1952751          20    281009 
	   Memory (MB)          :      33        2000      2000 

	Job terminated of its own accord at 2021-06-02T15:29:58Z.
...
