000 (108833.000.000) 06/02 16:39:03 Job submitted from host: <188.185.121.235:9618?addrs=188.185.121.235-9618+[2001-1458-d00-49--100-36e]-9618&alias=bigbird22.cern.ch&noUDP&sock=schedd_38044_991d>
...
040 (108833.000.000) 06/02 16:55:52 Started transferring input files
	Transferring to host: <188.184.168.9:9618?addrs=188.184.168.9-9618+[2001-1458-301-c0--100-34]-9618&alias=b7g52n1050.cern.ch&noUDP&sock=slot1_12_9474_0a3a_104444>
...
040 (108833.000.000) 06/02 16:55:52 Finished transferring input files
...
001 (108833.000.000) 06/02 16:55:52 Job executing on host: <188.184.168.9:9618?addrs=188.184.168.9-9618+[2001-1458-301-c0--100-34]-9618&alias=b7g52n1050.cern.ch&noUDP&sock=startd_15731_bc6c>
...
006 (108833.000.000) 06/02 16:56:00 Image size of job updated: 31372
	31  -  MemoryUsage of job (MB)
	31372  -  ResidentSetSize of job (KB)
...
006 (108833.000.000) 06/02 17:01:00 Image size of job updated: 790796
	66  -  MemoryUsage of job (MB)
	67496  -  ResidentSetSize of job (KB)
...
006 (108833.000.000) 06/02 17:11:02 Image size of job updated: 790796
	158  -  MemoryUsage of job (MB)
	161728  -  ResidentSetSize of job (KB)
...
040 (108833.000.000) 06/02 17:12:12 Started transferring output files
...
040 (108833.000.000) 06/02 17:12:12 Finished transferring output files
...
005 (108833.000.000) 06/02 17:12:12 Job terminated.
	(1) Normal termination (return value 0)
		Usr 0 00:01:46, Sys 0 00:00:21  -  Run Remote Usage
		Usr 0 00:00:00, Sys 0 00:00:00  -  Run Local Usage
		Usr 0 00:01:46, Sys 0 00:00:21  -  Total Remote Usage
		Usr 0 00:00:00, Sys 0 00:00:00  -  Total Local Usage
	274199  -  Run Bytes Sent By Job
	19195  -  Run Bytes Received By Job
	274199  -  Total Bytes Sent By Job
	19195  -  Total Bytes Received By Job
	Partitionable Resources :      Usage  Request Allocated 
	   Cpus                 :       0.03        1         1 
	   Disk (KB)            : 4242279          20    281210 
	   Memory (MB)          :     158        2000      2000 

	Job terminated of its own accord at 2021-06-02T15:12:12Z.
...
