000 (108466.000.000) 06/02 16:30:04 Job submitted from host: <188.185.121.235:9618?addrs=188.185.121.235-9618+[2001-1458-d00-49--100-36e]-9618&alias=bigbird22.cern.ch&noUDP&sock=schedd_38044_991d>
...
040 (108466.000.000) 06/02 16:34:22 Started transferring input files
	Transferring to host: <128.142.80.106:9618?addrs=128.142.80.106-9618+[2001-1458-301-f5--100-5b]-9618&alias=b7s13n7997.cern.ch&noUDP&sock=slot1_10_5555_bffb_33818>
...
040 (108466.000.000) 06/02 16:34:22 Finished transferring input files
...
001 (108466.000.000) 06/02 16:34:22 Job executing on host: <128.142.80.106:9618?addrs=128.142.80.106-9618+[2001-1458-301-f5--100-5b]-9618&alias=b7s13n7997.cern.ch&noUDP&sock=startd_4324_7b9a>
...
006 (108466.000.000) 06/02 16:34:30 Image size of job updated: 35408
	35  -  MemoryUsage of job (MB)
	35408  -  ResidentSetSize of job (KB)
...
006 (108466.000.000) 06/02 16:35:35 Image size of job updated: 790804
	35  -  MemoryUsage of job (MB)
	35408  -  ResidentSetSize of job (KB)
...
040 (108466.000.000) 06/02 16:35:36 Started transferring output files
...
040 (108466.000.000) 06/02 16:35:36 Finished transferring output files
...
005 (108466.000.000) 06/02 16:35:37 Job terminated.
	(1) Normal termination (return value 0)
		Usr 0 00:00:11, Sys 0 00:00:02  -  Run Remote Usage
		Usr 0 00:00:00, Sys 0 00:00:00  -  Run Local Usage
		Usr 0 00:00:11, Sys 0 00:00:02  -  Total Remote Usage
		Usr 0 00:00:00, Sys 0 00:00:00  -  Total Local Usage
	21066  -  Run Bytes Sent By Job
	19195  -  Run Bytes Received By Job
	21066  -  Total Bytes Sent By Job
	19195  -  Total Bytes Received By Job
	Partitionable Resources :    Usage  Request Allocated 
	   Cpus                 :                 1         1 
	   Disk (KB)            :   743529       20    282147 
	   Memory (MB)          :       35     2000      2000 

	Job terminated of its own accord at 2021-06-02T14:35:35Z.
...
