000 (109140.000.000) 06/02 16:46:06 Job submitted from host: <188.185.121.235:9618?addrs=188.185.121.235-9618+[2001-1458-d00-49--100-36e]-9618&alias=bigbird22.cern.ch&noUDP&sock=schedd_38044_991d>
...
040 (109140.000.000) 06/02 17:25:49 Started transferring input files
	Transferring to host: <128.142.68.55:9618?addrs=128.142.68.55-9618+[2001-1458-301-52--100-2b7]-9618&alias=b7s10n3774.cern.ch&noUDP&sock=slot1_12_5533_3fba_29149>
...
001 (109140.000.000) 06/02 17:25:49 Job executing on host: <128.142.68.55:9618?addrs=128.142.68.55-9618+[2001-1458-301-52--100-2b7]-9618&alias=b7s10n3774.cern.ch&noUDP&sock=startd_4381_9480>
...
040 (109140.000.000) 06/02 17:25:49 Finished transferring input files
...
006 (109140.000.000) 06/02 17:25:58 Image size of job updated: 624804
	7  -  MemoryUsage of job (MB)
	6428  -  ResidentSetSize of job (KB)
...
006 (109140.000.000) 06/02 17:30:59 Image size of job updated: 790824
	66  -  MemoryUsage of job (MB)
	67504  -  ResidentSetSize of job (KB)
...
040 (109140.000.000) 06/02 18:33:19 Started transferring output files
...
040 (109140.000.000) 06/02 18:33:19 Finished transferring output files
...
005 (109140.000.000) 06/02 18:33:19 Job terminated.
	(1) Normal termination (return value 0)
		Usr 0 00:00:37, Sys 0 00:00:13  -  Run Remote Usage
		Usr 0 00:00:00, Sys 0 00:00:00  -  Run Local Usage
		Usr 0 00:00:37, Sys 0 00:00:13  -  Total Remote Usage
		Usr 0 00:00:00, Sys 0 00:00:00  -  Total Local Usage
	41649  -  Run Bytes Sent By Job
	19195  -  Run Bytes Received By Job
	41649  -  Total Bytes Sent By Job
	19195  -  Total Bytes Received By Job
	Partitionable Resources :      Usage  Request Allocated 
	   Cpus                 :       0.00        1         1 
	   Disk (KB)            : 1952660          20    282705 
	   Memory (MB)          :      66        2000      2000 

	Job terminated of its own accord at 2021-06-02T16:33:19Z.
...
