000 (108401.000.000) 06/02 16:28:47 Job submitted from host: <188.185.121.235:9618?addrs=188.185.121.235-9618+[2001-1458-d00-49--100-36e]-9618&alias=bigbird22.cern.ch&noUDP&sock=schedd_38044_991d>
...
040 (108401.000.000) 06/02 16:29:12 Started transferring input files
	Transferring to host: <128.142.80.106:9618?addrs=128.142.80.106-9618+[2001-1458-301-f5--100-5b]-9618&alias=b7s13n7997.cern.ch&noUDP&sock=slot1_10_5555_bffb_33809>
...
040 (108401.000.000) 06/02 16:29:12 Finished transferring input files
...
001 (108401.000.000) 06/02 16:29:12 Job executing on host: <128.142.80.106:9618?addrs=128.142.80.106-9618+[2001-1458-301-f5--100-5b]-9618&alias=b7s13n7997.cern.ch&noUDP&sock=startd_4324_7b9a>
...
006 (108401.000.000) 06/02 16:29:20 Image size of job updated: 774348
	39  -  MemoryUsage of job (MB)
	39520  -  ResidentSetSize of job (KB)
...
006 (108401.000.000) 06/02 16:30:56 Image size of job updated: 790820
	39  -  MemoryUsage of job (MB)
	39548  -  ResidentSetSize of job (KB)
...
040 (108401.000.000) 06/02 16:30:56 Started transferring output files
...
040 (108401.000.000) 06/02 16:30:56 Finished transferring output files
...
005 (108401.000.000) 06/02 16:30:56 Job terminated.
	(1) Normal termination (return value 0)
		Usr 0 00:00:10, Sys 0 00:00:03  -  Run Remote Usage
		Usr 0 00:00:00, Sys 0 00:00:00  -  Run Local Usage
		Usr 0 00:00:10, Sys 0 00:00:03  -  Total Remote Usage
		Usr 0 00:00:00, Sys 0 00:00:00  -  Total Local Usage
	23872  -  Run Bytes Sent By Job
	19195  -  Run Bytes Received By Job
	23872  -  Total Bytes Sent By Job
	19195  -  Total Bytes Received By Job
	Partitionable Resources :    Usage  Request Allocated 
	   Cpus                 :                 1         1 
	   Disk (KB)            :   743555       20    282882 
	   Memory (MB)          :       39     2000      2000 

	Job terminated of its own accord at 2021-06-02T14:30:56Z.
...
