000 (147098.000.000) 06/16 08:20:46 Job submitted from host: <188.185.121.235:9618?addrs=188.185.121.235-9618+[2001-1458-d00-49--100-36e]-9618&alias=bigbird22.cern.ch&noUDP&sock=schedd_38044_991d>
...
040 (147098.000.000) 06/16 08:46:44 Started transferring input files
	Transferring to host: <188.184.183.86:9618?addrs=188.184.183.86-9618+[2001-1458-301-2b--100-43e]-9618&alias=b7g41n8638.cern.ch&noUDP&sock=slot1_12_4935_e762_36505>
...
040 (147098.000.000) 06/16 08:46:44 Finished transferring input files
...
001 (147098.000.000) 06/16 08:46:44 Job executing on host: <188.184.183.86:9618?addrs=188.184.183.86-9618+[2001-1458-301-2b--100-43e]-9618&alias=b7g41n8638.cern.ch&noUDP&sock=startd_4043_bd7d>
...
006 (147098.000.000) 06/16 08:46:53 Image size of job updated: 36800
	36  -  MemoryUsage of job (MB)
	36800  -  ResidentSetSize of job (KB)
...
006 (147098.000.000) 06/16 08:51:54 Image size of job updated: 791448
	67  -  MemoryUsage of job (MB)
	67764  -  ResidentSetSize of job (KB)
...
040 (147098.000.000) 06/16 08:53:03 Started transferring output files
...
040 (147098.000.000) 06/16 08:53:03 Finished transferring output files
...
005 (147098.000.000) 06/16 08:53:03 Job terminated.
	(1) Normal termination (return value 0)
		Usr 0 00:00:10, Sys 0 00:00:02  -  Run Remote Usage
		Usr 0 00:00:00, Sys 0 00:00:00  -  Run Local Usage
		Usr 0 00:00:10, Sys 0 00:00:02  -  Total Remote Usage
		Usr 0 00:00:00, Sys 0 00:00:00  -  Total Local Usage
	22559  -  Run Bytes Sent By Job
	19004  -  Run Bytes Received By Job
	22559  -  Total Bytes Sent By Job
	19004  -  Total Bytes Received By Job
	Partitionable Resources :    Usage  Request Allocated 
	   Cpus                 :                 1         1 
	   Disk (KB)            :   465965       20    362977 
	   Memory (MB)          :       67     2000      2000 

	Job terminated of its own accord at 2021-06-16T06:53:03Z.
...
