000 (109242.000.000) 06/02 16:48:38 Job submitted from host: <188.185.121.235:9618?addrs=188.185.121.235-9618+[2001-1458-d00-49--100-36e]-9618&alias=bigbird22.cern.ch&noUDP&sock=schedd_38044_991d>
...
040 (109242.000.000) 06/02 18:26:49 Started transferring input files
	Transferring to host: <128.142.74.51:9618?addrs=128.142.74.51-9618+[2001-1458-301-75--100-320]-9618&alias=b7s11n2944.cern.ch&noUDP&sock=slot1_9_30218_1086_83937>
...
040 (109242.000.000) 06/02 18:26:49 Finished transferring input files
...
001 (109242.000.000) 06/02 18:26:49 Job executing on host: <128.142.74.51:9618?addrs=128.142.74.51-9618+[2001-1458-301-75--100-320]-9618&alias=b7s11n2944.cern.ch&noUDP&sock=startd_16884_991e>
...
006 (109242.000.000) 06/02 18:26:58 Image size of job updated: 67504
	66  -  MemoryUsage of job (MB)
	67504  -  ResidentSetSize of job (KB)
...
006 (109242.000.000) 06/02 18:29:08 Image size of job updated: 790796
	66  -  MemoryUsage of job (MB)
	67504  -  ResidentSetSize of job (KB)
...
040 (109242.000.000) 06/02 18:29:08 Started transferring output files
...
040 (109242.000.000) 06/02 18:29:08 Finished transferring output files
...
005 (109242.000.000) 06/02 18:29:08 Job terminated.
	(1) Normal termination (return value 0)
		Usr 0 00:00:38, Sys 0 00:00:09  -  Run Remote Usage
		Usr 0 00:00:00, Sys 0 00:00:00  -  Run Local Usage
		Usr 0 00:00:38, Sys 0 00:00:09  -  Total Remote Usage
		Usr 0 00:00:00, Sys 0 00:00:00  -  Total Local Usage
	28990  -  Run Bytes Sent By Job
	19195  -  Run Bytes Received By Job
	28990  -  Total Bytes Sent By Job
	19195  -  Total Bytes Received By Job
	Partitionable Resources :    Usage  Request Allocated 
	   Cpus                 :                 1         1 
	   Disk (KB)            :  1952930       20    224739 
	   Memory (MB)          :       66     2000      2000 

	Job terminated of its own accord at 2021-06-02T16:29:08Z.
...
