000 (147152.000.000) 06/16 08:22:28 Job submitted from host: <188.185.121.235:9618?addrs=188.185.121.235-9618+[2001-1458-d00-49--100-36e]-9618&alias=bigbird22.cern.ch&noUDP&sock=schedd_38044_991d>
...
040 (147152.000.000) 06/16 08:47:08 Started transferring input files
	Transferring to host: <128.142.161.73:9618?addrs=128.142.161.73-9618&alias=b7g03p7928.cern.ch&noUDP&sock=slot1_25_3749_4272_63676>
...
001 (147152.000.000) 06/16 08:47:08 Job executing on host: <128.142.161.73:9618?addrs=128.142.161.73-9618&alias=b7g03p7928.cern.ch&noUDP&sock=startd_2984_5ab1>
...
040 (147152.000.000) 06/16 08:47:08 Finished transferring input files
...
006 (147152.000.000) 06/16 08:47:17 Image size of job updated: 774988
	39  -  MemoryUsage of job (MB)
	39056  -  ResidentSetSize of job (KB)
...
006 (147152.000.000) 06/16 08:49:19 Image size of job updated: 791448
	39  -  MemoryUsage of job (MB)
	39056  -  ResidentSetSize of job (KB)
...
040 (147152.000.000) 06/16 08:49:20 Started transferring output files
...
040 (147152.000.000) 06/16 08:49:21 Finished transferring output files
...
005 (147152.000.000) 06/16 08:49:21 Job terminated.
	(1) Normal termination (return value 0)
		Usr 0 00:00:09, Sys 0 00:00:03  -  Run Remote Usage
		Usr 0 00:00:00, Sys 0 00:00:00  -  Run Local Usage
		Usr 0 00:00:09, Sys 0 00:00:03  -  Total Remote Usage
		Usr 0 00:00:00, Sys 0 00:00:00  -  Total Local Usage
	24602  -  Run Bytes Sent By Job
	19004  -  Run Bytes Received By Job
	24602  -  Total Bytes Sent By Job
	19004  -  Total Bytes Received By Job
	Partitionable Resources :     Usage  Request Allocated 
	   Cpus                 :      0.03        1         1 
	   Disk (KB)            : 466299          20   1421685 
	   Memory (MB)          :     39        2000      2000 

	Job terminated of its own accord at 2021-06-16T06:49:19Z.
...
