000 (109228.000.000) 06/02 16:48:11 Job submitted from host: <188.185.121.235:9618?addrs=188.185.121.235-9618+[2001-1458-d00-49--100-36e]-9618&alias=bigbird22.cern.ch&noUDP&sock=schedd_38044_991d>
...
040 (109228.000.000) 06/02 18:24:42 Started transferring input files
	Transferring to host: <188.184.196.147:9618?addrs=188.184.196.147-9618+[2001-1458-301-102--100-93]-9618&alias=b7g24n0270.cern.ch&noUDP&sock=slot1_11_3582_97cb_34322>
...
001 (109228.000.000) 06/02 18:24:42 Job executing on host: <188.184.196.147:9618?addrs=188.184.196.147-9618+[2001-1458-301-102--100-93]-9618&alias=b7g24n0270.cern.ch&noUDP&sock=startd_2930_5094>
...
040 (109228.000.000) 06/02 18:24:42 Finished transferring input files
...
006 (109228.000.000) 06/02 18:24:51 Image size of job updated: 395412
	35  -  MemoryUsage of job (MB)
	35032  -  ResidentSetSize of job (KB)
...
006 (109228.000.000) 06/02 18:27:55 Image size of job updated: 790824
	35  -  MemoryUsage of job (MB)
	35084  -  ResidentSetSize of job (KB)
...
040 (109228.000.000) 06/02 18:27:55 Started transferring output files
...
040 (109228.000.000) 06/02 18:27:55 Finished transferring output files
...
005 (109228.000.000) 06/02 18:27:55 Job terminated.
	(1) Normal termination (return value 0)
		Usr 0 00:00:57, Sys 0 00:00:10  -  Run Remote Usage
		Usr 0 00:00:00, Sys 0 00:00:00  -  Run Local Usage
		Usr 0 00:00:57, Sys 0 00:00:10  -  Total Remote Usage
		Usr 0 00:00:00, Sys 0 00:00:00  -  Total Local Usage
	32446  -  Run Bytes Sent By Job
	19195  -  Run Bytes Received By Job
	32446  -  Total Bytes Sent By Job
	19195  -  Total Bytes Received By Job
	Partitionable Resources :    Usage  Request Allocated 
	   Cpus                 :                 1         1 
	   Disk (KB)            :  1952810       20    307087 
	   Memory (MB)          :       35     2000      2000 

	Job terminated of its own accord at 2021-06-02T16:27:55Z.
...
