000 (147055.000.000) 06/16 08:19:58 Job submitted from host: <188.185.121.235:9618?addrs=188.185.121.235-9618+[2001-1458-d00-49--100-36e]-9618&alias=bigbird22.cern.ch&noUDP&sock=schedd_38044_991d>
...
040 (147055.000.000) 06/16 08:46:30 Started transferring input files
	Transferring to host: <188.184.186.138:9618?addrs=188.184.186.138-9618+[2001-1458-301-f8--100-77]-9618&alias=b7g28n0217.cern.ch&noUDP&sock=slot1_5_3989_5c7b_51245>
...
040 (147055.000.000) 06/16 08:46:30 Finished transferring input files
...
001 (147055.000.000) 06/16 08:46:30 Job executing on host: <188.184.186.138:9618?addrs=188.184.186.138-9618+[2001-1458-301-f8--100-77]-9618&alias=b7g28n0217.cern.ch&noUDP&sock=startd_3421_1994>
...
006 (147055.000.000) 06/16 08:46:39 Image size of job updated: 35036
	35  -  MemoryUsage of job (MB)
	35036  -  ResidentSetSize of job (KB)
...
006 (147055.000.000) 06/16 08:47:08 Image size of job updated: 791428
	35  -  MemoryUsage of job (MB)
	35208  -  ResidentSetSize of job (KB)
...
040 (147055.000.000) 06/16 08:47:08 Started transferring output files
...
040 (147055.000.000) 06/16 08:47:08 Finished transferring output files
...
005 (147055.000.000) 06/16 08:47:08 Job terminated.
	(1) Normal termination (return value 0)
		Usr 0 00:00:09, Sys 0 00:00:02  -  Run Remote Usage
		Usr 0 00:00:00, Sys 0 00:00:00  -  Run Local Usage
		Usr 0 00:00:09, Sys 0 00:00:02  -  Total Remote Usage
		Usr 0 00:00:00, Sys 0 00:00:00  -  Total Local Usage
	18622  -  Run Bytes Sent By Job
	19004  -  Run Bytes Received By Job
	18622  -  Total Bytes Sent By Job
	19004  -  Total Bytes Received By Job
	Partitionable Resources :     Usage  Request Allocated 
	   Cpus                 :      0.09        1         1 
	   Disk (KB)            : 466116          20    205792 
	   Memory (MB)          :     35        2000      2000 

	Job terminated of its own accord at 2021-06-16T06:47:08Z.
...
