000 (109149.000.000) 06/02 16:46:17 Job submitted from host: <188.185.121.235:9618?addrs=188.185.121.235-9618+[2001-1458-d00-49--100-36e]-9618&alias=bigbird22.cern.ch&noUDP&sock=schedd_38044_991d>
...
040 (109149.000.000) 06/02 17:26:29 Started transferring input files
	Transferring to host: <188.184.169.237:9618?addrs=188.184.169.237-9618+[2001-1458-301-c0--100-f0]-9618&alias=b7g52n7520.cern.ch&noUDP&sock=slot1_7_5768_d3e4_29228>
...
040 (109149.000.000) 06/02 17:26:29 Finished transferring input files
...
001 (109149.000.000) 06/02 17:26:29 Job executing on host: <188.184.169.237:9618?addrs=188.184.169.237-9618+[2001-1458-301-c0--100-f0]-9618&alias=b7g52n7520.cern.ch&noUDP&sock=startd_4581_c371>
...
006 (109149.000.000) 06/02 17:26:38 Image size of job updated: 7548
	8  -  MemoryUsage of job (MB)
	7548  -  ResidentSetSize of job (KB)
...
006 (109149.000.000) 06/02 17:31:39 Image size of job updated: 790824
	66  -  MemoryUsage of job (MB)
	67504  -  ResidentSetSize of job (KB)
...
040 (109149.000.000) 06/02 18:28:49 Started transferring output files
...
040 (109149.000.000) 06/02 18:28:49 Finished transferring output files
...
005 (109149.000.000) 06/02 18:28:50 Job terminated.
	(1) Normal termination (return value 0)
		Usr 0 00:00:37, Sys 0 00:00:09  -  Run Remote Usage
		Usr 0 00:00:00, Sys 0 00:00:00  -  Run Local Usage
		Usr 0 00:00:37, Sys 0 00:00:09  -  Total Remote Usage
		Usr 0 00:00:00, Sys 0 00:00:00  -  Total Local Usage
	42275  -  Run Bytes Sent By Job
	19195  -  Run Bytes Received By Job
	42275  -  Total Bytes Sent By Job
	19195  -  Total Bytes Received By Job
	Partitionable Resources :      Usage  Request Allocated 
	   Cpus                 :       0.00        1         1 
	   Disk (KB)            : 1952540          20    240483 
	   Memory (MB)          :      66        2000      2000 

	Job terminated of its own accord at 2021-06-02T16:28:49Z.
...
