000 (147068.000.000) 06/16 08:20:18 Job submitted from host: <188.185.121.235:9618?addrs=188.185.121.235-9618+[2001-1458-d00-49--100-36e]-9618&alias=bigbird22.cern.ch&noUDP&sock=schedd_38044_991d>
...
040 (147068.000.000) 06/16 08:46:34 Started transferring input files
	Transferring to host: <128.142.73.154:9618?addrs=128.142.73.154-9618+[2001-1458-301-75--100-8b]-9618&alias=b7s11n4291.cern.ch&noUDP&sock=slot1_14_11369_3d27_90844>
...
040 (147068.000.000) 06/16 08:46:34 Finished transferring input files
...
001 (147068.000.000) 06/16 08:46:34 Job executing on host: <128.142.73.154:9618?addrs=128.142.73.154-9618+[2001-1458-301-75--100-8b]-9618&alias=b7s11n4291.cern.ch&noUDP&sock=startd_16734_b5e9>
...
006 (147068.000.000) 06/16 08:46:43 Image size of job updated: 625444
	8  -  MemoryUsage of job (MB)
	8184  -  ResidentSetSize of job (KB)
...
006 (147068.000.000) 06/16 08:51:43 Image size of job updated: 791452
	67  -  MemoryUsage of job (MB)
	67772  -  ResidentSetSize of job (KB)
...
040 (147068.000.000) 06/16 08:55:08 Started transferring output files
...
040 (147068.000.000) 06/16 08:55:08 Finished transferring output files
...
005 (147068.000.000) 06/16 08:55:09 Job terminated.
	(1) Normal termination (return value 0)
		Usr 0 00:00:11, Sys 0 00:00:03  -  Run Remote Usage
		Usr 0 00:00:00, Sys 0 00:00:00  -  Run Local Usage
		Usr 0 00:00:11, Sys 0 00:00:03  -  Total Remote Usage
		Usr 0 00:00:00, Sys 0 00:00:00  -  Total Local Usage
	21316  -  Run Bytes Sent By Job
	19004  -  Run Bytes Received By Job
	21316  -  Total Bytes Sent By Job
	19004  -  Total Bytes Received By Job
	Partitionable Resources :     Usage  Request Allocated 
	   Cpus                 :      0.00        1         1 
	   Disk (KB)            : 466106          20    287763 
	   Memory (MB)          :     67        2000      2000 

	Job terminated of its own accord at 2021-06-16T06:55:06Z.
...
