000 (108865.000.000) 06/02 16:39:45 Job submitted from host: <188.185.121.235:9618?addrs=188.185.121.235-9618+[2001-1458-d00-49--100-36e]-9618&alias=bigbird22.cern.ch&noUDP&sock=schedd_38044_991d>
...
040 (108865.000.000) 06/02 16:58:33 Started transferring input files
	Transferring to host: <128.142.78.188:9618?addrs=128.142.78.188-9618+[2001-1458-301-f4--100-5b3]-9618&alias=b7s12n7695.cern.ch&noUDP&sock=slot1_5_28055_090e_88224>
...
040 (108865.000.000) 06/02 16:58:33 Finished transferring input files
...
001 (108865.000.000) 06/02 16:58:33 Job executing on host: <128.142.78.188:9618?addrs=128.142.78.188-9618+[2001-1458-301-f4--100-5b3]-9618&alias=b7s12n7695.cern.ch&noUDP&sock=startd_16977_636d>
...
006 (108865.000.000) 06/02 16:58:42 Image size of job updated: 13492
	14  -  MemoryUsage of job (MB)
	13492  -  ResidentSetSize of job (KB)
...
006 (108865.000.000) 06/02 17:03:43 Image size of job updated: 790824
	66  -  MemoryUsage of job (MB)
	67504  -  ResidentSetSize of job (KB)
...
006 (108865.000.000) 06/02 18:48:52 Image size of job updated: 790824
	87  -  MemoryUsage of job (MB)
	88428  -  ResidentSetSize of job (KB)
...
040 (108865.000.000) 06/02 18:50:57 Started transferring output files
...
040 (108865.000.000) 06/02 18:50:57 Finished transferring output files
...
005 (108865.000.000) 06/02 18:50:57 Job terminated.
	(1) Normal termination (return value 0)
		Usr 0 00:02:10, Sys 0 00:00:26  -  Run Remote Usage
		Usr 0 00:00:00, Sys 0 00:00:00  -  Run Local Usage
		Usr 0 00:02:10, Sys 0 00:00:26  -  Total Remote Usage
		Usr 0 00:00:00, Sys 0 00:00:00  -  Total Local Usage
	66911  -  Run Bytes Sent By Job
	19195  -  Run Bytes Received By Job
	66911  -  Total Bytes Sent By Job
	19195  -  Total Bytes Received By Job
	Partitionable Resources :      Usage  Request Allocated 
	   Cpus                 :       0.86        1         1 
	   Disk (KB)            : 4242493          20    220404 
	   Memory (MB)          :      87        2000      2000 

	Job terminated of its own accord at 2021-06-02T16:50:57Z.
...
