000 (112898.000.000) 06/03 12:56:30 Job submitted from host: <188.185.121.235:9618?addrs=188.185.121.235-9618+[2001-1458-d00-49--100-36e]-9618&alias=bigbird22.cern.ch&noUDP&sock=schedd_38044_991d>
...
040 (112898.000.000) 06/03 13:18:43 Started transferring input files
	Transferring to host: <188.184.213.78:9618?addrs=188.184.213.78-9618+[2001-1458-301-10c--100-156]-9618&alias=b7g24n0579.cern.ch&noUDP&sock=slot1_9_4826_1a7d_35130>
...
001 (112898.000.000) 06/03 13:18:43 Job executing on host: <188.184.213.78:9618?addrs=188.184.213.78-9618+[2001-1458-301-10c--100-156]-9618&alias=b7g24n0579.cern.ch&noUDP&sock=startd_3840_7fc3>
...
040 (112898.000.000) 06/03 13:18:43 Finished transferring input files
...
006 (112898.000.000) 06/03 13:18:52 Image size of job updated: 624804
	5  -  MemoryUsage of job (MB)
	4548  -  ResidentSetSize of job (KB)
...
006 (112898.000.000) 06/03 13:23:52 Image size of job updated: 790824
	35  -  MemoryUsage of job (MB)
	35080  -  ResidentSetSize of job (KB)
...
006 (112898.000.000) 06/03 13:28:52 Image size of job updated: 790824
	46  -  MemoryUsage of job (MB)
	46880  -  ResidentSetSize of job (KB)
...
006 (112898.000.000) 06/03 13:33:53 Image size of job updated: 790824
	66  -  MemoryUsage of job (MB)
	67504  -  ResidentSetSize of job (KB)
...
040 (112898.000.000) 06/03 16:05:58 Started transferring output files
...
040 (112898.000.000) 06/03 16:05:58 Finished transferring output files
...
005 (112898.000.000) 06/03 16:05:58 Job terminated.
	(1) Normal termination (return value 0)
		Usr 0 00:01:03, Sys 0 00:00:13  -  Run Remote Usage
		Usr 0 00:00:00, Sys 0 00:00:00  -  Run Local Usage
		Usr 0 00:01:03, Sys 0 00:00:13  -  Total Remote Usage
		Usr 0 00:00:00, Sys 0 00:00:00  -  Total Local Usage
	41970  -  Run Bytes Sent By Job
	19004  -  Run Bytes Received By Job
	41970  -  Total Bytes Sent By Job
	19004  -  Total Bytes Received By Job
	Partitionable Resources :      Usage  Request Allocated 
	   Cpus                 :       0.00        1         1 
	   Disk (KB)            : 1952939          20    212157 
	   Memory (MB)          :      66        2000      2000 

	Job terminated of its own accord at 2021-06-03T14:05:57Z.
...
000 (116509.000.000) 06/04 09:03:54 Job submitted from host: <188.185.121.235:9618?addrs=188.185.121.235-9618+[2001-1458-d00-49--100-36e]-9618&alias=bigbird22.cern.ch&noUDP&sock=schedd_38044_991d>
...
040 (116509.000.000) 06/04 09:21:04 Started transferring input files
	Transferring to host: <188.184.210.146:9618?addrs=188.184.210.146-9618+[2001-1458-301-10b--100-18f]-9618&alias=b7g23n7061.cern.ch&noUDP&sock=slot1_10_13271_5eb5_83770>
...
001 (116509.000.000) 06/04 09:21:04 Job executing on host: <188.184.210.146:9618?addrs=188.184.210.146-9618+[2001-1458-301-10b--100-18f]-9618&alias=b7g23n7061.cern.ch&noUDP&sock=startd_17398_28cc>
...
040 (116509.000.000) 06/04 09:21:04 Finished transferring input files
...
006 (116509.000.000) 06/04 09:21:13 Image size of job updated: 4772
	3  -  MemoryUsage of job (MB)
	2840  -  ResidentSetSize of job (KB)
...
006 (116509.000.000) 06/04 09:26:13 Image size of job updated: 790824
	40  -  MemoryUsage of job (MB)
	40372  -  ResidentSetSize of job (KB)
...
006 (116509.000.000) 06/04 09:31:13 Image size of job updated: 790824
	66  -  MemoryUsage of job (MB)
	67492  -  ResidentSetSize of job (KB)
...
040 (116509.000.000) 06/04 13:29:32 Started transferring output files
...
040 (116509.000.000) 06/04 13:29:32 Finished transferring output files
...
005 (116509.000.000) 06/04 13:29:32 Job terminated.
	(1) Normal termination (return value 0)
		Usr 0 00:01:33, Sys 0 00:00:21  -  Run Remote Usage
		Usr 0 00:00:00, Sys 0 00:00:00  -  Run Local Usage
		Usr 0 00:01:33, Sys 0 00:00:21  -  Total Remote Usage
		Usr 0 00:00:00, Sys 0 00:00:00  -  Total Local Usage
	50772  -  Run Bytes Sent By Job
	19004  -  Run Bytes Received By Job
	50772  -  Total Bytes Sent By Job
	19004  -  Total Bytes Received By Job
	Partitionable Resources :      Usage  Request Allocated 
	   Cpus                 :       0.00        1         1 
	   Disk (KB)            : 2759615          20    362437 
	   Memory (MB)          :      66        2000      2000 

	Job terminated of its own accord at 2021-06-04T11:29:32Z.
...
000 (123870.000.000) 06/08 10:49:59 Job submitted from host: <188.185.121.235:9618?addrs=188.185.121.235-9618+[2001-1458-d00-49--100-36e]-9618&alias=bigbird22.cern.ch&noUDP&sock=schedd_38044_991d>
...
040 (123870.000.000) 06/08 11:23:09 Entered queue to transfer input files
	Transferring to host: <188.184.210.50:9618?addrs=188.184.210.50-9618+[2001-1458-301-10b--100-30b]-9618&alias=b7g23n7280.cern.ch&noUDP&sock=slot1_4_4293_8e88_45260>
...
040 (123870.000.000) 06/08 11:53:59 Started transferring input files
	Seconds spent in queue: 1850
...
040 (123870.000.000) 06/08 11:53:59 Finished transferring input files
...
001 (123870.000.000) 06/08 11:53:59 Job executing on host: <188.184.210.50:9618?addrs=188.184.210.50-9618+[2001-1458-301-10b--100-30b]-9618&alias=b7g23n7280.cern.ch&noUDP&sock=startd_3616_da8c>
...
006 (123870.000.000) 06/08 11:54:08 Image size of job updated: 252496
	2  -  MemoryUsage of job (MB)
	1736  -  ResidentSetSize of job (KB)
...
006 (123870.000.000) 06/08 11:59:09 Image size of job updated: 791456
	38  -  MemoryUsage of job (MB)
	38032  -  ResidentSetSize of job (KB)
...
006 (123870.000.000) 06/08 12:04:10 Image size of job updated: 791456
	56  -  MemoryUsage of job (MB)
	56776  -  ResidentSetSize of job (KB)
...
006 (123870.000.000) 06/08 12:09:10 Image size of job updated: 791456
	67  -  MemoryUsage of job (MB)
	67768  -  ResidentSetSize of job (KB)
...
006 (123870.000.000) 06/08 15:44:33 Image size of job updated: 791456
	91  -  MemoryUsage of job (MB)
	92688  -  ResidentSetSize of job (KB)
...
040 (123870.000.000) 06/08 15:45:02 Started transferring output files
	Seconds spent in queue: 15713
...
040 (123870.000.000) 06/08 15:45:02 Finished transferring output files
...
005 (123870.000.000) 06/08 15:45:02 Job terminated.
	(1) Normal termination (return value 0)
		Usr 0 00:01:29, Sys 0 00:00:21  -  Run Remote Usage
		Usr 0 00:00:00, Sys 0 00:00:00  -  Run Local Usage
		Usr 0 00:01:29, Sys 0 00:00:21  -  Total Remote Usage
		Usr 0 00:00:00, Sys 0 00:00:00  -  Total Local Usage
	50798  -  Run Bytes Sent By Job
	19004  -  Run Bytes Received By Job
	50798  -  Total Bytes Sent By Job
	19004  -  Total Bytes Received By Job
	Partitionable Resources :      Usage  Request Allocated 
	   Cpus                 :       0.00        1         1 
	   Disk (KB)            : 2759615          20    359423 
	   Memory (MB)          :      91        2000      2000 

	Job terminated of its own accord at 2021-06-08T13:45:02Z.
...
