000 (147296.000.000) 06/16 08:25:03 Job submitted from host: <188.185.121.235:9618?addrs=188.185.121.235-9618+[2001-1458-d00-49--100-36e]-9618&alias=bigbird22.cern.ch&noUDP&sock=schedd_38044_991d>
...
040 (147296.000.000) 06/16 08:47:57 Started transferring input files
	Transferring to host: <128.142.72.220:9618?addrs=128.142.72.220-9618+[2001-1458-301-75--100-2ec]-9618&alias=b7s11n1552.cern.ch&noUDP&sock=slot1_14_4950_7902_42596>
...
040 (147296.000.000) 06/16 08:47:57 Finished transferring input files
...
001 (147296.000.000) 06/16 08:47:57 Job executing on host: <128.142.72.220:9618?addrs=128.142.72.220-9618+[2001-1458-301-75--100-2ec]-9618&alias=b7s11n1552.cern.ch&noUDP&sock=startd_3891_7b18>
...
006 (147296.000.000) 06/16 08:48:05 Image size of job updated: 625444
	4  -  MemoryUsage of job (MB)
	3944  -  ResidentSetSize of job (KB)
...
006 (147296.000.000) 06/16 08:49:43 Image size of job updated: 791452
	4  -  MemoryUsage of job (MB)
	3944  -  ResidentSetSize of job (KB)
...
040 (147296.000.000) 06/16 08:49:44 Started transferring output files
...
040 (147296.000.000) 06/16 08:49:44 Finished transferring output files
...
005 (147296.000.000) 06/16 08:49:44 Job terminated.
	(1) Normal termination (return value 0)
		Usr 0 00:00:07, Sys 0 00:00:03  -  Run Remote Usage
		Usr 0 00:00:00, Sys 0 00:00:00  -  Run Local Usage
		Usr 0 00:00:07, Sys 0 00:00:03  -  Total Remote Usage
		Usr 0 00:00:00, Sys 0 00:00:00  -  Total Local Usage
	20681  -  Run Bytes Sent By Job
	19004  -  Run Bytes Received By Job
	20681  -  Total Bytes Sent By Job
	19004  -  Total Bytes Received By Job
	Partitionable Resources :    Usage  Request Allocated 
	   Cpus                 :                 1         1 
	   Disk (KB)            :   466721       20    276636 
	   Memory (MB)          :        4     2000      2000 

	Job terminated of its own accord at 2021-06-16T06:49:43Z.
...
