000 (113075.000.000) 06/03 12:59:21 Job submitted from host: <188.185.121.235:9618?addrs=188.185.121.235-9618+[2001-1458-d00-49--100-36e]-9618&alias=bigbird22.cern.ch&noUDP&sock=schedd_38044_991d>
...
040 (113075.000.000) 06/03 13:19:48 Started transferring input files
	Transferring to host: <188.184.169.67:9618?addrs=188.184.169.67-9618+[2001-1458-301-c0--100-36e]-9618&alias=b7g52n2421.cern.ch&noUDP&sock=slot1_5_16499_c9b8_82518>
...
001 (113075.000.000) 06/03 13:19:48 Job executing on host: <188.184.169.67:9618?addrs=188.184.169.67-9618+[2001-1458-301-c0--100-36e]-9618&alias=b7g52n2421.cern.ch&noUDP&sock=startd_16478_1dab>
...
040 (113075.000.000) 06/03 13:19:48 Finished transferring input files
...
006 (113075.000.000) 06/03 13:19:57 Image size of job updated: 766156
	15  -  MemoryUsage of job (MB)
	15332  -  ResidentSetSize of job (KB)
...
006 (113075.000.000) 06/03 13:24:58 Image size of job updated: 790824
	66  -  MemoryUsage of job (MB)
	67500  -  ResidentSetSize of job (KB)
...
040 (113075.000.000) 06/03 14:27:52 Started transferring output files
...
040 (113075.000.000) 06/03 14:27:52 Finished transferring output files
...
005 (113075.000.000) 06/03 14:27:53 Job terminated.
	(1) Normal termination (return value 0)
		Usr 0 00:00:45, Sys 0 00:00:10  -  Run Remote Usage
		Usr 0 00:00:00, Sys 0 00:00:00  -  Run Local Usage
		Usr 0 00:00:45, Sys 0 00:00:10  -  Total Remote Usage
		Usr 0 00:00:00, Sys 0 00:00:00  -  Total Local Usage
	41361  -  Run Bytes Sent By Job
	19004  -  Run Bytes Received By Job
	41361  -  Total Bytes Sent By Job
	19004  -  Total Bytes Received By Job
	Partitionable Resources :      Usage  Request Allocated 
	   Cpus                 :       1.00        1         1 
	   Disk (KB)            : 1953236          20    273321 
	   Memory (MB)          :      66        2000      2000 

	Job terminated of its own accord at 2021-06-03T12:27:52Z.
...
000 (116693.000.000) 06/04 09:06:10 Job submitted from host: <188.185.121.235:9618?addrs=188.185.121.235-9618+[2001-1458-d00-49--100-36e]-9618&alias=bigbird22.cern.ch&noUDP&sock=schedd_38044_991d>
...
040 (116693.000.000) 06/04 09:36:33 Started transferring input files
	Transferring to host: <188.184.168.146:9618?addrs=188.184.168.146-9618+[2001-1458-301-c0--100-1af]-9618&alias=b7g52n1549.cern.ch&noUDP&sock=slot1_5_13840_482c_89411>
...
040 (116693.000.000) 06/04 09:36:33 Finished transferring input files
...
001 (116693.000.000) 06/04 09:36:33 Job executing on host: <188.184.168.146:9618?addrs=188.184.168.146-9618+[2001-1458-301-c0--100-1af]-9618&alias=b7g52n1549.cern.ch&noUDP&sock=startd_18824_46d9>
...
006 (116693.000.000) 06/04 09:36:41 Image size of job updated: 625444
	8  -  MemoryUsage of job (MB)
	7616  -  ResidentSetSize of job (KB)
...
006 (116693.000.000) 06/04 09:41:41 Image size of job updated: 791456
	67  -  MemoryUsage of job (MB)
	67772  -  ResidentSetSize of job (KB)
...
040 (116693.000.000) 06/04 11:04:09 Started transferring output files
...
040 (116693.000.000) 06/04 11:04:09 Finished transferring output files
...
005 (116693.000.000) 06/04 11:04:10 Job terminated.
	(1) Normal termination (return value 0)
		Usr 0 00:01:17, Sys 0 00:00:13  -  Run Remote Usage
		Usr 0 00:00:00, Sys 0 00:00:00  -  Run Local Usage
		Usr 0 00:01:17, Sys 0 00:00:13  -  Total Remote Usage
		Usr 0 00:00:00, Sys 0 00:00:00  -  Total Local Usage
	50243  -  Run Bytes Sent By Job
	19004  -  Run Bytes Received By Job
	50243  -  Total Bytes Sent By Job
	19004  -  Total Bytes Received By Job
	Partitionable Resources :      Usage  Request Allocated 
	   Cpus                 :       0.01        1         1 
	   Disk (KB)            : 2758647          20    276005 
	   Memory (MB)          :      67        2000      2000 

	Job terminated of its own accord at 2021-06-04T09:04:09Z.
...
000 (124048.000.000) 06/08 10:52:38 Job submitted from host: <188.185.121.235:9618?addrs=188.185.121.235-9618+[2001-1458-d00-49--100-36e]-9618&alias=bigbird22.cern.ch&noUDP&sock=schedd_38044_991d>
...
040 (124048.000.000) 06/08 11:23:35 Entered queue to transfer input files
	Transferring to host: <128.142.85.132:9618?addrs=128.142.85.132-9618+[2001-1458-301-f6--100-220]-9618&alias=b7s14n5342.cern.ch&noUDP&sock=slot1_5_5768_d3e4_45060>
...
040 (124048.000.000) 06/08 11:53:59 Started transferring input files
	Seconds spent in queue: 1824
...
040 (124048.000.000) 06/08 11:53:59 Finished transferring input files
...
001 (124048.000.000) 06/08 11:53:59 Job executing on host: <128.142.85.132:9618?addrs=128.142.85.132-9618+[2001-1458-301-f6--100-220]-9618&alias=b7s14n5342.cern.ch&noUDP&sock=startd_4665_6165>
...
006 (124048.000.000) 06/08 11:54:08 Image size of job updated: 321800
	2  -  MemoryUsage of job (MB)
	1748  -  ResidentSetSize of job (KB)
...
006 (124048.000.000) 06/08 11:59:09 Image size of job updated: 791456
	67  -  MemoryUsage of job (MB)
	67784  -  ResidentSetSize of job (KB)
...
040 (124048.000.000) 06/08 13:10:35 Started transferring output files
	Seconds spent in queue: 6420
...
040 (124048.000.000) 06/08 13:10:35 Finished transferring output files
...
005 (124048.000.000) 06/08 13:10:35 Job terminated.
	(1) Normal termination (return value 0)
		Usr 0 00:01:16, Sys 0 00:00:13  -  Run Remote Usage
		Usr 0 00:00:00, Sys 0 00:00:00  -  Run Local Usage
		Usr 0 00:01:16, Sys 0 00:00:13  -  Total Remote Usage
		Usr 0 00:00:00, Sys 0 00:00:00  -  Total Local Usage
	50243  -  Run Bytes Sent By Job
	19004  -  Run Bytes Received By Job
	50243  -  Total Bytes Sent By Job
	19004  -  Total Bytes Received By Job
	Partitionable Resources :      Usage  Request Allocated 
	   Cpus                 :       0.01        1         1 
	   Disk (KB)            : 2758646          20     99519 
	   Memory (MB)          :      67        2000      2000 

	Job terminated of its own accord at 2021-06-08T11:10:34Z.
...
