000 (108503.000.000) 06/02 16:30:51 Job submitted from host: <188.185.121.235:9618?addrs=188.185.121.235-9618+[2001-1458-d00-49--100-36e]-9618&alias=bigbird22.cern.ch&noUDP&sock=schedd_38044_991d>
...
040 (108503.000.000) 06/02 16:36:55 Started transferring input files
	Transferring to host: <128.142.74.80:9618?addrs=128.142.74.80-9618+[2001-1458-301-75--100-3e3]-9618&alias=b7s11n4315.cern.ch&noUDP&sock=slot1_1_5065_8027_29544>
...
040 (108503.000.000) 06/02 16:36:55 Finished transferring input files
...
001 (108503.000.000) 06/02 16:36:55 Job executing on host: <128.142.74.80:9618?addrs=128.142.74.80-9618+[2001-1458-301-75--100-3e3]-9618&alias=b7s11n4315.cern.ch&noUDP&sock=startd_4114_70b6>
...
006 (108503.000.000) 06/02 16:37:05 Image size of job updated: 790820
	40  -  MemoryUsage of job (MB)
	40296  -  ResidentSetSize of job (KB)
...
006 (108503.000.000) 06/02 16:39:56 Image size of job updated: 790820
	40  -  MemoryUsage of job (MB)
	40316  -  ResidentSetSize of job (KB)
...
040 (108503.000.000) 06/02 16:39:56 Started transferring output files
...
040 (108503.000.000) 06/02 16:39:56 Finished transferring output files
...
005 (108503.000.000) 06/02 16:39:56 Job terminated.
	(1) Normal termination (return value 0)
		Usr 0 00:00:13, Sys 0 00:00:04  -  Run Remote Usage
		Usr 0 00:00:00, Sys 0 00:00:00  -  Run Local Usage
		Usr 0 00:00:13, Sys 0 00:00:04  -  Total Remote Usage
		Usr 0 00:00:00, Sys 0 00:00:00  -  Total Local Usage
	23790  -  Run Bytes Sent By Job
	19195  -  Run Bytes Received By Job
	23790  -  Total Bytes Sent By Job
	19195  -  Total Bytes Received By Job
	Partitionable Resources :    Usage  Request Allocated 
	   Cpus                 :                 1         1 
	   Disk (KB)            :   743534       20    278854 
	   Memory (MB)          :       40     2000      2000 

	Job terminated of its own accord at 2021-06-02T14:39:56Z.
...
