000 (147823.000.000) 06/16 08:36:07 Job submitted from host: <188.185.121.235:9618?addrs=188.185.121.235-9618+[2001-1458-d00-49--100-36e]-9618&alias=bigbird22.cern.ch&noUDP&sock=schedd_38044_991d>
...
040 (147823.000.000) 06/16 08:57:31 Started transferring input files
	Transferring to host: <188.184.198.79:9618?addrs=188.184.198.79-9618+[2001-1458-301-c1--100-3b8]-9618&alias=b7g52n9012.cern.ch&noUDP&sock=slot1_9_26570_b7f2_88464>
...
001 (147823.000.000) 06/16 08:57:31 Job executing on host: <188.184.198.79:9618?addrs=188.184.198.79-9618+[2001-1458-301-c1--100-3b8]-9618&alias=b7g52n9012.cern.ch&noUDP&sock=startd_18058_dd4e>
...
040 (147823.000.000) 06/16 08:57:31 Finished transferring input files
...
006 (147823.000.000) 06/16 08:57:39 Image size of job updated: 766796
	30  -  MemoryUsage of job (MB)
	29708  -  ResidentSetSize of job (KB)
...
006 (147823.000.000) 06/16 09:02:39 Image size of job updated: 791432
	67  -  MemoryUsage of job (MB)
	67772  -  ResidentSetSize of job (KB)
...
040 (147823.000.000) 06/16 09:09:06 Started transferring output files
...
040 (147823.000.000) 06/16 09:09:06 Finished transferring output files
...
005 (147823.000.000) 06/16 09:09:06 Job terminated.
	(1) Normal termination (return value 0)
		Usr 0 00:01:16, Sys 0 00:00:16  -  Run Remote Usage
		Usr 0 00:00:00, Sys 0 00:00:00  -  Run Local Usage
		Usr 0 00:01:16, Sys 0 00:00:16  -  Total Remote Usage
		Usr 0 00:00:00, Sys 0 00:00:00  -  Total Local Usage
	54212  -  Run Bytes Sent By Job
	19004  -  Run Bytes Received By Job
	54212  -  Total Bytes Sent By Job
	19004  -  Total Bytes Received By Job
	Partitionable Resources :      Usage  Request Allocated 
	   Cpus                 :       0.03        1         1 
	   Disk (KB)            : 3067457          20    283089 
	   Memory (MB)          :      67        2000      2000 

	Job terminated of its own accord at 2021-06-16T07:09:06Z.
...
