000 (108362.000.000) 06/02 16:25:57 Job submitted from host: <188.185.121.235:9618?addrs=188.185.121.235-9618+[2001-1458-d00-49--100-36e]-9618&alias=bigbird22.cern.ch&noUDP&sock=schedd_38044_991d>
...
040 (108362.000.000) 06/02 16:27:20 Started transferring input files
	Transferring to host: <188.184.168.124:9618?addrs=188.184.168.124-9618+[2001-1458-301-c0--100-458]-9618&alias=b7g52n4712.cern.ch&noUDP&sock=slot1_8_5636_d25e_34277>
...
001 (108362.000.000) 06/02 16:27:21 Job executing on host: <188.184.168.124:9618?addrs=188.184.168.124-9618+[2001-1458-301-c0--100-458]-9618&alias=b7g52n4712.cern.ch&noUDP&sock=startd_4509_609f>
...
040 (108362.000.000) 06/02 16:27:21 Finished transferring input files
...
006 (108362.000.000) 06/02 16:27:29 Image size of job updated: 790824
	66  -  MemoryUsage of job (MB)
	67504  -  ResidentSetSize of job (KB)
...
040 (108362.000.000) 06/02 16:28:19 Started transferring output files
...
040 (108362.000.000) 06/02 16:28:19 Finished transferring output files
...
005 (108362.000.000) 06/02 16:28:20 Job terminated.
	(1) Normal termination (return value 0)
		Usr 0 00:00:10, Sys 0 00:00:04  -  Run Remote Usage
		Usr 0 00:00:00, Sys 0 00:00:00  -  Run Local Usage
		Usr 0 00:00:10, Sys 0 00:00:04  -  Total Remote Usage
		Usr 0 00:00:00, Sys 0 00:00:00  -  Total Local Usage
	22418  -  Run Bytes Sent By Job
	19195  -  Run Bytes Received By Job
	22418  -  Total Bytes Sent By Job
	19195  -  Total Bytes Received By Job
	Partitionable Resources :    Usage  Request Allocated 
	   Cpus                 :                 1         1 
	   Disk (KB)            :   743556       20    282438 
	   Memory (MB)          :       66     2000      2000 

	Job terminated of its own accord at 2021-06-02T14:28:19Z.
...
