000 (109323.000.000) 06/02 16:50:22 Job submitted from host: <188.185.121.235:9618?addrs=188.185.121.235-9618+[2001-1458-d00-49--100-36e]-9618&alias=bigbird22.cern.ch&noUDP&sock=schedd_38044_991d>
...
040 (109323.000.000) 06/02 18:40:02 Started transferring input files
	Transferring to host: <188.184.190.13:9618?addrs=188.184.190.13-9618+[2001-1458-301-4b--100-6]-9618&alias=b7g42n0035.cern.ch&noUDP&sock=slot1_4_3777_fcf3_39957>
...
001 (109323.000.000) 06/02 18:40:02 Job executing on host: <188.184.190.13:9618?addrs=188.184.190.13-9618+[2001-1458-301-4b--100-6]-9618&alias=b7g42n0035.cern.ch&noUDP&sock=startd_3235_84f7>
...
040 (109323.000.000) 06/02 18:40:02 Finished transferring input files
...
006 (109323.000.000) 06/02 18:40:11 Image size of job updated: 782548
	35  -  MemoryUsage of job (MB)
	35724  -  ResidentSetSize of job (KB)
...
006 (109323.000.000) 06/02 18:42:05 Image size of job updated: 790796
	35  -  MemoryUsage of job (MB)
	35756  -  ResidentSetSize of job (KB)
...
040 (109323.000.000) 06/02 18:42:05 Started transferring output files
...
040 (109323.000.000) 06/02 18:42:05 Finished transferring output files
...
005 (109323.000.000) 06/02 18:42:06 Job terminated.
	(1) Normal termination (return value 0)
		Usr 0 00:01:02, Sys 0 00:00:08  -  Run Remote Usage
		Usr 0 00:00:00, Sys 0 00:00:00  -  Run Local Usage
		Usr 0 00:01:02, Sys 0 00:00:08  -  Total Remote Usage
		Usr 0 00:00:00, Sys 0 00:00:00  -  Total Local Usage
	25744  -  Run Bytes Sent By Job
	19195  -  Run Bytes Received By Job
	25744  -  Total Bytes Sent By Job
	19195  -  Total Bytes Received By Job
	Partitionable Resources :    Usage  Request Allocated 
	   Cpus                 :                 1         1 
	   Disk (KB)            :  1952682       20    290152 
	   Memory (MB)          :       35     2000      2000 

	Job terminated of its own accord at 2021-06-02T16:42:05Z.
...
