000 (109058.000.000) 06/02 16:43:40 Job submitted from host: <188.185.121.235:9618?addrs=188.185.121.235-9618+[2001-1458-d00-49--100-36e]-9618&alias=bigbird22.cern.ch&noUDP&sock=schedd_38044_991d>
...
040 (109058.000.000) 06/02 17:16:35 Entered queue to transfer input files
	Transferring to host: <128.142.76.237:9618?addrs=128.142.76.237-9618+[2001-1458-301-f4--100-431]-9618&alias=b7s12n3009.cern.ch&noUDP&sock=slot1_16_5757_13c3_29495>
...
040 (109058.000.000) 06/02 17:16:37 Started transferring input files
	Seconds spent in queue: 2
...
001 (109058.000.000) 06/02 17:16:37 Job executing on host: <128.142.76.237:9618?addrs=128.142.76.237-9618+[2001-1458-301-f4--100-431]-9618&alias=b7s12n3009.cern.ch&noUDP&sock=startd_4606_e94f>
...
040 (109058.000.000) 06/02 17:16:37 Finished transferring input files
...
006 (109058.000.000) 06/02 17:16:46 Image size of job updated: 624804
	15  -  MemoryUsage of job (MB)
	15096  -  ResidentSetSize of job (KB)
...
006 (109058.000.000) 06/02 17:21:47 Image size of job updated: 790812
	66  -  MemoryUsage of job (MB)
	67500  -  ResidentSetSize of job (KB)
...
040 (109058.000.000) 06/02 17:31:05 Started transferring output files
	Seconds spent in queue: 870
...
040 (109058.000.000) 06/02 17:31:05 Finished transferring output files
...
005 (109058.000.000) 06/02 17:31:05 Job terminated.
	(1) Normal termination (return value 0)
		Usr 0 00:01:41, Sys 0 00:00:30  -  Run Remote Usage
		Usr 0 00:00:00, Sys 0 00:00:00  -  Run Local Usage
		Usr 0 00:01:41, Sys 0 00:00:30  -  Total Remote Usage
		Usr 0 00:00:00, Sys 0 00:00:00  -  Total Local Usage
	65668  -  Run Bytes Sent By Job
	19195  -  Run Bytes Received By Job
	65668  -  Total Bytes Sent By Job
	19195  -  Total Bytes Received By Job
	Partitionable Resources :      Usage  Request Allocated 
	   Cpus                 :       0.02        1         1 
	   Disk (KB)            : 4244365          20    274750 
	   Memory (MB)          :      66        2000      2000 

	Job terminated of its own accord at 2021-06-02T15:31:05Z.
...
