000 (108718.000.000) 06/02 16:36:32 Job submitted from host: <188.185.121.235:9618?addrs=188.185.121.235-9618+[2001-1458-d00-49--100-36e]-9618&alias=bigbird22.cern.ch&noUDP&sock=schedd_38044_991d>
...
040 (108718.000.000) 06/02 16:47:23 Started transferring input files
	Transferring to host: <188.184.168.58:9618?addrs=188.184.168.58-9618+[2001-1458-301-c0--100-24a]-9618&alias=b7g52n7703.cern.ch&noUDP&sock=slot1_16_6003_680d_29046>
...
040 (108718.000.000) 06/02 16:47:23 Finished transferring input files
...
001 (108718.000.000) 06/02 16:47:23 Job executing on host: <188.184.168.58:9618?addrs=188.184.168.58-9618+[2001-1458-301-c0--100-24a]-9618&alias=b7g52n7703.cern.ch&noUDP&sock=startd_4701_12ce>
...
006 (108718.000.000) 06/02 16:47:31 Image size of job updated: 790816
	53  -  MemoryUsage of job (MB)
	53288  -  ResidentSetSize of job (KB)
...
006 (108718.000.000) 06/02 16:52:31 Image size of job updated: 790816
	65  -  MemoryUsage of job (MB)
	65980  -  ResidentSetSize of job (KB)
...
040 (108718.000.000) 06/02 16:57:10 Started transferring output files
...
040 (108718.000.000) 06/02 16:57:10 Finished transferring output files
...
005 (108718.000.000) 06/02 16:57:10 Job terminated.
	(1) Normal termination (return value 0)
		Usr 0 00:01:47, Sys 0 00:00:27  -  Run Remote Usage
		Usr 0 00:00:00, Sys 0 00:00:00  -  Run Local Usage
		Usr 0 00:01:47, Sys 0 00:00:27  -  Total Remote Usage
		Usr 0 00:00:00, Sys 0 00:00:00  -  Total Local Usage
	57676  -  Run Bytes Sent By Job
	19195  -  Run Bytes Received By Job
	57676  -  Total Bytes Sent By Job
	19195  -  Total Bytes Received By Job
	Partitionable Resources :      Usage  Request Allocated 
	   Cpus                 :       0.09        1         1 
	   Disk (KB)            : 4242337          20    276606 
	   Memory (MB)          :      65        2000      2000 

	Job terminated of its own accord at 2021-06-02T14:57:10Z.
...
