000 (147181.000.000) 06/16 08:23:01 Job submitted from host: <188.185.121.235:9618?addrs=188.185.121.235-9618+[2001-1458-d00-49--100-36e]-9618&alias=bigbird22.cern.ch&noUDP&sock=schedd_38044_991d>
...
040 (147181.000.000) 06/16 08:47:16 Started transferring input files
	Transferring to host: <128.142.78.249:9618?addrs=128.142.78.249-9618+[2001-1458-301-f4--100-6cd]-9618&alias=b7s12n1502.cern.ch&noUDP&sock=slot1_16_4479_9c4f_42928>
...
001 (147181.000.000) 06/16 08:47:16 Job executing on host: <128.142.78.249:9618?addrs=128.142.78.249-9618+[2001-1458-301-f4--100-6cd]-9618&alias=b7s12n1502.cern.ch&noUDP&sock=startd_3674_a30a>
...
040 (147181.000.000) 06/16 08:47:16 Finished transferring input files
...
006 (147181.000.000) 06/16 08:47:26 Image size of job updated: 766796
	17  -  MemoryUsage of job (MB)
	16544  -  ResidentSetSize of job (KB)
...
006 (147181.000.000) 06/16 08:49:31 Image size of job updated: 791456
	17  -  MemoryUsage of job (MB)
	16544  -  ResidentSetSize of job (KB)
...
040 (147181.000.000) 06/16 08:49:31 Started transferring output files
...
040 (147181.000.000) 06/16 08:49:32 Finished transferring output files
...
005 (147181.000.000) 06/16 08:49:34 Job terminated.
	(1) Normal termination (return value 0)
		Usr 0 00:00:08, Sys 0 00:00:02  -  Run Remote Usage
		Usr 0 00:00:00, Sys 0 00:00:00  -  Run Local Usage
		Usr 0 00:00:08, Sys 0 00:00:02  -  Total Remote Usage
		Usr 0 00:00:00, Sys 0 00:00:00  -  Total Local Usage
	23471  -  Run Bytes Sent By Job
	19004  -  Run Bytes Received By Job
	23471  -  Total Bytes Sent By Job
	19004  -  Total Bytes Received By Job
	Partitionable Resources :    Usage  Request Allocated 
	   Cpus                 :                 1         1 
	   Disk (KB)            :   466077       20    262651 
	   Memory (MB)          :       17     2000      2000 

	Job terminated of its own accord at 2021-06-16T06:49:31Z.
...
