000 (147000.000.000) 06/16 08:19:10 Job submitted from host: <188.185.121.235:9618?addrs=188.185.121.235-9618+[2001-1458-d00-49--100-36e]-9618&alias=bigbird22.cern.ch&noUDP&sock=schedd_38044_991d>
...
040 (147000.000.000) 06/16 08:46:10 Started transferring input files
	Transferring to host: <128.142.77.181:9618?addrs=128.142.77.181-9618+[2001-1458-301-f4--100-4a2]-9618&alias=b7s12n2472.cern.ch&noUDP&sock=slot1_10_9918_e0cc_90550>
...
040 (147000.000.000) 06/16 08:46:10 Finished transferring input files
...
001 (147000.000.000) 06/16 08:46:10 Job executing on host: <128.142.77.181:9618?addrs=128.142.77.181-9618+[2001-1458-301-f4--100-4a2]-9618&alias=b7s12n2472.cern.ch&noUDP&sock=startd_16570_3861>
...
006 (147000.000.000) 06/16 08:46:18 Image size of job updated: 42944
	40  -  MemoryUsage of job (MB)
	40776  -  ResidentSetSize of job (KB)
...
006 (147000.000.000) 06/16 08:48:28 Image size of job updated: 791432
	40  -  MemoryUsage of job (MB)
	40836  -  ResidentSetSize of job (KB)
...
040 (147000.000.000) 06/16 08:48:29 Started transferring output files
...
040 (147000.000.000) 06/16 08:48:30 Finished transferring output files
...
005 (147000.000.000) 06/16 08:48:30 Job terminated.
	(1) Normal termination (return value 0)
		Usr 0 00:00:08, Sys 0 00:00:02  -  Run Remote Usage
		Usr 0 00:00:00, Sys 0 00:00:00  -  Run Local Usage
		Usr 0 00:00:08, Sys 0 00:00:02  -  Total Remote Usage
		Usr 0 00:00:00, Sys 0 00:00:00  -  Total Local Usage
	24284  -  Run Bytes Sent By Job
	19004  -  Run Bytes Received By Job
	24284  -  Total Bytes Sent By Job
	19004  -  Total Bytes Received By Job
	Partitionable Resources :     Usage  Request Allocated 
	   Cpus                 :      0.01        1         1 
	   Disk (KB)            : 466108          20    283999 
	   Memory (MB)          :     40        2000      2000 

	Job terminated of its own accord at 2021-06-16T06:48:28Z.
...
