000 (108643.000.000) 06/02 16:34:55 Job submitted from host: <188.185.121.235:9618?addrs=188.185.121.235-9618+[2001-1458-d00-49--100-36e]-9618&alias=bigbird22.cern.ch&noUDP&sock=schedd_38044_991d>
...
040 (108643.000.000) 06/02 16:41:41 Started transferring input files
	Transferring to host: <188.184.168.218:9618?addrs=188.184.168.218-9618+[2001-1458-301-c0--100-150]-9618&alias=b7g52n8346.cern.ch&noUDP&sock=slot1_12_23654_21fb_42091>
...
040 (108643.000.000) 06/02 16:41:41 Finished transferring input files
...
001 (108643.000.000) 06/02 16:41:41 Job executing on host: <188.184.168.218:9618?addrs=188.184.168.218-9618+[2001-1458-301-c0--100-150]-9618&alias=b7g52n8346.cern.ch&noUDP&sock=startd_5345_cdcc>
...
006 (108643.000.000) 06/02 16:41:50 Image size of job updated: 766156
	36  -  MemoryUsage of job (MB)
	36296  -  ResidentSetSize of job (KB)
...
006 (108643.000.000) 06/02 16:42:45 Image size of job updated: 790796
	36  -  MemoryUsage of job (MB)
	36324  -  ResidentSetSize of job (KB)
...
040 (108643.000.000) 06/02 16:42:45 Started transferring output files
...
040 (108643.000.000) 06/02 16:42:46 Finished transferring output files
...
005 (108643.000.000) 06/02 16:42:46 Job terminated.
	(1) Normal termination (return value 0)
		Usr 0 00:00:12, Sys 0 00:00:03  -  Run Remote Usage
		Usr 0 00:00:00, Sys 0 00:00:00  -  Run Local Usage
		Usr 0 00:00:12, Sys 0 00:00:03  -  Total Remote Usage
		Usr 0 00:00:00, Sys 0 00:00:00  -  Total Local Usage
	19548  -  Run Bytes Sent By Job
	19195  -  Run Bytes Received By Job
	19548  -  Total Bytes Sent By Job
	19195  -  Total Bytes Received By Job
	Partitionable Resources :    Usage  Request Allocated 
	   Cpus                 :                 1         1 
	   Disk (KB)            :   743553       20    249197 
	   Memory (MB)          :       36     2000      2000 

	Job terminated of its own accord at 2021-06-02T14:42:45Z.
...
