000 (147336.000.000) 06/16 08:25:53 Job submitted from host: <188.185.121.235:9618?addrs=188.185.121.235-9618+[2001-1458-d00-49--100-36e]-9618&alias=bigbird22.cern.ch&noUDP&sock=schedd_38044_991d>
...
040 (147336.000.000) 06/16 08:51:31 Entered queue to transfer input files
	Transferring to host: <188.185.105.252:9618?addrs=188.185.105.252-9618+[2001-1458-d00-3e--100-b]-9618&alias=b7g50s6473.cern.ch&noUDP&sock=slot1_15_6687_58a9_38194>
...
040 (147336.000.000) 06/16 08:51:44 Started transferring input files
	Seconds spent in queue: 13
...
001 (147336.000.000) 06/16 08:51:44 Job executing on host: <188.185.105.252:9618?addrs=188.185.105.252-9618+[2001-1458-d00-3e--100-b]-9618&alias=b7g50s6473.cern.ch&noUDP&sock=startd_5241_77f2>
...
040 (147336.000.000) 06/16 08:51:47 Finished transferring input files
...
006 (147336.000.000) 06/16 08:51:53 Image size of job updated: 783188
	67  -  MemoryUsage of job (MB)
	67776  -  ResidentSetSize of job (KB)
...
006 (147336.000.000) 06/16 08:56:54 Image size of job updated: 791428
	67  -  MemoryUsage of job (MB)
	67776  -  ResidentSetSize of job (KB)
...
040 (147336.000.000) 06/16 09:00:10 Started transferring output files
	Seconds spent in queue: 519
...
040 (147336.000.000) 06/16 09:00:10 Finished transferring output files
...
005 (147336.000.000) 06/16 09:00:11 Job terminated.
	(1) Normal termination (return value 0)
		Usr 0 00:01:13, Sys 0 00:00:21  -  Run Remote Usage
		Usr 0 00:00:00, Sys 0 00:00:00  -  Run Local Usage
		Usr 0 00:01:13, Sys 0 00:00:21  -  Total Remote Usage
		Usr 0 00:00:00, Sys 0 00:00:00  -  Total Local Usage
	50298  -  Run Bytes Sent By Job
	19004  -  Run Bytes Received By Job
	50298  -  Total Bytes Sent By Job
	19004  -  Total Bytes Received By Job
	Partitionable Resources :      Usage  Request Allocated 
	   Cpus                 :       0.04        1         1 
	   Disk (KB)            : 3064312          20    606862 
	   Memory (MB)          :      67        2000      2000 

	Job terminated of its own accord at 2021-06-16T07:00:10Z.
...
