000 (147361.000.000) 06/16 08:27:03 Job submitted from host: <188.185.121.235:9618?addrs=188.185.121.235-9618+[2001-1458-d00-49--100-36e]-9618&alias=bigbird22.cern.ch&noUDP&sock=schedd_38044_991d>
...
040 (147361.000.000) 06/16 08:52:07 Started transferring input files
	Transferring to host: <188.184.210.48:9618?addrs=188.184.210.48-9618+[2001-1458-301-10b--100-21e]-9618&alias=b7g23n5061.cern.ch&noUDP&sock=slot1_6_4512_dcb1_36739>
...
001 (147361.000.000) 06/16 08:52:07 Job executing on host: <188.184.210.48:9618?addrs=188.184.210.48-9618+[2001-1458-301-10b--100-21e]-9618&alias=b7g23n5061.cern.ch&noUDP&sock=startd_3785_c60e>
...
040 (147361.000.000) 06/16 08:52:07 Finished transferring input files
...
006 (147361.000.000) 06/16 08:52:16 Image size of job updated: 766796
	19  -  MemoryUsage of job (MB)
	19088  -  ResidentSetSize of job (KB)
...
006 (147361.000.000) 06/16 08:57:16 Image size of job updated: 791444
	67  -  MemoryUsage of job (MB)
	67764  -  ResidentSetSize of job (KB)
...
040 (147361.000.000) 06/16 11:52:27 Started transferring output files
...
040 (147361.000.000) 06/16 11:52:27 Finished transferring output files
...
005 (147361.000.000) 06/16 11:52:27 Job terminated.
	(1) Normal termination (return value 0)
		Usr 0 00:02:14, Sys 0 00:00:27  -  Run Remote Usage
		Usr 0 00:00:00, Sys 0 00:00:00  -  Run Local Usage
		Usr 0 00:02:14, Sys 0 00:00:27  -  Total Remote Usage
		Usr 0 00:00:00, Sys 0 00:00:00  -  Total Local Usage
	54466  -  Run Bytes Sent By Job
	19004  -  Run Bytes Received By Job
	54466  -  Total Bytes Sent By Job
	19004  -  Total Bytes Received By Job
	Partitionable Resources :      Usage  Request Allocated 
	   Cpus                 :       0.00        1         1 
	   Disk (KB)            : 3073975          20    351373 
	   Memory (MB)          :      67        2000      2000 

	Job terminated of its own accord at 2021-06-16T09:52:27Z.
...
