000 (108877.000.000) 06/02 16:39:58 Job submitted from host: <188.185.121.235:9618?addrs=188.185.121.235-9618+[2001-1458-d00-49--100-36e]-9618&alias=bigbird22.cern.ch&noUDP&sock=schedd_38044_991d>
...
040 (108877.000.000) 06/02 16:57:34 Started transferring input files
	Transferring to host: <128.142.76.138:9618?addrs=128.142.76.138-9618&alias=b7s12n7950.cern.ch&noUDP&sock=slot1_2_6226_87b6_34005>
...
001 (108877.000.000) 06/02 16:57:34 Job executing on host: <128.142.76.138:9618?addrs=128.142.76.138-9618&alias=b7s12n7950.cern.ch&noUDP&sock=startd_5074_eba1>
...
040 (108877.000.000) 06/02 16:57:34 Finished transferring input files
...
006 (108877.000.000) 06/02 16:57:43 Image size of job updated: 35812
	35  -  MemoryUsage of job (MB)
	35476  -  ResidentSetSize of job (KB)
...
006 (108877.000.000) 06/02 17:02:44 Image size of job updated: 790816
	66  -  MemoryUsage of job (MB)
	67496  -  ResidentSetSize of job (KB)
...
006 (108877.000.000) 06/02 17:12:45 Image size of job updated: 790816
	121  -  MemoryUsage of job (MB)
	123428  -  ResidentSetSize of job (KB)
...
040 (108877.000.000) 06/02 17:13:56 Entered queue to transfer output files
...
040 (108877.000.000) 06/02 17:13:57 Started transferring output files
...
040 (108877.000.000) 06/02 17:13:58 Finished transferring output files
...
005 (108877.000.000) 06/02 17:13:58 Job terminated.
	(1) Normal termination (return value 0)
		Usr 0 00:02:35, Sys 0 00:00:28  -  Run Remote Usage
		Usr 0 00:00:00, Sys 0 00:00:00  -  Run Local Usage
		Usr 0 00:02:35, Sys 0 00:00:28  -  Total Remote Usage
		Usr 0 00:00:00, Sys 0 00:00:00  -  Total Local Usage
	66670  -  Run Bytes Sent By Job
	19195  -  Run Bytes Received By Job
	66670  -  Total Bytes Sent By Job
	19195  -  Total Bytes Received By Job
	Partitionable Resources :      Usage  Request Allocated 
	   Cpus                 :       0.04        1         1 
	   Disk (KB)            : 4241954          20    275863 
	   Memory (MB)          :     121        2000      2000 

	Job terminated of its own accord at 2021-06-02T15:13:51Z.
...
