000 (108953.000.000) 06/02 16:41:34 Job submitted from host: <188.185.121.235:9618?addrs=188.185.121.235-9618+[2001-1458-d00-49--100-36e]-9618&alias=bigbird22.cern.ch&noUDP&sock=schedd_38044_991d>
...
040 (108953.000.000) 06/02 16:58:01 Started transferring input files
	Transferring to host: <188.184.139.183:9618?addrs=188.184.139.183-9618+[2001-1458-301-45--100-1bc]-9618&alias=b7g42n0720.cern.ch&noUDP&sock=slot1_10_16391_b134_102505>
...
001 (108953.000.000) 06/02 16:58:01 Job executing on host: <188.184.139.183:9618?addrs=188.184.139.183-9618+[2001-1458-301-45--100-1bc]-9618&alias=b7g42n0720.cern.ch&noUDP&sock=startd_5715_97d6>
...
040 (108953.000.000) 06/02 16:58:01 Finished transferring input files
...
006 (108953.000.000) 06/02 16:58:10 Image size of job updated: 8240
	9  -  MemoryUsage of job (MB)
	8240  -  ResidentSetSize of job (KB)
...
006 (108953.000.000) 06/02 17:03:11 Image size of job updated: 790820
	66  -  MemoryUsage of job (MB)
	67500  -  ResidentSetSize of job (KB)
...
006 (108953.000.000) 06/02 17:23:12 Image size of job updated: 790820
	112  -  MemoryUsage of job (MB)
	114012  -  ResidentSetSize of job (KB)
...
040 (108953.000.000) 06/02 17:24:19 Started transferring output files
...
040 (108953.000.000) 06/02 17:24:19 Finished transferring output files
...
005 (108953.000.000) 06/02 17:24:19 Job terminated.
	(1) Normal termination (return value 0)
		Usr 0 00:02:41, Sys 0 00:00:30  -  Run Remote Usage
		Usr 0 00:00:00, Sys 0 00:00:00  -  Run Local Usage
		Usr 0 00:02:41, Sys 0 00:00:30  -  Total Remote Usage
		Usr 0 00:00:00, Sys 0 00:00:00  -  Total Local Usage
	66550  -  Run Bytes Sent By Job
	19195  -  Run Bytes Received By Job
	66550  -  Total Bytes Sent By Job
	19195  -  Total Bytes Received By Job
	Partitionable Resources :      Usage  Request Allocated 
	   Cpus                 :       0.96        1         1 
	   Disk (KB)            : 4191977          20    286201 
	   Memory (MB)          :     112        2000      2000 

	Job terminated of its own accord at 2021-06-02T15:24:18Z.
...
