000 (147150.000.000) 06/16 08:22:25 Job submitted from host: <188.185.121.235:9618?addrs=188.185.121.235-9618+[2001-1458-d00-49--100-36e]-9618&alias=bigbird22.cern.ch&noUDP&sock=schedd_38044_991d>
...
040 (147150.000.000) 06/16 08:47:06 Started transferring input files
	Transferring to host: <128.142.161.72:9618?addrs=128.142.161.72-9618+[2001-1458-301-b8--100-6]-9618&alias=b7g03p3572.cern.ch&noUDP&sock=slot1_39_24449_483b_81183>
...
040 (147150.000.000) 06/16 08:47:06 Finished transferring input files
...
001 (147150.000.000) 06/16 08:47:06 Job executing on host: <128.142.161.72:9618?addrs=128.142.161.72-9618+[2001-1458-301-b8--100-6]-9618&alias=b7g03p3572.cern.ch&noUDP&sock=startd_3110_c7a0>
...
006 (147150.000.000) 06/16 08:47:15 Image size of job updated: 791456
	40  -  MemoryUsage of job (MB)
	40128  -  ResidentSetSize of job (KB)
...
006 (147150.000.000) 06/16 08:52:16 Image size of job updated: 791456
	67  -  MemoryUsage of job (MB)
	67772  -  ResidentSetSize of job (KB)
...
040 (147150.000.000) 06/16 08:55:38 Started transferring output files
...
040 (147150.000.000) 06/16 08:55:38 Finished transferring output files
...
005 (147150.000.000) 06/16 08:55:38 Job terminated.
	(1) Normal termination (return value 0)
		Usr 0 00:00:09, Sys 0 00:00:02  -  Run Remote Usage
		Usr 0 00:00:00, Sys 0 00:00:00  -  Run Local Usage
		Usr 0 00:00:09, Sys 0 00:00:02  -  Total Remote Usage
		Usr 0 00:00:00, Sys 0 00:00:00  -  Total Local Usage
	21249  -  Run Bytes Sent By Job
	19004  -  Run Bytes Received By Job
	21249  -  Total Bytes Sent By Job
	19004  -  Total Bytes Received By Job
	Partitionable Resources :     Usage  Request Allocated 
	   Cpus                 :      0.01        1         1 
	   Disk (KB)            : 465877          20   1405335 
	   Memory (MB)          :     67        2000      2000 

	Job terminated of its own accord at 2021-06-16T06:55:37Z.
...
