000 (147341.000.000) 06/16 08:26:07 Job submitted from host: <188.185.121.235:9618?addrs=188.185.121.235-9618+[2001-1458-d00-49--100-36e]-9618&alias=bigbird22.cern.ch&noUDP&sock=schedd_38044_991d>
...
040 (147341.000.000) 06/16 08:51:37 Entered queue to transfer input files
	Transferring to host: <188.184.182.205:9618?addrs=188.184.182.205-9618+[2001-1458-301-2b--100-4e5]-9618&alias=b7g41n8096.cern.ch&noUDP&sock=slot1_3_30068_6040_89831>
...
040 (147341.000.000) 06/16 08:51:45 Started transferring input files
	Seconds spent in queue: 8
...
001 (147341.000.000) 06/16 08:51:45 Job executing on host: <188.184.182.205:9618?addrs=188.184.182.205-9618+[2001-1458-301-2b--100-4e5]-9618&alias=b7g41n8096.cern.ch&noUDP&sock=startd_14102_60a5>
...
040 (147341.000.000) 06/16 08:51:49 Finished transferring input files
...
006 (147341.000.000) 06/16 08:51:54 Image size of job updated: 41000
	41  -  MemoryUsage of job (MB)
	41000  -  ResidentSetSize of job (KB)
...
006 (147341.000.000) 06/16 08:56:55 Image size of job updated: 791440
	67  -  MemoryUsage of job (MB)
	67768  -  ResidentSetSize of job (KB)
...
006 (147341.000.000) 06/16 09:01:55 Image size of job updated: 791440
	119  -  MemoryUsage of job (MB)
	121448  -  ResidentSetSize of job (KB)
...
040 (147341.000.000) 06/16 09:02:51 Started transferring output files
	Seconds spent in queue: 674
...
040 (147341.000.000) 06/16 09:02:51 Finished transferring output files
...
005 (147341.000.000) 06/16 09:02:52 Job terminated.
	(1) Normal termination (return value 0)
		Usr 0 00:01:41, Sys 0 00:00:21  -  Run Remote Usage
		Usr 0 00:00:00, Sys 0 00:00:00  -  Run Local Usage
		Usr 0 00:01:41, Sys 0 00:00:21  -  Total Remote Usage
		Usr 0 00:00:00, Sys 0 00:00:00  -  Total Local Usage
	51916  -  Run Bytes Sent By Job
	19004  -  Run Bytes Received By Job
	51916  -  Total Bytes Sent By Job
	19004  -  Total Bytes Received By Job
	Partitionable Resources :      Usage  Request Allocated 
	   Cpus                 :       0.05        1         1 
	   Disk (KB)            : 3064314          20    361617 
	   Memory (MB)          :     119        2000      2000 

	Job terminated of its own accord at 2021-06-16T07:02:51Z.
...
