000 (108848.000.000) 06/02 16:39:23 Job submitted from host: <188.185.121.235:9618?addrs=188.185.121.235-9618+[2001-1458-d00-49--100-36e]-9618&alias=bigbird22.cern.ch&noUDP&sock=schedd_38044_991d>
...
040 (108848.000.000) 06/02 16:57:24 Started transferring input files
	Transferring to host: <188.184.196.227:9618?addrs=188.184.196.227-9618+[2001-1458-301-102--100-cd]-9618&alias=b7g24n0416.cern.ch&noUDP&sock=slot1_4_4646_46f6_14939>
...
040 (108848.000.000) 06/02 16:57:24 Finished transferring input files
...
001 (108848.000.000) 06/02 16:57:24 Job executing on host: <188.184.196.227:9618?addrs=188.184.196.227-9618+[2001-1458-301-102--100-cd]-9618&alias=b7g24n0416.cern.ch&noUDP&sock=startd_3774_3a83>
...
006 (108848.000.000) 06/02 16:57:33 Image size of job updated: 67832
	66  -  MemoryUsage of job (MB)
	67500  -  ResidentSetSize of job (KB)
...
006 (108848.000.000) 06/02 17:02:33 Image size of job updated: 790796
	66  -  MemoryUsage of job (MB)
	67500  -  ResidentSetSize of job (KB)
...
006 (108848.000.000) 06/02 17:17:35 Image size of job updated: 790796
	121  -  MemoryUsage of job (MB)
	123480  -  ResidentSetSize of job (KB)
...
040 (108848.000.000) 06/02 17:18:39 Entered queue to transfer output files
...
040 (108848.000.000) 06/02 17:18:41 Started transferring output files
...
040 (108848.000.000) 06/02 17:18:41 Finished transferring output files
...
005 (108848.000.000) 06/02 17:18:41 Job terminated.
	(1) Normal termination (return value 0)
		Usr 0 00:02:54, Sys 0 00:00:23  -  Run Remote Usage
		Usr 0 00:00:00, Sys 0 00:00:00  -  Run Local Usage
		Usr 0 00:02:54, Sys 0 00:00:23  -  Total Remote Usage
		Usr 0 00:00:00, Sys 0 00:00:00  -  Total Local Usage
	65250  -  Run Bytes Sent By Job
	19195  -  Run Bytes Received By Job
	65250  -  Total Bytes Sent By Job
	19195  -  Total Bytes Received By Job
	Partitionable Resources :      Usage  Request Allocated 
	   Cpus                 :       1.00        1         1 
	   Disk (KB)            : 4242072          20    295218 
	   Memory (MB)          :     121        2000      2000 

	Job terminated of its own accord at 2021-06-02T15:18:34Z.
...
