000 (147208.000.000) 06/16 08:23:32 Job submitted from host: <188.185.121.235:9618?addrs=188.185.121.235-9618+[2001-1458-d00-49--100-36e]-9618&alias=bigbird22.cern.ch&noUDP&sock=schedd_38044_991d>
...
040 (147208.000.000) 06/16 08:47:26 Started transferring input files
	Transferring to host: <128.142.74.169:9618?addrs=128.142.74.169-9618+[2001-1458-301-75--100-5f0]-9618&alias=b7s11n8981.cern.ch&noUDP&sock=slot1_11_5114_0689_37025>
...
001 (147208.000.000) 06/16 08:47:26 Job executing on host: <128.142.74.169:9618?addrs=128.142.74.169-9618+[2001-1458-301-75--100-5f0]-9618&alias=b7s11n8981.cern.ch&noUDP&sock=startd_3942_766c>
...
040 (147208.000.000) 06/16 08:47:26 Finished transferring input files
...
006 (147208.000.000) 06/16 08:47:35 Image size of job updated: 766796
	34  -  MemoryUsage of job (MB)
	34084  -  ResidentSetSize of job (KB)
...
006 (147208.000.000) 06/16 08:48:37 Image size of job updated: 791440
	34  -  MemoryUsage of job (MB)
	34092  -  ResidentSetSize of job (KB)
...
040 (147208.000.000) 06/16 08:48:38 Started transferring output files
...
040 (147208.000.000) 06/16 08:48:39 Finished transferring output files
...
005 (147208.000.000) 06/16 08:48:43 Job terminated.
	(1) Normal termination (return value 0)
		Usr 0 00:00:10, Sys 0 00:00:02  -  Run Remote Usage
		Usr 0 00:00:00, Sys 0 00:00:00  -  Run Local Usage
		Usr 0 00:00:10, Sys 0 00:00:02  -  Total Remote Usage
		Usr 0 00:00:00, Sys 0 00:00:00  -  Total Local Usage
	21413  -  Run Bytes Sent By Job
	19004  -  Run Bytes Received By Job
	21413  -  Total Bytes Sent By Job
	19004  -  Total Bytes Received By Job
	Partitionable Resources :     Usage  Request Allocated 
	   Cpus                 :      0.88        1         1 
	   Disk (KB)            : 466097          20    276943 
	   Memory (MB)          :     34        2000      2000 

	Job terminated of its own accord at 2021-06-16T06:48:37Z.
...
