000 (108867.000.000) 06/02 16:39:48 Job submitted from host: <188.185.121.235:9618?addrs=188.185.121.235-9618+[2001-1458-d00-49--100-36e]-9618&alias=bigbird22.cern.ch&noUDP&sock=schedd_38044_991d>
...
040 (108867.000.000) 06/02 16:57:31 Started transferring input files
	Transferring to host: <188.184.182.202:9618?addrs=188.184.182.202-9618+[2001-1458-301-2b--100-195]-9618&alias=b7g41n2804.cern.ch&noUDP&sock=slot1_6_3317_e060_34025>
...
001 (108867.000.000) 06/02 16:57:31 Job executing on host: <188.184.182.202:9618?addrs=188.184.182.202-9618+[2001-1458-301-2b--100-195]-9618&alias=b7g41n2804.cern.ch&noUDP&sock=startd_2893_ef93>
...
040 (108867.000.000) 06/02 16:57:31 Finished transferring input files
...
006 (108867.000.000) 06/02 16:57:40 Image size of job updated: 63124
	62  -  MemoryUsage of job (MB)
	62756  -  ResidentSetSize of job (KB)
...
006 (108867.000.000) 06/02 17:02:41 Image size of job updated: 790796
	65  -  MemoryUsage of job (MB)
	66000  -  ResidentSetSize of job (KB)
...
040 (108867.000.000) 06/02 17:07:39 Started transferring output files
...
040 (108867.000.000) 06/02 17:07:39 Finished transferring output files
...
005 (108867.000.000) 06/02 17:07:39 Job terminated.
	(1) Normal termination (return value 0)
		Usr 0 00:02:47, Sys 0 00:00:28  -  Run Remote Usage
		Usr 0 00:00:00, Sys 0 00:00:00  -  Run Local Usage
		Usr 0 00:02:47, Sys 0 00:00:28  -  Total Remote Usage
		Usr 0 00:00:00, Sys 0 00:00:00  -  Total Local Usage
	57540  -  Run Bytes Sent By Job
	19195  -  Run Bytes Received By Job
	57540  -  Total Bytes Sent By Job
	19195  -  Total Bytes Received By Job
	Partitionable Resources :      Usage  Request Allocated 
	   Cpus                 :       0.96        1         1 
	   Disk (KB)            : 4241900          20    339707 
	   Memory (MB)          :      65        2000      2000 

	Job terminated of its own accord at 2021-06-02T15:07:39Z.
...
