000 (108887.000.000) 06/02 16:40:08 Job submitted from host: <188.185.121.235:9618?addrs=188.185.121.235-9618+[2001-1458-d00-49--100-36e]-9618&alias=bigbird22.cern.ch&noUDP&sock=schedd_38044_991d>
...
040 (108887.000.000) 06/02 16:57:36 Started transferring input files
	Transferring to host: <188.184.196.147:9618?addrs=188.184.196.147-9618+[2001-1458-301-102--100-93]-9618&alias=b7g24n0270.cern.ch&noUDP&sock=slot1_2_3582_97cb_34270>
...
001 (108887.000.000) 06/02 16:57:36 Job executing on host: <188.184.196.147:9618?addrs=188.184.196.147-9618+[2001-1458-301-102--100-93]-9618&alias=b7g24n0270.cern.ch&noUDP&sock=startd_2930_5094>
...
040 (108887.000.000) 06/02 16:57:36 Finished transferring input files
...
006 (108887.000.000) 06/02 16:57:44 Image size of job updated: 624804
	11  -  MemoryUsage of job (MB)
	10704  -  ResidentSetSize of job (KB)
...
006 (108887.000.000) 06/02 17:02:44 Image size of job updated: 790816
	66  -  MemoryUsage of job (MB)
	67496  -  ResidentSetSize of job (KB)
...
006 (108887.000.000) 06/02 17:17:45 Image size of job updated: 790816
	120  -  MemoryUsage of job (MB)
	122820  -  ResidentSetSize of job (KB)
...
040 (108887.000.000) 06/02 17:18:14 Started transferring output files
...
040 (108887.000.000) 06/02 17:18:14 Finished transferring output files
...
005 (108887.000.000) 06/02 17:18:14 Job terminated.
	(1) Normal termination (return value 0)
		Usr 0 00:02:35, Sys 0 00:00:26  -  Run Remote Usage
		Usr 0 00:00:00, Sys 0 00:00:00  -  Run Local Usage
		Usr 0 00:02:35, Sys 0 00:00:26  -  Total Remote Usage
		Usr 0 00:00:00, Sys 0 00:00:00  -  Total Local Usage
	67077  -  Run Bytes Sent By Job
	19195  -  Run Bytes Received By Job
	67077  -  Total Bytes Sent By Job
	19195  -  Total Bytes Received By Job
	Partitionable Resources :      Usage  Request Allocated 
	   Cpus                 :       0.98        1         1 
	   Disk (KB)            : 4242923          20    317190 
	   Memory (MB)          :     120        2000      2000 

	Job terminated of its own accord at 2021-06-02T15:18:14Z.
...
