000 (112277.000.000) 06/03 12:46:23 Job submitted from host: <188.185.121.235:9618?addrs=188.185.121.235-9618+[2001-1458-d00-49--100-36e]-9618&alias=bigbird22.cern.ch&noUDP&sock=schedd_38044_991d>
...
022 (112277.000.000) 06/03 13:15:04 Job disconnected, attempting to reconnect
    Socket between submit and execute hosts closed unexpectedly
    Trying to reconnect to slot1_8@b7g24n0232.cern.ch <188.184.196.118:9618?addrs=188.184.196.118-9618+[2001-1458-301-102--100-66]-9618&alias=b7g24n0232.cern.ch&noUDP&sock=startd_5682_f536>
...
024 (112277.000.000) 06/03 13:15:04 Job reconnection failed
    Job not found at execution machine
    Can not reconnect to slot1_8@b7g24n0232.cern.ch, rescheduling job
...
040 (112277.000.000) 06/03 13:21:55 Started transferring input files
	Transferring to host: <188.184.198.51:9618?addrs=188.184.198.51-9618+[2001-1458-301-c1--100-18e]-9618&alias=b7g52n7895.cern.ch&noUDP&sock=slot1_15_10455_3e42_84828>
...
040 (112277.000.000) 06/03 13:21:55 Finished transferring input files
...
001 (112277.000.000) 06/03 13:21:55 Job executing on host: <188.184.198.51:9618?addrs=188.184.198.51-9618+[2001-1458-301-c1--100-18e]-9618&alias=b7g52n7895.cern.ch&noUDP&sock=startd_17585_6d02>
...
006 (112277.000.000) 06/03 13:22:03 Image size of job updated: 71812
	8  -  MemoryUsage of job (MB)
	7200  -  ResidentSetSize of job (KB)
...
006 (112277.000.000) 06/03 13:27:03 Image size of job updated: 790824
	66  -  MemoryUsage of job (MB)
	67500  -  ResidentSetSize of job (KB)
...
040 (112277.000.000) 06/03 14:46:00 Started transferring output files
...
040 (112277.000.000) 06/03 14:46:00 Finished transferring output files
...
005 (112277.000.000) 06/03 14:46:00 Job terminated.
	(1) Normal termination (return value 0)
		Usr 0 00:02:23, Sys 0 00:00:27  -  Run Remote Usage
		Usr 0 00:00:00, Sys 0 00:00:00  -  Run Local Usage
		Usr 0 00:02:23, Sys 0 00:00:27  -  Total Remote Usage
		Usr 0 00:00:00, Sys 0 00:00:00  -  Total Local Usage
	64518  -  Run Bytes Sent By Job
	19004  -  Run Bytes Received By Job
	64518  -  Total Bytes Sent By Job
	19004  -  Total Bytes Received By Job
	Partitionable Resources :      Usage  Request Allocated 
	   Cpus                 :       0.01        1         1 
	   Disk (KB)            : 4242182          20    284334 
	   Memory (MB)          :      66        2000      2000 

	Job terminated of its own accord at 2021-06-03T12:46:00Z.
...
000 (115883.000.000) 06/04 08:55:16 Job submitted from host: <188.185.121.235:9618?addrs=188.185.121.235-9618+[2001-1458-d00-49--100-36e]-9618&alias=bigbird22.cern.ch&noUDP&sock=schedd_38044_991d>
...
040 (115883.000.000) 06/04 08:59:54 Started transferring input files
	Transferring to host: <128.142.73.121:9618?addrs=128.142.73.121-9618+[2001-1458-301-75--100-4b5]-9618&alias=b7s11n0193.cern.ch&noUDP&sock=slot1_15_5272_59cf_40652>
...
001 (115883.000.000) 06/04 08:59:54 Job executing on host: <128.142.73.121:9618?addrs=128.142.73.121-9618+[2001-1458-301-75--100-4b5]-9618&alias=b7s11n0193.cern.ch&noUDP&sock=startd_4024_b530>
...
040 (115883.000.000) 06/04 08:59:54 Finished transferring input files
...
006 (115883.000.000) 06/04 09:00:03 Image size of job updated: 790808
	66  -  MemoryUsage of job (MB)
	67508  -  ResidentSetSize of job (KB)
...
006 (115883.000.000) 06/04 09:05:04 Image size of job updated: 790808
	90  -  MemoryUsage of job (MB)
	92040  -  ResidentSetSize of job (KB)
...
040 (115883.000.000) 06/04 09:06:53 Started transferring output files
...
040 (115883.000.000) 06/04 09:06:53 Finished transferring output files
...
005 (115883.000.000) 06/04 09:06:54 Job terminated.
	(1) Normal termination (return value 0)
		Usr 0 00:01:40, Sys 0 00:00:23  -  Run Remote Usage
		Usr 0 00:00:00, Sys 0 00:00:00  -  Run Local Usage
		Usr 0 00:01:40, Sys 0 00:00:23  -  Total Remote Usage
		Usr 0 00:00:00, Sys 0 00:00:00  -  Total Local Usage
	48107  -  Run Bytes Sent By Job
	19004  -  Run Bytes Received By Job
	48107  -  Total Bytes Sent By Job
	19004  -  Total Bytes Received By Job
	Partitionable Resources :      Usage  Request Allocated 
	   Cpus                 :       0.16        1         1 
	   Disk (KB)            : 3711020          20    286487 
	   Memory (MB)          :      90        2000      2000 

	Job terminated of its own accord at 2021-06-04T07:06:53Z.
...
000 (123234.000.000) 06/08 10:39:52 Job submitted from host: <188.185.121.235:9618?addrs=188.185.121.235-9618+[2001-1458-d00-49--100-36e]-9618&alias=bigbird22.cern.ch&noUDP&sock=schedd_38044_991d>
...
040 (123234.000.000) 06/08 11:16:05 Entered queue to transfer input files
	Transferring to host: <188.184.132.53:9618?addrs=188.184.132.53-9618+[2001-1458-301-a0--100-a8]-9618&alias=b7g28n0059.cern.ch&noUDP&sock=slot1_4_3416_a184_43794>
...
040 (123234.000.000) 06/08 11:53:55 Started transferring input files
	Seconds spent in queue: 2270
...
040 (123234.000.000) 06/08 11:53:55 Finished transferring input files
...
001 (123234.000.000) 06/08 11:53:55 Job executing on host: <188.184.132.53:9618?addrs=188.184.132.53-9618+[2001-1458-301-a0--100-a8]-9618&alias=b7g28n0059.cern.ch&noUDP&sock=startd_2911_4848>
...
006 (123234.000.000) 06/08 11:54:04 Image size of job updated: 461588
	40  -  MemoryUsage of job (MB)
	40500  -  ResidentSetSize of job (KB)
...
006 (123234.000.000) 06/08 11:59:05 Image size of job updated: 791428
	67  -  MemoryUsage of job (MB)
	67764  -  ResidentSetSize of job (KB)
...
040 (123234.000.000) 06/08 12:08:25 Started transferring output files
	Seconds spent in queue: 3140
...
040 (123234.000.000) 06/08 12:08:25 Finished transferring output files
...
005 (123234.000.000) 06/08 12:08:25 Job terminated.
	(1) Normal termination (return value 0)
		Usr 0 00:02:22, Sys 0 00:00:24  -  Run Remote Usage
		Usr 0 00:00:00, Sys 0 00:00:00  -  Run Local Usage
		Usr 0 00:02:22, Sys 0 00:00:24  -  Total Remote Usage
		Usr 0 00:00:00, Sys 0 00:00:00  -  Total Local Usage
	55706  -  Run Bytes Sent By Job
	19004  -  Run Bytes Received By Job
	55706  -  Total Bytes Sent By Job
	19004  -  Total Bytes Received By Job
	Partitionable Resources :      Usage  Request Allocated 
	   Cpus                 :       0.01        1         1 
	   Disk (KB)            : 3711027          20    206367 
	   Memory (MB)          :      67        2000      2000 

	Job terminated of its own accord at 2021-06-08T10:08:25Z.
...
