000 (148004.000.000) 06/16 08:40:16 Job submitted from host: <188.185.121.235:9618?addrs=188.185.121.235-9618+[2001-1458-d00-49--100-36e]-9618&alias=bigbird22.cern.ch&noUDP&sock=schedd_38044_991d>
...
040 (148004.000.000) 06/16 08:58:46 Started transferring input files
	Transferring to host: <188.184.198.79:9618?addrs=188.184.198.79-9618+[2001-1458-301-c1--100-3b8]-9618&alias=b7g52n9012.cern.ch&noUDP&sock=slot1_13_26570_b7f2_88468>
...
040 (148004.000.000) 06/16 08:58:46 Finished transferring input files
...
001 (148004.000.000) 06/16 08:58:46 Job executing on host: <188.184.198.79:9618?addrs=188.184.198.79-9618+[2001-1458-301-c1--100-3b8]-9618&alias=b7g52n9012.cern.ch&noUDP&sock=startd_18058_dd4e>
...
006 (148004.000.000) 06/16 08:58:55 Image size of job updated: 625444
	12  -  MemoryUsage of job (MB)
	12048  -  ResidentSetSize of job (KB)
...
006 (148004.000.000) 06/16 09:03:56 Image size of job updated: 791452
	67  -  MemoryUsage of job (MB)
	67768  -  ResidentSetSize of job (KB)
...
040 (148004.000.000) 06/16 10:42:03 Started transferring output files
...
040 (148004.000.000) 06/16 10:42:04 Finished transferring output files
...
005 (148004.000.000) 06/16 10:42:04 Job terminated.
	(1) Normal termination (return value 0)
		Usr 0 00:01:27, Sys 0 00:00:19  -  Run Remote Usage
		Usr 0 00:00:00, Sys 0 00:00:00  -  Run Local Usage
		Usr 0 00:01:27, Sys 0 00:00:19  -  Total Remote Usage
		Usr 0 00:00:00, Sys 0 00:00:00  -  Total Local Usage
	54258  -  Run Bytes Sent By Job
	19004  -  Run Bytes Received By Job
	54258  -  Total Bytes Sent By Job
	19004  -  Total Bytes Received By Job
	Partitionable Resources :      Usage  Request Allocated 
	   Cpus                 :       0.00        1         1 
	   Disk (KB)            : 3078972          20    282665 
	   Memory (MB)          :      67        2000      2000 

	Job terminated of its own accord at 2021-06-16T08:42:03Z.
...
