000 (109054.000.000) 06/02 16:43:36 Job submitted from host: <188.185.121.235:9618?addrs=188.185.121.235-9618+[2001-1458-d00-49--100-36e]-9618&alias=bigbird22.cern.ch&noUDP&sock=schedd_38044_991d>
...
040 (109054.000.000) 06/02 17:16:08 Started transferring input files
	Transferring to host: <128.142.76.138:9618?addrs=128.142.76.138-9618&alias=b7s12n7950.cern.ch&noUDP&sock=slot1_8_6226_87b6_34020>
...
040 (109054.000.000) 06/02 17:16:08 Finished transferring input files
...
001 (109054.000.000) 06/02 17:16:08 Job executing on host: <128.142.76.138:9618?addrs=128.142.76.138-9618&alias=b7s12n7950.cern.ch&noUDP&sock=startd_5074_eba1>
...
006 (109054.000.000) 06/02 17:16:17 Image size of job updated: 9956
	10  -  MemoryUsage of job (MB)
	9956  -  ResidentSetSize of job (KB)
...
006 (109054.000.000) 06/02 17:21:18 Image size of job updated: 790824
	66  -  MemoryUsage of job (MB)
	67496  -  ResidentSetSize of job (KB)
...
006 (109054.000.000) 06/02 17:31:19 Image size of job updated: 790824
	121  -  MemoryUsage of job (MB)
	122944  -  ResidentSetSize of job (KB)
...
040 (109054.000.000) 06/02 17:32:18 Started transferring output files
...
040 (109054.000.000) 06/02 17:32:18 Finished transferring output files
...
005 (109054.000.000) 06/02 17:32:19 Job terminated.
	(1) Normal termination (return value 0)
		Usr 0 00:02:32, Sys 0 00:00:27  -  Run Remote Usage
		Usr 0 00:00:00, Sys 0 00:00:00  -  Run Local Usage
		Usr 0 00:02:32, Sys 0 00:00:27  -  Total Remote Usage
		Usr 0 00:00:00, Sys 0 00:00:00  -  Total Local Usage
	65121  -  Run Bytes Sent By Job
	19195  -  Run Bytes Received By Job
	65121  -  Total Bytes Sent By Job
	19195  -  Total Bytes Received By Job
	Partitionable Resources :      Usage  Request Allocated 
	   Cpus                 :       0.98        1         1 
	   Disk (KB)            : 4244364          20    273151 
	   Memory (MB)          :     121        2000      2000 

	Job terminated of its own accord at 2021-06-02T15:32:18Z.
...
