000 (108744.000.000) 06/02 16:37:27 Job submitted from host: <188.185.121.235:9618?addrs=188.185.121.235-9618+[2001-1458-d00-49--100-36e]-9618&alias=bigbird22.cern.ch&noUDP&sock=schedd_38044_991d>
...
040 (108744.000.000) 06/02 16:48:43 Started transferring input files
	Transferring to host: <128.142.69.81:9618?addrs=128.142.69.81-9618+[2001-1458-301-52--100-225]-9618&alias=b7s10n0873.cern.ch&noUDP&sock=slot1_12_1054_6364_104748>
...
040 (108744.000.000) 06/02 16:48:43 Finished transferring input files
...
001 (108744.000.000) 06/02 16:48:43 Job executing on host: <128.142.69.81:9618?addrs=128.142.69.81-9618+[2001-1458-301-52--100-225]-9618&alias=b7s10n0873.cern.ch&noUDP&sock=startd_2185_4e86>
...
006 (108744.000.000) 06/02 16:48:52 Image size of job updated: 67508
	66  -  MemoryUsage of job (MB)
	67508  -  ResidentSetSize of job (KB)
...
006 (108744.000.000) 06/02 16:53:53 Image size of job updated: 790796
	121  -  MemoryUsage of job (MB)
	123232  -  ResidentSetSize of job (KB)
...
040 (108744.000.000) 06/02 16:55:34 Started transferring output files
...
040 (108744.000.000) 06/02 16:55:34 Finished transferring output files
...
005 (108744.000.000) 06/02 16:55:34 Job terminated.
	(1) Normal termination (return value 0)
		Usr 0 00:01:54, Sys 0 00:00:23  -  Run Remote Usage
		Usr 0 00:00:00, Sys 0 00:00:00  -  Run Local Usage
		Usr 0 00:01:54, Sys 0 00:00:23  -  Total Remote Usage
		Usr 0 00:00:00, Sys 0 00:00:00  -  Total Local Usage
	46639  -  Run Bytes Sent By Job
	19195  -  Run Bytes Received By Job
	46639  -  Total Bytes Sent By Job
	19195  -  Total Bytes Received By Job
	Partitionable Resources :    Usage  Request Allocated 
	   Cpus                 :                 1         1 
	   Disk (KB)            :  4241878       20    278865 
	   Memory (MB)          :      121     2000      2000 

	Job terminated of its own accord at 2021-06-02T14:55:34Z.
...
