000 (113242.000.000) 06/03 13:02:20 Job submitted from host: <188.185.121.235:9618?addrs=188.185.121.235-9618+[2001-1458-d00-49--100-36e]-9618&alias=bigbird22.cern.ch&noUDP&sock=schedd_38044_991d>
...
040 (113242.000.000) 06/03 13:20:54 Started transferring input files
	Transferring to host: <188.184.186.128:9618?addrs=188.184.186.128-9618+[2001-1458-301-f8--100-7f]-9618&alias=b7g28n0629.cern.ch&noUDP&sock=slot1_4_5415_1b75_30650>
...
040 (113242.000.000) 06/03 13:20:54 Finished transferring input files
...
001 (113242.000.000) 06/03 13:20:54 Job executing on host: <188.184.186.128:9618?addrs=188.184.186.128-9618+[2001-1458-301-f8--100-7f]-9618&alias=b7g28n0629.cern.ch&noUDP&sock=startd_4253_c860>
...
006 (113242.000.000) 06/03 13:21:03 Image size of job updated: 5056
	5  -  MemoryUsage of job (MB)
	5056  -  ResidentSetSize of job (KB)
...
006 (113242.000.000) 06/03 13:26:04 Image size of job updated: 790824
	66  -  MemoryUsage of job (MB)
	67496  -  ResidentSetSize of job (KB)
...
040 (113242.000.000) 06/03 14:12:54 Started transferring output files
...
040 (113242.000.000) 06/03 14:12:54 Finished transferring output files
...
005 (113242.000.000) 06/03 14:12:54 Job terminated.
	(1) Normal termination (return value 0)
		Usr 0 00:00:59, Sys 0 00:00:10  -  Run Remote Usage
		Usr 0 00:00:00, Sys 0 00:00:00  -  Run Local Usage
		Usr 0 00:00:59, Sys 0 00:00:10  -  Total Remote Usage
		Usr 0 00:00:00, Sys 0 00:00:00  -  Total Local Usage
	42224  -  Run Bytes Sent By Job
	19004  -  Run Bytes Received By Job
	42224  -  Total Bytes Sent By Job
	19004  -  Total Bytes Received By Job
	Partitionable Resources :      Usage  Request Allocated 
	   Cpus                 :       0.01        1         1 
	   Disk (KB)            : 1954268          20    208218 
	   Memory (MB)          :      66        2000      2000 

	Job terminated of its own accord at 2021-06-03T12:12:54Z.
...
000 (116874.000.000) 06/04 09:08:31 Job submitted from host: <188.185.121.235:9618?addrs=188.185.121.235-9618+[2001-1458-d00-49--100-36e]-9618&alias=bigbird22.cern.ch&noUDP&sock=schedd_38044_991d>
...
040 (116874.000.000) 06/04 09:41:41 Started transferring input files
	Transferring to host: <188.184.213.56:9618?addrs=188.184.213.56-9618+[2001-1458-301-10c--100-13a]-9618&alias=b7g24n0554.cern.ch&noUDP&sock=slot1_10_3041_68d5_35212>
...
040 (116874.000.000) 06/04 09:41:41 Finished transferring input files
...
001 (116874.000.000) 06/04 09:41:41 Job executing on host: <188.184.213.56:9618?addrs=188.184.213.56-9618+[2001-1458-301-10c--100-13a]-9618&alias=b7g24n0554.cern.ch&noUDP&sock=startd_2546_ec36>
...
006 (116874.000.000) 06/04 09:41:50 Image size of job updated: 36488
	36  -  MemoryUsage of job (MB)
	36488  -  ResidentSetSize of job (KB)
...
006 (116874.000.000) 06/04 09:46:51 Image size of job updated: 790820
	66  -  MemoryUsage of job (MB)
	67496  -  ResidentSetSize of job (KB)
...
040 (116874.000.000) 06/04 09:50:13 Started transferring output files
...
040 (116874.000.000) 06/04 09:50:13 Finished transferring output files
...
005 (116874.000.000) 06/04 09:50:13 Job terminated.
	(1) Normal termination (return value 0)
		Usr 0 00:01:31, Sys 0 00:00:12  -  Run Remote Usage
		Usr 0 00:00:00, Sys 0 00:00:00  -  Run Local Usage
		Usr 0 00:01:31, Sys 0 00:00:12  -  Total Remote Usage
		Usr 0 00:00:00, Sys 0 00:00:00  -  Total Local Usage
	49679  -  Run Bytes Sent By Job
	19004  -  Run Bytes Received By Job
	49679  -  Total Bytes Sent By Job
	19004  -  Total Bytes Received By Job
	Partitionable Resources :    Usage  Request Allocated 
	   Cpus                 :                 1         1 
	   Disk (KB)            :  2761289       20    289774 
	   Memory (MB)          :       66     2000      2000 

	Job terminated of its own accord at 2021-06-04T07:50:13Z.
...
000 (124219.000.000) 06/08 10:55:14 Job submitted from host: <188.185.121.235:9618?addrs=188.185.121.235-9618+[2001-1458-d00-49--100-36e]-9618&alias=bigbird22.cern.ch&noUDP&sock=schedd_38044_991d>
...
040 (124219.000.000) 06/08 12:01:49 Started transferring input files
	Transferring to host: <128.142.82.78:9618?addrs=128.142.82.78-9618+[2001-1458-301-f5--100-4fe]-9618&alias=b7s13n3908.cern.ch&noUDP&sock=slot1_9_5500_ff59_46297>
...
001 (124219.000.000) 06/08 12:01:49 Job executing on host: <128.142.82.78:9618?addrs=128.142.82.78-9618+[2001-1458-301-f5--100-4fe]-9618&alias=b7s13n3908.cern.ch&noUDP&sock=startd_4357_1e3a>
...
040 (124219.000.000) 06/08 12:01:49 Finished transferring input files
...
006 (124219.000.000) 06/08 12:01:57 Image size of job updated: 625444
	32  -  MemoryUsage of job (MB)
	32584  -  ResidentSetSize of job (KB)
...
006 (124219.000.000) 06/08 12:06:57 Image size of job updated: 791440
	67  -  MemoryUsage of job (MB)
	67776  -  ResidentSetSize of job (KB)
...
006 (124219.000.000) 06/08 12:26:59 Image size of job updated: 791440
	79  -  MemoryUsage of job (MB)
	80756  -  ResidentSetSize of job (KB)
...
006 (124219.000.000) 06/08 12:28:06 Image size of job updated: 791440
	81  -  MemoryUsage of job (MB)
	82820  -  ResidentSetSize of job (KB)
...
040 (124219.000.000) 06/08 12:28:06 Started transferring output files
...
040 (124219.000.000) 06/08 12:28:07 Finished transferring output files
...
005 (124219.000.000) 06/08 12:28:08 Job terminated.
	(1) Normal termination (return value 0)
		Usr 0 00:01:08, Sys 0 00:00:13  -  Run Remote Usage
		Usr 0 00:00:00, Sys 0 00:00:00  -  Run Local Usage
		Usr 0 00:01:08, Sys 0 00:00:13  -  Total Remote Usage
		Usr 0 00:00:00, Sys 0 00:00:00  -  Total Local Usage
	51034  -  Run Bytes Sent By Job
	19004  -  Run Bytes Received By Job
	51034  -  Total Bytes Sent By Job
	19004  -  Total Bytes Received By Job
	Partitionable Resources :      Usage  Request Allocated 
	   Cpus                 :       0.02        1         1 
	   Disk (KB)            : 2761299          20    288079 
	   Memory (MB)          :      81        2000      2000 

	Job terminated of its own accord at 2021-06-08T10:28:06Z.
...
