000 (148417.000.000) 06/16 08:48:19 Job submitted from host: <188.185.121.235:9618?addrs=188.185.121.235-9618+[2001-1458-d00-49--100-36e]-9618&alias=bigbird22.cern.ch&noUDP&sock=schedd_38044_991d>
...
040 (148417.000.000) 06/16 09:27:02 Started transferring input files
	Transferring to host: <188.184.204.235:9618?addrs=188.184.204.235-9618+[2001-1458-301-7d--100-ef]-9618&alias=b7g27n0235.cern.ch&noUDP&sock=slot1_7_1758_6b81_90682>
...
001 (148417.000.000) 06/16 09:27:03 Job executing on host: <188.184.204.235:9618?addrs=188.184.204.235-9618+[2001-1458-301-7d--100-ef]-9618&alias=b7g27n0235.cern.ch&noUDP&sock=startd_2388_8c3f>
...
040 (148417.000.000) 06/16 09:27:03 Finished transferring input files
...
006 (148417.000.000) 06/16 09:27:12 Image size of job updated: 396052
	41  -  MemoryUsage of job (MB)
	41028  -  ResidentSetSize of job (KB)
...
006 (148417.000.000) 06/16 09:32:13 Image size of job updated: 791428
	67  -  MemoryUsage of job (MB)
	67768  -  ResidentSetSize of job (KB)
...
040 (148417.000.000) 06/16 09:33:21 Started transferring output files
...
040 (148417.000.000) 06/16 09:33:21 Finished transferring output files
...
005 (148417.000.000) 06/16 09:33:21 Job terminated.
	(1) Normal termination (return value 0)
		Usr 0 00:00:51, Sys 0 00:00:12  -  Run Remote Usage
		Usr 0 00:00:00, Sys 0 00:00:00  -  Run Local Usage
		Usr 0 00:00:51, Sys 0 00:00:12  -  Total Remote Usage
		Usr 0 00:00:00, Sys 0 00:00:00  -  Total Local Usage
	39140  -  Run Bytes Sent By Job
	19004  -  Run Bytes Received By Job
	39140  -  Total Bytes Sent By Job
	19004  -  Total Bytes Received By Job
	Partitionable Resources :      Usage  Request Allocated 
	   Cpus                 :       0.07        1         1 
	   Disk (KB)            : 2368097          20    212028 
	   Memory (MB)          :      67        2000      2000 

	Job terminated of its own accord at 2021-06-16T07:33:21Z.
...
