000 (148333.000.000) 06/16 08:47:09 Job submitted from host: <188.185.121.235:9618?addrs=188.185.121.235-9618+[2001-1458-d00-49--100-36e]-9618&alias=bigbird22.cern.ch&noUDP&sock=schedd_38044_991d>
...
040 (148333.000.000) 06/16 09:06:46 Started transferring input files
	Transferring to host: <128.142.85.1:9618?addrs=128.142.85.1-9618+[2001-1458-301-f6--100-13b]-9618&alias=b7s14n6965.cern.ch&noUDP&sock=slot1_14_4355_3dca_56511>
...
001 (148333.000.000) 06/16 09:06:46 Job executing on host: <128.142.85.1:9618?addrs=128.142.85.1-9618+[2001-1458-301-f6--100-13b]-9618&alias=b7s14n6965.cern.ch&noUDP&sock=startd_3405_2011>
...
040 (148333.000.000) 06/16 09:06:46 Finished transferring input files
...
006 (148333.000.000) 06/16 09:06:55 Image size of job updated: 396052
	9  -  MemoryUsage of job (MB)
	8880  -  ResidentSetSize of job (KB)
...
006 (148333.000.000) 06/16 09:11:56 Image size of job updated: 791452
	67  -  MemoryUsage of job (MB)
	67772  -  ResidentSetSize of job (KB)
...
040 (148333.000.000) 06/16 10:25:38 Started transferring output files
...
040 (148333.000.000) 06/16 10:25:38 Finished transferring output files
...
005 (148333.000.000) 06/16 10:25:38 Job terminated.
	(1) Normal termination (return value 0)
		Usr 0 00:00:46, Sys 0 00:00:13  -  Run Remote Usage
		Usr 0 00:00:00, Sys 0 00:00:00  -  Run Local Usage
		Usr 0 00:00:46, Sys 0 00:00:13  -  Total Remote Usage
		Usr 0 00:00:00, Sys 0 00:00:00  -  Total Local Usage
	46687  -  Run Bytes Sent By Job
	19004  -  Run Bytes Received By Job
	46687  -  Total Bytes Sent By Job
	19004  -  Total Bytes Received By Job
	Partitionable Resources :      Usage  Request Allocated 
	   Cpus                 :       0.00        1         1 
	   Disk (KB)            : 2367953          20    273621 
	   Memory (MB)          :      67        2000      2000 

	Job terminated of its own accord at 2021-06-16T08:25:38Z.
...
