000 (108533.000.000) 06/02 16:32:02 Job submitted from host: <188.185.121.235:9618?addrs=188.185.121.235-9618+[2001-1458-d00-49--100-36e]-9618&alias=bigbird22.cern.ch&noUDP&sock=schedd_38044_991d>
...
040 (108533.000.000) 06/02 16:37:03 Started transferring input files
	Transferring to host: <128.142.69.81:9618?addrs=128.142.69.81-9618+[2001-1458-301-52--100-225]-9618&alias=b7s10n0873.cern.ch&noUDP&sock=slot1_12_1054_6364_104723>
...
040 (108533.000.000) 06/02 16:37:03 Finished transferring input files
...
001 (108533.000.000) 06/02 16:37:03 Job executing on host: <128.142.69.81:9618?addrs=128.142.69.81-9618+[2001-1458-301-52--100-225]-9618&alias=b7s10n0873.cern.ch&noUDP&sock=startd_2185_4e86>
...
006 (108533.000.000) 06/02 16:37:12 Image size of job updated: 790744
	39  -  MemoryUsage of job (MB)
	39000  -  ResidentSetSize of job (KB)
...
006 (108533.000.000) 06/02 16:38:15 Image size of job updated: 790816
	39  -  MemoryUsage of job (MB)
	39040  -  ResidentSetSize of job (KB)
...
040 (108533.000.000) 06/02 16:38:15 Started transferring output files
...
040 (108533.000.000) 06/02 16:38:15 Finished transferring output files
...
005 (108533.000.000) 06/02 16:38:16 Job terminated.
	(1) Normal termination (return value 0)
		Usr 0 00:00:12, Sys 0 00:00:04  -  Run Remote Usage
		Usr 0 00:00:00, Sys 0 00:00:00  -  Run Local Usage
		Usr 0 00:00:12, Sys 0 00:00:04  -  Total Remote Usage
		Usr 0 00:00:00, Sys 0 00:00:00  -  Total Local Usage
	21082  -  Run Bytes Sent By Job
	19195  -  Run Bytes Received By Job
	21082  -  Total Bytes Sent By Job
	19195  -  Total Bytes Received By Job
	Partitionable Resources :    Usage  Request Allocated 
	   Cpus                 :                 1         1 
	   Disk (KB)            :   743365       20    281711 
	   Memory (MB)          :       39     2000      2000 

	Job terminated of its own accord at 2021-06-02T14:38:15Z.
...
