000 (148801.000.000) 06/16 08:57:24 Job submitted from host: <188.185.121.235:9618?addrs=188.185.121.235-9618+[2001-1458-d00-49--100-36e]-9618&alias=bigbird22.cern.ch&noUDP&sock=schedd_38044_991d>
...
040 (148801.000.000) 06/16 09:55:24 Started transferring input files
	Transferring to host: <188.184.205.128:9618?addrs=188.184.205.128-9618+[2001-1458-301-7d--100-169]-9618&alias=b7g27n0105.cern.ch&noUDP&sock=slot1_3_13053_c4ec_97709>
...
001 (148801.000.000) 06/16 09:55:24 Job executing on host: <188.184.205.128:9618?addrs=188.184.205.128-9618+[2001-1458-301-7d--100-169]-9618&alias=b7g27n0105.cern.ch&noUDP&sock=startd_2324_a630>
...
040 (148801.000.000) 06/16 09:55:24 Finished transferring input files
...
006 (148801.000.000) 06/16 09:55:32 Image size of job updated: 7520
	7  -  MemoryUsage of job (MB)
	7060  -  ResidentSetSize of job (KB)
...
006 (148801.000.000) 06/16 10:00:32 Image size of job updated: 791456
	37  -  MemoryUsage of job (MB)
	37780  -  ResidentSetSize of job (KB)
...
006 (148801.000.000) 06/16 10:05:33 Image size of job updated: 791456
	67  -  MemoryUsage of job (MB)
	67768  -  ResidentSetSize of job (KB)
...
040 (148801.000.000) 06/16 12:18:50 Started transferring output files
...
040 (148801.000.000) 06/16 12:18:50 Finished transferring output files
...
005 (148801.000.000) 06/16 12:18:50 Job terminated.
	(1) Normal termination (return value 0)
		Usr 0 00:01:09, Sys 0 00:00:13  -  Run Remote Usage
		Usr 0 00:00:00, Sys 0 00:00:00  -  Run Local Usage
		Usr 0 00:01:09, Sys 0 00:00:13  -  Total Remote Usage
		Usr 0 00:00:00, Sys 0 00:00:00  -  Total Local Usage
	46635  -  Run Bytes Sent By Job
	19004  -  Run Bytes Received By Job
	46635  -  Total Bytes Sent By Job
	19004  -  Total Bytes Received By Job
	Partitionable Resources :      Usage  Request Allocated 
	   Cpus                 :       0.00        1         1 
	   Disk (KB)            : 2365761          20    213892 
	   Memory (MB)          :      67        2000      2000 

	Job terminated of its own accord at 2021-06-16T10:18:50Z.
...
