000 (108690.000.000) 06/02 16:35:56 Job submitted from host: <188.185.121.235:9618?addrs=188.185.121.235-9618+[2001-1458-d00-49--100-36e]-9618&alias=bigbird22.cern.ch&noUDP&sock=schedd_38044_991d>
...
040 (108690.000.000) 06/02 16:45:53 Started transferring input files
	Transferring to host: <128.142.77.107:9618?addrs=128.142.77.107-9618+[2001-1458-301-f4--100-27e]-9618&alias=b7s12n3833.cern.ch&noUDP&sock=slot1_15_5844_6067_29141>
...
040 (108690.000.000) 06/02 16:45:53 Finished transferring input files
...
001 (108690.000.000) 06/02 16:45:53 Job executing on host: <128.142.77.107:9618?addrs=128.142.77.107-9618+[2001-1458-301-f4--100-27e]-9618&alias=b7s12n3833.cern.ch&noUDP&sock=startd_4585_81d2>
...
006 (108690.000.000) 06/02 16:46:02 Image size of job updated: 15424
	16  -  MemoryUsage of job (MB)
	15424  -  ResidentSetSize of job (KB)
...
006 (108690.000.000) 06/02 16:51:03 Image size of job updated: 790820
	66  -  MemoryUsage of job (MB)
	67500  -  ResidentSetSize of job (KB)
...
040 (108690.000.000) 06/02 16:54:35 Started transferring output files
...
040 (108690.000.000) 06/02 16:54:35 Finished transferring output files
...
005 (108690.000.000) 06/02 16:54:35 Job terminated.
	(1) Normal termination (return value 0)
		Usr 0 00:00:14, Sys 0 00:00:03  -  Run Remote Usage
		Usr 0 00:00:00, Sys 0 00:00:00  -  Run Local Usage
		Usr 0 00:00:14, Sys 0 00:00:03  -  Total Remote Usage
		Usr 0 00:00:00, Sys 0 00:00:00  -  Total Local Usage
	23661  -  Run Bytes Sent By Job
	19195  -  Run Bytes Received By Job
	23661  -  Total Bytes Sent By Job
	19195  -  Total Bytes Received By Job
	Partitionable Resources :     Usage  Request Allocated 
	   Cpus                 :      0.01        1         1 
	   Disk (KB)            : 743564          20    278525 
	   Memory (MB)          :     66        2000      2000 

	Job terminated of its own accord at 2021-06-02T14:54:35Z.
...
