000 (147131.000.000) 06/16 08:22:10 Job submitted from host: <188.185.121.235:9618?addrs=188.185.121.235-9618+[2001-1458-d00-49--100-36e]-9618&alias=bigbird22.cern.ch&noUDP&sock=schedd_38044_991d>
...
040 (147131.000.000) 06/16 08:46:57 Started transferring input files
	Transferring to host: <128.142.161.89:9618?addrs=128.142.161.89-9618&alias=b7g03p4898.cern.ch&noUDP&sock=slot1_53_3720_d390_53841>
...
001 (147131.000.000) 06/16 08:46:57 Job executing on host: <128.142.161.89:9618?addrs=128.142.161.89-9618&alias=b7g03p4898.cern.ch&noUDP&sock=startd_2969_10c6>
...
040 (147131.000.000) 06/16 08:46:57 Finished transferring input files
...
006 (147131.000.000) 06/16 08:47:06 Image size of job updated: 396052
	6  -  MemoryUsage of job (MB)
	5668  -  ResidentSetSize of job (KB)
...
006 (147131.000.000) 06/16 08:50:19 Image size of job updated: 791448
	6  -  MemoryUsage of job (MB)
	5668  -  ResidentSetSize of job (KB)
...
040 (147131.000.000) 06/16 08:50:19 Started transferring output files
...
040 (147131.000.000) 06/16 08:50:21 Finished transferring output files
...
005 (147131.000.000) 06/16 08:50:25 Job terminated.
	(1) Normal termination (return value 0)
		Usr 0 00:00:10, Sys 0 00:00:03  -  Run Remote Usage
		Usr 0 00:00:00, Sys 0 00:00:00  -  Run Local Usage
		Usr 0 00:00:10, Sys 0 00:00:03  -  Total Remote Usage
		Usr 0 00:00:00, Sys 0 00:00:00  -  Total Local Usage
	24205  -  Run Bytes Sent By Job
	19004  -  Run Bytes Received By Job
	24205  -  Total Bytes Sent By Job
	19004  -  Total Bytes Received By Job
	Partitionable Resources :    Usage  Request Allocated 
	   Cpus                 :                 1         1 
	   Disk (KB)            :   466072       20   1449119 
	   Memory (MB)          :        6     2000      2000 

	Job terminated of its own accord at 2021-06-16T06:50:19Z.
...
