000 (108595.000.000) 06/02 16:33:28 Job submitted from host: <188.185.121.235:9618?addrs=188.185.121.235-9618+[2001-1458-d00-49--100-36e]-9618&alias=bigbird22.cern.ch&noUDP&sock=schedd_38044_991d>
...
040 (108595.000.000) 06/02 16:38:11 Started transferring input files
	Transferring to host: <128.142.77.91:9618?addrs=128.142.77.91-9618+[2001-1458-301-f4--100-2b4]-9618&alias=b7s12n2534.cern.ch&noUDP&sock=slot1_14_16571_84bb_82999>
...
040 (108595.000.000) 06/02 16:38:11 Finished transferring input files
...
001 (108595.000.000) 06/02 16:38:11 Job executing on host: <128.142.77.91:9618?addrs=128.142.77.91-9618+[2001-1458-301-f4--100-2b4]-9618&alias=b7s12n2534.cern.ch&noUDP&sock=startd_16635_ce09>
...
006 (108595.000.000) 06/02 16:38:20 Image size of job updated: 790744
	41  -  MemoryUsage of job (MB)
	41060  -  ResidentSetSize of job (KB)
...
006 (108595.000.000) 06/02 16:43:21 Image size of job updated: 790816
	66  -  MemoryUsage of job (MB)
	67500  -  ResidentSetSize of job (KB)
...
040 (108595.000.000) 06/02 16:46:04 Started transferring output files
...
040 (108595.000.000) 06/02 16:46:04 Finished transferring output files
...
005 (108595.000.000) 06/02 16:46:04 Job terminated.
	(1) Normal termination (return value 0)
		Usr 0 00:00:11, Sys 0 00:00:03  -  Run Remote Usage
		Usr 0 00:00:00, Sys 0 00:00:00  -  Run Local Usage
		Usr 0 00:00:11, Sys 0 00:00:03  -  Total Remote Usage
		Usr 0 00:00:00, Sys 0 00:00:00  -  Total Local Usage
	23124  -  Run Bytes Sent By Job
	19195  -  Run Bytes Received By Job
	23124  -  Total Bytes Sent By Job
	19195  -  Total Bytes Received By Job
	Partitionable Resources :    Usage  Request Allocated 
	   Cpus                 :                 1         1 
	   Disk (KB)            :   743688       20    286409 
	   Memory (MB)          :       66     2000      2000 

	Job terminated of its own accord at 2021-06-02T14:46:04Z.
...
