000 (147397.000.000) 06/16 08:27:37 Job submitted from host: <188.185.121.235:9618?addrs=188.185.121.235-9618+[2001-1458-d00-49--100-36e]-9618&alias=bigbird22.cern.ch&noUDP&sock=schedd_38044_991d>
...
040 (147397.000.000) 06/16 08:52:46 Started transferring input files
	Transferring to host: <128.142.82.4:9618?addrs=128.142.82.4-9618+[2001-1458-301-f5--100-645]-9618&alias=b7s13n1790.cern.ch&noUDP&sock=slot1_6_4010_285c_49231>
...
001 (147397.000.000) 06/16 08:52:46 Job executing on host: <128.142.82.4:9618?addrs=128.142.82.4-9618+[2001-1458-301-f5--100-645]-9618&alias=b7s13n1790.cern.ch&noUDP&sock=startd_3353_7524>
...
040 (147397.000.000) 06/16 08:52:46 Finished transferring input files
...
006 (147397.000.000) 06/16 08:52:54 Image size of job updated: 396052
	36  -  MemoryUsage of job (MB)
	36036  -  ResidentSetSize of job (KB)
...
006 (147397.000.000) 06/16 08:57:54 Image size of job updated: 791428
	67  -  MemoryUsage of job (MB)
	67780  -  ResidentSetSize of job (KB)
...
006 (147397.000.000) 06/16 09:12:55 Image size of job updated: 791428
	119  -  MemoryUsage of job (MB)
	121024  -  ResidentSetSize of job (KB)
...
040 (147397.000.000) 06/16 09:14:06 Started transferring output files
...
040 (147397.000.000) 06/16 09:14:06 Finished transferring output files
...
005 (147397.000.000) 06/16 09:14:06 Job terminated.
	(1) Normal termination (return value 0)
		Usr 0 00:01:26, Sys 0 00:00:21  -  Run Remote Usage
		Usr 0 00:00:00, Sys 0 00:00:00  -  Run Local Usage
		Usr 0 00:01:26, Sys 0 00:00:21  -  Total Remote Usage
		Usr 0 00:00:00, Sys 0 00:00:00  -  Total Local Usage
	46686  -  Run Bytes Sent By Job
	19004  -  Run Bytes Received By Job
	46686  -  Total Bytes Sent By Job
	19004  -  Total Bytes Received By Job
	Partitionable Resources :      Usage  Request Allocated 
	   Cpus                 :       0.01        1         1 
	   Disk (KB)            : 3074337          20    195879 
	   Memory (MB)          :     119        2000      2000 

	Job terminated of its own accord at 2021-06-16T07:14:05Z.
...
