000 (146670.000.000) 06/16 08:12:56 Job submitted from host: <188.185.121.235:9618?addrs=188.185.121.235-9618+[2001-1458-d00-49--100-36e]-9618&alias=bigbird22.cern.ch&noUDP&sock=schedd_38044_991d>
...
040 (146670.000.000) 06/16 08:34:55 Started transferring input files
	Transferring to host: <128.142.85.26:9618?addrs=128.142.85.26-9618+[2001-1458-301-f6--100-6de]-9618&alias=b7s14n6571.cern.ch&noUDP&sock=slot1_10_5896_03e9_49373>
...
001 (146670.000.000) 06/16 08:34:55 Job executing on host: <128.142.85.26:9618?addrs=128.142.85.26-9618+[2001-1458-301-f6--100-6de]-9618&alias=b7s14n6571.cern.ch&noUDP&sock=startd_4672_2e8f>
...
040 (146670.000.000) 06/16 08:34:55 Finished transferring input files
...
006 (146670.000.000) 06/16 08:35:04 Image size of job updated: 766796
	40  -  MemoryUsage of job (MB)
	40104  -  ResidentSetSize of job (KB)
...
006 (146670.000.000) 06/16 08:36:49 Image size of job updated: 791456
	40  -  MemoryUsage of job (MB)
	40144  -  ResidentSetSize of job (KB)
...
040 (146670.000.000) 06/16 08:36:50 Started transferring output files
...
040 (146670.000.000) 06/16 08:36:51 Finished transferring output files
...
005 (146670.000.000) 06/16 08:36:54 Job terminated.
	(1) Normal termination (return value 0)
		Usr 0 00:00:07, Sys 0 00:00:02  -  Run Remote Usage
		Usr 0 00:00:00, Sys 0 00:00:00  -  Run Local Usage
		Usr 0 00:00:07, Sys 0 00:00:02  -  Total Remote Usage
		Usr 0 00:00:00, Sys 0 00:00:00  -  Total Local Usage
	24642  -  Run Bytes Sent By Job
	19004  -  Run Bytes Received By Job
	24642  -  Total Bytes Sent By Job
	19004  -  Total Bytes Received By Job
	Partitionable Resources :     Usage  Request Allocated 
	   Cpus                 :      0.04        1         1 
	   Disk (KB)            : 466089          20    284478 
	   Memory (MB)          :     40        2000      2000 

	Job terminated of its own accord at 2021-06-16T06:36:49Z.
...
