000 (112311.000.000) 06/03 12:46:58 Job submitted from host: <188.185.121.235:9618?addrs=188.185.121.235-9618+[2001-1458-d00-49--100-36e]-9618&alias=bigbird22.cern.ch&noUDP&sock=schedd_38044_991d>
...
040 (112311.000.000) 06/03 13:14:57 Started transferring input files
	Transferring to host: <188.184.132.31:9618?addrs=188.184.132.31-9618+[2001-1458-301-a0--100-3d]-9618&alias=b7g28n0565.cern.ch&noUDP&sock=slot1_5_4464_0aaf_29422>
...
001 (112311.000.000) 06/03 13:14:57 Job executing on host: <188.184.132.31:9618?addrs=188.184.132.31-9618+[2001-1458-301-a0--100-3d]-9618&alias=b7g28n0565.cern.ch&noUDP&sock=startd_3726_4df7>
...
040 (112311.000.000) 06/03 13:14:57 Finished transferring input files
...
006 (112311.000.000) 06/03 13:15:06 Image size of job updated: 6228
	6  -  MemoryUsage of job (MB)
	5848  -  ResidentSetSize of job (KB)
...
006 (112311.000.000) 06/03 13:20:06 Image size of job updated: 790816
	66  -  MemoryUsage of job (MB)
	67492  -  ResidentSetSize of job (KB)
...
040 (112311.000.000) 06/03 14:41:29 Started transferring output files
...
040 (112311.000.000) 06/03 14:41:29 Finished transferring output files
...
005 (112311.000.000) 06/03 14:41:30 Job terminated.
	(1) Normal termination (return value 0)
		Usr 0 00:02:08, Sys 0 00:00:32  -  Run Remote Usage
		Usr 0 00:00:00, Sys 0 00:00:00  -  Run Local Usage
		Usr 0 00:02:08, Sys 0 00:00:32  -  Total Remote Usage
		Usr 0 00:00:00, Sys 0 00:00:00  -  Total Local Usage
	67080  -  Run Bytes Sent By Job
	19004  -  Run Bytes Received By Job
	67080  -  Total Bytes Sent By Job
	19004  -  Total Bytes Received By Job
	Partitionable Resources :      Usage  Request Allocated 
	   Cpus                 :       0.96        1         1 
	   Disk (KB)            : 4239279          20    205063 
	   Memory (MB)          :      66        2000      2000 

	Job terminated of its own accord at 2021-06-03T12:41:29Z.
...
000 (115917.000.000) 06/04 08:55:44 Job submitted from host: <188.185.121.235:9618?addrs=188.185.121.235-9618+[2001-1458-d00-49--100-36e]-9618&alias=bigbird22.cern.ch&noUDP&sock=schedd_38044_991d>
...
040 (115917.000.000) 06/04 09:00:08 Started transferring input files
	Transferring to host: <128.142.79.130:9618?addrs=128.142.79.130-9618+[2001-1458-301-f4--100-2ae]-9618&alias=b7s12n9851.cern.ch&noUDP&sock=slot1_16_5364_2c53_41232>
...
040 (115917.000.000) 06/04 09:00:08 Finished transferring input files
...
001 (115917.000.000) 06/04 09:00:08 Job executing on host: <128.142.79.130:9618?addrs=128.142.79.130-9618+[2001-1458-301-f4--100-2ae]-9618&alias=b7s12n9851.cern.ch&noUDP&sock=startd_4317_ae70>
...
006 (115917.000.000) 06/04 09:00:17 Image size of job updated: 766156
	32  -  MemoryUsage of job (MB)
	32236  -  ResidentSetSize of job (KB)
...
006 (115917.000.000) 06/04 09:05:18 Image size of job updated: 790820
	66  -  MemoryUsage of job (MB)
	67504  -  ResidentSetSize of job (KB)
...
006 (115917.000.000) 06/04 10:40:28 Image size of job updated: 790820
	120  -  MemoryUsage of job (MB)
	122568  -  ResidentSetSize of job (KB)
...
040 (115917.000.000) 06/04 10:40:57 Started transferring output files
...
040 (115917.000.000) 06/04 10:40:57 Finished transferring output files
...
005 (115917.000.000) 06/04 10:40:58 Job terminated.
	(1) Normal termination (return value 0)
		Usr 0 00:01:42, Sys 0 00:00:23  -  Run Remote Usage
		Usr 0 00:00:00, Sys 0 00:00:00  -  Run Local Usage
		Usr 0 00:01:42, Sys 0 00:00:23  -  Total Remote Usage
		Usr 0 00:00:00, Sys 0 00:00:00  -  Total Local Usage
	61312  -  Run Bytes Sent By Job
	19004  -  Run Bytes Received By Job
	61312  -  Total Bytes Sent By Job
	19004  -  Total Bytes Received By Job
	Partitionable Resources :      Usage  Request Allocated 
	   Cpus                 :       0.01        1         1 
	   Disk (KB)            : 3709317          20    277041 
	   Memory (MB)          :     120        2000      2000 

	Job terminated of its own accord at 2021-06-04T08:40:57Z.
...
000 (123271.000.000) 06/08 10:40:50 Job submitted from host: <188.185.121.235:9618?addrs=188.185.121.235-9618+[2001-1458-d00-49--100-36e]-9618&alias=bigbird22.cern.ch&noUDP&sock=schedd_38044_991d>
...
040 (123271.000.000) 06/08 11:16:17 Entered queue to transfer input files
	Transferring to host: <188.184.196.204:9618?addrs=188.184.196.204-9618+[2001-1458-301-102--100-1de]-9618&alias=b7g24n1814.cern.ch&noUDP&sock=slot1_8_16134_9cc9_33757>
...
040 (123271.000.000) 06/08 11:53:55 Started transferring input files
	Seconds spent in queue: 2258
...
040 (123271.000.000) 06/08 11:53:55 Finished transferring input files
...
001 (123271.000.000) 06/08 11:53:55 Job executing on host: <188.184.196.204:9618?addrs=188.184.196.204-9618+[2001-1458-301-102--100-1de]-9618&alias=b7g24n1814.cern.ch&noUDP&sock=startd_15988_0443>
...
006 (123271.000.000) 06/08 11:54:04 Image size of job updated: 387336
	3  -  MemoryUsage of job (MB)
	2148  -  ResidentSetSize of job (KB)
...
006 (123271.000.000) 06/08 11:59:05 Image size of job updated: 791452
	67  -  MemoryUsage of job (MB)
	67760  -  ResidentSetSize of job (KB)
...
006 (123271.000.000) 06/08 13:24:12 Image size of job updated: 791452
	120  -  MemoryUsage of job (MB)
	122568  -  ResidentSetSize of job (KB)
...
040 (123271.000.000) 06/08 13:25:51 Started transferring output files
	Seconds spent in queue: 7774
...
040 (123271.000.000) 06/08 13:25:51 Finished transferring output files
...
005 (123271.000.000) 06/08 13:25:51 Job terminated.
	(1) Normal termination (return value 0)
		Usr 0 00:02:35, Sys 0 00:00:25  -  Run Remote Usage
		Usr 0 00:00:00, Sys 0 00:00:00  -  Run Local Usage
		Usr 0 00:02:35, Sys 0 00:00:25  -  Total Remote Usage
		Usr 0 00:00:00, Sys 0 00:00:00  -  Total Local Usage
	61345  -  Run Bytes Sent By Job
	19004  -  Run Bytes Received By Job
	61345  -  Total Bytes Sent By Job
	19004  -  Total Bytes Received By Job
	Partitionable Resources :      Usage  Request Allocated 
	   Cpus                 :       1.00        1         1 
	   Disk (KB)            : 3709316          20    317649 
	   Memory (MB)          :     120        2000      2000 

	Job terminated of its own accord at 2021-06-08T11:25:51Z.
...
