000 (109249.000.000) 06/02 16:48:45 Job submitted from host: <188.185.121.235:9618?addrs=188.185.121.235-9618+[2001-1458-d00-49--100-36e]-9618&alias=bigbird22.cern.ch&noUDP&sock=schedd_38044_991d>
...
040 (109249.000.000) 06/02 18:28:58 Started transferring input files
	Transferring to host: <188.184.212.63:9618?addrs=188.184.212.63-9618+[2001-1458-301-10c--100-38]-9618&alias=b7g24n0118.cern.ch&noUDP&sock=slot1_7_11541_6dae_81351>
...
001 (109249.000.000) 06/02 18:28:58 Job executing on host: <188.184.212.63:9618?addrs=188.184.212.63-9618+[2001-1458-301-10c--100-38]-9618&alias=b7g24n0118.cern.ch&noUDP&sock=startd_20310_8c95>
...
040 (109249.000.000) 06/02 18:28:58 Finished transferring input files
...
006 (109249.000.000) 06/02 18:29:07 Image size of job updated: 36636
	36  -  MemoryUsage of job (MB)
	36636  -  ResidentSetSize of job (KB)
...
006 (109249.000.000) 06/02 18:31:29 Image size of job updated: 790796
	36  -  MemoryUsage of job (MB)
	36716  -  ResidentSetSize of job (KB)
...
040 (109249.000.000) 06/02 18:31:29 Started transferring output files
...
040 (109249.000.000) 06/02 18:31:29 Finished transferring output files
...
005 (109249.000.000) 06/02 18:31:30 Job terminated.
	(1) Normal termination (return value 0)
		Usr 0 00:00:39, Sys 0 00:00:09  -  Run Remote Usage
		Usr 0 00:00:00, Sys 0 00:00:00  -  Run Local Usage
		Usr 0 00:00:39, Sys 0 00:00:09  -  Total Remote Usage
		Usr 0 00:00:00, Sys 0 00:00:00  -  Total Local Usage
	29358  -  Run Bytes Sent By Job
	19195  -  Run Bytes Received By Job
	29358  -  Total Bytes Sent By Job
	19195  -  Total Bytes Received By Job
	Partitionable Resources :    Usage  Request Allocated 
	   Cpus                 :                 1         1 
	   Disk (KB)            :  1952579       20    277333 
	   Memory (MB)          :       36     2000      2000 

	Job terminated of its own accord at 2021-06-02T16:31:29Z.
...
