000 (113275.000.000) 06/03 13:02:44 Job submitted from host: <188.185.121.235:9618?addrs=188.185.121.235-9618+[2001-1458-d00-49--100-36e]-9618&alias=bigbird22.cern.ch&noUDP&sock=schedd_38044_991d>
...
040 (113275.000.000) 06/03 13:21:08 Started transferring input files
	Transferring to host: <188.184.139.111:9618?addrs=188.184.139.111-9618+[2001-1458-301-45--100-161]-9618&alias=b7g42n0631.cern.ch&noUDP&sock=slot1_12_3338_ac41_35184>
...
001 (113275.000.000) 06/03 13:21:08 Job executing on host: <188.184.139.111:9618?addrs=188.184.139.111-9618+[2001-1458-301-45--100-161]-9618&alias=b7g42n0631.cern.ch&noUDP&sock=startd_2898_5d8c>
...
040 (113275.000.000) 06/03 13:21:08 Finished transferring input files
...
006 (113275.000.000) 06/03 13:21:17 Image size of job updated: 3432
	4  -  MemoryUsage of job (MB)
	3432  -  ResidentSetSize of job (KB)
...
006 (113275.000.000) 06/03 13:26:18 Image size of job updated: 790824
	37  -  MemoryUsage of job (MB)
	37172  -  ResidentSetSize of job (KB)
...
006 (113275.000.000) 06/03 13:31:18 Image size of job updated: 790824
	40  -  MemoryUsage of job (MB)
	40412  -  ResidentSetSize of job (KB)
...
006 (113275.000.000) 06/03 13:36:18 Image size of job updated: 790824
	66  -  MemoryUsage of job (MB)
	67492  -  ResidentSetSize of job (KB)
...
040 (113275.000.000) 06/03 16:15:39 Started transferring output files
...
040 (113275.000.000) 06/03 16:15:39 Finished transferring output files
...
005 (113275.000.000) 06/03 16:15:39 Job terminated.
	(1) Normal termination (return value 0)
		Usr 0 00:01:01, Sys 0 00:00:15  -  Run Remote Usage
		Usr 0 00:00:00, Sys 0 00:00:00  -  Run Local Usage
		Usr 0 00:01:01, Sys 0 00:00:15  -  Total Remote Usage
		Usr 0 00:00:00, Sys 0 00:00:00  -  Total Local Usage
	42204  -  Run Bytes Sent By Job
	19004  -  Run Bytes Received By Job
	42204  -  Total Bytes Sent By Job
	19004  -  Total Bytes Received By Job
	Partitionable Resources :      Usage  Request Allocated 
	   Cpus                 :       0.00        1         1 
	   Disk (KB)            : 1952564          20    290465 
	   Memory (MB)          :      66        2000      2000 

	Job terminated of its own accord at 2021-06-03T14:15:39Z.
...
000 (116919.000.000) 06/04 09:09:02 Job submitted from host: <188.185.121.235:9618?addrs=188.185.121.235-9618+[2001-1458-d00-49--100-36e]-9618&alias=bigbird22.cern.ch&noUDP&sock=schedd_38044_991d>
...
040 (116919.000.000) 06/04 09:41:57 Started transferring input files
	Transferring to host: <188.184.139.210:9618?addrs=188.184.139.210-9618+[2001-1458-301-45--100-1ea]-9618&alias=b7g42n0752.cern.ch&noUDP&sock=slot1_9_5212_134d_42095>
...
001 (116919.000.000) 06/04 09:41:57 Job executing on host: <188.184.139.210:9618?addrs=188.184.139.210-9618+[2001-1458-301-45--100-1ea]-9618&alias=b7g42n0752.cern.ch&noUDP&sock=startd_3910_8364>
...
040 (116919.000.000) 06/04 09:41:57 Finished transferring input files
...
006 (116919.000.000) 06/04 09:42:05 Image size of job updated: 38384
	38  -  MemoryUsage of job (MB)
	38384  -  ResidentSetSize of job (KB)
...
006 (116919.000.000) 06/04 09:47:05 Image size of job updated: 790812
	66  -  MemoryUsage of job (MB)
	67504  -  ResidentSetSize of job (KB)
...
040 (116919.000.000) 06/04 09:49:58 Started transferring output files
...
040 (116919.000.000) 06/04 09:49:58 Finished transferring output files
...
005 (116919.000.000) 06/04 09:49:58 Job terminated.
	(1) Normal termination (return value 0)
		Usr 0 00:01:29, Sys 0 00:00:14  -  Run Remote Usage
		Usr 0 00:00:00, Sys 0 00:00:00  -  Run Local Usage
		Usr 0 00:01:29, Sys 0 00:00:14  -  Total Remote Usage
		Usr 0 00:00:00, Sys 0 00:00:00  -  Total Local Usage
	49512  -  Run Bytes Sent By Job
	19004  -  Run Bytes Received By Job
	49512  -  Total Bytes Sent By Job
	19004  -  Total Bytes Received By Job
	Partitionable Resources :    Usage  Request Allocated 
	   Cpus                 :                 1         1 
	   Disk (KB)            :  2758785       20    308224 
	   Memory (MB)          :       66     2000      2000 

	Job terminated of its own accord at 2021-06-04T07:49:58Z.
...
000 (124254.000.000) 06/08 10:55:43 Job submitted from host: <188.185.121.235:9618?addrs=188.185.121.235-9618+[2001-1458-d00-49--100-36e]-9618&alias=bigbird22.cern.ch&noUDP&sock=schedd_38044_991d>
...
040 (124254.000.000) 06/08 12:25:26 Started transferring input files
	Transferring to host: <128.142.75.63:9618?addrs=128.142.75.63-9618+[2001-1458-301-75--100-386]-9618&alias=b7s11n8671.cern.ch&noUDP&sock=slot1_9_5975_ad8c_39084>
...
001 (124254.000.000) 06/08 12:25:26 Job executing on host: <128.142.75.63:9618?addrs=128.142.75.63-9618+[2001-1458-301-75--100-386]-9618&alias=b7s11n8671.cern.ch&noUDP&sock=startd_4645_a980>
...
040 (124254.000.000) 06/08 12:25:26 Finished transferring input files
...
006 (124254.000.000) 06/08 12:25:34 Image size of job updated: 67776
	67  -  MemoryUsage of job (MB)
	67776  -  ResidentSetSize of job (KB)
...
006 (124254.000.000) 06/08 12:28:01 Image size of job updated: 791428
	67  -  MemoryUsage of job (MB)
	67776  -  ResidentSetSize of job (KB)
...
040 (124254.000.000) 06/08 12:28:01 Started transferring output files
...
040 (124254.000.000) 06/08 12:28:01 Finished transferring output files
...
005 (124254.000.000) 06/08 12:28:02 Job terminated.
	(1) Normal termination (return value 0)
		Usr 0 00:01:12, Sys 0 00:00:12  -  Run Remote Usage
		Usr 0 00:00:00, Sys 0 00:00:00  -  Run Local Usage
		Usr 0 00:01:12, Sys 0 00:00:12  -  Total Remote Usage
		Usr 0 00:00:00, Sys 0 00:00:00  -  Total Local Usage
	28050  -  Run Bytes Sent By Job
	19004  -  Run Bytes Received By Job
	28050  -  Total Bytes Sent By Job
	19004  -  Total Bytes Received By Job
	Partitionable Resources :    Usage  Request Allocated 
	   Cpus                 :                 1         1 
	   Disk (KB)            :  2758765       20    251574 
	   Memory (MB)          :       67     2000      2000 

	Job terminated of its own accord at 2021-06-08T10:28:01Z.
...
