000 (147505.000.000) 06/16 08:29:41 Job submitted from host: <188.185.121.235:9618?addrs=188.185.121.235-9618+[2001-1458-d00-49--100-36e]-9618&alias=bigbird22.cern.ch&noUDP&sock=schedd_38044_991d>
...
040 (147505.000.000) 06/16 08:55:18 Started transferring input files
	Transferring to host: <128.142.161.78:9618?addrs=128.142.161.78-9618+[2001-1458-301-b8--100-c]-9618&alias=b7g03p0752.cern.ch&noUDP&sock=slot1_7_32880_af32_118763>
...
040 (147505.000.000) 06/16 08:55:18 Finished transferring input files
...
001 (147505.000.000) 06/16 08:55:18 Job executing on host: <128.142.161.78:9618?addrs=128.142.161.78-9618+[2001-1458-301-b8--100-c]-9618&alias=b7g03p0752.cern.ch&noUDP&sock=startd_130928_4bdd>
...
006 (147505.000.000) 06/16 08:55:27 Image size of job updated: 625444
	14  -  MemoryUsage of job (MB)
	14220  -  ResidentSetSize of job (KB)
...
006 (147505.000.000) 06/16 09:00:27 Image size of job updated: 791452
	67  -  MemoryUsage of job (MB)
	67772  -  ResidentSetSize of job (KB)
...
006 (147505.000.000) 06/16 12:15:46 Image size of job updated: 791452
	90  -  MemoryUsage of job (MB)
	91496  -  ResidentSetSize of job (KB)
...
040 (147505.000.000) 06/16 12:17:44 Started transferring output files
...
040 (147505.000.000) 06/16 12:17:44 Finished transferring output files
...
005 (147505.000.000) 06/16 12:17:44 Job terminated.
	(1) Normal termination (return value 0)
		Usr 0 00:02:01, Sys 0 00:00:26  -  Run Remote Usage
		Usr 0 00:00:00, Sys 0 00:00:00  -  Run Local Usage
		Usr 0 00:02:01, Sys 0 00:00:26  -  Total Remote Usage
		Usr 0 00:00:00, Sys 0 00:00:00  -  Total Local Usage
	54261  -  Run Bytes Sent By Job
	19004  -  Run Bytes Received By Job
	54261  -  Total Bytes Sent By Job
	19004  -  Total Bytes Received By Job
	Partitionable Resources :      Usage  Request Allocated 
	   Cpus                 :       0.99        1         1 
	   Disk (KB)            : 3071134          20   1429158 
	   Memory (MB)          :      90        2000      2000 

	Job terminated of its own accord at 2021-06-16T10:17:43Z.
...
