000 (146831.000.000) 06/16 08:15:38 Job submitted from host: <188.185.121.235:9618?addrs=188.185.121.235-9618+[2001-1458-d00-49--100-36e]-9618&alias=bigbird22.cern.ch&noUDP&sock=schedd_38044_991d>
...
040 (146831.000.000) 06/16 08:41:44 Started transferring input files
	Transferring to host: <128.142.161.138:9618?addrs=128.142.161.138-9618&alias=b7g03p2631.cern.ch&noUDP&sock=slot1_19_3827_37b5_50034>
...
001 (146831.000.000) 06/16 08:41:44 Job executing on host: <128.142.161.138:9618?addrs=128.142.161.138-9618&alias=b7g03p2631.cern.ch&noUDP&sock=startd_3108_6870>
...
040 (146831.000.000) 06/16 08:41:44 Finished transferring input files
...
006 (146831.000.000) 06/16 08:41:53 Image size of job updated: 36248
	36  -  MemoryUsage of job (MB)
	36248  -  ResidentSetSize of job (KB)
...
006 (146831.000.000) 06/16 08:42:52 Image size of job updated: 791440
	36  -  MemoryUsage of job (MB)
	36256  -  ResidentSetSize of job (KB)
...
040 (146831.000.000) 06/16 08:42:52 Started transferring output files
...
040 (146831.000.000) 06/16 08:42:53 Finished transferring output files
...
005 (146831.000.000) 06/16 08:42:57 Job terminated.
	(1) Normal termination (return value 0)
		Usr 0 00:00:08, Sys 0 00:00:02  -  Run Remote Usage
		Usr 0 00:00:00, Sys 0 00:00:00  -  Run Local Usage
		Usr 0 00:00:08, Sys 0 00:00:02  -  Total Remote Usage
		Usr 0 00:00:00, Sys 0 00:00:00  -  Total Local Usage
	21235  -  Run Bytes Sent By Job
	19004  -  Run Bytes Received By Job
	21235  -  Total Bytes Sent By Job
	19004  -  Total Bytes Received By Job
	Partitionable Resources :    Usage  Request Allocated 
	   Cpus                 :                 1         1 
	   Disk (KB)            :   466020       20   1489576 
	   Memory (MB)          :       36     2000      2000 

	Job terminated of its own accord at 2021-06-16T06:42:52Z.
...
