000 (147682.000.000) 06/16 08:33:06 Job submitted from host: <188.185.121.235:9618?addrs=188.185.121.235-9618+[2001-1458-d00-49--100-36e]-9618&alias=bigbird22.cern.ch&noUDP&sock=schedd_38044_991d>
...
040 (147682.000.000) 06/16 08:56:30 Started transferring input files
	Transferring to host: <128.142.78.249:9618?addrs=128.142.78.249-9618+[2001-1458-301-f4--100-6cd]-9618&alias=b7s12n1502.cern.ch&noUDP&sock=slot1_14_4479_9c4f_42933>
...
040 (147682.000.000) 06/16 08:56:30 Finished transferring input files
...
001 (147682.000.000) 06/16 08:56:30 Job executing on host: <128.142.78.249:9618?addrs=128.142.78.249-9618+[2001-1458-301-f4--100-6cd]-9618&alias=b7s12n1502.cern.ch&noUDP&sock=startd_3674_a30a>
...
006 (147682.000.000) 06/16 08:56:39 Image size of job updated: 625444
	8  -  MemoryUsage of job (MB)
	7192  -  ResidentSetSize of job (KB)
...
006 (147682.000.000) 06/16 09:01:40 Image size of job updated: 791456
	67  -  MemoryUsage of job (MB)
	67776  -  ResidentSetSize of job (KB)
...
040 (147682.000.000) 06/16 12:09:46 Started transferring output files
...
040 (147682.000.000) 06/16 12:09:46 Finished transferring output files
...
005 (147682.000.000) 06/16 12:09:46 Job terminated.
	(1) Normal termination (return value 0)
		Usr 0 00:01:45, Sys 0 00:00:25  -  Run Remote Usage
		Usr 0 00:00:00, Sys 0 00:00:00  -  Run Local Usage
		Usr 0 00:01:45, Sys 0 00:00:25  -  Total Remote Usage
		Usr 0 00:00:00, Sys 0 00:00:00  -  Total Local Usage
	54583  -  Run Bytes Sent By Job
	19004  -  Run Bytes Received By Job
	54583  -  Total Bytes Sent By Job
	19004  -  Total Bytes Received By Job
	Partitionable Resources :      Usage  Request Allocated 
	   Cpus                 :       0.01        1         1 
	   Disk (KB)            : 3074689          20    263130 
	   Memory (MB)          :      67        2000      2000 

	Job terminated of its own accord at 2021-06-16T10:09:46Z.
...
