000 (109092.000.000) 06/02 16:44:43 Job submitted from host: <188.185.121.235:9618?addrs=188.185.121.235-9618+[2001-1458-d00-49--100-36e]-9618&alias=bigbird22.cern.ch&noUDP&sock=schedd_38044_991d>
...
040 (109092.000.000) 06/02 17:20:21 Started transferring input files
	Transferring to host: <188.184.190.9:9618?addrs=188.184.190.9-9618+[2001-1458-301-4b--100-f]-9618&alias=b7g42n0113.cern.ch&noUDP&sock=slot1_8_5893_e6c9_33415>
...
040 (109092.000.000) 06/02 17:20:21 Finished transferring input files
...
001 (109092.000.000) 06/02 17:20:21 Job executing on host: <188.184.190.9:9618?addrs=188.184.190.9-9618+[2001-1458-301-4b--100-f]-9618&alias=b7g42n0113.cern.ch&noUDP&sock=startd_4630_5f95>
...
006 (109092.000.000) 06/02 17:20:29 Image size of job updated: 395412
	11  -  MemoryUsage of job (MB)
	11096  -  ResidentSetSize of job (KB)
...
006 (109092.000.000) 06/02 17:25:29 Image size of job updated: 790824
	66  -  MemoryUsage of job (MB)
	67496  -  ResidentSetSize of job (KB)
...
040 (109092.000.000) 06/02 18:19:11 Started transferring output files
...
040 (109092.000.000) 06/02 18:19:11 Finished transferring output files
...
005 (109092.000.000) 06/02 18:19:11 Job terminated.
	(1) Normal termination (return value 0)
		Usr 0 00:00:57, Sys 0 00:00:10  -  Run Remote Usage
		Usr 0 00:00:00, Sys 0 00:00:00  -  Run Local Usage
		Usr 0 00:00:57, Sys 0 00:00:10  -  Total Remote Usage
		Usr 0 00:00:00, Sys 0 00:00:00  -  Total Local Usage
	41653  -  Run Bytes Sent By Job
	19195  -  Run Bytes Received By Job
	41653  -  Total Bytes Sent By Job
	19195  -  Total Bytes Received By Job
	Partitionable Resources :      Usage  Request Allocated 
	   Cpus                 :       0.01        1         1 
	   Disk (KB)            : 1952467          20    300599 
	   Memory (MB)          :      66        2000      2000 

	Job terminated of its own accord at 2021-06-02T16:19:11Z.
...
