000 (148418.000.000) 06/16 08:48:25 Job submitted from host: <188.185.121.235:9618?addrs=188.185.121.235-9618+[2001-1458-d00-49--100-36e]-9618&alias=bigbird22.cern.ch&noUDP&sock=schedd_38044_991d>
...
040 (148418.000.000) 06/16 09:27:04 Started transferring input files
	Transferring to host: <128.142.82.127:9618?addrs=128.142.82.127-9618+[2001-1458-301-f5--100-684]-9618&alias=b7s13n7111.cern.ch&noUDP&sock=slot1_10_21141_7f35_95920>
...
040 (148418.000.000) 06/16 09:27:04 Finished transferring input files
...
001 (148418.000.000) 06/16 09:27:04 Job executing on host: <128.142.82.127:9618?addrs=128.142.82.127-9618+[2001-1458-301-f5--100-684]-9618&alias=b7s13n7111.cern.ch&noUDP&sock=startd_16565_ca68>
...
006 (148418.000.000) 06/16 09:27:12 Image size of job updated: 625444
	13  -  MemoryUsage of job (MB)
	12916  -  ResidentSetSize of job (KB)
...
006 (148418.000.000) 06/16 09:32:12 Image size of job updated: 791452
	67  -  MemoryUsage of job (MB)
	67772  -  ResidentSetSize of job (KB)
...
040 (148418.000.000) 06/16 09:33:24 Started transferring output files
...
040 (148418.000.000) 06/16 09:33:24 Finished transferring output files
...
005 (148418.000.000) 06/16 09:33:24 Job terminated.
	(1) Normal termination (return value 0)
		Usr 0 00:00:45, Sys 0 00:00:11  -  Run Remote Usage
		Usr 0 00:00:00, Sys 0 00:00:00  -  Run Local Usage
		Usr 0 00:00:45, Sys 0 00:00:11  -  Total Remote Usage
		Usr 0 00:00:00, Sys 0 00:00:00  -  Total Local Usage
	35460  -  Run Bytes Sent By Job
	19004  -  Run Bytes Received By Job
	35460  -  Total Bytes Sent By Job
	19004  -  Total Bytes Received By Job
	Partitionable Resources :      Usage  Request Allocated 
	   Cpus                 :       0.03        1         1 
	   Disk (KB)            : 2368094          20    281365 
	   Memory (MB)          :      67        2000      2000 

	Job terminated of its own accord at 2021-06-16T07:33:24Z.
...
