000 (113068.000.000) 06/03 12:59:16 Job submitted from host: <188.185.121.235:9618?addrs=188.185.121.235-9618+[2001-1458-d00-49--100-36e]-9618&alias=bigbird22.cern.ch&noUDP&sock=schedd_38044_991d>
...
040 (113068.000.000) 06/03 13:19:46 Started transferring input files
	Transferring to host: <128.142.74.171:9618?addrs=128.142.74.171-9618+[2001-1458-301-75--100-c5]-9618&alias=b7s11n5170.cern.ch&noUDP&sock=slot1_9_6082_11b0_34406>
...
001 (113068.000.000) 06/03 13:19:46 Job executing on host: <128.142.74.171:9618?addrs=128.142.74.171-9618+[2001-1458-301-75--100-c5]-9618&alias=b7s11n5170.cern.ch&noUDP&sock=startd_4581_c371>
...
040 (113068.000.000) 06/03 13:19:46 Finished transferring input files
...
006 (113068.000.000) 06/03 13:19:55 Image size of job updated: 5784
	6  -  MemoryUsage of job (MB)
	5784  -  ResidentSetSize of job (KB)
...
006 (113068.000.000) 06/03 13:24:56 Image size of job updated: 790824
	66  -  MemoryUsage of job (MB)
	67508  -  ResidentSetSize of job (KB)
...
040 (113068.000.000) 06/03 14:29:55 Started transferring output files
...
040 (113068.000.000) 06/03 14:29:55 Finished transferring output files
...
005 (113068.000.000) 06/03 14:29:55 Job terminated.
	(1) Normal termination (return value 0)
		Usr 0 00:00:43, Sys 0 00:00:10  -  Run Remote Usage
		Usr 0 00:00:00, Sys 0 00:00:00  -  Run Local Usage
		Usr 0 00:00:43, Sys 0 00:00:10  -  Total Remote Usage
		Usr 0 00:00:00, Sys 0 00:00:00  -  Total Local Usage
	42097  -  Run Bytes Sent By Job
	19004  -  Run Bytes Received By Job
	42097  -  Total Bytes Sent By Job
	19004  -  Total Bytes Received By Job
	Partitionable Resources :      Usage  Request Allocated 
	   Cpus                 :       0.01        1         1 
	   Disk (KB)            : 1953237          20    284971 
	   Memory (MB)          :      66        2000      2000 

	Job terminated of its own accord at 2021-06-03T12:29:55Z.
...
000 (116687.000.000) 06/04 09:06:05 Job submitted from host: <188.185.121.235:9618?addrs=188.185.121.235-9618+[2001-1458-d00-49--100-36e]-9618&alias=bigbird22.cern.ch&noUDP&sock=schedd_38044_991d>
...
040 (116687.000.000) 06/04 09:35:44 Started transferring input files
	Transferring to host: <128.142.75.239:9618?addrs=128.142.75.239-9618+[2001-1458-301-75--100-47d]-9618&alias=b7s11n8969.cern.ch&noUDP&sock=slot1_14_16786_0164_40475>
...
040 (116687.000.000) 06/04 09:35:44 Finished transferring input files
...
001 (116687.000.000) 06/04 09:35:44 Job executing on host: <128.142.75.239:9618?addrs=128.142.75.239-9618+[2001-1458-301-75--100-47d]-9618&alias=b7s11n8969.cern.ch&noUDP&sock=startd_16634_1e71>
...
006 (116687.000.000) 06/04 09:35:52 Image size of job updated: 624804
	11  -  MemoryUsage of job (MB)
	10812  -  ResidentSetSize of job (KB)
...
006 (116687.000.000) 06/04 09:40:52 Image size of job updated: 790824
	66  -  MemoryUsage of job (MB)
	67496  -  ResidentSetSize of job (KB)
...
006 (116687.000.000) 06/04 10:56:00 Image size of job updated: 790824
	120  -  MemoryUsage of job (MB)
	122732  -  ResidentSetSize of job (KB)
...
040 (116687.000.000) 06/04 10:56:47 Started transferring output files
...
040 (116687.000.000) 06/04 10:56:48 Finished transferring output files
...
005 (116687.000.000) 06/04 10:56:48 Job terminated.
	(1) Normal termination (return value 0)
		Usr 0 00:01:01, Sys 0 00:00:16  -  Run Remote Usage
		Usr 0 00:00:00, Sys 0 00:00:00  -  Run Local Usage
		Usr 0 00:01:01, Sys 0 00:00:16  -  Total Remote Usage
		Usr 0 00:00:00, Sys 0 00:00:00  -  Total Local Usage
	50900  -  Run Bytes Sent By Job
	19004  -  Run Bytes Received By Job
	50900  -  Total Bytes Sent By Job
	19004  -  Total Bytes Received By Job
	Partitionable Resources :      Usage  Request Allocated 
	   Cpus                 :       0.01        1         1 
	   Disk (KB)            : 2758647          20    142949 
	   Memory (MB)          :     120        2000      2000 

	Job terminated of its own accord at 2021-06-04T08:56:47Z.
...
000 (124043.000.000) 06/08 10:52:32 Job submitted from host: <188.185.121.235:9618?addrs=188.185.121.235-9618+[2001-1458-d00-49--100-36e]-9618&alias=bigbird22.cern.ch&noUDP&sock=schedd_38044_991d>
...
040 (124043.000.000) 06/08 11:23:33 Entered queue to transfer input files
	Transferring to host: <188.184.168.191:9618?addrs=188.184.168.191-9618+[2001-1458-301-c0--100-48a]-9618&alias=b7g52n5814.cern.ch&noUDP&sock=slot1_12_24555_f800_88070>
...
040 (124043.000.000) 06/08 11:53:59 Started transferring input files
	Seconds spent in queue: 1826
...
040 (124043.000.000) 06/08 11:53:59 Finished transferring input files
...
001 (124043.000.000) 06/08 11:53:59 Job executing on host: <188.184.168.191:9618?addrs=188.184.168.191-9618+[2001-1458-301-c0--100-48a]-9618&alias=b7g52n5814.cern.ch&noUDP&sock=startd_17015_7406>
...
006 (124043.000.000) 06/08 11:54:08 Image size of job updated: 22392
	3  -  MemoryUsage of job (MB)
	2092  -  ResidentSetSize of job (KB)
...
006 (124043.000.000) 06/08 11:59:09 Image size of job updated: 791456
	67  -  MemoryUsage of job (MB)
	67772  -  ResidentSetSize of job (KB)
...
006 (124043.000.000) 06/08 12:59:16 Image size of job updated: 791456
	87  -  MemoryUsage of job (MB)
	88464  -  ResidentSetSize of job (KB)
...
040 (124043.000.000) 06/08 12:59:54 Started transferring output files
	Seconds spent in queue: 5781
...
040 (124043.000.000) 06/08 12:59:54 Finished transferring output files
...
005 (124043.000.000) 06/08 12:59:54 Job terminated.
	(1) Normal termination (return value 0)
		Usr 0 00:01:08, Sys 0 00:00:15  -  Run Remote Usage
		Usr 0 00:00:00, Sys 0 00:00:00  -  Run Local Usage
		Usr 0 00:01:08, Sys 0 00:00:15  -  Total Remote Usage
		Usr 0 00:00:00, Sys 0 00:00:00  -  Total Local Usage
	50906  -  Run Bytes Sent By Job
	19004  -  Run Bytes Received By Job
	50906  -  Total Bytes Sent By Job
	19004  -  Total Bytes Received By Job
	Partitionable Resources :      Usage  Request Allocated 
	   Cpus                 :       0.00        1         1 
	   Disk (KB)            : 2758647          20    268557 
	   Memory (MB)          :      87        2000      2000 

	Job terminated of its own accord at 2021-06-08T10:59:54Z.
...
