000 (112209.000.000) 06/03 12:45:12 Job submitted from host: <188.185.121.235:9618?addrs=188.185.121.235-9618+[2001-1458-d00-49--100-36e]-9618&alias=bigbird22.cern.ch&noUDP&sock=schedd_38044_991d>
...
040 (112209.000.000) 06/03 13:14:15 Started transferring input files
	Transferring to host: <188.184.190.243:9618?addrs=188.184.190.243-9618+[2001-1458-301-4b--100-d7]-9618&alias=b7g42n0501.cern.ch&noUDP&sock=slot1_9_4665_aa17_34285>
...
040 (112209.000.000) 06/03 13:14:16 Finished transferring input files
...
001 (112209.000.000) 06/03 13:14:16 Job executing on host: <188.184.190.243:9618?addrs=188.184.190.243-9618+[2001-1458-301-4b--100-d7]-9618&alias=b7g42n0501.cern.ch&noUDP&sock=startd_3777_494c>
...
006 (112209.000.000) 06/03 13:14:24 Image size of job updated: 774352
	28  -  MemoryUsage of job (MB)
	28512  -  ResidentSetSize of job (KB)
...
006 (112209.000.000) 06/03 13:19:24 Image size of job updated: 790796
	66  -  MemoryUsage of job (MB)
	67488  -  ResidentSetSize of job (KB)
...
006 (112209.000.000) 06/03 14:34:32 Image size of job updated: 790796
	121  -  MemoryUsage of job (MB)
	123224  -  ResidentSetSize of job (KB)
...
040 (112209.000.000) 06/03 14:35:57 Started transferring output files
...
040 (112209.000.000) 06/03 14:35:57 Finished transferring output files
...
005 (112209.000.000) 06/03 14:35:57 Job terminated.
	(1) Normal termination (return value 0)
		Usr 0 00:02:50, Sys 0 00:00:29  -  Run Remote Usage
		Usr 0 00:00:00, Sys 0 00:00:00  -  Run Local Usage
		Usr 0 00:02:50, Sys 0 00:00:29  -  Total Remote Usage
		Usr 0 00:00:00, Sys 0 00:00:00  -  Total Local Usage
	66855  -  Run Bytes Sent By Job
	19004  -  Run Bytes Received By Job
	66855  -  Total Bytes Sent By Job
	19004  -  Total Bytes Received By Job
	Partitionable Resources :      Usage  Request Allocated 
	   Cpus                 :       0.01        1         1 
	   Disk (KB)            : 4242073          20    280390 
	   Memory (MB)          :     121        2000      2000 

	Job terminated of its own accord at 2021-06-03T12:35:56Z.
...
000 (115818.000.000) 06/04 08:54:20 Job submitted from host: <188.185.121.235:9618?addrs=188.185.121.235-9618+[2001-1458-d00-49--100-36e]-9618&alias=bigbird22.cern.ch&noUDP&sock=schedd_38044_991d>
...
040 (115818.000.000) 06/04 08:59:32 Started transferring input files
	Transferring to host: <128.142.84.160:9618?addrs=128.142.84.160-9618+[2001-1458-301-f6--100-26]-9618&alias=b7s14n9726.cern.ch&noUDP&sock=slot1_15_5720_01e2_28644>
...
001 (115818.000.000) 06/04 08:59:32 Job executing on host: <128.142.84.160:9618?addrs=128.142.84.160-9618+[2001-1458-301-f6--100-26]-9618&alias=b7s14n9726.cern.ch&noUDP&sock=startd_4574_f647>
...
040 (115818.000.000) 06/04 08:59:32 Finished transferring input files
...
006 (115818.000.000) 06/04 08:59:41 Image size of job updated: 624804
	29  -  MemoryUsage of job (MB)
	29360  -  ResidentSetSize of job (KB)
...
006 (115818.000.000) 06/04 09:04:42 Image size of job updated: 790824
	66  -  MemoryUsage of job (MB)
	67500  -  ResidentSetSize of job (KB)
...
040 (115818.000.000) 06/04 10:39:27 Started transferring output files
...
040 (115818.000.000) 06/04 10:39:27 Finished transferring output files
...
005 (115818.000.000) 06/04 10:39:27 Job terminated.
	(1) Normal termination (return value 0)
		Usr 0 00:01:54, Sys 0 00:00:22  -  Run Remote Usage
		Usr 0 00:00:00, Sys 0 00:00:00  -  Run Local Usage
		Usr 0 00:01:54, Sys 0 00:00:22  -  Total Remote Usage
		Usr 0 00:00:00, Sys 0 00:00:00  -  Total Local Usage
	61167  -  Run Bytes Sent By Job
	19004  -  Run Bytes Received By Job
	61167  -  Total Bytes Sent By Job
	19004  -  Total Bytes Received By Job
	Partitionable Resources :      Usage  Request Allocated 
	   Cpus                 :       0.88        1         1 
	   Disk (KB)            : 3711355          20    164060 
	   Memory (MB)          :      66        2000      2000 

	Job terminated of its own accord at 2021-06-04T08:39:27Z.
...
000 (123166.000.000) 06/08 10:38:58 Job submitted from host: <188.185.121.235:9618?addrs=188.185.121.235-9618+[2001-1458-d00-49--100-36e]-9618&alias=bigbird22.cern.ch&noUDP&sock=schedd_38044_991d>
...
040 (123166.000.000) 06/08 11:08:09 Started transferring input files
	Transferring to host: <188.184.133.45:9618?addrs=188.184.133.45-9618+[2001-1458-301-a0--100-133]-9618&alias=b7g28n0402.cern.ch&noUDP&sock=slot1_8_3019_e894_40822>
...
001 (123166.000.000) 06/08 11:08:09 Job executing on host: <188.184.133.45:9618?addrs=188.184.133.45-9618+[2001-1458-301-a0--100-133]-9618&alias=b7g28n0402.cern.ch&noUDP&sock=startd_2572_c1ad>
...
040 (123166.000.000) 06/08 11:08:09 Finished transferring input files
...
006 (123166.000.000) 06/08 11:08:18 Image size of job updated: 766796
	21  -  MemoryUsage of job (MB)
	20864  -  ResidentSetSize of job (KB)
...
006 (123166.000.000) 06/08 11:13:19 Image size of job updated: 791440
	67  -  MemoryUsage of job (MB)
	67768  -  ResidentSetSize of job (KB)
...
040 (123166.000.000) 06/08 11:21:56 Entered queue to transfer output files
...
040 (123166.000.000) 06/08 11:33:36 Started transferring output files
...
040 (123166.000.000) 06/08 11:33:36 Finished transferring output files
...
005 (123166.000.000) 06/08 11:33:39 Job terminated.
	(1) Normal termination (return value 0)
		Usr 0 00:02:11, Sys 0 00:00:23  -  Run Remote Usage
		Usr 0 00:00:00, Sys 0 00:00:00  -  Run Local Usage
		Usr 0 00:02:11, Sys 0 00:00:23  -  Total Remote Usage
		Usr 0 00:00:00, Sys 0 00:00:00  -  Total Local Usage
	60411  -  Run Bytes Sent By Job
	19004  -  Run Bytes Received By Job
	60411  -  Total Bytes Sent By Job
	19004  -  Total Bytes Received By Job
	Partitionable Resources :    Usage  Request Allocated 
	   Cpus                 :        0        1         1 
	   Disk (KB)            :  3711355       20    113767 
	   Memory (MB)          :       67     2000      2000 

	Job terminated of its own accord at 2021-06-08T09:21:41Z.
...
