000 (112403.000.000) 06/03 12:48:52 Job submitted from host: <188.185.121.235:9618?addrs=188.185.121.235-9618+[2001-1458-d00-49--100-36e]-9618&alias=bigbird22.cern.ch&noUDP&sock=schedd_38044_991d>
...
040 (112403.000.000) 06/03 13:15:28 Started transferring input files
	Transferring to host: <188.184.198.184:9618?addrs=188.184.198.184-9618+[2001-1458-301-c1--100-3c1]-9618&alias=b7g52n9142.cern.ch&noUDP&sock=slot1_1_23376_41b0_83947>
...
040 (112403.000.000) 06/03 13:15:28 Finished transferring input files
...
001 (112403.000.000) 06/03 13:15:28 Job executing on host: <188.184.198.184:9618?addrs=188.184.198.184-9618+[2001-1458-301-c1--100-3c1]-9618&alias=b7g52n9142.cern.ch&noUDP&sock=startd_18745_16de>
...
006 (112403.000.000) 06/03 13:15:37 Image size of job updated: 10688
	11  -  MemoryUsage of job (MB)
	10300  -  ResidentSetSize of job (KB)
...
006 (112403.000.000) 06/03 13:20:38 Image size of job updated: 790824
	66  -  MemoryUsage of job (MB)
	67512  -  ResidentSetSize of job (KB)
...
040 (112403.000.000) 06/03 14:27:53 Started transferring output files
...
040 (112403.000.000) 06/03 14:27:53 Finished transferring output files
...
005 (112403.000.000) 06/03 14:27:53 Job terminated.
	(1) Normal termination (return value 0)
		Usr 0 00:01:46, Sys 0 00:00:25  -  Run Remote Usage
		Usr 0 00:00:00, Sys 0 00:00:00  -  Run Local Usage
		Usr 0 00:01:46, Sys 0 00:00:25  -  Total Remote Usage
		Usr 0 00:00:00, Sys 0 00:00:00  -  Total Local Usage
	66925  -  Run Bytes Sent By Job
	19004  -  Run Bytes Received By Job
	66925  -  Total Bytes Sent By Job
	19004  -  Total Bytes Received By Job
	Partitionable Resources :      Usage  Request Allocated 
	   Cpus                 :       0.58        1         1 
	   Disk (KB)            : 4242190          20    271219 
	   Memory (MB)          :      66        2000      2000 

	Job terminated of its own accord at 2021-06-03T12:27:52Z.
...
000 (116003.000.000) 06/04 08:56:56 Job submitted from host: <188.185.121.235:9618?addrs=188.185.121.235-9618+[2001-1458-d00-49--100-36e]-9618&alias=bigbird22.cern.ch&noUDP&sock=schedd_38044_991d>
...
040 (116003.000.000) 06/04 09:00:52 Started transferring input files
	Transferring to host: <128.142.161.78:9618?addrs=128.142.161.78-9618+[2001-1458-301-b8--100-c]-9618&alias=b7g03p0752.cern.ch&noUDP&sock=slot1_23_32880_af32_107367>
...
040 (116003.000.000) 06/04 09:00:52 Finished transferring input files
...
001 (116003.000.000) 06/04 09:00:52 Job executing on host: <128.142.161.78:9618?addrs=128.142.161.78-9618+[2001-1458-301-b8--100-c]-9618&alias=b7g03p0752.cern.ch&noUDP&sock=startd_130928_4bdd>
...
006 (116003.000.000) 06/04 09:01:01 Image size of job updated: 766152
	29  -  MemoryUsage of job (MB)
	29332  -  ResidentSetSize of job (KB)
...
006 (116003.000.000) 06/04 09:06:01 Image size of job updated: 790800
	66  -  MemoryUsage of job (MB)
	67500  -  ResidentSetSize of job (KB)
...
040 (116003.000.000) 06/04 10:13:22 Started transferring output files
...
040 (116003.000.000) 06/04 10:13:23 Finished transferring output files
...
005 (116003.000.000) 06/04 10:13:23 Job terminated.
	(1) Normal termination (return value 0)
		Usr 0 00:02:07, Sys 0 00:00:29  -  Run Remote Usage
		Usr 0 00:00:00, Sys 0 00:00:00  -  Run Local Usage
		Usr 0 00:02:07, Sys 0 00:00:29  -  Total Remote Usage
		Usr 0 00:00:00, Sys 0 00:00:00  -  Total Local Usage
	60820  -  Run Bytes Sent By Job
	19004  -  Run Bytes Received By Job
	60820  -  Total Bytes Sent By Job
	19004  -  Total Bytes Received By Job
	Partitionable Resources :      Usage  Request Allocated 
	   Cpus                 :       0.00        1         1 
	   Disk (KB)            : 3711568          20   1404021 
	   Memory (MB)          :      66        2000      2000 

	Job terminated of its own accord at 2021-06-04T08:13:22Z.
...
000 (123364.000.000) 06/08 10:42:21 Job submitted from host: <188.185.121.235:9618?addrs=188.185.121.235-9618+[2001-1458-d00-49--100-36e]-9618&alias=bigbird22.cern.ch&noUDP&sock=schedd_38044_991d>
...
040 (123364.000.000) 06/08 11:17:47 Entered queue to transfer input files
	Transferring to host: <188.184.138.145:9618?addrs=188.184.138.145-9618+[2001-1458-301-45--100-86]-9618&alias=b7g42n0286.cern.ch&noUDP&sock=slot1_7_3272_2b7e_60664>
...
040 (123364.000.000) 06/08 11:53:56 Started transferring input files
	Seconds spent in queue: 2169
...
040 (123364.000.000) 06/08 11:53:56 Finished transferring input files
...
001 (123364.000.000) 06/08 11:53:56 Job executing on host: <188.184.138.145:9618?addrs=188.184.138.145-9618+[2001-1458-301-45--100-86]-9618&alias=b7g42n0286.cern.ch&noUDP&sock=startd_2655_b009>
...
006 (123364.000.000) 06/08 11:54:05 Image size of job updated: 387336
	3  -  MemoryUsage of job (MB)
	2092  -  ResidentSetSize of job (KB)
...
006 (123364.000.000) 06/08 11:59:06 Image size of job updated: 791452
	67  -  MemoryUsage of job (MB)
	67768  -  ResidentSetSize of job (KB)
...
040 (123364.000.000) 06/08 13:34:10 Started transferring output files
	Seconds spent in queue: 8183
...
040 (123364.000.000) 06/08 13:34:10 Finished transferring output files
...
005 (123364.000.000) 06/08 13:34:10 Job terminated.
	(1) Normal termination (return value 0)
		Usr 0 00:02:30, Sys 0 00:00:30  -  Run Remote Usage
		Usr 0 00:00:00, Sys 0 00:00:00  -  Run Local Usage
		Usr 0 00:02:30, Sys 0 00:00:30  -  Total Remote Usage
		Usr 0 00:00:00, Sys 0 00:00:00  -  Total Local Usage
	60845  -  Run Bytes Sent By Job
	19004  -  Run Bytes Received By Job
	60845  -  Total Bytes Sent By Job
	19004  -  Total Bytes Received By Job
	Partitionable Resources :      Usage  Request Allocated 
	   Cpus                 :       0.00        1         1 
	   Disk (KB)            : 3711568          20    307350 
	   Memory (MB)          :      67        2000      2000 

	Job terminated of its own accord at 2021-06-08T11:34:10Z.
...
