000 (108716.000.000) 06/02 16:36:23 Job submitted from host: <188.185.121.235:9618?addrs=188.185.121.235-9618+[2001-1458-d00-49--100-36e]-9618&alias=bigbird22.cern.ch&noUDP&sock=schedd_38044_991d>
...
040 (108716.000.000) 06/02 16:47:12 Started transferring input files
	Transferring to host: <128.142.79.198:9618?addrs=128.142.79.198-9618+[2001-1458-301-f4--100-628]-9618&alias=b7s12n1511.cern.ch&noUDP&sock=slot1_3_11588_8b50_89215>
...
040 (108716.000.000) 06/02 16:47:12 Finished transferring input files
...
001 (108716.000.000) 06/02 16:47:12 Job executing on host: <128.142.79.198:9618?addrs=128.142.79.198-9618+[2001-1458-301-f4--100-628]-9618&alias=b7s12n1511.cern.ch&noUDP&sock=startd_14728_c2ee>
...
006 (108716.000.000) 06/02 16:47:21 Image size of job updated: 624804
	11  -  MemoryUsage of job (MB)
	10496  -  ResidentSetSize of job (KB)
...
006 (108716.000.000) 06/02 16:52:22 Image size of job updated: 790820
	66  -  MemoryUsage of job (MB)
	67504  -  ResidentSetSize of job (KB)
...
040 (108716.000.000) 06/02 18:30:07 Started transferring output files
...
040 (108716.000.000) 06/02 18:30:07 Finished transferring output files
...
005 (108716.000.000) 06/02 18:30:07 Job terminated.
	(1) Normal termination (return value 0)
		Usr 0 00:01:46, Sys 0 00:00:24  -  Run Remote Usage
		Usr 0 00:00:00, Sys 0 00:00:00  -  Run Local Usage
		Usr 0 00:01:46, Sys 0 00:00:24  -  Total Remote Usage
		Usr 0 00:00:00, Sys 0 00:00:00  -  Total Local Usage
	66839  -  Run Bytes Sent By Job
	19195  -  Run Bytes Received By Job
	66839  -  Total Bytes Sent By Job
	19195  -  Total Bytes Received By Job
	Partitionable Resources :      Usage  Request Allocated 
	   Cpus                 :       1.00        1         1 
	   Disk (KB)            : 4242136          20    283185 
	   Memory (MB)          :      66        2000      2000 

	Job terminated of its own accord at 2021-06-02T16:30:07Z.
...
