000 (148066.000.000) 06/16 08:41:28 Job submitted from host: <188.185.121.235:9618?addrs=188.185.121.235-9618+[2001-1458-d00-49--100-36e]-9618&alias=bigbird22.cern.ch&noUDP&sock=schedd_38044_991d>
...
040 (148066.000.000) 06/16 09:00:06 Started transferring input files
	Transferring to host: <128.142.83.196:9618?addrs=128.142.83.196-9618+[2001-1458-301-f5--100-50c]-9618&alias=b7s13n5383.cern.ch&noUDP&sock=slot1_7_6211_f616_48375>
...
001 (148066.000.000) 06/16 09:00:06 Job executing on host: <128.142.83.196:9618?addrs=128.142.83.196-9618+[2001-1458-301-f5--100-50c]-9618&alias=b7s13n5383.cern.ch&noUDP&sock=startd_5101_70b0>
...
040 (148066.000.000) 06/16 09:00:06 Finished transferring input files
...
006 (148066.000.000) 06/16 09:00:15 Image size of job updated: 40200
	40  -  MemoryUsage of job (MB)
	40200  -  ResidentSetSize of job (KB)
...
006 (148066.000.000) 06/16 09:05:15 Image size of job updated: 791456
	67  -  MemoryUsage of job (MB)
	67776  -  ResidentSetSize of job (KB)
...
040 (148066.000.000) 06/16 09:29:16 Started transferring output files
...
040 (148066.000.000) 06/16 09:29:16 Finished transferring output files
...
005 (148066.000.000) 06/16 09:29:16 Job terminated.
	(1) Normal termination (return value 0)
		Usr 0 00:01:16, Sys 0 00:00:18  -  Run Remote Usage
		Usr 0 00:00:00, Sys 0 00:00:00  -  Run Local Usage
		Usr 0 00:01:16, Sys 0 00:00:18  -  Total Remote Usage
		Usr 0 00:00:00, Sys 0 00:00:00  -  Total Local Usage
	54413  -  Run Bytes Sent By Job
	19004  -  Run Bytes Received By Job
	54413  -  Total Bytes Sent By Job
	19004  -  Total Bytes Received By Job
	Partitionable Resources :      Usage  Request Allocated 
	   Cpus                 :       0.01        1         1 
	   Disk (KB)            : 3068251          20    208099 
	   Memory (MB)          :      67        2000      2000 

	Job terminated of its own accord at 2021-06-16T07:29:16Z.
...
