000 (108607.000.000) 06/02 16:33:51 Job submitted from host: <188.185.121.235:9618?addrs=188.185.121.235-9618+[2001-1458-d00-49--100-36e]-9618&alias=bigbird22.cern.ch&noUDP&sock=schedd_38044_991d>
...
040 (108607.000.000) 06/02 16:38:25 Started transferring input files
	Transferring to host: <128.142.75.63:9618?addrs=128.142.75.63-9618+[2001-1458-301-75--100-386]-9618&alias=b7s11n8671.cern.ch&noUDP&sock=slot1_15_5975_ad8c_34197>
...
040 (108607.000.000) 06/02 16:38:25 Finished transferring input files
...
001 (108607.000.000) 06/02 16:38:25 Job executing on host: <128.142.75.63:9618?addrs=128.142.75.63-9618+[2001-1458-301-75--100-386]-9618&alias=b7s11n8671.cern.ch&noUDP&sock=startd_4645_a980>
...
006 (108607.000.000) 06/02 16:38:33 Image size of job updated: 624800
	22  -  MemoryUsage of job (MB)
	21524  -  ResidentSetSize of job (KB)
...
006 (108607.000.000) 06/02 16:43:34 Image size of job updated: 790816
	66  -  MemoryUsage of job (MB)
	67504  -  ResidentSetSize of job (KB)
...
040 (108607.000.000) 06/02 16:47:20 Started transferring output files
...
040 (108607.000.000) 06/02 16:47:20 Finished transferring output files
...
005 (108607.000.000) 06/02 16:47:20 Job terminated.
	(1) Normal termination (return value 0)
		Usr 0 00:00:11, Sys 0 00:00:03  -  Run Remote Usage
		Usr 0 00:00:00, Sys 0 00:00:00  -  Run Local Usage
		Usr 0 00:00:11, Sys 0 00:00:03  -  Total Remote Usage
		Usr 0 00:00:00, Sys 0 00:00:00  -  Total Local Usage
	23125  -  Run Bytes Sent By Job
	19195  -  Run Bytes Received By Job
	23125  -  Total Bytes Sent By Job
	19195  -  Total Bytes Received By Job
	Partitionable Resources :     Usage  Request Allocated 
	   Cpus                 :      0.02        1         1 
	   Disk (KB)            : 743563          20    275377 
	   Memory (MB)          :     66        2000      2000 

	Job terminated of its own accord at 2021-06-02T14:47:20Z.
...
