000 (112260.000.000) 06/03 12:46:02 Job submitted from host: <188.185.121.235:9618?addrs=188.185.121.235-9618+[2001-1458-d00-49--100-36e]-9618&alias=bigbird22.cern.ch&noUDP&sock=schedd_38044_991d>
...
040 (112260.000.000) 06/03 13:14:35 Started transferring input files
	Transferring to host: <188.184.197.216:9618?addrs=188.184.197.216-9618+[2001-1458-301-103--100-28a]-9618&alias=b7g23n3337.cern.ch&noUDP&sock=slot1_6_24260_1d54_87858>
...
040 (112260.000.000) 06/03 13:14:35 Finished transferring input files
...
001 (112260.000.000) 06/03 13:14:35 Job executing on host: <188.184.197.216:9618?addrs=188.184.197.216-9618+[2001-1458-301-103--100-28a]-9618&alias=b7g23n3337.cern.ch&noUDP&sock=startd_18581_9956>
...
006 (112260.000.000) 06/03 13:14:44 Image size of job updated: 38308
	38  -  MemoryUsage of job (MB)
	38308  -  ResidentSetSize of job (KB)
...
006 (112260.000.000) 06/03 13:19:44 Image size of job updated: 790824
	66  -  MemoryUsage of job (MB)
	67492  -  ResidentSetSize of job (KB)
...
006 (112260.000.000) 06/03 13:49:42 Image size of job updated: 790828
	66  -  MemoryUsage of job (MB)
	67492  -  ResidentSetSize of job (KB)
...
040 (112260.000.000) 06/03 13:49:42 Started transferring output files
...
040 (112260.000.000) 06/03 13:49:42 Finished transferring output files
...
005 (112260.000.000) 06/03 13:49:42 Job terminated.
	(1) Normal termination (return value 0)
		Usr 0 00:03:12, Sys 0 00:00:31  -  Run Remote Usage
		Usr 0 00:00:00, Sys 0 00:00:00  -  Run Local Usage
		Usr 0 00:03:12, Sys 0 00:00:31  -  Total Remote Usage
		Usr 0 00:00:00, Sys 0 00:00:00  -  Total Local Usage
	66251  -  Run Bytes Sent By Job
	19004  -  Run Bytes Received By Job
	66251  -  Total Bytes Sent By Job
	19004  -  Total Bytes Received By Job
	Partitionable Resources :      Usage  Request Allocated 
	   Cpus                 :       0.02        1         1 
	   Disk (KB)            : 4241908          20    331084 
	   Memory (MB)          :      66        2000      2000 

	Job terminated of its own accord at 2021-06-03T11:49:42Z.
...
000 (115864.000.000) 06/04 08:54:57 Job submitted from host: <188.185.121.235:9618?addrs=188.185.121.235-9618+[2001-1458-d00-49--100-36e]-9618&alias=bigbird22.cern.ch&noUDP&sock=schedd_38044_991d>
...
040 (115864.000.000) 06/04 08:59:48 Started transferring input files
	Transferring to host: <128.142.74.12:9618?addrs=128.142.74.12-9618+[2001-1458-301-75--100-3b0]-9618&alias=b7s11n6676.cern.ch&noUDP&sock=slot1_16_6778_76cd_56822>
...
040 (115864.000.000) 06/04 08:59:48 Finished transferring input files
...
001 (115864.000.000) 06/04 08:59:48 Job executing on host: <128.142.74.12:9618?addrs=128.142.74.12-9618+[2001-1458-301-75--100-3b0]-9618&alias=b7s11n6676.cern.ch&noUDP&sock=startd_16699_b419>
...
006 (115864.000.000) 06/04 08:59:56 Image size of job updated: 782548
	41  -  MemoryUsage of job (MB)
	41296  -  ResidentSetSize of job (KB)
...
006 (115864.000.000) 06/04 09:04:56 Image size of job updated: 790808
	66  -  MemoryUsage of job (MB)
	67500  -  ResidentSetSize of job (KB)
...
006 (115864.000.000) 06/04 13:35:26 Image size of job updated: 790808
	120  -  MemoryUsage of job (MB)
	122692  -  ResidentSetSize of job (KB)
...
040 (115864.000.000) 06/04 13:35:40 Started transferring output files
...
040 (115864.000.000) 06/04 13:35:40 Finished transferring output files
...
005 (115864.000.000) 06/04 13:35:40 Job terminated.
	(1) Normal termination (return value 0)
		Usr 0 00:01:36, Sys 0 00:00:25  -  Run Remote Usage
		Usr 0 00:00:00, Sys 0 00:00:00  -  Run Local Usage
		Usr 0 00:01:36, Sys 0 00:00:25  -  Total Remote Usage
		Usr 0 00:00:00, Sys 0 00:00:00  -  Total Local Usage
	60702  -  Run Bytes Sent By Job
	19004  -  Run Bytes Received By Job
	60702  -  Total Bytes Sent By Job
	19004  -  Total Bytes Received By Job
	Partitionable Resources :      Usage  Request Allocated 
	   Cpus                 :       0.00        1         1 
	   Disk (KB)            : 3711802          20    223331 
	   Memory (MB)          :     120        2000      2000 

	Job terminated of its own accord at 2021-06-04T11:35:40Z.
...
000 (123218.000.000) 06/08 10:39:37 Job submitted from host: <188.185.121.235:9618?addrs=188.185.121.235-9618+[2001-1458-d00-49--100-36e]-9618&alias=bigbird22.cern.ch&noUDP&sock=schedd_38044_991d>
...
040 (123218.000.000) 06/08 11:16:17 Entered queue to transfer input files
	Transferring to host: <188.184.196.204:9618?addrs=188.184.196.204-9618+[2001-1458-301-102--100-1de]-9618&alias=b7g24n1814.cern.ch&noUDP&sock=slot1_4_16134_9cc9_33756>
...
040 (123218.000.000) 06/08 11:53:55 Started transferring input files
	Seconds spent in queue: 2258
...
001 (123218.000.000) 06/08 11:53:55 Job executing on host: <188.184.196.204:9618?addrs=188.184.196.204-9618+[2001-1458-301-102--100-1de]-9618&alias=b7g24n1814.cern.ch&noUDP&sock=startd_15988_0443>
...
