000 (113043.000.000) 06/03 12:58:51 Job submitted from host: <188.185.121.235:9618?addrs=188.185.121.235-9618+[2001-1458-d00-49--100-36e]-9618&alias=bigbird22.cern.ch&noUDP&sock=schedd_38044_991d>
...
040 (113043.000.000) 06/03 13:19:37 Started transferring input files
	Transferring to host: <128.142.78.169:9618?addrs=128.142.78.169-9618+[2001-1458-301-f4--100-217]-9618&alias=b7s12n5238.cern.ch&noUDP&sock=slot1_8_6458_fec0_29564>
...
001 (113043.000.000) 06/03 13:19:37 Job executing on host: <128.142.78.169:9618?addrs=128.142.78.169-9618+[2001-1458-301-f4--100-217]-9618&alias=b7s12n5238.cern.ch&noUDP&sock=startd_5416_8105>
...
040 (113043.000.000) 06/03 13:19:37 Finished transferring input files
...
006 (113043.000.000) 06/03 13:19:46 Image size of job updated: 624804
	14  -  MemoryUsage of job (MB)
	13872  -  ResidentSetSize of job (KB)
...
006 (113043.000.000) 06/03 13:24:47 Image size of job updated: 790824
	66  -  MemoryUsage of job (MB)
	67500  -  ResidentSetSize of job (KB)
...
040 (113043.000.000) 06/03 13:42:04 Started transferring output files
...
040 (113043.000.000) 06/03 13:42:04 Finished transferring output files
...
005 (113043.000.000) 06/03 13:42:04 Job terminated.
	(1) Normal termination (return value 0)
		Usr 0 00:00:38, Sys 0 00:00:11  -  Run Remote Usage
		Usr 0 00:00:00, Sys 0 00:00:00  -  Run Local Usage
		Usr 0 00:00:38, Sys 0 00:00:11  -  Total Remote Usage
		Usr 0 00:00:00, Sys 0 00:00:00  -  Total Local Usage
	42147  -  Run Bytes Sent By Job
	19004  -  Run Bytes Received By Job
	42147  -  Total Bytes Sent By Job
	19004  -  Total Bytes Received By Job
	Partitionable Resources :      Usage  Request Allocated 
	   Cpus                 :       0.01        1         1 
	   Disk (KB)            : 1953430          20    258371 
	   Memory (MB)          :      66        2000      2000 

	Job terminated of its own accord at 2021-06-03T11:42:04Z.
...
000 (116663.000.000) 06/04 09:05:50 Job submitted from host: <188.185.121.235:9618?addrs=188.185.121.235-9618+[2001-1458-d00-49--100-36e]-9618&alias=bigbird22.cern.ch&noUDP&sock=schedd_38044_991d>
...
040 (116663.000.000) 06/04 09:32:48 Started transferring input files
	Transferring to host: <128.142.161.77:9618?addrs=128.142.161.77-9618&alias=b7g03p7700.cern.ch&noUDP&sock=slot1_60_4081_2eff_47088>
...
040 (116663.000.000) 06/04 09:32:48 Finished transferring input files
...
001 (116663.000.000) 06/04 09:32:48 Job executing on host: <128.142.161.77:9618?addrs=128.142.161.77-9618&alias=b7g03p7700.cern.ch&noUDP&sock=startd_3096_2d4d>
...
006 (116663.000.000) 06/04 09:32:57 Image size of job updated: 624804
	18  -  MemoryUsage of job (MB)
	17912  -  ResidentSetSize of job (KB)
...
006 (116663.000.000) 06/04 09:37:58 Image size of job updated: 790812
	66  -  MemoryUsage of job (MB)
	67504  -  ResidentSetSize of job (KB)
...
040 (116663.000.000) 06/04 09:57:53 Started transferring output files
...
040 (116663.000.000) 06/04 09:57:53 Finished transferring output files
...
005 (116663.000.000) 06/04 09:57:54 Job terminated.
	(1) Normal termination (return value 0)
		Usr 0 00:01:18, Sys 0 00:00:19  -  Run Remote Usage
		Usr 0 00:00:00, Sys 0 00:00:00  -  Run Local Usage
		Usr 0 00:01:18, Sys 0 00:00:19  -  Total Remote Usage
		Usr 0 00:00:00, Sys 0 00:00:00  -  Total Local Usage
	50836  -  Run Bytes Sent By Job
	19004  -  Run Bytes Received By Job
	50836  -  Total Bytes Sent By Job
	19004  -  Total Bytes Received By Job
	Partitionable Resources :      Usage  Request Allocated 
	   Cpus                 :       0.01        1         1 
	   Disk (KB)            : 2758836          20   1409895 
	   Memory (MB)          :      66        2000      2000 

	Job terminated of its own accord at 2021-06-04T07:57:53Z.
...
000 (124022.000.000) 06/08 10:52:07 Job submitted from host: <188.185.121.235:9618?addrs=188.185.121.235-9618+[2001-1458-d00-49--100-36e]-9618&alias=bigbird22.cern.ch&noUDP&sock=schedd_38044_991d>
...
040 (124022.000.000) 06/08 11:23:22 Entered queue to transfer input files
	Transferring to host: <188.184.139.177:9618?addrs=188.184.139.177-9618+[2001-1458-301-45--100-197]-9618&alias=b7g42n0694.cern.ch&noUDP&sock=slot1_8_23238_05ea_86977>
...
040 (124022.000.000) 06/08 11:53:59 Started transferring input files
	Seconds spent in queue: 1837
...
040 (124022.000.000) 06/08 11:53:59 Finished transferring input files
...
001 (124022.000.000) 06/08 11:53:59 Job executing on host: <188.184.139.177:9618?addrs=188.184.139.177-9618+[2001-1458-301-45--100-197]-9618&alias=b7g42n0694.cern.ch&noUDP&sock=startd_5596_f811>
...
006 (124022.000.000) 06/08 11:54:08 Image size of job updated: 1740
	2  -  MemoryUsage of job (MB)
	1740  -  ResidentSetSize of job (KB)
...
006 (124022.000.000) 06/08 11:59:09 Image size of job updated: 791448
	67  -  MemoryUsage of job (MB)
	67772  -  ResidentSetSize of job (KB)
...
006 (124022.000.000) 06/08 12:34:12 Image size of job updated: 791448
	91  -  MemoryUsage of job (MB)
	92764  -  ResidentSetSize of job (KB)
...
040 (124022.000.000) 06/08 12:34:16 Started transferring output files
	Seconds spent in queue: 4254
...
040 (124022.000.000) 06/08 12:34:16 Finished transferring output files
...
005 (124022.000.000) 06/08 12:34:17 Job terminated.
	(1) Normal termination (return value 0)
		Usr 0 00:01:06, Sys 0 00:00:14  -  Run Remote Usage
		Usr 0 00:00:00, Sys 0 00:00:00  -  Run Local Usage
		Usr 0 00:01:06, Sys 0 00:00:14  -  Total Remote Usage
		Usr 0 00:00:00, Sys 0 00:00:00  -  Total Local Usage
	50921  -  Run Bytes Sent By Job
	19004  -  Run Bytes Received By Job
	50921  -  Total Bytes Sent By Job
	19004  -  Total Bytes Received By Job
	Partitionable Resources :      Usage  Request Allocated 
	   Cpus                 :       0.01        1         1 
	   Disk (KB)            : 2758836          20    300044 
	   Memory (MB)          :      91        2000      2000 

	Job terminated of its own accord at 2021-06-08T10:34:16Z.
...
