000 (108352.000.000) 06/02 16:24:29 Job submitted from host: <188.185.121.235:9618?addrs=188.185.121.235-9618+[2001-1458-d00-49--100-36e]-9618&alias=bigbird22.cern.ch&noUDP&sock=schedd_38044_991d>
...
040 (108352.000.000) 06/02 16:27:15 Started transferring input files
	Transferring to host: <188.184.168.140:9618?addrs=188.184.168.140-9618+[2001-1458-301-c0--100-4d3]-9618&alias=b7g52n4738.cern.ch&noUDP&sock=slot1_3_5938_9bab_88439>
...
001 (108352.000.000) 06/02 16:27:15 Job executing on host: <188.184.168.140:9618?addrs=188.184.168.140-9618+[2001-1458-301-c0--100-4d3]-9618&alias=b7g52n4738.cern.ch&noUDP&sock=startd_17230_ece3>
...
040 (108352.000.000) 06/02 16:27:15 Finished transferring input files
...
006 (108352.000.000) 06/02 16:27:24 Image size of job updated: 790824
	66  -  MemoryUsage of job (MB)
	67496  -  ResidentSetSize of job (KB)
...
040 (108352.000.000) 06/02 16:28:09 Started transferring output files
...
040 (108352.000.000) 06/02 16:28:09 Finished transferring output files
...
005 (108352.000.000) 06/02 16:28:10 Job terminated.
	(1) Normal termination (return value 0)
		Usr 0 00:00:11, Sys 0 00:00:04  -  Run Remote Usage
		Usr 0 00:00:00, Sys 0 00:00:00  -  Run Local Usage
		Usr 0 00:00:11, Sys 0 00:00:04  -  Total Remote Usage
		Usr 0 00:00:00, Sys 0 00:00:00  -  Total Local Usage
	20307  -  Run Bytes Sent By Job
	19195  -  Run Bytes Received By Job
	20307  -  Total Bytes Sent By Job
	19195  -  Total Bytes Received By Job
	Partitionable Resources :    Usage  Request Allocated 
	   Cpus                 :                 1         1 
	   Disk (KB)            :   743551       20    125247 
	   Memory (MB)          :       66     2000      2000 

	Job terminated of its own accord at 2021-06-02T14:28:09Z.
...
