000 (146968.000.000) 06/16 08:18:38 Job submitted from host: <188.185.121.235:9618?addrs=188.185.121.235-9618+[2001-1458-d00-49--100-36e]-9618&alias=bigbird22.cern.ch&noUDP&sock=schedd_38044_991d>
...
040 (146968.000.000) 06/16 08:45:41 Started transferring input files
	Transferring to host: <188.184.198.151:9618?addrs=188.184.198.151-9618+[2001-1458-301-c1--100-a0]-9618&alias=b7g52n5484.cern.ch&noUDP&sock=slot1_3_7410_c3e6_42998>
...
001 (146968.000.000) 06/16 08:45:43 Job executing on host: <188.184.198.151:9618?addrs=188.184.198.151-9618+[2001-1458-301-c1--100-a0]-9618&alias=b7g52n5484.cern.ch&noUDP&sock=startd_6460_99e5>
...
040 (146968.000.000) 06/16 08:45:43 Finished transferring input files
...
006 (146968.000.000) 06/16 08:45:52 Image size of job updated: 42568
	42  -  MemoryUsage of job (MB)
	42568  -  ResidentSetSize of job (KB)
...
006 (146968.000.000) 06/16 08:50:53 Image size of job updated: 791432
	67  -  MemoryUsage of job (MB)
	67776  -  ResidentSetSize of job (KB)
...
040 (146968.000.000) 06/16 08:51:45 Entered queue to transfer output files
...
040 (146968.000.000) 06/16 08:51:48 Started transferring output files
...
040 (146968.000.000) 06/16 08:51:57 Finished transferring output files
...
005 (146968.000.000) 06/16 08:52:03 Job terminated.
	(1) Normal termination (return value 0)
		Usr 0 00:00:07, Sys 0 00:00:02  -  Run Remote Usage
		Usr 0 00:00:00, Sys 0 00:00:00  -  Run Local Usage
		Usr 0 00:00:07, Sys 0 00:00:02  -  Total Remote Usage
		Usr 0 00:00:00, Sys 0 00:00:00  -  Total Local Usage
	24603  -  Run Bytes Sent By Job
	19004  -  Run Bytes Received By Job
	24603  -  Total Bytes Sent By Job
	19004  -  Total Bytes Received By Job
	Partitionable Resources :     Usage  Request Allocated 
	   Cpus                 :      0.01        1         1 
	   Disk (KB)            : 466088          20    283010 
	   Memory (MB)          :     67        2000      2000 

	Job terminated of its own accord at 2021-06-16T06:51:40Z.
...
