000 (109052.000.000) 06/02 16:43:34 Job submitted from host: <188.185.121.235:9618?addrs=188.185.121.235-9618+[2001-1458-d00-49--100-36e]-9618&alias=bigbird22.cern.ch&noUDP&sock=schedd_38044_991d>
...
040 (109052.000.000) 06/02 17:15:52 Started transferring input files
	Transferring to host: <128.142.77.249:9618?addrs=128.142.77.249-9618+[2001-1458-301-f4--100-489]-9618&alias=b7s12n8183.cern.ch&noUDP&sock=slot1_10_5034_a886_34695>
...
001 (109052.000.000) 06/02 17:15:52 Job executing on host: <128.142.77.249:9618?addrs=128.142.77.249-9618+[2001-1458-301-f4--100-489]-9618&alias=b7s12n8183.cern.ch&noUDP&sock=startd_4038_4f84>
...
040 (109052.000.000) 06/02 17:15:52 Finished transferring input files
...
006 (109052.000.000) 06/02 17:16:01 Image size of job updated: 624804
	35  -  MemoryUsage of job (MB)
	35676  -  ResidentSetSize of job (KB)
...
006 (109052.000.000) 06/02 17:21:02 Image size of job updated: 790796
	112  -  MemoryUsage of job (MB)
	114424  -  ResidentSetSize of job (KB)
...
040 (109052.000.000) 06/02 17:22:23 Started transferring output files
...
040 (109052.000.000) 06/02 17:22:23 Finished transferring output files
...
005 (109052.000.000) 06/02 17:22:23 Job terminated.
	(1) Normal termination (return value 0)
		Usr 0 00:01:43, Sys 0 00:00:27  -  Run Remote Usage
		Usr 0 00:00:00, Sys 0 00:00:00  -  Run Local Usage
		Usr 0 00:01:43, Sys 0 00:00:27  -  Total Remote Usage
		Usr 0 00:00:00, Sys 0 00:00:00  -  Total Local Usage
	44288  -  Run Bytes Sent By Job
	19195  -  Run Bytes Received By Job
	44288  -  Total Bytes Sent By Job
	19195  -  Total Bytes Received By Job
	Partitionable Resources :    Usage  Request Allocated 
	   Cpus                 :                 1         1 
	   Disk (KB)            :  4240678       20    212380 
	   Memory (MB)          :      112     2000      2000 

	Job terminated of its own accord at 2021-06-02T15:22:22Z.
...
