000 (108453.000.000) 06/02 16:29:51 Job submitted from host: <188.185.121.235:9618?addrs=188.185.121.235-9618+[2001-1458-d00-49--100-36e]-9618&alias=bigbird22.cern.ch&noUDP&sock=schedd_38044_991d>
...
040 (108453.000.000) 06/02 16:33:43 Started transferring input files
	Transferring to host: <188.184.168.140:9618?addrs=188.184.168.140-9618+[2001-1458-301-c0--100-4d3]-9618&alias=b7g52n4738.cern.ch&noUDP&sock=slot1_1_5938_9bab_88462>
...
040 (108453.000.000) 06/02 16:33:43 Finished transferring input files
...
001 (108453.000.000) 06/02 16:33:43 Job executing on host: <188.184.168.140:9618?addrs=188.184.168.140-9618+[2001-1458-301-c0--100-4d3]-9618&alias=b7g52n4738.cern.ch&noUDP&sock=startd_17230_ece3>
...
006 (108453.000.000) 06/02 16:33:52 Image size of job updated: 782548
	66  -  MemoryUsage of job (MB)
	67500  -  ResidentSetSize of job (KB)
...
006 (108453.000.000) 06/02 16:34:37 Image size of job updated: 790796
	66  -  MemoryUsage of job (MB)
	67500  -  ResidentSetSize of job (KB)
...
040 (108453.000.000) 06/02 16:34:37 Started transferring output files
...
040 (108453.000.000) 06/02 16:34:37 Finished transferring output files
...
005 (108453.000.000) 06/02 16:34:37 Job terminated.
	(1) Normal termination (return value 0)
		Usr 0 00:00:12, Sys 0 00:00:02  -  Run Remote Usage
		Usr 0 00:00:00, Sys 0 00:00:00  -  Run Local Usage
		Usr 0 00:00:12, Sys 0 00:00:02  -  Total Remote Usage
		Usr 0 00:00:00, Sys 0 00:00:00  -  Total Local Usage
	20885  -  Run Bytes Sent By Job
	19195  -  Run Bytes Received By Job
	20885  -  Total Bytes Sent By Job
	19195  -  Total Bytes Received By Job
	Partitionable Resources :    Usage  Request Allocated 
	   Cpus                 :                 1         1 
	   Disk (KB)            :   743540       20    114479 
	   Memory (MB)          :       66     2000      2000 

	Job terminated of its own accord at 2021-06-02T14:34:37Z.
...
