000 (113341.000.000) 06/03 13:03:55 Job submitted from host: <188.185.121.235:9618?addrs=188.185.121.235-9618+[2001-1458-d00-49--100-36e]-9618&alias=bigbird22.cern.ch&noUDP&sock=schedd_38044_991d>
...
040 (113341.000.000) 06/03 13:21:36 Started transferring input files
	Transferring to host: <128.142.72.126:9618?addrs=128.142.72.126-9618+[2001-1458-301-75--100-1df]-9618&alias=b7s11n0938.cern.ch&noUDP&sock=slot1_9_571_1230_42497>
...
040 (113341.000.000) 06/03 13:21:36 Finished transferring input files
...
001 (113341.000.000) 06/03 13:21:36 Job executing on host: <128.142.72.126:9618?addrs=128.142.72.126-9618+[2001-1458-301-75--100-1df]-9618&alias=b7s11n0938.cern.ch&noUDP&sock=startd_4154_e080>
...
006 (113341.000.000) 06/03 13:21:45 Image size of job updated: 624804
	5  -  MemoryUsage of job (MB)
	4744  -  ResidentSetSize of job (KB)
...
006 (113341.000.000) 06/03 13:26:46 Image size of job updated: 790824
	35  -  MemoryUsage of job (MB)
	35152  -  ResidentSetSize of job (KB)
...
006 (113341.000.000) 06/03 13:31:47 Image size of job updated: 790824
	47  -  MemoryUsage of job (MB)
	47544  -  ResidentSetSize of job (KB)
...
006 (113341.000.000) 06/03 13:36:47 Image size of job updated: 790824
	66  -  MemoryUsage of job (MB)
	67500  -  ResidentSetSize of job (KB)
...
040 (113341.000.000) 06/03 15:58:02 Started transferring output files
...
040 (113341.000.000) 06/03 15:58:02 Finished transferring output files
...
005 (113341.000.000) 06/03 15:58:02 Job terminated.
	(1) Normal termination (return value 0)
		Usr 0 00:00:38, Sys 0 00:00:12  -  Run Remote Usage
		Usr 0 00:00:00, Sys 0 00:00:00  -  Run Local Usage
		Usr 0 00:00:38, Sys 0 00:00:12  -  Total Remote Usage
		Usr 0 00:00:00, Sys 0 00:00:00  -  Total Local Usage
	41337  -  Run Bytes Sent By Job
	19004  -  Run Bytes Received By Job
	41337  -  Total Bytes Sent By Job
	19004  -  Total Bytes Received By Job
	Partitionable Resources :      Usage  Request Allocated 
	   Cpus                 :       0.00        1         1 
	   Disk (KB)            : 1955464          20    283333 
	   Memory (MB)          :      66        2000      2000 

	Job terminated of its own accord at 2021-06-03T13:58:02Z.
...
000 (116992.000.000) 06/04 09:09:46 Job submitted from host: <188.185.121.235:9618?addrs=188.185.121.235-9618+[2001-1458-d00-49--100-36e]-9618&alias=bigbird22.cern.ch&noUDP&sock=schedd_38044_991d>
...
040 (116992.000.000) 06/04 09:50:16 Started transferring input files
	Transferring to host: <128.142.33.157:9618?addrs=128.142.33.157-9618+[2001-1458-301-117--100-e1]-9618&alias=b7g28n1784.cern.ch&noUDP&sock=slot1_5_25741_9cf0_82262>
...
001 (116992.000.000) 06/04 09:50:16 Job executing on host: <128.142.33.157:9618?addrs=128.142.33.157-9618+[2001-1458-301-117--100-e1]-9618&alias=b7g28n1784.cern.ch&noUDP&sock=startd_13366_8af1>
...
040 (116992.000.000) 06/04 09:50:16 Finished transferring input files
...
006 (116992.000.000) 06/04 09:50:25 Image size of job updated: 2620
	3  -  MemoryUsage of job (MB)
	2620  -  ResidentSetSize of job (KB)
...
006 (116992.000.000) 06/04 09:55:25 Image size of job updated: 790824
	39  -  MemoryUsage of job (MB)
	39276  -  ResidentSetSize of job (KB)
...
006 (116992.000.000) 06/04 10:00:25 Image size of job updated: 790824
	45  -  MemoryUsage of job (MB)
	45416  -  ResidentSetSize of job (KB)
...
006 (116992.000.000) 06/04 10:05:26 Image size of job updated: 790824
	66  -  MemoryUsage of job (MB)
	67496  -  ResidentSetSize of job (KB)
...
040 (116992.000.000) 06/04 14:00:10 Started transferring output files
...
040 (116992.000.000) 06/04 14:00:10 Finished transferring output files
...
005 (116992.000.000) 06/04 14:00:11 Job terminated.
	(1) Normal termination (return value 0)
		Usr 0 00:01:33, Sys 0 00:00:23  -  Run Remote Usage
		Usr 0 00:00:00, Sys 0 00:00:00  -  Run Local Usage
		Usr 0 00:01:33, Sys 0 00:00:23  -  Total Remote Usage
		Usr 0 00:00:00, Sys 0 00:00:00  -  Total Local Usage
	50323  -  Run Bytes Sent By Job
	19004  -  Run Bytes Received By Job
	50323  -  Total Bytes Sent By Job
	19004  -  Total Bytes Received By Job
	Partitionable Resources :      Usage  Request Allocated 
	   Cpus                 :       0.00        1         1 
	   Disk (KB)            : 2763010          20    204376 
	   Memory (MB)          :      66        2000      2000 

	Job terminated of its own accord at 2021-06-04T12:00:10Z.
...
000 (124324.000.000) 06/08 10:56:42 Job submitted from host: <188.185.121.235:9618?addrs=188.185.121.235-9618+[2001-1458-d00-49--100-36e]-9618&alias=bigbird22.cern.ch&noUDP&sock=schedd_38044_991d>
...
040 (124324.000.000) 06/08 12:31:11 Started transferring input files
	Transferring to host: <188.184.196.109:9618?addrs=188.184.196.109-9618+[2001-1458-301-102--100-73]-9618&alias=b7g24n0204.cern.ch&noUDP&sock=slot1_12_31492_b67a_94379>
...
001 (124324.000.000) 06/08 12:31:11 Job executing on host: <188.184.196.109:9618?addrs=188.184.196.109-9618+[2001-1458-301-102--100-73]-9618&alias=b7g24n0204.cern.ch&noUDP&sock=startd_31286_2c16>
...
040 (124324.000.000) 06/08 12:31:11 Finished transferring input files
...
006 (124324.000.000) 06/08 12:31:20 Image size of job updated: 527124
	4  -  MemoryUsage of job (MB)
	3272  -  ResidentSetSize of job (KB)
...
006 (124324.000.000) 06/08 12:36:20 Image size of job updated: 791456
	36  -  MemoryUsage of job (MB)
	36436  -  ResidentSetSize of job (KB)
...
006 (124324.000.000) 06/08 12:41:20 Image size of job updated: 791456
	54  -  MemoryUsage of job (MB)
	54552  -  ResidentSetSize of job (KB)
...
006 (124324.000.000) 06/08 12:46:21 Image size of job updated: 791456
	67  -  MemoryUsage of job (MB)
	67768  -  ResidentSetSize of job (KB)
...
040 (124324.000.000) 06/08 16:00:28 Started transferring output files
...
040 (124324.000.000) 06/08 16:00:28 Finished transferring output files
...
005 (124324.000.000) 06/08 16:00:28 Job terminated.
	(1) Normal termination (return value 0)
		Usr 0 00:01:30, Sys 0 00:00:13  -  Run Remote Usage
		Usr 0 00:00:00, Sys 0 00:00:00  -  Run Local Usage
		Usr 0 00:01:30, Sys 0 00:00:13  -  Total Remote Usage
		Usr 0 00:00:00, Sys 0 00:00:00  -  Total Local Usage
	50333  -  Run Bytes Sent By Job
	19004  -  Run Bytes Received By Job
	50333  -  Total Bytes Sent By Job
	19004  -  Total Bytes Received By Job
	Partitionable Resources :      Usage  Request Allocated 
	   Cpus                 :       0.00        1         1 
	   Disk (KB)            : 2763011          20    301341 
	   Memory (MB)          :      67        2000      2000 

	Job terminated of its own accord at 2021-06-08T14:00:28Z.
...
