000 (148341.000.000) 06/16 08:47:13 Job submitted from host: <188.185.121.235:9618?addrs=188.185.121.235-9618+[2001-1458-d00-49--100-36e]-9618&alias=bigbird22.cern.ch&noUDP&sock=schedd_38044_991d>
...
040 (148341.000.000) 06/16 09:08:37 Started transferring input files
	Transferring to host: <128.142.82.4:9618?addrs=128.142.82.4-9618+[2001-1458-301-f5--100-645]-9618&alias=b7s13n1790.cern.ch&noUDP&sock=slot1_15_4010_285c_49242>
...
001 (148341.000.000) 06/16 09:08:37 Job executing on host: <128.142.82.4:9618?addrs=128.142.82.4-9618+[2001-1458-301-f5--100-645]-9618&alias=b7s13n1790.cern.ch&noUDP&sock=startd_3353_7524>
...
040 (148341.000.000) 06/16 09:08:37 Finished transferring input files
...
006 (148341.000.000) 06/16 09:08:46 Image size of job updated: 37176
	37  -  MemoryUsage of job (MB)
	37176  -  ResidentSetSize of job (KB)
...
006 (148341.000.000) 06/16 09:13:47 Image size of job updated: 791452
	67  -  MemoryUsage of job (MB)
	67772  -  ResidentSetSize of job (KB)
...
040 (148341.000.000) 06/16 10:18:40 Started transferring output files
...
040 (148341.000.000) 06/16 10:18:40 Finished transferring output files
...
005 (148341.000.000) 06/16 10:18:40 Job terminated.
	(1) Normal termination (return value 0)
		Usr 0 00:00:46, Sys 0 00:00:14  -  Run Remote Usage
		Usr 0 00:00:00, Sys 0 00:00:00  -  Run Local Usage
		Usr 0 00:00:46, Sys 0 00:00:14  -  Total Remote Usage
		Usr 0 00:00:00, Sys 0 00:00:00  -  Total Local Usage
	46728  -  Run Bytes Sent By Job
	19004  -  Run Bytes Received By Job
	46728  -  Total Bytes Sent By Job
	19004  -  Total Bytes Received By Job
	Partitionable Resources :      Usage  Request Allocated 
	   Cpus                 :       0.00        1         1 
	   Disk (KB)            : 2367981          20    190092 
	   Memory (MB)          :      67        2000      2000 

	Job terminated of its own accord at 2021-06-16T08:18:40Z.
...
