000 (147739.000.000) 06/16 08:34:49 Job submitted from host: <188.185.121.235:9618?addrs=188.185.121.235-9618+[2001-1458-d00-49--100-36e]-9618&alias=bigbird22.cern.ch&noUDP&sock=schedd_38044_991d>
...
040 (147739.000.000) 06/16 08:56:55 Started transferring input files
	Transferring to host: <188.184.197.140:9618?addrs=188.184.197.140-9618+[2001-1458-301-103--100-456]-9618&alias=b7g23n8500.cern.ch&noUDP&sock=slot1_7_5689_2a40_38413>
...
040 (147739.000.000) 06/16 08:56:55 Finished transferring input files
...
001 (147739.000.000) 06/16 08:56:55 Job executing on host: <188.184.197.140:9618?addrs=188.184.197.140-9618+[2001-1458-301-103--100-456]-9618&alias=b7g23n8500.cern.ch&noUDP&sock=startd_4443_1b5f>
...
006 (147739.000.000) 06/16 08:57:04 Image size of job updated: 625444
	12  -  MemoryUsage of job (MB)
	11752  -  ResidentSetSize of job (KB)
...
006 (147739.000.000) 06/16 09:02:05 Image size of job updated: 791456
	67  -  MemoryUsage of job (MB)
	67760  -  ResidentSetSize of job (KB)
...
040 (147739.000.000) 06/16 10:40:27 Started transferring output files
...
040 (147739.000.000) 06/16 10:40:27 Finished transferring output files
...
005 (147739.000.000) 06/16 10:40:28 Job terminated.
	(1) Normal termination (return value 0)
		Usr 0 00:01:49, Sys 0 00:00:26  -  Run Remote Usage
		Usr 0 00:00:00, Sys 0 00:00:00  -  Run Local Usage
		Usr 0 00:01:49, Sys 0 00:00:26  -  Total Remote Usage
		Usr 0 00:00:00, Sys 0 00:00:00  -  Total Local Usage
	54375  -  Run Bytes Sent By Job
	19004  -  Run Bytes Received By Job
	54375  -  Total Bytes Sent By Job
	19004  -  Total Bytes Received By Job
	Partitionable Resources :      Usage  Request Allocated 
	   Cpus                 :       0.00        1         1 
	   Disk (KB)            : 3074424          20    351202 
	   Memory (MB)          :      67        2000      2000 

	Job terminated of its own accord at 2021-06-16T08:40:27Z.
...
