000 (148282.000.000) 06/16 08:46:29 Job submitted from host: <188.185.121.235:9618?addrs=188.185.121.235-9618+[2001-1458-d00-49--100-36e]-9618&alias=bigbird22.cern.ch&noUDP&sock=schedd_38044_991d>
...
040 (148282.000.000) 06/16 09:05:16 Started transferring input files
	Transferring to host: <128.142.161.110:9618?addrs=128.142.161.110-9618+[2001-1458-301-b8--100-2c]-9618&alias=b7g03p4836.cern.ch&noUDP&sock=slot1_56_257090_e990_116466>
...
001 (148282.000.000) 06/16 09:05:17 Job executing on host: <128.142.161.110:9618?addrs=128.142.161.110-9618+[2001-1458-301-b8--100-2c]-9618&alias=b7g03p4836.cern.ch&noUDP&sock=startd_3013_3ef1>
...
040 (148282.000.000) 06/16 09:05:17 Finished transferring input files
...
006 (148282.000.000) 06/16 09:05:26 Image size of job updated: 625444
	18  -  MemoryUsage of job (MB)
	18088  -  ResidentSetSize of job (KB)
...
006 (148282.000.000) 06/16 09:10:27 Image size of job updated: 791456
	67  -  MemoryUsage of job (MB)
	67768  -  ResidentSetSize of job (KB)
...
040 (148282.000.000) 06/16 09:36:52 Started transferring output files
...
040 (148282.000.000) 06/16 09:36:52 Finished transferring output files
...
005 (148282.000.000) 06/16 09:36:52 Job terminated.
	(1) Normal termination (return value 0)
		Usr 0 00:01:03, Sys 0 00:00:16  -  Run Remote Usage
		Usr 0 00:00:00, Sys 0 00:00:00  -  Run Local Usage
		Usr 0 00:01:03, Sys 0 00:00:16  -  Total Remote Usage
		Usr 0 00:00:00, Sys 0 00:00:00  -  Total Local Usage
	46639  -  Run Bytes Sent By Job
	19004  -  Run Bytes Received By Job
	46639  -  Total Bytes Sent By Job
	19004  -  Total Bytes Received By Job
	Partitionable Resources :      Usage  Request Allocated 
	   Cpus                 :       1.00        1         1 
	   Disk (KB)            : 2367444          20   1437558 
	   Memory (MB)          :      67        2000      2000 

	Job terminated of its own accord at 2021-06-16T07:36:51Z.
...
