000 (147090.000.000) 06/16 08:20:37 Job submitted from host: <188.185.121.235:9618?addrs=188.185.121.235-9618+[2001-1458-d00-49--100-36e]-9618&alias=bigbird22.cern.ch&noUDP&sock=schedd_38044_991d>
...
040 (147090.000.000) 06/16 08:46:42 Started transferring input files
	Transferring to host: <128.142.83.249:9618?addrs=128.142.83.249-9618+[2001-1458-301-f5--100-209]-9618&alias=b7s13n1700.cern.ch&noUDP&sock=slot1_9_6023_7f8e_42673>
...
040 (147090.000.000) 06/16 08:46:42 Finished transferring input files
...
001 (147090.000.000) 06/16 08:46:42 Job executing on host: <128.142.83.249:9618?addrs=128.142.83.249-9618+[2001-1458-301-f5--100-209]-9618&alias=b7s13n1700.cern.ch&noUDP&sock=startd_4887_a76c>
...
006 (147090.000.000) 06/16 08:46:50 Image size of job updated: 783184
	28  -  MemoryUsage of job (MB)
	27960  -  ResidentSetSize of job (KB)
...
006 (147090.000.000) 06/16 08:51:51 Image size of job updated: 791444
	67  -  MemoryUsage of job (MB)
	67776  -  ResidentSetSize of job (KB)
...
040 (147090.000.000) 06/16 08:53:58 Started transferring output files
...
040 (147090.000.000) 06/16 08:53:58 Finished transferring output files
...
005 (147090.000.000) 06/16 08:53:59 Job terminated.
	(1) Normal termination (return value 0)
		Usr 0 00:00:10, Sys 0 00:00:02  -  Run Remote Usage
		Usr 0 00:00:00, Sys 0 00:00:00  -  Run Local Usage
		Usr 0 00:00:10, Sys 0 00:00:02  -  Total Remote Usage
		Usr 0 00:00:00, Sys 0 00:00:00  -  Total Local Usage
	21391  -  Run Bytes Sent By Job
	19004  -  Run Bytes Received By Job
	21391  -  Total Bytes Sent By Job
	19004  -  Total Bytes Received By Job
	Partitionable Resources :    Usage  Request Allocated 
	   Cpus                 :                 1         1 
	   Disk (KB)            :   466457       20    238480 
	   Memory (MB)          :       67     2000      2000 

	Job terminated of its own accord at 2021-06-16T06:53:58Z.
...
