000 (109006.000.000) 06/02 16:42:43 Job submitted from host: <188.185.121.235:9618?addrs=188.185.121.235-9618+[2001-1458-d00-49--100-36e]-9618&alias=bigbird22.cern.ch&noUDP&sock=schedd_38044_991d>
...
040 (109006.000.000) 06/02 17:07:21 Started transferring input files
	Transferring to host: <188.184.139.169:9618?addrs=188.184.139.169-9618+[2001-1458-301-45--100-195]-9618&alias=b7g42n0693.cern.ch&noUDP&sock=slot1_4_3153_52d9_28580>
...
001 (109006.000.000) 06/02 17:07:21 Job executing on host: <188.184.139.169:9618?addrs=188.184.139.169-9618+[2001-1458-301-45--100-195]-9618&alias=b7g42n0693.cern.ch&noUDP&sock=startd_2820_dd29>
...
040 (109006.000.000) 06/02 17:07:21 Finished transferring input files
...
006 (109006.000.000) 06/02 17:07:30 Image size of job updated: 624804
	7  -  MemoryUsage of job (MB)
	6684  -  ResidentSetSize of job (KB)
...
006 (109006.000.000) 06/02 17:12:30 Image size of job updated: 790812
	66  -  MemoryUsage of job (MB)
	67500  -  ResidentSetSize of job (KB)
...
006 (109006.000.000) 06/02 17:27:32 Image size of job updated: 790812
	113  -  MemoryUsage of job (MB)
	115108  -  ResidentSetSize of job (KB)
...
040 (109006.000.000) 06/02 17:27:47 Started transferring output files
...
040 (109006.000.000) 06/02 17:27:47 Finished transferring output files
...
005 (109006.000.000) 06/02 17:27:48 Job terminated.
	(1) Normal termination (return value 0)
		Usr 0 00:02:48, Sys 0 00:00:29  -  Run Remote Usage
		Usr 0 00:00:00, Sys 0 00:00:00  -  Run Local Usage
		Usr 0 00:02:48, Sys 0 00:00:29  -  Total Remote Usage
		Usr 0 00:00:00, Sys 0 00:00:00  -  Total Local Usage
	66958  -  Run Bytes Sent By Job
	19195  -  Run Bytes Received By Job
	66958  -  Total Bytes Sent By Job
	19195  -  Total Bytes Received By Job
	Partitionable Resources :      Usage  Request Allocated 
	   Cpus                 :       0.96        1         1 
	   Disk (KB)            : 4242675          20    267979 
	   Memory (MB)          :     113        2000      2000 

	Job terminated of its own accord at 2021-06-02T15:27:47Z.
...
