000 (148025.000.000) 06/16 08:40:37 Job submitted from host: <188.185.121.235:9618?addrs=188.185.121.235-9618+[2001-1458-d00-49--100-36e]-9618&alias=bigbird22.cern.ch&noUDP&sock=schedd_38044_991d>
...
040 (148025.000.000) 06/16 08:58:51 Started transferring input files
	Transferring to host: <128.142.84.213:9618?addrs=128.142.84.213-9618+[2001-1458-301-f6--100-13]-9618&alias=b7s14n1470.cern.ch&noUDP&sock=slot1_6_6480_7f01_95899>
...
040 (148025.000.000) 06/16 08:58:51 Finished transferring input files
...
001 (148025.000.000) 06/16 08:58:51 Job executing on host: <128.142.84.213:9618?addrs=128.142.84.213-9618+[2001-1458-301-f6--100-13]-9618&alias=b7s14n1470.cern.ch&noUDP&sock=startd_16751_5f06>
...
006 (148025.000.000) 06/16 08:58:59 Image size of job updated: 5624
	6  -  MemoryUsage of job (MB)
	5624  -  ResidentSetSize of job (KB)
...
006 (148025.000.000) 06/16 09:03:59 Image size of job updated: 791452
	67  -  MemoryUsage of job (MB)
	67776  -  ResidentSetSize of job (KB)
...
040 (148025.000.000) 06/16 12:14:07 Started transferring output files
...
040 (148025.000.000) 06/16 12:14:07 Finished transferring output files
...
005 (148025.000.000) 06/16 12:14:07 Job terminated.
	(1) Normal termination (return value 0)
		Usr 0 00:01:33, Sys 0 00:00:22  -  Run Remote Usage
		Usr 0 00:00:00, Sys 0 00:00:00  -  Run Local Usage
		Usr 0 00:01:33, Sys 0 00:00:22  -  Total Remote Usage
		Usr 0 00:00:00, Sys 0 00:00:00  -  Total Local Usage
	54360  -  Run Bytes Sent By Job
	19004  -  Run Bytes Received By Job
	54360  -  Total Bytes Sent By Job
	19004  -  Total Bytes Received By Job
	Partitionable Resources :      Usage  Request Allocated 
	   Cpus                 :       0.01        1         1 
	   Disk (KB)            : 3079527          20    263392 
	   Memory (MB)          :      67        2000      2000 

	Job terminated of its own accord at 2021-06-16T10:14:07Z.
...
