000 (112975.000.000) 06/03 12:57:37 Job submitted from host: <188.185.121.235:9618?addrs=188.185.121.235-9618+[2001-1458-d00-49--100-36e]-9618&alias=bigbird22.cern.ch&noUDP&sock=schedd_38044_991d>
...
040 (112975.000.000) 06/03 13:19:12 Started transferring input files
	Transferring to host: <188.184.198.138:9618?addrs=188.184.198.138-9618+[2001-1458-301-c1--100-28a]-9618&alias=b7g52n9871.cern.ch&noUDP&sock=slot1_8_5098_c088_30020>
...
001 (112975.000.000) 06/03 13:19:12 Job executing on host: <188.184.198.138:9618?addrs=188.184.198.138-9618+[2001-1458-301-c1--100-28a]-9618&alias=b7g52n9871.cern.ch&noUDP&sock=startd_3893_da48>
...
040 (112975.000.000) 06/03 13:19:12 Finished transferring input files
...
006 (112975.000.000) 06/03 13:19:20 Image size of job updated: 4480
	5  -  MemoryUsage of job (MB)
	4480  -  ResidentSetSize of job (KB)
...
006 (112975.000.000) 06/03 13:24:20 Image size of job updated: 790824
	36  -  MemoryUsage of job (MB)
	36376  -  ResidentSetSize of job (KB)
...
006 (112975.000.000) 06/03 13:29:20 Image size of job updated: 790824
	45  -  MemoryUsage of job (MB)
	45200  -  ResidentSetSize of job (KB)
...
006 (112975.000.000) 06/03 13:34:22 Image size of job updated: 790824
	66  -  MemoryUsage of job (MB)
	67504  -  ResidentSetSize of job (KB)
...
040 (112975.000.000) 06/03 16:06:44 Started transferring output files
...
040 (112975.000.000) 06/03 16:06:44 Finished transferring output files
...
005 (112975.000.000) 06/03 16:06:44 Job terminated.
	(1) Normal termination (return value 0)
		Usr 0 00:00:39, Sys 0 00:00:14  -  Run Remote Usage
		Usr 0 00:00:00, Sys 0 00:00:00  -  Run Local Usage
		Usr 0 00:00:39, Sys 0 00:00:14  -  Total Remote Usage
		Usr 0 00:00:00, Sys 0 00:00:00  -  Total Local Usage
	41812  -  Run Bytes Sent By Job
	19004  -  Run Bytes Received By Job
	41812  -  Total Bytes Sent By Job
	19004  -  Total Bytes Received By Job
	Partitionable Resources :      Usage  Request Allocated 
	   Cpus                 :       0.00        1         1 
	   Disk (KB)            : 1952692          20    283731 
	   Memory (MB)          :      66        2000      2000 

	Job terminated of its own accord at 2021-06-03T14:06:44Z.
...
000 (116597.000.000) 06/04 09:04:55 Job submitted from host: <188.185.121.235:9618?addrs=188.185.121.235-9618+[2001-1458-d00-49--100-36e]-9618&alias=bigbird22.cern.ch&noUDP&sock=schedd_38044_991d>
...
040 (116597.000.000) 06/04 09:21:39 Started transferring input files
	Transferring to host: <188.184.211.200:9618?addrs=188.184.211.200-9618&alias=b7g23n8961.cern.ch&noUDP&sock=slot1_10_2704_f667_40550>
...
040 (116597.000.000) 06/04 09:21:39 Finished transferring input files
...
001 (116597.000.000) 06/04 09:21:39 Job executing on host: <188.184.211.200:9618?addrs=188.184.211.200-9618&alias=b7g23n8961.cern.ch&noUDP&sock=startd_2285_e5fe>
...
006 (116597.000.000) 06/04 09:21:48 Image size of job updated: 11840
	12  -  MemoryUsage of job (MB)
	11840  -  ResidentSetSize of job (KB)
...
006 (116597.000.000) 06/04 09:26:48 Image size of job updated: 790824
	66  -  MemoryUsage of job (MB)
	67496  -  ResidentSetSize of job (KB)
...
040 (116597.000.000) 06/04 09:41:08 Started transferring output files
...
040 (116597.000.000) 06/04 09:41:08 Finished transferring output files
...
005 (116597.000.000) 06/04 09:41:08 Job terminated.
	(1) Normal termination (return value 0)
		Usr 0 00:01:36, Sys 0 00:00:17  -  Run Remote Usage
		Usr 0 00:00:00, Sys 0 00:00:00  -  Run Local Usage
		Usr 0 00:01:36, Sys 0 00:00:17  -  Total Remote Usage
		Usr 0 00:00:00, Sys 0 00:00:00  -  Total Local Usage
	50589  -  Run Bytes Sent By Job
	19004  -  Run Bytes Received By Job
	50589  -  Total Bytes Sent By Job
	19004  -  Total Bytes Received By Job
	Partitionable Resources :      Usage  Request Allocated 
	   Cpus                 :       0.97        1         1 
	   Disk (KB)            : 2758777          20    349628 
	   Memory (MB)          :      66        2000      2000 

	Job terminated of its own accord at 2021-06-04T07:41:08Z.
...
000 (123953.000.000) 06/08 10:51:16 Job submitted from host: <188.185.121.235:9618?addrs=188.185.121.235-9618+[2001-1458-d00-49--100-36e]-9618&alias=bigbird22.cern.ch&noUDP&sock=schedd_38044_991d>
...
040 (123953.000.000) 06/08 11:22:23 Entered queue to transfer input files
	Transferring to host: <128.142.79.179:9618?addrs=128.142.79.179-9618+[2001-1458-301-f4--100-15]-9618&alias=b7s12n1916.cern.ch&noUDP&sock=slot1_4_5801_1445_46623>
...
040 (123953.000.000) 06/08 11:53:59 Started transferring input files
	Seconds spent in queue: 1896
...
001 (123953.000.000) 06/08 11:53:59 Job executing on host: <128.142.79.179:9618?addrs=128.142.79.179-9618+[2001-1458-301-f4--100-15]-9618&alias=b7s12n1916.cern.ch&noUDP&sock=startd_4651_c712>
...
040 (123953.000.000) 06/08 11:53:59 Finished transferring input files
...
006 (123953.000.000) 06/08 11:54:07 Image size of job updated: 396052
	3  -  MemoryUsage of job (MB)
	2092  -  ResidentSetSize of job (KB)
...
006 (123953.000.000) 06/08 11:59:07 Image size of job updated: 791448
	67  -  MemoryUsage of job (MB)
	67772  -  ResidentSetSize of job (KB)
...
040 (123953.000.000) 06/08 12:20:58 Started transferring output files
	Seconds spent in queue: 3515
...
040 (123953.000.000) 06/08 12:20:58 Finished transferring output files
...
005 (123953.000.000) 06/08 12:20:59 Job terminated.
	(1) Normal termination (return value 0)
		Usr 0 00:01:06, Sys 0 00:00:13  -  Run Remote Usage
		Usr 0 00:00:00, Sys 0 00:00:00  -  Run Local Usage
		Usr 0 00:01:06, Sys 0 00:00:13  -  Total Remote Usage
		Usr 0 00:00:00, Sys 0 00:00:00  -  Total Local Usage
	50592  -  Run Bytes Sent By Job
	19004  -  Run Bytes Received By Job
	50592  -  Total Bytes Sent By Job
	19004  -  Total Bytes Received By Job
	Partitionable Resources :      Usage  Request Allocated 
	   Cpus                 :       0.01        1         1 
	   Disk (KB)            : 2758778          20    264584 
	   Memory (MB)          :      67        2000      2000 

	Job terminated of its own accord at 2021-06-08T10:20:58Z.
...
