000 (109215.000.000) 06/02 16:47:53 Job submitted from host: <188.185.121.235:9618?addrs=188.185.121.235-9618+[2001-1458-d00-49--100-36e]-9618&alias=bigbird22.cern.ch&noUDP&sock=schedd_38044_991d>
...
040 (109215.000.000) 06/02 18:21:52 Started transferring input files
	Transferring to host: <188.184.138.61:9618?addrs=188.184.138.61-9618+[2001-1458-301-45--100-2e]-9618&alias=b7g42n0138.cern.ch&noUDP&sock=slot1_11_5824_48e6_34896>
...
001 (109215.000.000) 06/02 18:21:52 Job executing on host: <188.184.138.61:9618?addrs=188.184.138.61-9618+[2001-1458-301-45--100-2e]-9618&alias=b7g42n0138.cern.ch&noUDP&sock=startd_4672_2e8f>
...
040 (109215.000.000) 06/02 18:21:52 Finished transferring input files
...
006 (109215.000.000) 06/02 18:22:01 Image size of job updated: 766156
	66  -  MemoryUsage of job (MB)
	67500  -  ResidentSetSize of job (KB)
...
006 (109215.000.000) 06/02 18:24:20 Image size of job updated: 790796
	66  -  MemoryUsage of job (MB)
	67500  -  ResidentSetSize of job (KB)
...
040 (109215.000.000) 06/02 18:24:20 Started transferring output files
...
040 (109215.000.000) 06/02 18:24:20 Finished transferring output files
...
005 (109215.000.000) 06/02 18:24:20 Job terminated.
	(1) Normal termination (return value 0)
		Usr 0 00:00:52, Sys 0 00:00:09  -  Run Remote Usage
		Usr 0 00:00:00, Sys 0 00:00:00  -  Run Local Usage
		Usr 0 00:00:52, Sys 0 00:00:09  -  Total Remote Usage
		Usr 0 00:00:00, Sys 0 00:00:00  -  Total Local Usage
	29291  -  Run Bytes Sent By Job
	19195  -  Run Bytes Received By Job
	29291  -  Total Bytes Sent By Job
	19195  -  Total Bytes Received By Job
	Partitionable Resources :    Usage  Request Allocated 
	   Cpus                 :                 1         1 
	   Disk (KB)            :  1952963       20    264227 
	   Memory (MB)          :       66     2000      2000 

	Job terminated of its own accord at 2021-06-02T16:24:20Z.
...
