000 (108717.000.000) 06/02 16:36:31 Job submitted from host: <188.185.121.235:9618?addrs=188.185.121.235-9618+[2001-1458-d00-49--100-36e]-9618&alias=bigbird22.cern.ch&noUDP&sock=schedd_38044_991d>
...
040 (108717.000.000) 06/02 16:47:18 Started transferring input files
	Transferring to host: <188.184.168.9:9618?addrs=188.184.168.9-9618+[2001-1458-301-c0--100-34]-9618&alias=b7g52n1050.cern.ch&noUDP&sock=slot1_12_9474_0a3a_104430>
...
040 (108717.000.000) 06/02 16:47:18 Finished transferring input files
...
001 (108717.000.000) 06/02 16:47:18 Job executing on host: <188.184.168.9:9618?addrs=188.184.168.9-9618+[2001-1458-301-c0--100-34]-9618&alias=b7g52n1050.cern.ch&noUDP&sock=startd_15731_bc6c>
...
006 (108717.000.000) 06/02 16:47:27 Image size of job updated: 790800
	66  -  MemoryUsage of job (MB)
	67496  -  ResidentSetSize of job (KB)
...
040 (108717.000.000) 06/02 16:55:51 Started transferring output files
...
040 (108717.000.000) 06/02 16:55:51 Finished transferring output files
...
005 (108717.000.000) 06/02 16:55:51 Job terminated.
	(1) Normal termination (return value 0)
		Usr 0 00:01:47, Sys 0 00:00:27  -  Run Remote Usage
		Usr 0 00:00:00, Sys 0 00:00:00  -  Run Local Usage
		Usr 0 00:01:47, Sys 0 00:00:27  -  Total Remote Usage
		Usr 0 00:00:00, Sys 0 00:00:00  -  Total Local Usage
	53481  -  Run Bytes Sent By Job
	19195  -  Run Bytes Received By Job
	53481  -  Total Bytes Sent By Job
	19195  -  Total Bytes Received By Job
	Partitionable Resources :    Usage  Request Allocated 
	   Cpus                 :                 1         1 
	   Disk (KB)            :  4242326       20    286078 
	   Memory (MB)          :       66     2000      2000 

	Job terminated of its own accord at 2021-06-02T14:55:51Z.
...
