000 (112998.000.000) 06/03 12:57:54 Job submitted from host: <188.185.121.235:9618?addrs=188.185.121.235-9618+[2001-1458-d00-49--100-36e]-9618&alias=bigbird22.cern.ch&noUDP&sock=schedd_38044_991d>
...
040 (112998.000.000) 06/03 13:19:20 Started transferring input files
	Transferring to host: <188.184.183.28:9618?addrs=188.184.183.28-9618+[2001-1458-301-2b--100-14e]-9618&alias=b7g41n4670.cern.ch&noUDP&sock=slot1_9_4906_7881_42282>
...
040 (112998.000.000) 06/03 13:19:20 Finished transferring input files
...
001 (112998.000.000) 06/03 13:19:20 Job executing on host: <188.184.183.28:9618?addrs=188.184.183.28-9618+[2001-1458-301-2b--100-14e]-9618&alias=b7g41n4670.cern.ch&noUDP&sock=startd_3830_a3d1>
...
006 (112998.000.000) 06/03 13:19:29 Image size of job updated: 624804
	7  -  MemoryUsage of job (MB)
	6456  -  ResidentSetSize of job (KB)
...
006 (112998.000.000) 06/03 13:24:29 Image size of job updated: 790820
	66  -  MemoryUsage of job (MB)
	67500  -  ResidentSetSize of job (KB)
...
040 (112998.000.000) 06/03 14:15:49 Started transferring output files
...
040 (112998.000.000) 06/03 14:15:49 Finished transferring output files
...
005 (112998.000.000) 06/03 14:15:49 Job terminated.
	(1) Normal termination (return value 0)
		Usr 0 00:00:58, Sys 0 00:00:12  -  Run Remote Usage
		Usr 0 00:00:00, Sys 0 00:00:00  -  Run Local Usage
		Usr 0 00:00:58, Sys 0 00:00:12  -  Total Remote Usage
		Usr 0 00:00:00, Sys 0 00:00:00  -  Total Local Usage
	41770  -  Run Bytes Sent By Job
	19004  -  Run Bytes Received By Job
	41770  -  Total Bytes Sent By Job
	19004  -  Total Bytes Received By Job
	Partitionable Resources :      Usage  Request Allocated 
	   Cpus                 :       0.01        1         1 
	   Disk (KB)            : 1952597          20    336206 
	   Memory (MB)          :      66        2000      2000 

	Job terminated of its own accord at 2021-06-03T12:15:49Z.
...
000 (116619.000.000) 06/04 09:05:13 Job submitted from host: <188.185.121.235:9618?addrs=188.185.121.235-9618+[2001-1458-d00-49--100-36e]-9618&alias=bigbird22.cern.ch&noUDP&sock=schedd_38044_991d>
...
040 (116619.000.000) 06/04 09:24:28 Started transferring input files
	Transferring to host: <128.142.76.227:9618?addrs=128.142.76.227-9618+[2001-1458-301-f4--100-31b]-9618&alias=b7s12n3837.cern.ch&noUDP&sock=slot1_5_31700_4482_87437>
...
040 (116619.000.000) 06/04 09:24:28 Finished transferring input files
...
001 (116619.000.000) 06/04 09:24:28 Job executing on host: <128.142.76.227:9618?addrs=128.142.76.227-9618+[2001-1458-301-f4--100-31b]-9618&alias=b7s12n3837.cern.ch&noUDP&sock=startd_16789_6f9f>
...
006 (116619.000.000) 06/04 09:24:36 Image size of job updated: 4604
	5  -  MemoryUsage of job (MB)
	4604  -  ResidentSetSize of job (KB)
...
006 (116619.000.000) 06/04 09:29:36 Image size of job updated: 790824
	36  -  MemoryUsage of job (MB)
	36036  -  ResidentSetSize of job (KB)
...
006 (116619.000.000) 06/04 09:34:37 Image size of job updated: 790824
	66  -  MemoryUsage of job (MB)
	67504  -  ResidentSetSize of job (KB)
...
040 (116619.000.000) 06/04 13:23:58 Started transferring output files
...
040 (116619.000.000) 06/04 13:23:58 Finished transferring output files
...
005 (116619.000.000) 06/04 13:23:59 Job terminated.
	(1) Normal termination (return value 0)
		Usr 0 00:01:22, Sys 0 00:00:16  -  Run Remote Usage
		Usr 0 00:00:00, Sys 0 00:00:00  -  Run Local Usage
		Usr 0 00:01:22, Sys 0 00:00:16  -  Total Remote Usage
		Usr 0 00:00:00, Sys 0 00:00:00  -  Total Local Usage
	50580  -  Run Bytes Sent By Job
	19004  -  Run Bytes Received By Job
	50580  -  Total Bytes Sent By Job
	19004  -  Total Bytes Received By Job
	Partitionable Resources :      Usage  Request Allocated 
	   Cpus                 :       0.00        1         1 
	   Disk (KB)            : 2758874          20    272973 
	   Memory (MB)          :      66        2000      2000 

	Job terminated of its own accord at 2021-06-04T11:23:58Z.
...
000 (123979.000.000) 06/08 10:51:36 Job submitted from host: <188.185.121.235:9618?addrs=188.185.121.235-9618+[2001-1458-d00-49--100-36e]-9618&alias=bigbird22.cern.ch&noUDP&sock=schedd_38044_991d>
...
040 (123979.000.000) 06/08 11:22:39 Entered queue to transfer input files
	Transferring to host: <188.184.139.222:9618?addrs=188.184.139.222-9618+[2001-1458-301-45--100-1d5]-9618&alias=b7g42n0750.cern.ch&noUDP&sock=slot1_11_5044_b446_44831>
...
040 (123979.000.000) 06/08 11:53:59 Started transferring input files
	Seconds spent in queue: 1880
...
040 (123979.000.000) 06/08 11:53:59 Finished transferring input files
...
001 (123979.000.000) 06/08 11:53:59 Job executing on host: <188.184.139.222:9618?addrs=188.184.139.222-9618+[2001-1458-301-45--100-1d5]-9618&alias=b7g42n0750.cern.ch&noUDP&sock=startd_4021_a667>
...
006 (123979.000.000) 06/08 11:54:08 Image size of job updated: 1740
	2  -  MemoryUsage of job (MB)
	1740  -  ResidentSetSize of job (KB)
...
006 (123979.000.000) 06/08 11:59:09 Image size of job updated: 791456
	41  -  MemoryUsage of job (MB)
	41332  -  ResidentSetSize of job (KB)
...
006 (123979.000.000) 06/08 12:04:10 Image size of job updated: 791456
	67  -  MemoryUsage of job (MB)
	67764  -  ResidentSetSize of job (KB)
...
040 (123979.000.000) 06/08 15:28:07 Started transferring output files
	Seconds spent in queue: 14728
...
040 (123979.000.000) 06/08 15:28:07 Finished transferring output files
...
005 (123979.000.000) 06/08 15:28:07 Job terminated.
	(1) Normal termination (return value 0)
		Usr 0 00:01:30, Sys 0 00:00:15  -  Run Remote Usage
		Usr 0 00:00:00, Sys 0 00:00:00  -  Run Local Usage
		Usr 0 00:01:30, Sys 0 00:00:15  -  Total Remote Usage
		Usr 0 00:00:00, Sys 0 00:00:00  -  Total Local Usage
	50586  -  Run Bytes Sent By Job
	19004  -  Run Bytes Received By Job
	50586  -  Total Bytes Sent By Job
	19004  -  Total Bytes Received By Job
	Partitionable Resources :      Usage  Request Allocated 
	   Cpus                 :       0.00        1         1 
	   Disk (KB)            : 2758872          20    311393 
	   Memory (MB)          :      67        2000      2000 

	Job terminated of its own accord at 2021-06-08T13:28:07Z.
...
