000 (148737.000.000) 06/16 08:55:58 Job submitted from host: <188.185.121.235:9618?addrs=188.185.121.235-9618+[2001-1458-d00-49--100-36e]-9618&alias=bigbird22.cern.ch&noUDP&sock=schedd_38044_991d>
...
040 (148737.000.000) 06/16 09:54:45 Started transferring input files
	Transferring to host: <128.142.74.151:9618?addrs=128.142.74.151-9618+[2001-1458-301-75--100-4db]-9618&alias=b7s11n1623.cern.ch&noUDP&sock=slot1_9_5625_123e_45107>
...
040 (148737.000.000) 06/16 09:54:45 Finished transferring input files
...
001 (148737.000.000) 06/16 09:54:45 Job executing on host: <128.142.74.151:9618?addrs=128.142.74.151-9618+[2001-1458-301-75--100-4db]-9618&alias=b7s11n1623.cern.ch&noUDP&sock=startd_4474_5ece>
...
006 (148737.000.000) 06/16 09:54:53 Image size of job updated: 55184
	54  -  MemoryUsage of job (MB)
	55184  -  ResidentSetSize of job (KB)
...
006 (148737.000.000) 06/16 09:59:07 Image size of job updated: 791428
	54  -  MemoryUsage of job (MB)
	55288  -  ResidentSetSize of job (KB)
...
040 (148737.000.000) 06/16 09:59:07 Started transferring output files
...
040 (148737.000.000) 06/16 09:59:07 Finished transferring output files
...
005 (148737.000.000) 06/16 09:59:08 Job terminated.
	(1) Normal termination (return value 0)
		Usr 0 00:00:48, Sys 0 00:00:14  -  Run Remote Usage
		Usr 0 00:00:00, Sys 0 00:00:00  -  Run Local Usage
		Usr 0 00:00:48, Sys 0 00:00:14  -  Total Remote Usage
		Usr 0 00:00:00, Sys 0 00:00:00  -  Total Local Usage
	39097  -  Run Bytes Sent By Job
	19004  -  Run Bytes Received By Job
	39097  -  Total Bytes Sent By Job
	19004  -  Total Bytes Received By Job
	Partitionable Resources :    Usage  Request Allocated 
	   Cpus                 :                 1         1 
	   Disk (KB)            :  2364995       20    283946 
	   Memory (MB)          :       54     2000      2000 

	Job terminated of its own accord at 2021-06-16T07:59:07Z.
...
