000 (109150.000.000) 06/02 16:46:18 Job submitted from host: <188.185.121.235:9618?addrs=188.185.121.235-9618+[2001-1458-d00-49--100-36e]-9618&alias=bigbird22.cern.ch&noUDP&sock=schedd_38044_991d>
...
040 (109150.000.000) 06/02 17:26:30 Started transferring input files
	Transferring to host: <188.184.196.147:9618?addrs=188.184.196.147-9618+[2001-1458-301-102--100-93]-9618&alias=b7g24n0270.cern.ch&noUDP&sock=slot1_11_3582_97cb_34290>
...
040 (109150.000.000) 06/02 17:26:30 Finished transferring input files
...
001 (109150.000.000) 06/02 17:26:30 Job executing on host: <188.184.196.147:9618?addrs=188.184.196.147-9618+[2001-1458-301-102--100-93]-9618&alias=b7g24n0270.cern.ch&noUDP&sock=startd_2930_5094>
...
006 (109150.000.000) 06/02 17:26:38 Image size of job updated: 624804
	13  -  MemoryUsage of job (MB)
	13256  -  ResidentSetSize of job (KB)
...
006 (109150.000.000) 06/02 17:31:38 Image size of job updated: 790820
	66  -  MemoryUsage of job (MB)
	67500  -  ResidentSetSize of job (KB)
...
040 (109150.000.000) 06/02 18:24:41 Started transferring output files
...
040 (109150.000.000) 06/02 18:24:41 Finished transferring output files
...
005 (109150.000.000) 06/02 18:24:41 Job terminated.
	(1) Normal termination (return value 0)
		Usr 0 00:00:57, Sys 0 00:00:11  -  Run Remote Usage
		Usr 0 00:00:00, Sys 0 00:00:00  -  Run Local Usage
		Usr 0 00:00:57, Sys 0 00:00:11  -  Total Remote Usage
		Usr 0 00:00:00, Sys 0 00:00:00  -  Total Local Usage
	42225  -  Run Bytes Sent By Job
	19195  -  Run Bytes Received By Job
	42225  -  Total Bytes Sent By Job
	19195  -  Total Bytes Received By Job
	Partitionable Resources :      Usage  Request Allocated 
	   Cpus                 :       0.00        1         1 
	   Disk (KB)            : 1952539          20    314288 
	   Memory (MB)          :      66        2000      2000 

	Job terminated of its own accord at 2021-06-02T16:24:40Z.
...
