000 (109022.000.000) 06/02 16:42:58 Job submitted from host: <188.185.121.235:9618?addrs=188.185.121.235-9618+[2001-1458-d00-49--100-36e]-9618&alias=bigbird22.cern.ch&noUDP&sock=schedd_38044_991d>
...
040 (109022.000.000) 06/02 17:11:46 Started transferring input files
	Transferring to host: <188.184.212.173:9618?addrs=188.184.212.173-9618&alias=b7g24n0312.cern.ch&noUDP&sock=slot1_4_2311_0ef7_397>
...
040 (109022.000.000) 06/02 17:11:46 Finished transferring input files
...
001 (109022.000.000) 06/02 17:11:46 Job executing on host: <188.184.212.173:9618?addrs=188.184.212.173-9618&alias=b7g24n0312.cern.ch&noUDP&sock=startd_2122_180e>
...
006 (109022.000.000) 06/02 17:11:54 Image size of job updated: 41516
	41  -  MemoryUsage of job (MB)
	41516  -  ResidentSetSize of job (KB)
...
006 (109022.000.000) 06/02 17:16:54 Image size of job updated: 790796
	112  -  MemoryUsage of job (MB)
	114324  -  ResidentSetSize of job (KB)
...
040 (109022.000.000) 06/02 17:18:29 Started transferring output files
...
040 (109022.000.000) 06/02 17:18:29 Finished transferring output files
...
005 (109022.000.000) 06/02 17:18:29 Job terminated.
	(1) Normal termination (return value 0)
		Usr 0 00:02:43, Sys 0 00:00:32  -  Run Remote Usage
		Usr 0 00:00:00, Sys 0 00:00:00  -  Run Local Usage
		Usr 0 00:02:43, Sys 0 00:00:32  -  Total Remote Usage
		Usr 0 00:00:00, Sys 0 00:00:00  -  Total Local Usage
	40107  -  Run Bytes Sent By Job
	19195  -  Run Bytes Received By Job
	40107  -  Total Bytes Sent By Job
	19195  -  Total Bytes Received By Job
	Partitionable Resources :      Usage  Request Allocated 
	   Cpus                 :       0.13        1         1 
	   Disk (KB)            : 4241867          20    221076 
	   Memory (MB)          :     112        2000      2000 

	Job terminated of its own accord at 2021-06-02T15:18:29Z.
...
