000 (108602.000.000) 06/02 16:33:46 Job submitted from host: <188.185.121.235:9618?addrs=188.185.121.235-9618+[2001-1458-d00-49--100-36e]-9618&alias=bigbird22.cern.ch&noUDP&sock=schedd_38044_991d>
...
040 (108602.000.000) 06/02 16:38:27 Started transferring input files
	Transferring to host: <128.142.77.91:9618?addrs=128.142.77.91-9618+[2001-1458-301-f4--100-2b4]-9618&alias=b7s12n2534.cern.ch&noUDP&sock=slot1_16_16571_84bb_83001>
...
040 (108602.000.000) 06/02 16:38:27 Finished transferring input files
...
001 (108602.000.000) 06/02 16:38:27 Job executing on host: <128.142.77.91:9618?addrs=128.142.77.91-9618+[2001-1458-301-f4--100-2b4]-9618&alias=b7s12n2534.cern.ch&noUDP&sock=startd_16635_ce09>
...
006 (108602.000.000) 06/02 16:38:35 Image size of job updated: 624804
	13  -  MemoryUsage of job (MB)
	13204  -  ResidentSetSize of job (KB)
...
006 (108602.000.000) 06/02 16:43:35 Image size of job updated: 790824
	66  -  MemoryUsage of job (MB)
	67508  -  ResidentSetSize of job (KB)
...
040 (108602.000.000) 06/02 16:45:03 Started transferring output files
...
040 (108602.000.000) 06/02 16:45:03 Finished transferring output files
...
005 (108602.000.000) 06/02 16:45:03 Job terminated.
	(1) Normal termination (return value 0)
		Usr 0 00:00:11, Sys 0 00:00:03  -  Run Remote Usage
		Usr 0 00:00:00, Sys 0 00:00:00  -  Run Local Usage
		Usr 0 00:00:11, Sys 0 00:00:03  -  Total Remote Usage
		Usr 0 00:00:00, Sys 0 00:00:00  -  Total Local Usage
	26171  -  Run Bytes Sent By Job
	19195  -  Run Bytes Received By Job
	26171  -  Total Bytes Sent By Job
	19195  -  Total Bytes Received By Job
	Partitionable Resources :    Usage  Request Allocated 
	   Cpus                 :                 1         1 
	   Disk (KB)            :   743558       20    287429 
	   Memory (MB)          :       66     2000      2000 

	Job terminated of its own accord at 2021-06-02T14:45:02Z.
...
