000 (147313.000.000) 06/16 08:25:22 Job submitted from host: <188.185.121.235:9618?addrs=188.185.121.235-9618+[2001-1458-d00-49--100-36e]-9618&alias=bigbird22.cern.ch&noUDP&sock=schedd_38044_991d>
...
040 (147313.000.000) 06/16 08:48:06 Started transferring input files
	Transferring to host: <128.142.74.118:9618?addrs=128.142.74.118-9618+[2001-1458-301-75--100-16f]-9618&alias=b7s11n4491.cern.ch&noUDP&sock=slot1_15_6151_af93_48808>
...
040 (147313.000.000) 06/16 08:48:06 Finished transferring input files
...
001 (147313.000.000) 06/16 08:48:06 Job executing on host: <128.142.74.118:9618?addrs=128.142.74.118-9618+[2001-1458-301-75--100-16f]-9618&alias=b7s11n4491.cern.ch&noUDP&sock=startd_4992_acdd>
...
006 (147313.000.000) 06/16 08:48:15 Image size of job updated: 10952
	11  -  MemoryUsage of job (MB)
	10952  -  ResidentSetSize of job (KB)
...
006 (147313.000.000) 06/16 08:50:37 Image size of job updated: 791448
	11  -  MemoryUsage of job (MB)
	10956  -  ResidentSetSize of job (KB)
...
040 (147313.000.000) 06/16 08:50:38 Started transferring output files
...
040 (147313.000.000) 06/16 08:50:39 Finished transferring output files
...
005 (147313.000.000) 06/16 08:50:50 Job terminated.
	(1) Normal termination (return value 0)
		Usr 0 00:00:07, Sys 0 00:00:02  -  Run Remote Usage
		Usr 0 00:00:00, Sys 0 00:00:00  -  Run Local Usage
		Usr 0 00:00:07, Sys 0 00:00:02  -  Total Remote Usage
		Usr 0 00:00:00, Sys 0 00:00:00  -  Total Local Usage
	23491  -  Run Bytes Sent By Job
	19004  -  Run Bytes Received By Job
	23491  -  Total Bytes Sent By Job
	19004  -  Total Bytes Received By Job
	Partitionable Resources :    Usage  Request Allocated 
	   Cpus                 :                 1         1 
	   Disk (KB)            :   465800       20    285471 
	   Memory (MB)          :       11     2000      2000 

	Job terminated of its own accord at 2021-06-16T06:50:37Z.
...
