000 (108644.000.000) 06/02 16:34:55 Job submitted from host: <188.185.121.235:9618?addrs=188.185.121.235-9618+[2001-1458-d00-49--100-36e]-9618&alias=bigbird22.cern.ch&noUDP&sock=schedd_38044_991d>
...
040 (108644.000.000) 06/02 16:41:42 Started transferring input files
	Transferring to host: <128.142.78.188:9618?addrs=128.142.78.188-9618+[2001-1458-301-f4--100-5b3]-9618&alias=b7s12n7695.cern.ch&noUDP&sock=slot1_13_28055_090e_88199>
...
040 (108644.000.000) 06/02 16:41:42 Finished transferring input files
...
001 (108644.000.000) 06/02 16:41:42 Job executing on host: <128.142.78.188:9618?addrs=128.142.78.188-9618+[2001-1458-301-f4--100-5b3]-9618&alias=b7s12n7695.cern.ch&noUDP&sock=startd_16977_636d>
...
006 (108644.000.000) 06/02 16:41:51 Image size of job updated: 624804
	26  -  MemoryUsage of job (MB)
	26360  -  ResidentSetSize of job (KB)
...
006 (108644.000.000) 06/02 16:46:52 Image size of job updated: 790824
	66  -  MemoryUsage of job (MB)
	67500  -  ResidentSetSize of job (KB)
...
040 (108644.000.000) 06/02 16:51:10 Started transferring output files
...
040 (108644.000.000) 06/02 16:51:10 Finished transferring output files
...
005 (108644.000.000) 06/02 16:51:10 Job terminated.
	(1) Normal termination (return value 0)
		Usr 0 00:00:11, Sys 0 00:00:03  -  Run Remote Usage
		Usr 0 00:00:00, Sys 0 00:00:00  -  Run Local Usage
		Usr 0 00:00:11, Sys 0 00:00:03  -  Total Remote Usage
		Usr 0 00:00:00, Sys 0 00:00:00  -  Total Local Usage
	26144  -  Run Bytes Sent By Job
	19195  -  Run Bytes Received By Job
	26144  -  Total Bytes Sent By Job
	19195  -  Total Bytes Received By Job
	Partitionable Resources :     Usage  Request Allocated 
	   Cpus                 :      0.01        1         1 
	   Disk (KB)            : 743569          20    229143 
	   Memory (MB)          :     66        2000      2000 

	Job terminated of its own accord at 2021-06-02T14:51:10Z.
...
