000 (108600.000.000) 06/02 16:33:40 Job submitted from host: <188.185.121.235:9618?addrs=188.185.121.235-9618+[2001-1458-d00-49--100-36e]-9618&alias=bigbird22.cern.ch&noUDP&sock=schedd_38044_991d>
...
040 (108600.000.000) 06/02 16:38:22 Started transferring input files
	Transferring to host: <128.142.73.61:9618?addrs=128.142.73.61-9618+[2001-1458-301-75--100-4ae]-9618&alias=b7s11n1488.cern.ch&noUDP&sock=slot1_16_5931_ad0a_29543>
...
040 (108600.000.000) 06/02 16:38:22 Finished transferring input files
...
001 (108600.000.000) 06/02 16:38:22 Job executing on host: <128.142.73.61:9618?addrs=128.142.73.61-9618+[2001-1458-301-75--100-4ae]-9618&alias=b7s11n1488.cern.ch&noUDP&sock=startd_4787_0ff3>
...
006 (108600.000.000) 06/02 16:38:31 Image size of job updated: 624804
	11  -  MemoryUsage of job (MB)
	10332  -  ResidentSetSize of job (KB)
...
006 (108600.000.000) 06/02 16:43:32 Image size of job updated: 790824
	66  -  MemoryUsage of job (MB)
	67504  -  ResidentSetSize of job (KB)
...
040 (108600.000.000) 06/02 16:50:38 Started transferring output files
...
040 (108600.000.000) 06/02 16:50:38 Finished transferring output files
...
005 (108600.000.000) 06/02 16:50:38 Job terminated.
	(1) Normal termination (return value 0)
		Usr 0 00:00:12, Sys 0 00:00:04  -  Run Remote Usage
		Usr 0 00:00:00, Sys 0 00:00:00  -  Run Local Usage
		Usr 0 00:00:12, Sys 0 00:00:04  -  Total Remote Usage
		Usr 0 00:00:00, Sys 0 00:00:00  -  Total Local Usage
	23693  -  Run Bytes Sent By Job
	19195  -  Run Bytes Received By Job
	23693  -  Total Bytes Sent By Job
	19195  -  Total Bytes Received By Job
	Partitionable Resources :     Usage  Request Allocated 
	   Cpus                 :      0.01        1         1 
	   Disk (KB)            : 743570          20    133208 
	   Memory (MB)          :     66        2000      2000 

	Job terminated of its own accord at 2021-06-02T14:50:38Z.
...
