000 (108842.000.000) 06/02 16:39:12 Job submitted from host: <188.185.121.235:9618?addrs=188.185.121.235-9618+[2001-1458-d00-49--100-36e]-9618&alias=bigbird22.cern.ch&noUDP&sock=schedd_38044_991d>
...
040 (108842.000.000) 06/02 16:57:22 Started transferring input files
	Transferring to host: <188.184.213.86:9618?addrs=188.184.213.86-9618+[2001-1458-301-10c--100-160]-9618&alias=b7g24n0594.cern.ch&noUDP&sock=slot1_12_4986_d684_29051>
...
001 (108842.000.000) 06/02 16:57:22 Job executing on host: <188.184.213.86:9618?addrs=188.184.213.86-9618+[2001-1458-301-10c--100-160]-9618&alias=b7g24n0594.cern.ch&noUDP&sock=startd_3890_cb7f>
...
040 (108842.000.000) 06/02 16:57:22 Finished transferring input files
...
006 (108842.000.000) 06/02 16:57:31 Image size of job updated: 41416
	39  -  MemoryUsage of job (MB)
	39456  -  ResidentSetSize of job (KB)
...
006 (108842.000.000) 06/02 17:02:31 Image size of job updated: 790808
	142  -  MemoryUsage of job (MB)
	144884  -  ResidentSetSize of job (KB)
...
040 (108842.000.000) 06/02 17:05:23 Started transferring output files
...
040 (108842.000.000) 06/02 17:05:23 Finished transferring output files
...
005 (108842.000.000) 06/02 17:05:23 Job terminated.
	(1) Normal termination (return value 0)
		Usr 0 00:02:54, Sys 0 00:00:26  -  Run Remote Usage
		Usr 0 00:00:00, Sys 0 00:00:00  -  Run Local Usage
		Usr 0 00:02:54, Sys 0 00:00:26  -  Total Remote Usage
		Usr 0 00:00:00, Sys 0 00:00:00  -  Total Local Usage
	45400  -  Run Bytes Sent By Job
	19195  -  Run Bytes Received By Job
	45400  -  Total Bytes Sent By Job
	19195  -  Total Bytes Received By Job
	Partitionable Resources :    Usage  Request Allocated 
	   Cpus                 :                 1         1 
	   Disk (KB)            :  4242313       20    151596 
	   Memory (MB)          :      142     2000      2000 

	Job terminated of its own accord at 2021-06-02T15:05:23Z.
...
