000 (147264.000.000) 06/16 08:24:39 Job submitted from host: <188.185.121.235:9618?addrs=188.185.121.235-9618+[2001-1458-d00-49--100-36e]-9618&alias=bigbird22.cern.ch&noUDP&sock=schedd_38044_991d>
...
040 (147264.000.000) 06/16 08:47:45 Started transferring input files
	Transferring to host: <128.142.193.212:9618?addrs=128.142.193.212-9618+[2001-1458-301-cc--100-20a]-9618&alias=b7g52n3828.cern.ch&noUDP&sock=slot1_8_5985_b94c_37632>
...
040 (147264.000.000) 06/16 08:47:45 Finished transferring input files
...
001 (147264.000.000) 06/16 08:47:45 Job executing on host: <128.142.193.212:9618?addrs=128.142.193.212-9618+[2001-1458-301-cc--100-20a]-9618&alias=b7g52n3828.cern.ch&noUDP&sock=startd_4859_72c5>
...
006 (147264.000.000) 06/16 08:47:54 Image size of job updated: 783188
	31  -  MemoryUsage of job (MB)
	31684  -  ResidentSetSize of job (KB)
...
006 (147264.000.000) 06/16 08:50:13 Image size of job updated: 791456
	31  -  MemoryUsage of job (MB)
	31696  -  ResidentSetSize of job (KB)
...
040 (147264.000.000) 06/16 08:50:13 Started transferring output files
...
040 (147264.000.000) 06/16 08:50:14 Finished transferring output files
...
005 (147264.000.000) 06/16 08:50:15 Job terminated.
	(1) Normal termination (return value 0)
		Usr 0 00:00:07, Sys 0 00:00:03  -  Run Remote Usage
		Usr 0 00:00:00, Sys 0 00:00:00  -  Run Local Usage
		Usr 0 00:00:07, Sys 0 00:00:03  -  Total Remote Usage
		Usr 0 00:00:00, Sys 0 00:00:00  -  Total Local Usage
	24620  -  Run Bytes Sent By Job
	19004  -  Run Bytes Received By Job
	24620  -  Total Bytes Sent By Job
	19004  -  Total Bytes Received By Job
	Partitionable Resources :    Usage  Request Allocated 
	   Cpus                 :                 1         1 
	   Disk (KB)            :   465711       20    240186 
	   Memory (MB)          :       31     2000      2000 

	Job terminated of its own accord at 2021-06-16T06:50:13Z.
...
