000 (112691.000.000) 06/03 12:53:16 Job submitted from host: <188.185.121.235:9618?addrs=188.185.121.235-9618+[2001-1458-d00-49--100-36e]-9618&alias=bigbird22.cern.ch&noUDP&sock=schedd_38044_991d>
...
040 (112691.000.000) 06/03 13:17:22 Started transferring input files
	Transferring to host: <128.142.73.77:9618?addrs=128.142.73.77-9618+[2001-1458-301-75--100-737]-9618&alias=b7s11n2435.cern.ch&noUDP&sock=slot1_2_6037_5ccf_29560>
...
040 (112691.000.000) 06/03 13:17:22 Finished transferring input files
...
001 (112691.000.000) 06/03 13:17:22 Job executing on host: <128.142.73.77:9618?addrs=128.142.73.77-9618+[2001-1458-301-75--100-737]-9618&alias=b7s11n2435.cern.ch&noUDP&sock=startd_4749_ff5a>
...
006 (112691.000.000) 06/03 13:17:31 Image size of job updated: 624804
	3  -  MemoryUsage of job (MB)
	2788  -  ResidentSetSize of job (KB)
...
006 (112691.000.000) 06/03 13:22:32 Image size of job updated: 790824
	35  -  MemoryUsage of job (MB)
	35204  -  ResidentSetSize of job (KB)
...
006 (112691.000.000) 06/03 13:27:32 Image size of job updated: 790824
	44  -  MemoryUsage of job (MB)
	44880  -  ResidentSetSize of job (KB)
...
006 (112691.000.000) 06/03 13:32:32 Image size of job updated: 790824
	66  -  MemoryUsage of job (MB)
	67496  -  ResidentSetSize of job (KB)
...
040 (112691.000.000) 06/03 16:04:16 Started transferring output files
...
040 (112691.000.000) 06/03 16:04:16 Finished transferring output files
...
005 (112691.000.000) 06/03 16:04:16 Job terminated.
	(1) Normal termination (return value 0)
		Usr 0 00:00:51, Sys 0 00:00:16  -  Run Remote Usage
		Usr 0 00:00:00, Sys 0 00:00:00  -  Run Local Usage
		Usr 0 00:00:51, Sys 0 00:00:16  -  Total Remote Usage
		Usr 0 00:00:00, Sys 0 00:00:00  -  Total Local Usage
	42253  -  Run Bytes Sent By Job
	19004  -  Run Bytes Received By Job
	42253  -  Total Bytes Sent By Job
	19004  -  Total Bytes Received By Job
	Partitionable Resources :      Usage  Request Allocated 
	   Cpus                 :       0.00        1         1 
	   Disk (KB)            : 1952467          20    283963 
	   Memory (MB)          :      66        2000      2000 

	Job terminated of its own accord at 2021-06-03T14:04:16Z.
...
000 (116301.000.000) 06/04 09:01:20 Job submitted from host: <188.185.121.235:9618?addrs=188.185.121.235-9618+[2001-1458-d00-49--100-36e]-9618&alias=bigbird22.cern.ch&noUDP&sock=schedd_38044_991d>
...
040 (116301.000.000) 06/04 09:12:04 Started transferring input files
	Transferring to host: <128.142.84.235:9618?addrs=128.142.84.235-9618+[2001-1458-301-f6--100-330]-9618&alias=b7s14n1581.cern.ch&noUDP&sock=slot1_2_5886_f828_34410>
...
001 (116301.000.000) 06/04 09:12:05 Job executing on host: <128.142.84.235:9618?addrs=128.142.84.235-9618+[2001-1458-301-f6--100-330]-9618&alias=b7s14n1581.cern.ch&noUDP&sock=startd_4710_3f28>
...
040 (116301.000.000) 06/04 09:12:05 Finished transferring input files
...
006 (116301.000.000) 06/04 09:12:14 Image size of job updated: 766156
	19  -  MemoryUsage of job (MB)
	19148  -  ResidentSetSize of job (KB)
...
006 (116301.000.000) 06/04 09:17:15 Image size of job updated: 790824
	65  -  MemoryUsage of job (MB)
	66528  -  ResidentSetSize of job (KB)
...
006 (116301.000.000) 06/04 09:22:16 Image size of job updated: 790824
	66  -  MemoryUsage of job (MB)
	67500  -  ResidentSetSize of job (KB)
...
040 (116301.000.000) 06/04 13:04:21 Started transferring output files
...
040 (116301.000.000) 06/04 13:04:21 Finished transferring output files
...
005 (116301.000.000) 06/04 13:04:21 Job terminated.
	(1) Normal termination (return value 0)
		Usr 0 00:01:19, Sys 0 00:00:14  -  Run Remote Usage
		Usr 0 00:00:00, Sys 0 00:00:00  -  Run Local Usage
		Usr 0 00:01:19, Sys 0 00:00:14  -  Total Remote Usage
		Usr 0 00:00:00, Sys 0 00:00:00  -  Total Local Usage
	50988  -  Run Bytes Sent By Job
	19004  -  Run Bytes Received By Job
	50988  -  Total Bytes Sent By Job
	19004  -  Total Bytes Received By Job
	Partitionable Resources :      Usage  Request Allocated 
	   Cpus                 :       0.00        1         1 
	   Disk (KB)            : 2758764          20    278706 
	   Memory (MB)          :      66        2000      2000 

	Job terminated of its own accord at 2021-06-04T11:04:21Z.
...
000 (123657.000.000) 06/08 10:47:19 Job submitted from host: <188.185.121.235:9618?addrs=188.185.121.235-9618+[2001-1458-d00-49--100-36e]-9618&alias=bigbird22.cern.ch&noUDP&sock=schedd_38044_991d>
...
040 (123657.000.000) 06/08 11:19:13 Entered queue to transfer input files
	Transferring to host: <188.184.196.254:9618?addrs=188.184.196.254-9618+[2001-1458-301-102--100-e2]-9618&alias=b7g24n0494.cern.ch&noUDP&sock=slot1_6_21204_e2d7_86065>
...
040 (123657.000.000) 06/08 11:53:57 Started transferring input files
	Seconds spent in queue: 2084
...
040 (123657.000.000) 06/08 11:53:57 Finished transferring input files
...
001 (123657.000.000) 06/08 11:53:57 Job executing on host: <188.184.196.254:9618?addrs=188.184.196.254-9618+[2001-1458-301-102--100-e2]-9618&alias=b7g24n0494.cern.ch&noUDP&sock=startd_20228_4dd1>
...
006 (123657.000.000) 06/08 11:54:06 Image size of job updated: 387336
	3  -  MemoryUsage of job (MB)
	2092  -  ResidentSetSize of job (KB)
...
006 (123657.000.000) 06/08 11:59:06 Image size of job updated: 791456
	41  -  MemoryUsage of job (MB)
	41860  -  ResidentSetSize of job (KB)
...
006 (123657.000.000) 06/08 12:04:06 Image size of job updated: 791456
	67  -  MemoryUsage of job (MB)
	67768  -  ResidentSetSize of job (KB)
...
040 (123657.000.000) 06/08 15:22:00 Started transferring output files
	Seconds spent in queue: 14567
...
040 (123657.000.000) 06/08 15:22:00 Finished transferring output files
...
005 (123657.000.000) 06/08 15:22:00 Job terminated.
	(1) Normal termination (return value 0)
		Usr 0 00:01:13, Sys 0 00:00:15  -  Run Remote Usage
		Usr 0 00:00:00, Sys 0 00:00:00  -  Run Local Usage
		Usr 0 00:01:13, Sys 0 00:00:15  -  Total Remote Usage
		Usr 0 00:00:00, Sys 0 00:00:00  -  Total Local Usage
	50958  -  Run Bytes Sent By Job
	19004  -  Run Bytes Received By Job
	50958  -  Total Bytes Sent By Job
	19004  -  Total Bytes Received By Job
	Partitionable Resources :      Usage  Request Allocated 
	   Cpus                 :       0.00        1         1 
	   Disk (KB)            : 2758764          20    310643 
	   Memory (MB)          :      67        2000      2000 

	Job terminated of its own accord at 2021-06-08T13:22:00Z.
...
