000 (108402.000.000) 06/02 16:28:48 Job submitted from host: <188.185.121.235:9618?addrs=188.185.121.235-9618+[2001-1458-d00-49--100-36e]-9618&alias=bigbird22.cern.ch&noUDP&sock=schedd_38044_991d>
...
040 (108402.000.000) 06/02 16:29:25 Started transferring input files
	Transferring to host: <128.142.77.159:9618?addrs=128.142.77.159-9618+[2001-1458-301-f4--100-57e]-9618&alias=b7s12n4671.cern.ch&noUDP&sock=slot1_11_6698_18c9_47498>
...
040 (108402.000.000) 06/02 16:29:25 Finished transferring input files
...
001 (108402.000.000) 06/02 16:29:25 Job executing on host: <128.142.77.159:9618?addrs=128.142.77.159-9618+[2001-1458-301-f4--100-57e]-9618&alias=b7s12n4671.cern.ch&noUDP&sock=startd_5495_b101>
...
006 (108402.000.000) 06/02 16:29:34 Image size of job updated: 624804
	40  -  MemoryUsage of job (MB)
	40900  -  ResidentSetSize of job (KB)
...
006 (108402.000.000) 06/02 16:32:56 Image size of job updated: 790796
	40  -  MemoryUsage of job (MB)
	40908  -  ResidentSetSize of job (KB)
...
040 (108402.000.000) 06/02 16:32:56 Started transferring output files
...
040 (108402.000.000) 06/02 16:32:56 Finished transferring output files
...
005 (108402.000.000) 06/02 16:32:56 Job terminated.
	(1) Normal termination (return value 0)
		Usr 0 00:00:11, Sys 0 00:00:05  -  Run Remote Usage
		Usr 0 00:00:00, Sys 0 00:00:00  -  Run Local Usage
		Usr 0 00:00:11, Sys 0 00:00:05  -  Total Remote Usage
		Usr 0 00:00:00, Sys 0 00:00:00  -  Total Local Usage
	23695  -  Run Bytes Sent By Job
	19195  -  Run Bytes Received By Job
	23695  -  Total Bytes Sent By Job
	19195  -  Total Bytes Received By Job
	Partitionable Resources :    Usage  Request Allocated 
	   Cpus                 :                 1         1 
	   Disk (KB)            :   743555       20    276705 
	   Memory (MB)          :       40     2000      2000 

	Job terminated of its own accord at 2021-06-02T14:32:56Z.
...
