000 (108589.000.000) 06/02 16:33:14 Job submitted from host: <188.185.121.235:9618?addrs=188.185.121.235-9618+[2001-1458-d00-49--100-36e]-9618&alias=bigbird22.cern.ch&noUDP&sock=schedd_38044_991d>
...
040 (108589.000.000) 06/02 16:38:04 Started transferring input files
	Transferring to host: <128.142.77.107:9618?addrs=128.142.77.107-9618+[2001-1458-301-f4--100-27e]-9618&alias=b7s12n3833.cern.ch&noUDP&sock=slot1_11_5844_6067_29133>
...
040 (108589.000.000) 06/02 16:38:04 Finished transferring input files
...
001 (108589.000.000) 06/02 16:38:04 Job executing on host: <128.142.77.107:9618?addrs=128.142.77.107-9618+[2001-1458-301-f4--100-27e]-9618&alias=b7s12n3833.cern.ch&noUDP&sock=startd_4585_81d2>
...
006 (108589.000.000) 06/02 16:38:13 Image size of job updated: 47068
	46  -  MemoryUsage of job (MB)
	47068  -  ResidentSetSize of job (KB)
...
006 (108589.000.000) 06/02 16:39:00 Image size of job updated: 790792
	47  -  MemoryUsage of job (MB)
	47124  -  ResidentSetSize of job (KB)
...
040 (108589.000.000) 06/02 16:39:00 Started transferring output files
...
040 (108589.000.000) 06/02 16:39:00 Finished transferring output files
...
005 (108589.000.000) 06/02 16:39:00 Job terminated.
	(1) Normal termination (return value 0)
		Usr 0 00:00:10, Sys 0 00:00:03  -  Run Remote Usage
		Usr 0 00:00:00, Sys 0 00:00:00  -  Run Local Usage
		Usr 0 00:00:10, Sys 0 00:00:03  -  Total Remote Usage
		Usr 0 00:00:00, Sys 0 00:00:00  -  Total Local Usage
	18719  -  Run Bytes Sent By Job
	19195  -  Run Bytes Received By Job
	18719  -  Total Bytes Sent By Job
	19195  -  Total Bytes Received By Job
	Partitionable Resources :    Usage  Request Allocated 
	   Cpus                 :                 1         1 
	   Disk (KB)            :   743436       20    280541 
	   Memory (MB)          :       47     2000      2000 

	Job terminated of its own accord at 2021-06-02T14:39:00Z.
...
