000 (113025.000.000) 06/03 12:58:32 Job submitted from host: <188.185.121.235:9618?addrs=188.185.121.235-9618+[2001-1458-d00-49--100-36e]-9618&alias=bigbird22.cern.ch&noUDP&sock=schedd_38044_991d>
...
040 (113025.000.000) 06/03 13:19:31 Started transferring input files
	Transferring to host: <188.184.182.134:9618?addrs=188.184.182.134-9618+[2001-1458-301-2b--100-2f3]-9618&alias=b7g41n8420.cern.ch&noUDP&sock=slot1_10_4949_c4a2_23226>
...
040 (113025.000.000) 06/03 13:19:31 Finished transferring input files
...
001 (113025.000.000) 06/03 13:19:31 Job executing on host: <188.184.182.134:9618?addrs=188.184.182.134-9618+[2001-1458-301-2b--100-2f3]-9618&alias=b7g41n8420.cern.ch&noUDP&sock=startd_4910_6e19>
...
006 (113025.000.000) 06/03 13:19:40 Image size of job updated: 3508
	4  -  MemoryUsage of job (MB)
	3508  -  ResidentSetSize of job (KB)
...
006 (113025.000.000) 06/03 13:24:41 Image size of job updated: 790824
	36  -  MemoryUsage of job (MB)
	36664  -  ResidentSetSize of job (KB)
...
006 (113025.000.000) 06/03 13:29:41 Image size of job updated: 790824
	47  -  MemoryUsage of job (MB)
	47680  -  ResidentSetSize of job (KB)
...
006 (113025.000.000) 06/03 13:34:41 Image size of job updated: 790824
	66  -  MemoryUsage of job (MB)
	67492  -  ResidentSetSize of job (KB)
...
006 (113025.000.000) 06/03 15:59:56 Image size of job updated: 790824
	88  -  MemoryUsage of job (MB)
	89820  -  ResidentSetSize of job (KB)
...
040 (113025.000.000) 06/03 15:59:57 Started transferring output files
...
040 (113025.000.000) 06/03 15:59:57 Finished transferring output files
...
005 (113025.000.000) 06/03 15:59:57 Job terminated.
	(1) Normal termination (return value 0)
		Usr 0 00:00:53, Sys 0 00:00:11  -  Run Remote Usage
		Usr 0 00:00:00, Sys 0 00:00:00  -  Run Local Usage
		Usr 0 00:00:53, Sys 0 00:00:11  -  Total Remote Usage
		Usr 0 00:00:00, Sys 0 00:00:00  -  Total Local Usage
	41349  -  Run Bytes Sent By Job
	19004  -  Run Bytes Received By Job
	41349  -  Total Bytes Sent By Job
	19004  -  Total Bytes Received By Job
	Partitionable Resources :      Usage  Request Allocated 
	   Cpus                 :       0.00        1         1 
	   Disk (KB)            : 1952565          20    347309 
	   Memory (MB)          :      88        2000      2000 

	Job terminated of its own accord at 2021-06-03T13:59:57Z.
...
000 (116645.000.000) 06/04 09:05:27 Job submitted from host: <188.185.121.235:9618?addrs=188.185.121.235-9618+[2001-1458-d00-49--100-36e]-9618&alias=bigbird22.cern.ch&noUDP&sock=schedd_38044_991d>
...
040 (116645.000.000) 06/04 09:28:45 Started transferring input files
	Transferring to host: <128.142.84.244:9618?addrs=128.142.84.244-9618+[2001-1458-301-f6--100-46b]-9618&alias=b7s14n7869.cern.ch&noUDP&sock=slot1_14_32011_652f_82091>
...
040 (116645.000.000) 06/04 09:28:45 Finished transferring input files
...
001 (116645.000.000) 06/04 09:28:45 Job executing on host: <128.142.84.244:9618?addrs=128.142.84.244-9618+[2001-1458-301-f6--100-46b]-9618&alias=b7s14n7869.cern.ch&noUDP&sock=startd_16283_5cb3>
...
006 (116645.000.000) 06/04 09:28:54 Image size of job updated: 4068
	4  -  MemoryUsage of job (MB)
	4068  -  ResidentSetSize of job (KB)
...
006 (116645.000.000) 06/04 09:33:55 Image size of job updated: 790824
	37  -  MemoryUsage of job (MB)
	37128  -  ResidentSetSize of job (KB)
...
006 (116645.000.000) 06/04 09:38:55 Image size of job updated: 790824
	66  -  MemoryUsage of job (MB)
	67504  -  ResidentSetSize of job (KB)
...
006 (116645.000.000) 06/04 13:29:19 Image size of job updated: 790824
	90  -  MemoryUsage of job (MB)
	91888  -  ResidentSetSize of job (KB)
...
040 (116645.000.000) 06/04 13:30:35 Started transferring output files
...
040 (116645.000.000) 06/04 13:30:35 Finished transferring output files
...
005 (116645.000.000) 06/04 13:30:36 Job terminated.
	(1) Normal termination (return value 0)
		Usr 0 00:01:18, Sys 0 00:00:16  -  Run Remote Usage
		Usr 0 00:00:00, Sys 0 00:00:00  -  Run Local Usage
		Usr 0 00:01:18, Sys 0 00:00:16  -  Total Remote Usage
		Usr 0 00:00:00, Sys 0 00:00:00  -  Total Local Usage
	49921  -  Run Bytes Sent By Job
	19004  -  Run Bytes Received By Job
	49921  -  Total Bytes Sent By Job
	19004  -  Total Bytes Received By Job
	Partitionable Resources :      Usage  Request Allocated 
	   Cpus                 :       0.00        1         1 
	   Disk (KB)            : 2758114          20    197347 
	   Memory (MB)          :      90        2000      2000 

	Job terminated of its own accord at 2021-06-04T11:30:35Z.
...
000 (124004.000.000) 06/08 10:51:57 Job submitted from host: <188.185.121.235:9618?addrs=188.185.121.235-9618+[2001-1458-d00-49--100-36e]-9618&alias=bigbird22.cern.ch&noUDP&sock=schedd_38044_991d>
...
040 (124004.000.000) 06/08 11:23:12 Entered queue to transfer input files
	Transferring to host: <128.142.240.225:9618?addrs=128.142.240.225-9618+[2001-1458-301-9--100-168]-9618&alias=b7g41n4625.cern.ch&noUDP&sock=slot1_12_3120_1278_32739>
...
040 (124004.000.000) 06/08 11:53:59 Started transferring input files
	Seconds spent in queue: 1847
...
001 (124004.000.000) 06/08 11:53:59 Job executing on host: <128.142.240.225:9618?addrs=128.142.240.225-9618+[2001-1458-301-9--100-168]-9618&alias=b7g41n4625.cern.ch&noUDP&sock=startd_2557_77c1>
...
040 (124004.000.000) 06/08 11:53:59 Finished transferring input files
...
006 (124004.000.000) 06/08 11:54:08 Image size of job updated: 321800
	2  -  MemoryUsage of job (MB)
	1732  -  ResidentSetSize of job (KB)
...
006 (124004.000.000) 06/08 11:59:09 Image size of job updated: 791456
	37  -  MemoryUsage of job (MB)
	37064  -  ResidentSetSize of job (KB)
...
006 (124004.000.000) 06/08 12:04:09 Image size of job updated: 791456
	67  -  MemoryUsage of job (MB)
	67764  -  ResidentSetSize of job (KB)
...
040 (124004.000.000) 06/08 15:37:47 Started transferring output files
	Seconds spent in queue: 15275
...
040 (124004.000.000) 06/08 15:37:47 Finished transferring output files
...
005 (124004.000.000) 06/08 15:37:47 Job terminated.
	(1) Normal termination (return value 0)
		Usr 0 00:01:27, Sys 0 00:00:16  -  Run Remote Usage
		Usr 0 00:00:00, Sys 0 00:00:00  -  Run Local Usage
		Usr 0 00:01:27, Sys 0 00:00:16  -  Total Remote Usage
		Usr 0 00:00:00, Sys 0 00:00:00  -  Total Local Usage
	49897  -  Run Bytes Sent By Job
	19004  -  Run Bytes Received By Job
	49897  -  Total Bytes Sent By Job
	19004  -  Total Bytes Received By Job
	Partitionable Resources :      Usage  Request Allocated 
	   Cpus                 :       0.00        1         1 
	   Disk (KB)            : 2758113          20    315539 
	   Memory (MB)          :      67        2000      2000 

	Job terminated of its own accord at 2021-06-08T13:37:47Z.
...
