000 (112452.000.000) 06/03 12:49:33 Job submitted from host: <188.185.121.235:9618?addrs=188.185.121.235-9618+[2001-1458-d00-49--100-36e]-9618&alias=bigbird22.cern.ch&noUDP&sock=schedd_38044_991d>
...
040 (112452.000.000) 06/03 13:15:43 Started transferring input files
	Transferring to host: <188.184.196.28:9618?addrs=188.184.196.28-9618+[2001-1458-301-102--100-4c7]-9618&alias=b7g24n6655.cern.ch&noUDP&sock=slot1_5_31865_8669_88366>
...
001 (112452.000.000) 06/03 13:15:43 Job executing on host: <188.184.196.28:9618?addrs=188.184.196.28-9618+[2001-1458-301-102--100-4c7]-9618&alias=b7g24n6655.cern.ch&noUDP&sock=startd_14950_08f5>
...
040 (112452.000.000) 06/03 13:15:43 Finished transferring input files
...
006 (112452.000.000) 06/03 13:15:52 Image size of job updated: 526484
	6  -  MemoryUsage of job (MB)
	5164  -  ResidentSetSize of job (KB)
...
006 (112452.000.000) 06/03 13:20:53 Image size of job updated: 790824
	35  -  MemoryUsage of job (MB)
	35568  -  ResidentSetSize of job (KB)
...
006 (112452.000.000) 06/03 13:25:53 Image size of job updated: 790824
	58  -  MemoryUsage of job (MB)
	59368  -  ResidentSetSize of job (KB)
...
006 (112452.000.000) 06/03 13:30:53 Image size of job updated: 790824
	66  -  MemoryUsage of job (MB)
	67492  -  ResidentSetSize of job (KB)
...
006 (112452.000.000) 06/03 17:31:17 Image size of job updated: 790824
	92  -  MemoryUsage of job (MB)
	93772  -  ResidentSetSize of job (KB)
...
040 (112452.000.000) 06/03 17:33:02 Started transferring output files
...
040 (112452.000.000) 06/03 17:33:02 Finished transferring output files
...
005 (112452.000.000) 06/03 17:33:02 Job terminated.
	(1) Normal termination (return value 0)
		Usr 0 00:02:48, Sys 0 00:00:42  -  Run Remote Usage
		Usr 0 00:00:00, Sys 0 00:00:00  -  Run Local Usage
		Usr 0 00:02:48, Sys 0 00:00:42  -  Total Remote Usage
		Usr 0 00:00:00, Sys 0 00:00:00  -  Total Local Usage
	67224  -  Run Bytes Sent By Job
	19004  -  Run Bytes Received By Job
	67224  -  Total Bytes Sent By Job
	19004  -  Total Bytes Received By Job
	Partitionable Resources :      Usage  Request Allocated 
	   Cpus                 :       0.72        1         1 
	   Disk (KB)            : 4244187          20    347777 
	   Memory (MB)          :      92        2000      2000 

	Job terminated of its own accord at 2021-06-03T15:33:02Z.
...
000 (116056.000.000) 06/04 08:57:37 Job submitted from host: <188.185.121.235:9618?addrs=188.185.121.235-9618+[2001-1458-d00-49--100-36e]-9618&alias=bigbird22.cern.ch&noUDP&sock=schedd_38044_991d>
...
040 (116056.000.000) 06/04 09:01:19 Started transferring input files
	Transferring to host: <128.142.84.177:9618?addrs=128.142.84.177-9618+[2001-1458-301-f6--100-5f7]-9618&alias=b7s14n6877.cern.ch&noUDP&sock=slot1_9_4532_f431_34113>
...
040 (116056.000.000) 06/04 09:01:19 Finished transferring input files
...
001 (116056.000.000) 06/04 09:01:19 Job executing on host: <128.142.84.177:9618?addrs=128.142.84.177-9618+[2001-1458-301-f6--100-5f7]-9618&alias=b7s14n6877.cern.ch&noUDP&sock=startd_3733_1b21>
...
006 (116056.000.000) 06/04 09:01:27 Image size of job updated: 624804
	9  -  MemoryUsage of job (MB)
	8576  -  ResidentSetSize of job (KB)
...
006 (116056.000.000) 06/04 09:06:28 Image size of job updated: 790824
	66  -  MemoryUsage of job (MB)
	67504  -  ResidentSetSize of job (KB)
...
040 (116056.000.000) 06/04 13:51:06 Started transferring output files
...
040 (116056.000.000) 06/04 13:51:06 Finished transferring output files
...
005 (116056.000.000) 06/04 13:51:06 Job terminated.
	(1) Normal termination (return value 0)
		Usr 0 00:02:09, Sys 0 00:00:28  -  Run Remote Usage
		Usr 0 00:00:00, Sys 0 00:00:00  -  Run Local Usage
		Usr 0 00:02:09, Sys 0 00:00:28  -  Total Remote Usage
		Usr 0 00:00:00, Sys 0 00:00:00  -  Total Local Usage
	61472  -  Run Bytes Sent By Job
	19004  -  Run Bytes Received By Job
	61472  -  Total Bytes Sent By Job
	19004  -  Total Bytes Received By Job
	Partitionable Resources :      Usage  Request Allocated 
	   Cpus                 :       0.95        1         1 
	   Disk (KB)            : 3714681          20    278071 
	   Memory (MB)          :      66        2000      2000 

	Job terminated of its own accord at 2021-06-04T11:51:06Z.
...
000 (123415.000.000) 06/08 10:43:30 Job submitted from host: <188.185.121.235:9618?addrs=188.185.121.235-9618+[2001-1458-d00-49--100-36e]-9618&alias=bigbird22.cern.ch&noUDP&sock=schedd_38044_991d>
...
040 (123415.000.000) 06/08 11:17:48 Entered queue to transfer input files
	Transferring to host: <188.184.197.205:9618?addrs=188.184.197.205-9618+[2001-1458-301-103--100-115]-9618&alias=b7g23n6639.cern.ch&noUDP&sock=slot1_12_13399_8eba_92228>
...
040 (123415.000.000) 06/08 11:53:56 Started transferring input files
	Seconds spent in queue: 2168
...
040 (123415.000.000) 06/08 11:53:56 Finished transferring input files
...
001 (123415.000.000) 06/08 11:53:56 Job executing on host: <188.184.197.205:9618?addrs=188.184.197.205-9618+[2001-1458-301-103--100-115]-9618&alias=b7g23n6639.cern.ch&noUDP&sock=startd_17513_0a30>
...
006 (123415.000.000) 06/08 11:54:05 Image size of job updated: 396052
	3  -  MemoryUsage of job (MB)
	2096  -  ResidentSetSize of job (KB)
...
006 (123415.000.000) 06/08 11:59:06 Image size of job updated: 791456
	37  -  MemoryUsage of job (MB)
	37256  -  ResidentSetSize of job (KB)
...
006 (123415.000.000) 06/08 12:04:06 Image size of job updated: 791456
	67  -  MemoryUsage of job (MB)
	67772  -  ResidentSetSize of job (KB)
...
040 (123415.000.000) 06/08 16:19:11 Started transferring output files
	Seconds spent in queue: 18083
...
040 (123415.000.000) 06/08 16:19:11 Finished transferring output files
...
005 (123415.000.000) 06/08 16:19:11 Job terminated.
	(1) Normal termination (return value 0)
		Usr 0 00:02:47, Sys 0 00:00:40  -  Run Remote Usage
		Usr 0 00:00:00, Sys 0 00:00:00  -  Run Local Usage
		Usr 0 00:02:47, Sys 0 00:00:40  -  Total Remote Usage
		Usr 0 00:00:00, Sys 0 00:00:00  -  Total Local Usage
	61490  -  Run Bytes Sent By Job
	19004  -  Run Bytes Received By Job
	61490  -  Total Bytes Sent By Job
	19004  -  Total Bytes Received By Job
	Partitionable Resources :      Usage  Request Allocated 
	   Cpus                 :       0.74        1         1 
	   Disk (KB)            : 3714680          20    302526 
	   Memory (MB)          :      67        2000      2000 

	Job terminated of its own accord at 2021-06-08T14:19:11Z.
...
