000 (112650.000.000) 06/03 12:52:43 Job submitted from host: <188.185.121.235:9618?addrs=188.185.121.235-9618+[2001-1458-d00-49--100-36e]-9618&alias=bigbird22.cern.ch&noUDP&sock=schedd_38044_991d>
...
040 (112650.000.000) 06/03 13:17:04 Started transferring input files
	Transferring to host: <128.142.240.152:9618?addrs=128.142.240.152-9618+[2001-1458-301-9--100-214]-9618&alias=b7g41n9772.cern.ch&noUDP&sock=slot1_2_13530_dbdf_83650>
...
001 (112650.000.000) 06/03 13:17:04 Job executing on host: <128.142.240.152:9618?addrs=128.142.240.152-9618+[2001-1458-301-9--100-214]-9618&alias=b7g41n9772.cern.ch&noUDP&sock=startd_27379_4b91>
...
040 (112650.000.000) 06/03 13:17:04 Finished transferring input files
...
006 (112650.000.000) 06/03 13:17:13 Image size of job updated: 624804
	13  -  MemoryUsage of job (MB)
	13024  -  ResidentSetSize of job (KB)
...
006 (112650.000.000) 06/03 13:22:14 Image size of job updated: 790824
	66  -  MemoryUsage of job (MB)
	67496  -  ResidentSetSize of job (KB)
...
006 (112650.000.000) 06/03 14:22:21 Image size of job updated: 790824
	121  -  MemoryUsage of job (MB)
	123500  -  ResidentSetSize of job (KB)
...
040 (112650.000.000) 06/03 14:23:42 Started transferring output files
...
040 (112650.000.000) 06/03 14:23:42 Finished transferring output files
...
005 (112650.000.000) 06/03 14:23:42 Job terminated.
	(1) Normal termination (return value 0)
		Usr 0 00:02:13, Sys 0 00:00:26  -  Run Remote Usage
		Usr 0 00:00:00, Sys 0 00:00:00  -  Run Local Usage
		Usr 0 00:02:13, Sys 0 00:00:26  -  Total Remote Usage
		Usr 0 00:00:00, Sys 0 00:00:00  -  Total Local Usage
	66911  -  Run Bytes Sent By Job
	19004  -  Run Bytes Received By Job
	66911  -  Total Bytes Sent By Job
	19004  -  Total Bytes Received By Job
	Partitionable Resources :      Usage  Request Allocated 
	   Cpus                 :       1.00        1         1 
	   Disk (KB)            : 4241937          20    348221 
	   Memory (MB)          :     121        2000      2000 

	Job terminated of its own accord at 2021-06-03T12:23:42Z.
...
000 (116256.000.000) 06/04 09:00:43 Job submitted from host: <188.185.121.235:9618?addrs=188.185.121.235-9618+[2001-1458-d00-49--100-36e]-9618&alias=bigbird22.cern.ch&noUDP&sock=schedd_38044_991d>
...
040 (116256.000.000) 06/04 09:11:46 Started transferring input files
	Transferring to host: <188.184.192.152:9618?addrs=188.184.192.152-9618+[2001-1458-301-83--100-3a0]-9618&alias=b7g44n2135.cern.ch&noUDP&sock=slot1_3_16293_a470_33294>
...
040 (116256.000.000) 06/04 09:11:46 Finished transferring input files
...
001 (116256.000.000) 06/04 09:11:46 Job executing on host: <188.184.192.152:9618?addrs=188.184.192.152-9618+[2001-1458-301-83--100-3a0]-9618&alias=b7g44n2135.cern.ch&noUDP&sock=startd_16146_6439>
...
006 (116256.000.000) 06/04 09:11:55 Image size of job updated: 32960
	31  -  MemoryUsage of job (MB)
	30996  -  ResidentSetSize of job (KB)
...
006 (116256.000.000) 06/04 09:16:56 Image size of job updated: 790824
	66  -  MemoryUsage of job (MB)
	67488  -  ResidentSetSize of job (KB)
...
040 (116256.000.000) 06/04 10:36:14 Started transferring output files
...
040 (116256.000.000) 06/04 10:36:14 Finished transferring output files
...
005 (116256.000.000) 06/04 10:36:14 Job terminated.
	(1) Normal termination (return value 0)
		Usr 0 00:02:36, Sys 0 00:00:31  -  Run Remote Usage
		Usr 0 00:00:00, Sys 0 00:00:00  -  Run Local Usage
		Usr 0 00:02:36, Sys 0 00:00:31  -  Total Remote Usage
		Usr 0 00:00:00, Sys 0 00:00:00  -  Total Local Usage
	61272  -  Run Bytes Sent By Job
	19004  -  Run Bytes Received By Job
	61272  -  Total Bytes Sent By Job
	19004  -  Total Bytes Received By Job
	Partitionable Resources :      Usage  Request Allocated 
	   Cpus                 :       0.01        1         1 
	   Disk (KB)            : 3711511          20    193777 
	   Memory (MB)          :      66        2000      2000 

	Job terminated of its own accord at 2021-06-04T08:36:14Z.
...
000 (123615.000.000) 06/08 10:46:28 Job submitted from host: <188.185.121.235:9618?addrs=188.185.121.235-9618+[2001-1458-d00-49--100-36e]-9618&alias=bigbird22.cern.ch&noUDP&sock=schedd_38044_991d>
...
040 (123615.000.000) 06/08 11:19:02 Entered queue to transfer input files
	Transferring to host: <188.184.213.209:9618?addrs=188.184.213.209-9618+[2001-1458-301-10c--100-1b1]-9618&alias=b7g24n0689.cern.ch&noUDP&sock=slot1_11_3188_fbfb_44276>
...
040 (123615.000.000) 06/08 11:53:57 Started transferring input files
	Seconds spent in queue: 2095
...
040 (123615.000.000) 06/08 11:53:57 Finished transferring input files
...
001 (123615.000.000) 06/08 11:53:57 Job executing on host: <188.184.213.209:9618?addrs=188.184.213.209-9618+[2001-1458-301-10c--100-1b1]-9618&alias=b7g24n0689.cern.ch&noUDP&sock=startd_2840_950e>
...
006 (123615.000.000) 06/08 11:54:06 Image size of job updated: 396052
	3  -  MemoryUsage of job (MB)
	2096  -  ResidentSetSize of job (KB)
...
006 (123615.000.000) 06/08 11:59:07 Image size of job updated: 791452
	67  -  MemoryUsage of job (MB)
	67772  -  ResidentSetSize of job (KB)
...
040 (123615.000.000) 06/08 13:37:21 Started transferring output files
	Seconds spent in queue: 8299
...
040 (123615.000.000) 06/08 13:37:22 Finished transferring output files
...
005 (123615.000.000) 06/08 13:37:22 Job terminated.
	(1) Normal termination (return value 0)
		Usr 0 00:02:35, Sys 0 00:00:26  -  Run Remote Usage
		Usr 0 00:00:00, Sys 0 00:00:00  -  Run Local Usage
		Usr 0 00:02:35, Sys 0 00:00:26  -  Total Remote Usage
		Usr 0 00:00:00, Sys 0 00:00:00  -  Total Local Usage
	61270  -  Run Bytes Sent By Job
	19004  -  Run Bytes Received By Job
	61270  -  Total Bytes Sent By Job
	19004  -  Total Bytes Received By Job
	Partitionable Resources :      Usage  Request Allocated 
	   Cpus                 :       0.01        1         1 
	   Disk (KB)            : 3711511          20    282216 
	   Memory (MB)          :      67        2000      2000 

	Job terminated of its own accord at 2021-06-08T11:37:21Z.
...
