000 (148755.000.000) 06/16 08:56:34 Job submitted from host: <188.185.121.235:9618?addrs=188.185.121.235-9618+[2001-1458-d00-49--100-36e]-9618&alias=bigbird22.cern.ch&noUDP&sock=schedd_38044_991d>
...
040 (148755.000.000) 06/16 09:54:53 Started transferring input files
	Transferring to host: <128.142.75.200:9618?addrs=128.142.75.200-9618+[2001-1458-301-75--100-186]-9618&alias=b7s11n9874.cern.ch&noUDP&sock=slot1_7_4631_b555_93678>
...
001 (148755.000.000) 06/16 09:54:53 Job executing on host: <128.142.75.200:9618?addrs=128.142.75.200-9618+[2001-1458-301-75--100-186]-9618&alias=b7s11n9874.cern.ch&noUDP&sock=startd_15719_8149>
...
040 (148755.000.000) 06/16 09:54:53 Finished transferring input files
...
006 (148755.000.000) 06/16 09:55:02 Image size of job updated: 6160
	7  -  MemoryUsage of job (MB)
	6160  -  ResidentSetSize of job (KB)
...
006 (148755.000.000) 06/16 10:00:03 Image size of job updated: 791452
	39  -  MemoryUsage of job (MB)
	39604  -  ResidentSetSize of job (KB)
...
006 (148755.000.000) 06/16 10:05:04 Image size of job updated: 791452
	67  -  MemoryUsage of job (MB)
	67776  -  ResidentSetSize of job (KB)
...
040 (148755.000.000) 06/16 12:18:37 Started transferring output files
...
040 (148755.000.000) 06/16 12:18:37 Finished transferring output files
...
005 (148755.000.000) 06/16 12:18:38 Job terminated.
	(1) Normal termination (return value 0)
		Usr 0 00:00:48, Sys 0 00:00:15  -  Run Remote Usage
		Usr 0 00:00:00, Sys 0 00:00:00  -  Run Local Usage
		Usr 0 00:00:48, Sys 0 00:00:15  -  Total Remote Usage
		Usr 0 00:00:00, Sys 0 00:00:00  -  Total Local Usage
	46641  -  Run Bytes Sent By Job
	19004  -  Run Bytes Received By Job
	46641  -  Total Bytes Sent By Job
	19004  -  Total Bytes Received By Job
	Partitionable Resources :      Usage  Request Allocated 
	   Cpus                 :       0.01        1         1 
	   Disk (KB)            : 2364905          20    289729 
	   Memory (MB)          :      67        2000      2000 

	Job terminated of its own accord at 2021-06-16T10:18:37Z.
...
