000 (148722.000.000) 06/16 08:55:42 Job submitted from host: <188.185.121.235:9618?addrs=188.185.121.235-9618+[2001-1458-d00-49--100-36e]-9618&alias=bigbird22.cern.ch&noUDP&sock=schedd_38044_991d>
...
040 (148722.000.000) 06/16 09:54:41 Started transferring input files
	Transferring to host: <188.184.132.74:9618?addrs=188.184.132.74-9618+[2001-1458-301-a0--100-3b]-9618&alias=b7g28n0507.cern.ch&noUDP&sock=slot1_6_6264_4df8_93766>
...
001 (148722.000.000) 06/16 09:54:41 Job executing on host: <188.184.132.74:9618?addrs=188.184.132.74-9618+[2001-1458-301-a0--100-3b]-9618&alias=b7g28n0507.cern.ch&noUDP&sock=startd_2364_15fa>
...
040 (148722.000.000) 06/16 09:54:41 Finished transferring input files
...
006 (148722.000.000) 06/16 09:54:50 Image size of job updated: 625444
	8  -  MemoryUsage of job (MB)
	7260  -  ResidentSetSize of job (KB)
...
006 (148722.000.000) 06/16 09:59:51 Image size of job updated: 791456
	67  -  MemoryUsage of job (MB)
	67768  -  ResidentSetSize of job (KB)
...
040 (148722.000.000) 06/16 10:21:29 Started transferring output files
...
040 (148722.000.000) 06/16 10:21:29 Finished transferring output files
...
005 (148722.000.000) 06/16 10:21:29 Job terminated.
	(1) Normal termination (return value 0)
		Usr 0 00:00:51, Sys 0 00:00:13  -  Run Remote Usage
		Usr 0 00:00:00, Sys 0 00:00:00  -  Run Local Usage
		Usr 0 00:00:51, Sys 0 00:00:13  -  Total Remote Usage
		Usr 0 00:00:00, Sys 0 00:00:00  -  Total Local Usage
	43394  -  Run Bytes Sent By Job
	19004  -  Run Bytes Received By Job
	43394  -  Total Bytes Sent By Job
	19004  -  Total Bytes Received By Job
	Partitionable Resources :      Usage  Request Allocated 
	   Cpus                 :       0.00        1         1 
	   Disk (KB)            : 2368042          20    211704 
	   Memory (MB)          :      67        2000      2000 

	Job terminated of its own accord at 2021-06-16T08:21:29Z.
...
