000 (147522.000.000) 06/16 08:29:55 Job submitted from host: <188.185.121.235:9618?addrs=188.185.121.235-9618+[2001-1458-d00-49--100-36e]-9618&alias=bigbird22.cern.ch&noUDP&sock=schedd_38044_991d>
...
040 (147522.000.000) 06/16 08:55:24 Started transferring input files
	Transferring to host: <188.184.133.137:9618?addrs=188.184.133.137-9618+[2001-1458-301-a0--100-15c]-9618&alias=b7g28n0608.cern.ch&noUDP&sock=slot1_2_5050_ee86_50490>
...
040 (147522.000.000) 06/16 08:55:24 Finished transferring input files
...
001 (147522.000.000) 06/16 08:55:24 Job executing on host: <188.184.133.137:9618?addrs=188.184.133.137-9618+[2001-1458-301-a0--100-15c]-9618&alias=b7g28n0608.cern.ch&noUDP&sock=startd_3921_0eef>
...
006 (147522.000.000) 06/16 08:55:33 Image size of job updated: 625444
	24  -  MemoryUsage of job (MB)
	23844  -  ResidentSetSize of job (KB)
...
006 (147522.000.000) 06/16 09:00:34 Image size of job updated: 791452
	67  -  MemoryUsage of job (MB)
	67756  -  ResidentSetSize of job (KB)
...
006 (147522.000.000) 06/16 09:35:38 Image size of job updated: 791452
	113  -  MemoryUsage of job (MB)
	115564  -  ResidentSetSize of job (KB)
...
040 (147522.000.000) 06/16 09:36:29 Started transferring output files
...
040 (147522.000.000) 06/16 09:36:29 Finished transferring output files
...
005 (147522.000.000) 06/16 09:36:29 Job terminated.
	(1) Normal termination (return value 0)
		Usr 0 00:01:41, Sys 0 00:00:22  -  Run Remote Usage
		Usr 0 00:00:00, Sys 0 00:00:00  -  Run Local Usage
		Usr 0 00:01:41, Sys 0 00:00:22  -  Total Remote Usage
		Usr 0 00:00:00, Sys 0 00:00:00  -  Total Local Usage
	54432  -  Run Bytes Sent By Job
	19004  -  Run Bytes Received By Job
	54432  -  Total Bytes Sent By Job
	19004  -  Total Bytes Received By Job
	Partitionable Resources :      Usage  Request Allocated 
	   Cpus                 :       0.94        1         1 
	   Disk (KB)            : 3075263          20    217629 
	   Memory (MB)          :     113        2000      2000 

	Job terminated of its own accord at 2021-06-16T07:36:29Z.
...
