000 (112509.000.000) 06/03 12:50:20 Job submitted from host: <188.185.121.235:9618?addrs=188.185.121.235-9618+[2001-1458-d00-49--100-36e]-9618&alias=bigbird22.cern.ch&noUDP&sock=schedd_38044_991d>
...
040 (112509.000.000) 06/03 13:16:20 Started transferring input files
	Transferring to host: <188.184.213.193:9618?addrs=188.184.213.193-9618+[2001-1458-301-10c--100-1ad]-9618&alias=b7g24n0686.cern.ch&noUDP&sock=slot1_6_19341_3bec_85740>
...
001 (112509.000.000) 06/03 13:16:20 Job executing on host: <188.184.213.193:9618?addrs=188.184.213.193-9618+[2001-1458-301-10c--100-1ad]-9618&alias=b7g24n0686.cern.ch&noUDP&sock=startd_5720_05d0>
...
040 (112509.000.000) 06/03 13:16:20 Finished transferring input files
...
006 (112509.000.000) 06/03 13:16:29 Image size of job updated: 624804
	15  -  MemoryUsage of job (MB)
	14364  -  ResidentSetSize of job (KB)
...
006 (112509.000.000) 06/03 13:21:31 Image size of job updated: 790824
	66  -  MemoryUsage of job (MB)
	67496  -  ResidentSetSize of job (KB)
...
040 (112509.000.000) 06/03 14:24:28 Started transferring output files
...
040 (112509.000.000) 06/03 14:24:28 Finished transferring output files
...
005 (112509.000.000) 06/03 14:24:29 Job terminated.
	(1) Normal termination (return value 0)
		Usr 0 00:02:20, Sys 0 00:00:29  -  Run Remote Usage
		Usr 0 00:00:00, Sys 0 00:00:00  -  Run Local Usage
		Usr 0 00:02:20, Sys 0 00:00:29  -  Total Remote Usage
		Usr 0 00:00:00, Sys 0 00:00:00  -  Total Local Usage
	66543  -  Run Bytes Sent By Job
	19004  -  Run Bytes Received By Job
	66543  -  Total Bytes Sent By Job
	19004  -  Total Bytes Received By Job
	Partitionable Resources :      Usage  Request Allocated 
	   Cpus                 :       0.03        1         1 
	   Disk (KB)            : 4246640          20    284852 
	   Memory (MB)          :      66        2000      2000 

	Job terminated of its own accord at 2021-06-03T12:24:28Z.
...
000 (116108.000.000) 06/04 08:58:14 Job submitted from host: <188.185.121.235:9618?addrs=188.185.121.235-9618+[2001-1458-d00-49--100-36e]-9618&alias=bigbird22.cern.ch&noUDP&sock=schedd_38044_991d>
...
040 (116108.000.000) 06/04 09:01:44 Started transferring input files
	Transferring to host: <128.142.80.196:9618?addrs=128.142.80.196-9618+[2001-1458-301-f5--100-4cb]-9618&alias=b7s13n4929.cern.ch&noUDP&sock=slot1_11_25366_6441_88216>
...
040 (116108.000.000) 06/04 09:01:44 Finished transferring input files
...
001 (116108.000.000) 06/04 09:01:44 Job executing on host: <128.142.80.196:9618?addrs=128.142.80.196-9618+[2001-1458-301-f5--100-4cb]-9618&alias=b7s13n4929.cern.ch&noUDP&sock=startd_16853_55af>
...
006 (116108.000.000) 06/04 09:01:53 Image size of job updated: 13892
	14  -  MemoryUsage of job (MB)
	13892  -  ResidentSetSize of job (KB)
...
006 (116108.000.000) 06/04 09:06:55 Image size of job updated: 790820
	66  -  MemoryUsage of job (MB)
	67508  -  ResidentSetSize of job (KB)
...
040 (116108.000.000) 06/04 09:59:50 Started transferring output files
...
040 (116108.000.000) 06/04 09:59:50 Finished transferring output files
...
005 (116108.000.000) 06/04 09:59:50 Job terminated.
	(1) Normal termination (return value 0)
		Usr 0 00:01:32, Sys 0 00:00:20  -  Run Remote Usage
		Usr 0 00:00:00, Sys 0 00:00:00  -  Run Local Usage
		Usr 0 00:01:32, Sys 0 00:00:20  -  Total Remote Usage
		Usr 0 00:00:00, Sys 0 00:00:00  -  Total Local Usage
	173115  -  Run Bytes Sent By Job
	19004  -  Run Bytes Received By Job
	173115  -  Total Bytes Sent By Job
	19004  -  Total Bytes Received By Job
	Partitionable Resources :      Usage  Request Allocated 
	   Cpus                 :       0.01        1         1 
	   Disk (KB)            : 3716363          20    254799 
	   Memory (MB)          :      66        2000      2000 

	Job terminated of its own accord at 2021-06-04T07:59:50Z.
...
000 (123471.000.000) 06/08 10:44:12 Job submitted from host: <188.185.121.235:9618?addrs=188.185.121.235-9618+[2001-1458-d00-49--100-36e]-9618&alias=bigbird22.cern.ch&noUDP&sock=schedd_38044_991d>
...
040 (123471.000.000) 06/08 11:18:09 Entered queue to transfer input files
	Transferring to host: <188.184.212.219:9618?addrs=188.184.212.219-9618+[2001-1458-301-10c--100-bb]-9618&alias=b7g24n0395.cern.ch&noUDP&sock=slot1_3_19335_01ab_87140>
...
040 (123471.000.000) 06/08 11:53:57 Started transferring input files
	Seconds spent in queue: 2148
...
040 (123471.000.000) 06/08 11:53:57 Finished transferring input files
...
001 (123471.000.000) 06/08 11:53:57 Job executing on host: <188.184.212.219:9618?addrs=188.184.212.219-9618+[2001-1458-301-10c--100-bb]-9618&alias=b7g24n0395.cern.ch&noUDP&sock=startd_20283_0787>
...
006 (123471.000.000) 06/08 11:54:05 Image size of job updated: 321800
	2  -  MemoryUsage of job (MB)
	1748  -  ResidentSetSize of job (KB)
...
006 (123471.000.000) 06/08 11:59:05 Image size of job updated: 791456
	67  -  MemoryUsage of job (MB)
	67772  -  ResidentSetSize of job (KB)
...
006 (123471.000.000) 06/08 13:34:15 Image size of job updated: 791456
	142  -  MemoryUsage of job (MB)
	144872  -  ResidentSetSize of job (KB)
...
040 (123471.000.000) 06/08 13:34:57 Started transferring output files
	Seconds spent in queue: 8208
...
040 (123471.000.000) 06/08 13:34:57 Finished transferring output files
...
005 (123471.000.000) 06/08 13:34:57 Job terminated.
	(1) Normal termination (return value 0)
		Usr 0 00:02:05, Sys 0 00:00:24  -  Run Remote Usage
		Usr 0 00:00:00, Sys 0 00:00:00  -  Run Local Usage
		Usr 0 00:02:05, Sys 0 00:00:24  -  Total Remote Usage
		Usr 0 00:00:00, Sys 0 00:00:00  -  Total Local Usage
	173086  -  Run Bytes Sent By Job
	19004  -  Run Bytes Received By Job
	173086  -  Total Bytes Sent By Job
	19004  -  Total Bytes Received By Job
	Partitionable Resources :      Usage  Request Allocated 
	   Cpus                 :       0.00        1         1 
	   Disk (KB)            : 3716363          20    257238 
	   Memory (MB)          :     142        2000      2000 

	Job terminated of its own accord at 2021-06-08T11:34:57Z.
...
