000 (109319.000.000) 06/02 16:50:19 Job submitted from host: <188.185.121.235:9618?addrs=188.185.121.235-9618+[2001-1458-d00-49--100-36e]-9618&alias=bigbird22.cern.ch&noUDP&sock=schedd_38044_991d>
...
040 (109319.000.000) 06/02 18:40:00 Started transferring input files
	Transferring to host: <188.184.168.218:9618?addrs=188.184.168.218-9618+[2001-1458-301-c0--100-150]-9618&alias=b7g52n8346.cern.ch&noUDP&sock=slot1_11_23654_21fb_42181>
...
001 (109319.000.000) 06/02 18:40:00 Job executing on host: <188.184.168.218:9618?addrs=188.184.168.218-9618+[2001-1458-301-c0--100-150]-9618&alias=b7g52n8346.cern.ch&noUDP&sock=startd_5345_cdcc>
...
040 (109319.000.000) 06/02 18:40:00 Finished transferring input files
...
006 (109319.000.000) 06/02 18:40:09 Image size of job updated: 790796
	66  -  MemoryUsage of job (MB)
	67508  -  ResidentSetSize of job (KB)
...
040 (109319.000.000) 06/02 18:42:44 Started transferring output files
...
040 (109319.000.000) 06/02 18:42:44 Finished transferring output files
...
005 (109319.000.000) 06/02 18:42:44 Job terminated.
	(1) Normal termination (return value 0)
		Usr 0 00:00:38, Sys 0 00:00:12  -  Run Remote Usage
		Usr 0 00:00:00, Sys 0 00:00:00  -  Run Local Usage
		Usr 0 00:00:38, Sys 0 00:00:12  -  Total Remote Usage
		Usr 0 00:00:00, Sys 0 00:00:00  -  Total Local Usage
	31973  -  Run Bytes Sent By Job
	19195  -  Run Bytes Received By Job
	31973  -  Total Bytes Sent By Job
	19195  -  Total Bytes Received By Job
	Partitionable Resources :    Usage  Request Allocated 
	   Cpus                 :                 1         1 
	   Disk (KB)            :  1952312       20    258618 
	   Memory (MB)          :       66     2000      2000 

	Job terminated of its own accord at 2021-06-02T16:42:44Z.
...
