000 (108512.000.000) 06/02 16:31:35 Job submitted from host: <188.185.121.235:9618?addrs=188.185.121.235-9618+[2001-1458-d00-49--100-36e]-9618&alias=bigbird22.cern.ch&noUDP&sock=schedd_38044_991d>
...
040 (108512.000.000) 06/02 16:36:56 Started transferring input files
	Transferring to host: <128.142.76.237:9618?addrs=128.142.76.237-9618+[2001-1458-301-f4--100-431]-9618&alias=b7s12n3009.cern.ch&noUDP&sock=slot1_10_5757_13c3_29455>
...
040 (108512.000.000) 06/02 16:36:56 Finished transferring input files
...
001 (108512.000.000) 06/02 16:36:56 Job executing on host: <128.142.76.237:9618?addrs=128.142.76.237-9618+[2001-1458-301-f4--100-431]-9618&alias=b7s12n3009.cern.ch&noUDP&sock=startd_4606_e94f>
...
006 (108512.000.000) 06/02 16:37:05 Image size of job updated: 790816
	36  -  MemoryUsage of job (MB)
	35928  -  ResidentSetSize of job (KB)
...
006 (108512.000.000) 06/02 16:42:06 Image size of job updated: 790816
	66  -  MemoryUsage of job (MB)
	67500  -  ResidentSetSize of job (KB)
...
040 (108512.000.000) 06/02 16:45:23 Started transferring output files
...
040 (108512.000.000) 06/02 16:45:23 Finished transferring output files
...
005 (108512.000.000) 06/02 16:45:24 Job terminated.
	(1) Normal termination (return value 0)
		Usr 0 00:00:11, Sys 0 00:00:04  -  Run Remote Usage
		Usr 0 00:00:00, Sys 0 00:00:00  -  Run Local Usage
		Usr 0 00:00:11, Sys 0 00:00:04  -  Total Remote Usage
		Usr 0 00:00:00, Sys 0 00:00:00  -  Total Local Usage
	25965  -  Run Bytes Sent By Job
	19195  -  Run Bytes Received By Job
	25965  -  Total Bytes Sent By Job
	19195  -  Total Bytes Received By Job
	Partitionable Resources :    Usage  Request Allocated 
	   Cpus                 :                 1         1 
	   Disk (KB)            :   743780       20    282455 
	   Memory (MB)          :       66     2000      2000 

	Job terminated of its own accord at 2021-06-02T14:45:23Z.
...
