000 (109192.000.000) 06/02 16:47:15 Job submitted from host: <188.185.121.235:9618?addrs=188.185.121.235-9618+[2001-1458-d00-49--100-36e]-9618&alias=bigbird22.cern.ch&noUDP&sock=schedd_38044_991d>
...
040 (109192.000.000) 06/02 17:34:43 Started transferring input files
	Transferring to host: <188.184.138.12:9618?addrs=188.184.138.12-9618+[2001-1458-301-45--100-1a]-9618&alias=b7g42n0054.cern.ch&noUDP&sock=slot1_9_32692_38aa_82846>
...
001 (109192.000.000) 06/02 17:34:43 Job executing on host: <188.184.138.12:9618?addrs=188.184.138.12-9618+[2001-1458-301-45--100-1a]-9618&alias=b7g42n0054.cern.ch&noUDP&sock=startd_5714_e83e>
...
040 (109192.000.000) 06/02 17:34:43 Finished transferring input files
...
006 (109192.000.000) 06/02 17:34:52 Image size of job updated: 10544
	11  -  MemoryUsage of job (MB)
	10544  -  ResidentSetSize of job (KB)
...
006 (109192.000.000) 06/02 17:39:53 Image size of job updated: 790824
	66  -  MemoryUsage of job (MB)
	67492  -  ResidentSetSize of job (KB)
...
040 (109192.000.000) 06/02 18:34:07 Started transferring output files
...
040 (109192.000.000) 06/02 18:34:07 Finished transferring output files
...
005 (109192.000.000) 06/02 18:34:07 Job terminated.
	(1) Normal termination (return value 0)
		Usr 0 00:01:03, Sys 0 00:00:10  -  Run Remote Usage
		Usr 0 00:00:00, Sys 0 00:00:00  -  Run Local Usage
		Usr 0 00:01:03, Sys 0 00:00:10  -  Total Remote Usage
		Usr 0 00:00:00, Sys 0 00:00:00  -  Total Local Usage
	42215  -  Run Bytes Sent By Job
	19195  -  Run Bytes Received By Job
	42215  -  Total Bytes Sent By Job
	19195  -  Total Bytes Received By Job
	Partitionable Resources :      Usage  Request Allocated 
	   Cpus                 :       0.98        1         1 
	   Disk (KB)            : 1952941          20    306089 
	   Memory (MB)          :      66        2000      2000 

	Job terminated of its own accord at 2021-06-02T16:34:07Z.
...
