000 (147444.000.000) 06/16 08:28:30 Job submitted from host: <188.185.121.235:9618?addrs=188.185.121.235-9618+[2001-1458-d00-49--100-36e]-9618&alias=bigbird22.cern.ch&noUDP&sock=schedd_38044_991d>
...
040 (147444.000.000) 06/16 08:53:35 Started transferring input files
	Transferring to host: <128.142.84.91:9618?addrs=128.142.84.91-9618+[2001-1458-301-f6--100-fc]-9618&alias=b7s14n1580.cern.ch&noUDP&sock=slot1_12_25782_8051_50699>
...
001 (147444.000.000) 06/16 08:53:35 Job executing on host: <128.142.84.91:9618?addrs=128.142.84.91-9618+[2001-1458-301-f6--100-fc]-9618&alias=b7s14n1580.cern.ch&noUDP&sock=startd_5094_a386>
...
040 (147444.000.000) 06/16 08:53:35 Finished transferring input files
...
006 (147444.000.000) 06/16 08:53:44 Image size of job updated: 625444
	33  -  MemoryUsage of job (MB)
	33000  -  ResidentSetSize of job (KB)
...
006 (147444.000.000) 06/16 08:58:45 Image size of job updated: 791448
	67  -  MemoryUsage of job (MB)
	67780  -  ResidentSetSize of job (KB)
...
006 (147444.000.000) 06/16 09:53:49 Image size of job updated: 791448
	118  -  MemoryUsage of job (MB)
	120612  -  ResidentSetSize of job (KB)
...
040 (147444.000.000) 06/16 09:54:14 Started transferring output files
...
040 (147444.000.000) 06/16 09:54:14 Finished transferring output files
...
005 (147444.000.000) 06/16 09:54:14 Job terminated.
	(1) Normal termination (return value 0)
		Usr 0 00:01:16, Sys 0 00:00:19  -  Run Remote Usage
		Usr 0 00:00:00, Sys 0 00:00:00  -  Run Local Usage
		Usr 0 00:01:16, Sys 0 00:00:19  -  Total Remote Usage
		Usr 0 00:00:00, Sys 0 00:00:00  -  Total Local Usage
	54373  -  Run Bytes Sent By Job
	19004  -  Run Bytes Received By Job
	54373  -  Total Bytes Sent By Job
	19004  -  Total Bytes Received By Job
	Partitionable Resources :      Usage  Request Allocated 
	   Cpus                 :       0.01        1         1 
	   Disk (KB)            : 3074355          20    290638 
	   Memory (MB)          :     118        2000      2000 

	Job terminated of its own accord at 2021-06-16T07:54:13Z.
...
