000 (109001.000.000) 06/02 16:42:38 Job submitted from host: <188.185.121.235:9618?addrs=188.185.121.235-9618+[2001-1458-d00-49--100-36e]-9618&alias=bigbird22.cern.ch&noUDP&sock=schedd_38044_991d>
...
040 (109001.000.000) 06/02 17:06:57 Started transferring input files
	Transferring to host: <128.142.75.63:9618?addrs=128.142.75.63-9618+[2001-1458-301-75--100-386]-9618&alias=b7s11n8671.cern.ch&noUDP&sock=slot1_16_5975_ad8c_34231>
...
040 (109001.000.000) 06/02 17:06:57 Finished transferring input files
...
001 (109001.000.000) 06/02 17:06:57 Job executing on host: <128.142.75.63:9618?addrs=128.142.75.63-9618+[2001-1458-301-75--100-386]-9618&alias=b7s11n8671.cern.ch&noUDP&sock=startd_4645_a980>
...
006 (109001.000.000) 06/02 17:07:06 Image size of job updated: 782544
	41  -  MemoryUsage of job (MB)
	41568  -  ResidentSetSize of job (KB)
...
006 (109001.000.000) 06/02 17:12:07 Image size of job updated: 790796
	66  -  MemoryUsage of job (MB)
	67508  -  ResidentSetSize of job (KB)
...
040 (109001.000.000) 06/02 17:24:48 Started transferring output files
...
040 (109001.000.000) 06/02 17:24:48 Finished transferring output files
...
005 (109001.000.000) 06/02 17:24:48 Job terminated.
	(1) Normal termination (return value 0)
		Usr 0 00:01:57, Sys 0 00:00:28  -  Run Remote Usage
		Usr 0 00:00:00, Sys 0 00:00:00  -  Run Local Usage
		Usr 0 00:01:57, Sys 0 00:00:28  -  Total Remote Usage
		Usr 0 00:00:00, Sys 0 00:00:00  -  Total Local Usage
	65818  -  Run Bytes Sent By Job
	19195  -  Run Bytes Received By Job
	65818  -  Total Bytes Sent By Job
	19195  -  Total Bytes Received By Job
	Partitionable Resources :      Usage  Request Allocated 
	   Cpus                 :       0.03        1         1 
	   Disk (KB)            : 4241983          20    262177 
	   Memory (MB)          :      66        2000      2000 

	Job terminated of its own accord at 2021-06-02T15:24:47Z.
...
