000 (108696.000.000) 06/02 16:36:02 Job submitted from host: <188.185.121.235:9618?addrs=188.185.121.235-9618+[2001-1458-d00-49--100-36e]-9618&alias=bigbird22.cern.ch&noUDP&sock=schedd_38044_991d>
...
040 (108696.000.000) 06/02 16:46:04 Started transferring input files
	Transferring to host: <128.142.77.91:9618?addrs=128.142.77.91-9618+[2001-1458-301-f4--100-2b4]-9618&alias=b7s12n2534.cern.ch&noUDP&sock=slot1_14_16571_84bb_83015>
...
040 (108696.000.000) 06/02 16:46:04 Finished transferring input files
...
001 (108696.000.000) 06/02 16:46:04 Job executing on host: <128.142.77.91:9618?addrs=128.142.77.91-9618+[2001-1458-301-f4--100-2b4]-9618&alias=b7s12n2534.cern.ch&noUDP&sock=startd_16635_ce09>
...
006 (108696.000.000) 06/02 16:46:13 Image size of job updated: 395408
	17  -  MemoryUsage of job (MB)
	16828  -  ResidentSetSize of job (KB)
...
006 (108696.000.000) 06/02 16:51:14 Image size of job updated: 790820
	66  -  MemoryUsage of job (MB)
	67500  -  ResidentSetSize of job (KB)
...
040 (108696.000.000) 06/02 16:53:59 Started transferring output files
...
040 (108696.000.000) 06/02 16:53:59 Finished transferring output files
...
005 (108696.000.000) 06/02 16:53:59 Job terminated.
	(1) Normal termination (return value 0)
		Usr 0 00:00:13, Sys 0 00:00:03  -  Run Remote Usage
		Usr 0 00:00:00, Sys 0 00:00:00  -  Run Local Usage
		Usr 0 00:00:13, Sys 0 00:00:03  -  Total Remote Usage
		Usr 0 00:00:00, Sys 0 00:00:00  -  Total Local Usage
	23691  -  Run Bytes Sent By Job
	19195  -  Run Bytes Received By Job
	23691  -  Total Bytes Sent By Job
	19195  -  Total Bytes Received By Job
	Partitionable Resources :     Usage  Request Allocated 
	   Cpus                 :      0.01        1         1 
	   Disk (KB)            : 743050          20    285631 
	   Memory (MB)          :     66        2000      2000 

	Job terminated of its own accord at 2021-06-02T14:53:59Z.
...
