000 (112972.000.000) 06/03 12:57:35 Job submitted from host: <188.185.121.235:9618?addrs=188.185.121.235-9618+[2001-1458-d00-49--100-36e]-9618&alias=bigbird22.cern.ch&noUDP&sock=schedd_38044_991d>
...
040 (112972.000.000) 06/03 13:19:10 Started transferring input files
	Transferring to host: <128.142.71.248:9618?addrs=128.142.71.248-9618+[2001-1458-301-52--100-1d5]-9618&alias=b7s10n3506.cern.ch&noUDP&sock=slot1_14_5865_2c48_30700>
...
001 (112972.000.000) 06/03 13:19:10 Job executing on host: <128.142.71.248:9618?addrs=128.142.71.248-9618+[2001-1458-301-52--100-1d5]-9618&alias=b7s10n3506.cern.ch&noUDP&sock=startd_4574_f647>
...
040 (112972.000.000) 06/03 13:19:10 Finished transferring input files
...
006 (112972.000.000) 06/03 13:19:19 Image size of job updated: 624804
	4  -  MemoryUsage of job (MB)
	3228  -  ResidentSetSize of job (KB)
...
006 (112972.000.000) 06/03 13:24:20 Image size of job updated: 790824
	40  -  MemoryUsage of job (MB)
	39948  -  ResidentSetSize of job (KB)
...
006 (112972.000.000) 06/03 13:29:21 Image size of job updated: 790824
	46  -  MemoryUsage of job (MB)
	46168  -  ResidentSetSize of job (KB)
...
006 (112972.000.000) 06/03 13:34:21 Image size of job updated: 790824
	66  -  MemoryUsage of job (MB)
	67504  -  ResidentSetSize of job (KB)
...
040 (112972.000.000) 06/03 15:59:11 Started transferring output files
...
040 (112972.000.000) 06/03 15:59:11 Finished transferring output files
...
005 (112972.000.000) 06/03 15:59:12 Job terminated.
	(1) Normal termination (return value 0)
		Usr 0 00:00:41, Sys 0 00:00:20  -  Run Remote Usage
		Usr 0 00:00:00, Sys 0 00:00:00  -  Run Local Usage
		Usr 0 00:00:41, Sys 0 00:00:20  -  Total Remote Usage
		Usr 0 00:00:00, Sys 0 00:00:00  -  Total Local Usage
	42116  -  Run Bytes Sent By Job
	19004  -  Run Bytes Received By Job
	42116  -  Total Bytes Sent By Job
	19004  -  Total Bytes Received By Job
	Partitionable Resources :      Usage  Request Allocated 
	   Cpus                 :       0.00        1         1 
	   Disk (KB)            : 1952692          20    254329 
	   Memory (MB)          :      66        2000      2000 

	Job terminated of its own accord at 2021-06-03T13:59:11Z.
...
000 (116594.000.000) 06/04 09:04:53 Job submitted from host: <188.185.121.235:9618?addrs=188.185.121.235-9618+[2001-1458-d00-49--100-36e]-9618&alias=bigbird22.cern.ch&noUDP&sock=schedd_38044_991d>
...
040 (116594.000.000) 06/04 09:21:40 Started transferring input files
	Transferring to host: <188.184.211.4:9618?addrs=188.184.211.4-9618+[2001-1458-301-10b--100-7a]-9618&alias=b7g23n3874.cern.ch&noUDP&sock=slot1_6_5205_24ad_41812>
...
040 (116594.000.000) 06/04 09:21:40 Finished transferring input files
...
001 (116594.000.000) 06/04 09:21:40 Job executing on host: <188.184.211.4:9618?addrs=188.184.211.4-9618+[2001-1458-301-10b--100-7a]-9618&alias=b7g23n3874.cern.ch&noUDP&sock=startd_4219_7628>
...
006 (116594.000.000) 06/04 09:21:49 Image size of job updated: 624804
	8  -  MemoryUsage of job (MB)
	7584  -  ResidentSetSize of job (KB)
...
006 (116594.000.000) 06/04 09:26:50 Image size of job updated: 790816
	66  -  MemoryUsage of job (MB)
	67496  -  ResidentSetSize of job (KB)
...
040 (116594.000.000) 06/04 09:40:33 Started transferring output files
...
040 (116594.000.000) 06/04 09:40:33 Finished transferring output files
...
005 (116594.000.000) 06/04 09:40:34 Job terminated.
	(1) Normal termination (return value 0)
		Usr 0 00:01:36, Sys 0 00:00:17  -  Run Remote Usage
		Usr 0 00:00:00, Sys 0 00:00:00  -  Run Local Usage
		Usr 0 00:01:36, Sys 0 00:00:17  -  Total Remote Usage
		Usr 0 00:00:00, Sys 0 00:00:00  -  Total Local Usage
	50918  -  Run Bytes Sent By Job
	19004  -  Run Bytes Received By Job
	50918  -  Total Bytes Sent By Job
	19004  -  Total Bytes Received By Job
	Partitionable Resources :      Usage  Request Allocated 
	   Cpus                 :       0.02        1         1 
	   Disk (KB)            : 2758779          20    348082 
	   Memory (MB)          :      66        2000      2000 

	Job terminated of its own accord at 2021-06-04T07:40:33Z.
...
000 (123949.000.000) 06/08 10:51:12 Job submitted from host: <188.185.121.235:9618?addrs=188.185.121.235-9618+[2001-1458-d00-49--100-36e]-9618&alias=bigbird22.cern.ch&noUDP&sock=schedd_38044_991d>
...
040 (123949.000.000) 06/08 11:22:22 Entered queue to transfer input files
	Transferring to host: <128.142.75.63:9618?addrs=128.142.75.63-9618+[2001-1458-301-75--100-386]-9618&alias=b7s11n8671.cern.ch&noUDP&sock=slot1_9_5975_ad8c_39053>
...
040 (123949.000.000) 06/08 11:53:59 Started transferring input files
	Seconds spent in queue: 1897
...
040 (123949.000.000) 06/08 11:53:59 Finished transferring input files
...
001 (123949.000.000) 06/08 11:53:59 Job executing on host: <128.142.75.63:9618?addrs=128.142.75.63-9618+[2001-1458-301-75--100-386]-9618&alias=b7s11n8671.cern.ch&noUDP&sock=startd_4645_a980>
...
006 (123949.000.000) 06/08 11:54:07 Image size of job updated: 396052
	3  -  MemoryUsage of job (MB)
	2100  -  ResidentSetSize of job (KB)
...
006 (123949.000.000) 06/08 11:59:07 Image size of job updated: 791452
	67  -  MemoryUsage of job (MB)
	67780  -  ResidentSetSize of job (KB)
...
006 (123949.000.000) 06/08 12:24:10 Image size of job updated: 791452
	84  -  MemoryUsage of job (MB)
	85016  -  ResidentSetSize of job (KB)
...
006 (123949.000.000) 06/08 12:25:24 Image size of job updated: 791452
	84  -  MemoryUsage of job (MB)
	85024  -  ResidentSetSize of job (KB)
...
040 (123949.000.000) 06/08 12:25:24 Started transferring output files
	Seconds spent in queue: 3782
...
040 (123949.000.000) 06/08 12:25:25 Finished transferring output files
...
005 (123949.000.000) 06/08 12:25:25 Job terminated.
	(1) Normal termination (return value 0)
		Usr 0 00:01:13, Sys 0 00:00:14  -  Run Remote Usage
		Usr 0 00:00:00, Sys 0 00:00:00  -  Run Local Usage
		Usr 0 00:01:13, Sys 0 00:00:14  -  Total Remote Usage
		Usr 0 00:00:00, Sys 0 00:00:00  -  Total Local Usage
	50929  -  Run Bytes Sent By Job
	19004  -  Run Bytes Received By Job
	50929  -  Total Bytes Sent By Job
	19004  -  Total Bytes Received By Job
	Partitionable Resources :      Usage  Request Allocated 
	   Cpus                 :       0.01        1         1 
	   Disk (KB)            : 2758779          20    252868 
	   Memory (MB)          :      84        2000      2000 

	Job terminated of its own accord at 2021-06-08T10:25:24Z.
...
