000 (108733.000.000) 06/02 16:37:14 Job submitted from host: <188.185.121.235:9618?addrs=188.185.121.235-9618+[2001-1458-d00-49--100-36e]-9618&alias=bigbird22.cern.ch&noUDP&sock=schedd_38044_991d>
...
040 (108733.000.000) 06/02 16:48:18 Started transferring input files
	Transferring to host: <128.142.73.61:9618?addrs=128.142.73.61-9618+[2001-1458-301-75--100-4ae]-9618&alias=b7s11n1488.cern.ch&noUDP&sock=slot1_10_5931_ad0a_29552>
...
040 (108733.000.000) 06/02 16:48:18 Finished transferring input files
...
001 (108733.000.000) 06/02 16:48:18 Job executing on host: <128.142.73.61:9618?addrs=128.142.73.61-9618+[2001-1458-301-75--100-4ae]-9618&alias=b7s11n1488.cern.ch&noUDP&sock=startd_4787_0ff3>
...
006 (108733.000.000) 06/02 16:48:26 Image size of job updated: 460948
	15  -  MemoryUsage of job (MB)
	14732  -  ResidentSetSize of job (KB)
...
006 (108733.000.000) 06/02 16:53:26 Image size of job updated: 790820
	66  -  MemoryUsage of job (MB)
	67504  -  ResidentSetSize of job (KB)
...
040 (108733.000.000) 06/02 18:02:21 Started transferring output files
...
040 (108733.000.000) 06/02 18:02:21 Finished transferring output files
...
005 (108733.000.000) 06/02 18:02:21 Job terminated.
	(1) Normal termination (return value 0)
		Usr 0 00:01:45, Sys 0 00:00:32  -  Run Remote Usage
		Usr 0 00:00:00, Sys 0 00:00:00  -  Run Local Usage
		Usr 0 00:01:45, Sys 0 00:00:32  -  Total Remote Usage
		Usr 0 00:00:00, Sys 0 00:00:00  -  Total Local Usage
	66594  -  Run Bytes Sent By Job
	19195  -  Run Bytes Received By Job
	66594  -  Total Bytes Sent By Job
	19195  -  Total Bytes Received By Job
	Partitionable Resources :      Usage  Request Allocated 
	   Cpus                 :       0.01        1         1 
	   Disk (KB)            : 4242119          20    129937 
	   Memory (MB)          :      66        2000      2000 

	Job terminated of its own accord at 2021-06-02T16:02:21Z.
...
