000 (109299.000.000) 06/02 16:49:59 Job submitted from host: <188.185.121.235:9618?addrs=188.185.121.235-9618+[2001-1458-d00-49--100-36e]-9618&alias=bigbird22.cern.ch&noUDP&sock=schedd_38044_991d>
...
040 (109299.000.000) 06/02 18:37:00 Started transferring input files
	Transferring to host: <188.184.169.50:9618?addrs=188.184.169.50-9618+[2001-1458-301-c0--100-48e]-9618&alias=b7g52n9850.cern.ch&noUDP&sock=slot1_12_17421_6b9d_89371>
...
001 (109299.000.000) 06/02 18:37:00 Job executing on host: <188.184.169.50:9618?addrs=188.184.169.50-9618+[2001-1458-301-c0--100-48e]-9618&alias=b7g52n9850.cern.ch&noUDP&sock=startd_17772_b138>
...
040 (109299.000.000) 06/02 18:37:00 Finished transferring input files
...
006 (109299.000.000) 06/02 18:37:08 Image size of job updated: 790796
	66  -  MemoryUsage of job (MB)
	67500  -  ResidentSetSize of job (KB)
...
040 (109299.000.000) 06/02 18:39:16 Started transferring output files
...
040 (109299.000.000) 06/02 18:39:16 Finished transferring output files
...
005 (109299.000.000) 06/02 18:39:17 Job terminated.
	(1) Normal termination (return value 0)
		Usr 0 00:00:36, Sys 0 00:00:11  -  Run Remote Usage
		Usr 0 00:00:00, Sys 0 00:00:00  -  Run Local Usage
		Usr 0 00:00:36, Sys 0 00:00:11  -  Total Remote Usage
		Usr 0 00:00:00, Sys 0 00:00:00  -  Total Local Usage
	30005  -  Run Bytes Sent By Job
	19195  -  Run Bytes Received By Job
	30005  -  Total Bytes Sent By Job
	19195  -  Total Bytes Received By Job
	Partitionable Resources :    Usage  Request Allocated 
	   Cpus                 :                 1         1 
	   Disk (KB)            :  1952667       20    260407 
	   Memory (MB)          :       66     2000      2000 

	Job terminated of its own accord at 2021-06-02T16:39:16Z.
...
