000 (108998.000.000) 06/02 16:42:34 Job submitted from host: <188.185.121.235:9618?addrs=188.185.121.235-9618+[2001-1458-d00-49--100-36e]-9618&alias=bigbird22.cern.ch&noUDP&sock=schedd_38044_991d>
...
040 (108998.000.000) 06/02 17:06:29 Started transferring input files
	Transferring to host: <188.184.169.50:9618?addrs=188.184.169.50-9618+[2001-1458-301-c0--100-48e]-9618&alias=b7g52n9850.cern.ch&noUDP&sock=slot1_7_17421_6b9d_89310>
...
040 (108998.000.000) 06/02 17:06:29 Finished transferring input files
...
001 (108998.000.000) 06/02 17:06:29 Job executing on host: <188.184.169.50:9618?addrs=188.184.169.50-9618+[2001-1458-301-c0--100-48e]-9618&alias=b7g52n9850.cern.ch&noUDP&sock=startd_17772_b138>
...
006 (108998.000.000) 06/02 17:06:38 Image size of job updated: 766156
	40  -  MemoryUsage of job (MB)
	40956  -  ResidentSetSize of job (KB)
...
006 (108998.000.000) 06/02 17:11:38 Image size of job updated: 790796
	121  -  MemoryUsage of job (MB)
	123448  -  ResidentSetSize of job (KB)
...
040 (108998.000.000) 06/02 17:11:47 Started transferring output files
...
040 (108998.000.000) 06/02 17:11:47 Finished transferring output files
...
005 (108998.000.000) 06/02 17:11:48 Job terminated.
	(1) Normal termination (return value 0)
		Usr 0 00:01:40, Sys 0 00:00:26  -  Run Remote Usage
		Usr 0 00:00:00, Sys 0 00:00:00  -  Run Local Usage
		Usr 0 00:01:40, Sys 0 00:00:26  -  Total Remote Usage
		Usr 0 00:00:00, Sys 0 00:00:00  -  Total Local Usage
	39762  -  Run Bytes Sent By Job
	19195  -  Run Bytes Received By Job
	39762  -  Total Bytes Sent By Job
	19195  -  Total Bytes Received By Job
	Partitionable Resources :    Usage  Request Allocated 
	   Cpus                 :                 1         1 
	   Disk (KB)            :  4246608       20    278688 
	   Memory (MB)          :      121     2000      2000 

	Job terminated of its own accord at 2021-06-02T15:11:47Z.
...
