000 (109280.000.000) 06/02 16:49:24 Job submitted from host: <188.185.121.235:9618?addrs=188.185.121.235-9618+[2001-1458-d00-49--100-36e]-9618&alias=bigbird22.cern.ch&noUDP&sock=schedd_38044_991d>
...
040 (109280.000.000) 06/02 18:33:46 Started transferring input files
	Transferring to host: <128.142.79.198:9618?addrs=128.142.79.198-9618+[2001-1458-301-f4--100-628]-9618&alias=b7s12n1511.cern.ch&noUDP&sock=slot1_8_11588_8b50_89278>
...
001 (109280.000.000) 06/02 18:33:46 Job executing on host: <128.142.79.198:9618?addrs=128.142.79.198-9618+[2001-1458-301-f4--100-628]-9618&alias=b7s12n1511.cern.ch&noUDP&sock=startd_14728_c2ee>
...
040 (109280.000.000) 06/02 18:33:46 Finished transferring input files
...
006 (109280.000.000) 06/02 18:33:55 Image size of job updated: 782548
	39  -  MemoryUsage of job (MB)
	39716  -  ResidentSetSize of job (KB)
...
006 (109280.000.000) 06/02 18:35:50 Image size of job updated: 790796
	39  -  MemoryUsage of job (MB)
	39744  -  ResidentSetSize of job (KB)
...
040 (109280.000.000) 06/02 18:35:50 Started transferring output files
...
040 (109280.000.000) 06/02 18:35:50 Finished transferring output files
...
005 (109280.000.000) 06/02 18:35:50 Job terminated.
	(1) Normal termination (return value 0)
		Usr 0 00:00:37, Sys 0 00:00:09  -  Run Remote Usage
		Usr 0 00:00:00, Sys 0 00:00:00  -  Run Local Usage
		Usr 0 00:00:37, Sys 0 00:00:09  -  Total Remote Usage
		Usr 0 00:00:00, Sys 0 00:00:00  -  Total Local Usage
	26725  -  Run Bytes Sent By Job
	19195  -  Run Bytes Received By Job
	26725  -  Total Bytes Sent By Job
	19195  -  Total Bytes Received By Job
	Partitionable Resources :    Usage  Request Allocated 
	   Cpus                 :                 1         1 
	   Disk (KB)            :  1951724       20    268846 
	   Memory (MB)          :       39     2000      2000 

	Job terminated of its own accord at 2021-06-02T16:35:50Z.
...
