000 (147071.000.000) 06/16 08:20:21 Job submitted from host: <188.185.121.235:9618?addrs=188.185.121.235-9618+[2001-1458-d00-49--100-36e]-9618&alias=bigbird22.cern.ch&noUDP&sock=schedd_38044_991d>
...
040 (147071.000.000) 06/16 08:46:35 Started transferring input files
	Transferring to host: <128.142.75.215:9618?addrs=128.142.75.215-9618+[2001-1458-301-75--100-111]-9618&alias=b7s11n2554.cern.ch&noUDP&sock=slot1_3_5085_97a8_42782>
...
040 (147071.000.000) 06/16 08:46:35 Finished transferring input files
...
001 (147071.000.000) 06/16 08:46:35 Job executing on host: <128.142.75.215:9618?addrs=128.142.75.215-9618+[2001-1458-301-75--100-111]-9618&alias=b7s11n2554.cern.ch&noUDP&sock=startd_3972_0a43>
...
006 (147071.000.000) 06/16 08:46:43 Image size of job updated: 7120
	7  -  MemoryUsage of job (MB)
	7120  -  ResidentSetSize of job (KB)
...
006 (147071.000.000) 06/16 08:51:43 Image size of job updated: 791452
	67  -  MemoryUsage of job (MB)
	67772  -  ResidentSetSize of job (KB)
...
040 (147071.000.000) 06/16 08:55:08 Started transferring output files
...
040 (147071.000.000) 06/16 08:55:08 Finished transferring output files
...
005 (147071.000.000) 06/16 08:55:09 Job terminated.
	(1) Normal termination (return value 0)
		Usr 0 00:00:07, Sys 0 00:00:02  -  Run Remote Usage
		Usr 0 00:00:00, Sys 0 00:00:00  -  Run Local Usage
		Usr 0 00:00:07, Sys 0 00:00:02  -  Total Remote Usage
		Usr 0 00:00:00, Sys 0 00:00:00  -  Total Local Usage
	24216  -  Run Bytes Sent By Job
	19004  -  Run Bytes Received By Job
	24216  -  Total Bytes Sent By Job
	19004  -  Total Bytes Received By Job
	Partitionable Resources :     Usage  Request Allocated 
	   Cpus                 :      0.01        1         1 
	   Disk (KB)            : 465683          20    277308 
	   Memory (MB)          :     67        2000      2000 

	Job terminated of its own accord at 2021-06-16T06:55:08Z.
...
