000 (109225.000.000) 06/02 16:48:08 Job submitted from host: <188.185.121.235:9618?addrs=188.185.121.235-9618+[2001-1458-d00-49--100-36e]-9618&alias=bigbird22.cern.ch&noUDP&sock=schedd_38044_991d>
...
040 (109225.000.000) 06/02 18:23:44 Started transferring input files
	Transferring to host: <128.142.74.80:9618?addrs=128.142.74.80-9618+[2001-1458-301-75--100-3e3]-9618&alias=b7s11n4315.cern.ch&noUDP&sock=slot1_11_5065_8027_29633>
...
001 (109225.000.000) 06/02 18:23:44 Job executing on host: <128.142.74.80:9618?addrs=128.142.74.80-9618+[2001-1458-301-75--100-3e3]-9618&alias=b7s11n4315.cern.ch&noUDP&sock=startd_4114_70b6>
...
040 (109225.000.000) 06/02 18:23:44 Finished transferring input files
...
006 (109225.000.000) 06/02 18:23:52 Image size of job updated: 42052
	42  -  MemoryUsage of job (MB)
	42052  -  ResidentSetSize of job (KB)
...
006 (109225.000.000) 06/02 18:26:33 Image size of job updated: 790796
	42  -  MemoryUsage of job (MB)
	42152  -  ResidentSetSize of job (KB)
...
040 (109225.000.000) 06/02 18:26:33 Started transferring output files
...
040 (109225.000.000) 06/02 18:26:33 Finished transferring output files
...
005 (109225.000.000) 06/02 18:26:33 Job terminated.
	(1) Normal termination (return value 0)
		Usr 0 00:00:50, Sys 0 00:00:09  -  Run Remote Usage
		Usr 0 00:00:00, Sys 0 00:00:00  -  Run Local Usage
		Usr 0 00:00:50, Sys 0 00:00:09  -  Total Remote Usage
		Usr 0 00:00:00, Sys 0 00:00:00  -  Total Local Usage
	30334  -  Run Bytes Sent By Job
	19195  -  Run Bytes Received By Job
	30334  -  Total Bytes Sent By Job
	19195  -  Total Bytes Received By Job
	Partitionable Resources :    Usage  Request Allocated 
	   Cpus                 :                 1         1 
	   Disk (KB)            :  1952286       20    268569 
	   Memory (MB)          :       42     2000      2000 

	Job terminated of its own accord at 2021-06-02T16:26:33Z.
...
