000 (108902.000.000) 06/02 16:40:22 Job submitted from host: <188.185.121.235:9618?addrs=188.185.121.235-9618+[2001-1458-d00-49--100-36e]-9618&alias=bigbird22.cern.ch&noUDP&sock=schedd_38044_991d>
...
040 (108902.000.000) 06/02 16:57:38 Started transferring input files
	Transferring to host: <188.184.138.61:9618?addrs=188.184.138.61-9618+[2001-1458-301-45--100-2e]-9618&alias=b7g42n0138.cern.ch&noUDP&sock=slot1_11_5824_48e6_34847>
...
040 (108902.000.000) 06/02 16:57:38 Finished transferring input files
...
001 (108902.000.000) 06/02 16:57:38 Job executing on host: <188.184.138.61:9618?addrs=188.184.138.61-9618+[2001-1458-301-45--100-2e]-9618&alias=b7g42n0138.cern.ch&noUDP&sock=startd_4672_2e8f>
...
006 (108902.000.000) 06/02 16:57:46 Image size of job updated: 766156
	20  -  MemoryUsage of job (MB)
	19908  -  ResidentSetSize of job (KB)
...
006 (108902.000.000) 06/02 17:02:46 Image size of job updated: 790800
	66  -  MemoryUsage of job (MB)
	67500  -  ResidentSetSize of job (KB)
...
040 (108902.000.000) 06/02 17:22:45 Started transferring output files
...
040 (108902.000.000) 06/02 17:22:45 Finished transferring output files
...
005 (108902.000.000) 06/02 17:22:45 Job terminated.
	(1) Normal termination (return value 0)
		Usr 0 00:02:49, Sys 0 00:00:30  -  Run Remote Usage
		Usr 0 00:00:00, Sys 0 00:00:00  -  Run Local Usage
		Usr 0 00:02:49, Sys 0 00:00:30  -  Total Remote Usage
		Usr 0 00:00:00, Sys 0 00:00:00  -  Total Local Usage
	66838  -  Run Bytes Sent By Job
	19195  -  Run Bytes Received By Job
	66838  -  Total Bytes Sent By Job
	19195  -  Total Bytes Received By Job
	Partitionable Resources :      Usage  Request Allocated 
	   Cpus                 :       0.01        1         1 
	   Disk (KB)            : 4239279          20    264029 
	   Memory (MB)          :      66        2000      2000 

	Job terminated of its own accord at 2021-06-02T15:22:45Z.
...
