000 (108684.000.000) 06/02 16:35:50 Job submitted from host: <188.185.121.235:9618?addrs=188.185.121.235-9618+[2001-1458-d00-49--100-36e]-9618&alias=bigbird22.cern.ch&noUDP&sock=schedd_38044_991d>
...
040 (108684.000.000) 06/02 16:45:41 Started transferring input files
	Transferring to host: <128.142.77.91:9618?addrs=128.142.77.91-9618+[2001-1458-301-f4--100-2b4]-9618&alias=b7s12n2534.cern.ch&noUDP&sock=slot1_16_16571_84bb_83013>
...
001 (108684.000.000) 06/02 16:45:41 Job executing on host: <128.142.77.91:9618?addrs=128.142.77.91-9618+[2001-1458-301-f4--100-2b4]-9618&alias=b7s12n2534.cern.ch&noUDP&sock=startd_16635_ce09>
...
040 (108684.000.000) 06/02 16:45:41 Finished transferring input files
...
006 (108684.000.000) 06/02 16:45:50 Image size of job updated: 790800
	40  -  MemoryUsage of job (MB)
	40208  -  ResidentSetSize of job (KB)
...
006 (108684.000.000) 06/02 16:46:29 Image size of job updated: 790800
	40  -  MemoryUsage of job (MB)
	40244  -  ResidentSetSize of job (KB)
...
040 (108684.000.000) 06/02 16:46:29 Started transferring output files
...
040 (108684.000.000) 06/02 16:46:29 Finished transferring output files
...
005 (108684.000.000) 06/02 16:46:30 Job terminated.
	(1) Normal termination (return value 0)
		Usr 0 00:00:10, Sys 0 00:00:03  -  Run Remote Usage
		Usr 0 00:00:00, Sys 0 00:00:00  -  Run Local Usage
		Usr 0 00:00:10, Sys 0 00:00:03  -  Total Remote Usage
		Usr 0 00:00:00, Sys 0 00:00:00  -  Total Local Usage
	18970  -  Run Bytes Sent By Job
	19195  -  Run Bytes Received By Job
	18970  -  Total Bytes Sent By Job
	19195  -  Total Bytes Received By Job
	Partitionable Resources :    Usage  Request Allocated 
	   Cpus                 :                 1         1 
	   Disk (KB)            :   744372       20    284713 
	   Memory (MB)          :       40     2000      2000 

	Job terminated of its own accord at 2021-06-02T14:46:29Z.
...
