000 (148536.000.000) 06/16 08:51:07 Job submitted from host: <188.185.121.235:9618?addrs=188.185.121.235-9618+[2001-1458-d00-49--100-36e]-9618&alias=bigbird22.cern.ch&noUDP&sock=schedd_38044_991d>
...
040 (148536.000.000) 06/16 09:38:19 Started transferring input files
	Transferring to host: <188.184.133.105:9618?addrs=188.184.133.105-9618+[2001-1458-301-a0--100-185]-9618&alias=b7g28n0426.cern.ch&noUDP&sock=slot1_2_3250_ab3d_91382>
...
040 (148536.000.000) 06/16 09:38:19 Finished transferring input files
...
001 (148536.000.000) 06/16 09:38:19 Job executing on host: <188.184.133.105:9618?addrs=188.184.133.105-9618+[2001-1458-301-a0--100-185]-9618&alias=b7g28n0426.cern.ch&noUDP&sock=startd_1970_d5a9>
...
006 (148536.000.000) 06/16 09:38:28 Image size of job updated: 625444
	5  -  MemoryUsage of job (MB)
	4996  -  ResidentSetSize of job (KB)
...
006 (148536.000.000) 06/16 09:43:29 Image size of job updated: 791456
	37  -  MemoryUsage of job (MB)
	37236  -  ResidentSetSize of job (KB)
...
006 (148536.000.000) 06/16 09:48:29 Image size of job updated: 791456
	67  -  MemoryUsage of job (MB)
	67760  -  ResidentSetSize of job (KB)
...
040 (148536.000.000) 06/16 12:15:47 Started transferring output files
...
040 (148536.000.000) 06/16 12:15:47 Finished transferring output files
...
005 (148536.000.000) 06/16 12:15:47 Job terminated.
	(1) Normal termination (return value 0)
		Usr 0 00:01:09, Sys 0 00:00:15  -  Run Remote Usage
		Usr 0 00:00:00, Sys 0 00:00:00  -  Run Local Usage
		Usr 0 00:01:09, Sys 0 00:00:15  -  Total Remote Usage
		Usr 0 00:00:00, Sys 0 00:00:00  -  Total Local Usage
	46584  -  Run Bytes Sent By Job
	19004  -  Run Bytes Received By Job
	46584  -  Total Bytes Sent By Job
	19004  -  Total Bytes Received By Job
	Partitionable Resources :      Usage  Request Allocated 
	   Cpus                 :       0.00        1         1 
	   Disk (KB)            : 2368046          20    211042 
	   Memory (MB)          :      67        2000      2000 

	Job terminated of its own accord at 2021-06-16T10:15:47Z.
...
