000 (147694.000.000) 06/16 08:33:43 Job submitted from host: <188.185.121.235:9618?addrs=188.185.121.235-9618+[2001-1458-d00-49--100-36e]-9618&alias=bigbird22.cern.ch&noUDP&sock=schedd_38044_991d>
...
040 (147694.000.000) 06/16 08:56:40 Started transferring input files
	Transferring to host: <128.142.72.132:9618?addrs=128.142.72.132-9618+[2001-1458-301-75--100-42]-9618&alias=b7s11n9699.cern.ch&noUDP&sock=slot1_14_5528_b9da_37607>
...
040 (147694.000.000) 06/16 08:56:40 Finished transferring input files
...
001 (147694.000.000) 06/16 08:56:40 Job executing on host: <128.142.72.132:9618?addrs=128.142.72.132-9618+[2001-1458-301-75--100-42]-9618&alias=b7s11n9699.cern.ch&noUDP&sock=startd_4461_7413>
...
006 (147694.000.000) 06/16 08:56:49 Image size of job updated: 774992
	30  -  MemoryUsage of job (MB)
	29748  -  ResidentSetSize of job (KB)
...
006 (147694.000.000) 06/16 09:01:50 Image size of job updated: 791452
	67  -  MemoryUsage of job (MB)
	67776  -  ResidentSetSize of job (KB)
...
006 (147694.000.000) 06/16 12:02:09 Image size of job updated: 791452
	87  -  MemoryUsage of job (MB)
	88516  -  ResidentSetSize of job (KB)
...
006 (147694.000.000) 06/16 12:04:05 Image size of job updated: 791452
	89  -  MemoryUsage of job (MB)
	90184  -  ResidentSetSize of job (KB)
...
040 (147694.000.000) 06/16 12:04:05 Started transferring output files
...
040 (147694.000.000) 06/16 12:04:05 Finished transferring output files
...
005 (147694.000.000) 06/16 12:04:06 Job terminated.
	(1) Normal termination (return value 0)
		Usr 0 00:01:45, Sys 0 00:00:20  -  Run Remote Usage
		Usr 0 00:00:00, Sys 0 00:00:00  -  Run Local Usage
		Usr 0 00:01:45, Sys 0 00:00:20  -  Total Remote Usage
		Usr 0 00:00:00, Sys 0 00:00:00  -  Total Local Usage
	54269  -  Run Bytes Sent By Job
	19004  -  Run Bytes Received By Job
	54269  -  Total Bytes Sent By Job
	19004  -  Total Bytes Received By Job
	Partitionable Resources :      Usage  Request Allocated 
	   Cpus                 :       0.00        1         1 
	   Disk (KB)            : 3074689          20    283429 
	   Memory (MB)          :      89        2000      2000 

	Job terminated of its own accord at 2021-06-16T10:04:05Z.
...
