000 (146982.000.000) 06/16 08:18:49 Job submitted from host: <188.185.121.235:9618?addrs=188.185.121.235-9618+[2001-1458-d00-49--100-36e]-9618&alias=bigbird22.cern.ch&noUDP&sock=schedd_38044_991d>
...
040 (146982.000.000) 06/16 08:45:54 Started transferring input files
	Transferring to host: <128.142.149.80:9618?addrs=128.142.149.80-9618+[2001-1458-301-b--100-be]-9618&alias=b7g41n1106.cern.ch&noUDP&sock=slot1_7_22652_2212_110472>
...
001 (146982.000.000) 06/16 08:45:54 Job executing on host: <128.142.149.80:9618?addrs=128.142.149.80-9618+[2001-1458-301-b--100-be]-9618&alias=b7g41n1106.cern.ch&noUDP&sock=startd_6502_68df>
...
040 (146982.000.000) 06/16 08:45:54 Finished transferring input files
...
006 (146982.000.000) 06/16 08:46:03 Image size of job updated: 791456
	42  -  MemoryUsage of job (MB)
	42416  -  ResidentSetSize of job (KB)
...
006 (146982.000.000) 06/16 08:46:36 Image size of job updated: 791456
	42  -  MemoryUsage of job (MB)
	42464  -  ResidentSetSize of job (KB)
...
040 (146982.000.000) 06/16 08:46:36 Started transferring output files
...
040 (146982.000.000) 06/16 08:46:37 Finished transferring output files
...
005 (146982.000.000) 06/16 08:46:37 Job terminated.
	(1) Normal termination (return value 0)
		Usr 0 00:00:11, Sys 0 00:00:02  -  Run Remote Usage
		Usr 0 00:00:00, Sys 0 00:00:00  -  Run Local Usage
		Usr 0 00:00:11, Sys 0 00:00:02  -  Total Remote Usage
		Usr 0 00:00:00, Sys 0 00:00:00  -  Total Local Usage
	21615  -  Run Bytes Sent By Job
	19004  -  Run Bytes Received By Job
	21615  -  Total Bytes Sent By Job
	19004  -  Total Bytes Received By Job
	Partitionable Resources :     Usage  Request Allocated 
	   Cpus                 :      0.09        1         1 
	   Disk (KB)            : 466064          20    351943 
	   Memory (MB)          :     42        2000      2000 

	Job terminated of its own accord at 2021-06-16T06:46:36Z.
...
