000 (147113.000.000) 06/16 08:21:35 Job submitted from host: <188.185.121.235:9618?addrs=188.185.121.235-9618+[2001-1458-d00-49--100-36e]-9618&alias=bigbird22.cern.ch&noUDP&sock=schedd_38044_991d>
...
040 (147113.000.000) 06/16 08:46:51 Started transferring input files
	Transferring to host: <128.142.77.181:9618?addrs=128.142.77.181-9618+[2001-1458-301-f4--100-4a2]-9618&alias=b7s12n2472.cern.ch&noUDP&sock=slot1_15_9918_e0cc_90552>
...
001 (147113.000.000) 06/16 08:46:51 Job executing on host: <128.142.77.181:9618?addrs=128.142.77.181-9618+[2001-1458-301-f4--100-4a2]-9618&alias=b7s12n2472.cern.ch&noUDP&sock=startd_16570_3861>
...
040 (147113.000.000) 06/16 08:46:51 Finished transferring input files
...
006 (147113.000.000) 06/16 08:46:59 Image size of job updated: 36744
	36  -  MemoryUsage of job (MB)
	36744  -  ResidentSetSize of job (KB)
...
006 (147113.000.000) 06/16 08:49:22 Image size of job updated: 791436
	36  -  MemoryUsage of job (MB)
	36800  -  ResidentSetSize of job (KB)
...
040 (147113.000.000) 06/16 08:49:22 Started transferring output files
...
040 (147113.000.000) 06/16 08:49:23 Finished transferring output files
...
005 (147113.000.000) 06/16 08:49:24 Job terminated.
	(1) Normal termination (return value 0)
		Usr 0 00:00:08, Sys 0 00:00:02  -  Run Remote Usage
		Usr 0 00:00:00, Sys 0 00:00:00  -  Run Local Usage
		Usr 0 00:00:08, Sys 0 00:00:02  -  Total Remote Usage
		Usr 0 00:00:00, Sys 0 00:00:00  -  Total Local Usage
	22029  -  Run Bytes Sent By Job
	19004  -  Run Bytes Received By Job
	22029  -  Total Bytes Sent By Job
	19004  -  Total Bytes Received By Job
	Partitionable Resources :     Usage  Request Allocated 
	   Cpus                 :      0.01        1         1 
	   Disk (KB)            : 466229          20    283606 
	   Memory (MB)          :     36        2000      2000 

	Job terminated of its own accord at 2021-06-16T06:49:22Z.
...
