000 (148103.000.000) 06/16 08:42:03 Job submitted from host: <188.185.121.235:9618?addrs=188.185.121.235-9618+[2001-1458-d00-49--100-36e]-9618&alias=bigbird22.cern.ch&noUDP&sock=schedd_38044_991d>
...
040 (148103.000.000) 06/16 09:01:17 Started transferring input files
	Transferring to host: <188.185.105.13:9618?addrs=188.185.105.13-9618+[2001-1458-d00-3e--100-10c]-9618&alias=b7g50s0258.cern.ch&noUDP&sock=slot1_8_2378_441a_113870>
...
001 (148103.000.000) 06/16 09:01:17 Job executing on host: <188.185.105.13:9618?addrs=188.185.105.13-9618+[2001-1458-d00-3e--100-10c]-9618&alias=b7g50s0258.cern.ch&noUDP&sock=startd_17828_1a85>
...
040 (148103.000.000) 06/16 09:01:17 Finished transferring input files
...
006 (148103.000.000) 06/16 09:01:27 Image size of job updated: 6824
	7  -  MemoryUsage of job (MB)
	6824  -  ResidentSetSize of job (KB)
...
006 (148103.000.000) 06/16 09:06:27 Image size of job updated: 791456
	67  -  MemoryUsage of job (MB)
	67772  -  ResidentSetSize of job (KB)
...
006 (148103.000.000) 06/16 10:16:33 Image size of job updated: 791456
	89  -  MemoryUsage of job (MB)
	90116  -  ResidentSetSize of job (KB)
...
040 (148103.000.000) 06/16 10:16:55 Started transferring output files
...
040 (148103.000.000) 06/16 10:16:55 Finished transferring output files
...
005 (148103.000.000) 06/16 10:16:55 Job terminated.
	(1) Normal termination (return value 0)
		Usr 0 00:00:44, Sys 0 00:00:13  -  Run Remote Usage
		Usr 0 00:00:00, Sys 0 00:00:00  -  Run Local Usage
		Usr 0 00:00:44, Sys 0 00:00:13  -  Total Remote Usage
		Usr 0 00:00:00, Sys 0 00:00:00  -  Total Local Usage
	46743  -  Run Bytes Sent By Job
	19004  -  Run Bytes Received By Job
	46743  -  Total Bytes Sent By Job
	19004  -  Total Bytes Received By Job
	Partitionable Resources :      Usage  Request Allocated 
	   Cpus                 :       0.00        1         1 
	   Disk (KB)            : 2368158          20    605984 
	   Memory (MB)          :      89        2000      2000 

	Job terminated of its own accord at 2021-06-16T08:16:54Z.
...
