000 (147829.000.000) 06/16 08:36:14 Job submitted from host: <188.185.121.235:9618?addrs=188.185.121.235-9618+[2001-1458-d00-49--100-36e]-9618&alias=bigbird22.cern.ch&noUDP&sock=schedd_38044_991d>
...
040 (147829.000.000) 06/16 08:57:32 Started transferring input files
	Transferring to host: <188.184.190.164:9618?addrs=188.184.190.164-9618+[2001-1458-301-4b--100-ab]-9618&alias=b7g42n0364.cern.ch&noUDP&sock=slot1_4_5965_a1cc_51669>
...
001 (147829.000.000) 06/16 08:57:32 Job executing on host: <188.184.190.164:9618?addrs=188.184.190.164-9618+[2001-1458-301-4b--100-ab]-9618&alias=b7g42n0364.cern.ch&noUDP&sock=startd_4726_38ac>
...
040 (147829.000.000) 06/16 08:57:32 Finished transferring input files
...
006 (147829.000.000) 06/16 08:57:40 Image size of job updated: 24924
	25  -  MemoryUsage of job (MB)
	24924  -  ResidentSetSize of job (KB)
...
006 (147829.000.000) 06/16 09:02:40 Image size of job updated: 791444
	67  -  MemoryUsage of job (MB)
	67776  -  ResidentSetSize of job (KB)
...
040 (147829.000.000) 06/16 09:46:03 Started transferring output files
...
040 (147829.000.000) 06/16 09:46:03 Finished transferring output files
...
005 (147829.000.000) 06/16 09:46:04 Job terminated.
	(1) Normal termination (return value 0)
		Usr 0 00:01:38, Sys 0 00:00:20  -  Run Remote Usage
		Usr 0 00:00:00, Sys 0 00:00:00  -  Run Local Usage
		Usr 0 00:01:38, Sys 0 00:00:20  -  Total Remote Usage
		Usr 0 00:00:00, Sys 0 00:00:00  -  Total Local Usage
	54511  -  Run Bytes Sent By Job
	19004  -  Run Bytes Received By Job
	54511  -  Total Bytes Sent By Job
	19004  -  Total Bytes Received By Job
	Partitionable Resources :      Usage  Request Allocated 
	   Cpus                 :       0.83        1         1 
	   Disk (KB)            : 3080202          20    282051 
	   Memory (MB)          :      67        2000      2000 

	Job terminated of its own accord at 2021-06-16T07:46:03Z.
...
