000 (109112.000.000) 06/02 16:45:19 Job submitted from host: <188.185.121.235:9618?addrs=188.185.121.235-9618+[2001-1458-d00-49--100-36e]-9618&alias=bigbird22.cern.ch&noUDP&sock=schedd_38044_991d>
...
040 (109112.000.000) 06/02 17:23:33 Started transferring input files
	Transferring to host: <188.184.169.50:9618?addrs=188.184.169.50-9618+[2001-1458-301-c0--100-48e]-9618&alias=b7g52n9850.cern.ch&noUDP&sock=slot1_12_17421_6b9d_89322>
...
001 (109112.000.000) 06/02 17:23:33 Job executing on host: <188.184.169.50:9618?addrs=188.184.169.50-9618+[2001-1458-301-c0--100-48e]-9618&alias=b7g52n9850.cern.ch&noUDP&sock=startd_17772_b138>
...
040 (109112.000.000) 06/02 17:23:33 Finished transferring input files
...
006 (109112.000.000) 06/02 17:23:41 Image size of job updated: 766156
	35  -  MemoryUsage of job (MB)
	35308  -  ResidentSetSize of job (KB)
...
006 (109112.000.000) 06/02 17:26:15 Image size of job updated: 790796
	35  -  MemoryUsage of job (MB)
	35372  -  ResidentSetSize of job (KB)
...
040 (109112.000.000) 06/02 17:26:15 Started transferring output files
...
040 (109112.000.000) 06/02 17:26:15 Finished transferring output files
...
005 (109112.000.000) 06/02 17:26:15 Job terminated.
	(1) Normal termination (return value 0)
		Usr 0 00:00:35, Sys 0 00:00:11  -  Run Remote Usage
		Usr 0 00:00:00, Sys 0 00:00:00  -  Run Local Usage
		Usr 0 00:00:35, Sys 0 00:00:11  -  Total Remote Usage
		Usr 0 00:00:00, Sys 0 00:00:00  -  Total Local Usage
	30391  -  Run Bytes Sent By Job
	19195  -  Run Bytes Received By Job
	30391  -  Total Bytes Sent By Job
	19195  -  Total Bytes Received By Job
	Partitionable Resources :      Usage  Request Allocated 
	   Cpus                 :       0.08        1         1 
	   Disk (KB)            : 1952644          20    274706 
	   Memory (MB)          :      35        2000      2000 

	Job terminated of its own accord at 2021-06-02T15:26:15Z.
...
