000 (109115.000.000) 06/02 16:45:23 Job submitted from host: <188.185.121.235:9618?addrs=188.185.121.235-9618+[2001-1458-d00-49--100-36e]-9618&alias=bigbird22.cern.ch&noUDP&sock=schedd_38044_991d>
...
040 (109115.000.000) 06/02 17:23:49 Started transferring input files
	Transferring to host: <188.184.213.31:9618?addrs=188.184.213.31-9618+[2001-1458-301-10c--100-12b]-9618&alias=b7g24n0540.cern.ch&noUDP&sock=slot1_8_4789_089c_34564>
...
001 (109115.000.000) 06/02 17:23:49 Job executing on host: <188.184.213.31:9618?addrs=188.184.213.31-9618+[2001-1458-301-10c--100-12b]-9618&alias=b7g24n0540.cern.ch&noUDP&sock=startd_3793_42d0>
...
040 (109115.000.000) 06/02 17:23:49 Finished transferring input files
...
006 (109115.000.000) 06/02 17:23:57 Image size of job updated: 766156
	35  -  MemoryUsage of job (MB)
	35080  -  ResidentSetSize of job (KB)
...
006 (109115.000.000) 06/02 17:26:51 Image size of job updated: 790796
	35  -  MemoryUsage of job (MB)
	35200  -  ResidentSetSize of job (KB)
...
040 (109115.000.000) 06/02 17:26:51 Started transferring output files
...
040 (109115.000.000) 06/02 17:26:51 Finished transferring output files
...
005 (109115.000.000) 06/02 17:26:52 Job terminated.
	(1) Normal termination (return value 0)
		Usr 0 00:00:52, Sys 0 00:00:11  -  Run Remote Usage
		Usr 0 00:00:00, Sys 0 00:00:00  -  Run Local Usage
		Usr 0 00:00:52, Sys 0 00:00:11  -  Total Remote Usage
		Usr 0 00:00:00, Sys 0 00:00:00  -  Total Local Usage
	32067  -  Run Bytes Sent By Job
	19195  -  Run Bytes Received By Job
	32067  -  Total Bytes Sent By Job
	19195  -  Total Bytes Received By Job
	Partitionable Resources :    Usage  Request Allocated 
	   Cpus                 :                 1         1 
	   Disk (KB)            :  1952595       20    300810 
	   Memory (MB)          :       35     2000      2000 

	Job terminated of its own accord at 2021-06-02T15:26:51Z.
...
