000 (108930.000.000) 06/02 16:41:04 Job submitted from host: <188.185.121.235:9618?addrs=188.185.121.235-9618+[2001-1458-d00-49--100-36e]-9618&alias=bigbird22.cern.ch&noUDP&sock=schedd_38044_991d>
...
040 (108930.000.000) 06/02 16:57:47 Started transferring input files
	Transferring to host: <188.184.212.63:9618?addrs=188.184.212.63-9618+[2001-1458-301-10c--100-38]-9618&alias=b7g24n0118.cern.ch&noUDP&sock=slot1_4_11541_6dae_81290>
...
040 (108930.000.000) 06/02 16:57:47 Finished transferring input files
...
001 (108930.000.000) 06/02 16:57:47 Job executing on host: <188.184.212.63:9618?addrs=188.184.212.63-9618+[2001-1458-301-10c--100-38]-9618&alias=b7g24n0118.cern.ch&noUDP&sock=startd_20310_8c95>
...
006 (108930.000.000) 06/02 16:57:55 Image size of job updated: 790824
	40  -  MemoryUsage of job (MB)
	39960  -  ResidentSetSize of job (KB)
...
006 (108930.000.000) 06/02 17:02:55 Image size of job updated: 790824
	66  -  MemoryUsage of job (MB)
	67496  -  ResidentSetSize of job (KB)
...
040 (108930.000.000) 06/02 17:07:00 Started transferring output files
...
040 (108930.000.000) 06/02 17:07:00 Finished transferring output files
...
005 (108930.000.000) 06/02 17:07:01 Job terminated.
	(1) Normal termination (return value 0)
		Usr 0 00:02:00, Sys 0 00:00:27  -  Run Remote Usage
		Usr 0 00:00:00, Sys 0 00:00:00  -  Run Local Usage
		Usr 0 00:02:00, Sys 0 00:00:27  -  Total Remote Usage
		Usr 0 00:00:00, Sys 0 00:00:00  -  Total Local Usage
	58044  -  Run Bytes Sent By Job
	19195  -  Run Bytes Received By Job
	58044  -  Total Bytes Sent By Job
	19195  -  Total Bytes Received By Job
	Partitionable Resources :      Usage  Request Allocated 
	   Cpus                 :       0.06        1         1 
	   Disk (KB)            : 4241781          20    293725 
	   Memory (MB)          :      66        2000      2000 

	Job terminated of its own accord at 2021-06-02T15:07:00Z.
...
