000 (758966.000.000) 02/02 22:10:44 Job submitted from host: <188.185.121.235:9618?addrs=188.185.121.235-9618+[2001-1458-d00-49--100-36e]-9618&alias=bigbird22.cern.ch&noUDP&sock=schedd_8027_6ecd>
...
040 (758966.000.000) 02/02 22:23:59 Started transferring input files
	Transferring to host: <128.142.61.132:9618?addrs=128.142.61.132-9618+[2001-1458-301-23--100-83]-9618&alias=b7s06p5839.cern.ch&noUDP&sock=slot1_53_8442_e710_3542>
...
040 (758966.000.000) 02/02 22:23:59 Finished transferring input files
...
001 (758966.000.000) 02/02 22:23:59 Job executing on host: <128.142.61.132:9618?addrs=128.142.61.132-9618+[2001-1458-301-23--100-83]-9618&alias=b7s06p5839.cern.ch&noUDP&sock=startd_7298_6642>
...
006 (758966.000.000) 02/02 22:24:07 Image size of job updated: 769500
	39  -  MemoryUsage of job (MB)
	39448  -  ResidentSetSize of job (KB)
...
006 (758966.000.000) 02/02 22:24:31 Image size of job updated: 794136
	41  -  MemoryUsage of job (MB)
	41576  -  ResidentSetSize of job (KB)
...
040 (758966.000.000) 02/02 22:24:31 Started transferring output files
...
040 (758966.000.000) 02/02 22:24:31 Finished transferring output files
...
005 (758966.000.000) 02/02 22:24:31 Job terminated.
	(1) Normal termination (return value 0)
		Usr 0 00:00:13, Sys 0 00:00:04  -  Run Remote Usage
		Usr 0 00:00:00, Sys 0 00:00:00  -  Run Local Usage
		Usr 0 00:00:13, Sys 0 00:00:04  -  Total Remote Usage
		Usr 0 00:00:00, Sys 0 00:00:00  -  Total Local Usage
	21516  -  Run Bytes Sent By Job
	18988  -  Run Bytes Received By Job
	21516  -  Total Bytes Sent By Job
	18988  -  Total Bytes Received By Job
	Partitionable Resources :    Usage  Request Allocated 
	   Cpus                 :                 1         1 
	   Disk (KB)            :   743549       20   1275685 
	   Memory (MB)          :       41     2000      2000 

	Job terminated of its own accord at 2022-02-02T21:24:31Z.
...
