000 (758951.000.000) 02/02 22:10:29 Job submitted from host: <188.185.121.235:9618?addrs=188.185.121.235-9618+[2001-1458-d00-49--100-36e]-9618&alias=bigbird22.cern.ch&noUDP&sock=schedd_8027_6ecd>
...
040 (758951.000.000) 02/02 22:23:00 Started transferring input files
	Transferring to host: <128.142.61.132:9618?addrs=128.142.61.132-9618+[2001-1458-301-23--100-83]-9618&alias=b7s06p5839.cern.ch&noUDP&sock=slot1_43_8442_e710_3527>
...
040 (758951.000.000) 02/02 22:23:00 Finished transferring input files
...
001 (758951.000.000) 02/02 22:23:00 Job executing on host: <128.142.61.132:9618?addrs=128.142.61.132-9618+[2001-1458-301-23--100-83]-9618&alias=b7s06p5839.cern.ch&noUDP&sock=startd_7298_6642>
...
006 (758951.000.000) 02/02 22:23:08 Image size of job updated: 794144
	67  -  MemoryUsage of job (MB)
	67768  -  ResidentSetSize of job (KB)
...
040 (758951.000.000) 02/02 22:23:40 Started transferring output files
...
040 (758951.000.000) 02/02 22:23:40 Finished transferring output files
...
005 (758951.000.000) 02/02 22:23:40 Job terminated.
	(1) Normal termination (return value 0)
		Usr 0 00:00:24, Sys 0 00:00:05  -  Run Remote Usage
		Usr 0 00:00:00, Sys 0 00:00:00  -  Run Local Usage
		Usr 0 00:00:24, Sys 0 00:00:05  -  Total Remote Usage
		Usr 0 00:00:00, Sys 0 00:00:00  -  Total Local Usage
	81738  -  Run Bytes Sent By Job
	44247  -  Run Bytes Received By Job
	81738  -  Total Bytes Sent By Job
	44247  -  Total Bytes Received By Job
	Partitionable Resources :    Usage  Request Allocated 
	   Cpus                 :                 1         1 
	   Disk (KB)            :   743640       45   1279741 
	   Memory (MB)          :       67     2000      2000 

	Job terminated of its own accord at 2022-02-02T21:23:40Z.
...
