[8MB/726.1MB][  1%][>                                                 ][1.6MB/s]  [48MB/726.1MB][  6%][===>                                              ][8MB/s]  [104MB/726.1MB][ 14%][=======>                                          ][14.86MB/s]  [160MB/726.1MB][ 22%][===========>                                      ][20MB/s]  [216MB/726.1MB][ 29%][==============>                                   ][24MB/s]  [272MB/726.1MB][ 37%][==================>                               ][27.2MB/s]  [328MB/726.1MB][ 45%][======================>                           ][29.82MB/s]  [376MB/726.1MB][ 51%][=========================>                        ][31.33MB/s]  [424MB/726.1MB][ 58%][=============================>                    ][32.62MB/s]  [472MB/726.1MB][ 65%][================================>                 ][33.71MB/s]  [520MB/726.1MB][ 71%][===================================>              ][34.67MB/s]  [560MB/726.1MB][ 77%][======================================>           ][35MB/s]  [608MB/726.1MB][ 83%][=========================================>        ][35.76MB/s]  [656MB/726.1MB][ 90%][=============================================>    ][36.44MB/s]  [704MB/726.1MB][ 96%][================================================> ][37.05MB/s]  [726.1MB/726.1MB][100%][==================================================][38.21MB/s]  [726.1MB/726.1MB][100%][==================================================][38.21MB/s]  
Error in <TTree::SetBranchAddress>: unknown branch -> jetTau3
Error in <TTree::SetBranchAddress>: unknown branch -> jetTau2
Error in <TTree::SetBranchAddress>: unknown branch -> jetTau1
Error in <TTree::SetBranchAddress>: unknown branch -> jetMassSub0
Error in <TTree::SetBranchAddress>: unknown branch -> jetMassSub1
Error in <TTree::SetBranchAddress>: unknown branch -> jetBtagSub0
Info in <TEfficiency::TEfficiency>: given histograms are filled with weights
Info in <TROOT::TEfficiency::SetUseWeightedEvents>: Handle weighted events for computing efficiency
Info in <TEfficiency::TEfficiency>: given histograms are filled with weights
Info in <TROOT::TEfficiency::SetUseWeightedEvents>: Handle weighted events for computing efficiency
Info in <TEfficiency::TEfficiency>: given histograms are filled with weights
Info in <TROOT::TEfficiency::SetUseWeightedEvents>: Handle weighted events for computing efficiency
Info in <TEfficiency::TEfficiency>: given histograms are filled with weights
Info in <TROOT::TEfficiency::SetUseWeightedEvents>: Handle weighted events for computing efficiency
Info in <TEfficiency::TEfficiency>: given histograms are filled with weights
Info in <TROOT::TEfficiency::SetUseWeightedEvents>: Handle weighted events for computing efficiency
Info in <TEfficiency::TEfficiency>: given histograms are filled with weights
Info in <TROOT::TEfficiency::SetUseWeightedEvents>: Handle weighted events for computing efficiency
Info in <TEfficiency::TEfficiency>: given histograms are filled with weights
Info in <TROOT::TEfficiency::SetUseWeightedEvents>: Handle weighted events for computing efficiency
Info in <TEfficiency::TEfficiency>: given histograms are filled with weights
Info in <TROOT::TEfficiency::SetUseWeightedEvents>: Handle weighted events for computing efficiency
Info in <TEfficiency::TEfficiency>: given histograms are filled with weights
Info in <TROOT::TEfficiency::SetUseWeightedEvents>: Handle weighted events for computing efficiency
Info in <TEfficiency::TEfficiency>: given histograms are filled with weights
Info in <TROOT::TEfficiency::SetUseWeightedEvents>: Handle weighted events for computing efficiency
Info in <TEfficiency::TEfficiency>: given histograms are filled with weights
Info in <TROOT::TEfficiency::SetUseWeightedEvents>: Handle weighted events for computing efficiency
Info in <TEfficiency::TEfficiency>: given histograms are filled with weights
Info in <TROOT::TEfficiency::SetUseWeightedEvents>: Handle weighted events for computing efficiency
Info in <TEfficiency::TEfficiency>: given histograms are filled with weights
Info in <TROOT::TEfficiency::SetUseWeightedEvents>: Handle weighted events for computing efficiency
Info in <TEfficiency::TEfficiency>: given histograms are filled with weights
Info in <TROOT::TEfficiency::SetUseWeightedEvents>: Handle weighted events for computing efficiency
Info in <TEfficiency::TEfficiency>: given histograms are filled with weights
Info in <TROOT::TEfficiency::SetUseWeightedEvents>: Handle weighted events for computing efficiency
Info in <TEfficiency::TEfficiency>: given histograms are filled with weights
Info in <TROOT::TEfficiency::SetUseWeightedEvents>: Handle weighted events for computing efficiency
Info in <TEfficiency::TEfficiency>: given histograms are filled with weights
Info in <TROOT::TEfficiency::SetUseWeightedEvents>: Handle weighted events for computing efficiency
Info in <TEfficiency::TEfficiency>: given histograms are filled with weights
Info in <TROOT::TEfficiency::SetUseWeightedEvents>: Handle weighted events for computing efficiency
Info in <TEfficiency::TEfficiency>: given histograms are filled with weights
Info in <TROOT::TEfficiency::SetUseWeightedEvents>: Handle weighted events for computing efficiency
Info in <TEfficiency::TEfficiency>: given histograms are filled with weights
Info in <TROOT::TEfficiency::SetUseWeightedEvents>: Handle weighted events for computing efficiency
Info in <TEfficiency::TEfficiency>: given histograms are filled with weights
Info in <TROOT::TEfficiency::SetUseWeightedEvents>: Handle weighted events for computing efficiency
Info in <TEfficiency::TEfficiency>: given histograms are filled with weights
Info in <TROOT::TEfficiency::SetUseWeightedEvents>: Handle weighted events for computing efficiency
Info in <TEfficiency::TEfficiency>: given histograms are filled with weights
Info in <TROOT::TEfficiency::SetUseWeightedEvents>: Handle weighted events for computing efficiency
Info in <TEfficiency::TEfficiency>: given histograms are filled with weights
Info in <TROOT::TEfficiency::SetUseWeightedEvents>: Handle weighted events for computing efficiency
Info in <TEfficiency::TEfficiency>: given histograms are filled with weights
Info in <TROOT::TEfficiency::SetUseWeightedEvents>: Handle weighted events for computing efficiency
Info in <TEfficiency::TEfficiency>: given histograms are filled with weights
Info in <TROOT::TEfficiency::SetUseWeightedEvents>: Handle weighted events for computing efficiency
Info in <TEfficiency::TEfficiency>: given histograms are filled with weights
Info in <TROOT::TEfficiency::SetUseWeightedEvents>: Handle weighted events for computing efficiency
Info in <TEfficiency::TEfficiency>: given histograms are filled with weights
Info in <TROOT::TEfficiency::SetUseWeightedEvents>: Handle weighted events for computing efficiency
Info in <TEfficiency::TEfficiency>: given histograms are filled with weights
Info in <TROOT::TEfficiency::SetUseWeightedEvents>: Handle weighted events for computing efficiency
Info in <TEfficiency::TEfficiency>: given histograms are filled with weights
Info in <TROOT::TEfficiency::SetUseWeightedEvents>: Handle weighted events for computing efficiency
Info in <TEfficiency::TEfficiency>: given histograms are filled with weights
Info in <TROOT::TEfficiency::SetUseWeightedEvents>: Handle weighted events for computing efficiency
Info in <TEfficiency::TEfficiency>: given histograms are filled with weights
Info in <TROOT::TEfficiency::SetUseWeightedEvents>: Handle weighted events for computing efficiency
Info in <TEfficiency::TEfficiency>: given histograms are filled with weights
Info in <TROOT::TEfficiency::SetUseWeightedEvents>: Handle weighted events for computing efficiency
Info in <TEfficiency::TEfficiency>: given histograms are filled with weights
Info in <TROOT::TEfficiency::SetUseWeightedEvents>: Handle weighted events for computing efficiency
Info in <TEfficiency::TEfficiency>: given histograms are filled with weights
Info in <TROOT::TEfficiency::SetUseWeightedEvents>: Handle weighted events for computing efficiency
Info in <TEfficiency::TEfficiency>: given histograms are filled with weights
Info in <TROOT::TEfficiency::SetUseWeightedEvents>: Handle weighted events for computing efficiency
Info in <TEfficiency::TEfficiency>: given histograms are filled with weights
Info in <TROOT::TEfficiency::SetUseWeightedEvents>: Handle weighted events for computing efficiency
Info in <TEfficiency::TEfficiency>: given histograms are filled with weights
Info in <TROOT::TEfficiency::SetUseWeightedEvents>: Handle weighted events for computing efficiency
Info in <TEfficiency::TEfficiency>: given histograms are filled with weights
Info in <TROOT::TEfficiency::SetUseWeightedEvents>: Handle weighted events for computing efficiency
Info in <TEfficiency::TEfficiency>: given histograms are filled with weights
Info in <TROOT::TEfficiency::SetUseWeightedEvents>: Handle weighted events for computing efficiency
