000 (758974.000.000) 02/02 22:10:50 Job submitted from host: <188.185.121.235:9618?addrs=188.185.121.235-9618+[2001-1458-d00-49--100-36e]-9618&alias=bigbird22.cern.ch&noUDP&sock=schedd_8027_6ecd>
...
040 (758974.000.000) 02/02 22:24:18 Started transferring input files
	Transferring to host: <128.142.61.132:9618?addrs=128.142.61.132-9618+[2001-1458-301-23--100-83]-9618&alias=b7s06p5839.cern.ch&noUDP&sock=slot1_51_8442_e710_3553>
...
040 (758974.000.000) 02/02 22:24:18 Finished transferring input files
...
001 (758974.000.000) 02/02 22:24:18 Job executing on host: <128.142.61.132:9618?addrs=128.142.61.132-9618+[2001-1458-301-23--100-83]-9618&alias=b7s06p5839.cern.ch&noUDP&sock=startd_7298_6642>
...
006 (758974.000.000) 02/02 22:24:27 Image size of job updated: 794148
	67  -  MemoryUsage of job (MB)
	67768  -  ResidentSetSize of job (KB)
...
040 (758974.000.000) 02/02 22:25:01 Started transferring output files
...
040 (758974.000.000) 02/02 22:25:01 Finished transferring output files
...
005 (758974.000.000) 02/02 22:25:01 Job terminated.
	(1) Normal termination (return value 0)
		Usr 0 00:00:22, Sys 0 00:00:05  -  Run Remote Usage
		Usr 0 00:00:00, Sys 0 00:00:00  -  Run Local Usage
		Usr 0 00:00:22, Sys 0 00:00:05  -  Total Remote Usage
		Usr 0 00:00:00, Sys 0 00:00:00  -  Total Local Usage
	82049  -  Run Bytes Sent By Job
	44247  -  Run Bytes Received By Job
	82049  -  Total Bytes Sent By Job
	44247  -  Total Bytes Received By Job
	Partitionable Resources :     Usage  Request Allocated 
	   Cpus                 :      0.30        1         1 
	   Disk (KB)            : 743667          45   1276573 
	   Memory (MB)          :     67        2000      2000 

	Job terminated of its own accord at 2022-02-02T21:25:01Z.
...
