000 (147762.000.000) 06/16 08:35:09 Job submitted from host: <188.185.121.235:9618?addrs=188.185.121.235-9618+[2001-1458-d00-49--100-36e]-9618&alias=bigbird22.cern.ch&noUDP&sock=schedd_38044_991d>
...
040 (147762.000.000) 06/16 08:57:07 Started transferring input files
	Transferring to host: <188.184.196.31:9618?addrs=188.184.196.31-9618+[2001-1458-301-102--100-22]-9618&alias=b7g24n0069.cern.ch&noUDP&sock=slot1_5_13644_2ea4_91660>
...
001 (147762.000.000) 06/16 08:57:07 Job executing on host: <188.184.196.31:9618?addrs=188.184.196.31-9618+[2001-1458-301-102--100-22]-9618&alias=b7g24n0069.cern.ch&noUDP&sock=startd_13607_d944>
...
040 (147762.000.000) 06/16 08:57:07 Finished transferring input files
...
006 (147762.000.000) 06/16 08:57:16 Image size of job updated: 625444
	13  -  MemoryUsage of job (MB)
	12416  -  ResidentSetSize of job (KB)
...
006 (147762.000.000) 06/16 09:02:17 Image size of job updated: 791456
	67  -  MemoryUsage of job (MB)
	67772  -  ResidentSetSize of job (KB)
...
040 (147762.000.000) 06/16 12:12:31 Started transferring output files
...
040 (147762.000.000) 06/16 12:12:31 Finished transferring output files
...
005 (147762.000.000) 06/16 12:12:31 Job terminated.
	(1) Normal termination (return value 0)
		Usr 0 00:01:54, Sys 0 00:00:25  -  Run Remote Usage
		Usr 0 00:00:00, Sys 0 00:00:00  -  Run Local Usage
		Usr 0 00:01:54, Sys 0 00:00:25  -  Total Remote Usage
		Usr 0 00:00:00, Sys 0 00:00:00  -  Total Local Usage
	54476  -  Run Bytes Sent By Job
	19195  -  Run Bytes Received By Job
	54476  -  Total Bytes Sent By Job
	19195  -  Total Bytes Received By Job
	Partitionable Resources :      Usage  Request Allocated 
	   Cpus                 :       0.00        1         1 
	   Disk (KB)            : 3073250          20    291815 
	   Memory (MB)          :      67        2000      2000 

	Job terminated of its own accord at 2021-06-16T10:12:31Z.
...
