000 (116942.000.000) 06/04 09:09:14 Job submitted from host: <188.185.121.235:9618?addrs=188.185.121.235-9618+[2001-1458-d00-49--100-36e]-9618&alias=bigbird22.cern.ch&noUDP&sock=schedd_38044_991d>
...
040 (116942.000.000) 06/04 09:44:48 Started transferring input files
	Transferring to host: <128.142.73.100:9618?addrs=128.142.73.100-9618+[2001-1458-301-75--100-26c]-9618&alias=b7s11n3239.cern.ch&noUDP&sock=slot1_3_5409_e135_29232>
...
001 (116942.000.000) 06/04 09:44:48 Job executing on host: <128.142.73.100:9618?addrs=128.142.73.100-9618+[2001-1458-301-75--100-26c]-9618&alias=b7s11n3239.cern.ch&noUDP&sock=startd_4272_d0ad>
...
040 (116942.000.000) 06/04 09:44:48 Finished transferring input files
...
006 (116942.000.000) 06/04 09:44:57 Image size of job updated: 624800
	28  -  MemoryUsage of job (MB)
	28392  -  ResidentSetSize of job (KB)
...
006 (116942.000.000) 06/04 09:49:58 Image size of job updated: 790816
	66  -  MemoryUsage of job (MB)
	67496  -  ResidentSetSize of job (KB)
...
040 (116942.000.000) 06/04 10:02:04 Started transferring output files
...
040 (116942.000.000) 06/04 10:02:04 Finished transferring output files
...
005 (116942.000.000) 06/04 10:02:05 Job terminated.
	(1) Normal termination (return value 0)
		Usr 0 00:01:06, Sys 0 00:00:15  -  Run Remote Usage
		Usr 0 00:00:00, Sys 0 00:00:00  -  Run Local Usage
		Usr 0 00:01:06, Sys 0 00:00:15  -  Total Remote Usage
		Usr 0 00:00:00, Sys 0 00:00:00  -  Total Local Usage
	48282  -  Run Bytes Sent By Job
	19195  -  Run Bytes Received By Job
	48282  -  Total Bytes Sent By Job
	19195  -  Total Bytes Received By Job
	Partitionable Resources :      Usage  Request Allocated 
	   Cpus                 :       0.02        1         1 
	   Disk (KB)            : 2758835          20    182025 
	   Memory (MB)          :      66        2000      2000 

	Job terminated of its own accord at 2021-06-04T08:02:04Z.
...
000 (124107.000.000) 06/08 10:53:32 Job submitted from host: <188.185.121.235:9618?addrs=188.185.121.235-9618+[2001-1458-d00-49--100-36e]-9618&alias=bigbird22.cern.ch&noUDP&sock=schedd_38044_991d>
...
040 (124107.000.000) 06/08 11:24:01 Entered queue to transfer input files
	Transferring to host: <188.184.210.50:9618?addrs=188.184.210.50-9618+[2001-1458-301-10b--100-30b]-9618&alias=b7g23n7280.cern.ch&noUDP&sock=slot1_10_4293_8e88_45264>
...
040 (124107.000.000) 06/08 11:53:59 Started transferring input files
	Seconds spent in queue: 1798
...
040 (124107.000.000) 06/08 11:53:59 Finished transferring input files
...
001 (124107.000.000) 06/08 11:54:00 Job executing on host: <188.184.210.50:9618?addrs=188.184.210.50-9618+[2001-1458-301-10b--100-30b]-9618&alias=b7g23n7280.cern.ch&noUDP&sock=startd_3616_da8c>
...
006 (124107.000.000) 06/08 11:54:08 Image size of job updated: 1732
	2  -  MemoryUsage of job (MB)
	1732  -  ResidentSetSize of job (KB)
...
006 (124107.000.000) 06/08 11:59:08 Image size of job updated: 791432
	67  -  MemoryUsage of job (MB)
	67764  -  ResidentSetSize of job (KB)
...
040 (124107.000.000) 06/08 12:26:41 Started transferring output files
	Seconds spent in queue: 3760
...
040 (124107.000.000) 06/08 12:26:41 Finished transferring output files
...
005 (124107.000.000) 06/08 12:26:41 Job terminated.
	(1) Normal termination (return value 0)
		Usr 0 00:01:27, Sys 0 00:00:17  -  Run Remote Usage
		Usr 0 00:00:00, Sys 0 00:00:00  -  Run Local Usage
		Usr 0 00:01:27, Sys 0 00:00:17  -  Total Remote Usage
		Usr 0 00:00:00, Sys 0 00:00:00  -  Total Local Usage
	49008  -  Run Bytes Sent By Job
	19195  -  Run Bytes Received By Job
	49008  -  Total Bytes Sent By Job
	19195  -  Total Bytes Received By Job
	Partitionable Resources :      Usage  Request Allocated 
	   Cpus                 :       0.99        1         1 
	   Disk (KB)            : 2758834          20    359349 
	   Memory (MB)          :      67        2000      2000 

	Job terminated of its own accord at 2021-06-08T10:26:41Z.
...
