000 (116257.000.000) 06/04 09:00:45 Job submitted from host: <188.185.121.235:9618?addrs=188.185.121.235-9618+[2001-1458-d00-49--100-36e]-9618&alias=bigbird22.cern.ch&noUDP&sock=schedd_38044_991d>
...
040 (116257.000.000) 06/04 09:11:46 Started transferring input files
	Transferring to host: <188.184.207.188:9618?addrs=188.184.207.188-9618+[2001-1458-301-7d--100-402]-9618&alias=b7g27n1724.cern.ch&noUDP&sock=slot1_4_17689_4028_85971>
...
040 (116257.000.000) 06/04 09:11:46 Finished transferring input files
...
001 (116257.000.000) 06/04 09:11:46 Job executing on host: <188.184.207.188:9618?addrs=188.184.207.188-9618+[2001-1458-301-7d--100-402]-9618&alias=b7g27n1724.cern.ch&noUDP&sock=startd_14904_7b99>
...
006 (116257.000.000) 06/04 09:11:55 Image size of job updated: 624804
	5  -  MemoryUsage of job (MB)
	4324  -  ResidentSetSize of job (KB)
...
006 (116257.000.000) 06/04 09:16:56 Image size of job updated: 790824
	45  -  MemoryUsage of job (MB)
	45464  -  ResidentSetSize of job (KB)
...
006 (116257.000.000) 06/04 09:21:57 Image size of job updated: 790824
	66  -  MemoryUsage of job (MB)
	67496  -  ResidentSetSize of job (KB)
...
006 (116257.000.000) 06/04 14:02:25 Image size of job updated: 790824
	120  -  MemoryUsage of job (MB)
	122404  -  ResidentSetSize of job (KB)
...
040 (116257.000.000) 06/04 14:02:25 Started transferring output files
...
040 (116257.000.000) 06/04 14:02:25 Finished transferring output files
...
005 (116257.000.000) 06/04 14:02:26 Job terminated.
	(1) Normal termination (return value 0)
		Usr 0 00:02:43, Sys 0 00:00:31  -  Run Remote Usage
		Usr 0 00:00:00, Sys 0 00:00:00  -  Run Local Usage
		Usr 0 00:02:43, Sys 0 00:00:31  -  Total Remote Usage
		Usr 0 00:00:00, Sys 0 00:00:00  -  Total Local Usage
	61055  -  Run Bytes Sent By Job
	19195  -  Run Bytes Received By Job
	61055  -  Total Bytes Sent By Job
	19195  -  Total Bytes Received By Job
	Partitionable Resources :      Usage  Request Allocated 
	   Cpus                 :       0.00        1         1 
	   Disk (KB)            : 3711715          20    211340 
	   Memory (MB)          :     120        2000      2000 

	Job terminated of its own accord at 2021-06-04T12:02:25Z.
...
000 (123397.000.000) 06/08 10:43:00 Job submitted from host: <188.185.121.235:9618?addrs=188.185.121.235-9618+[2001-1458-d00-49--100-36e]-9618&alias=bigbird22.cern.ch&noUDP&sock=schedd_38044_991d>
...
