000 (115539.000.000) 06/04 08:51:02 Job submitted from host: <188.185.121.235:9618?addrs=188.185.121.235-9618+[2001-1458-d00-49--100-36e]-9618&alias=bigbird22.cern.ch&noUDP&sock=schedd_38044_991d>
...
040 (115539.000.000) 06/04 08:57:51 Started transferring input files
	Transferring to host: <188.184.190.231:9618?addrs=188.184.190.231-9618+[2001-1458-301-4b--100-d3]-9618&alias=b7g42n0483.cern.ch&noUDP&sock=slot1_5_5582_c61c_30286>
...
001 (115539.000.000) 06/04 08:57:51 Job executing on host: <188.184.190.231:9618?addrs=188.184.190.231-9618+[2001-1458-301-4b--100-d3]-9618&alias=b7g42n0483.cern.ch&noUDP&sock=startd_4344_337f>
...
040 (115539.000.000) 06/04 08:57:51 Finished transferring input files
...
006 (115539.000.000) 06/04 08:58:00 Image size of job updated: 624804
	4  -  MemoryUsage of job (MB)
	3420  -  ResidentSetSize of job (KB)
...
006 (115539.000.000) 06/04 09:03:01 Image size of job updated: 790824
	66  -  MemoryUsage of job (MB)
	67496  -  ResidentSetSize of job (KB)
...
040 (115539.000.000) 06/04 09:04:44 Started transferring output files
...
040 (115539.000.000) 06/04 09:04:44 Finished transferring output files
...
005 (115539.000.000) 06/04 09:04:44 Job terminated.
	(1) Normal termination (return value 0)
		Usr 0 00:00:13, Sys 0 00:00:01  -  Run Remote Usage
		Usr 0 00:00:00, Sys 0 00:00:00  -  Run Local Usage
		Usr 0 00:00:13, Sys 0 00:00:01  -  Total Remote Usage
		Usr 0 00:00:00, Sys 0 00:00:00  -  Total Local Usage
	22973  -  Run Bytes Sent By Job
	19195  -  Run Bytes Received By Job
	22973  -  Total Bytes Sent By Job
	19195  -  Total Bytes Received By Job
	Partitionable Resources :     Usage  Request Allocated 
	   Cpus                 :      0.01        1         1 
	   Disk (KB)            : 540991          20    207751 
	   Memory (MB)          :     66        2000      2000 

	Job terminated of its own accord at 2021-06-04T07:04:43Z.
...
000 (122671.000.000) 06/08 10:30:08 Job submitted from host: <188.185.121.235:9618?addrs=188.185.121.235-9618+[2001-1458-d00-49--100-36e]-9618&alias=bigbird22.cern.ch&noUDP&sock=schedd_38044_991d>
...
040 (122671.000.000) 06/08 10:43:44 Started transferring input files
	Transferring to host: <188.184.169.134:9618?addrs=188.184.169.134-9618+[2001-1458-301-c0--100-125]-9618&alias=b7g52n7402.cern.ch&noUDP&sock=slot1_6_21083_a172_88298>
...
001 (122671.000.000) 06/08 10:43:44 Job executing on host: <188.184.169.134:9618?addrs=188.184.169.134-9618+[2001-1458-301-c0--100-125]-9618&alias=b7g52n7402.cern.ch&noUDP&sock=startd_17964_6367>
...
040 (122671.000.000) 06/08 10:43:44 Finished transferring input files
...
006 (122671.000.000) 06/08 10:43:52 Image size of job updated: 791384
	67  -  MemoryUsage of job (MB)
	67776  -  ResidentSetSize of job (KB)
...
006 (122671.000.000) 06/08 10:44:14 Image size of job updated: 791428
	67  -  MemoryUsage of job (MB)
	67776  -  ResidentSetSize of job (KB)
...
040 (122671.000.000) 06/08 10:44:14 Started transferring output files
...
040 (122671.000.000) 06/08 10:44:14 Finished transferring output files
...
005 (122671.000.000) 06/08 10:44:15 Job terminated.
	(1) Normal termination (return value 0)
		Usr 0 00:00:09, Sys 0 00:00:03  -  Run Remote Usage
		Usr 0 00:00:00, Sys 0 00:00:00  -  Run Local Usage
		Usr 0 00:00:09, Sys 0 00:00:03  -  Total Remote Usage
		Usr 0 00:00:00, Sys 0 00:00:00  -  Total Local Usage
	18877  -  Run Bytes Sent By Job
	19195  -  Run Bytes Received By Job
	18877  -  Total Bytes Sent By Job
	19195  -  Total Bytes Received By Job
	Partitionable Resources :    Usage  Request Allocated 
	   Cpus                 :                 1         1 
	   Disk (KB)            :   540980       20    283097 
	   Memory (MB)          :       67     2000      2000 

	Job terminated of its own accord at 2021-06-08T08:44:14Z.
...
