000 (146683.000.000) 06/16 08:13:09 Job submitted from host: <188.185.121.235:9618?addrs=188.185.121.235-9618+[2001-1458-d00-49--100-36e]-9618&alias=bigbird22.cern.ch&noUDP&sock=schedd_38044_991d>
...
040 (146683.000.000) 06/16 08:34:31 Started transferring input files
	Transferring to host: <128.142.87.10:9618?addrs=128.142.87.10-9618+[2001-1458-301-f6--100-283]-9618&alias=b7s14n1449.cern.ch&noUDP&sock=slot1_4_2553_91c1_4266>
...
040 (146683.000.000) 06/16 08:34:31 Finished transferring input files
...
001 (146683.000.000) 06/16 08:34:31 Job executing on host: <128.142.87.10:9618?addrs=128.142.87.10-9618+[2001-1458-301-f6--100-283]-9618&alias=b7s14n1449.cern.ch&noUDP&sock=startd_2329_1429>
...
006 (146683.000.000) 06/16 08:34:40 Image size of job updated: 791456
	41  -  MemoryUsage of job (MB)
	41804  -  ResidentSetSize of job (KB)
...
040 (146683.000.000) 06/16 08:36:03 Started transferring output files
...
040 (146683.000.000) 06/16 08:36:03 Finished transferring output files
...
005 (146683.000.000) 06/16 08:36:04 Job terminated.
	(1) Normal termination (return value 0)
		Usr 0 00:00:07, Sys 0 00:00:03  -  Run Remote Usage
		Usr 0 00:00:00, Sys 0 00:00:00  -  Run Local Usage
		Usr 0 00:00:07, Sys 0 00:00:03  -  Total Remote Usage
		Usr 0 00:00:00, Sys 0 00:00:00  -  Total Local Usage
	21490  -  Run Bytes Sent By Job
	19195  -  Run Bytes Received By Job
	21490  -  Total Bytes Sent By Job
	19195  -  Total Bytes Received By Job
	Partitionable Resources :    Usage  Request Allocated 
	   Cpus                 :                 1         1 
	   Disk (KB)            :   466080       20    286907 
	   Memory (MB)          :       41     2000      2000 

	Job terminated of its own accord at 2021-06-16T06:36:03Z.
...
