000 (147496.000.000) 06/16 08:29:32 Job submitted from host: <188.185.121.235:9618?addrs=188.185.121.235-9618+[2001-1458-d00-49--100-36e]-9618&alias=bigbird22.cern.ch&noUDP&sock=schedd_38044_991d>
...
040 (147496.000.000) 06/16 08:55:16 Started transferring input files
	Transferring to host: <128.142.75.107:9618?addrs=128.142.75.107-9618+[2001-1458-301-75--100-41b]-9618&alias=b7s11n3534.cern.ch&noUDP&sock=slot1_5_5950_102b_49984>
...
001 (147496.000.000) 06/16 08:55:16 Job executing on host: <128.142.75.107:9618?addrs=128.142.75.107-9618+[2001-1458-301-75--100-41b]-9618&alias=b7s11n3534.cern.ch&noUDP&sock=startd_4820_b293>
...
040 (147496.000.000) 06/16 08:55:16 Finished transferring input files
...
006 (147496.000.000) 06/16 08:55:25 Image size of job updated: 39936
	39  -  MemoryUsage of job (MB)
	39544  -  ResidentSetSize of job (KB)
...
006 (147496.000.000) 06/16 09:00:26 Image size of job updated: 791448
	67  -  MemoryUsage of job (MB)
	67772  -  ResidentSetSize of job (KB)
...
006 (147496.000.000) 06/16 09:50:31 Image size of job updated: 791448
	102  -  MemoryUsage of job (MB)
	103876  -  ResidentSetSize of job (KB)
...
040 (147496.000.000) 06/16 09:50:49 Started transferring output files
...
040 (147496.000.000) 06/16 09:50:49 Finished transferring output files
...
005 (147496.000.000) 06/16 09:50:49 Job terminated.
	(1) Normal termination (return value 0)
		Usr 0 00:01:20, Sys 0 00:00:19  -  Run Remote Usage
		Usr 0 00:00:00, Sys 0 00:00:00  -  Run Local Usage
		Usr 0 00:01:20, Sys 0 00:00:19  -  Total Remote Usage
		Usr 0 00:00:00, Sys 0 00:00:00  -  Total Local Usage
	54382  -  Run Bytes Sent By Job
	19195  -  Run Bytes Received By Job
	54382  -  Total Bytes Sent By Job
	19195  -  Total Bytes Received By Job
	Partitionable Resources :      Usage  Request Allocated 
	   Cpus                 :       0.00        1         1 
	   Disk (KB)            : 3073991          20    211372 
	   Memory (MB)          :     102        2000      2000 

	Job terminated of its own accord at 2021-06-16T07:50:49Z.
...
