000 (117043.000.000) 06/04 09:10:20 Job submitted from host: <188.185.121.235:9618?addrs=188.185.121.235-9618+[2001-1458-d00-49--100-36e]-9618&alias=bigbird22.cern.ch&noUDP&sock=schedd_38044_991d>
...
040 (117043.000.000) 06/04 09:54:53 Started transferring input files
	Transferring to host: <188.184.213.45:9618?addrs=188.184.213.45-9618+[2001-1458-301-10c--100-140]-9618&alias=b7g24n0559.cern.ch&noUDP&sock=slot1_8_6083_c610_89566>
...
001 (117043.000.000) 06/04 09:54:53 Job executing on host: <188.184.213.45:9618?addrs=188.184.213.45-9618+[2001-1458-301-10c--100-140]-9618&alias=b7g24n0559.cern.ch&noUDP&sock=startd_20258_e1a9>
...
040 (117043.000.000) 06/04 09:54:53 Finished transferring input files
...
006 (117043.000.000) 06/04 09:55:02 Image size of job updated: 18232
	18  -  MemoryUsage of job (MB)
	18232  -  ResidentSetSize of job (KB)
...
006 (117043.000.000) 06/04 10:00:03 Image size of job updated: 790820
	66  -  MemoryUsage of job (MB)
	67500  -  ResidentSetSize of job (KB)
...
040 (117043.000.000) 06/04 10:02:06 Started transferring output files
...
040 (117043.000.000) 06/04 10:02:06 Finished transferring output files
...
005 (117043.000.000) 06/04 10:02:06 Job terminated.
	(1) Normal termination (return value 0)
		Usr 0 00:01:28, Sys 0 00:00:11  -  Run Remote Usage
		Usr 0 00:00:00, Sys 0 00:00:00  -  Run Local Usage
		Usr 0 00:01:28, Sys 0 00:00:11  -  Total Remote Usage
		Usr 0 00:00:00, Sys 0 00:00:00  -  Total Local Usage
	45115  -  Run Bytes Sent By Job
	19195  -  Run Bytes Received By Job
	45115  -  Total Bytes Sent By Job
	19195  -  Total Bytes Received By Job
	Partitionable Resources :      Usage  Request Allocated 
	   Cpus                 :       0.81        1         1 
	   Disk (KB)            : 2758765          20    310041 
	   Memory (MB)          :      66        2000      2000 

	Job terminated of its own accord at 2021-06-04T08:02:06Z.
...
000 (124218.000.000) 06/08 10:55:12 Job submitted from host: <188.185.121.235:9618?addrs=188.185.121.235-9618+[2001-1458-d00-49--100-36e]-9618&alias=bigbird22.cern.ch&noUDP&sock=schedd_38044_991d>
...
040 (124218.000.000) 06/08 12:01:44 Started transferring input files
	Transferring to host: <128.142.81.8:9618?addrs=128.142.81.8-9618+[2001-1458-301-f5--100-9]-9618&alias=b7s13n6037.cern.ch&noUDP&sock=slot1_13_5557_28bb_46143>
...
001 (124218.000.000) 06/08 12:01:44 Job executing on host: <128.142.81.8:9618?addrs=128.142.81.8-9618+[2001-1458-301-f5--100-9]-9618&alias=b7s13n6037.cern.ch&noUDP&sock=startd_4399_ed34>
...
040 (124218.000.000) 06/08 12:01:44 Finished transferring input files
...
006 (124218.000.000) 06/08 12:01:53 Image size of job updated: 15272
	15  -  MemoryUsage of job (MB)
	15272  -  ResidentSetSize of job (KB)
...
006 (124218.000.000) 06/08 12:06:53 Image size of job updated: 791452
	67  -  MemoryUsage of job (MB)
	67776  -  ResidentSetSize of job (KB)
...
040 (124218.000.000) 06/08 12:29:41 Started transferring output files
...
040 (124218.000.000) 06/08 12:29:41 Finished transferring output files
...
005 (124218.000.000) 06/08 12:29:41 Job terminated.
	(1) Normal termination (return value 0)
		Usr 0 00:01:11, Sys 0 00:00:17  -  Run Remote Usage
		Usr 0 00:00:00, Sys 0 00:00:00  -  Run Local Usage
		Usr 0 00:01:11, Sys 0 00:00:17  -  Total Remote Usage
		Usr 0 00:00:00, Sys 0 00:00:00  -  Total Local Usage
	48966  -  Run Bytes Sent By Job
	19195  -  Run Bytes Received By Job
	48966  -  Total Bytes Sent By Job
	19195  -  Total Bytes Received By Job
	Partitionable Resources :      Usage  Request Allocated 
	   Cpus                 :       0.01        1         1 
	   Disk (KB)            : 2758769          20    285735 
	   Memory (MB)          :      67        2000      2000 

	Job terminated of its own accord at 2021-06-08T10:29:41Z.
...
