000 (147320.000.000) 06/16 08:25:30 Job submitted from host: <188.185.121.235:9618?addrs=188.185.121.235-9618+[2001-1458-d00-49--100-36e]-9618&alias=bigbird22.cern.ch&noUDP&sock=schedd_38044_991d>
...
040 (147320.000.000) 06/16 08:48:09 Started transferring input files
	Transferring to host: <128.142.82.169:9618?addrs=128.142.82.169-9618&alias=b7s13n3089.cern.ch&noUDP&sock=slot1_14_5521_cb3a_50063>
...
040 (147320.000.000) 06/16 08:48:09 Finished transferring input files
...
001 (147320.000.000) 06/16 08:48:09 Job executing on host: <128.142.82.169:9618?addrs=128.142.82.169-9618&alias=b7s13n3089.cern.ch&noUDP&sock=startd_4439_5cfe>
...
006 (147320.000.000) 06/16 08:48:17 Image size of job updated: 625444
	10  -  MemoryUsage of job (MB)
	9564  -  ResidentSetSize of job (KB)
...
006 (147320.000.000) 06/16 08:53:17 Image size of job updated: 791452
	67  -  MemoryUsage of job (MB)
	67772  -  ResidentSetSize of job (KB)
...
040 (147320.000.000) 06/16 08:57:32 Started transferring output files
...
040 (147320.000.000) 06/16 08:57:32 Finished transferring output files
...
005 (147320.000.000) 06/16 08:57:32 Job terminated.
	(1) Normal termination (return value 0)
		Usr 0 00:00:07, Sys 0 00:00:02  -  Run Remote Usage
		Usr 0 00:00:00, Sys 0 00:00:00  -  Run Local Usage
		Usr 0 00:00:07, Sys 0 00:00:02  -  Total Remote Usage
		Usr 0 00:00:00, Sys 0 00:00:00  -  Total Local Usage
	21079  -  Run Bytes Sent By Job
	19195  -  Run Bytes Received By Job
	21079  -  Total Bytes Sent By Job
	19195  -  Total Bytes Received By Job
	Partitionable Resources :     Usage  Request Allocated 
	   Cpus                 :      0.01        1         1 
	   Disk (KB)            : 466469          20    291806 
	   Memory (MB)          :     67        2000      2000 

	Job terminated of its own accord at 2021-06-16T06:57:32Z.
...
