000 (148301.000.000) 06/16 08:46:42 Job submitted from host: <188.185.121.235:9618?addrs=188.185.121.235-9618+[2001-1458-d00-49--100-36e]-9618&alias=bigbird22.cern.ch&noUDP&sock=schedd_38044_991d>
...
040 (148301.000.000) 06/16 09:05:56 Started transferring input files
	Transferring to host: <128.142.85.1:9618?addrs=128.142.85.1-9618+[2001-1458-301-f6--100-13b]-9618&alias=b7s14n6965.cern.ch&noUDP&sock=slot1_4_4355_3dca_56508>
...
040 (148301.000.000) 06/16 09:05:56 Finished transferring input files
...
001 (148301.000.000) 06/16 09:05:56 Job executing on host: <128.142.85.1:9618?addrs=128.142.85.1-9618+[2001-1458-301-f6--100-13b]-9618&alias=b7s14n6965.cern.ch&noUDP&sock=startd_3405_2011>
...
006 (148301.000.000) 06/16 09:06:05 Image size of job updated: 625444
	5  -  MemoryUsage of job (MB)
	4204  -  ResidentSetSize of job (KB)
...
006 (148301.000.000) 06/16 09:11:06 Image size of job updated: 791456
	47  -  MemoryUsage of job (MB)
	47940  -  ResidentSetSize of job (KB)
...
006 (148301.000.000) 06/16 09:16:07 Image size of job updated: 791456
	67  -  MemoryUsage of job (MB)
	67772  -  ResidentSetSize of job (KB)
...
006 (148301.000.000) 06/16 11:41:21 Image size of job updated: 791456
	89  -  MemoryUsage of job (MB)
	90148  -  ResidentSetSize of job (KB)
...
040 (148301.000.000) 06/16 11:41:56 Started transferring output files
...
040 (148301.000.000) 06/16 11:41:56 Finished transferring output files
...
005 (148301.000.000) 06/16 11:41:56 Job terminated.
	(1) Normal termination (return value 0)
		Usr 0 00:00:50, Sys 0 00:00:15  -  Run Remote Usage
		Usr 0 00:00:00, Sys 0 00:00:00  -  Run Local Usage
		Usr 0 00:00:50, Sys 0 00:00:15  -  Total Remote Usage
		Usr 0 00:00:00, Sys 0 00:00:00  -  Total Local Usage
	44773  -  Run Bytes Sent By Job
	19195  -  Run Bytes Received By Job
	44773  -  Total Bytes Sent By Job
	19195  -  Total Bytes Received By Job
	Partitionable Resources :      Usage  Request Allocated 
	   Cpus                 :       0.00        1         1 
	   Disk (KB)            : 2368031          20    273825 
	   Memory (MB)          :      89        2000      2000 

	Job terminated of its own accord at 2021-06-16T09:41:56Z.
...
