000 (147348.000.000) 06/16 08:26:27 Job submitted from host: <188.185.121.235:9618?addrs=188.185.121.235-9618+[2001-1458-d00-49--100-36e]-9618&alias=bigbird22.cern.ch&noUDP&sock=schedd_38044_991d>
...
040 (147348.000.000) 06/16 08:51:46 Started transferring input files
	Transferring to host: <128.142.161.88:9618?addrs=128.142.161.88-9618&alias=b7g03p2718.cern.ch&noUDP&sock=slot1_55_3817_2bf4_64282>
...
001 (147348.000.000) 06/16 08:51:50 Job executing on host: <128.142.161.88:9618?addrs=128.142.161.88-9618&alias=b7g03p2718.cern.ch&noUDP&sock=startd_3059_cc4c>
...
040 (147348.000.000) 06/16 08:51:50 Finished transferring input files
...
006 (147348.000.000) 06/16 08:51:58 Image size of job updated: 39144
	39  -  MemoryUsage of job (MB)
	39144  -  ResidentSetSize of job (KB)
...
006 (147348.000.000) 06/16 08:52:28 Image size of job updated: 791440
	39  -  MemoryUsage of job (MB)
	39164  -  ResidentSetSize of job (KB)
...
040 (147348.000.000) 06/16 08:52:28 Started transferring output files
...
040 (147348.000.000) 06/16 08:52:29 Finished transferring output files
...
005 (147348.000.000) 06/16 08:52:30 Job terminated.
	(1) Normal termination (return value 0)
		Usr 0 00:00:08, Sys 0 00:00:02  -  Run Remote Usage
		Usr 0 00:00:00, Sys 0 00:00:00  -  Run Local Usage
		Usr 0 00:00:08, Sys 0 00:00:02  -  Total Remote Usage
		Usr 0 00:00:00, Sys 0 00:00:00  -  Total Local Usage
	17796  -  Run Bytes Sent By Job
	19195  -  Run Bytes Received By Job
	17796  -  Total Bytes Sent By Job
	19195  -  Total Bytes Received By Job
	Partitionable Resources :    Usage  Request Allocated 
	   Cpus                 :                 1         1 
	   Disk (KB)            :   466477       20   1488255 
	   Memory (MB)          :       39     2000      2000 

	Job terminated of its own accord at 2021-06-16T06:52:28Z.
...
