000 (147604.000.000) 06/16 08:31:32 Job submitted from host: <188.185.121.235:9618?addrs=188.185.121.235-9618+[2001-1458-d00-49--100-36e]-9618&alias=bigbird22.cern.ch&noUDP&sock=schedd_38044_991d>
...
040 (147604.000.000) 06/16 08:55:58 Started transferring input files
	Transferring to host: <128.142.84.204:9618?addrs=128.142.84.204-9618&alias=b7s14n8461.cern.ch&noUDP&sock=slot1_15_3474_7f46_47303>
...
001 (147604.000.000) 06/16 08:55:58 Job executing on host: <128.142.84.204:9618?addrs=128.142.84.204-9618&alias=b7s14n8461.cern.ch&noUDP&sock=startd_2769_e1d5>
...
040 (147604.000.000) 06/16 08:55:58 Finished transferring input files
...
006 (147604.000.000) 06/16 08:56:06 Image size of job updated: 7700
	8  -  MemoryUsage of job (MB)
	7700  -  ResidentSetSize of job (KB)
...
006 (147604.000.000) 06/16 09:01:06 Image size of job updated: 791452
	67  -  MemoryUsage of job (MB)
	67772  -  ResidentSetSize of job (KB)
...
040 (147604.000.000) 06/16 09:45:03 Started transferring output files
...
040 (147604.000.000) 06/16 09:45:03 Finished transferring output files
...
005 (147604.000.000) 06/16 09:45:03 Job terminated.
	(1) Normal termination (return value 0)
		Usr 0 00:01:36, Sys 0 00:00:22  -  Run Remote Usage
		Usr 0 00:00:00, Sys 0 00:00:00  -  Run Local Usage
		Usr 0 00:01:36, Sys 0 00:00:22  -  Total Remote Usage
		Usr 0 00:00:00, Sys 0 00:00:00  -  Total Local Usage
	54417  -  Run Bytes Sent By Job
	19195  -  Run Bytes Received By Job
	54417  -  Total Bytes Sent By Job
	19195  -  Total Bytes Received By Job
	Partitionable Resources :      Usage  Request Allocated 
	   Cpus                 :       0.01        1         1 
	   Disk (KB)            : 3075262          20    265075 
	   Memory (MB)          :      67        2000      2000 

	Job terminated of its own accord at 2021-06-16T07:45:03Z.
...
