000 (147847.000.000) 06/16 08:36:39 Job submitted from host: <188.185.121.235:9618?addrs=188.185.121.235-9618+[2001-1458-d00-49--100-36e]-9618&alias=bigbird22.cern.ch&noUDP&sock=schedd_38044_991d>
...
040 (147847.000.000) 06/16 08:57:37 Started transferring input files
	Transferring to host: <188.184.139.232:9618?addrs=188.184.139.232-9618+[2001-1458-301-45--100-401]-9618&alias=b7g42n6261.cern.ch&noUDP&sock=slot1_6_5159_bb6b_44795>
...
040 (147847.000.000) 06/16 08:57:37 Finished transferring input files
...
001 (147847.000.000) 06/16 08:57:37 Job executing on host: <188.184.139.232:9618?addrs=188.184.139.232-9618+[2001-1458-301-45--100-401]-9618&alias=b7g42n6261.cern.ch&noUDP&sock=startd_3850_5bb6>
...
006 (147847.000.000) 06/16 08:57:46 Image size of job updated: 13652
	14  -  MemoryUsage of job (MB)
	13652  -  ResidentSetSize of job (KB)
...
006 (147847.000.000) 06/16 09:02:47 Image size of job updated: 791452
	67  -  MemoryUsage of job (MB)
	67764  -  ResidentSetSize of job (KB)
...
040 (147847.000.000) 06/16 10:09:55 Started transferring output files
...
040 (147847.000.000) 06/16 10:09:55 Finished transferring output files
...
005 (147847.000.000) 06/16 10:09:55 Job terminated.
	(1) Normal termination (return value 0)
		Usr 0 00:01:43, Sys 0 00:00:21  -  Run Remote Usage
		Usr 0 00:00:00, Sys 0 00:00:00  -  Run Local Usage
		Usr 0 00:01:43, Sys 0 00:00:21  -  Total Remote Usage
		Usr 0 00:00:00, Sys 0 00:00:00  -  Total Local Usage
	54447  -  Run Bytes Sent By Job
	19195  -  Run Bytes Received By Job
	54447  -  Total Bytes Sent By Job
	19195  -  Total Bytes Received By Job
	Partitionable Resources :      Usage  Request Allocated 
	   Cpus                 :       0.01        1         1 
	   Disk (KB)            : 3074209          20    337117 
	   Memory (MB)          :      67        2000      2000 

	Job terminated of its own accord at 2021-06-16T08:09:55Z.
...
