000 (147443.000.000) 06/16 08:28:29 Job submitted from host: <188.185.121.235:9618?addrs=188.185.121.235-9618+[2001-1458-d00-49--100-36e]-9618&alias=bigbird22.cern.ch&noUDP&sock=schedd_38044_991d>
...
040 (147443.000.000) 06/16 08:53:33 Started transferring input files
	Transferring to host: <128.142.73.100:9618?addrs=128.142.73.100-9618+[2001-1458-301-75--100-26c]-9618&alias=b7s11n3239.cern.ch&noUDP&sock=slot1_12_5409_e135_38151>
...
001 (147443.000.000) 06/16 08:53:34 Job executing on host: <128.142.73.100:9618?addrs=128.142.73.100-9618+[2001-1458-301-75--100-26c]-9618&alias=b7s11n3239.cern.ch&noUDP&sock=startd_4272_d0ad>
...
040 (147443.000.000) 06/16 08:53:34 Finished transferring input files
...
006 (147443.000.000) 06/16 08:53:42 Image size of job updated: 23244
	23  -  MemoryUsage of job (MB)
	23244  -  ResidentSetSize of job (KB)
...
006 (147443.000.000) 06/16 08:58:42 Image size of job updated: 791456
	67  -  MemoryUsage of job (MB)
	67776  -  ResidentSetSize of job (KB)
...
040 (147443.000.000) 06/16 11:57:21 Started transferring output files
...
040 (147443.000.000) 06/16 11:57:21 Finished transferring output files
...
005 (147443.000.000) 06/16 11:57:22 Job terminated.
	(1) Normal termination (return value 0)
		Usr 0 00:01:32, Sys 0 00:00:20  -  Run Remote Usage
		Usr 0 00:00:00, Sys 0 00:00:00  -  Run Local Usage
		Usr 0 00:01:32, Sys 0 00:00:20  -  Total Remote Usage
		Usr 0 00:00:00, Sys 0 00:00:00  -  Total Local Usage
	54493  -  Run Bytes Sent By Job
	19195  -  Run Bytes Received By Job
	54493  -  Total Bytes Sent By Job
	19195  -  Total Bytes Received By Job
	Partitionable Resources :      Usage  Request Allocated 
	   Cpus                 :       0.95        1         1 
	   Disk (KB)            : 3074530          20    274236 
	   Memory (MB)          :      67        2000      2000 

	Job terminated of its own accord at 2021-06-16T09:57:21Z.
...
