000 (148075.000.000) 06/16 08:41:35 Job submitted from host: <188.185.121.235:9618?addrs=188.185.121.235-9618+[2001-1458-d00-49--100-36e]-9618&alias=bigbird22.cern.ch&noUDP&sock=schedd_38044_991d>
...
040 (148075.000.000) 06/16 09:00:14 Started transferring input files
	Transferring to host: <128.142.83.249:9618?addrs=128.142.83.249-9618+[2001-1458-301-f5--100-209]-9618&alias=b7s13n1700.cern.ch&noUDP&sock=slot1_4_6023_7f8e_42681>
...
040 (148075.000.000) 06/16 09:00:14 Finished transferring input files
...
001 (148075.000.000) 06/16 09:00:14 Job executing on host: <128.142.83.249:9618?addrs=128.142.83.249-9618+[2001-1458-301-f5--100-209]-9618&alias=b7s13n1700.cern.ch&noUDP&sock=startd_4887_a76c>
...
006 (148075.000.000) 06/16 09:00:22 Image size of job updated: 625444
	8  -  MemoryUsage of job (MB)
	8096  -  ResidentSetSize of job (KB)
...
006 (148075.000.000) 06/16 09:05:22 Image size of job updated: 791456
	59  -  MemoryUsage of job (MB)
	59548  -  ResidentSetSize of job (KB)
...
006 (148075.000.000) 06/16 09:10:23 Image size of job updated: 791456
	67  -  MemoryUsage of job (MB)
	67776  -  ResidentSetSize of job (KB)
...
040 (148075.000.000) 06/16 12:17:44 Started transferring output files
...
040 (148075.000.000) 06/16 12:17:44 Finished transferring output files
...
005 (148075.000.000) 06/16 12:17:45 Job terminated.
	(1) Normal termination (return value 0)
		Usr 0 00:01:46, Sys 0 00:00:27  -  Run Remote Usage
		Usr 0 00:00:00, Sys 0 00:00:00  -  Run Local Usage
		Usr 0 00:01:46, Sys 0 00:00:27  -  Total Remote Usage
		Usr 0 00:00:00, Sys 0 00:00:00  -  Total Local Usage
	54395  -  Run Bytes Sent By Job
	19195  -  Run Bytes Received By Job
	54395  -  Total Bytes Sent By Job
	19195  -  Total Bytes Received By Job
	Partitionable Resources :      Usage  Request Allocated 
	   Cpus                 :       0.01        1         1 
	   Disk (KB)            : 3068417          20    236648 
	   Memory (MB)          :      67        2000      2000 

	Job terminated of its own accord at 2021-06-16T10:17:44Z.
...
