000 (116275.000.000) 06/04 09:00:56 Job submitted from host: <188.185.121.235:9618?addrs=188.185.121.235-9618+[2001-1458-d00-49--100-36e]-9618&alias=bigbird22.cern.ch&noUDP&sock=schedd_38044_991d>
...
040 (116275.000.000) 06/04 09:11:53 Started transferring input files
	Transferring to host: <128.142.77.12:9618?addrs=128.142.77.12-9618+[2001-1458-301-f4--100-1e0]-9618&alias=b7s12n9050.cern.ch&noUDP&sock=slot1_7_6639_86a7_82327>
...
040 (116275.000.000) 06/04 09:11:53 Finished transferring input files
...
001 (116275.000.000) 06/04 09:11:53 Job executing on host: <128.142.77.12:9618?addrs=128.142.77.12-9618+[2001-1458-301-f4--100-1e0]-9618&alias=b7s12n9050.cern.ch&noUDP&sock=startd_16557_4da6>
...
006 (116275.000.000) 06/04 09:12:02 Image size of job updated: 126248
	7  -  MemoryUsage of job (MB)
	6328  -  ResidentSetSize of job (KB)
...
006 (116275.000.000) 06/04 09:17:02 Image size of job updated: 790824
	91  -  MemoryUsage of job (MB)
	92564  -  ResidentSetSize of job (KB)
...
040 (116275.000.000) 06/04 09:19:20 Started transferring output files
...
040 (116275.000.000) 06/04 09:19:20 Finished transferring output files
...
005 (116275.000.000) 06/04 09:19:21 Job terminated.
	(1) Normal termination (return value 0)
		Usr 0 00:02:14, Sys 0 00:00:16  -  Run Remote Usage
		Usr 0 00:00:00, Sys 0 00:00:00  -  Run Local Usage
		Usr 0 00:02:14, Sys 0 00:00:16  -  Total Remote Usage
		Usr 0 00:00:00, Sys 0 00:00:00  -  Total Local Usage
	40837  -  Run Bytes Sent By Job
	19195  -  Run Bytes Received By Job
	40837  -  Total Bytes Sent By Job
	19195  -  Total Bytes Received By Job
	Partitionable Resources :      Usage  Request Allocated 
	   Cpus                 :       0.71        1         1 
	   Disk (KB)            : 3711732          20    246905 
	   Memory (MB)          :      91        2000      2000 

	Job terminated of its own accord at 2021-06-04T07:19:20Z.
...
000 (123416.000.000) 06/08 10:43:31 Job submitted from host: <188.185.121.235:9618?addrs=188.185.121.235-9618+[2001-1458-d00-49--100-36e]-9618&alias=bigbird22.cern.ch&noUDP&sock=schedd_38044_991d>
...
040 (123416.000.000) 06/08 11:17:49 Entered queue to transfer input files
	Transferring to host: <188.184.254.23:9618?addrs=188.184.254.23-9618+[2001-1458-301-8--100-2a]-9618&alias=b7g42n0076.cern.ch&noUDP&sock=slot1_1_3110_06b8_45950>
...
040 (123416.000.000) 06/08 11:53:56 Started transferring input files
	Seconds spent in queue: 2167
...
040 (123416.000.000) 06/08 11:53:56 Finished transferring input files
...
001 (123416.000.000) 06/08 11:53:56 Job executing on host: <188.184.254.23:9618?addrs=188.184.254.23-9618+[2001-1458-301-8--100-2a]-9618&alias=b7g42n0076.cern.ch&noUDP&sock=startd_2722_a4e1>
...
006 (123416.000.000) 06/08 11:54:05 Image size of job updated: 396052
	3  -  MemoryUsage of job (MB)
	2088  -  ResidentSetSize of job (KB)
...
006 (123416.000.000) 06/08 11:59:06 Image size of job updated: 791460
	67  -  MemoryUsage of job (MB)
	67772  -  ResidentSetSize of job (KB)
...
006 (123416.000.000) 06/08 12:04:06 Image size of job updated: 791460
	67  -  MemoryUsage of job (MB)
	67776  -  ResidentSetSize of job (KB)
...
006 (123416.000.000) 06/08 12:29:08 Image size of job updated: 791460
	120  -  MemoryUsage of job (MB)
	122784  -  ResidentSetSize of job (KB)
...
040 (123416.000.000) 06/08 12:31:05 Started transferring output files
	Seconds spent in queue: 4396
...
040 (123416.000.000) 06/08 12:31:05 Finished transferring output files
...
005 (123416.000.000) 06/08 12:31:05 Job terminated.
	(1) Normal termination (return value 0)
		Usr 0 00:02:39, Sys 0 00:00:23  -  Run Remote Usage
		Usr 0 00:00:00, Sys 0 00:00:00  -  Run Local Usage
		Usr 0 00:02:39, Sys 0 00:00:23  -  Total Remote Usage
		Usr 0 00:00:00, Sys 0 00:00:00  -  Total Local Usage
	60785  -  Run Bytes Sent By Job
	19195  -  Run Bytes Received By Job
	60785  -  Total Bytes Sent By Job
	19195  -  Total Bytes Received By Job
	Partitionable Resources :      Usage  Request Allocated 
	   Cpus                 :       0.01        1         1 
	   Disk (KB)            : 3711752          20    298257 
	   Memory (MB)          :     120        2000      2000 

	Job terminated of its own accord at 2021-06-08T10:31:05Z.
...
