000 (148516.000.000) 06/16 08:50:26 Job submitted from host: <188.185.121.235:9618?addrs=188.185.121.235-9618+[2001-1458-d00-49--100-36e]-9618&alias=bigbird22.cern.ch&noUDP&sock=schedd_38044_991d>
...
040 (148516.000.000) 06/16 09:36:54 Started transferring input files
	Transferring to host: <128.142.161.110:9618?addrs=128.142.161.110-9618+[2001-1458-301-b8--100-2c]-9618&alias=b7g03p4836.cern.ch&noUDP&sock=slot1_56_257090_e990_116486>
...
040 (148516.000.000) 06/16 09:36:54 Finished transferring input files
...
001 (148516.000.000) 06/16 09:36:54 Job executing on host: <128.142.161.110:9618?addrs=128.142.161.110-9618+[2001-1458-301-b8--100-2c]-9618&alias=b7g03p4836.cern.ch&noUDP&sock=startd_3013_3ef1>
...
006 (148516.000.000) 06/16 09:37:02 Image size of job updated: 625444
	4  -  MemoryUsage of job (MB)
	3996  -  ResidentSetSize of job (KB)
...
006 (148516.000.000) 06/16 09:42:02 Image size of job updated: 791456
	38  -  MemoryUsage of job (MB)
	38380  -  ResidentSetSize of job (KB)
...
006 (148516.000.000) 06/16 09:47:03 Image size of job updated: 791456
	67  -  MemoryUsage of job (MB)
	67768  -  ResidentSetSize of job (KB)
...
006 (148516.000.000) 06/16 12:17:19 Image size of job updated: 791456
	89  -  MemoryUsage of job (MB)
	90180  -  ResidentSetSize of job (KB)
...
040 (148516.000.000) 06/16 12:17:28 Started transferring output files
...
040 (148516.000.000) 06/16 12:17:28 Finished transferring output files
...
005 (148516.000.000) 06/16 12:17:28 Job terminated.
	(1) Normal termination (return value 0)
		Usr 0 00:01:06, Sys 0 00:00:18  -  Run Remote Usage
		Usr 0 00:00:00, Sys 0 00:00:00  -  Run Local Usage
		Usr 0 00:01:06, Sys 0 00:00:18  -  Total Remote Usage
		Usr 0 00:00:00, Sys 0 00:00:00  -  Total Local Usage
	46762  -  Run Bytes Sent By Job
	19195  -  Run Bytes Received By Job
	46762  -  Total Bytes Sent By Job
	19195  -  Total Bytes Received By Job
	Partitionable Resources :      Usage  Request Allocated 
	   Cpus                 :       0.01        1         1 
	   Disk (KB)            : 2367426          20   1434539 
	   Memory (MB)          :      89        2000      2000 

	Job terminated of its own accord at 2021-06-16T10:17:28Z.
...
