000 (147075.000.000) 06/16 08:20:25 Job submitted from host: <188.185.121.235:9618?addrs=188.185.121.235-9618+[2001-1458-d00-49--100-36e]-9618&alias=bigbird22.cern.ch&noUDP&sock=schedd_38044_991d>
...
040 (147075.000.000) 06/16 08:46:36 Started transferring input files
	Transferring to host: <128.142.79.15:9618?addrs=128.142.79.15-9618+[2001-1458-301-f4--100-23c]-9618&alias=b7s12n7366.cern.ch&noUDP&sock=slot1_8_28584_c383_96500>
...
040 (147075.000.000) 06/16 08:46:36 Finished transferring input files
...
001 (147075.000.000) 06/16 08:46:36 Job executing on host: <128.142.79.15:9618?addrs=128.142.79.15-9618+[2001-1458-301-f4--100-23c]-9618&alias=b7s12n7366.cern.ch&noUDP&sock=startd_16764_49c1>
...
006 (147075.000.000) 06/16 08:46:45 Image size of job updated: 16568
	17  -  MemoryUsage of job (MB)
	16568  -  ResidentSetSize of job (KB)
...
006 (147075.000.000) 06/16 08:48:55 Image size of job updated: 791428
	17  -  MemoryUsage of job (MB)
	16692  -  ResidentSetSize of job (KB)
...
040 (147075.000.000) 06/16 08:48:56 Started transferring output files
...
040 (147075.000.000) 06/16 08:48:56 Finished transferring output files
...
005 (147075.000.000) 06/16 08:48:57 Job terminated.
	(1) Normal termination (return value 0)
		Usr 0 00:00:10, Sys 0 00:00:02  -  Run Remote Usage
		Usr 0 00:00:00, Sys 0 00:00:00  -  Run Local Usage
		Usr 0 00:00:10, Sys 0 00:00:02  -  Total Remote Usage
		Usr 0 00:00:00, Sys 0 00:00:00  -  Total Local Usage
	22343  -  Run Bytes Sent By Job
	19195  -  Run Bytes Received By Job
	22343  -  Total Bytes Sent By Job
	19195  -  Total Bytes Received By Job
	Partitionable Resources :    Usage  Request Allocated 
	   Cpus                 :                 1         1 
	   Disk (KB)            :   466095       20    233429 
	   Memory (MB)          :       17     2000      2000 

	Job terminated of its own accord at 2021-06-16T06:48:55Z.
...
