000 (116004.000.000) 06/04 08:56:57 Job submitted from host: <188.185.121.235:9618?addrs=188.185.121.235-9618+[2001-1458-d00-49--100-36e]-9618&alias=bigbird22.cern.ch&noUDP&sock=schedd_38044_991d>
...
040 (116004.000.000) 06/04 09:00:53 Started transferring input files
	Transferring to host: <128.142.74.123:9618?addrs=128.142.74.123-9618+[2001-1458-301-75--100-4fb]-9618&alias=b7s11n1711.cern.ch&noUDP&sock=slot1_10_23359_474f_87039>
...
001 (116004.000.000) 06/04 09:00:53 Job executing on host: <128.142.74.123:9618?addrs=128.142.74.123-9618+[2001-1458-301-75--100-4fb]-9618&alias=b7s11n1711.cern.ch&noUDP&sock=startd_16655_85ee>
...
040 (116004.000.000) 06/04 09:00:53 Finished transferring input files
...
006 (116004.000.000) 06/04 09:01:02 Image size of job updated: 32284
	32  -  MemoryUsage of job (MB)
	32284  -  ResidentSetSize of job (KB)
...
006 (116004.000.000) 06/04 09:06:03 Image size of job updated: 790824
	66  -  MemoryUsage of job (MB)
	67508  -  ResidentSetSize of job (KB)
...
006 (116004.000.000) 06/04 09:26:05 Image size of job updated: 790824
	103  -  MemoryUsage of job (MB)
	105464  -  ResidentSetSize of job (KB)
...
040 (116004.000.000) 06/04 09:27:57 Started transferring output files
...
040 (116004.000.000) 06/04 09:27:57 Finished transferring output files
...
005 (116004.000.000) 06/04 09:27:57 Job terminated.
	(1) Normal termination (return value 0)
		Usr 0 00:02:00, Sys 0 00:00:20  -  Run Remote Usage
		Usr 0 00:00:00, Sys 0 00:00:00  -  Run Local Usage
		Usr 0 00:02:00, Sys 0 00:00:20  -  Total Remote Usage
		Usr 0 00:00:00, Sys 0 00:00:00  -  Total Local Usage
	60861  -  Run Bytes Sent By Job
	19195  -  Run Bytes Received By Job
	60861  -  Total Bytes Sent By Job
	19195  -  Total Bytes Received By Job
	Partitionable Resources :      Usage  Request Allocated 
	   Cpus                 :       0.02        1         1 
	   Disk (KB)            : 3711543          20    290243 
	   Memory (MB)          :     103        2000      2000 

	Job terminated of its own accord at 2021-06-04T07:27:57Z.
...
000 (123142.000.000) 06/08 10:38:41 Job submitted from host: <188.185.121.235:9618?addrs=188.185.121.235-9618+[2001-1458-d00-49--100-36e]-9618&alias=bigbird22.cern.ch&noUDP&sock=schedd_38044_991d>
...
040 (123142.000.000) 06/08 11:05:11 Started transferring input files
	Transferring to host: <128.142.83.4:9618?addrs=128.142.83.4-9618+[2001-1458-301-f5--100-51]-9618&alias=b7s13n4407.cern.ch&noUDP&sock=slot1_8_16775_4143_88396>
...
040 (123142.000.000) 06/08 11:05:11 Finished transferring input files
...
001 (123142.000.000) 06/08 11:05:11 Job executing on host: <128.142.83.4:9618?addrs=128.142.83.4-9618+[2001-1458-301-f5--100-51]-9618&alias=b7s13n4407.cern.ch&noUDP&sock=startd_16279_9e52>
...
006 (123142.000.000) 06/08 11:05:20 Image size of job updated: 633672
	26  -  MemoryUsage of job (MB)
	25836  -  ResidentSetSize of job (KB)
...
006 (123142.000.000) 06/08 11:10:21 Image size of job updated: 791440
	67  -  MemoryUsage of job (MB)
	67780  -  ResidentSetSize of job (KB)
...
006 (123142.000.000) 06/08 11:15:22 Image size of job updated: 791440
	117  -  MemoryUsage of job (MB)
	119184  -  ResidentSetSize of job (KB)
...
040 (123142.000.000) 06/08 11:16:17 Entered queue to transfer output files
...
040 (123142.000.000) 06/08 11:19:57 Started transferring output files
...
040 (123142.000.000) 06/08 11:19:59 Finished transferring output files
...
005 (123142.000.000) 06/08 11:20:09 Job terminated.
	(1) Normal termination (return value 0)
		Usr 0 00:01:40, Sys 0 00:00:25  -  Run Remote Usage
		Usr 0 00:00:00, Sys 0 00:00:00  -  Run Local Usage
		Usr 0 00:01:40, Sys 0 00:00:25  -  Total Remote Usage
		Usr 0 00:00:00, Sys 0 00:00:00  -  Total Local Usage
	59336  -  Run Bytes Sent By Job
	19195  -  Run Bytes Received By Job
	59336  -  Total Bytes Sent By Job
	19195  -  Total Bytes Received By Job
	Partitionable Resources :      Usage  Request Allocated 
	   Cpus                 :       0.05        1         1 
	   Disk (KB)            : 3711543          20    101829 
	   Memory (MB)          :     117        2000      2000 

	Job terminated of its own accord at 2021-06-08T09:16:12Z.
...
