000 (147691.000.000) 06/16 08:33:35 Job submitted from host: <188.185.121.235:9618?addrs=188.185.121.235-9618+[2001-1458-d00-49--100-36e]-9618&alias=bigbird22.cern.ch&noUDP&sock=schedd_38044_991d>
...
040 (147691.000.000) 06/16 08:56:34 Started transferring input files
	Transferring to host: <128.142.69.54:9618?addrs=128.142.69.54-9618+[2001-1458-301-52--100-28c]-9618&alias=b7s10n1167.cern.ch&noUDP&sock=slot1_12_22251_97a2_112227>
...
040 (147691.000.000) 06/16 08:56:34 Finished transferring input files
...
001 (147691.000.000) 06/16 08:56:34 Job executing on host: <128.142.69.54:9618?addrs=128.142.69.54-9618+[2001-1458-301-52--100-28c]-9618&alias=b7s10n1167.cern.ch&noUDP&sock=startd_2013_543c>
...
006 (147691.000.000) 06/16 08:56:43 Image size of job updated: 6664
	7  -  MemoryUsage of job (MB)
	6664  -  ResidentSetSize of job (KB)
...
006 (147691.000.000) 06/16 09:01:44 Image size of job updated: 791428
	67  -  MemoryUsage of job (MB)
	67776  -  ResidentSetSize of job (KB)
...
006 (147691.000.000) 06/16 09:36:48 Image size of job updated: 791428
	118  -  MemoryUsage of job (MB)
	120692  -  ResidentSetSize of job (KB)
...
040 (147691.000.000) 06/16 09:37:49 Started transferring output files
...
040 (147691.000.000) 06/16 09:37:49 Finished transferring output files
...
005 (147691.000.000) 06/16 09:37:49 Job terminated.
	(1) Normal termination (return value 0)
		Usr 0 00:01:15, Sys 0 00:00:25  -  Run Remote Usage
		Usr 0 00:00:00, Sys 0 00:00:00  -  Run Local Usage
		Usr 0 00:01:15, Sys 0 00:00:25  -  Total Remote Usage
		Usr 0 00:00:00, Sys 0 00:00:00  -  Total Local Usage
	54471  -  Run Bytes Sent By Job
	19195  -  Run Bytes Received By Job
	54471  -  Total Bytes Sent By Job
	19195  -  Total Bytes Received By Job
	Partitionable Resources :      Usage  Request Allocated 
	   Cpus                 :       0.01        1         1 
	   Disk (KB)            : 3074040          20    162837 
	   Memory (MB)          :     118        2000      2000 

	Job terminated of its own accord at 2021-06-16T07:37:49Z.
...
