000 (116794.000.000) 06/04 09:07:35 Job submitted from host: <188.185.121.235:9618?addrs=188.185.121.235-9618+[2001-1458-d00-49--100-36e]-9618&alias=bigbird22.cern.ch&noUDP&sock=schedd_38044_991d>
...
040 (116794.000.000) 06/04 09:41:11 Started transferring input files
	Transferring to host: <188.184.183.58:9618?addrs=188.184.183.58-9618+[2001-1458-301-2b--100-2e5]-9618&alias=b7g41n8235.cern.ch&noUDP&sock=slot1_7_4978_3384_41820>
...
040 (116794.000.000) 06/04 09:41:11 Finished transferring input files
...
001 (116794.000.000) 06/04 09:41:11 Job executing on host: <188.184.183.58:9618?addrs=188.184.183.58-9618+[2001-1458-301-2b--100-2e5]-9618&alias=b7g41n8235.cern.ch&noUDP&sock=startd_3845_edbc>
...
006 (116794.000.000) 06/04 09:41:20 Image size of job updated: 624804
	3  -  MemoryUsage of job (MB)
	2916  -  ResidentSetSize of job (KB)
...
006 (116794.000.000) 06/04 09:46:21 Image size of job updated: 790824
	35  -  MemoryUsage of job (MB)
	35408  -  ResidentSetSize of job (KB)
...
006 (116794.000.000) 06/04 09:51:21 Image size of job updated: 790824
	53  -  MemoryUsage of job (MB)
	53252  -  ResidentSetSize of job (KB)
...
006 (116794.000.000) 06/04 09:56:22 Image size of job updated: 790824
	66  -  MemoryUsage of job (MB)
	67500  -  ResidentSetSize of job (KB)
...
040 (116794.000.000) 06/04 13:46:20 Started transferring output files
...
040 (116794.000.000) 06/04 13:46:20 Finished transferring output files
...
005 (116794.000.000) 06/04 13:46:20 Job terminated.
	(1) Normal termination (return value 0)
		Usr 0 00:01:17, Sys 0 00:00:20  -  Run Remote Usage
		Usr 0 00:00:00, Sys 0 00:00:00  -  Run Local Usage
		Usr 0 00:01:17, Sys 0 00:00:20  -  Total Remote Usage
		Usr 0 00:00:00, Sys 0 00:00:00  -  Total Local Usage
	50371  -  Run Bytes Sent By Job
	19195  -  Run Bytes Received By Job
	50371  -  Total Bytes Sent By Job
	19195  -  Total Bytes Received By Job
	Partitionable Resources :      Usage  Request Allocated 
	   Cpus                 :       0.00        1         1 
	   Disk (KB)            : 2759615          20    354042 
	   Memory (MB)          :      66        2000      2000 

	Job terminated of its own accord at 2021-06-04T11:46:20Z.
...
000 (123948.000.000) 06/08 10:51:11 Job submitted from host: <188.185.121.235:9618?addrs=188.185.121.235-9618+[2001-1458-d00-49--100-36e]-9618&alias=bigbird22.cern.ch&noUDP&sock=schedd_38044_991d>
...
040 (123948.000.000) 06/08 11:22:21 Entered queue to transfer input files
	Transferring to host: <128.142.193.171:9618?addrs=128.142.193.171-9618+[2001-1458-301-cc--100-249]-9618&alias=b7g52n8129.cern.ch&noUDP&sock=slot1_10_6042_e2af_44957>
...
040 (123948.000.000) 06/08 11:53:59 Started transferring input files
	Seconds spent in queue: 1898
...
040 (123948.000.000) 06/08 11:53:59 Finished transferring input files
...
001 (123948.000.000) 06/08 11:53:59 Job executing on host: <128.142.193.171:9618?addrs=128.142.193.171-9618+[2001-1458-301-cc--100-249]-9618&alias=b7g52n8129.cern.ch&noUDP&sock=startd_4877_cb79>
...
006 (123948.000.000) 06/08 11:54:08 Image size of job updated: 2396
	3  -  MemoryUsage of job (MB)
	2096  -  ResidentSetSize of job (KB)
...
006 (123948.000.000) 06/08 11:59:09 Image size of job updated: 791456
	42  -  MemoryUsage of job (MB)
	42284  -  ResidentSetSize of job (KB)
...
006 (123948.000.000) 06/08 12:04:10 Image size of job updated: 791456
	62  -  MemoryUsage of job (MB)
	62824  -  ResidentSetSize of job (KB)
...
006 (123948.000.000) 06/08 12:09:10 Image size of job updated: 791456
	67  -  MemoryUsage of job (MB)
	67776  -  ResidentSetSize of job (KB)
...
040 (123948.000.000) 06/08 15:31:49 Started transferring output files
	Seconds spent in queue: 14968
...
040 (123948.000.000) 06/08 15:31:49 Finished transferring output files
...
005 (123948.000.000) 06/08 15:31:50 Job terminated.
	(1) Normal termination (return value 0)
		Usr 0 00:01:24, Sys 0 00:00:18  -  Run Remote Usage
		Usr 0 00:00:00, Sys 0 00:00:00  -  Run Local Usage
		Usr 0 00:01:24, Sys 0 00:00:18  -  Total Remote Usage
		Usr 0 00:00:00, Sys 0 00:00:00  -  Total Local Usage
	50397  -  Run Bytes Sent By Job
	19195  -  Run Bytes Received By Job
	50397  -  Total Bytes Sent By Job
	19195  -  Total Bytes Received By Job
	Partitionable Resources :      Usage  Request Allocated 
	   Cpus                 :       0.98        1         1 
	   Disk (KB)            : 2759615          20    287462 
	   Memory (MB)          :      67        2000      2000 

	Job terminated of its own accord at 2021-06-08T13:31:49Z.
...
