000 (117175.000.000) 06/04 09:12:52 Job submitted from host: <188.185.121.235:9618?addrs=188.185.121.235-9618+[2001-1458-d00-49--100-36e]-9618&alias=bigbird22.cern.ch&noUDP&sock=schedd_38044_991d>
...
040 (117175.000.000) 06/04 10:19:54 Started transferring input files
	Transferring to host: <128.142.80.196:9618?addrs=128.142.80.196-9618+[2001-1458-301-f5--100-4cb]-9618&alias=b7s13n4929.cern.ch&noUDP&sock=slot1_6_25366_6441_88257>
...
040 (117175.000.000) 06/04 10:19:54 Finished transferring input files
...
001 (117175.000.000) 06/04 10:19:54 Job executing on host: <128.142.80.196:9618?addrs=128.142.80.196-9618+[2001-1458-301-f5--100-4cb]-9618&alias=b7s13n4929.cern.ch&noUDP&sock=startd_16853_55af>
...
006 (117175.000.000) 06/04 10:20:03 Image size of job updated: 624804
	35  -  MemoryUsage of job (MB)
	35108  -  ResidentSetSize of job (KB)
...
006 (117175.000.000) 06/04 10:23:04 Image size of job updated: 798988
	35  -  MemoryUsage of job (MB)
	35116  -  ResidentSetSize of job (KB)
...
040 (117175.000.000) 06/04 10:23:04 Started transferring output files
...
040 (117175.000.000) 06/04 10:23:04 Finished transferring output files
...
005 (117175.000.000) 06/04 10:23:04 Job terminated.
	(1) Normal termination (return value 0)
		Usr 0 00:00:52, Sys 0 00:00:15  -  Run Remote Usage
		Usr 0 00:00:00, Sys 0 00:00:00  -  Run Local Usage
		Usr 0 00:00:52, Sys 0 00:00:15  -  Total Remote Usage
		Usr 0 00:00:00, Sys 0 00:00:00  -  Total Local Usage
	31735  -  Run Bytes Sent By Job
	19195  -  Run Bytes Received By Job
	31735  -  Total Bytes Sent By Job
	19195  -  Total Bytes Received By Job
	Partitionable Resources :    Usage  Request Allocated 
	   Cpus                 :                 1         1 
	   Disk (KB)            :  2758863       20    254087 
	   Memory (MB)          :       35     2000      2000 

	Job terminated of its own accord at 2021-06-04T08:23:04Z.
...
000 (124427.000.000) 06/08 10:58:33 Job submitted from host: <188.185.121.235:9618?addrs=188.185.121.235-9618+[2001-1458-d00-49--100-36e]-9618&alias=bigbird22.cern.ch&noUDP&sock=schedd_38044_991d>
...
040 (124427.000.000) 06/08 12:39:17 Started transferring input files
	Transferring to host: <188.184.212.37:9618?addrs=188.184.212.37-9618+[2001-1458-301-10c--100-7]-9618&alias=b7g24n0046.cern.ch&noUDP&sock=slot1_9_29528_e5aa_108150>
...
001 (124427.000.000) 06/08 12:39:17 Job executing on host: <188.184.212.37:9618?addrs=188.184.212.37-9618+[2001-1458-301-10c--100-7]-9618&alias=b7g24n0046.cern.ch&noUDP&sock=startd_5725_73c9>
...
040 (124427.000.000) 06/08 12:39:17 Finished transferring input files
...
006 (124427.000.000) 06/08 12:39:26 Image size of job updated: 791444
	36  -  MemoryUsage of job (MB)
	35912  -  ResidentSetSize of job (KB)
...
040 (124427.000.000) 06/08 12:43:55 Started transferring output files
...
040 (124427.000.000) 06/08 12:43:55 Finished transferring output files
...
005 (124427.000.000) 06/08 12:43:56 Job terminated.
	(1) Normal termination (return value 0)
		Usr 0 00:01:22, Sys 0 00:00:14  -  Run Remote Usage
		Usr 0 00:00:00, Sys 0 00:00:00  -  Run Local Usage
		Usr 0 00:01:22, Sys 0 00:00:14  -  Total Remote Usage
		Usr 0 00:00:00, Sys 0 00:00:00  -  Total Local Usage
	36344  -  Run Bytes Sent By Job
	19195  -  Run Bytes Received By Job
	36344  -  Total Bytes Sent By Job
	19195  -  Total Bytes Received By Job
	Partitionable Resources :    Usage  Request Allocated 
	   Cpus                 :                 1         1 
	   Disk (KB)            :  2758867       20    310324 
	   Memory (MB)          :       36     2000      2000 

	Job terminated of its own accord at 2021-06-08T10:43:55Z.
...
