000 (116530.000.000) 06/04 09:04:11 Job submitted from host: <188.185.121.235:9618?addrs=188.185.121.235-9618+[2001-1458-d00-49--100-36e]-9618&alias=bigbird22.cern.ch&noUDP&sock=schedd_38044_991d>
...
040 (116530.000.000) 06/04 09:21:30 Started transferring input files
	Transferring to host: <188.184.212.128:9618?addrs=188.184.212.128-9618+[2001-1458-301-10c--100-75]-9618&alias=b7g24n0246.cern.ch&noUDP&sock=slot1_5_14369_02a1_38241>
...
001 (116530.000.000) 06/04 09:21:30 Job executing on host: <188.184.212.128:9618?addrs=188.184.212.128-9618+[2001-1458-301-10c--100-75]-9618&alias=b7g24n0246.cern.ch&noUDP&sock=startd_11084_47d2>
...
040 (116530.000.000) 06/04 09:21:30 Finished transferring input files
...
006 (116530.000.000) 06/04 09:21:39 Image size of job updated: 11596
	6  -  MemoryUsage of job (MB)
	5344  -  ResidentSetSize of job (KB)
...
006 (116530.000.000) 06/04 09:26:40 Image size of job updated: 790824
	37  -  MemoryUsage of job (MB)
	37428  -  ResidentSetSize of job (KB)
...
006 (116530.000.000) 06/04 09:31:41 Image size of job updated: 790824
	66  -  MemoryUsage of job (MB)
	67500  -  ResidentSetSize of job (KB)
...
006 (116530.000.000) 06/04 14:02:09 Image size of job updated: 790824
	90  -  MemoryUsage of job (MB)
	91728  -  ResidentSetSize of job (KB)
...
040 (116530.000.000) 06/04 14:04:35 Started transferring output files
...
040 (116530.000.000) 06/04 14:04:35 Finished transferring output files
...
005 (116530.000.000) 06/04 14:04:35 Job terminated.
	(1) Normal termination (return value 0)
		Usr 0 00:02:30, Sys 0 00:00:30  -  Run Remote Usage
		Usr 0 00:00:00, Sys 0 00:00:00  -  Run Local Usage
		Usr 0 00:02:30, Sys 0 00:00:30  -  Total Remote Usage
		Usr 0 00:00:00, Sys 0 00:00:00  -  Total Local Usage
	61062  -  Run Bytes Sent By Job
	19195  -  Run Bytes Received By Job
	61062  -  Total Bytes Sent By Job
	19195  -  Total Bytes Received By Job
	Partitionable Resources :      Usage  Request Allocated 
	   Cpus                 :       0.00        1         1 
	   Disk (KB)            : 3719255          20    286402 
	   Memory (MB)          :      90        2000      2000 

	Job terminated of its own accord at 2021-06-04T12:04:35Z.
...
000 (123669.000.000) 06/08 10:47:27 Job submitted from host: <188.185.121.235:9618?addrs=188.185.121.235-9618+[2001-1458-d00-49--100-36e]-9618&alias=bigbird22.cern.ch&noUDP&sock=schedd_38044_991d>
...
040 (123669.000.000) 06/08 11:19:20 Entered queue to transfer input files
	Transferring to host: <188.184.211.171:9618?addrs=188.184.211.171-9618+[2001-1458-301-10b--100-21]-9618&alias=b7g23n9867.cern.ch&noUDP&sock=slot1_3_5926_272a_34738>
...
040 (123669.000.000) 06/08 11:53:58 Started transferring input files
	Seconds spent in queue: 2078
...
040 (123669.000.000) 06/08 11:53:58 Finished transferring input files
...
001 (123669.000.000) 06/08 11:53:58 Job executing on host: <188.184.211.171:9618?addrs=188.184.211.171-9618+[2001-1458-301-10b--100-21]-9618&alias=b7g23n9867.cern.ch&noUDP&sock=startd_4667_c096>
...
006 (123669.000.000) 06/08 11:54:06 Image size of job updated: 2084
	3  -  MemoryUsage of job (MB)
	2084  -  ResidentSetSize of job (KB)
...
006 (123669.000.000) 06/08 11:59:06 Image size of job updated: 791456
	37  -  MemoryUsage of job (MB)
	37508  -  ResidentSetSize of job (KB)
...
006 (123669.000.000) 06/08 12:04:06 Image size of job updated: 791456
	67  -  MemoryUsage of job (MB)
	67760  -  ResidentSetSize of job (KB)
...
006 (123669.000.000) 06/08 16:09:29 Image size of job updated: 791456
	92  -  MemoryUsage of job (MB)
	93228  -  ResidentSetSize of job (KB)
...
040 (123669.000.000) 06/08 16:11:04 Started transferring output files
	Seconds spent in queue: 17504
...
040 (123669.000.000) 06/08 16:11:04 Finished transferring output files
...
005 (123669.000.000) 06/08 16:11:05 Job terminated.
	(1) Normal termination (return value 0)
		Usr 0 00:01:45, Sys 0 00:00:34  -  Run Remote Usage
		Usr 0 00:00:00, Sys 0 00:00:00  -  Run Local Usage
		Usr 0 00:01:45, Sys 0 00:00:34  -  Total Remote Usage
		Usr 0 00:00:00, Sys 0 00:00:00  -  Total Local Usage
	61131  -  Run Bytes Sent By Job
	19195  -  Run Bytes Received By Job
	61131  -  Total Bytes Sent By Job
	19195  -  Total Bytes Received By Job
	Partitionable Resources :      Usage  Request Allocated 
	   Cpus                 :       0.00        1         1 
	   Disk (KB)            : 3719255          20    307456 
	   Memory (MB)          :      92        2000      2000 

	Job terminated of its own accord at 2021-06-08T14:11:04Z.
...
