000 (116647.000.000) 06/04 09:05:28 Job submitted from host: <188.185.121.235:9618?addrs=188.185.121.235-9618+[2001-1458-d00-49--100-36e]-9618&alias=bigbird22.cern.ch&noUDP&sock=schedd_38044_991d>
...
040 (116647.000.000) 06/04 09:29:31 Started transferring input files
	Transferring to host: <128.142.85.48:9618?addrs=128.142.85.48-9618+[2001-1458-301-f6--100-31f]-9618&alias=b7s14n7798.cern.ch&noUDP&sock=slot1_4_5850_9aa7_33798>
...
040 (116647.000.000) 06/04 09:29:31 Finished transferring input files
...
001 (116647.000.000) 06/04 09:29:31 Job executing on host: <128.142.85.48:9618?addrs=128.142.85.48-9618+[2001-1458-301-f6--100-31f]-9618&alias=b7s14n7798.cern.ch&noUDP&sock=startd_4685_194a>
...
006 (116647.000.000) 06/04 09:29:40 Image size of job updated: 5012
	5  -  MemoryUsage of job (MB)
	5012  -  ResidentSetSize of job (KB)
...
006 (116647.000.000) 06/04 09:34:41 Image size of job updated: 790824
	66  -  MemoryUsage of job (MB)
	67508  -  ResidentSetSize of job (KB)
...
040 (116647.000.000) 06/04 10:58:08 Started transferring output files
...
040 (116647.000.000) 06/04 10:58:08 Finished transferring output files
...
005 (116647.000.000) 06/04 10:58:08 Job terminated.
	(1) Normal termination (return value 0)
		Usr 0 00:01:24, Sys 0 00:00:13  -  Run Remote Usage
		Usr 0 00:00:00, Sys 0 00:00:00  -  Run Local Usage
		Usr 0 00:01:24, Sys 0 00:00:13  -  Total Remote Usage
		Usr 0 00:00:00, Sys 0 00:00:00  -  Total Local Usage
	50430  -  Run Bytes Sent By Job
	19195  -  Run Bytes Received By Job
	50430  -  Total Bytes Sent By Job
	19195  -  Total Bytes Received By Job
	Partitionable Resources :      Usage  Request Allocated 
	   Cpus                 :       0.90        1         1 
	   Disk (KB)            : 2758811          20    245148 
	   Memory (MB)          :      66        2000      2000 

	Job terminated of its own accord at 2021-06-04T08:58:08Z.
...
000 (123787.000.000) 06/08 10:49:02 Job submitted from host: <188.185.121.235:9618?addrs=188.185.121.235-9618+[2001-1458-d00-49--100-36e]-9618&alias=bigbird22.cern.ch&noUDP&sock=schedd_38044_991d>
...
040 (123787.000.000) 06/08 11:21:14 Entered queue to transfer input files
	Transferring to host: <188.184.210.44:9618?addrs=188.184.210.44-9618+[2001-1458-301-10b--100-3c3]-9618&alias=b7g23n6165.cern.ch&noUDP&sock=slot1_11_4697_3618_82687>
...
040 (123787.000.000) 06/08 11:53:59 Started transferring input files
	Seconds spent in queue: 1965
...
040 (123787.000.000) 06/08 11:53:59 Finished transferring input files
...
001 (123787.000.000) 06/08 11:53:59 Job executing on host: <188.184.210.44:9618?addrs=188.184.210.44-9618+[2001-1458-301-10b--100-3c3]-9618&alias=b7g23n6165.cern.ch&noUDP&sock=startd_3808_8cbb>
...
006 (123787.000.000) 06/08 11:54:07 Image size of job updated: 321800
	3  -  MemoryUsage of job (MB)
	2088  -  ResidentSetSize of job (KB)
...
006 (123787.000.000) 06/08 11:59:07 Image size of job updated: 791456
	67  -  MemoryUsage of job (MB)
	67764  -  ResidentSetSize of job (KB)
...
040 (123787.000.000) 06/08 13:07:52 Started transferring output files
	Seconds spent in queue: 6398
...
040 (123787.000.000) 06/08 13:07:52 Finished transferring output files
...
005 (123787.000.000) 06/08 13:07:52 Job terminated.
	(1) Normal termination (return value 0)
		Usr 0 00:01:32, Sys 0 00:00:21  -  Run Remote Usage
		Usr 0 00:00:00, Sys 0 00:00:00  -  Run Local Usage
		Usr 0 00:01:32, Sys 0 00:00:21  -  Total Remote Usage
		Usr 0 00:00:00, Sys 0 00:00:00  -  Total Local Usage
	50424  -  Run Bytes Sent By Job
	19195  -  Run Bytes Received By Job
	50424  -  Total Bytes Sent By Job
	19195  -  Total Bytes Received By Job
	Partitionable Resources :      Usage  Request Allocated 
	   Cpus                 :       0.00        1         1 
	   Disk (KB)            : 2758810          20    352827 
	   Memory (MB)          :      67        2000      2000 

	Job terminated of its own accord at 2021-06-08T11:07:52Z.
...
