000 (147175.000.000) 06/16 08:22:49 Job submitted from host: <188.185.121.235:9618?addrs=188.185.121.235-9618+[2001-1458-d00-49--100-36e]-9618&alias=bigbird22.cern.ch&noUDP&sock=schedd_38044_991d>
...
040 (147175.000.000) 06/16 08:47:15 Started transferring input files
	Transferring to host: <128.142.79.10:9618?addrs=128.142.79.10-9618+[2001-1458-301-f4--100-45e]-9618&alias=b7s12n8586.cern.ch&noUDP&sock=slot1_15_4262_b6e6_49791>
...
001 (147175.000.000) 06/16 08:47:15 Job executing on host: <128.142.79.10:9618?addrs=128.142.79.10-9618+[2001-1458-301-f4--100-45e]-9618&alias=b7s12n8586.cern.ch&noUDP&sock=startd_3470_b5b8>
...
040 (147175.000.000) 06/16 08:47:15 Finished transferring input files
...
006 (147175.000.000) 06/16 08:47:24 Image size of job updated: 18828
	19  -  MemoryUsage of job (MB)
	18828  -  ResidentSetSize of job (KB)
...
006 (147175.000.000) 06/16 08:49:18 Image size of job updated: 791456
	19  -  MemoryUsage of job (MB)
	18828  -  ResidentSetSize of job (KB)
...
040 (147175.000.000) 06/16 08:49:19 Started transferring output files
...
040 (147175.000.000) 06/16 08:49:19 Finished transferring output files
...
005 (147175.000.000) 06/16 08:49:21 Job terminated.
	(1) Normal termination (return value 0)
		Usr 0 00:00:09, Sys 0 00:00:02  -  Run Remote Usage
		Usr 0 00:00:00, Sys 0 00:00:00  -  Run Local Usage
		Usr 0 00:00:09, Sys 0 00:00:02  -  Total Remote Usage
		Usr 0 00:00:00, Sys 0 00:00:00  -  Total Local Usage
	21901  -  Run Bytes Sent By Job
	19195  -  Run Bytes Received By Job
	21901  -  Total Bytes Sent By Job
	19195  -  Total Bytes Received By Job
	Partitionable Resources :    Usage  Request Allocated 
	   Cpus                 :                 1         1 
	   Disk (KB)            :   466222       20    275915 
	   Memory (MB)          :       19     2000      2000 

	Job terminated of its own accord at 2021-06-16T06:49:18Z.
...
