000 (146904.000.000) 06/16 08:17:18 Job submitted from host: <188.185.121.235:9618?addrs=188.185.121.235-9618+[2001-1458-d00-49--100-36e]-9618&alias=bigbird22.cern.ch&noUDP&sock=schedd_38044_991d>
...
040 (146904.000.000) 06/16 08:43:26 Started transferring input files
	Transferring to host: <128.142.75.137:9618?addrs=128.142.75.137-9618+[2001-1458-301-75--100-623]-9618&alias=b7s11n3593.cern.ch&noUDP&sock=slot1_15_6129_2f52_42812>
...
001 (146904.000.000) 06/16 08:43:26 Job executing on host: <128.142.75.137:9618?addrs=128.142.75.137-9618+[2001-1458-301-75--100-623]-9618&alias=b7s11n3593.cern.ch&noUDP&sock=startd_4939_5258>
...
040 (146904.000.000) 06/16 08:43:26 Finished transferring input files
...
006 (146904.000.000) 06/16 08:43:35 Image size of job updated: 41672
	36  -  MemoryUsage of job (MB)
	36196  -  ResidentSetSize of job (KB)
...
006 (146904.000.000) 06/16 08:43:56 Image size of job updated: 791428
	36  -  MemoryUsage of job (MB)
	36204  -  ResidentSetSize of job (KB)
...
040 (146904.000.000) 06/16 08:43:58 Started transferring output files
...
040 (146904.000.000) 06/16 08:43:59 Finished transferring output files
...
005 (146904.000.000) 06/16 08:44:01 Job terminated.
	(1) Normal termination (return value 0)
		Usr 0 00:00:07, Sys 0 00:00:02  -  Run Remote Usage
		Usr 0 00:00:00, Sys 0 00:00:00  -  Run Local Usage
		Usr 0 00:00:07, Sys 0 00:00:02  -  Total Remote Usage
		Usr 0 00:00:00, Sys 0 00:00:00  -  Total Local Usage
	17945  -  Run Bytes Sent By Job
	19195  -  Run Bytes Received By Job
	17945  -  Total Bytes Sent By Job
	19195  -  Total Bytes Received By Job
	Partitionable Resources :    Usage  Request Allocated 
	   Cpus                 :                 1         1 
	   Disk (KB)            :   466075       20    278880 
	   Memory (MB)          :       36     2000      2000 

	Job terminated of its own accord at 2021-06-16T06:43:56Z.
...
