000 (115721.000.000) 06/04 08:53:12 Job submitted from host: <188.185.121.235:9618?addrs=188.185.121.235-9618+[2001-1458-d00-49--100-36e]-9618&alias=bigbird22.cern.ch&noUDP&sock=schedd_38044_991d>
...
040 (115721.000.000) 06/04 08:58:51 Started transferring input files
	Transferring to host: <128.142.84.127:9618?addrs=128.142.84.127-9618+[2001-1458-301-f6--100-675]-9618&alias=b7s14n7821.cern.ch&noUDP&sock=slot1_11_5970_27ac_34054>
...
001 (115721.000.000) 06/04 08:58:51 Job executing on host: <128.142.84.127:9618?addrs=128.142.84.127-9618+[2001-1458-301-f6--100-675]-9618&alias=b7s14n7821.cern.ch&noUDP&sock=startd_4742_3230>
...
040 (115721.000.000) 06/04 08:58:51 Finished transferring input files
...
006 (115721.000.000) 06/04 08:59:00 Image size of job updated: 15664
	16  -  MemoryUsage of job (MB)
	15664  -  ResidentSetSize of job (KB)
...
006 (115721.000.000) 06/04 09:04:02 Image size of job updated: 790824
	66  -  MemoryUsage of job (MB)
	67508  -  ResidentSetSize of job (KB)
...
040 (115721.000.000) 06/04 09:06:30 Started transferring output files
...
040 (115721.000.000) 06/04 09:06:30 Finished transferring output files
...
005 (115721.000.000) 06/04 09:06:30 Job terminated.
	(1) Normal termination (return value 0)
		Usr 0 00:00:09, Sys 0 00:00:02  -  Run Remote Usage
		Usr 0 00:00:00, Sys 0 00:00:00  -  Run Local Usage
		Usr 0 00:00:09, Sys 0 00:00:02  -  Total Remote Usage
		Usr 0 00:00:00, Sys 0 00:00:00  -  Total Local Usage
	21684  -  Run Bytes Sent By Job
	19195  -  Run Bytes Received By Job
	21684  -  Total Bytes Sent By Job
	19195  -  Total Bytes Received By Job
	Partitionable Resources :     Usage  Request Allocated 
	   Cpus                 :      0.01        1         1 
	   Disk (KB)            : 540981          20    206754 
	   Memory (MB)          :     66        2000      2000 

	Job terminated of its own accord at 2021-06-04T07:06:30Z.
...
000 (122854.000.000) 06/08 10:32:29 Job submitted from host: <188.185.121.235:9618?addrs=188.185.121.235-9618+[2001-1458-d00-49--100-36e]-9618&alias=bigbird22.cern.ch&noUDP&sock=schedd_38044_991d>
...
040 (122854.000.000) 06/08 10:52:01 Started transferring input files
	Transferring to host: <188.184.186.108:9618?addrs=188.184.186.108-9618+[2001-1458-301-f8--100-67]-9618&alias=b7g28n0216.cern.ch&noUDP&sock=slot1_5_5264_b6cf_32311>
...
001 (122854.000.000) 06/08 10:52:01 Job executing on host: <188.184.186.108:9618?addrs=188.184.186.108-9618+[2001-1458-301-f8--100-67]-9618&alias=b7g28n0216.cern.ch&noUDP&sock=startd_4460_c47b>
...
040 (122854.000.000) 06/08 10:52:01 Finished transferring input files
...
006 (122854.000.000) 06/08 10:52:10 Image size of job updated: 791436
	40  -  MemoryUsage of job (MB)
	40036  -  ResidentSetSize of job (KB)
...
006 (122854.000.000) 06/08 10:53:03 Image size of job updated: 791436
	41  -  MemoryUsage of job (MB)
	41408  -  ResidentSetSize of job (KB)
...
040 (122854.000.000) 06/08 10:53:04 Started transferring output files
...
040 (122854.000.000) 06/08 10:53:04 Finished transferring output files
...
005 (122854.000.000) 06/08 10:53:05 Job terminated.
	(1) Normal termination (return value 0)
		Usr 0 00:00:09, Sys 0 00:00:03  -  Run Remote Usage
		Usr 0 00:00:00, Sys 0 00:00:00  -  Run Local Usage
		Usr 0 00:00:09, Sys 0 00:00:03  -  Total Remote Usage
		Usr 0 00:00:00, Sys 0 00:00:00  -  Total Local Usage
	20107  -  Run Bytes Sent By Job
	19195  -  Run Bytes Received By Job
	20107  -  Total Bytes Sent By Job
	19195  -  Total Bytes Received By Job
	Partitionable Resources :    Usage  Request Allocated 
	   Cpus                 :                 1         1 
	   Disk (KB)            :   540974       20    216838 
	   Memory (MB)          :       41     2000      2000 

	Job terminated of its own accord at 2021-06-08T08:53:03Z.
...
