000 (146652.000.000) 06/16 08:12:35 Job submitted from host: <188.185.121.235:9618?addrs=188.185.121.235-9618+[2001-1458-d00-49--100-36e]-9618&alias=bigbird22.cern.ch&noUDP&sock=schedd_38044_991d>
...
040 (146652.000.000) 06/16 08:34:35 Started transferring input files
	Transferring to host: <188.184.212.181:9618?addrs=188.184.212.181-9618+[2001-1458-301-10c--100-381]-9618&alias=b7g24n5646.cern.ch&noUDP&sock=slot1_3_16948_262a_39355>
...
040 (146652.000.000) 06/16 08:34:35 Finished transferring input files
...
001 (146652.000.000) 06/16 08:34:35 Job executing on host: <188.184.212.181:9618?addrs=188.184.212.181-9618+[2001-1458-301-10c--100-381]-9618&alias=b7g24n5646.cern.ch&noUDP&sock=startd_16801_aac2>
...
006 (146652.000.000) 06/16 08:34:44 Image size of job updated: 16112
	16  -  MemoryUsage of job (MB)
	15832  -  ResidentSetSize of job (KB)
...
006 (146652.000.000) 06/16 08:36:28 Image size of job updated: 791428
	16  -  MemoryUsage of job (MB)
	15832  -  ResidentSetSize of job (KB)
...
040 (146652.000.000) 06/16 08:36:29 Started transferring output files
...
040 (146652.000.000) 06/16 08:36:29 Finished transferring output files
...
005 (146652.000.000) 06/16 08:36:32 Job terminated.
	(1) Normal termination (return value 0)
		Usr 0 00:00:09, Sys 0 00:00:03  -  Run Remote Usage
		Usr 0 00:00:00, Sys 0 00:00:00  -  Run Local Usage
		Usr 0 00:00:09, Sys 0 00:00:03  -  Total Remote Usage
		Usr 0 00:00:00, Sys 0 00:00:00  -  Total Local Usage
	21870  -  Run Bytes Sent By Job
	19195  -  Run Bytes Received By Job
	21870  -  Total Bytes Sent By Job
	19195  -  Total Bytes Received By Job
	Partitionable Resources :     Usage  Request Allocated 
	   Cpus                 :      0.03        1         1 
	   Disk (KB)            : 466094          20    356774 
	   Memory (MB)          :     16        2000      2000 

	Job terminated of its own accord at 2021-06-16T06:36:28Z.
...
