000 (148743.000.000) 06/16 08:56:14 Job submitted from host: <188.185.121.235:9618?addrs=188.185.121.235-9618+[2001-1458-d00-49--100-36e]-9618&alias=bigbird22.cern.ch&noUDP&sock=schedd_38044_991d>
...
040 (148743.000.000) 06/16 09:54:49 Started transferring input files
	Transferring to host: <128.142.77.154:9618?addrs=128.142.77.154-9618+[2001-1458-301-f4--100-6c]-9618&alias=b7s12n9302.cern.ch&noUDP&sock=slot1_1_5605_fabd_50325>
...
040 (148743.000.000) 06/16 09:54:49 Finished transferring input files
...
001 (148743.000.000) 06/16 09:54:49 Job executing on host: <128.142.77.154:9618?addrs=128.142.77.154-9618+[2001-1458-301-f4--100-6c]-9618&alias=b7s12n9302.cern.ch&noUDP&sock=startd_4465_3274>
...
006 (148743.000.000) 06/16 09:54:58 Image size of job updated: 625444
	4  -  MemoryUsage of job (MB)
	3844  -  ResidentSetSize of job (KB)
...
006 (148743.000.000) 06/16 09:59:59 Image size of job updated: 791456
	36  -  MemoryUsage of job (MB)
	36544  -  ResidentSetSize of job (KB)
...
006 (148743.000.000) 06/16 10:05:00 Image size of job updated: 791456
	67  -  MemoryUsage of job (MB)
	67780  -  ResidentSetSize of job (KB)
...
040 (148743.000.000) 06/16 12:18:36 Started transferring output files
...
040 (148743.000.000) 06/16 12:18:36 Finished transferring output files
...
005 (148743.000.000) 06/16 12:18:36 Job terminated.
	(1) Normal termination (return value 0)
		Usr 0 00:00:48, Sys 0 00:00:20  -  Run Remote Usage
		Usr 0 00:00:00, Sys 0 00:00:00  -  Run Local Usage
		Usr 0 00:00:48, Sys 0 00:00:20  -  Total Remote Usage
		Usr 0 00:00:00, Sys 0 00:00:00  -  Total Local Usage
	46688  -  Run Bytes Sent By Job
	19195  -  Run Bytes Received By Job
	46688  -  Total Bytes Sent By Job
	19195  -  Total Bytes Received By Job
	Partitionable Resources :      Usage  Request Allocated 
	   Cpus                 :       0.00        1         1 
	   Disk (KB)            : 2366045          20    280191 
	   Memory (MB)          :      67        2000      2000 

	Job terminated of its own accord at 2021-06-16T10:18:36Z.
...
