000 (116315.000.000) 06/04 09:01:37 Job submitted from host: <188.185.121.235:9618?addrs=188.185.121.235-9618+[2001-1458-d00-49--100-36e]-9618&alias=bigbird22.cern.ch&noUDP&sock=schedd_38044_991d>
...
040 (116315.000.000) 06/04 09:12:12 Started transferring input files
	Transferring to host: <128.142.75.229:9618?addrs=128.142.75.229-9618+[2001-1458-301-75--100-5c8]-9618&alias=b7s11n2156.cern.ch&noUDP&sock=slot1_7_8623_6ef8_41135>
...
040 (116315.000.000) 06/04 09:12:12 Finished transferring input files
...
001 (116315.000.000) 06/04 09:12:12 Job executing on host: <128.142.75.229:9618?addrs=128.142.75.229-9618+[2001-1458-301-75--100-5c8]-9618&alias=b7s11n2156.cern.ch&noUDP&sock=startd_8511_6aa3>
...
006 (116315.000.000) 06/04 09:12:21 Image size of job updated: 234444
	5  -  MemoryUsage of job (MB)
	4436  -  ResidentSetSize of job (KB)
...
006 (116315.000.000) 06/04 09:17:22 Image size of job updated: 790824
	66  -  MemoryUsage of job (MB)
	67508  -  ResidentSetSize of job (KB)
...
040 (116315.000.000) 06/04 11:01:09 Started transferring output files
...
040 (116315.000.000) 06/04 11:01:09 Finished transferring output files
...
005 (116315.000.000) 06/04 11:01:09 Job terminated.
	(1) Normal termination (return value 0)
		Usr 0 00:02:28, Sys 0 00:00:29  -  Run Remote Usage
		Usr 0 00:00:00, Sys 0 00:00:00  -  Run Local Usage
		Usr 0 00:02:28, Sys 0 00:00:29  -  Total Remote Usage
		Usr 0 00:00:00, Sys 0 00:00:00  -  Total Local Usage
	61301  -  Run Bytes Sent By Job
	19195  -  Run Bytes Received By Job
	61301  -  Total Bytes Sent By Job
	19195  -  Total Bytes Received By Job
	Partitionable Resources :      Usage  Request Allocated 
	   Cpus                 :       0.01        1         1 
	   Disk (KB)            : 3703859          20    267911 
	   Memory (MB)          :      66        2000      2000 

	Job terminated of its own accord at 2021-06-04T09:01:08Z.
...
000 (123462.000.000) 06/08 10:44:05 Job submitted from host: <188.185.121.235:9618?addrs=188.185.121.235-9618+[2001-1458-d00-49--100-36e]-9618&alias=bigbird22.cern.ch&noUDP&sock=schedd_38044_991d>
...
040 (123462.000.000) 06/08 11:18:06 Entered queue to transfer input files
	Transferring to host: <188.184.213.123:9618?addrs=188.184.213.123-9618+[2001-1458-301-10c--100-180]-9618&alias=b7g24n0643.cern.ch&noUDP&sock=slot1_7_5894_9b29_37938>
...
040 (123462.000.000) 06/08 11:53:57 Started transferring input files
	Seconds spent in queue: 2151
...
040 (123462.000.000) 06/08 11:53:57 Finished transferring input files
...
001 (123462.000.000) 06/08 11:53:57 Job executing on host: <188.184.213.123:9618?addrs=188.184.213.123-9618+[2001-1458-301-10c--100-180]-9618&alias=b7g24n0643.cern.ch&noUDP&sock=startd_4649_67e1>
...
006 (123462.000.000) 06/08 11:54:05 Image size of job updated: 396052
	3  -  MemoryUsage of job (MB)
	2096  -  ResidentSetSize of job (KB)
...
006 (123462.000.000) 06/08 11:59:05 Image size of job updated: 791452
	67  -  MemoryUsage of job (MB)
	67772  -  ResidentSetSize of job (KB)
...
040 (123462.000.000) 06/08 13:17:21 Started transferring output files
	Seconds spent in queue: 7155
...
040 (123462.000.000) 06/08 13:17:21 Finished transferring output files
...
005 (123462.000.000) 06/08 13:17:21 Job terminated.
	(1) Normal termination (return value 0)
		Usr 0 00:02:14, Sys 0 00:00:24  -  Run Remote Usage
		Usr 0 00:00:00, Sys 0 00:00:00  -  Run Local Usage
		Usr 0 00:02:14, Sys 0 00:00:24  -  Total Remote Usage
		Usr 0 00:00:00, Sys 0 00:00:00  -  Total Local Usage
	61305  -  Run Bytes Sent By Job
	19195  -  Run Bytes Received By Job
	61305  -  Total Bytes Sent By Job
	19195  -  Total Bytes Received By Job
	Partitionable Resources :      Usage  Request Allocated 
	   Cpus                 :       0.01        1         1 
	   Disk (KB)            : 3703859          20    261918 
	   Memory (MB)          :      67        2000      2000 

	Job terminated of its own accord at 2021-06-08T11:17:21Z.
...
