000 (147587.000.000) 06/16 08:31:14 Job submitted from host: <188.185.121.235:9618?addrs=188.185.121.235-9618+[2001-1458-d00-49--100-36e]-9618&alias=bigbird22.cern.ch&noUDP&sock=schedd_38044_991d>
...
040 (147587.000.000) 06/16 08:55:47 Started transferring input files
	Transferring to host: <188.184.186.157:9618?addrs=188.184.186.157-9618+[2001-1458-301-f8--100-a6]-9618&alias=b7g28n0129.cern.ch&noUDP&sock=slot1_9_4399_3e4c_43695>
...
040 (147587.000.000) 06/16 08:55:47 Finished transferring input files
...
001 (147587.000.000) 06/16 08:55:47 Job executing on host: <188.184.186.157:9618?addrs=188.184.186.157-9618+[2001-1458-301-f8--100-a6]-9618&alias=b7g28n0129.cern.ch&noUDP&sock=startd_3743_f713>
...
006 (147587.000.000) 06/16 08:55:56 Image size of job updated: 625444
	18  -  MemoryUsage of job (MB)
	17820  -  ResidentSetSize of job (KB)
...
006 (147587.000.000) 06/16 09:00:57 Image size of job updated: 791456
	67  -  MemoryUsage of job (MB)
	67764  -  ResidentSetSize of job (KB)
...
040 (147587.000.000) 06/16 10:35:02 Started transferring output files
...
040 (147587.000.000) 06/16 10:35:02 Finished transferring output files
...
005 (147587.000.000) 06/16 10:35:02 Job terminated.
	(1) Normal termination (return value 0)
		Usr 0 00:01:46, Sys 0 00:00:23  -  Run Remote Usage
		Usr 0 00:00:00, Sys 0 00:00:00  -  Run Local Usage
		Usr 0 00:01:46, Sys 0 00:00:23  -  Total Remote Usage
		Usr 0 00:00:00, Sys 0 00:00:00  -  Total Local Usage
	54123  -  Run Bytes Sent By Job
	19195  -  Run Bytes Received By Job
	54123  -  Total Bytes Sent By Job
	19195  -  Total Bytes Received By Job
	Partitionable Resources :      Usage  Request Allocated 
	   Cpus                 :       0.01        1         1 
	   Disk (KB)            : 3072389          20    192050 
	   Memory (MB)          :      67        2000      2000 

	Job terminated of its own accord at 2021-06-16T08:35:02Z.
...
