000 (148605.000.000) 06/16 08:52:52 Job submitted from host: <188.185.121.235:9618?addrs=188.185.121.235-9618+[2001-1458-d00-49--100-36e]-9618&alias=bigbird22.cern.ch&noUDP&sock=schedd_38044_991d>
...
040 (148605.000.000) 06/16 09:47:45 Started transferring input files
	Transferring to host: <128.142.73.23:9618?addrs=128.142.73.23-9618+[2001-1458-301-75--100-55f]-9618&alias=b7s11n6069.cern.ch&noUDP&sock=slot1_14_4807_b75d_42504>
...
040 (148605.000.000) 06/16 09:47:45 Finished transferring input files
...
001 (148605.000.000) 06/16 09:47:45 Job executing on host: <128.142.73.23:9618?addrs=128.142.73.23-9618+[2001-1458-301-75--100-55f]-9618&alias=b7s11n6069.cern.ch&noUDP&sock=startd_3898_4841>
...
006 (148605.000.000) 06/16 09:47:53 Image size of job updated: 6036
	6  -  MemoryUsage of job (MB)
	6036  -  ResidentSetSize of job (KB)
...
006 (148605.000.000) 06/16 09:52:53 Image size of job updated: 791456
	67  -  MemoryUsage of job (MB)
	67776  -  ResidentSetSize of job (KB)
...
006 (148605.000.000) 06/16 10:37:58 Image size of job updated: 791456
	89  -  MemoryUsage of job (MB)
	90200  -  ResidentSetSize of job (KB)
...
040 (148605.000.000) 06/16 10:38:14 Started transferring output files
...
040 (148605.000.000) 06/16 10:38:14 Finished transferring output files
...
005 (148605.000.000) 06/16 10:38:14 Job terminated.
	(1) Normal termination (return value 0)
		Usr 0 00:00:50, Sys 0 00:00:12  -  Run Remote Usage
		Usr 0 00:00:00, Sys 0 00:00:00  -  Run Local Usage
		Usr 0 00:00:50, Sys 0 00:00:12  -  Total Remote Usage
		Usr 0 00:00:00, Sys 0 00:00:00  -  Total Local Usage
	44785  -  Run Bytes Sent By Job
	19195  -  Run Bytes Received By Job
	44785  -  Total Bytes Sent By Job
	19195  -  Total Bytes Received By Job
	Partitionable Resources :      Usage  Request Allocated 
	   Cpus                 :       0.01        1         1 
	   Disk (KB)            : 2368073          20    274449 
	   Memory (MB)          :      89        2000      2000 

	Job terminated of its own accord at 2021-06-16T08:38:14Z.
...
