000 (148547.000.000) 06/16 08:51:36 Job submitted from host: <188.185.121.235:9618?addrs=188.185.121.235-9618+[2001-1458-d00-49--100-36e]-9618&alias=bigbird22.cern.ch&noUDP&sock=schedd_38044_991d>
...
040 (148547.000.000) 06/16 09:38:59 Started transferring input files
	Transferring to host: <188.184.169.65:9618?addrs=188.184.169.65-9618+[2001-1458-301-c0--100-179]-9618&alias=b7g52n9558.cern.ch&noUDP&sock=slot1_3_5728_a4e2_38068>
...
040 (148547.000.000) 06/16 09:38:59 Finished transferring input files
...
001 (148547.000.000) 06/16 09:38:59 Job executing on host: <188.184.169.65:9618?addrs=188.184.169.65-9618+[2001-1458-301-c0--100-179]-9618&alias=b7g52n9558.cern.ch&noUDP&sock=startd_4610_a7b0>
...
006 (148547.000.000) 06/16 09:39:08 Image size of job updated: 9836
	10  -  MemoryUsage of job (MB)
	9836  -  ResidentSetSize of job (KB)
...
006 (148547.000.000) 06/16 09:44:09 Image size of job updated: 791456
	67  -  MemoryUsage of job (MB)
	67772  -  ResidentSetSize of job (KB)
...
040 (148547.000.000) 06/16 10:58:19 Started transferring output files
...
040 (148547.000.000) 06/16 10:58:19 Finished transferring output files
...
005 (148547.000.000) 06/16 10:58:19 Job terminated.
	(1) Normal termination (return value 0)
		Usr 0 00:01:02, Sys 0 00:00:14  -  Run Remote Usage
		Usr 0 00:00:00, Sys 0 00:00:00  -  Run Local Usage
		Usr 0 00:01:02, Sys 0 00:00:14  -  Total Remote Usage
		Usr 0 00:00:00, Sys 0 00:00:00  -  Total Local Usage
	46607  -  Run Bytes Sent By Job
	19195  -  Run Bytes Received By Job
	46607  -  Total Bytes Sent By Job
	19195  -  Total Bytes Received By Job
	Partitionable Resources :      Usage  Request Allocated 
	   Cpus                 :       0.01        1         1 
	   Disk (KB)            : 2367756          20    279160 
	   Memory (MB)          :      67        2000      2000 

	Job terminated of its own accord at 2021-06-16T08:58:19Z.
...
