000 (147388.000.000) 06/16 08:27:30 Job submitted from host: <188.185.121.235:9618?addrs=188.185.121.235-9618+[2001-1458-d00-49--100-36e]-9618&alias=bigbird22.cern.ch&noUDP&sock=schedd_38044_991d>
...
040 (147388.000.000) 06/16 08:52:37 Started transferring input files
	Transferring to host: <128.142.82.5:9618?addrs=128.142.82.5-9618+[2001-1458-301-f5--100-6ce]-9618&alias=b7s13n0982.cern.ch&noUDP&sock=slot1_11_4835_71de_91541>
...
040 (147388.000.000) 06/16 08:52:37 Finished transferring input files
...
001 (147388.000.000) 06/16 08:52:37 Job executing on host: <128.142.82.5:9618?addrs=128.142.82.5-9618+[2001-1458-301-f5--100-6ce]-9618&alias=b7s13n0982.cern.ch&noUDP&sock=startd_16646_5994>
...
006 (147388.000.000) 06/16 08:52:46 Image size of job updated: 791448
	67  -  MemoryUsage of job (MB)
	67776  -  ResidentSetSize of job (KB)
...
040 (147388.000.000) 06/16 08:53:01 Started transferring output files
...
040 (147388.000.000) 06/16 08:53:01 Finished transferring output files
...
005 (147388.000.000) 06/16 08:53:01 Job terminated.
	(1) Normal termination (return value 0)
		Usr 0 00:00:07, Sys 0 00:00:02  -  Run Remote Usage
		Usr 0 00:00:00, Sys 0 00:00:00  -  Run Local Usage
		Usr 0 00:00:07, Sys 0 00:00:02  -  Total Remote Usage
		Usr 0 00:00:00, Sys 0 00:00:00  -  Total Local Usage
	18678  -  Run Bytes Sent By Job
	19195  -  Run Bytes Received By Job
	18678  -  Total Bytes Sent By Job
	19195  -  Total Bytes Received By Job
	Partitionable Resources :    Usage  Request Allocated 
	   Cpus                 :                 1         1 
	   Disk (KB)            :   465733       20    284349 
	   Memory (MB)          :       67     2000      2000 

	Job terminated of its own accord at 2021-06-16T06:53:01Z.
...
