000 (115902.000.000) 06/04 08:55:35 Job submitted from host: <188.185.121.235:9618?addrs=188.185.121.235-9618+[2001-1458-d00-49--100-36e]-9618&alias=bigbird22.cern.ch&noUDP&sock=schedd_38044_991d>
...
040 (115902.000.000) 06/04 09:00:02 Started transferring input files
	Transferring to host: <128.142.80.196:9618?addrs=128.142.80.196-9618+[2001-1458-301-f5--100-4cb]-9618&alias=b7s13n4929.cern.ch&noUDP&sock=slot1_12_25366_6441_88214>
...
040 (115902.000.000) 06/04 09:00:02 Finished transferring input files
...
001 (115902.000.000) 06/04 09:00:02 Job executing on host: <128.142.80.196:9618?addrs=128.142.80.196-9618+[2001-1458-301-f5--100-4cb]-9618&alias=b7s13n4929.cern.ch&noUDP&sock=startd_16853_55af>
...
006 (115902.000.000) 06/04 09:00:10 Image size of job updated: 20200
	20  -  MemoryUsage of job (MB)
	20200  -  ResidentSetSize of job (KB)
...
006 (115902.000.000) 06/04 09:05:10 Image size of job updated: 790824
	66  -  MemoryUsage of job (MB)
	67500  -  ResidentSetSize of job (KB)
...
006 (115902.000.000) 06/04 09:35:14 Image size of job updated: 790824
	114  -  MemoryUsage of job (MB)
	116140  -  ResidentSetSize of job (KB)
...
040 (115902.000.000) 06/04 09:36:19 Started transferring output files
...
040 (115902.000.000) 06/04 09:36:19 Finished transferring output files
...
005 (115902.000.000) 06/04 09:36:19 Job terminated.
	(1) Normal termination (return value 0)
		Usr 0 00:01:32, Sys 0 00:00:26  -  Run Remote Usage
		Usr 0 00:00:00, Sys 0 00:00:00  -  Run Local Usage
		Usr 0 00:01:32, Sys 0 00:00:26  -  Total Remote Usage
		Usr 0 00:00:00, Sys 0 00:00:00  -  Total Local Usage
	60938  -  Run Bytes Sent By Job
	19195  -  Run Bytes Received By Job
	60938  -  Total Bytes Sent By Job
	19195  -  Total Bytes Received By Job
	Partitionable Resources :      Usage  Request Allocated 
	   Cpus                 :       0.01        1         1 
	   Disk (KB)            : 3711649          20    256343 
	   Memory (MB)          :     114        2000      2000 

	Job terminated of its own accord at 2021-06-04T07:36:19Z.
...
000 (123041.000.000) 06/08 10:37:26 Job submitted from host: <188.185.121.235:9618?addrs=188.185.121.235-9618+[2001-1458-d00-49--100-36e]-9618&alias=bigbird22.cern.ch&noUDP&sock=schedd_38044_991d>
...
040 (123041.000.000) 06/08 10:56:12 Started transferring input files
	Transferring to host: <188.184.198.171:9618?addrs=188.184.198.171-9618+[2001-1458-301-c1--100-18b]-9618&alias=b7g52n2852.cern.ch&noUDP&sock=slot1_1_6818_a5ce_37269>
...
001 (123041.000.000) 06/08 10:56:12 Job executing on host: <188.184.198.171:9618?addrs=188.184.198.171-9618+[2001-1458-301-c1--100-18b]-9618&alias=b7g52n2852.cern.ch&noUDP&sock=startd_5371_a342>
...
040 (123041.000.000) 06/08 10:56:12 Finished transferring input files
...
006 (123041.000.000) 06/08 10:56:21 Image size of job updated: 527124
	8  -  MemoryUsage of job (MB)
	7236  -  ResidentSetSize of job (KB)
...
006 (123041.000.000) 06/08 11:01:22 Image size of job updated: 791452
	67  -  MemoryUsage of job (MB)
	67780  -  ResidentSetSize of job (KB)
...
006 (123041.000.000) 06/08 11:11:23 Image size of job updated: 791452
	110  -  MemoryUsage of job (MB)
	111676  -  ResidentSetSize of job (KB)
...
040 (123041.000.000) 06/08 11:12:19 Entered queue to transfer output files
...
040 (123041.000.000) 06/08 11:12:26 Started transferring output files
...
040 (123041.000.000) 06/08 11:12:27 Finished transferring output files
...
005 (123041.000.000) 06/08 11:12:27 Job terminated.
	(1) Normal termination (return value 0)
		Usr 0 00:02:14, Sys 0 00:00:21  -  Run Remote Usage
		Usr 0 00:00:00, Sys 0 00:00:00  -  Run Local Usage
		Usr 0 00:02:14, Sys 0 00:00:21  -  Total Remote Usage
		Usr 0 00:00:00, Sys 0 00:00:00  -  Total Local Usage
	60924  -  Run Bytes Sent By Job
	19195  -  Run Bytes Received By Job
	60924  -  Total Bytes Sent By Job
	19195  -  Total Bytes Received By Job
	Partitionable Resources :      Usage  Request Allocated 
	   Cpus                 :       0.03        1         1 
	   Disk (KB)            : 3711650          20    182556 
	   Memory (MB)          :     110        2000      2000 

	Job terminated of its own accord at 2021-06-08T09:12:14Z.
...
