000 (147394.000.000) 06/16 08:27:35 Job submitted from host: <188.185.121.235:9618?addrs=188.185.121.235-9618+[2001-1458-d00-49--100-36e]-9618&alias=bigbird22.cern.ch&noUDP&sock=schedd_38044_991d>
...
040 (147394.000.000) 06/16 08:52:41 Started transferring input files
	Transferring to host: <188.185.105.28:9618?addrs=188.185.105.28-9618&alias=b7g50s4147.cern.ch&noUDP&sock=slot1_16_3101_af57_37886>
...
001 (147394.000.000) 06/16 08:52:41 Job executing on host: <188.185.105.28:9618?addrs=188.185.105.28-9618&alias=b7g50s4147.cern.ch&noUDP&sock=startd_1982_10cc>
...
040 (147394.000.000) 06/16 08:52:41 Finished transferring input files
...
006 (147394.000.000) 06/16 08:52:49 Image size of job updated: 41696
	41  -  MemoryUsage of job (MB)
	41696  -  ResidentSetSize of job (KB)
...
006 (147394.000.000) 06/16 08:53:28 Image size of job updated: 791448
	42  -  MemoryUsage of job (MB)
	42056  -  ResidentSetSize of job (KB)
...
040 (147394.000.000) 06/16 08:53:28 Started transferring output files
...
040 (147394.000.000) 06/16 08:53:29 Finished transferring output files
...
005 (147394.000.000) 06/16 08:53:29 Job terminated.
	(1) Normal termination (return value 0)
		Usr 0 00:00:06, Sys 0 00:00:02  -  Run Remote Usage
		Usr 0 00:00:00, Sys 0 00:00:00  -  Run Local Usage
		Usr 0 00:00:06, Sys 0 00:00:02  -  Total Remote Usage
		Usr 0 00:00:00, Sys 0 00:00:00  -  Total Local Usage
	19105  -  Run Bytes Sent By Job
	19195  -  Run Bytes Received By Job
	19105  -  Total Bytes Sent By Job
	19195  -  Total Bytes Received By Job
	Partitionable Resources :     Usage  Request Allocated 
	   Cpus                 :      0.06        1         1 
	   Disk (KB)            : 465740          20    602461 
	   Memory (MB)          :     42        2000      2000 

	Job terminated of its own accord at 2021-06-16T06:53:28Z.
...
