000 (116971.000.000) 06/04 09:09:29 Job submitted from host: <188.185.121.235:9618?addrs=188.185.121.235-9618+[2001-1458-d00-49--100-36e]-9618&alias=bigbird22.cern.ch&noUDP&sock=schedd_38044_991d>
...
040 (116971.000.000) 06/04 09:48:52 Started transferring input files
	Transferring to host: <128.142.73.116:9618?addrs=128.142.73.116-9618+[2001-1458-301-75--100-1ef]-9618&alias=b7s11n6047.cern.ch&noUDP&sock=slot1_16_10240_c199_87483>
...
040 (116971.000.000) 06/04 09:48:52 Finished transferring input files
...
001 (116971.000.000) 06/04 09:48:52 Job executing on host: <128.142.73.116:9618?addrs=128.142.73.116-9618+[2001-1458-301-75--100-1ef]-9618&alias=b7s11n6047.cern.ch&noUDP&sock=startd_16731_a721>
...
006 (116971.000.000) 06/04 09:49:01 Image size of job updated: 395412
	6  -  MemoryUsage of job (MB)
	5244  -  ResidentSetSize of job (KB)
...
006 (116971.000.000) 06/04 09:54:02 Image size of job updated: 790824
	39  -  MemoryUsage of job (MB)
	39068  -  ResidentSetSize of job (KB)
...
006 (116971.000.000) 06/04 09:59:02 Image size of job updated: 790824
	56  -  MemoryUsage of job (MB)
	56460  -  ResidentSetSize of job (KB)
...
006 (116971.000.000) 06/04 10:04:02 Image size of job updated: 790824
	66  -  MemoryUsage of job (MB)
	67500  -  ResidentSetSize of job (KB)
...
006 (116971.000.000) 06/04 13:49:24 Image size of job updated: 790824
	91  -  MemoryUsage of job (MB)
	92856  -  ResidentSetSize of job (KB)
...
040 (116971.000.000) 06/04 13:49:29 Started transferring output files
...
040 (116971.000.000) 06/04 13:49:29 Finished transferring output files
...
005 (116971.000.000) 06/04 13:49:29 Job terminated.
	(1) Normal termination (return value 0)
		Usr 0 00:00:56, Sys 0 00:00:18  -  Run Remote Usage
		Usr 0 00:00:00, Sys 0 00:00:00  -  Run Local Usage
		Usr 0 00:00:56, Sys 0 00:00:18  -  Total Remote Usage
		Usr 0 00:00:00, Sys 0 00:00:00  -  Total Local Usage
	50767  -  Run Bytes Sent By Job
	19195  -  Run Bytes Received By Job
	50767  -  Total Bytes Sent By Job
	19195  -  Total Bytes Received By Job
	Partitionable Resources :      Usage  Request Allocated 
	   Cpus                 :       0.00        1         1 
	   Disk (KB)            : 2758750          20    274992 
	   Memory (MB)          :      91        2000      2000 

	Job terminated of its own accord at 2021-06-04T11:49:29Z.
...
000 (124142.000.000) 06/08 10:54:06 Job submitted from host: <188.185.121.235:9618?addrs=188.185.121.235-9618+[2001-1458-d00-49--100-36e]-9618&alias=bigbird22.cern.ch&noUDP&sock=schedd_38044_991d>
...
040 (124142.000.000) 06/08 11:38:54 Entered queue to transfer input files
	Transferring to host: <128.142.86.96:9618?addrs=128.142.86.96-9618+[2001-1458-301-f6--100-486]-9618&alias=b7s14n5599.cern.ch&noUDP&sock=slot1_4_5603_91fd_50104>
...
040 (124142.000.000) 06/08 11:54:00 Started transferring input files
	Seconds spent in queue: 906
...
040 (124142.000.000) 06/08 11:54:00 Finished transferring input files
...
001 (124142.000.000) 06/08 11:54:00 Job executing on host: <128.142.86.96:9618?addrs=128.142.86.96-9618+[2001-1458-301-f6--100-486]-9618&alias=b7s14n5599.cern.ch&noUDP&sock=startd_4194_504a>
...
006 (124142.000.000) 06/08 11:54:08 Image size of job updated: 2096
	3  -  MemoryUsage of job (MB)
	2096  -  ResidentSetSize of job (KB)
...
006 (124142.000.000) 06/08 11:59:08 Image size of job updated: 791452
	36  -  MemoryUsage of job (MB)
	35944  -  ResidentSetSize of job (KB)
...
006 (124142.000.000) 06/08 12:04:09 Image size of job updated: 791452
	53  -  MemoryUsage of job (MB)
	53912  -  ResidentSetSize of job (KB)
...
006 (124142.000.000) 06/08 12:09:10 Image size of job updated: 791452
	67  -  MemoryUsage of job (MB)
	67776  -  ResidentSetSize of job (KB)
...
040 (124142.000.000) 06/08 15:46:30 Started transferring output files
	Seconds spent in queue: 14856
...
040 (124142.000.000) 06/08 15:46:30 Finished transferring output files
...
005 (124142.000.000) 06/08 15:46:30 Job terminated.
	(1) Normal termination (return value 0)
		Usr 0 00:01:18, Sys 0 00:00:13  -  Run Remote Usage
		Usr 0 00:00:00, Sys 0 00:00:00  -  Run Local Usage
		Usr 0 00:01:18, Sys 0 00:00:13  -  Total Remote Usage
		Usr 0 00:00:00, Sys 0 00:00:00  -  Total Local Usage
	50769  -  Run Bytes Sent By Job
	19195  -  Run Bytes Received By Job
	50769  -  Total Bytes Sent By Job
	19195  -  Total Bytes Received By Job
	Partitionable Resources :      Usage  Request Allocated 
	   Cpus                 :       0.88        1         1 
	   Disk (KB)            : 2758750          20    193770 
	   Memory (MB)          :      67        2000      2000 

	Job terminated of its own accord at 2021-06-08T13:46:30Z.
...
