000 (146705.000.000) 06/16 08:13:26 Job submitted from host: <188.185.121.235:9618?addrs=188.185.121.235-9618+[2001-1458-d00-49--100-36e]-9618&alias=bigbird22.cern.ch&noUDP&sock=schedd_38044_991d>
...
040 (146705.000.000) 06/16 08:34:39 Started transferring input files
	Transferring to host: <128.142.73.100:9618?addrs=128.142.73.100-9618+[2001-1458-301-75--100-26c]-9618&alias=b7s11n3239.cern.ch&noUDP&sock=slot1_6_5409_e135_38124>
...
040 (146705.000.000) 06/16 08:34:39 Finished transferring input files
...
001 (146705.000.000) 06/16 08:34:39 Job executing on host: <128.142.73.100:9618?addrs=128.142.73.100-9618+[2001-1458-301-75--100-26c]-9618&alias=b7s11n3239.cern.ch&noUDP&sock=startd_4272_d0ad>
...
006 (146705.000.000) 06/16 08:34:48 Image size of job updated: 774992
	40  -  MemoryUsage of job (MB)
	40012  -  ResidentSetSize of job (KB)
...
006 (146705.000.000) 06/16 08:36:30 Image size of job updated: 791452
	40  -  MemoryUsage of job (MB)
	40040  -  ResidentSetSize of job (KB)
...
040 (146705.000.000) 06/16 08:36:32 Started transferring output files
...
040 (146705.000.000) 06/16 08:36:32 Finished transferring output files
...
005 (146705.000.000) 06/16 08:36:35 Job terminated.
	(1) Normal termination (return value 0)
		Usr 0 00:00:07, Sys 0 00:00:02  -  Run Remote Usage
		Usr 0 00:00:00, Sys 0 00:00:00  -  Run Local Usage
		Usr 0 00:00:07, Sys 0 00:00:02  -  Total Remote Usage
		Usr 0 00:00:00, Sys 0 00:00:00  -  Total Local Usage
	20416  -  Run Bytes Sent By Job
	19195  -  Run Bytes Received By Job
	20416  -  Total Bytes Sent By Job
	19195  -  Total Bytes Received By Job
	Partitionable Resources :    Usage  Request Allocated 
	   Cpus                 :                 1         1 
	   Disk (KB)            :   466097       20    278288 
	   Memory (MB)          :       40     2000      2000 

	Job terminated of its own accord at 2021-06-16T06:36:30Z.
...
