000 (117171.000.000) 06/04 09:12:48 Job submitted from host: <188.185.121.235:9618?addrs=188.185.121.235-9618+[2001-1458-d00-49--100-36e]-9618&alias=bigbird22.cern.ch&noUDP&sock=schedd_38044_991d>
...
040 (117171.000.000) 06/04 10:18:42 Started transferring input files
	Transferring to host: <188.184.207.188:9618?addrs=188.184.207.188-9618+[2001-1458-301-7d--100-402]-9618&alias=b7g27n1724.cern.ch&noUDP&sock=slot1_8_17689_4028_86003>
...
040 (117171.000.000) 06/04 10:18:42 Finished transferring input files
...
001 (117171.000.000) 06/04 10:18:42 Job executing on host: <188.184.207.188:9618?addrs=188.184.207.188-9618+[2001-1458-301-7d--100-402]-9618&alias=b7g27n1724.cern.ch&noUDP&sock=startd_14904_7b99>
...
006 (117171.000.000) 06/04 10:18:50 Image size of job updated: 790796
	66  -  MemoryUsage of job (MB)
	67496  -  ResidentSetSize of job (KB)
...
040 (117171.000.000) 06/04 10:22:25 Started transferring output files
...
040 (117171.000.000) 06/04 10:22:25 Finished transferring output files
...
005 (117171.000.000) 06/04 10:22:26 Job terminated.
	(1) Normal termination (return value 0)
		Usr 0 00:01:26, Sys 0 00:00:15  -  Run Remote Usage
		Usr 0 00:00:00, Sys 0 00:00:00  -  Run Local Usage
		Usr 0 00:01:26, Sys 0 00:00:15  -  Total Remote Usage
		Usr 0 00:00:00, Sys 0 00:00:00  -  Total Local Usage
	32747  -  Run Bytes Sent By Job
	19195  -  Run Bytes Received By Job
	32747  -  Total Bytes Sent By Job
	19195  -  Total Bytes Received By Job
	Partitionable Resources :      Usage  Request Allocated 
	   Cpus                 :       0.10        1         1 
	   Disk (KB)            : 2758870          20    210353 
	   Memory (MB)          :      66        2000      2000 

	Job terminated of its own accord at 2021-06-04T08:22:25Z.
...
000 (124423.000.000) 06/08 10:58:28 Job submitted from host: <188.185.121.235:9618?addrs=188.185.121.235-9618+[2001-1458-d00-49--100-36e]-9618&alias=bigbird22.cern.ch&noUDP&sock=schedd_38044_991d>
...
040 (124423.000.000) 06/08 12:38:17 Started transferring input files
	Transferring to host: <188.184.169.95:9618?addrs=188.184.169.95-9618+[2001-1458-301-c0--100-7e]-9618&alias=b7g52n4403.cern.ch&noUDP&sock=slot1_13_3594_0c4b_37211>
...
001 (124423.000.000) 06/08 12:38:17 Job executing on host: <188.184.169.95:9618?addrs=188.184.169.95-9618+[2001-1458-301-c0--100-7e]-9618&alias=b7g52n4403.cern.ch&noUDP&sock=startd_2983_ab19>
...
040 (124423.000.000) 06/08 12:38:17 Finished transferring input files
...
006 (124423.000.000) 06/08 12:38:26 Image size of job updated: 783188
	35  -  MemoryUsage of job (MB)
	35412  -  ResidentSetSize of job (KB)
...
006 (124423.000.000) 06/08 12:42:54 Image size of job updated: 791428
	35  -  MemoryUsage of job (MB)
	35456  -  ResidentSetSize of job (KB)
...
040 (124423.000.000) 06/08 12:42:54 Started transferring output files
...
040 (124423.000.000) 06/08 12:42:55 Finished transferring output files
...
005 (124423.000.000) 06/08 12:42:55 Job terminated.
	(1) Normal termination (return value 0)
		Usr 0 00:01:12, Sys 0 00:00:09  -  Run Remote Usage
		Usr 0 00:00:00, Sys 0 00:00:00  -  Run Local Usage
		Usr 0 00:01:12, Sys 0 00:00:09  -  Total Remote Usage
		Usr 0 00:00:00, Sys 0 00:00:00  -  Total Local Usage
	38257  -  Run Bytes Sent By Job
	19195  -  Run Bytes Received By Job
	38257  -  Total Bytes Sent By Job
	19195  -  Total Bytes Received By Job
	Partitionable Resources :      Usage  Request Allocated 
	   Cpus                 :       0.05        1         1 
	   Disk (KB)            : 2758876          20    240226 
	   Memory (MB)          :      35        2000      2000 

	Job terminated of its own accord at 2021-06-08T10:42:54Z.
...
