000 (116201.000.000) 06/04 08:59:20 Job submitted from host: <188.185.121.235:9618?addrs=188.185.121.235-9618+[2001-1458-d00-49--100-36e]-9618&alias=bigbird22.cern.ch&noUDP&sock=schedd_38044_991d>
...
040 (116201.000.000) 06/04 09:06:02 Started transferring input files
	Transferring to host: <188.184.196.39:9618?addrs=188.184.196.39-9618+[2001-1458-301-102--100-37]-9618&alias=b7g24n0082.cern.ch&noUDP&sock=slot1_5_3223_a51c_34969>
...
040 (116201.000.000) 06/04 09:06:02 Finished transferring input files
...
001 (116201.000.000) 06/04 09:06:02 Job executing on host: <188.184.196.39:9618?addrs=188.184.196.39-9618+[2001-1458-301-102--100-37]-9618&alias=b7g24n0082.cern.ch&noUDP&sock=startd_2836_d6ad>
...
006 (116201.000.000) 06/04 09:06:11 Image size of job updated: 766156
	25  -  MemoryUsage of job (MB)
	24836  -  ResidentSetSize of job (KB)
...
006 (116201.000.000) 06/04 09:11:12 Image size of job updated: 790808
	66  -  MemoryUsage of job (MB)
	67496  -  ResidentSetSize of job (KB)
...
040 (116201.000.000) 06/04 10:34:49 Started transferring output files
...
040 (116201.000.000) 06/04 10:34:49 Finished transferring output files
...
005 (116201.000.000) 06/04 10:34:49 Job terminated.
	(1) Normal termination (return value 0)
		Usr 0 00:02:44, Sys 0 00:00:25  -  Run Remote Usage
		Usr 0 00:00:00, Sys 0 00:00:00  -  Run Local Usage
		Usr 0 00:02:44, Sys 0 00:00:25  -  Total Remote Usage
		Usr 0 00:00:00, Sys 0 00:00:00  -  Total Local Usage
	61476  -  Run Bytes Sent By Job
	19195  -  Run Bytes Received By Job
	61476  -  Total Bytes Sent By Job
	19195  -  Total Bytes Received By Job
	Partitionable Resources :      Usage  Request Allocated 
	   Cpus                 :       0.00        1         1 
	   Disk (KB)            : 3711418          20    291714 
	   Memory (MB)          :      66        2000      2000 

	Job terminated of its own accord at 2021-06-04T08:34:49Z.
...
000 (123339.000.000) 06/08 10:42:03 Job submitted from host: <188.185.121.235:9618?addrs=188.185.121.235-9618+[2001-1458-d00-49--100-36e]-9618&alias=bigbird22.cern.ch&noUDP&sock=schedd_38044_991d>
...
040 (123339.000.000) 06/08 11:16:42 Entered queue to transfer input files
	Transferring to host: <128.142.161.103:9618?addrs=128.142.161.103-9618+[2001-1458-301-b8--100-25]-9618&alias=b7g03p0467.cern.ch&noUDP&sock=slot1_21_292801_8adc_113882>
...
040 (123339.000.000) 06/08 11:53:56 Started transferring input files
	Seconds spent in queue: 2234
...
001 (123339.000.000) 06/08 11:53:56 Job executing on host: <128.142.161.103:9618?addrs=128.142.161.103-9618+[2001-1458-301-b8--100-25]-9618&alias=b7g03p0467.cern.ch&noUDP&sock=startd_70468_c3e4>
...
040 (123339.000.000) 06/08 11:53:56 Finished transferring input files
...
006 (123339.000.000) 06/08 11:54:04 Image size of job updated: 71816
	3  -  MemoryUsage of job (MB)
	2092  -  ResidentSetSize of job (KB)
...
006 (123339.000.000) 06/08 11:59:04 Image size of job updated: 791456
	67  -  MemoryUsage of job (MB)
	67772  -  ResidentSetSize of job (KB)
...
006 (123339.000.000) 06/08 13:34:16 Image size of job updated: 791456
	120  -  MemoryUsage of job (MB)
	122728  -  ResidentSetSize of job (KB)
...
040 (123339.000.000) 06/08 13:35:14 Started transferring output files
	Seconds spent in queue: 8312
...
040 (123339.000.000) 06/08 13:35:14 Finished transferring output files
...
005 (123339.000.000) 06/08 13:35:14 Job terminated.
	(1) Normal termination (return value 0)
		Usr 0 00:02:23, Sys 0 00:00:30  -  Run Remote Usage
		Usr 0 00:00:00, Sys 0 00:00:00  -  Run Local Usage
		Usr 0 00:02:23, Sys 0 00:00:30  -  Total Remote Usage
		Usr 0 00:00:00, Sys 0 00:00:00  -  Total Local Usage
	61445  -  Run Bytes Sent By Job
	19195  -  Run Bytes Received By Job
	61445  -  Total Bytes Sent By Job
	19195  -  Total Bytes Received By Job
	Partitionable Resources :      Usage  Request Allocated 
	   Cpus                 :       0.01        1         1 
	   Disk (KB)            : 3711419          20    888712 
	   Memory (MB)          :     120        2000      2000 

	Job terminated of its own accord at 2021-06-08T11:35:14Z.
...
