000 (117101.000.000) 06/04 09:11:16 Job submitted from host: <188.185.121.235:9618?addrs=188.185.121.235-9618+[2001-1458-d00-49--100-36e]-9618&alias=bigbird22.cern.ch&noUDP&sock=schedd_38044_991d>
...
040 (117101.000.000) 06/04 10:01:49 Started transferring input files
	Transferring to host: <188.184.139.100:9618?addrs=188.184.139.100-9618+[2001-1458-301-45--100-171]-9618&alias=b7g42n0656.cern.ch&noUDP&sock=slot1_8_3202_d93b_30167>
...
040 (117101.000.000) 06/04 10:01:49 Finished transferring input files
...
001 (117101.000.000) 06/04 10:01:49 Job executing on host: <188.184.139.100:9618?addrs=188.184.139.100-9618+[2001-1458-301-45--100-171]-9618&alias=b7g42n0656.cern.ch&noUDP&sock=startd_2851_2099>
...
006 (117101.000.000) 06/04 10:01:58 Image size of job updated: 47820
	47  -  MemoryUsage of job (MB)
	47820  -  ResidentSetSize of job (KB)
...
006 (117101.000.000) 06/04 10:05:48 Image size of job updated: 790796
	48  -  MemoryUsage of job (MB)
	49000  -  ResidentSetSize of job (KB)
...
040 (117101.000.000) 06/04 10:05:48 Started transferring output files
...
040 (117101.000.000) 06/04 10:05:48 Finished transferring output files
...
005 (117101.000.000) 06/04 10:05:49 Job terminated.
	(1) Normal termination (return value 0)
		Usr 0 00:01:27, Sys 0 00:00:12  -  Run Remote Usage
		Usr 0 00:00:00, Sys 0 00:00:00  -  Run Local Usage
		Usr 0 00:01:27, Sys 0 00:00:12  -  Total Remote Usage
		Usr 0 00:00:00, Sys 0 00:00:00  -  Total Local Usage
	33597  -  Run Bytes Sent By Job
	19195  -  Run Bytes Received By Job
	33597  -  Total Bytes Sent By Job
	19195  -  Total Bytes Received By Job
	Partitionable Resources :      Usage  Request Allocated 
	   Cpus                 :       0.99        1         1 
	   Disk (KB)            : 2761282          20    296583 
	   Memory (MB)          :      48        2000      2000 

	Job terminated of its own accord at 2021-06-04T08:05:48Z.
...
000 (124308.000.000) 06/08 10:56:31 Job submitted from host: <188.185.121.235:9618?addrs=188.185.121.235-9618+[2001-1458-d00-49--100-36e]-9618&alias=bigbird22.cern.ch&noUDP&sock=schedd_38044_991d>
...
040 (124308.000.000) 06/08 12:30:13 Started transferring input files
	Transferring to host: <128.142.79.110:9618?addrs=128.142.79.110-9618+[2001-1458-301-f4--100-cd]-9618&alias=b7s12n1832.cern.ch&noUDP&sock=slot1_8_8729_1ebc_86642>
...
001 (124308.000.000) 06/08 12:30:13 Job executing on host: <128.142.79.110:9618?addrs=128.142.79.110-9618+[2001-1458-301-f4--100-cd]-9618&alias=b7s12n1832.cern.ch&noUDP&sock=startd_15267_787a>
...
040 (124308.000.000) 06/08 12:30:13 Finished transferring input files
...
006 (124308.000.000) 06/08 12:30:22 Image size of job updated: 396052
	67  -  MemoryUsage of job (MB)
	67768  -  ResidentSetSize of job (KB)
...
006 (124308.000.000) 06/08 12:33:23 Image size of job updated: 791428
	67  -  MemoryUsage of job (MB)
	67768  -  ResidentSetSize of job (KB)
...
040 (124308.000.000) 06/08 12:33:23 Started transferring output files
...
040 (124308.000.000) 06/08 12:33:23 Finished transferring output files
...
005 (124308.000.000) 06/08 12:33:23 Job terminated.
	(1) Normal termination (return value 0)
		Usr 0 00:00:52, Sys 0 00:00:15  -  Run Remote Usage
		Usr 0 00:00:00, Sys 0 00:00:00  -  Run Local Usage
		Usr 0 00:00:52, Sys 0 00:00:15  -  Total Remote Usage
		Usr 0 00:00:00, Sys 0 00:00:00  -  Total Local Usage
	33003  -  Run Bytes Sent By Job
	19195  -  Run Bytes Received By Job
	33003  -  Total Bytes Sent By Job
	19195  -  Total Bytes Received By Job
	Partitionable Resources :    Usage  Request Allocated 
	   Cpus                 :                 1         1 
	   Disk (KB)            :  2761273       20    292630 
	   Memory (MB)          :       67     2000      2000 

	Job terminated of its own accord at 2021-06-08T10:33:23Z.
...
