000 (147064.000.000) 06/16 08:20:14 Job submitted from host: <188.185.121.235:9618?addrs=188.185.121.235-9618+[2001-1458-d00-49--100-36e]-9618&alias=bigbird22.cern.ch&noUDP&sock=schedd_38044_991d>
...
040 (147064.000.000) 06/16 08:46:33 Started transferring input files
	Transferring to host: <128.142.76.82:9618?addrs=128.142.76.82-9618+[2001-1458-301-f4--100-2d7]-9618&alias=b7s12n4676.cern.ch&noUDP&sock=slot1_16_2523_6e80_14735>
...
040 (147064.000.000) 06/16 08:46:33 Finished transferring input files
...
001 (147064.000.000) 06/16 08:46:33 Job executing on host: <128.142.76.82:9618?addrs=128.142.76.82-9618+[2001-1458-301-f4--100-2d7]-9618&alias=b7s12n4676.cern.ch&noUDP&sock=startd_2319_3837>
...
006 (147064.000.000) 06/16 08:46:41 Image size of job updated: 774992
	27  -  MemoryUsage of job (MB)
	26772  -  ResidentSetSize of job (KB)
...
006 (147064.000.000) 06/16 08:50:05 Image size of job updated: 791432
	27  -  MemoryUsage of job (MB)
	26816  -  ResidentSetSize of job (KB)
...
040 (147064.000.000) 06/16 08:50:05 Started transferring output files
...
040 (147064.000.000) 06/16 08:50:05 Finished transferring output files
...
005 (147064.000.000) 06/16 08:50:06 Job terminated.
	(1) Normal termination (return value 0)
		Usr 0 00:00:07, Sys 0 00:00:02  -  Run Remote Usage
		Usr 0 00:00:00, Sys 0 00:00:00  -  Run Local Usage
		Usr 0 00:00:07, Sys 0 00:00:02  -  Total Remote Usage
		Usr 0 00:00:00, Sys 0 00:00:00  -  Total Local Usage
	21862  -  Run Bytes Sent By Job
	19195  -  Run Bytes Received By Job
	21862  -  Total Bytes Sent By Job
	19195  -  Total Bytes Received By Job
	Partitionable Resources :    Usage  Request Allocated 
	   Cpus                 :                 1         1 
	   Disk (KB)            :   466099       20    287108 
	   Memory (MB)          :       27     2000      2000 

	Job terminated of its own accord at 2021-06-16T06:50:05Z.
...
