000 (148575.000.000) 06/16 08:52:21 Job submitted from host: <188.185.121.235:9618?addrs=188.185.121.235-9618+[2001-1458-d00-49--100-36e]-9618&alias=bigbird22.cern.ch&noUDP&sock=schedd_38044_991d>
...
040 (148575.000.000) 06/16 09:41:37 Started transferring input files
	Transferring to host: <128.142.82.4:9618?addrs=128.142.82.4-9618+[2001-1458-301-f5--100-645]-9618&alias=b7s13n1790.cern.ch&noUDP&sock=slot1_14_4010_285c_49264>
...
001 (148575.000.000) 06/16 09:41:37 Job executing on host: <128.142.82.4:9618?addrs=128.142.82.4-9618+[2001-1458-301-f5--100-645]-9618&alias=b7s13n1790.cern.ch&noUDP&sock=startd_3353_7524>
...
040 (148575.000.000) 06/16 09:41:37 Finished transferring input files
...
006 (148575.000.000) 06/16 09:41:45 Image size of job updated: 625444
	6  -  MemoryUsage of job (MB)
	5772  -  ResidentSetSize of job (KB)
...
006 (148575.000.000) 06/16 09:46:45 Image size of job updated: 791456
	67  -  MemoryUsage of job (MB)
	67780  -  ResidentSetSize of job (KB)
...
040 (148575.000.000) 06/16 10:52:35 Started transferring output files
...
040 (148575.000.000) 06/16 10:52:35 Finished transferring output files
...
005 (148575.000.000) 06/16 10:52:36 Job terminated.
	(1) Normal termination (return value 0)
		Usr 0 00:00:46, Sys 0 00:00:15  -  Run Remote Usage
		Usr 0 00:00:00, Sys 0 00:00:00  -  Run Local Usage
		Usr 0 00:00:46, Sys 0 00:00:15  -  Total Remote Usage
		Usr 0 00:00:00, Sys 0 00:00:00  -  Total Local Usage
	46215  -  Run Bytes Sent By Job
	19195  -  Run Bytes Received By Job
	46215  -  Total Bytes Sent By Job
	19195  -  Total Bytes Received By Job
	Partitionable Resources :      Usage  Request Allocated 
	   Cpus                 :       0.01        1         1 
	   Disk (KB)            : 2367877          20    189508 
	   Memory (MB)          :      67        2000      2000 

	Job terminated of its own accord at 2021-06-16T08:52:35Z.
...
