000 (116878.000.000) 06/04 09:08:35 Job submitted from host: <188.185.121.235:9618?addrs=188.185.121.235-9618+[2001-1458-d00-49--100-36e]-9618&alias=bigbird22.cern.ch&noUDP&sock=schedd_38044_991d>
...
040 (116878.000.000) 06/04 09:41:59 Started transferring input files
	Transferring to host: <188.184.138.206:9618?addrs=188.184.138.206-9618+[2001-1458-301-45--100-df]-9618&alias=b7g42n0432.cern.ch&noUDP&sock=slot1_2_773_65f9_84026>
...
040 (116878.000.000) 06/04 09:41:59 Finished transferring input files
...
001 (116878.000.000) 06/04 09:41:59 Job executing on host: <188.184.138.206:9618?addrs=188.184.138.206-9618+[2001-1458-301-45--100-df]-9618&alias=b7g42n0432.cern.ch&noUDP&sock=startd_5592_39b0>
...
006 (116878.000.000) 06/04 09:42:08 Image size of job updated: 5196
	4  -  MemoryUsage of job (MB)
	3264  -  ResidentSetSize of job (KB)
...
006 (116878.000.000) 06/04 09:47:08 Image size of job updated: 790820
	66  -  MemoryUsage of job (MB)
	67496  -  ResidentSetSize of job (KB)
...
006 (116878.000.000) 06/04 09:52:08 Image size of job updated: 790820
	91  -  MemoryUsage of job (MB)
	92168  -  ResidentSetSize of job (KB)
...
040 (116878.000.000) 06/04 09:53:20 Started transferring output files
...
040 (116878.000.000) 06/04 09:53:20 Finished transferring output files
...
005 (116878.000.000) 06/04 09:53:20 Job terminated.
	(1) Normal termination (return value 0)
		Usr 0 00:01:21, Sys 0 00:00:14  -  Run Remote Usage
		Usr 0 00:00:00, Sys 0 00:00:00  -  Run Local Usage
		Usr 0 00:01:21, Sys 0 00:00:14  -  Total Remote Usage
		Usr 0 00:00:00, Sys 0 00:00:00  -  Total Local Usage
	48947  -  Run Bytes Sent By Job
	19195  -  Run Bytes Received By Job
	48947  -  Total Bytes Sent By Job
	19195  -  Total Bytes Received By Job
	Partitionable Resources :      Usage  Request Allocated 
	   Cpus                 :       0.03        1         1 
	   Disk (KB)            : 2758777          20    285823 
	   Memory (MB)          :      91        2000      2000 

	Job terminated of its own accord at 2021-06-04T07:53:20Z.
...
000 (124037.000.000) 06/08 10:52:22 Job submitted from host: <188.185.121.235:9618?addrs=188.185.121.235-9618+[2001-1458-d00-49--100-36e]-9618&alias=bigbird22.cern.ch&noUDP&sock=schedd_38044_991d>
...
040 (124037.000.000) 06/08 11:23:31 Entered queue to transfer input files
	Transferring to host: <188.184.198.30:9618?addrs=188.184.198.30-9618+[2001-1458-301-c1--100-2e5]-9618&alias=b7g52n7312.cern.ch&noUDP&sock=slot1_7_6018_f9ae_39149>
...
040 (124037.000.000) 06/08 11:53:59 Started transferring input files
	Seconds spent in queue: 1828
...
040 (124037.000.000) 06/08 11:53:59 Finished transferring input files
...
001 (124037.000.000) 06/08 11:53:59 Job executing on host: <188.184.198.30:9618?addrs=188.184.198.30-9618+[2001-1458-301-c1--100-2e5]-9618&alias=b7g52n7312.cern.ch&noUDP&sock=startd_4607_98e7>
...
006 (124037.000.000) 06/08 11:54:08 Image size of job updated: 396052
	3  -  MemoryUsage of job (MB)
	2092  -  ResidentSetSize of job (KB)
...
006 (124037.000.000) 06/08 11:59:09 Image size of job updated: 791452
	67  -  MemoryUsage of job (MB)
	67772  -  ResidentSetSize of job (KB)
...
040 (124037.000.000) 06/08 12:31:10 Started transferring output files
	Seconds spent in queue: 4059
...
040 (124037.000.000) 06/08 12:31:10 Finished transferring output files
...
005 (124037.000.000) 06/08 12:31:10 Job terminated.
	(1) Normal termination (return value 0)
		Usr 0 00:01:11, Sys 0 00:00:14  -  Run Remote Usage
		Usr 0 00:00:00, Sys 0 00:00:00  -  Run Local Usage
		Usr 0 00:01:11, Sys 0 00:00:14  -  Total Remote Usage
		Usr 0 00:00:00, Sys 0 00:00:00  -  Total Local Usage
	48945  -  Run Bytes Sent By Job
	19195  -  Run Bytes Received By Job
	48945  -  Total Bytes Sent By Job
	19195  -  Total Bytes Received By Job
	Partitionable Resources :      Usage  Request Allocated 
	   Cpus                 :       1.00        1         1 
	   Disk (KB)            : 2758777          20    209896 
	   Memory (MB)          :      67        2000      2000 

	Job terminated of its own accord at 2021-06-08T10:31:10Z.
...
