000 (147928.000.000) 06/16 08:38:17 Job submitted from host: <188.185.121.235:9618?addrs=188.185.121.235-9618+[2001-1458-d00-49--100-36e]-9618&alias=bigbird22.cern.ch&noUDP&sock=schedd_38044_991d>
...
040 (147928.000.000) 06/16 08:58:18 Started transferring input files
	Transferring to host: <188.184.204.245:9618?addrs=188.184.204.245-9618+[2001-1458-301-7d--100-671]-9618&alias=b7g27n7162.cern.ch&noUDP&sock=slot1_7_28957_9373_92492>
...
040 (147928.000.000) 06/16 08:58:18 Finished transferring input files
...
001 (147928.000.000) 06/16 08:58:18 Job executing on host: <188.184.204.245:9618?addrs=188.184.204.245-9618+[2001-1458-301-7d--100-671]-9618&alias=b7g27n7162.cern.ch&noUDP&sock=startd_2241_b7d3>
...
006 (147928.000.000) 06/16 08:58:27 Image size of job updated: 625444
	14  -  MemoryUsage of job (MB)
	14176  -  ResidentSetSize of job (KB)
...
006 (147928.000.000) 06/16 09:03:28 Image size of job updated: 791456
	67  -  MemoryUsage of job (MB)
	67760  -  ResidentSetSize of job (KB)
...
006 (147928.000.000) 06/16 10:03:35 Image size of job updated: 791456
	119  -  MemoryUsage of job (MB)
	120960  -  ResidentSetSize of job (KB)
...
040 (147928.000.000) 06/16 10:04:17 Started transferring output files
...
040 (147928.000.000) 06/16 10:04:17 Finished transferring output files
...
005 (147928.000.000) 06/16 10:04:17 Job terminated.
	(1) Normal termination (return value 0)
		Usr 0 00:01:30, Sys 0 00:00:25  -  Run Remote Usage
		Usr 0 00:00:00, Sys 0 00:00:00  -  Run Local Usage
		Usr 0 00:01:30, Sys 0 00:00:25  -  Total Remote Usage
		Usr 0 00:00:00, Sys 0 00:00:00  -  Total Local Usage
	54042  -  Run Bytes Sent By Job
	19195  -  Run Bytes Received By Job
	54042  -  Total Bytes Sent By Job
	19195  -  Total Bytes Received By Job
	Partitionable Resources :      Usage  Request Allocated 
	   Cpus                 :       0.01        1         1 
	   Disk (KB)            : 3072294          20    208470 
	   Memory (MB)          :     119        2000      2000 

	Job terminated of its own accord at 2021-06-16T08:04:17Z.
...
