000 (148295.000.000) 06/16 08:46:36 Job submitted from host: <188.185.121.235:9618?addrs=188.185.121.235-9618+[2001-1458-d00-49--100-36e]-9618&alias=bigbird22.cern.ch&noUDP&sock=schedd_38044_991d>
...
040 (148295.000.000) 06/16 09:05:53 Started transferring input files
	Transferring to host: <128.142.72.220:9618?addrs=128.142.72.220-9618+[2001-1458-301-75--100-2ec]-9618&alias=b7s11n1552.cern.ch&noUDP&sock=slot1_4_4950_7902_42615>
...
040 (148295.000.000) 06/16 09:05:53 Finished transferring input files
...
001 (148295.000.000) 06/16 09:05:53 Job executing on host: <128.142.72.220:9618?addrs=128.142.72.220-9618+[2001-1458-301-75--100-2ec]-9618&alias=b7s11n1552.cern.ch&noUDP&sock=startd_3891_7b18>
...
006 (148295.000.000) 06/16 09:06:02 Image size of job updated: 625444
	8  -  MemoryUsage of job (MB)
	7544  -  ResidentSetSize of job (KB)
...
006 (148295.000.000) 06/16 09:11:03 Image size of job updated: 791456
	42  -  MemoryUsage of job (MB)
	42504  -  ResidentSetSize of job (KB)
...
006 (148295.000.000) 06/16 09:16:03 Image size of job updated: 791456
	67  -  MemoryUsage of job (MB)
	67772  -  ResidentSetSize of job (KB)
...
040 (148295.000.000) 06/16 11:49:01 Started transferring output files
...
040 (148295.000.000) 06/16 11:49:01 Finished transferring output files
...
005 (148295.000.000) 06/16 11:49:01 Job terminated.
	(1) Normal termination (return value 0)
		Usr 0 00:00:50, Sys 0 00:00:15  -  Run Remote Usage
		Usr 0 00:00:00, Sys 0 00:00:00  -  Run Local Usage
		Usr 0 00:00:50, Sys 0 00:00:15  -  Total Remote Usage
		Usr 0 00:00:00, Sys 0 00:00:00  -  Total Local Usage
	46769  -  Run Bytes Sent By Job
	19195  -  Run Bytes Received By Job
	46769  -  Total Bytes Sent By Job
	19195  -  Total Bytes Received By Job
	Partitionable Resources :      Usage  Request Allocated 
	   Cpus                 :       0.00        1         1 
	   Disk (KB)            : 2368033          20    272420 
	   Memory (MB)          :      67        2000      2000 

	Job terminated of its own accord at 2021-06-16T09:49:01Z.
...
