000 (116866.000.000) 06/04 09:08:27 Job submitted from host: <188.185.121.235:9618?addrs=188.185.121.235-9618+[2001-1458-d00-49--100-36e]-9618&alias=bigbird22.cern.ch&noUDP&sock=schedd_38044_991d>
...
040 (116866.000.000) 06/04 09:41:39 Started transferring input files
	Transferring to host: <188.184.138.86:9618?addrs=188.184.138.86-9618+[2001-1458-301-45--100-54]-9618&alias=b7g42n0197.cern.ch&noUDP&sock=slot1_3_3821_fd74_42930>
...
040 (116866.000.000) 06/04 09:41:39 Finished transferring input files
...
001 (116866.000.000) 06/04 09:41:39 Job executing on host: <188.184.138.86:9618?addrs=188.184.138.86-9618+[2001-1458-301-45--100-54]-9618&alias=b7g42n0197.cern.ch&noUDP&sock=startd_3234_d55f>
...
006 (116866.000.000) 06/04 09:41:48 Image size of job updated: 526484
	3  -  MemoryUsage of job (MB)
	2220  -  ResidentSetSize of job (KB)
...
006 (116866.000.000) 06/04 09:46:48 Image size of job updated: 790824
	37  -  MemoryUsage of job (MB)
	37744  -  ResidentSetSize of job (KB)
...
006 (116866.000.000) 06/04 09:51:48 Image size of job updated: 790824
	60  -  MemoryUsage of job (MB)
	60880  -  ResidentSetSize of job (KB)
...
006 (116866.000.000) 06/04 09:56:49 Image size of job updated: 790824
	66  -  MemoryUsage of job (MB)
	67492  -  ResidentSetSize of job (KB)
...
040 (116866.000.000) 06/04 13:54:53 Started transferring output files
...
040 (116866.000.000) 06/04 13:54:53 Finished transferring output files
...
005 (116866.000.000) 06/04 13:54:53 Job terminated.
	(1) Normal termination (return value 0)
		Usr 0 00:01:26, Sys 0 00:00:20  -  Run Remote Usage
		Usr 0 00:00:00, Sys 0 00:00:00  -  Run Local Usage
		Usr 0 00:01:26, Sys 0 00:00:20  -  Total Remote Usage
		Usr 0 00:00:00, Sys 0 00:00:00  -  Total Local Usage
	49745  -  Run Bytes Sent By Job
	19195  -  Run Bytes Received By Job
	49745  -  Total Bytes Sent By Job
	19195  -  Total Bytes Received By Job
	Partitionable Resources :      Usage  Request Allocated 
	   Cpus                 :       0.00        1         1 
	   Disk (KB)            : 2758757          20    305226 
	   Memory (MB)          :      66        2000      2000 

	Job terminated of its own accord at 2021-06-04T11:54:53Z.
...
000 (124021.000.000) 06/08 10:52:07 Job submitted from host: <188.185.121.235:9618?addrs=188.185.121.235-9618+[2001-1458-d00-49--100-36e]-9618&alias=bigbird22.cern.ch&noUDP&sock=schedd_38044_991d>
...
040 (124021.000.000) 06/08 11:23:22 Entered queue to transfer input files
	Transferring to host: <188.184.211.200:9618?addrs=188.184.211.200-9618&alias=b7g23n8961.cern.ch&noUDP&sock=slot1_11_2704_f667_43703>
...
040 (124021.000.000) 06/08 11:53:59 Started transferring input files
	Seconds spent in queue: 1837
...
040 (124021.000.000) 06/08 11:53:59 Finished transferring input files
...
001 (124021.000.000) 06/08 11:53:59 Job executing on host: <188.184.211.200:9618?addrs=188.184.211.200-9618&alias=b7g23n8961.cern.ch&noUDP&sock=startd_2285_e5fe>
...
006 (124021.000.000) 06/08 11:54:08 Image size of job updated: 321800
	2  -  MemoryUsage of job (MB)
	1732  -  ResidentSetSize of job (KB)
...
006 (124021.000.000) 06/08 11:59:09 Image size of job updated: 791456
	38  -  MemoryUsage of job (MB)
	37900  -  ResidentSetSize of job (KB)
...
006 (124021.000.000) 06/08 12:04:09 Image size of job updated: 791456
	55  -  MemoryUsage of job (MB)
	55536  -  ResidentSetSize of job (KB)
...
006 (124021.000.000) 06/08 12:09:09 Image size of job updated: 791456
	67  -  MemoryUsage of job (MB)
	67764  -  ResidentSetSize of job (KB)
...
006 (124021.000.000) 06/08 15:44:29 Image size of job updated: 791456
	91  -  MemoryUsage of job (MB)
	92428  -  ResidentSetSize of job (KB)
...
040 (124021.000.000) 06/08 15:45:35 Started transferring output files
	Seconds spent in queue: 15733
...
040 (124021.000.000) 06/08 15:45:35 Finished transferring output files
...
005 (124021.000.000) 06/08 15:45:35 Job terminated.
	(1) Normal termination (return value 0)
		Usr 0 00:01:35, Sys 0 00:00:18  -  Run Remote Usage
		Usr 0 00:00:00, Sys 0 00:00:00  -  Run Local Usage
		Usr 0 00:01:35, Sys 0 00:00:18  -  Total Remote Usage
		Usr 0 00:00:00, Sys 0 00:00:00  -  Total Local Usage
	49739  -  Run Bytes Sent By Job
	19195  -  Run Bytes Received By Job
	49739  -  Total Bytes Sent By Job
	19195  -  Total Bytes Received By Job
	Partitionable Resources :      Usage  Request Allocated 
	   Cpus                 :       0.00        1         1 
	   Disk (KB)            : 2758756          20    359741 
	   Memory (MB)          :      91        2000      2000 

	Job terminated of its own accord at 2021-06-08T13:45:35Z.
...
