000 (116837.000.000) 06/04 09:08:07 Job submitted from host: <188.185.121.235:9618?addrs=188.185.121.235-9618+[2001-1458-d00-49--100-36e]-9618&alias=bigbird22.cern.ch&noUDP&sock=schedd_38044_991d>
...
040 (116837.000.000) 06/04 09:41:29 Started transferring input files
	Transferring to host: <188.184.196.148:9618?addrs=188.184.196.148-9618+[2001-1458-301-102--100-95]-9618&alias=b7g24n0272.cern.ch&noUDP&sock=slot1_10_3533_1169_41142>
...
001 (116837.000.000) 06/04 09:41:29 Job executing on host: <188.184.196.148:9618?addrs=188.184.196.148-9618+[2001-1458-301-102--100-95]-9618&alias=b7g24n0272.cern.ch&noUDP&sock=startd_2896_fe5c>
...
040 (116837.000.000) 06/04 09:41:29 Finished transferring input files
...
006 (116837.000.000) 06/04 09:41:38 Image size of job updated: 19236
	17  -  MemoryUsage of job (MB)
	17276  -  ResidentSetSize of job (KB)
...
006 (116837.000.000) 06/04 09:46:38 Image size of job updated: 790796
	66  -  MemoryUsage of job (MB)
	67496  -  ResidentSetSize of job (KB)
...
040 (116837.000.000) 06/04 09:49:38 Started transferring output files
...
040 (116837.000.000) 06/04 09:49:38 Finished transferring output files
...
005 (116837.000.000) 06/04 09:49:38 Job terminated.
	(1) Normal termination (return value 0)
		Usr 0 00:01:31, Sys 0 00:00:12  -  Run Remote Usage
		Usr 0 00:00:00, Sys 0 00:00:00  -  Run Local Usage
		Usr 0 00:01:31, Sys 0 00:00:12  -  Total Remote Usage
		Usr 0 00:00:00, Sys 0 00:00:00  -  Total Local Usage
	49861  -  Run Bytes Sent By Job
	19195  -  Run Bytes Received By Job
	49861  -  Total Bytes Sent By Job
	19195  -  Total Bytes Received By Job
	Partitionable Resources :      Usage  Request Allocated 
	   Cpus                 :       0.03        1         1 
	   Disk (KB)            : 2758752          20    299995 
	   Memory (MB)          :      66        2000      2000 

	Job terminated of its own accord at 2021-06-04T07:49:38Z.
...
000 (123991.000.000) 06/08 10:51:46 Job submitted from host: <188.185.121.235:9618?addrs=188.185.121.235-9618+[2001-1458-d00-49--100-36e]-9618&alias=bigbird22.cern.ch&noUDP&sock=schedd_38044_991d>
...
040 (123991.000.000) 06/08 11:23:00 Entered queue to transfer input files
	Transferring to host: <188.184.212.141:9618?addrs=188.184.212.141-9618+[2001-1458-301-10c--100-69]-9618&alias=b7g24n0221.cern.ch&noUDP&sock=slot1_11_4387_c9cb_33050>
...
040 (123991.000.000) 06/08 11:53:59 Started transferring input files
	Seconds spent in queue: 1859
...
040 (123991.000.000) 06/08 11:53:59 Finished transferring input files
...
001 (123991.000.000) 06/08 11:53:59 Job executing on host: <188.184.212.141:9618?addrs=188.184.212.141-9618+[2001-1458-301-10c--100-69]-9618&alias=b7g24n0221.cern.ch&noUDP&sock=startd_3689_ecf6>
...
006 (123991.000.000) 06/08 11:54:08 Image size of job updated: 396052
	3  -  MemoryUsage of job (MB)
	2092  -  ResidentSetSize of job (KB)
...
006 (123991.000.000) 06/08 11:59:09 Image size of job updated: 791440
	67  -  MemoryUsage of job (MB)
	67768  -  ResidentSetSize of job (KB)
...
040 (123991.000.000) 06/08 12:02:36 Started transferring output files
	Seconds spent in queue: 2376
...
040 (123991.000.000) 06/08 12:02:36 Finished transferring output files
...
005 (123991.000.000) 06/08 12:02:36 Job terminated.
	(1) Normal termination (return value 0)
		Usr 0 00:01:24, Sys 0 00:00:15  -  Run Remote Usage
		Usr 0 00:00:00, Sys 0 00:00:00  -  Run Local Usage
		Usr 0 00:01:24, Sys 0 00:00:15  -  Total Remote Usage
		Usr 0 00:00:00, Sys 0 00:00:00  -  Total Local Usage
	49803  -  Run Bytes Sent By Job
	19195  -  Run Bytes Received By Job
	49803  -  Total Bytes Sent By Job
	19195  -  Total Bytes Received By Job
	Partitionable Resources :      Usage  Request Allocated 
	   Cpus                 :       0.03        1         1 
	   Disk (KB)            : 2758751          20    292545 
	   Memory (MB)          :      67        2000      2000 

	Job terminated of its own accord at 2021-06-08T10:02:36Z.
...
