000 (148097.000.000) 06/16 08:41:58 Job submitted from host: <188.185.121.235:9618?addrs=188.185.121.235-9618+[2001-1458-d00-49--100-36e]-9618&alias=bigbird22.cern.ch&noUDP&sock=schedd_38044_991d>
...
040 (148097.000.000) 06/16 09:00:50 Started transferring input files
	Transferring to host: <128.142.82.169:9618?addrs=128.142.82.169-9618&alias=b7s13n3089.cern.ch&noUDP&sock=slot1_5_5521_cb3a_50073>
...
001 (148097.000.000) 06/16 09:00:52 Job executing on host: <128.142.82.169:9618?addrs=128.142.82.169-9618&alias=b7s13n3089.cern.ch&noUDP&sock=startd_4439_5cfe>
...
040 (148097.000.000) 06/16 09:00:52 Finished transferring input files
...
006 (148097.000.000) 06/16 09:01:00 Image size of job updated: 766796
	20  -  MemoryUsage of job (MB)
	20464  -  ResidentSetSize of job (KB)
...
006 (148097.000.000) 06/16 09:06:00 Image size of job updated: 791448
	67  -  MemoryUsage of job (MB)
	67768  -  ResidentSetSize of job (KB)
...
040 (148097.000.000) 06/16 09:39:26 Started transferring output files
...
040 (148097.000.000) 06/16 09:39:26 Finished transferring output files
...
005 (148097.000.000) 06/16 09:39:26 Job terminated.
	(1) Normal termination (return value 0)
		Usr 0 00:01:17, Sys 0 00:00:19  -  Run Remote Usage
		Usr 0 00:00:00, Sys 0 00:00:00  -  Run Local Usage
		Usr 0 00:01:17, Sys 0 00:00:19  -  Total Remote Usage
		Usr 0 00:00:00, Sys 0 00:00:00  -  Total Local Usage
	54507  -  Run Bytes Sent By Job
	19195  -  Run Bytes Received By Job
	54507  -  Total Bytes Sent By Job
	19195  -  Total Bytes Received By Job
	Partitionable Resources :      Usage  Request Allocated 
	   Cpus                 :       0.01        1         1 
	   Disk (KB)            : 3068095          20    291789 
	   Memory (MB)          :      67        2000      2000 

	Job terminated of its own accord at 2021-06-16T07:39:26Z.
...
