000 (146897.000.000) 06/16 08:17:07 Job submitted from host: <188.185.121.235:9618?addrs=188.185.121.235-9618+[2001-1458-d00-49--100-36e]-9618&alias=bigbird22.cern.ch&noUDP&sock=schedd_38044_991d>
...
040 (146897.000.000) 06/16 08:43:16 Started transferring input files
	Transferring to host: <128.142.87.10:9618?addrs=128.142.87.10-9618+[2001-1458-301-f6--100-283]-9618&alias=b7s14n1449.cern.ch&noUDP&sock=slot1_12_2553_91c1_4285>
...
001 (146897.000.000) 06/16 08:43:16 Job executing on host: <128.142.87.10:9618?addrs=128.142.87.10-9618+[2001-1458-301-f6--100-283]-9618&alias=b7s14n1449.cern.ch&noUDP&sock=startd_2329_1429>
...
040 (146897.000.000) 06/16 08:43:16 Finished transferring input files
...
006 (146897.000.000) 06/16 08:43:25 Image size of job updated: 791424
	65  -  MemoryUsage of job (MB)
	65972  -  ResidentSetSize of job (KB)
...
006 (146897.000.000) 06/16 08:43:48 Image size of job updated: 791424
	65  -  MemoryUsage of job (MB)
	66036  -  ResidentSetSize of job (KB)
...
040 (146897.000.000) 06/16 08:43:48 Started transferring output files
...
040 (146897.000.000) 06/16 08:43:48 Finished transferring output files
...
005 (146897.000.000) 06/16 08:43:48 Job terminated.
	(1) Normal termination (return value 0)
		Usr 0 00:00:06, Sys 0 00:00:02  -  Run Remote Usage
		Usr 0 00:00:00, Sys 0 00:00:00  -  Run Local Usage
		Usr 0 00:00:06, Sys 0 00:00:02  -  Total Remote Usage
		Usr 0 00:00:00, Sys 0 00:00:00  -  Total Local Usage
	17296  -  Run Bytes Sent By Job
	19195  -  Run Bytes Received By Job
	17296  -  Total Bytes Sent By Job
	19195  -  Total Bytes Received By Job
	Partitionable Resources :    Usage  Request Allocated 
	   Cpus                 :                 1         1 
	   Disk (KB)            :   466068       20    285789 
	   Memory (MB)          :       65     2000      2000 

	Job terminated of its own accord at 2021-06-16T06:43:48Z.
...
