000 (148440.000.000) 06/16 08:48:47 Job submitted from host: <188.185.121.235:9618?addrs=188.185.121.235-9618+[2001-1458-d00-49--100-36e]-9618&alias=bigbird22.cern.ch&noUDP&sock=schedd_38044_991d>
...
040 (148440.000.000) 06/16 09:29:34 Started transferring input files
	Transferring to host: <188.184.204.214:9618?addrs=188.184.204.214-9618+[2001-1458-301-7d--100-bd]-9618&alias=b7g27n0312.cern.ch&noUDP&sock=slot1_7_4286_9fe7_43605>
...
040 (148440.000.000) 06/16 09:29:34 Finished transferring input files
...
001 (148440.000.000) 06/16 09:29:34 Job executing on host: <188.184.204.214:9618?addrs=188.184.204.214-9618+[2001-1458-301-7d--100-bd]-9618&alias=b7g27n0312.cern.ch&noUDP&sock=startd_3666_2649>
...
006 (148440.000.000) 06/16 09:29:42 Image size of job updated: 5452
	6  -  MemoryUsage of job (MB)
	5452  -  ResidentSetSize of job (KB)
...
006 (148440.000.000) 06/16 09:34:42 Image size of job updated: 791456
	67  -  MemoryUsage of job (MB)
	67776  -  ResidentSetSize of job (KB)
...
006 (148440.000.000) 06/16 10:34:49 Image size of job updated: 791456
	89  -  MemoryUsage of job (MB)
	90152  -  ResidentSetSize of job (KB)
...
040 (148440.000.000) 06/16 10:35:27 Started transferring output files
...
040 (148440.000.000) 06/16 10:35:27 Finished transferring output files
...
005 (148440.000.000) 06/16 10:35:27 Job terminated.
	(1) Normal termination (return value 0)
		Usr 0 00:01:01, Sys 0 00:00:13  -  Run Remote Usage
		Usr 0 00:00:00, Sys 0 00:00:00  -  Run Local Usage
		Usr 0 00:01:01, Sys 0 00:00:13  -  Total Remote Usage
		Usr 0 00:00:00, Sys 0 00:00:00  -  Total Local Usage
	46183  -  Run Bytes Sent By Job
	19195  -  Run Bytes Received By Job
	46183  -  Total Bytes Sent By Job
	19195  -  Total Bytes Received By Job
	Partitionable Resources :      Usage  Request Allocated 
	   Cpus                 :       0.03        1         1 
	   Disk (KB)            : 2367980          20    212973 
	   Memory (MB)          :      89        2000      2000 

	Job terminated of its own accord at 2021-06-16T08:35:26Z.
...
