000 (116843.000.000) 06/04 09:08:13 Job submitted from host: <188.185.121.235:9618?addrs=188.185.121.235-9618+[2001-1458-d00-49--100-36e]-9618&alias=bigbird22.cern.ch&noUDP&sock=schedd_38044_991d>
...
040 (116843.000.000) 06/04 09:41:31 Started transferring input files
	Transferring to host: <188.184.212.81:9618?addrs=188.184.212.81-9618+[2001-1458-301-10c--100-51]-9618&alias=b7g24n0163.cern.ch&noUDP&sock=slot1_9_24696_50e5_88458>
...
001 (116843.000.000) 06/04 09:41:32 Job executing on host: <188.184.212.81:9618?addrs=188.184.212.81-9618+[2001-1458-301-10c--100-51]-9618&alias=b7g24n0163.cern.ch&noUDP&sock=startd_1948_be94>
...
040 (116843.000.000) 06/04 09:41:32 Finished transferring input files
...
006 (116843.000.000) 06/04 09:41:40 Image size of job updated: 624804
	39  -  MemoryUsage of job (MB)
	39236  -  ResidentSetSize of job (KB)
...
006 (116843.000.000) 06/04 09:46:40 Image size of job updated: 790796
	66  -  MemoryUsage of job (MB)
	67080  -  ResidentSetSize of job (KB)
...
040 (116843.000.000) 06/04 09:49:25 Started transferring output files
...
040 (116843.000.000) 06/04 09:49:26 Finished transferring output files
...
005 (116843.000.000) 06/04 09:49:26 Job terminated.
	(1) Normal termination (return value 0)
		Usr 0 00:01:25, Sys 0 00:00:15  -  Run Remote Usage
		Usr 0 00:00:00, Sys 0 00:00:00  -  Run Local Usage
		Usr 0 00:01:25, Sys 0 00:00:15  -  Total Remote Usage
		Usr 0 00:00:00, Sys 0 00:00:00  -  Total Local Usage
	48135  -  Run Bytes Sent By Job
	19195  -  Run Bytes Received By Job
	48135  -  Total Bytes Sent By Job
	19195  -  Total Bytes Received By Job
	Partitionable Resources :      Usage  Request Allocated 
	   Cpus                 :       0.04        1         1 
	   Disk (KB)            : 2758750          20    184614 
	   Memory (MB)          :      66        2000      2000 

	Job terminated of its own accord at 2021-06-04T07:49:25Z.
...
000 (123997.000.000) 06/08 10:51:51 Job submitted from host: <188.185.121.235:9618?addrs=188.185.121.235-9618+[2001-1458-d00-49--100-36e]-9618&alias=bigbird22.cern.ch&noUDP&sock=schedd_38044_991d>
...
040 (123997.000.000) 06/08 11:23:04 Entered queue to transfer input files
	Transferring to host: <188.184.138.233:9618?addrs=188.184.138.233-9618+[2001-1458-301-45--100-ed]-9618&alias=b7g42n0482.cern.ch&noUDP&sock=slot1_12_4299_c8c8_45396>
...
040 (123997.000.000) 06/08 11:53:59 Started transferring input files
	Seconds spent in queue: 1855
...
001 (123997.000.000) 06/08 11:53:59 Job executing on host: <188.184.138.233:9618?addrs=188.184.138.233-9618+[2001-1458-301-45--100-ed]-9618&alias=b7g42n0482.cern.ch&noUDP&sock=startd_3623_a7b6>
...
040 (123997.000.000) 06/08 11:53:59 Finished transferring input files
...
006 (123997.000.000) 06/08 11:54:08 Image size of job updated: 2100
	3  -  MemoryUsage of job (MB)
	2100  -  ResidentSetSize of job (KB)
...
006 (123997.000.000) 06/08 11:59:09 Image size of job updated: 791440
	67  -  MemoryUsage of job (MB)
	67776  -  ResidentSetSize of job (KB)
...
040 (123997.000.000) 06/08 12:02:01 Started transferring output files
	Seconds spent in queue: 2337
...
040 (123997.000.000) 06/08 12:02:02 Finished transferring output files
...
005 (123997.000.000) 06/08 12:02:02 Job terminated.
	(1) Normal termination (return value 0)
		Usr 0 00:01:17, Sys 0 00:00:13  -  Run Remote Usage
		Usr 0 00:00:00, Sys 0 00:00:00  -  Run Local Usage
		Usr 0 00:01:17, Sys 0 00:00:13  -  Total Remote Usage
		Usr 0 00:00:00, Sys 0 00:00:00  -  Total Local Usage
	48242  -  Run Bytes Sent By Job
	19195  -  Run Bytes Received By Job
	48242  -  Total Bytes Sent By Job
	19195  -  Total Bytes Received By Job
	Partitionable Resources :      Usage  Request Allocated 
	   Cpus                 :       0.04        1         1 
	   Disk (KB)            : 2758750          20    262450 
	   Memory (MB)          :      67        2000      2000 

	Job terminated of its own accord at 2021-06-08T10:02:01Z.
...
