000 (147041.000.000) 06/16 08:19:44 Job submitted from host: <188.185.121.235:9618?addrs=188.185.121.235-9618+[2001-1458-d00-49--100-36e]-9618&alias=bigbird22.cern.ch&noUDP&sock=schedd_38044_991d>
...
040 (147041.000.000) 06/16 08:46:26 Started transferring input files
	Transferring to host: <128.142.86.237:9618?addrs=128.142.86.237-9618+[2001-1458-301-f6--100-4]-9618&alias=b7s14n1875.cern.ch&noUDP&sock=slot1_3_12137_5d47_91952>
...
001 (147041.000.000) 06/16 08:46:26 Job executing on host: <128.142.86.237:9618?addrs=128.142.86.237-9618+[2001-1458-301-f6--100-4]-9618&alias=b7s14n1875.cern.ch&noUDP&sock=startd_16361_dd16>
...
040 (147041.000.000) 06/16 08:46:26 Finished transferring input files
...
006 (147041.000.000) 06/16 08:46:35 Image size of job updated: 791428
	45  -  MemoryUsage of job (MB)
	45892  -  ResidentSetSize of job (KB)
...
006 (147041.000.000) 06/16 08:47:17 Image size of job updated: 791428
	45  -  MemoryUsage of job (MB)
	46000  -  ResidentSetSize of job (KB)
...
040 (147041.000.000) 06/16 08:47:18 Started transferring output files
...
040 (147041.000.000) 06/16 08:47:18 Finished transferring output files
...
005 (147041.000.000) 06/16 08:47:18 Job terminated.
	(1) Normal termination (return value 0)
		Usr 0 00:00:07, Sys 0 00:00:02  -  Run Remote Usage
		Usr 0 00:00:00, Sys 0 00:00:00  -  Run Local Usage
		Usr 0 00:00:07, Sys 0 00:00:02  -  Total Remote Usage
		Usr 0 00:00:00, Sys 0 00:00:00  -  Total Local Usage
	20053  -  Run Bytes Sent By Job
	19195  -  Run Bytes Received By Job
	20053  -  Total Bytes Sent By Job
	19195  -  Total Bytes Received By Job
	Partitionable Resources :    Usage  Request Allocated 
	   Cpus                 :                 1         1 
	   Disk (KB)            :   466056       20    287884 
	   Memory (MB)          :       45     2000      2000 

	Job terminated of its own accord at 2021-06-16T06:47:17Z.
...
