000 (117034.000.000) 06/04 09:10:15 Job submitted from host: <188.185.121.235:9618?addrs=188.185.121.235-9618+[2001-1458-d00-49--100-36e]-9618&alias=bigbird22.cern.ch&noUDP&sock=schedd_38044_991d>
...
040 (117034.000.000) 06/04 09:54:25 Started transferring input files
	Transferring to host: <188.184.197.173:9618?addrs=188.184.197.173-9618+[2001-1458-301-103--100-110]-9618&alias=b7g23n1445.cern.ch&noUDP&sock=slot1_12_4902_a700_35085>
...
001 (117034.000.000) 06/04 09:54:25 Job executing on host: <188.184.197.173:9618?addrs=188.184.197.173-9618+[2001-1458-301-103--100-110]-9618&alias=b7g23n1445.cern.ch&noUDP&sock=startd_3875_8194>
...
040 (117034.000.000) 06/04 09:54:25 Finished transferring input files
...
006 (117034.000.000) 06/04 09:54:34 Image size of job updated: 624804
	37  -  MemoryUsage of job (MB)
	37124  -  ResidentSetSize of job (KB)
...
006 (117034.000.000) 06/04 09:59:35 Image size of job updated: 790796
	66  -  MemoryUsage of job (MB)
	67488  -  ResidentSetSize of job (KB)
...
040 (117034.000.000) 06/04 10:02:02 Started transferring output files
...
040 (117034.000.000) 06/04 10:02:02 Finished transferring output files
...
005 (117034.000.000) 06/04 10:02:03 Job terminated.
	(1) Normal termination (return value 0)
		Usr 0 00:01:42, Sys 0 00:00:13  -  Run Remote Usage
		Usr 0 00:00:00, Sys 0 00:00:00  -  Run Local Usage
		Usr 0 00:01:42, Sys 0 00:00:13  -  Total Remote Usage
		Usr 0 00:00:00, Sys 0 00:00:00  -  Total Local Usage
	47929  -  Run Bytes Sent By Job
	19195  -  Run Bytes Received By Job
	47929  -  Total Bytes Sent By Job
	19195  -  Total Bytes Received By Job
	Partitionable Resources :      Usage  Request Allocated 
	   Cpus                 :       0.96        1         1 
	   Disk (KB)            : 2758768          20    344691 
	   Memory (MB)          :      66        2000      2000 

	Job terminated of its own accord at 2021-06-04T08:02:02Z.
...
000 (124208.000.000) 06/08 10:55:05 Job submitted from host: <188.185.121.235:9618?addrs=188.185.121.235-9618+[2001-1458-d00-49--100-36e]-9618&alias=bigbird22.cern.ch&noUDP&sock=schedd_38044_991d>
...
040 (124208.000.000) 06/08 11:55:30 Started transferring input files
	Transferring to host: <188.184.186.181:9618?addrs=188.184.186.181-9618+[2001-1458-301-f8--100-392]-9618&alias=b7g28n2475.cern.ch&noUDP&sock=slot1_6_4597_c094_89815>
...
001 (124208.000.000) 06/08 11:55:30 Job executing on host: <188.184.186.181:9618?addrs=188.184.186.181-9618+[2001-1458-301-f8--100-392]-9618&alias=b7g28n2475.cern.ch&noUDP&sock=startd_15667_d65c>
...
040 (124208.000.000) 06/08 11:55:30 Finished transferring input files
...
006 (124208.000.000) 06/08 11:55:38 Image size of job updated: 625444
	19  -  MemoryUsage of job (MB)
	19376  -  ResidentSetSize of job (KB)
...
006 (124208.000.000) 06/08 12:00:38 Image size of job updated: 791456
	67  -  MemoryUsage of job (MB)
	67760  -  ResidentSetSize of job (KB)
...
006 (124208.000.000) 06/08 12:35:42 Image size of job updated: 791456
	91  -  MemoryUsage of job (MB)
	92956  -  ResidentSetSize of job (KB)
...
040 (124208.000.000) 06/08 12:36:07 Started transferring output files
...
040 (124208.000.000) 06/08 12:36:07 Finished transferring output files
...
005 (124208.000.000) 06/08 12:36:07 Job terminated.
	(1) Normal termination (return value 0)
		Usr 0 00:01:32, Sys 0 00:00:19  -  Run Remote Usage
		Usr 0 00:00:00, Sys 0 00:00:00  -  Run Local Usage
		Usr 0 00:01:32, Sys 0 00:00:19  -  Total Remote Usage
		Usr 0 00:00:00, Sys 0 00:00:00  -  Total Local Usage
	51008  -  Run Bytes Sent By Job
	19195  -  Run Bytes Received By Job
	51008  -  Total Bytes Sent By Job
	19195  -  Total Bytes Received By Job
	Partitionable Resources :      Usage  Request Allocated 
	   Cpus                 :       0.01        1         1 
	   Disk (KB)            : 2758770          20    215193 
	   Memory (MB)          :      91        2000      2000 

	Job terminated of its own accord at 2021-06-08T10:36:07Z.
...
