000 (116017.000.000) 06/04 08:57:06 Job submitted from host: <188.185.121.235:9618?addrs=188.185.121.235-9618+[2001-1458-d00-49--100-36e]-9618&alias=bigbird22.cern.ch&noUDP&sock=schedd_38044_991d>
...
040 (116017.000.000) 06/04 09:00:58 Started transferring input files
	Transferring to host: <128.142.73.116:9618?addrs=128.142.73.116-9618+[2001-1458-301-75--100-1ef]-9618&alias=b7s11n6047.cern.ch&noUDP&sock=slot1_11_10240_c199_87451>
...
040 (116017.000.000) 06/04 09:00:58 Finished transferring input files
...
001 (116017.000.000) 06/04 09:00:58 Job executing on host: <128.142.73.116:9618?addrs=128.142.73.116-9618+[2001-1458-301-75--100-1ef]-9618&alias=b7s11n6047.cern.ch&noUDP&sock=startd_16731_a721>
...
006 (116017.000.000) 06/04 09:01:07 Image size of job updated: 766156
	37  -  MemoryUsage of job (MB)
	37488  -  ResidentSetSize of job (KB)
...
006 (116017.000.000) 06/04 09:06:08 Image size of job updated: 790796
	66  -  MemoryUsage of job (MB)
	67508  -  ResidentSetSize of job (KB)
...
040 (116017.000.000) 06/04 09:10:00 Started transferring output files
...
040 (116017.000.000) 06/04 09:10:00 Finished transferring output files
...
005 (116017.000.000) 06/04 09:10:00 Job terminated.
	(1) Normal termination (return value 0)
		Usr 0 00:01:28, Sys 0 00:00:27  -  Run Remote Usage
		Usr 0 00:00:00, Sys 0 00:00:00  -  Run Local Usage
		Usr 0 00:01:28, Sys 0 00:00:27  -  Total Remote Usage
		Usr 0 00:00:00, Sys 0 00:00:00  -  Total Local Usage
	54805  -  Run Bytes Sent By Job
	19195  -  Run Bytes Received By Job
	54805  -  Total Bytes Sent By Job
	19195  -  Total Bytes Received By Job
	Partitionable Resources :      Usage  Request Allocated 
	   Cpus                 :       0.04        1         1 
	   Disk (KB)            : 3710202          20    280167 
	   Memory (MB)          :      66        2000      2000 

	Job terminated of its own accord at 2021-06-04T07:10:00Z.
...
000 (123154.000.000) 06/08 10:38:49 Job submitted from host: <188.185.121.235:9618?addrs=188.185.121.235-9618+[2001-1458-d00-49--100-36e]-9618&alias=bigbird22.cern.ch&noUDP&sock=schedd_38044_991d>
...
040 (123154.000.000) 06/08 11:06:05 Started transferring input files
	Transferring to host: <128.142.82.5:9618?addrs=128.142.82.5-9618+[2001-1458-301-f5--100-6ce]-9618&alias=b7s13n0982.cern.ch&noUDP&sock=slot1_11_4835_71de_85832>
...
040 (123154.000.000) 06/08 11:06:05 Finished transferring input files
...
001 (123154.000.000) 06/08 11:06:05 Job executing on host: <128.142.82.5:9618?addrs=128.142.82.5-9618+[2001-1458-301-f5--100-6ce]-9618&alias=b7s13n0982.cern.ch&noUDP&sock=startd_16646_5994>
...
006 (123154.000.000) 06/08 11:06:14 Image size of job updated: 396052
	38  -  MemoryUsage of job (MB)
	38024  -  ResidentSetSize of job (KB)
...
006 (123154.000.000) 06/08 11:11:15 Image size of job updated: 791428
	120  -  MemoryUsage of job (MB)
	122732  -  ResidentSetSize of job (KB)
...
040 (123154.000.000) 06/08 11:11:46 Entered queue to transfer output files
...
040 (123154.000.000) 06/08 11:14:00 Started transferring output files
...
040 (123154.000.000) 06/08 11:14:00 Finished transferring output files
...
005 (123154.000.000) 06/08 11:14:01 Job terminated.
	(1) Normal termination (return value 0)
		Usr 0 00:01:40, Sys 0 00:00:20  -  Run Remote Usage
		Usr 0 00:00:00, Sys 0 00:00:00  -  Run Local Usage
		Usr 0 00:01:40, Sys 0 00:00:20  -  Total Remote Usage
		Usr 0 00:00:00, Sys 0 00:00:00  -  Total Local Usage
	41460  -  Run Bytes Sent By Job
	19195  -  Run Bytes Received By Job
	41460  -  Total Bytes Sent By Job
	19195  -  Total Bytes Received By Job
	Partitionable Resources :      Usage  Request Allocated 
	   Cpus                 :       1.00        1         1 
	   Disk (KB)            : 3710190          20    279098 
	   Memory (MB)          :     120        2000      2000 

	Job terminated of its own accord at 2021-06-08T09:11:41Z.
...
