000 (146680.000.000) 06/16 08:13:07 Job submitted from host: <188.185.121.235:9618?addrs=188.185.121.235-9618+[2001-1458-d00-49--100-36e]-9618&alias=bigbird22.cern.ch&noUDP&sock=schedd_38044_991d>
...
040 (146680.000.000) 06/16 08:34:30 Started transferring input files
	Transferring to host: <128.142.161.138:9618?addrs=128.142.161.138-9618&alias=b7g03p2631.cern.ch&noUDP&sock=slot1_19_3827_37b5_50029>
...
040 (146680.000.000) 06/16 08:34:30 Finished transferring input files
...
001 (146680.000.000) 06/16 08:34:30 Job executing on host: <128.142.161.138:9618?addrs=128.142.161.138-9618&alias=b7g03p2631.cern.ch&noUDP&sock=startd_3108_6870>
...
006 (146680.000.000) 06/16 08:34:39 Image size of job updated: 41672
	41  -  MemoryUsage of job (MB)
	41672  -  ResidentSetSize of job (KB)
...
006 (146680.000.000) 06/16 08:35:47 Image size of job updated: 791452
	41  -  MemoryUsage of job (MB)
	41688  -  ResidentSetSize of job (KB)
...
040 (146680.000.000) 06/16 08:35:47 Started transferring output files
...
040 (146680.000.000) 06/16 08:35:48 Finished transferring output files
...
005 (146680.000.000) 06/16 08:35:50 Job terminated.
	(1) Normal termination (return value 0)
		Usr 0 00:00:09, Sys 0 00:00:03  -  Run Remote Usage
		Usr 0 00:00:00, Sys 0 00:00:00  -  Run Local Usage
		Usr 0 00:00:09, Sys 0 00:00:03  -  Total Remote Usage
		Usr 0 00:00:00, Sys 0 00:00:00  -  Total Local Usage
	20077  -  Run Bytes Sent By Job
	19195  -  Run Bytes Received By Job
	20077  -  Total Bytes Sent By Job
	19195  -  Total Bytes Received By Job
	Partitionable Resources :     Usage  Request Allocated 
	   Cpus                 :      0.06        1         1 
	   Disk (KB)            : 466074          20   1489772 
	   Memory (MB)          :     41        2000      2000 

	Job terminated of its own accord at 2021-06-16T06:35:47Z.
...
