000 (116520.000.000) 06/04 09:04:00 Job submitted from host: <188.185.121.235:9618?addrs=188.185.121.235-9618+[2001-1458-d00-49--100-36e]-9618&alias=bigbird22.cern.ch&noUDP&sock=schedd_38044_991d>
...
040 (116520.000.000) 06/04 09:21:26 Started transferring input files
	Transferring to host: <128.142.149.66:9618?addrs=128.142.149.66-9618+[2001-1458-301-b--100-31e]-9618&alias=b7g41n7671.cern.ch&noUDP&sock=slot1_7_13408_e61a_86496>
...
040 (116520.000.000) 06/04 09:21:26 Finished transferring input files
...
001 (116520.000.000) 06/04 09:21:26 Job executing on host: <128.142.149.66:9618?addrs=128.142.149.66-9618+[2001-1458-301-b--100-31e]-9618&alias=b7g41n7671.cern.ch&noUDP&sock=startd_6583_f80b>
...
006 (116520.000.000) 06/04 09:21:35 Image size of job updated: 624804
	4  -  MemoryUsage of job (MB)
	3656  -  ResidentSetSize of job (KB)
...
006 (116520.000.000) 06/04 09:26:35 Image size of job updated: 790824
	42  -  MemoryUsage of job (MB)
	42480  -  ResidentSetSize of job (KB)
...
006 (116520.000.000) 06/04 09:31:35 Image size of job updated: 790824
	66  -  MemoryUsage of job (MB)
	67496  -  ResidentSetSize of job (KB)
...
006 (116520.000.000) 06/04 14:02:04 Image size of job updated: 790824
	120  -  MemoryUsage of job (MB)
	122120  -  ResidentSetSize of job (KB)
...
040 (116520.000.000) 06/04 14:04:19 Started transferring output files
...
040 (116520.000.000) 06/04 14:04:19 Finished transferring output files
...
005 (116520.000.000) 06/04 14:04:19 Job terminated.
	(1) Normal termination (return value 0)
		Usr 0 00:02:41, Sys 0 00:00:28  -  Run Remote Usage
		Usr 0 00:00:00, Sys 0 00:00:00  -  Run Local Usage
		Usr 0 00:02:41, Sys 0 00:00:28  -  Total Remote Usage
		Usr 0 00:00:00, Sys 0 00:00:00  -  Total Local Usage
	61501  -  Run Bytes Sent By Job
	19195  -  Run Bytes Received By Job
	61501  -  Total Bytes Sent By Job
	19195  -  Total Bytes Received By Job
	Partitionable Resources :      Usage  Request Allocated 
	   Cpus                 :       0.99        1         1 
	   Disk (KB)            : 3719255          20    354471 
	   Memory (MB)          :     120        2000      2000 

	Job terminated of its own accord at 2021-06-04T12:04:19Z.
...
000 (123660.000.000) 06/08 10:47:21 Job submitted from host: <188.185.121.235:9618?addrs=188.185.121.235-9618+[2001-1458-d00-49--100-36e]-9618&alias=bigbird22.cern.ch&noUDP&sock=schedd_38044_991d>
...
040 (123660.000.000) 06/08 11:19:15 Entered queue to transfer input files
	Transferring to host: <188.184.213.194:9618?addrs=188.184.213.194-9618+[2001-1458-301-10c--100-1b7]-9618&alias=b7g24n0691.cern.ch&noUDP&sock=slot1_1_6888_f811_33623>
...
040 (123660.000.000) 06/08 11:53:57 Started transferring input files
	Seconds spent in queue: 2082
...
040 (123660.000.000) 06/08 11:53:58 Finished transferring input files
...
001 (123660.000.000) 06/08 11:53:58 Job executing on host: <188.184.213.194:9618?addrs=188.184.213.194-9618+[2001-1458-301-10c--100-1b7]-9618&alias=b7g24n0691.cern.ch&noUDP&sock=startd_5941_9c3e>
...
006 (123660.000.000) 06/08 11:54:06 Image size of job updated: 2084
	3  -  MemoryUsage of job (MB)
	2084  -  ResidentSetSize of job (KB)
...
006 (123660.000.000) 06/08 11:59:06 Image size of job updated: 791456
	39  -  MemoryUsage of job (MB)
	39764  -  ResidentSetSize of job (KB)
...
006 (123660.000.000) 06/08 12:04:06 Image size of job updated: 791456
	61  -  MemoryUsage of job (MB)
	61696  -  ResidentSetSize of job (KB)
...
006 (123660.000.000) 06/08 12:09:08 Image size of job updated: 791456
	67  -  MemoryUsage of job (MB)
	67760  -  ResidentSetSize of job (KB)
...
006 (123660.000.000) 06/08 16:19:34 Image size of job updated: 791456
	120  -  MemoryUsage of job (MB)
	122436  -  ResidentSetSize of job (KB)
...
040 (123660.000.000) 06/08 16:20:02 Started transferring output files
	Seconds spent in queue: 18047
...
040 (123660.000.000) 06/08 16:20:02 Finished transferring output files
...
005 (123660.000.000) 06/08 16:20:02 Job terminated.
	(1) Normal termination (return value 0)
		Usr 0 00:02:39, Sys 0 00:00:24  -  Run Remote Usage
		Usr 0 00:00:00, Sys 0 00:00:00  -  Run Local Usage
		Usr 0 00:02:39, Sys 0 00:00:24  -  Total Remote Usage
		Usr 0 00:00:00, Sys 0 00:00:00  -  Total Local Usage
	61509  -  Run Bytes Sent By Job
	19195  -  Run Bytes Received By Job
	61509  -  Total Bytes Sent By Job
	19195  -  Total Bytes Received By Job
	Partitionable Resources :      Usage  Request Allocated 
	   Cpus                 :       0.00        1         1 
	   Disk (KB)            : 3719255          20    190363 
	   Memory (MB)          :     120        2000      2000 

	Job terminated of its own accord at 2021-06-08T14:20:02Z.
...
