000 (147129.000.000) 06/16 08:22:06 Job submitted from host: <188.185.121.235:9618?addrs=188.185.121.235-9618+[2001-1458-d00-49--100-36e]-9618&alias=bigbird22.cern.ch&noUDP&sock=schedd_38044_991d>
...
040 (147129.000.000) 06/16 08:46:56 Started transferring input files
	Transferring to host: <188.184.169.65:9618?addrs=188.184.169.65-9618+[2001-1458-301-c0--100-179]-9618&alias=b7g52n9558.cern.ch&noUDP&sock=slot1_3_5728_a4e2_38038>
...
040 (147129.000.000) 06/16 08:46:56 Finished transferring input files
...
001 (147129.000.000) 06/16 08:46:56 Job executing on host: <188.184.169.65:9618?addrs=188.184.169.65-9618+[2001-1458-301-c0--100-179]-9618&alias=b7g52n9558.cern.ch&noUDP&sock=startd_4610_a7b0>
...
006 (147129.000.000) 06/16 08:47:05 Image size of job updated: 625444
	16  -  MemoryUsage of job (MB)
	16000  -  ResidentSetSize of job (KB)
...
006 (147129.000.000) 06/16 08:51:55 Image size of job updated: 791448
	16  -  MemoryUsage of job (MB)
	16000  -  ResidentSetSize of job (KB)
...
040 (147129.000.000) 06/16 08:51:58 Started transferring output files
...
040 (147129.000.000) 06/16 08:52:01 Finished transferring output files
...
005 (147129.000.000) 06/16 08:52:08 Job terminated.
	(1) Normal termination (return value 0)
		Usr 0 00:00:10, Sys 0 00:00:02  -  Run Remote Usage
		Usr 0 00:00:00, Sys 0 00:00:00  -  Run Local Usage
		Usr 0 00:00:10, Sys 0 00:00:02  -  Total Remote Usage
		Usr 0 00:00:00, Sys 0 00:00:00  -  Total Local Usage
	21086  -  Run Bytes Sent By Job
	19195  -  Run Bytes Received By Job
	21086  -  Total Bytes Sent By Job
	19195  -  Total Bytes Received By Job
	Partitionable Resources :     Usage  Request Allocated 
	   Cpus                 :      0.01        1         1 
	   Disk (KB)            : 466106          20    283263 
	   Memory (MB)          :     16        2000      2000 

	Job terminated of its own accord at 2021-06-16T06:51:55Z.
...
