000 (147644.000.000) 06/16 08:32:10 Job submitted from host: <188.185.121.235:9618?addrs=188.185.121.235-9618+[2001-1458-d00-49--100-36e]-9618&alias=bigbird22.cern.ch&noUDP&sock=schedd_38044_991d>
...
040 (147644.000.000) 06/16 08:56:15 Started transferring input files
	Transferring to host: <128.142.149.110:9618?addrs=128.142.149.110-9618+[2001-1458-301-b--100-27]-9618&alias=b7g41n4156.cern.ch&noUDP&sock=slot1_8_16354_9f52_90127>
...
040 (147644.000.000) 06/16 08:56:15 Finished transferring input files
...
001 (147644.000.000) 06/16 08:56:15 Job executing on host: <128.142.149.110:9618?addrs=128.142.149.110-9618+[2001-1458-301-b--100-27]-9618&alias=b7g41n4156.cern.ch&noUDP&sock=startd_6652_4c14>
...
006 (147644.000.000) 06/16 08:56:24 Image size of job updated: 24656
	25  -  MemoryUsage of job (MB)
	24656  -  ResidentSetSize of job (KB)
...
006 (147644.000.000) 06/16 09:01:25 Image size of job updated: 791456
	67  -  MemoryUsage of job (MB)
	67768  -  ResidentSetSize of job (KB)
...
040 (147644.000.000) 06/16 09:31:04 Started transferring output files
...
040 (147644.000.000) 06/16 09:31:04 Finished transferring output files
...
005 (147644.000.000) 06/16 09:31:05 Job terminated.
	(1) Normal termination (return value 0)
		Usr 0 00:01:25, Sys 0 00:00:21  -  Run Remote Usage
		Usr 0 00:00:00, Sys 0 00:00:00  -  Run Local Usage
		Usr 0 00:01:25, Sys 0 00:00:21  -  Total Remote Usage
		Usr 0 00:00:00, Sys 0 00:00:00  -  Total Local Usage
	54409  -  Run Bytes Sent By Job
	19195  -  Run Bytes Received By Job
	54409  -  Total Bytes Sent By Job
	19195  -  Total Bytes Received By Job
	Partitionable Resources :      Usage  Request Allocated 
	   Cpus                 :       0.02        1         1 
	   Disk (KB)            : 3074888          20    347993 
	   Memory (MB)          :      67        2000      2000 

	Job terminated of its own accord at 2021-06-16T07:31:04Z.
...
