000 (147370.000.000) 06/16 08:27:16 Job submitted from host: <188.185.121.235:9618?addrs=188.185.121.235-9618+[2001-1458-d00-49--100-36e]-9618&alias=bigbird22.cern.ch&noUDP&sock=schedd_38044_991d>
...
040 (147370.000.000) 06/16 08:52:24 Started transferring input files
	Transferring to host: <188.185.105.23:9618?addrs=188.185.105.23-9618+[2001-1458-d00-3e--100-2c6]-9618&alias=b7g50s8522.cern.ch&noUDP&sock=slot1_16_6263_9998_38104>
...
001 (147370.000.000) 06/16 08:52:24 Job executing on host: <188.185.105.23:9618?addrs=188.185.105.23-9618+[2001-1458-d00-3e--100-2c6]-9618&alias=b7g50s8522.cern.ch&noUDP&sock=startd_4832_edb6>
...
040 (147370.000.000) 06/16 08:52:24 Finished transferring input files
...
006 (147370.000.000) 06/16 08:52:33 Image size of job updated: 625440
	8  -  MemoryUsage of job (MB)
	7244  -  ResidentSetSize of job (KB)
...
006 (147370.000.000) 06/16 08:57:34 Image size of job updated: 791452
	67  -  MemoryUsage of job (MB)
	67772  -  ResidentSetSize of job (KB)
...
040 (147370.000.000) 06/16 09:05:40 Started transferring output files
...
040 (147370.000.000) 06/16 09:05:40 Finished transferring output files
...
005 (147370.000.000) 06/16 09:05:40 Job terminated.
	(1) Normal termination (return value 0)
		Usr 0 00:00:07, Sys 0 00:00:02  -  Run Remote Usage
		Usr 0 00:00:00, Sys 0 00:00:00  -  Run Local Usage
		Usr 0 00:00:07, Sys 0 00:00:02  -  Total Remote Usage
		Usr 0 00:00:00, Sys 0 00:00:00  -  Total Local Usage
	20675  -  Run Bytes Sent By Job
	19195  -  Run Bytes Received By Job
	20675  -  Total Bytes Sent By Job
	19195  -  Total Bytes Received By Job
	Partitionable Resources :     Usage  Request Allocated 
	   Cpus                 :      0.00        1         1 
	   Disk (KB)            : 466079          20    585886 
	   Memory (MB)          :     67        2000      2000 

	Job terminated of its own accord at 2021-06-16T07:05:40Z.
...
