000 (148863.000.000) 06/16 08:59:02 Job submitted from host: <188.185.121.235:9618?addrs=188.185.121.235-9618+[2001-1458-d00-49--100-36e]-9618&alias=bigbird22.cern.ch&noUDP&sock=schedd_38044_991d>
...
040 (148863.000.000) 06/16 09:55:27 Started transferring input files
	Transferring to host: <188.184.213.75:9618?addrs=188.184.213.75-9618+[2001-1458-301-10c--100-146]-9618&alias=b7g24n0565.cern.ch&noUDP&sock=slot1_10_5067_e8e7_42254>
...
040 (148863.000.000) 06/16 09:55:27 Finished transferring input files
...
001 (148863.000.000) 06/16 09:55:27 Job executing on host: <188.184.213.75:9618?addrs=188.184.213.75-9618+[2001-1458-301-10c--100-146]-9618&alias=b7g24n0565.cern.ch&noUDP&sock=startd_3786_75a6>
...
006 (148863.000.000) 06/16 09:55:36 Image size of job updated: 625444
	4  -  MemoryUsage of job (MB)
	4056  -  ResidentSetSize of job (KB)
...
006 (148863.000.000) 06/16 10:00:37 Image size of job updated: 791456
	54  -  MemoryUsage of job (MB)
	55048  -  ResidentSetSize of job (KB)
...
006 (148863.000.000) 06/16 10:05:37 Image size of job updated: 791456
	67  -  MemoryUsage of job (MB)
	67776  -  ResidentSetSize of job (KB)
...
006 (148863.000.000) 06/16 11:00:42 Image size of job updated: 791456
	89  -  MemoryUsage of job (MB)
	90244  -  ResidentSetSize of job (KB)
...
040 (148863.000.000) 06/16 11:00:49 Started transferring output files
...
040 (148863.000.000) 06/16 11:00:49 Finished transferring output files
...
005 (148863.000.000) 06/16 11:00:49 Job terminated.
	(1) Normal termination (return value 0)
		Usr 0 00:01:17, Sys 0 00:00:14  -  Run Remote Usage
		Usr 0 00:00:00, Sys 0 00:00:00  -  Run Local Usage
		Usr 0 00:01:17, Sys 0 00:00:14  -  Total Remote Usage
		Usr 0 00:00:00, Sys 0 00:00:00  -  Total Local Usage
	45878  -  Run Bytes Sent By Job
	19195  -  Run Bytes Received By Job
	45878  -  Total Bytes Sent By Job
	19195  -  Total Bytes Received By Job
	Partitionable Resources :      Usage  Request Allocated 
	   Cpus                 :       0.06        1         1 
	   Disk (KB)            : 2367887          20    197039 
	   Memory (MB)          :      89        2000      2000 

	Job terminated of its own accord at 2021-06-16T09:00:49Z.
...
