000 (115545.000.000) 06/04 08:51:06 Job submitted from host: <188.185.121.235:9618?addrs=188.185.121.235-9618+[2001-1458-d00-49--100-36e]-9618&alias=bigbird22.cern.ch&noUDP&sock=schedd_38044_991d>
...
040 (115545.000.000) 06/04 08:57:56 Started transferring input files
	Transferring to host: <128.142.84.215:9618?addrs=128.142.84.215-9618+[2001-1458-301-f6--100-37]-9618&alias=b7s14n0849.cern.ch&noUDP&sock=slot1_12_5757_13c3_39864>
...
040 (115545.000.000) 06/04 08:57:56 Finished transferring input files
...
001 (115545.000.000) 06/04 08:57:56 Job executing on host: <128.142.84.215:9618?addrs=128.142.84.215-9618+[2001-1458-301-f6--100-37]-9618&alias=b7s14n0849.cern.ch&noUDP&sock=startd_4422_b3e2>
...
006 (115545.000.000) 06/04 08:58:05 Image size of job updated: 624804
	39  -  MemoryUsage of job (MB)
	39020  -  ResidentSetSize of job (KB)
...
006 (115545.000.000) 06/04 09:02:40 Image size of job updated: 790824
	39  -  MemoryUsage of job (MB)
	39020  -  ResidentSetSize of job (KB)
...
040 (115545.000.000) 06/04 09:02:40 Started transferring output files
...
040 (115545.000.000) 06/04 09:02:40 Finished transferring output files
...
005 (115545.000.000) 06/04 09:02:41 Job terminated.
	(1) Normal termination (return value 0)
		Usr 0 00:00:09, Sys 0 00:00:02  -  Run Remote Usage
		Usr 0 00:00:00, Sys 0 00:00:00  -  Run Local Usage
		Usr 0 00:00:09, Sys 0 00:00:02  -  Total Remote Usage
		Usr 0 00:00:00, Sys 0 00:00:00  -  Total Local Usage
	21683  -  Run Bytes Sent By Job
	19195  -  Run Bytes Received By Job
	21683  -  Total Bytes Sent By Job
	19195  -  Total Bytes Received By Job
	Partitionable Resources :    Usage  Request Allocated 
	   Cpus                 :                 1         1 
	   Disk (KB)            :   540983       20    278349 
	   Memory (MB)          :       39     2000      2000 

	Job terminated of its own accord at 2021-06-04T07:02:40Z.
...
000 (122676.000.000) 06/08 10:30:20 Job submitted from host: <188.185.121.235:9618?addrs=188.185.121.235-9618+[2001-1458-d00-49--100-36e]-9618&alias=bigbird22.cern.ch&noUDP&sock=schedd_38044_991d>
...
040 (122676.000.000) 06/08 10:43:52 Started transferring input files
	Transferring to host: <188.184.196.254:9618?addrs=188.184.196.254-9618+[2001-1458-301-102--100-e2]-9618&alias=b7g24n0494.cern.ch&noUDP&sock=slot1_4_21204_e2d7_86045>
...
001 (122676.000.000) 06/08 10:43:52 Job executing on host: <188.184.196.254:9618?addrs=188.184.196.254-9618+[2001-1458-301-102--100-e2]-9618&alias=b7g24n0494.cern.ch&noUDP&sock=startd_20228_4dd1>
...
040 (122676.000.000) 06/08 10:43:52 Finished transferring input files
...
006 (122676.000.000) 06/08 10:44:01 Image size of job updated: 396052
	26  -  MemoryUsage of job (MB)
	26464  -  ResidentSetSize of job (KB)
...
006 (122676.000.000) 06/08 10:44:32 Image size of job updated: 791428
	26  -  MemoryUsage of job (MB)
	26464  -  ResidentSetSize of job (KB)
...
040 (122676.000.000) 06/08 10:44:32 Started transferring output files
...
040 (122676.000.000) 06/08 10:44:33 Finished transferring output files
...
005 (122676.000.000) 06/08 10:44:33 Job terminated.
	(1) Normal termination (return value 0)
		Usr 0 00:00:10, Sys 0 00:00:03  -  Run Remote Usage
		Usr 0 00:00:00, Sys 0 00:00:00  -  Run Local Usage
		Usr 0 00:00:10, Sys 0 00:00:03  -  Total Remote Usage
		Usr 0 00:00:00, Sys 0 00:00:00  -  Total Local Usage
	17864  -  Run Bytes Sent By Job
	19195  -  Run Bytes Received By Job
	17864  -  Total Bytes Sent By Job
	19195  -  Total Bytes Received By Job
	Partitionable Resources :    Usage  Request Allocated 
	   Cpus                 :                 1         1 
	   Disk (KB)            :   540979       20    272879 
	   Memory (MB)          :       26     2000      2000 

	Job terminated of its own accord at 2021-06-08T08:44:32Z.
...
