000 (116128.000.000) 06/04 08:58:29 Job submitted from host: <188.185.121.235:9618?addrs=188.185.121.235-9618+[2001-1458-d00-49--100-36e]-9618&alias=bigbird22.cern.ch&noUDP&sock=schedd_38044_991d>
...
040 (116128.000.000) 06/04 09:02:07 Started transferring input files
	Transferring to host: <128.142.87.160:9618?addrs=128.142.87.160-9618+[2001-1458-301-f6--100-1d]-9618&alias=b7s14n9811.cern.ch&noUDP&sock=slot1_1_8429_be30_41504>
...
040 (116128.000.000) 06/04 09:02:07 Finished transferring input files
...
001 (116128.000.000) 06/04 09:02:07 Job executing on host: <128.142.87.160:9618?addrs=128.142.87.160-9618+[2001-1458-301-f6--100-1d]-9618&alias=b7s14n9811.cern.ch&noUDP&sock=startd_6735_3a70>
...
006 (116128.000.000) 06/04 09:02:16 Image size of job updated: 624804
	11  -  MemoryUsage of job (MB)
	11184  -  ResidentSetSize of job (KB)
...
006 (116128.000.000) 06/04 09:07:17 Image size of job updated: 790824
	66  -  MemoryUsage of job (MB)
	67508  -  ResidentSetSize of job (KB)
...
006 (116128.000.000) 06/04 13:57:46 Image size of job updated: 790824
	120  -  MemoryUsage of job (MB)
	122044  -  ResidentSetSize of job (KB)
...
040 (116128.000.000) 06/04 13:59:10 Started transferring output files
...
040 (116128.000.000) 06/04 13:59:10 Finished transferring output files
...
005 (116128.000.000) 06/04 13:59:10 Job terminated.
	(1) Normal termination (return value 0)
		Usr 0 00:02:04, Sys 0 00:00:24  -  Run Remote Usage
		Usr 0 00:00:00, Sys 0 00:00:00  -  Run Local Usage
		Usr 0 00:02:04, Sys 0 00:00:24  -  Total Remote Usage
		Usr 0 00:00:00, Sys 0 00:00:00  -  Total Local Usage
	60695  -  Run Bytes Sent By Job
	19195  -  Run Bytes Received By Job
	60695  -  Total Bytes Sent By Job
	19195  -  Total Bytes Received By Job
	Partitionable Resources :      Usage  Request Allocated 
	   Cpus                 :       0.01        1         1 
	   Disk (KB)            : 3712252          20    287927 
	   Memory (MB)          :     120        2000      2000 

	Job terminated of its own accord at 2021-06-04T11:59:10Z.
...
000 (123265.000.000) 06/08 10:40:37 Job submitted from host: <188.185.121.235:9618?addrs=188.185.121.235-9618+[2001-1458-d00-49--100-36e]-9618&alias=bigbird22.cern.ch&noUDP&sock=schedd_38044_991d>
...
040 (123265.000.000) 06/08 11:16:15 Entered queue to transfer input files
	Transferring to host: <188.184.183.182:9618?addrs=188.184.183.182-9618+[2001-1458-301-2b--100-3fa]-9618&alias=b7g41n0885.cern.ch&noUDP&sock=slot1_11_18483_b209_105024>
...
040 (123265.000.000) 06/08 11:53:55 Started transferring input files
	Seconds spent in queue: 2260
...
040 (123265.000.000) 06/08 11:53:55 Finished transferring input files
...
001 (123265.000.000) 06/08 11:53:55 Job executing on host: <188.184.183.182:9618?addrs=188.184.183.182-9618+[2001-1458-301-2b--100-3fa]-9618&alias=b7g41n0885.cern.ch&noUDP&sock=startd_6487_1ef4>
...
006 (123265.000.000) 06/08 11:54:04 Image size of job updated: 396052
	3  -  MemoryUsage of job (MB)
	2152  -  ResidentSetSize of job (KB)
...
006 (123265.000.000) 06/08 11:59:05 Image size of job updated: 791456
	42  -  MemoryUsage of job (MB)
	42100  -  ResidentSetSize of job (KB)
...
006 (123265.000.000) 06/08 12:04:05 Image size of job updated: 791456
	67  -  MemoryUsage of job (MB)
	67764  -  ResidentSetSize of job (KB)
...
040 (123265.000.000) 06/08 16:18:27 Started transferring output files
	Seconds spent in queue: 18132
...
040 (123265.000.000) 06/08 16:18:27 Finished transferring output files
...
005 (123265.000.000) 06/08 16:18:27 Job terminated.
	(1) Normal termination (return value 0)
		Usr 0 00:02:42, Sys 0 00:00:29  -  Run Remote Usage
		Usr 0 00:00:00, Sys 0 00:00:00  -  Run Local Usage
		Usr 0 00:02:42, Sys 0 00:00:29  -  Total Remote Usage
		Usr 0 00:00:00, Sys 0 00:00:00  -  Total Local Usage
	60678  -  Run Bytes Sent By Job
	19195  -  Run Bytes Received By Job
	60678  -  Total Bytes Sent By Job
	19195  -  Total Bytes Received By Job
	Partitionable Resources :      Usage  Request Allocated 
	   Cpus                 :       0.01        1         1 
	   Disk (KB)            : 3712250          20    332978 
	   Memory (MB)          :      67        2000      2000 

	Job terminated of its own accord at 2021-06-08T14:18:26Z.
...
