000 (147029.000.000) 06/16 08:19:35 Job submitted from host: <188.185.121.235:9618?addrs=188.185.121.235-9618+[2001-1458-d00-49--100-36e]-9618&alias=bigbird22.cern.ch&noUDP&sock=schedd_38044_991d>
...
040 (147029.000.000) 06/16 08:46:24 Started transferring input files
	Transferring to host: <128.142.161.100:9618?addrs=128.142.161.100-9618+[2001-1458-301-b8--100-22]-9618&alias=b7g03p7816.cern.ch&noUDP&sock=slot1_14_150673_8248_104104>
...
040 (147029.000.000) 06/16 08:46:24 Finished transferring input files
...
001 (147029.000.000) 06/16 08:46:24 Job executing on host: <128.142.161.100:9618?addrs=128.142.161.100-9618+[2001-1458-301-b8--100-22]-9618&alias=b7g03p7816.cern.ch&noUDP&sock=startd_130950_62f3>
...
006 (147029.000.000) 06/16 08:46:33 Image size of job updated: 15372
	13  -  MemoryUsage of job (MB)
	13204  -  ResidentSetSize of job (KB)
...
006 (147029.000.000) 06/16 08:51:33 Image size of job updated: 791452
	67  -  MemoryUsage of job (MB)
	67776  -  ResidentSetSize of job (KB)
...
040 (147029.000.000) 06/16 08:56:16 Started transferring output files
...
040 (147029.000.000) 06/16 08:56:16 Finished transferring output files
...
005 (147029.000.000) 06/16 08:56:16 Job terminated.
	(1) Normal termination (return value 0)
		Usr 0 00:00:10, Sys 0 00:00:03  -  Run Remote Usage
		Usr 0 00:00:00, Sys 0 00:00:00  -  Run Local Usage
		Usr 0 00:00:10, Sys 0 00:00:03  -  Total Remote Usage
		Usr 0 00:00:00, Sys 0 00:00:00  -  Total Local Usage
	21872  -  Run Bytes Sent By Job
	19195  -  Run Bytes Received By Job
	21872  -  Total Bytes Sent By Job
	19195  -  Total Bytes Received By Job
	Partitionable Resources :     Usage  Request Allocated 
	   Cpus                 :      0.01        1         1 
	   Disk (KB)            : 466086          20   1355801 
	   Memory (MB)          :     67        2000      2000 

	Job terminated of its own accord at 2021-06-16T06:56:16Z.
...
