000 (148522.000.000) 06/16 08:50:33 Job submitted from host: <188.185.121.235:9618?addrs=188.185.121.235-9618+[2001-1458-d00-49--100-36e]-9618&alias=bigbird22.cern.ch&noUDP&sock=schedd_38044_991d>
...
040 (148522.000.000) 06/16 09:37:15 Started transferring input files
	Transferring to host: <128.142.76.224:9618?addrs=128.142.76.224-9618+[2001-1458-301-f4--100-423]-9618&alias=b7s12n1084.cern.ch&noUDP&sock=slot1_7_24336_a9d7_116080>
...
040 (148522.000.000) 06/16 09:37:15 Finished transferring input files
...
001 (148522.000.000) 06/16 09:37:15 Job executing on host: <128.142.76.224:9618?addrs=128.142.76.224-9618+[2001-1458-301-f4--100-423]-9618&alias=b7s12n1084.cern.ch&noUDP&sock=startd_16568_d931>
...
006 (148522.000.000) 06/16 09:37:23 Image size of job updated: 5328
	6  -  MemoryUsage of job (MB)
	5328  -  ResidentSetSize of job (KB)
...
006 (148522.000.000) 06/16 09:42:23 Image size of job updated: 791456
	42  -  MemoryUsage of job (MB)
	42752  -  ResidentSetSize of job (KB)
...
006 (148522.000.000) 06/16 09:47:24 Image size of job updated: 791456
	67  -  MemoryUsage of job (MB)
	67780  -  ResidentSetSize of job (KB)
...
040 (148522.000.000) 06/16 12:14:29 Started transferring output files
...
040 (148522.000.000) 06/16 12:14:29 Finished transferring output files
...
005 (148522.000.000) 06/16 12:14:29 Job terminated.
	(1) Normal termination (return value 0)
		Usr 0 00:01:06, Sys 0 00:00:18  -  Run Remote Usage
		Usr 0 00:00:00, Sys 0 00:00:00  -  Run Local Usage
		Usr 0 00:01:06, Sys 0 00:00:18  -  Total Remote Usage
		Usr 0 00:00:00, Sys 0 00:00:00  -  Total Local Usage
	46110  -  Run Bytes Sent By Job
	19195  -  Run Bytes Received By Job
	46110  -  Total Bytes Sent By Job
	19195  -  Total Bytes Received By Job
	Partitionable Resources :      Usage  Request Allocated 
	   Cpus                 :       0.00        1         1 
	   Disk (KB)            : 2367425          20    154928 
	   Memory (MB)          :      67        2000      2000 

	Job terminated of its own accord at 2021-06-16T10:14:29Z.
...
