000 (147411.000.000) 06/16 08:27:52 Job submitted from host: <188.185.121.235:9618?addrs=188.185.121.235-9618+[2001-1458-d00-49--100-36e]-9618&alias=bigbird22.cern.ch&noUDP&sock=schedd_38044_991d>
...
040 (147411.000.000) 06/16 08:52:52 Started transferring input files
	Transferring to host: <128.142.84.120:9618?addrs=128.142.84.120-9618+[2001-1458-301-f6--100-418]-9618&alias=b7s14n5030.cern.ch&noUDP&sock=slot1_9_3691_64af_38061>
...
040 (147411.000.000) 06/16 08:52:52 Finished transferring input files
...
001 (147411.000.000) 06/16 08:52:52 Job executing on host: <128.142.84.120:9618?addrs=128.142.84.120-9618+[2001-1458-301-f6--100-418]-9618&alias=b7s14n5030.cern.ch&noUDP&sock=startd_3059_cc4c>
...
006 (147411.000.000) 06/16 08:53:01 Image size of job updated: 774992
	40  -  MemoryUsage of job (MB)
	40736  -  ResidentSetSize of job (KB)
...
006 (147411.000.000) 06/16 08:58:02 Image size of job updated: 791428
	67  -  MemoryUsage of job (MB)
	67772  -  ResidentSetSize of job (KB)
...
006 (147411.000.000) 06/16 09:28:05 Image size of job updated: 791428
	118  -  MemoryUsage of job (MB)
	120644  -  ResidentSetSize of job (KB)
...
040 (147411.000.000) 06/16 09:28:52 Started transferring output files
...
040 (147411.000.000) 06/16 09:28:52 Finished transferring output files
...
005 (147411.000.000) 06/16 09:28:52 Job terminated.
	(1) Normal termination (return value 0)
		Usr 0 00:01:15, Sys 0 00:00:25  -  Run Remote Usage
		Usr 0 00:00:00, Sys 0 00:00:00  -  Run Local Usage
		Usr 0 00:01:15, Sys 0 00:00:25  -  Total Remote Usage
		Usr 0 00:00:00, Sys 0 00:00:00  -  Total Local Usage
	54195  -  Run Bytes Sent By Job
	19195  -  Run Bytes Received By Job
	54195  -  Total Bytes Sent By Job
	19195  -  Total Bytes Received By Job
	Partitionable Resources :      Usage  Request Allocated 
	   Cpus                 :       0.01        1         1 
	   Disk (KB)            : 3074330          20    278858 
	   Memory (MB)          :     118        2000      2000 

	Job terminated of its own accord at 2021-06-16T07:28:52Z.
...
