000 (116251.000.000) 06/04 09:00:08 Job submitted from host: <188.185.121.235:9618?addrs=188.185.121.235-9618+[2001-1458-d00-49--100-36e]-9618&alias=bigbird22.cern.ch&noUDP&sock=schedd_38044_991d>
...
040 (116251.000.000) 06/04 09:11:59 Started transferring input files
	Transferring to host: <188.184.133.121:9618?addrs=188.184.133.121-9618+[2001-1458-301-a0--100-1b5]-9618&alias=b7g28n0342.cern.ch&noUDP&sock=slot1_1_32455_3bc1_4245>
...
040 (116251.000.000) 06/04 09:11:59 Finished transferring input files
...
001 (116251.000.000) 06/04 09:11:59 Job executing on host: <188.184.133.121:9618?addrs=188.184.133.121-9618+[2001-1458-301-a0--100-1b5]-9618&alias=b7g28n0342.cern.ch&noUDP&sock=startd_2334_8222>
...
006 (116251.000.000) 06/04 09:12:08 Image size of job updated: 10844
	9  -  MemoryUsage of job (MB)
	8912  -  ResidentSetSize of job (KB)
...
006 (116251.000.000) 06/04 09:17:08 Image size of job updated: 790824
	66  -  MemoryUsage of job (MB)
	67484  -  ResidentSetSize of job (KB)
...
006 (116251.000.000) 06/04 14:02:39 Image size of job updated: 790824
	93  -  MemoryUsage of job (MB)
	95100  -  ResidentSetSize of job (KB)
...
040 (116251.000.000) 06/04 14:03:23 Started transferring output files
...
040 (116251.000.000) 06/04 14:03:23 Finished transferring output files
...
005 (116251.000.000) 06/04 14:03:23 Job terminated.
	(1) Normal termination (return value 0)
		Usr 0 00:02:49, Sys 0 00:00:27  -  Run Remote Usage
		Usr 0 00:00:00, Sys 0 00:00:00  -  Run Local Usage
		Usr 0 00:02:49, Sys 0 00:00:27  -  Total Remote Usage
		Usr 0 00:00:00, Sys 0 00:00:00  -  Total Local Usage
	60922  -  Run Bytes Sent By Job
	19195  -  Run Bytes Received By Job
	60922  -  Total Bytes Sent By Job
	19195  -  Total Bytes Received By Job
	Partitionable Resources :      Usage  Request Allocated 
	   Cpus                 :       0.01        1         1 
	   Disk (KB)            : 3711701          20    207859 
	   Memory (MB)          :      93        2000      2000 

	Job terminated of its own accord at 2021-06-04T12:03:23Z.
...
000 (123391.000.000) 06/08 10:42:49 Job submitted from host: <188.185.121.235:9618?addrs=188.185.121.235-9618+[2001-1458-d00-49--100-36e]-9618&alias=bigbird22.cern.ch&noUDP&sock=schedd_38044_991d>
...
040 (123391.000.000) 06/08 11:17:41 Entered queue to transfer input files
	Transferring to host: <188.184.138.142:9618?addrs=188.184.138.142-9618+[2001-1458-301-45--100-9e]-9618&alias=b7g42n0316.cern.ch&noUDP&sock=slot1_8_3437_6d65_33320>
...
040 (123391.000.000) 06/08 11:53:56 Started transferring input files
	Seconds spent in queue: 2175
...
001 (123391.000.000) 06/08 11:53:56 Job executing on host: <188.184.138.142:9618?addrs=188.184.138.142-9618+[2001-1458-301-45--100-9e]-9618&alias=b7g42n0316.cern.ch&noUDP&sock=startd_2875_96df>
...
040 (123391.000.000) 06/08 11:53:56 Finished transferring input files
...
006 (123391.000.000) 06/08 11:54:05 Image size of job updated: 321800
	3  -  MemoryUsage of job (MB)
	2100  -  ResidentSetSize of job (KB)
...
006 (123391.000.000) 06/08 11:59:06 Image size of job updated: 791456
	40  -  MemoryUsage of job (MB)
	40236  -  ResidentSetSize of job (KB)
...
006 (123391.000.000) 06/08 12:04:07 Image size of job updated: 791456
	67  -  MemoryUsage of job (MB)
	67776  -  ResidentSetSize of job (KB)
...
006 (123391.000.000) 06/08 16:09:33 Image size of job updated: 791456
	91  -  MemoryUsage of job (MB)
	92944  -  ResidentSetSize of job (KB)
...
040 (123391.000.000) 06/08 16:11:25 Started transferring output files
	Seconds spent in queue: 17624
...
040 (123391.000.000) 06/08 16:11:25 Finished transferring output files
...
005 (123391.000.000) 06/08 16:11:26 Job terminated.
	(1) Normal termination (return value 0)
		Usr 0 00:02:40, Sys 0 00:00:27  -  Run Remote Usage
		Usr 0 00:00:00, Sys 0 00:00:00  -  Run Local Usage
		Usr 0 00:02:40, Sys 0 00:00:27  -  Total Remote Usage
		Usr 0 00:00:00, Sys 0 00:00:00  -  Total Local Usage
	60906  -  Run Bytes Sent By Job
	19195  -  Run Bytes Received By Job
	60906  -  Total Bytes Sent By Job
	19195  -  Total Bytes Received By Job
	Partitionable Resources :      Usage  Request Allocated 
	   Cpus                 :       0.00        1         1 
	   Disk (KB)            : 3711701          20    294194 
	   Memory (MB)          :      91        2000      2000 

	Job terminated of its own accord at 2021-06-08T14:11:25Z.
...
