000 (116253.000.000) 06/04 09:00:11 Job submitted from host: <188.185.121.235:9618?addrs=188.185.121.235-9618+[2001-1458-d00-49--100-36e]-9618&alias=bigbird22.cern.ch&noUDP&sock=schedd_38044_991d>
...
040 (116253.000.000) 06/04 09:12:01 Started transferring input files
	Transferring to host: <188.184.186.77:9618?addrs=188.184.186.77-9618+[2001-1458-301-f8--100-54]-9618&alias=b7g28n0341.cern.ch&noUDP&sock=slot1_6_10263_f63a_87901>
...
040 (116253.000.000) 06/04 09:12:01 Finished transferring input files
...
001 (116253.000.000) 06/04 09:12:01 Job executing on host: <188.184.186.77:9618?addrs=188.184.186.77-9618+[2001-1458-301-f8--100-54]-9618&alias=b7g28n0341.cern.ch&noUDP&sock=startd_2342_fee4>
...
006 (116253.000.000) 06/04 09:12:09 Image size of job updated: 10404
	9  -  MemoryUsage of job (MB)
	8488  -  ResidentSetSize of job (KB)
...
006 (116253.000.000) 06/04 09:17:09 Image size of job updated: 790824
	45  -  MemoryUsage of job (MB)
	45180  -  ResidentSetSize of job (KB)
...
006 (116253.000.000) 06/04 09:22:10 Image size of job updated: 790824
	66  -  MemoryUsage of job (MB)
	67492  -  ResidentSetSize of job (KB)
...
006 (116253.000.000) 06/04 14:02:39 Image size of job updated: 790824
	108  -  MemoryUsage of job (MB)
	109980  -  ResidentSetSize of job (KB)
...
040 (116253.000.000) 06/04 14:02:54 Started transferring output files
...
040 (116253.000.000) 06/04 14:02:54 Finished transferring output files
...
005 (116253.000.000) 06/04 14:02:55 Job terminated.
	(1) Normal termination (return value 0)
		Usr 0 00:02:39, Sys 0 00:00:27  -  Run Remote Usage
		Usr 0 00:00:00, Sys 0 00:00:00  -  Run Local Usage
		Usr 0 00:02:39, Sys 0 00:00:27  -  Total Remote Usage
		Usr 0 00:00:00, Sys 0 00:00:00  -  Total Local Usage
	60866  -  Run Bytes Sent By Job
	19195  -  Run Bytes Received By Job
	60866  -  Total Bytes Sent By Job
	19195  -  Total Bytes Received By Job
	Partitionable Resources :      Usage  Request Allocated 
	   Cpus                 :       0.91        1         1 
	   Disk (KB)            : 3711701          20    215911 
	   Memory (MB)          :     108        2000      2000 

	Job terminated of its own accord at 2021-06-04T12:02:54Z.
...
000 (123393.000.000) 06/08 10:42:53 Job submitted from host: <188.185.121.235:9618?addrs=188.185.121.235-9618+[2001-1458-d00-49--100-36e]-9618&alias=bigbird22.cern.ch&noUDP&sock=schedd_38044_991d>
...
