000 (116267.000.000) 06/04 09:00:51 Job submitted from host: <188.185.121.235:9618?addrs=188.185.121.235-9618+[2001-1458-d00-49--100-36e]-9618&alias=bigbird22.cern.ch&noUDP&sock=schedd_38044_991d>
...
040 (116267.000.000) 06/04 09:11:50 Started transferring input files
	Transferring to host: <188.184.169.159:9618?addrs=188.184.169.159-9618+[2001-1458-301-c0--100-228]-9618&alias=b7g52n0831.cern.ch&noUDP&sock=slot1_5_11502_f30d_103884>
...
040 (116267.000.000) 06/04 09:11:50 Finished transferring input files
...
001 (116267.000.000) 06/04 09:11:50 Job executing on host: <188.184.169.159:9618?addrs=188.184.169.159-9618+[2001-1458-301-c0--100-228]-9618&alias=b7g52n0831.cern.ch&noUDP&sock=startd_18560_31d9>
...
006 (116267.000.000) 06/04 09:11:59 Image size of job updated: 6368
	5  -  MemoryUsage of job (MB)
	4432  -  ResidentSetSize of job (KB)
...
006 (116267.000.000) 06/04 09:16:59 Image size of job updated: 790824
	55  -  MemoryUsage of job (MB)
	55388  -  ResidentSetSize of job (KB)
...
006 (116267.000.000) 06/04 09:21:59 Image size of job updated: 790824
	66  -  MemoryUsage of job (MB)
	67504  -  ResidentSetSize of job (KB)
...
040 (116267.000.000) 06/04 14:01:16 Started transferring output files
...
040 (116267.000.000) 06/04 14:01:16 Finished transferring output files
...
005 (116267.000.000) 06/04 14:01:16 Job terminated.
	(1) Normal termination (return value 0)
		Usr 0 00:01:45, Sys 0 00:00:24  -  Run Remote Usage
		Usr 0 00:00:00, Sys 0 00:00:00  -  Run Local Usage
		Usr 0 00:01:45, Sys 0 00:00:24  -  Total Remote Usage
		Usr 0 00:00:00, Sys 0 00:00:00  -  Total Local Usage
	60709  -  Run Bytes Sent By Job
	19195  -  Run Bytes Received By Job
	60709  -  Total Bytes Sent By Job
	19195  -  Total Bytes Received By Job
	Partitionable Resources :      Usage  Request Allocated 
	   Cpus                 :       0.01        1         1 
	   Disk (KB)            : 3711715          20    278061 
	   Memory (MB)          :      66        2000      2000 

	Job terminated of its own accord at 2021-06-04T12:01:16Z.
...
000 (123408.000.000) 06/08 10:43:21 Job submitted from host: <188.185.121.235:9618?addrs=188.185.121.235-9618+[2001-1458-d00-49--100-36e]-9618&alias=bigbird22.cern.ch&noUDP&sock=schedd_38044_991d>
...
