000 (148399.000.000) 06/16 08:48:01 Job submitted from host: <188.185.121.235:9618?addrs=188.185.121.235-9618+[2001-1458-d00-49--100-36e]-9618&alias=bigbird22.cern.ch&noUDP&sock=schedd_38044_991d>
...
040 (148399.000.000) 06/16 09:26:53 Started transferring input files
	Transferring to host: <188.184.186.203:9618?addrs=188.184.186.203-9618+[2001-1458-301-f8--100-bd]-9618&alias=b7g28n0279.cern.ch&noUDP&sock=slot1_9_4804_9a3c_44156>
...
040 (148399.000.000) 06/16 09:26:54 Finished transferring input files
...
001 (148399.000.000) 06/16 09:26:54 Job executing on host: <188.184.186.203:9618?addrs=188.184.186.203-9618+[2001-1458-301-f8--100-bd]-9618&alias=b7g28n0279.cern.ch&noUDP&sock=startd_3896_e911>
...
006 (148399.000.000) 06/16 09:27:02 Image size of job updated: 625444
	5  -  MemoryUsage of job (MB)
	4244  -  ResidentSetSize of job (KB)
...
006 (148399.000.000) 06/16 09:32:02 Image size of job updated: 791456
	37  -  MemoryUsage of job (MB)
	37560  -  ResidentSetSize of job (KB)
...
006 (148399.000.000) 06/16 09:37:02 Image size of job updated: 791456
	67  -  MemoryUsage of job (MB)
	67764  -  ResidentSetSize of job (KB)
...
006 (148399.000.000) 06/16 12:07:17 Image size of job updated: 791456
	89  -  MemoryUsage of job (MB)
	90224  -  ResidentSetSize of job (KB)
...
040 (148399.000.000) 06/16 12:07:21 Started transferring output files
...
040 (148399.000.000) 06/16 12:07:21 Finished transferring output files
...
005 (148399.000.000) 06/16 12:07:22 Job terminated.
	(1) Normal termination (return value 0)
		Usr 0 00:01:13, Sys 0 00:00:15  -  Run Remote Usage
		Usr 0 00:00:00, Sys 0 00:00:00  -  Run Local Usage
		Usr 0 00:01:13, Sys 0 00:00:15  -  Total Remote Usage
		Usr 0 00:00:00, Sys 0 00:00:00  -  Total Local Usage
	46854  -  Run Bytes Sent By Job
	19195  -  Run Bytes Received By Job
	46854  -  Total Bytes Sent By Job
	19195  -  Total Bytes Received By Job
	Partitionable Resources :      Usage  Request Allocated 
	   Cpus                 :       0.00        1         1 
	   Disk (KB)            : 2368545          20    210265 
	   Memory (MB)          :      89        2000      2000 

	Job terminated of its own accord at 2021-06-16T10:07:21Z.
...
