000 (116259.000.000) 06/04 09:00:46 Job submitted from host: <188.185.121.235:9618?addrs=188.185.121.235-9618+[2001-1458-d00-49--100-36e]-9618&alias=bigbird22.cern.ch&noUDP&sock=schedd_38044_991d>
...
040 (116259.000.000) 06/04 09:11:48 Started transferring input files
	Transferring to host: <128.142.168.87:9618?addrs=128.142.168.87-9618+[2001-1458-301-bd--100-10]-9618&alias=b7g00p8528.cern.ch&noUDP&sock=slot1_3_18203_68fd_65280>
...
001 (116259.000.000) 06/04 09:11:48 Job executing on host: <128.142.168.87:9618?addrs=128.142.168.87-9618+[2001-1458-301-bd--100-10]-9618&alias=b7g00p8528.cern.ch&noUDP&sock=startd_17992_980e>
...
040 (116259.000.000) 06/04 09:11:48 Finished transferring input files
...
006 (116259.000.000) 06/04 09:11:57 Image size of job updated: 147312
	6  -  MemoryUsage of job (MB)
	5780  -  ResidentSetSize of job (KB)
...
006 (116259.000.000) 06/04 09:16:58 Image size of job updated: 790820
	46  -  MemoryUsage of job (MB)
	46944  -  ResidentSetSize of job (KB)
...
006 (116259.000.000) 06/04 09:21:58 Image size of job updated: 790820
	66  -  MemoryUsage of job (MB)
	67496  -  ResidentSetSize of job (KB)
...
040 (116259.000.000) 06/04 14:06:36 Started transferring output files
...
040 (116259.000.000) 06/04 14:06:36 Finished transferring output files
...
005 (116259.000.000) 06/04 14:06:36 Job terminated.
	(1) Normal termination (return value 0)
		Usr 0 00:01:49, Sys 0 00:00:33  -  Run Remote Usage
		Usr 0 00:00:00, Sys 0 00:00:00  -  Run Local Usage
		Usr 0 00:01:49, Sys 0 00:00:33  -  Total Remote Usage
		Usr 0 00:00:00, Sys 0 00:00:00  -  Total Local Usage
	60980  -  Run Bytes Sent By Job
	19195  -  Run Bytes Received By Job
	60980  -  Total Bytes Sent By Job
	19195  -  Total Bytes Received By Job
	Partitionable Resources :      Usage  Request Allocated 
	   Cpus                 :       0.00        1         1 
	   Disk (KB)            : 3711715          20   1535859 
	   Memory (MB)          :      66        2000      2000 

	Job terminated of its own accord at 2021-06-04T12:06:36Z.
...
000 (123399.000.000) 06/08 10:43:08 Job submitted from host: <188.185.121.235:9618?addrs=188.185.121.235-9618+[2001-1458-d00-49--100-36e]-9618&alias=bigbird22.cern.ch&noUDP&sock=schedd_38044_991d>
...
040 (123399.000.000) 06/08 11:17:43 Entered queue to transfer input files
	Transferring to host: <188.184.138.22:9618?addrs=188.184.138.22-9618+[2001-1458-301-45--100-1b]-9618&alias=b7g42n0027.cern.ch&noUDP&sock=slot1_9_3003_a293_38885>
...
040 (123399.000.000) 06/08 11:53:56 Started transferring input files
	Seconds spent in queue: 2173
...
040 (123399.000.000) 06/08 11:53:56 Finished transferring input files
...
001 (123399.000.000) 06/08 11:53:56 Job executing on host: <188.184.138.22:9618?addrs=188.184.138.22-9618+[2001-1458-301-45--100-1b]-9618&alias=b7g42n0027.cern.ch&noUDP&sock=startd_2409_f3bd>
...
006 (123399.000.000) 06/08 11:54:05 Image size of job updated: 396052
	3  -  MemoryUsage of job (MB)
	2140  -  ResidentSetSize of job (KB)
...
006 (123399.000.000) 06/08 11:59:06 Image size of job updated: 791456
	42  -  MemoryUsage of job (MB)
	42896  -  ResidentSetSize of job (KB)
...
006 (123399.000.000) 06/08 12:04:07 Image size of job updated: 791456
	64  -  MemoryUsage of job (MB)
	65364  -  ResidentSetSize of job (KB)
...
006 (123399.000.000) 06/08 12:09:07 Image size of job updated: 791456
	67  -  MemoryUsage of job (MB)
	67772  -  ResidentSetSize of job (KB)
...
040 (123399.000.000) 06/08 16:17:42 Started transferring output files
	Seconds spent in queue: 17999
...
040 (123399.000.000) 06/08 16:17:42 Finished transferring output files
...
005 (123399.000.000) 06/08 16:17:43 Job terminated.
	(1) Normal termination (return value 0)
		Usr 0 00:02:29, Sys 0 00:00:23  -  Run Remote Usage
		Usr 0 00:00:00, Sys 0 00:00:00  -  Run Local Usage
		Usr 0 00:02:29, Sys 0 00:00:23  -  Total Remote Usage
		Usr 0 00:00:00, Sys 0 00:00:00  -  Total Local Usage
	60986  -  Run Bytes Sent By Job
	19195  -  Run Bytes Received By Job
	60986  -  Total Bytes Sent By Job
	19195  -  Total Bytes Received By Job
	Partitionable Resources :      Usage  Request Allocated 
	   Cpus                 :       0.00        1         1 
	   Disk (KB)            : 3711715          20    301341 
	   Memory (MB)          :      67        2000      2000 

	Job terminated of its own accord at 2021-06-08T14:17:42Z.
...
