000 (116657.000.000) 06/04 09:05:44 Job submitted from host: <188.185.121.235:9618?addrs=188.185.121.235-9618+[2001-1458-d00-49--100-36e]-9618&alias=bigbird22.cern.ch&noUDP&sock=schedd_38044_991d>
...
040 (116657.000.000) 06/04 09:31:40 Started transferring input files
	Transferring to host: <128.142.81.121:9618?addrs=128.142.81.121-9618+[2001-1458-301-f5--100-2bd]-9618&alias=b7s13n2092.cern.ch&noUDP&sock=slot1_16_2583_b502_88237>
...
040 (116657.000.000) 06/04 09:31:40 Finished transferring input files
...
001 (116657.000.000) 06/04 09:31:40 Job executing on host: <128.142.81.121:9618?addrs=128.142.81.121-9618+[2001-1458-301-f5--100-2bd]-9618&alias=b7s13n2092.cern.ch&noUDP&sock=startd_16687_78f6>
...
006 (116657.000.000) 06/04 09:31:49 Image size of job updated: 624804
	5  -  MemoryUsage of job (MB)
	4504  -  ResidentSetSize of job (KB)
...
006 (116657.000.000) 06/04 09:36:50 Image size of job updated: 790824
	41  -  MemoryUsage of job (MB)
	41560  -  ResidentSetSize of job (KB)
...
006 (116657.000.000) 06/04 09:41:50 Image size of job updated: 790824
	66  -  MemoryUsage of job (MB)
	67496  -  ResidentSetSize of job (KB)
...
040 (116657.000.000) 06/04 13:43:46 Started transferring output files
...
040 (116657.000.000) 06/04 13:43:46 Finished transferring output files
...
005 (116657.000.000) 06/04 13:43:46 Job terminated.
	(1) Normal termination (return value 0)
		Usr 0 00:01:11, Sys 0 00:00:22  -  Run Remote Usage
		Usr 0 00:00:00, Sys 0 00:00:00  -  Run Local Usage
		Usr 0 00:01:11, Sys 0 00:00:22  -  Total Remote Usage
		Usr 0 00:00:00, Sys 0 00:00:00  -  Total Local Usage
	50770  -  Run Bytes Sent By Job
	19195  -  Run Bytes Received By Job
	50770  -  Total Bytes Sent By Job
	19195  -  Total Bytes Received By Job
	Partitionable Resources :      Usage  Request Allocated 
	   Cpus                 :       0.00        1         1 
	   Disk (KB)            : 2758798          20    197626 
	   Memory (MB)          :      66        2000      2000 

	Job terminated of its own accord at 2021-06-04T11:43:46Z.
...
000 (123797.000.000) 06/08 10:49:08 Job submitted from host: <188.185.121.235:9618?addrs=188.185.121.235-9618+[2001-1458-d00-49--100-36e]-9618&alias=bigbird22.cern.ch&noUDP&sock=schedd_38044_991d>
...
040 (123797.000.000) 06/08 11:20:37 Entered queue to transfer input files
	Transferring to host: <188.184.196.171:9618?addrs=188.184.196.171-9618+[2001-1458-301-102--100-bb]-9618&alias=b7g24n0361.cern.ch&noUDP&sock=slot1_1_30648_09d7_85776>
...
040 (123797.000.000) 06/08 11:53:58 Started transferring input files
	Seconds spent in queue: 2001
...
040 (123797.000.000) 06/08 11:53:58 Finished transferring input files
...
001 (123797.000.000) 06/08 11:53:58 Job executing on host: <188.184.196.171:9618?addrs=188.184.196.171-9618+[2001-1458-301-102--100-bb]-9618&alias=b7g24n0361.cern.ch&noUDP&sock=startd_13413_c7e4>
...
006 (123797.000.000) 06/08 11:54:07 Image size of job updated: 256264
	2  -  MemoryUsage of job (MB)
	1744  -  ResidentSetSize of job (KB)
...
006 (123797.000.000) 06/08 11:59:08 Image size of job updated: 791456
	41  -  MemoryUsage of job (MB)
	41544  -  ResidentSetSize of job (KB)
...
006 (123797.000.000) 06/08 12:04:08 Image size of job updated: 791456
	64  -  MemoryUsage of job (MB)
	65528  -  ResidentSetSize of job (KB)
...
006 (123797.000.000) 06/08 12:09:08 Image size of job updated: 791456
	67  -  MemoryUsage of job (MB)
	67768  -  ResidentSetSize of job (KB)
...
006 (123797.000.000) 06/08 15:29:31 Image size of job updated: 791456
	90  -  MemoryUsage of job (MB)
	92136  -  ResidentSetSize of job (KB)
...
040 (123797.000.000) 06/08 15:30:43 Started transferring output files
	Seconds spent in queue: 15006
...
040 (123797.000.000) 06/08 15:30:43 Finished transferring output files
...
005 (123797.000.000) 06/08 15:30:43 Job terminated.
	(1) Normal termination (return value 0)
		Usr 0 00:01:12, Sys 0 00:00:17  -  Run Remote Usage
		Usr 0 00:00:00, Sys 0 00:00:00  -  Run Local Usage
		Usr 0 00:01:12, Sys 0 00:00:17  -  Total Remote Usage
		Usr 0 00:00:00, Sys 0 00:00:00  -  Total Local Usage
	50768  -  Run Bytes Sent By Job
	19195  -  Run Bytes Received By Job
	50768  -  Total Bytes Sent By Job
	19195  -  Total Bytes Received By Job
	Partitionable Resources :      Usage  Request Allocated 
	   Cpus                 :       0.00        1         1 
	   Disk (KB)            : 2758798          20    286753 
	   Memory (MB)          :      90        2000      2000 

	Job terminated of its own accord at 2021-06-08T13:30:43Z.
...
