000 (147468.000.000) 06/16 08:28:52 Job submitted from host: <188.185.121.235:9618?addrs=188.185.121.235-9618+[2001-1458-d00-49--100-36e]-9618&alias=bigbird22.cern.ch&noUDP&sock=schedd_38044_991d>
...
040 (147468.000.000) 06/16 08:54:13 Started transferring input files
	Transferring to host: <128.142.33.27:9618?addrs=128.142.33.27-9618+[2001-1458-301-80--100-17]-9618&alias=b7g00p8343.cern.ch&noUDP&sock=slot1_12_31227_ff0f_70714>
...
040 (147468.000.000) 06/16 08:54:13 Finished transferring input files
...
001 (147468.000.000) 06/16 08:54:13 Job executing on host: <128.142.33.27:9618?addrs=128.142.33.27-9618+[2001-1458-301-80--100-17]-9618&alias=b7g00p8343.cern.ch&noUDP&sock=startd_4634_1df6>
...
006 (147468.000.000) 06/16 08:54:26 Image size of job updated: 625440
	11  -  MemoryUsage of job (MB)
	11124  -  ResidentSetSize of job (KB)
...
006 (147468.000.000) 06/16 08:59:27 Image size of job updated: 791436
	67  -  MemoryUsage of job (MB)
	67768  -  ResidentSetSize of job (KB)
...
040 (147468.000.000) 06/16 10:38:15 Started transferring output files
...
040 (147468.000.000) 06/16 10:38:15 Finished transferring output files
...
005 (147468.000.000) 06/16 10:38:15 Job terminated.
	(1) Normal termination (return value 0)
		Usr 0 00:02:36, Sys 0 00:00:29  -  Run Remote Usage
		Usr 0 00:00:00, Sys 0 00:00:00  -  Run Local Usage
		Usr 0 00:02:36, Sys 0 00:00:29  -  Total Remote Usage
		Usr 0 00:00:00, Sys 0 00:00:00  -  Total Local Usage
	54409  -  Run Bytes Sent By Job
	19195  -  Run Bytes Received By Job
	54409  -  Total Bytes Sent By Job
	19195  -  Total Bytes Received By Job
	Partitionable Resources :      Usage  Request Allocated 
	   Cpus                 :       0.01        1         1 
	   Disk (KB)            : 3074344          20    618490 
	   Memory (MB)          :      67        2000      2000 

	Job terminated of its own accord at 2021-06-16T08:38:15Z.
...
