000 (146871.000.000) 06/16 08:16:29 Job submitted from host: <188.185.121.235:9618?addrs=188.185.121.235-9618+[2001-1458-d00-49--100-36e]-9618&alias=bigbird22.cern.ch&noUDP&sock=schedd_38044_991d>
...
040 (146871.000.000) 06/16 08:42:43 Started transferring input files
	Transferring to host: <188.184.182.186:9618?addrs=188.184.182.186-9618+[2001-1458-301-2b--100-40c]-9618&alias=b7g41n3986.cern.ch&noUDP&sock=slot1_5_5513_2839_42261>
...
001 (146871.000.000) 06/16 08:42:44 Job executing on host: <188.184.182.186:9618?addrs=188.184.182.186-9618+[2001-1458-301-2b--100-40c]-9618&alias=b7g41n3986.cern.ch&noUDP&sock=startd_4422_b3e2>
...
040 (146871.000.000) 06/16 08:42:44 Finished transferring input files
...
006 (146871.000.000) 06/16 08:42:52 Image size of job updated: 44208
	44  -  MemoryUsage of job (MB)
	44208  -  ResidentSetSize of job (KB)
...
006 (146871.000.000) 06/16 08:43:13 Image size of job updated: 791428
	44  -  MemoryUsage of job (MB)
	44208  -  ResidentSetSize of job (KB)
...
040 (146871.000.000) 06/16 08:43:13 Started transferring output files
...
040 (146871.000.000) 06/16 08:43:13 Finished transferring output files
...
005 (146871.000.000) 06/16 08:43:13 Job terminated.
	(1) Normal termination (return value 0)
		Usr 0 00:00:10, Sys 0 00:00:02  -  Run Remote Usage
		Usr 0 00:00:00, Sys 0 00:00:00  -  Run Local Usage
		Usr 0 00:00:10, Sys 0 00:00:02  -  Total Remote Usage
		Usr 0 00:00:00, Sys 0 00:00:00  -  Total Local Usage
	16876  -  Run Bytes Sent By Job
	19195  -  Run Bytes Received By Job
	16876  -  Total Bytes Sent By Job
	19195  -  Total Bytes Received By Job
	Partitionable Resources :    Usage  Request Allocated 
	   Cpus                 :                 1         1 
	   Disk (KB)            :   466139       20    261708 
	   Memory (MB)          :       44     2000      2000 

	Job terminated of its own accord at 2021-06-16T06:43:13Z.
...
