000 (116092.000.000) 06/04 08:58:00 Job submitted from host: <188.185.121.235:9618?addrs=188.185.121.235-9618+[2001-1458-d00-49--100-36e]-9618&alias=bigbird22.cern.ch&noUDP&sock=schedd_38044_991d>
...
040 (116092.000.000) 06/04 09:01:36 Started transferring input files
	Transferring to host: <128.142.79.130:9618?addrs=128.142.79.130-9618+[2001-1458-301-f4--100-2ae]-9618&alias=b7s12n9851.cern.ch&noUDP&sock=slot1_11_5364_2c53_41234>
...
040 (116092.000.000) 06/04 09:01:36 Finished transferring input files
...
001 (116092.000.000) 06/04 09:01:36 Job executing on host: <128.142.79.130:9618?addrs=128.142.79.130-9618+[2001-1458-301-f4--100-2ae]-9618&alias=b7s12n9851.cern.ch&noUDP&sock=startd_4317_ae70>
...
006 (116092.000.000) 06/04 09:01:45 Image size of job updated: 766156
	18  -  MemoryUsage of job (MB)
	17532  -  ResidentSetSize of job (KB)
...
006 (116092.000.000) 06/04 09:06:46 Image size of job updated: 790824
	66  -  MemoryUsage of job (MB)
	67504  -  ResidentSetSize of job (KB)
...
040 (116092.000.000) 06/04 09:44:02 Started transferring output files
...
040 (116092.000.000) 06/04 09:44:02 Finished transferring output files
...
005 (116092.000.000) 06/04 09:44:02 Job terminated.
	(1) Normal termination (return value 0)
		Usr 0 00:01:35, Sys 0 00:00:22  -  Run Remote Usage
		Usr 0 00:00:00, Sys 0 00:00:00  -  Run Local Usage
		Usr 0 00:01:35, Sys 0 00:00:22  -  Total Remote Usage
		Usr 0 00:00:00, Sys 0 00:00:00  -  Total Local Usage
	61066  -  Run Bytes Sent By Job
	19195  -  Run Bytes Received By Job
	61066  -  Total Bytes Sent By Job
	19195  -  Total Bytes Received By Job
	Partitionable Resources :      Usage  Request Allocated 
	   Cpus                 :       0.02        1         1 
	   Disk (KB)            : 3711718          20    274781 
	   Memory (MB)          :      66        2000      2000 

	Job terminated of its own accord at 2021-06-04T07:44:02Z.
...
000 (123233.000.000) 06/08 10:39:52 Job submitted from host: <188.185.121.235:9618?addrs=188.185.121.235-9618+[2001-1458-d00-49--100-36e]-9618&alias=bigbird22.cern.ch&noUDP&sock=schedd_38044_991d>
...
040 (123233.000.000) 06/08 11:16:05 Entered queue to transfer input files
	Transferring to host: <188.184.186.31:9618?addrs=188.184.186.31-9618+[2001-1458-301-f8--100-12c]-9618&alias=b7g28n0720.cern.ch&noUDP&sock=slot1_2_14892_82d7_84792>
...
040 (123233.000.000) 06/08 11:53:55 Started transferring input files
	Seconds spent in queue: 2270
...
040 (123233.000.000) 06/08 11:53:55 Finished transferring input files
...
001 (123233.000.000) 06/08 11:53:55 Job executing on host: <188.184.186.31:9618?addrs=188.184.186.31-9618+[2001-1458-301-f8--100-12c]-9618&alias=b7g28n0720.cern.ch&noUDP&sock=startd_18176_cd7b>
...
006 (123233.000.000) 06/08 11:54:04 Image size of job updated: 504720
	3  -  MemoryUsage of job (MB)
	2136  -  ResidentSetSize of job (KB)
...
006 (123233.000.000) 06/08 11:59:05 Image size of job updated: 791456
	67  -  MemoryUsage of job (MB)
	67764  -  ResidentSetSize of job (KB)
...
040 (123233.000.000) 06/08 12:32:50 Started transferring output files
	Seconds spent in queue: 4605
...
040 (123233.000.000) 06/08 12:32:50 Finished transferring output files
...
005 (123233.000.000) 06/08 12:32:50 Job terminated.
	(1) Normal termination (return value 0)
		Usr 0 00:02:34, Sys 0 00:00:24  -  Run Remote Usage
		Usr 0 00:00:00, Sys 0 00:00:00  -  Run Local Usage
		Usr 0 00:02:34, Sys 0 00:00:24  -  Total Remote Usage
		Usr 0 00:00:00, Sys 0 00:00:00  -  Total Local Usage
	61076  -  Run Bytes Sent By Job
	19195  -  Run Bytes Received By Job
	61076  -  Total Bytes Sent By Job
	19195  -  Total Bytes Received By Job
	Partitionable Resources :      Usage  Request Allocated 
	   Cpus                 :       0.02        1         1 
	   Disk (KB)            : 3711717          20    155488 
	   Memory (MB)          :      67        2000      2000 

	Job terminated of its own accord at 2021-06-08T10:32:50Z.
...
