000 (117118.000.000) 06/04 09:11:42 Job submitted from host: <188.185.121.235:9618?addrs=188.185.121.235-9618+[2001-1458-d00-49--100-36e]-9618&alias=bigbird22.cern.ch&noUDP&sock=schedd_38044_991d>
...
040 (117118.000.000) 06/04 10:02:49 Started transferring input files
	Transferring to host: <188.184.190.228:9618?addrs=188.184.190.228-9618+[2001-1458-301-4b--100-c7]-9618&alias=b7g42n0448.cern.ch&noUDP&sock=slot1_5_3305_6bdf_30351>
...
001 (117118.000.000) 06/04 10:02:49 Job executing on host: <188.184.190.228:9618?addrs=188.184.190.228-9618+[2001-1458-301-4b--100-c7]-9618&alias=b7g42n0448.cern.ch&noUDP&sock=startd_2854_2f62>
...
040 (117118.000.000) 06/04 10:02:49 Finished transferring input files
...
006 (117118.000.000) 06/04 10:02:58 Image size of job updated: 29976
	30  -  MemoryUsage of job (MB)
	29976  -  ResidentSetSize of job (KB)
...
006 (117118.000.000) 06/04 10:07:26 Image size of job updated: 790796
	30  -  MemoryUsage of job (MB)
	30376  -  ResidentSetSize of job (KB)
...
040 (117118.000.000) 06/04 10:07:26 Started transferring output files
...
040 (117118.000.000) 06/04 10:07:26 Finished transferring output files
...
005 (117118.000.000) 06/04 10:07:26 Job terminated.
	(1) Normal termination (return value 0)
		Usr 0 00:01:36, Sys 0 00:00:10  -  Run Remote Usage
		Usr 0 00:00:00, Sys 0 00:00:00  -  Run Local Usage
		Usr 0 00:01:36, Sys 0 00:00:10  -  Total Remote Usage
		Usr 0 00:00:00, Sys 0 00:00:00  -  Total Local Usage
	35810  -  Run Bytes Sent By Job
	19195  -  Run Bytes Received By Job
	35810  -  Total Bytes Sent By Job
	19195  -  Total Bytes Received By Job
	Partitionable Resources :    Usage  Request Allocated 
	   Cpus                 :                 1         1 
	   Disk (KB)            :  2758773       20    294167 
	   Memory (MB)          :       30     2000      2000 

	Job terminated of its own accord at 2021-06-04T08:07:26Z.
...
000 (124344.000.000) 06/08 10:56:57 Job submitted from host: <188.185.121.235:9618?addrs=188.185.121.235-9618+[2001-1458-d00-49--100-36e]-9618&alias=bigbird22.cern.ch&noUDP&sock=schedd_38044_991d>
...
040 (124344.000.000) 06/08 12:32:01 Started transferring input files
	Transferring to host: <188.184.192.159:9618?addrs=188.184.192.159-9618+[2001-1458-301-83--100-2a1]-9618&alias=b7g44n9713.cern.ch&noUDP&sock=slot1_4_3835_dab5_33724>
...
001 (124344.000.000) 06/08 12:32:01 Job executing on host: <188.184.192.159:9618?addrs=188.184.192.159-9618+[2001-1458-301-83--100-2a1]-9618&alias=b7g44n9713.cern.ch&noUDP&sock=startd_3237_e427>
...
040 (124344.000.000) 06/08 12:32:01 Finished transferring input files
...
006 (124344.000.000) 06/08 12:32:09 Image size of job updated: 67772
	67  -  MemoryUsage of job (MB)
	67772  -  ResidentSetSize of job (KB)
...
006 (124344.000.000) 06/08 12:37:09 Image size of job updated: 791428
	91  -  MemoryUsage of job (MB)
	92640  -  ResidentSetSize of job (KB)
...
040 (124344.000.000) 06/08 12:37:41 Started transferring output files
...
040 (124344.000.000) 06/08 12:37:41 Finished transferring output files
...
005 (124344.000.000) 06/08 12:37:41 Job terminated.
	(1) Normal termination (return value 0)
		Usr 0 00:01:30, Sys 0 00:00:20  -  Run Remote Usage
		Usr 0 00:00:00, Sys 0 00:00:00  -  Run Local Usage
		Usr 0 00:01:30, Sys 0 00:00:20  -  Total Remote Usage
		Usr 0 00:00:00, Sys 0 00:00:00  -  Total Local Usage
	40618  -  Run Bytes Sent By Job
	19195  -  Run Bytes Received By Job
	40618  -  Total Bytes Sent By Job
	19195  -  Total Bytes Received By Job
	Partitionable Resources :      Usage  Request Allocated 
	   Cpus                 :       0.12        1         1 
	   Disk (KB)            : 2758784          20    218297 
	   Memory (MB)          :      91        2000      2000 

	Job terminated of its own accord at 2021-06-08T10:37:40Z.
...
