000 (147331.000.000) 06/16 08:25:48 Job submitted from host: <188.185.121.235:9618?addrs=188.185.121.235-9618+[2001-1458-d00-49--100-36e]-9618&alias=bigbird22.cern.ch&noUDP&sock=schedd_38044_991d>
...
040 (147331.000.000) 06/16 08:51:04 Entered queue to transfer input files
	Transferring to host: <128.142.149.38:9618?addrs=128.142.149.38-9618+[2001-1458-301-b--100-2af]-9618&alias=b7g41n6533.cern.ch&noUDP&sock=slot1_7_28282_fa37_89865>
...
040 (147331.000.000) 06/16 08:51:15 Started transferring input files
	Seconds spent in queue: 11
...
001 (147331.000.000) 06/16 08:51:15 Job executing on host: <128.142.149.38:9618?addrs=128.142.149.38-9618+[2001-1458-301-b--100-2af]-9618&alias=b7g41n6533.cern.ch&noUDP&sock=startd_2108_7dbb>
...
006 (147331.000.000) 06/16 08:51:30 Image size of job updated: 67760
	67  -  MemoryUsage of job (MB)
	67760  -  ResidentSetSize of job (KB)
...
040 (147331.000.000) 06/16 08:51:30 Finished transferring input files
...
006 (147331.000.000) 06/16 08:51:44 Image size of job updated: 791424
	67  -  MemoryUsage of job (MB)
	67760  -  ResidentSetSize of job (KB)
...
040 (147331.000.000) 06/16 08:51:48 Started transferring output files
	Seconds spent in queue: 44
...
040 (147331.000.000) 06/16 08:51:51 Finished transferring output files
...
005 (147331.000.000) 06/16 08:52:03 Job terminated.
	(1) Normal termination (return value 0)
		Usr 0 00:00:09, Sys 0 00:00:03  -  Run Remote Usage
		Usr 0 00:00:00, Sys 0 00:00:00  -  Run Local Usage
		Usr 0 00:00:09, Sys 0 00:00:03  -  Total Remote Usage
		Usr 0 00:00:00, Sys 0 00:00:00  -  Total Local Usage
	17532  -  Run Bytes Sent By Job
	19195  -  Run Bytes Received By Job
	17532  -  Total Bytes Sent By Job
	19195  -  Total Bytes Received By Job
	Partitionable Resources :    Usage  Request Allocated 
	   Cpus                 :                 1         1 
	   Disk (KB)            :   465704       20    354174 
	   Memory (MB)          :       67     2000      2000 

	Job terminated of its own accord at 2021-06-16T06:51:42Z.
...
