000 (117111.000.000) 06/04 09:11:27 Job submitted from host: <188.185.121.235:9618?addrs=188.185.121.235-9618+[2001-1458-d00-49--100-36e]-9618&alias=bigbird22.cern.ch&noUDP&sock=schedd_38044_991d>
...
040 (117111.000.000) 06/04 10:02:10 Started transferring input files
	Transferring to host: <188.184.183.113:9618?addrs=188.184.183.113-9618+[2001-1458-301-2b--100-47b]-9618&alias=b7g41n9824.cern.ch&noUDP&sock=slot1_8_16872_99a7_83611>
...
040 (117111.000.000) 06/04 10:02:10 Finished transferring input files
...
001 (117111.000.000) 06/04 10:02:10 Job executing on host: <188.184.183.113:9618?addrs=188.184.183.113-9618+[2001-1458-301-2b--100-47b]-9618&alias=b7g41n9824.cern.ch&noUDP&sock=startd_31579_2556>
...
006 (117111.000.000) 06/04 10:02:18 Image size of job updated: 71812
	38  -  MemoryUsage of job (MB)
	38148  -  ResidentSetSize of job (KB)
...
006 (117111.000.000) 06/04 10:07:18 Image size of job updated: 790796
	90  -  MemoryUsage of job (MB)
	91768  -  ResidentSetSize of job (KB)
...
040 (117111.000.000) 06/04 10:07:21 Started transferring output files
...
040 (117111.000.000) 06/04 10:07:21 Finished transferring output files
...
005 (117111.000.000) 06/04 10:07:21 Job terminated.
	(1) Normal termination (return value 0)
		Usr 0 00:01:34, Sys 0 00:00:11  -  Run Remote Usage
		Usr 0 00:00:00, Sys 0 00:00:00  -  Run Local Usage
		Usr 0 00:01:34, Sys 0 00:00:11  -  Total Remote Usage
		Usr 0 00:00:00, Sys 0 00:00:00  -  Total Local Usage
	38589  -  Run Bytes Sent By Job
	19195  -  Run Bytes Received By Job
	38589  -  Total Bytes Sent By Job
	19195  -  Total Bytes Received By Job
	Partitionable Resources :      Usage  Request Allocated 
	   Cpus                 :       0.98        1         1 
	   Disk (KB)            : 2758842          20    352838 
	   Memory (MB)          :      90        2000      2000 

	Job terminated of its own accord at 2021-06-04T08:07:21Z.
...
000 (124329.000.000) 06/08 10:56:44 Job submitted from host: <188.185.121.235:9618?addrs=188.185.121.235-9618+[2001-1458-d00-49--100-36e]-9618&alias=bigbird22.cern.ch&noUDP&sock=schedd_38044_991d>
...
040 (124329.000.000) 06/08 12:31:27 Started transferring input files
	Transferring to host: <128.142.78.217:9618?addrs=128.142.78.217-9618+[2001-1458-301-f4--100-3f0]-9618&alias=b7s12n5857.cern.ch&noUDP&sock=slot1_1_5681_8740_45267>
...
040 (124329.000.000) 06/08 12:31:27 Finished transferring input files
...
001 (124329.000.000) 06/08 12:31:27 Job executing on host: <128.142.78.217:9618?addrs=128.142.78.217-9618+[2001-1458-301-f4--100-3f0]-9618&alias=b7s12n5857.cern.ch&noUDP&sock=startd_4506_51d6>
...
006 (124329.000.000) 06/08 12:31:35 Image size of job updated: 14280
	14  -  MemoryUsage of job (MB)
	14280  -  ResidentSetSize of job (KB)
...
006 (124329.000.000) 06/08 12:36:35 Image size of job updated: 791456
	67  -  MemoryUsage of job (MB)
	67776  -  ResidentSetSize of job (KB)
...
040 (124329.000.000) 06/08 12:49:59 Started transferring output files
...
040 (124329.000.000) 06/08 12:50:00 Finished transferring output files
...
005 (124329.000.000) 06/08 12:50:00 Job terminated.
	(1) Normal termination (return value 0)
		Usr 0 00:00:51, Sys 0 00:00:13  -  Run Remote Usage
		Usr 0 00:00:00, Sys 0 00:00:00  -  Run Local Usage
		Usr 0 00:00:51, Sys 0 00:00:13  -  Total Remote Usage
		Usr 0 00:00:00, Sys 0 00:00:00  -  Total Local Usage
	49781  -  Run Bytes Sent By Job
	19195  -  Run Bytes Received By Job
	49781  -  Total Bytes Sent By Job
	19195  -  Total Bytes Received By Job
	Partitionable Resources :      Usage  Request Allocated 
	   Cpus                 :       0.01        1         1 
	   Disk (KB)            : 2758854          20    288759 
	   Memory (MB)          :      67        2000      2000 

	Job terminated of its own accord at 2021-06-08T10:49:59Z.
...
