000 (148870.000.000) 06/16 08:59:14 Job submitted from host: <188.185.121.235:9618?addrs=188.185.121.235-9618+[2001-1458-d00-49--100-36e]-9618&alias=bigbird22.cern.ch&noUDP&sock=schedd_38044_991d>
...
040 (148870.000.000) 06/16 09:55:30 Started transferring input files
	Transferring to host: <128.142.149.109:9618?addrs=128.142.149.109-9618&alias=b7g41n2657.cern.ch&noUDP&sock=slot1_12_3364_fe02_51139>
...
040 (148870.000.000) 06/16 09:55:30 Finished transferring input files
...
001 (148870.000.000) 06/16 09:55:30 Job executing on host: <128.142.149.109:9618?addrs=128.142.149.109-9618&alias=b7g41n2657.cern.ch&noUDP&sock=startd_2890_e0ca>
...
006 (148870.000.000) 06/16 09:55:39 Image size of job updated: 3264
	4  -  MemoryUsage of job (MB)
	3264  -  ResidentSetSize of job (KB)
...
006 (148870.000.000) 06/16 10:00:40 Image size of job updated: 791456
	35  -  MemoryUsage of job (MB)
	35712  -  ResidentSetSize of job (KB)
...
006 (148870.000.000) 06/16 10:05:41 Image size of job updated: 791456
	51  -  MemoryUsage of job (MB)
	51932  -  ResidentSetSize of job (KB)
...
006 (148870.000.000) 06/16 10:10:41 Image size of job updated: 791456
	67  -  MemoryUsage of job (MB)
	67768  -  ResidentSetSize of job (KB)
...
040 (148870.000.000) 06/16 12:19:05 Started transferring output files
...
040 (148870.000.000) 06/16 12:19:05 Finished transferring output files
...
005 (148870.000.000) 06/16 12:19:05 Job terminated.
	(1) Normal termination (return value 0)
		Usr 0 00:01:14, Sys 0 00:00:14  -  Run Remote Usage
		Usr 0 00:00:00, Sys 0 00:00:00  -  Run Local Usage
		Usr 0 00:01:14, Sys 0 00:00:14  -  Total Remote Usage
		Usr 0 00:00:00, Sys 0 00:00:00  -  Total Local Usage
	45505  -  Run Bytes Sent By Job
	19195  -  Run Bytes Received By Job
	45505  -  Total Bytes Sent By Job
	19195  -  Total Bytes Received By Job
	Partitionable Resources :      Usage  Request Allocated 
	   Cpus                 :       0.00        1         1 
	   Disk (KB)            : 2365759          20    365225 
	   Memory (MB)          :      67        2000      2000 

	Job terminated of its own accord at 2021-06-16T10:19:05Z.
...
