000 (146951.000.000) 06/16 08:18:22 Job submitted from host: <188.185.121.235:9618?addrs=188.185.121.235-9618+[2001-1458-d00-49--100-36e]-9618&alias=bigbird22.cern.ch&noUDP&sock=schedd_38044_991d>
...
040 (146951.000.000) 06/16 08:45:38 Started transferring input files
	Transferring to host: <128.142.84.54:9618?addrs=128.142.84.54-9618+[2001-1458-301-f6--100-1c2]-9618&alias=b7s14n2090.cern.ch&noUDP&sock=slot1_6_2456_395d_91091>
...
001 (146951.000.000) 06/16 08:45:40 Job executing on host: <128.142.84.54:9618?addrs=128.142.84.54-9618+[2001-1458-301-f6--100-1c2]-9618&alias=b7s14n2090.cern.ch&noUDP&sock=startd_15058_1d2f>
...
040 (146951.000.000) 06/16 08:45:40 Finished transferring input files
...
006 (146951.000.000) 06/16 08:45:49 Image size of job updated: 126248
	1  -  MemoryUsage of job (MB)
	864  -  ResidentSetSize of job (KB)
...
006 (146951.000.000) 06/16 08:50:49 Image size of job updated: 791424
	67  -  MemoryUsage of job (MB)
	67776  -  ResidentSetSize of job (KB)
...
040 (146951.000.000) 06/16 08:51:54 Started transferring output files
...
040 (146951.000.000) 06/16 08:51:58 Finished transferring output files
...
005 (146951.000.000) 06/16 08:52:06 Job terminated.
	(1) Normal termination (return value 0)
		Usr 0 00:00:08, Sys 0 00:00:02  -  Run Remote Usage
		Usr 0 00:00:00, Sys 0 00:00:00  -  Run Local Usage
		Usr 0 00:00:08, Sys 0 00:00:02  -  Total Remote Usage
		Usr 0 00:00:00, Sys 0 00:00:00  -  Total Local Usage
	21921  -  Run Bytes Sent By Job
	19195  -  Run Bytes Received By Job
	21921  -  Total Bytes Sent By Job
	19195  -  Total Bytes Received By Job
	Partitionable Resources :     Usage  Request Allocated 
	   Cpus                 :      0.01        1         1 
	   Disk (KB)            : 466132          20    238893 
	   Memory (MB)          :     67        2000      2000 

	Job terminated of its own accord at 2021-06-16T06:51:49Z.
...
