000 (148052.000.000) 06/16 08:41:12 Job submitted from host: <188.185.121.235:9618?addrs=188.185.121.235-9618+[2001-1458-d00-49--100-36e]-9618&alias=bigbird22.cern.ch&noUDP&sock=schedd_38044_991d>
...
040 (148052.000.000) 06/16 08:59:31 Started transferring input files
	Transferring to host: <188.184.169.19:9618?addrs=188.184.169.19-9618+[2001-1458-301-c0--100-4b5]-9618&alias=b7g52n8630.cern.ch&noUDP&sock=slot1_9_6171_c714_42899>
...
001 (148052.000.000) 06/16 08:59:31 Job executing on host: <188.184.169.19:9618?addrs=188.184.169.19-9618+[2001-1458-301-c0--100-4b5]-9618&alias=b7g52n8630.cern.ch&noUDP&sock=startd_4992_acdd>
...
040 (148052.000.000) 06/16 08:59:31 Finished transferring input files
...
006 (148052.000.000) 06/16 08:59:40 Image size of job updated: 20372
	20  -  MemoryUsage of job (MB)
	20372  -  ResidentSetSize of job (KB)
...
006 (148052.000.000) 06/16 09:04:41 Image size of job updated: 791456
	67  -  MemoryUsage of job (MB)
	67768  -  ResidentSetSize of job (KB)
...
040 (148052.000.000) 06/16 09:32:11 Started transferring output files
...
040 (148052.000.000) 06/16 09:32:11 Finished transferring output files
...
005 (148052.000.000) 06/16 09:32:12 Job terminated.
	(1) Normal termination (return value 0)
		Usr 0 00:01:28, Sys 0 00:00:16  -  Run Remote Usage
		Usr 0 00:00:00, Sys 0 00:00:00  -  Run Local Usage
		Usr 0 00:01:28, Sys 0 00:00:16  -  Total Remote Usage
		Usr 0 00:00:00, Sys 0 00:00:00  -  Total Local Usage
	54526  -  Run Bytes Sent By Job
	19195  -  Run Bytes Received By Job
	54526  -  Total Bytes Sent By Job
	19195  -  Total Bytes Received By Job
	Partitionable Resources :      Usage  Request Allocated 
	   Cpus                 :       0.02        1         1 
	   Disk (KB)            : 3074149          20    284410 
	   Memory (MB)          :      67        2000      2000 

	Job terminated of its own accord at 2021-06-16T07:32:11Z.
...
