000 (117023.000.000) 06/04 09:10:03 Job submitted from host: <188.185.121.235:9618?addrs=188.185.121.235-9618+[2001-1458-d00-49--100-36e]-9618&alias=bigbird22.cern.ch&noUDP&sock=schedd_38044_991d>
...
040 (117023.000.000) 06/04 09:53:21 Started transferring input files
	Transferring to host: <128.142.76.59:9618?addrs=128.142.76.59-9618&alias=b7s12n8536.cern.ch&noUDP&sock=slot1_2_5955_960b_36164>
...
040 (117023.000.000) 06/04 09:53:21 Finished transferring input files
...
001 (117023.000.000) 06/04 09:53:21 Job executing on host: <128.142.76.59:9618?addrs=128.142.76.59-9618&alias=b7s12n8536.cern.ch&noUDP&sock=startd_4867_ef87>
...
006 (117023.000.000) 06/04 09:53:30 Image size of job updated: 790796
	66  -  MemoryUsage of job (MB)
	67496  -  ResidentSetSize of job (KB)
...
040 (117023.000.000) 06/04 09:55:44 Started transferring output files
...
040 (117023.000.000) 06/04 09:55:44 Finished transferring output files
...
005 (117023.000.000) 06/04 09:55:44 Job terminated.
	(1) Normal termination (return value 0)
		Usr 0 00:00:55, Sys 0 00:00:14  -  Run Remote Usage
		Usr 0 00:00:00, Sys 0 00:00:00  -  Run Local Usage
		Usr 0 00:00:55, Sys 0 00:00:14  -  Total Remote Usage
		Usr 0 00:00:00, Sys 0 00:00:00  -  Total Local Usage
	28752  -  Run Bytes Sent By Job
	19195  -  Run Bytes Received By Job
	28752  -  Total Bytes Sent By Job
	19195  -  Total Bytes Received By Job
	Partitionable Resources :    Usage  Request Allocated 
	   Cpus                 :                 1         1 
	   Disk (KB)            :  2758820       20    278941 
	   Memory (MB)          :       66     2000      2000 

	Job terminated of its own accord at 2021-06-04T07:55:44Z.
...
000 (124198.000.000) 06/08 10:54:52 Job submitted from host: <188.185.121.235:9618?addrs=188.185.121.235-9618+[2001-1458-d00-49--100-36e]-9618&alias=bigbird22.cern.ch&noUDP&sock=schedd_38044_991d>
...
040 (124198.000.000) 06/08 11:54:22 Started transferring input files
	Transferring to host: <188.184.197.145:9618?addrs=188.184.197.145-9618+[2001-1458-301-103--100-87]-9618&alias=b7g23n1864.cern.ch&noUDP&sock=slot1_6_5777_2b44_38436>
...
001 (124198.000.000) 06/08 11:54:22 Job executing on host: <188.184.197.145:9618?addrs=188.184.197.145-9618+[2001-1458-301-103--100-87]-9618&alias=b7g23n1864.cern.ch&noUDP&sock=startd_4674_8dbf>
...
040 (124198.000.000) 06/08 11:54:22 Finished transferring input files
...
006 (124198.000.000) 06/08 11:54:30 Image size of job updated: 396052
	3  -  MemoryUsage of job (MB)
	2132  -  ResidentSetSize of job (KB)
...
006 (124198.000.000) 06/08 11:59:30 Image size of job updated: 791452
	67  -  MemoryUsage of job (MB)
	67760  -  ResidentSetSize of job (KB)
...
040 (124198.000.000) 06/08 12:28:00 Started transferring output files
...
040 (124198.000.000) 06/08 12:28:01 Finished transferring output files
...
005 (124198.000.000) 06/08 12:28:01 Job terminated.
	(1) Normal termination (return value 0)
		Usr 0 00:01:23, Sys 0 00:00:16  -  Run Remote Usage
		Usr 0 00:00:00, Sys 0 00:00:00  -  Run Local Usage
		Usr 0 00:01:23, Sys 0 00:00:16  -  Total Remote Usage
		Usr 0 00:00:00, Sys 0 00:00:00  -  Total Local Usage
	51042  -  Run Bytes Sent By Job
	19195  -  Run Bytes Received By Job
	51042  -  Total Bytes Sent By Job
	19195  -  Total Bytes Received By Job
	Partitionable Resources :      Usage  Request Allocated 
	   Cpus                 :       1.00        1         1 
	   Disk (KB)            : 2758850          20    313132 
	   Memory (MB)          :      67        2000      2000 

	Job terminated of its own accord at 2021-06-08T10:28:00Z.
...
