000 (116348.000.000) 06/04 09:01:59 Job submitted from host: <188.185.121.235:9618?addrs=188.185.121.235-9618+[2001-1458-d00-49--100-36e]-9618&alias=bigbird22.cern.ch&noUDP&sock=schedd_38044_991d>
...
040 (116348.000.000) 06/04 09:12:18 Started transferring input files
	Transferring to host: <188.184.192.152:9618?addrs=188.184.192.152-9618+[2001-1458-301-83--100-3a0]-9618&alias=b7g44n2135.cern.ch&noUDP&sock=slot1_9_16293_a470_33295>
...
040 (116348.000.000) 06/04 09:12:18 Finished transferring input files
...
001 (116348.000.000) 06/04 09:12:18 Job executing on host: <188.184.192.152:9618?addrs=188.184.192.152-9618+[2001-1458-301-83--100-3a0]-9618&alias=b7g44n2135.cern.ch&noUDP&sock=startd_16146_6439>
...
006 (116348.000.000) 06/04 09:12:27 Image size of job updated: 5112
	5  -  MemoryUsage of job (MB)
	5112  -  ResidentSetSize of job (KB)
...
006 (116348.000.000) 06/04 09:17:29 Image size of job updated: 790824
	45  -  MemoryUsage of job (MB)
	45248  -  ResidentSetSize of job (KB)
...
006 (116348.000.000) 06/04 09:22:29 Image size of job updated: 790824
	66  -  MemoryUsage of job (MB)
	67488  -  ResidentSetSize of job (KB)
...
006 (116348.000.000) 06/04 14:02:59 Image size of job updated: 790824
	107  -  MemoryUsage of job (MB)
	108712  -  ResidentSetSize of job (KB)
...
040 (116348.000.000) 06/04 14:03:44 Started transferring output files
...
040 (116348.000.000) 06/04 14:03:44 Finished transferring output files
...
005 (116348.000.000) 06/04 14:03:44 Job terminated.
	(1) Normal termination (return value 0)
		Usr 0 00:02:58, Sys 0 00:00:35  -  Run Remote Usage
		Usr 0 00:00:00, Sys 0 00:00:00  -  Run Local Usage
		Usr 0 00:02:58, Sys 0 00:00:35  -  Total Remote Usage
		Usr 0 00:00:00, Sys 0 00:00:00  -  Total Local Usage
	61418  -  Run Bytes Sent By Job
	19195  -  Run Bytes Received By Job
	61418  -  Total Bytes Sent By Job
	19195  -  Total Bytes Received By Job
	Partitionable Resources :      Usage  Request Allocated 
	   Cpus                 :       0.00        1         1 
	   Disk (KB)            : 3714680          20    193667 
	   Memory (MB)          :     107        2000      2000 

	Job terminated of its own accord at 2021-06-04T12:03:44Z.
...
000 (123498.000.000) 06/08 10:44:36 Job submitted from host: <188.185.121.235:9618?addrs=188.185.121.235-9618+[2001-1458-d00-49--100-36e]-9618&alias=bigbird22.cern.ch&noUDP&sock=schedd_38044_991d>
...
040 (123498.000.000) 06/08 11:18:19 Entered queue to transfer input files
	Transferring to host: <188.184.182.8:9618?addrs=188.184.182.8-9618+[2001-1458-301-2b--100-1ce]-9618&alias=b7g41n8292.cern.ch&noUDP&sock=slot1_3_5086_4c08_38590>
...
040 (123498.000.000) 06/08 11:53:57 Started transferring input files
	Seconds spent in queue: 2138
...
040 (123498.000.000) 06/08 11:53:57 Finished transferring input files
...
001 (123498.000.000) 06/08 11:53:57 Job executing on host: <188.184.182.8:9618?addrs=188.184.182.8-9618+[2001-1458-301-2b--100-1ce]-9618&alias=b7g41n8292.cern.ch&noUDP&sock=startd_4060_6699>
...
006 (123498.000.000) 06/08 11:54:05 Image size of job updated: 321800
	3  -  MemoryUsage of job (MB)
	2092  -  ResidentSetSize of job (KB)
...
006 (123498.000.000) 06/08 11:59:05 Image size of job updated: 791460
	42  -  MemoryUsage of job (MB)
	42740  -  ResidentSetSize of job (KB)
...
006 (123498.000.000) 06/08 12:04:06 Image size of job updated: 791460
	53  -  MemoryUsage of job (MB)
	54092  -  ResidentSetSize of job (KB)
...
006 (123498.000.000) 06/08 12:09:07 Image size of job updated: 791460
	67  -  MemoryUsage of job (MB)
	67772  -  ResidentSetSize of job (KB)
...
040 (123498.000.000) 06/08 16:19:26 Started transferring output files
	Seconds spent in queue: 18067
...
040 (123498.000.000) 06/08 16:19:26 Finished transferring output files
...
005 (123498.000.000) 06/08 16:19:26 Job terminated.
	(1) Normal termination (return value 0)
		Usr 0 00:02:31, Sys 0 00:00:30  -  Run Remote Usage
		Usr 0 00:00:00, Sys 0 00:00:00  -  Run Local Usage
		Usr 0 00:02:31, Sys 0 00:00:30  -  Total Remote Usage
		Usr 0 00:00:00, Sys 0 00:00:00  -  Total Local Usage
	61416  -  Run Bytes Sent By Job
	19195  -  Run Bytes Received By Job
	61416  -  Total Bytes Sent By Job
	19195  -  Total Bytes Received By Job
	Partitionable Resources :      Usage  Request Allocated 
	   Cpus                 :       0.00        1         1 
	   Disk (KB)            : 3714681          20    363825 
	   Memory (MB)          :      67        2000      2000 

	Job terminated of its own accord at 2021-06-08T14:19:26Z.
...
