000 (148759.000.000) 06/16 08:56:37 Job submitted from host: <188.185.121.235:9618?addrs=188.185.121.235-9618+[2001-1458-d00-49--100-36e]-9618&alias=bigbird22.cern.ch&noUDP&sock=schedd_38044_991d>
...
040 (148759.000.000) 06/16 09:55:10 Started transferring input files
	Transferring to host: <128.142.75.119:9618?addrs=128.142.75.119-9618+[2001-1458-301-75--100-9]-9618&alias=b7s11n1731.cern.ch&noUDP&sock=slot1_4_1402_95f2_99512>
...
001 (148759.000.000) 06/16 09:55:10 Job executing on host: <128.142.75.119:9618?addrs=128.142.75.119-9618+[2001-1458-301-75--100-9]-9618&alias=b7s11n1731.cern.ch&noUDP&sock=startd_16592_4f77>
...
040 (148759.000.000) 06/16 09:55:10 Finished transferring input files
...
006 (148759.000.000) 06/16 09:55:19 Image size of job updated: 8280
	7  -  MemoryUsage of job (MB)
	6148  -  ResidentSetSize of job (KB)
...
006 (148759.000.000) 06/16 10:00:20 Image size of job updated: 791456
	45  -  MemoryUsage of job (MB)
	45468  -  ResidentSetSize of job (KB)
...
006 (148759.000.000) 06/16 10:05:21 Image size of job updated: 791456
	67  -  MemoryUsage of job (MB)
	67776  -  ResidentSetSize of job (KB)
...
040 (148759.000.000) 06/16 11:00:04 Started transferring output files
...
040 (148759.000.000) 06/16 11:00:04 Finished transferring output files
...
005 (148759.000.000) 06/16 11:00:04 Job terminated.
	(1) Normal termination (return value 0)
		Usr 0 00:01:02, Sys 0 00:00:12  -  Run Remote Usage
		Usr 0 00:00:00, Sys 0 00:00:00  -  Run Local Usage
		Usr 0 00:01:02, Sys 0 00:00:12  -  Total Remote Usage
		Usr 0 00:00:00, Sys 0 00:00:00  -  Total Local Usage
	45377  -  Run Bytes Sent By Job
	19195  -  Run Bytes Received By Job
	45377  -  Total Bytes Sent By Job
	19195  -  Total Bytes Received By Job
	Partitionable Resources :      Usage  Request Allocated 
	   Cpus                 :       0.03        1         1 
	   Disk (KB)            : 2370137          20    250927 
	   Memory (MB)          :      67        2000      2000 

	Job terminated of its own accord at 2021-06-16T09:00:04Z.
...
