000 (147436.000.000) 06/16 08:28:22 Job submitted from host: <188.185.121.235:9618?addrs=188.185.121.235-9618+[2001-1458-d00-49--100-36e]-9618&alias=bigbird22.cern.ch&noUDP&sock=schedd_38044_991d>
...
040 (147436.000.000) 06/16 08:53:15 Started transferring input files
	Transferring to host: <128.142.87.10:9618?addrs=128.142.87.10-9618+[2001-1458-301-f6--100-283]-9618&alias=b7s14n1449.cern.ch&noUDP&sock=slot1_14_2553_91c1_4295>
...
001 (147436.000.000) 06/16 08:53:15 Job executing on host: <128.142.87.10:9618?addrs=128.142.87.10-9618+[2001-1458-301-f6--100-283]-9618&alias=b7s14n1449.cern.ch&noUDP&sock=startd_2329_1429>
...
040 (147436.000.000) 06/16 08:53:15 Finished transferring input files
...
006 (147436.000.000) 06/16 08:53:24 Image size of job updated: 17156
	17  -  MemoryUsage of job (MB)
	17156  -  ResidentSetSize of job (KB)
...
006 (147436.000.000) 06/16 08:58:25 Image size of job updated: 791448
	67  -  MemoryUsage of job (MB)
	67772  -  ResidentSetSize of job (KB)
...
040 (147436.000.000) 06/16 12:01:43 Started transferring output files
...
040 (147436.000.000) 06/16 12:01:43 Finished transferring output files
...
005 (147436.000.000) 06/16 12:01:43 Job terminated.
	(1) Normal termination (return value 0)
		Usr 0 00:01:17, Sys 0 00:00:22  -  Run Remote Usage
		Usr 0 00:00:00, Sys 0 00:00:00  -  Run Local Usage
		Usr 0 00:01:17, Sys 0 00:00:22  -  Total Remote Usage
		Usr 0 00:00:00, Sys 0 00:00:00  -  Total Local Usage
	54275  -  Run Bytes Sent By Job
	19195  -  Run Bytes Received By Job
	54275  -  Total Bytes Sent By Job
	19195  -  Total Bytes Received By Job
	Partitionable Resources :      Usage  Request Allocated 
	   Cpus                 :       1.00        1         1 
	   Disk (KB)            : 3073975          20    284051 
	   Memory (MB)          :      67        2000      2000 

	Job terminated of its own accord at 2021-06-16T10:01:43Z.
...
