000 (148064.000.000) 06/16 08:41:27 Job submitted from host: <188.185.121.235:9618?addrs=188.185.121.235-9618+[2001-1458-d00-49--100-36e]-9618&alias=bigbird22.cern.ch&noUDP&sock=schedd_38044_991d>
...
040 (148064.000.000) 06/16 08:59:59 Started transferring input files
	Transferring to host: <128.142.161.73:9618?addrs=128.142.161.73-9618&alias=b7g03p7928.cern.ch&noUDP&sock=slot1_25_3749_4272_63688>
...
040 (148064.000.000) 06/16 08:59:59 Finished transferring input files
...
001 (148064.000.000) 06/16 08:59:59 Job executing on host: <128.142.161.73:9618?addrs=128.142.161.73-9618&alias=b7g03p7928.cern.ch&noUDP&sock=startd_2984_5ab1>
...
006 (148064.000.000) 06/16 09:00:08 Image size of job updated: 625440
	8  -  MemoryUsage of job (MB)
	7600  -  ResidentSetSize of job (KB)
...
006 (148064.000.000) 06/16 09:05:09 Image size of job updated: 791452
	36  -  MemoryUsage of job (MB)
	36808  -  ResidentSetSize of job (KB)
...
006 (148064.000.000) 06/16 09:10:09 Image size of job updated: 791452
	67  -  MemoryUsage of job (MB)
	67768  -  ResidentSetSize of job (KB)
...
040 (148064.000.000) 06/16 12:19:54 Started transferring output files
...
040 (148064.000.000) 06/16 12:19:54 Finished transferring output files
...
005 (148064.000.000) 06/16 12:19:54 Job terminated.
	(1) Normal termination (return value 0)
		Usr 0 00:01:42, Sys 0 00:00:24  -  Run Remote Usage
		Usr 0 00:00:00, Sys 0 00:00:00  -  Run Local Usage
		Usr 0 00:01:42, Sys 0 00:00:24  -  Total Remote Usage
		Usr 0 00:00:00, Sys 0 00:00:00  -  Total Local Usage
	53799  -  Run Bytes Sent By Job
	19195  -  Run Bytes Received By Job
	53799  -  Total Bytes Sent By Job
	19195  -  Total Bytes Received By Job
	Partitionable Resources :      Usage  Request Allocated 
	   Cpus                 :       0.00        1         1 
	   Disk (KB)            : 3074061          20   1421695 
	   Memory (MB)          :      67        2000      2000 

	Job terminated of its own accord at 2021-06-16T10:19:54Z.
...
