000 (147756.000.000) 06/16 08:35:01 Job submitted from host: <188.185.121.235:9618?addrs=188.185.121.235-9618+[2001-1458-d00-49--100-36e]-9618&alias=bigbird22.cern.ch&noUDP&sock=schedd_38044_991d>
...
040 (147756.000.000) 06/16 08:57:04 Started transferring input files
	Transferring to host: <188.184.210.105:9618?addrs=188.184.210.105-9618+[2001-1458-301-10b--100-3]-9618&alias=b7g23n3131.cern.ch&noUDP&sock=slot1_7_3933_e779_39025>
...
040 (147756.000.000) 06/16 08:57:04 Finished transferring input files
...
001 (147756.000.000) 06/16 08:57:04 Job executing on host: <188.184.210.105:9618?addrs=188.184.210.105-9618+[2001-1458-301-10b--100-3]-9618&alias=b7g23n3131.cern.ch&noUDP&sock=startd_3333_bd3f>
...
006 (147756.000.000) 06/16 08:57:13 Image size of job updated: 13120
	13  -  MemoryUsage of job (MB)
	13120  -  ResidentSetSize of job (KB)
...
006 (147756.000.000) 06/16 09:02:14 Image size of job updated: 791452
	67  -  MemoryUsage of job (MB)
	67764  -  ResidentSetSize of job (KB)
...
040 (147756.000.000) 06/16 09:31:19 Started transferring output files
...
040 (147756.000.000) 06/16 09:31:19 Finished transferring output files
...
005 (147756.000.000) 06/16 09:31:20 Job terminated.
	(1) Normal termination (return value 0)
		Usr 0 00:01:33, Sys 0 00:00:25  -  Run Remote Usage
		Usr 0 00:00:00, Sys 0 00:00:00  -  Run Local Usage
		Usr 0 00:01:33, Sys 0 00:00:25  -  Total Remote Usage
		Usr 0 00:00:00, Sys 0 00:00:00  -  Total Local Usage
	54278  -  Run Bytes Sent By Job
	19195  -  Run Bytes Received By Job
	54278  -  Total Bytes Sent By Job
	19195  -  Total Bytes Received By Job
	Partitionable Resources :      Usage  Request Allocated 
	   Cpus                 :       0.01        1         1 
	   Disk (KB)            : 3074062          20    362339 
	   Memory (MB)          :      67        2000      2000 

	Job terminated of its own accord at 2021-06-16T07:31:19Z.
...
