000 (147109.000.000) 06/16 08:21:21 Job submitted from host: <188.185.121.235:9618?addrs=188.185.121.235-9618+[2001-1458-d00-49--100-36e]-9618&alias=bigbird22.cern.ch&noUDP&sock=schedd_38044_991d>
...
040 (147109.000.000) 06/16 08:46:49 Started transferring input files
	Transferring to host: <188.184.205.119:9618?addrs=188.184.205.119-9618+[2001-1458-301-7d--100-161]-9618&alias=b7g27n0544.cern.ch&noUDP&sock=slot1_5_4895_b860_46859>
...
001 (147109.000.000) 06/16 08:46:49 Job executing on host: <188.184.205.119:9618?addrs=188.184.205.119-9618+[2001-1458-301-7d--100-161]-9618&alias=b7g27n0544.cern.ch&noUDP&sock=startd_3929_8bb1>
...
040 (147109.000.000) 06/16 08:46:49 Finished transferring input files
...
006 (147109.000.000) 06/16 08:46:59 Image size of job updated: 791384
	36  -  MemoryUsage of job (MB)
	35972  -  ResidentSetSize of job (KB)
...
006 (147109.000.000) 06/16 08:47:47 Image size of job updated: 791448
	36  -  MemoryUsage of job (MB)
	35984  -  ResidentSetSize of job (KB)
...
040 (147109.000.000) 06/16 08:47:47 Started transferring output files
...
040 (147109.000.000) 06/16 08:47:47 Finished transferring output files
...
005 (147109.000.000) 06/16 08:47:47 Job terminated.
	(1) Normal termination (return value 0)
		Usr 0 00:00:08, Sys 0 00:00:01  -  Run Remote Usage
		Usr 0 00:00:00, Sys 0 00:00:00  -  Run Local Usage
		Usr 0 00:00:08, Sys 0 00:00:01  -  Total Remote Usage
		Usr 0 00:00:00, Sys 0 00:00:00  -  Total Local Usage
	19452  -  Run Bytes Sent By Job
	19195  -  Run Bytes Received By Job
	19452  -  Total Bytes Sent By Job
	19195  -  Total Bytes Received By Job
	Partitionable Resources :    Usage  Request Allocated 
	   Cpus                 :                 1         1 
	   Disk (KB)            :   466087       20    213285 
	   Memory (MB)          :       36     2000      2000 

	Job terminated of its own accord at 2021-06-16T06:47:47Z.
...
