000 (147681.000.000) 06/16 08:33:06 Job submitted from host: <188.185.121.235:9618?addrs=188.185.121.235-9618+[2001-1458-d00-49--100-36e]-9618&alias=bigbird22.cern.ch&noUDP&sock=schedd_38044_991d>
...
040 (147681.000.000) 06/16 08:56:30 Started transferring input files
	Transferring to host: <188.184.192.251:9618?addrs=188.184.192.251-9618&alias=b7g44n5913.cern.ch&noUDP&sock=slot1_9_3118_a9b8_51182>
...
001 (147681.000.000) 06/16 08:56:30 Job executing on host: <188.184.192.251:9618?addrs=188.184.192.251-9618&alias=b7g44n5913.cern.ch&noUDP&sock=startd_2726_6342>
...
040 (147681.000.000) 06/16 08:56:30 Finished transferring input files
...
006 (147681.000.000) 06/16 08:56:38 Image size of job updated: 7752
	8  -  MemoryUsage of job (MB)
	7752  -  ResidentSetSize of job (KB)
...
006 (147681.000.000) 06/16 09:01:38 Image size of job updated: 791456
	67  -  MemoryUsage of job (MB)
	67772  -  ResidentSetSize of job (KB)
...
006 (147681.000.000) 06/16 09:51:43 Image size of job updated: 791456
	112  -  MemoryUsage of job (MB)
	114624  -  ResidentSetSize of job (KB)
...
040 (147681.000.000) 06/16 09:53:34 Started transferring output files
...
040 (147681.000.000) 06/16 09:53:34 Finished transferring output files
...
005 (147681.000.000) 06/16 09:53:34 Job terminated.
	(1) Normal termination (return value 0)
		Usr 0 00:02:01, Sys 0 00:00:23  -  Run Remote Usage
		Usr 0 00:00:00, Sys 0 00:00:00  -  Run Local Usage
		Usr 0 00:02:01, Sys 0 00:00:23  -  Total Remote Usage
		Usr 0 00:00:00, Sys 0 00:00:00  -  Total Local Usage
	54437  -  Run Bytes Sent By Job
	19195  -  Run Bytes Received By Job
	54437  -  Total Bytes Sent By Job
	19195  -  Total Bytes Received By Job
	Partitionable Resources :      Usage  Request Allocated 
	   Cpus                 :       0.01        1         1 
	   Disk (KB)            : 3074225          20    205332 
	   Memory (MB)          :     112        2000      2000 

	Job terminated of its own accord at 2021-06-16T07:53:34Z.
...
