000 (116319.000.000) 06/04 09:01:38 Job submitted from host: <188.185.121.235:9618?addrs=188.185.121.235-9618+[2001-1458-d00-49--100-36e]-9618&alias=bigbird22.cern.ch&noUDP&sock=schedd_38044_991d>
...
040 (116319.000.000) 06/04 09:12:29 Started transferring input files
	Transferring to host: <128.142.83.154:9618?addrs=128.142.83.154-9618+[2001-1458-301-f5--100-404]-9618&alias=b7s13n3421.cern.ch&noUDP&sock=slot1_7_17593_9c24_40270>
...
001 (116319.000.000) 06/04 09:12:29 Job executing on host: <128.142.83.154:9618?addrs=128.142.83.154-9618+[2001-1458-301-f5--100-404]-9618&alias=b7s13n3421.cern.ch&noUDP&sock=startd_17434_da35>
...
040 (116319.000.000) 06/04 09:12:29 Finished transferring input files
...
006 (116319.000.000) 06/04 09:12:38 Image size of job updated: 624804
	4  -  MemoryUsage of job (MB)
	3804  -  ResidentSetSize of job (KB)
...
006 (116319.000.000) 06/04 09:17:38 Image size of job updated: 790824
	66  -  MemoryUsage of job (MB)
	67504  -  ResidentSetSize of job (KB)
...
006 (116319.000.000) 06/04 10:52:46 Image size of job updated: 790824
	98  -  MemoryUsage of job (MB)
	99640  -  ResidentSetSize of job (KB)
...
040 (116319.000.000) 06/04 10:53:23 Started transferring output files
...
040 (116319.000.000) 06/04 10:53:23 Finished transferring output files
...
005 (116319.000.000) 06/04 10:53:23 Job terminated.
	(1) Normal termination (return value 0)
		Usr 0 00:02:19, Sys 0 00:00:26  -  Run Remote Usage
		Usr 0 00:00:00, Sys 0 00:00:00  -  Run Local Usage
		Usr 0 00:02:19, Sys 0 00:00:26  -  Total Remote Usage
		Usr 0 00:00:00, Sys 0 00:00:00  -  Total Local Usage
	61225  -  Run Bytes Sent By Job
	19195  -  Run Bytes Received By Job
	61225  -  Total Bytes Sent By Job
	19195  -  Total Bytes Received By Job
	Partitionable Resources :      Usage  Request Allocated 
	   Cpus                 :       0.97        1         1 
	   Disk (KB)            : 3703859          20    276698 
	   Memory (MB)          :      98        2000      2000 

	Job terminated of its own accord at 2021-06-04T08:53:22Z.
...
000 (123466.000.000) 06/08 10:44:08 Job submitted from host: <188.185.121.235:9618?addrs=188.185.121.235-9618+[2001-1458-d00-49--100-36e]-9618&alias=bigbird22.cern.ch&noUDP&sock=schedd_38044_991d>
...
040 (123466.000.000) 06/08 11:18:08 Entered queue to transfer input files
	Transferring to host: <188.184.213.119:9618?addrs=188.184.213.119-9618+[2001-1458-301-10c--100-15f]-9618&alias=b7g24n0612.cern.ch&noUDP&sock=slot1_1_3119_5e18_38941>
...
040 (123466.000.000) 06/08 11:53:57 Started transferring input files
	Seconds spent in queue: 2149
...
040 (123466.000.000) 06/08 11:53:57 Finished transferring input files
...
001 (123466.000.000) 06/08 11:53:57 Job executing on host: <188.184.213.119:9618?addrs=188.184.213.119-9618+[2001-1458-301-10c--100-15f]-9618&alias=b7g24n0612.cern.ch&noUDP&sock=startd_2679_264f>
...
006 (123466.000.000) 06/08 11:54:05 Image size of job updated: 321800
	2  -  MemoryUsage of job (MB)
	1748  -  ResidentSetSize of job (KB)
...
006 (123466.000.000) 06/08 11:59:05 Image size of job updated: 791452
	67  -  MemoryUsage of job (MB)
	67772  -  ResidentSetSize of job (KB)
...
040 (123466.000.000) 06/08 13:17:24 Started transferring output files
	Seconds spent in queue: 7156
...
040 (123466.000.000) 06/08 13:17:24 Finished transferring output files
...
005 (123466.000.000) 06/08 13:17:24 Job terminated.
	(1) Normal termination (return value 0)
		Usr 0 00:02:21, Sys 0 00:00:26  -  Run Remote Usage
		Usr 0 00:00:00, Sys 0 00:00:00  -  Run Local Usage
		Usr 0 00:02:21, Sys 0 00:00:26  -  Total Remote Usage
		Usr 0 00:00:00, Sys 0 00:00:00  -  Total Local Usage
	61243  -  Run Bytes Sent By Job
	19195  -  Run Bytes Received By Job
	61243  -  Total Bytes Sent By Job
	19195  -  Total Bytes Received By Job
	Partitionable Resources :      Usage  Request Allocated 
	   Cpus                 :       0.01        1         1 
	   Disk (KB)            : 3703859          20    301670 
	   Memory (MB)          :      67        2000      2000 

	Job terminated of its own accord at 2021-06-08T11:17:24Z.
...
