000 (146690.000.000) 06/16 08:13:15 Job submitted from host: <188.185.121.235:9618?addrs=188.185.121.235-9618+[2001-1458-d00-49--100-36e]-9618&alias=bigbird22.cern.ch&noUDP&sock=schedd_38044_991d>
...
022 (146690.000.000) 06/16 08:34:54 Job disconnected, attempting to reconnect
    Socket between submit and execute hosts closed unexpectedly
    Trying to reconnect to slot1_4@b7g52n6119.cern.ch <188.184.198.29:9618?addrs=188.184.198.29-9618+[2001-1458-301-c1--100-21f]-9618&alias=b7g52n6119.cern.ch&noUDP&sock=startd_18274_05c3>
...
024 (146690.000.000) 06/16 08:34:54 Job reconnection failed
    Job not found at execution machine
    Can not reconnect to slot1_4@b7g52n6119.cern.ch, rescheduling job
...
040 (146690.000.000) 06/16 08:41:11 Started transferring input files
	Transferring to host: <128.142.75.137:9618?addrs=128.142.75.137-9618+[2001-1458-301-75--100-623]-9618&alias=b7s11n3593.cern.ch&noUDP&sock=slot1_9_6129_2f52_42808>
...
001 (146690.000.000) 06/16 08:41:12 Job executing on host: <128.142.75.137:9618?addrs=128.142.75.137-9618+[2001-1458-301-75--100-623]-9618&alias=b7s11n3593.cern.ch&noUDP&sock=startd_4939_5258>
...
040 (146690.000.000) 06/16 08:41:12 Finished transferring input files
...
006 (146690.000.000) 06/16 08:41:21 Image size of job updated: 330512
	65  -  MemoryUsage of job (MB)
	65984  -  ResidentSetSize of job (KB)
...
006 (146690.000.000) 06/16 08:42:09 Image size of job updated: 791424
	65  -  MemoryUsage of job (MB)
	65984  -  ResidentSetSize of job (KB)
...
040 (146690.000.000) 06/16 08:42:09 Started transferring output files
...
040 (146690.000.000) 06/16 08:42:10 Finished transferring output files
...
005 (146690.000.000) 06/16 08:42:10 Job terminated.
	(1) Normal termination (return value 0)
		Usr 0 00:00:07, Sys 0 00:00:02  -  Run Remote Usage
		Usr 0 00:00:00, Sys 0 00:00:00  -  Run Local Usage
		Usr 0 00:00:07, Sys 0 00:00:02  -  Total Remote Usage
		Usr 0 00:00:00, Sys 0 00:00:00  -  Total Local Usage
	19465  -  Run Bytes Sent By Job
	19195  -  Run Bytes Received By Job
	19465  -  Total Bytes Sent By Job
	19195  -  Total Bytes Received By Job
	Partitionable Resources :    Usage  Request Allocated 
	   Cpus                 :                 1         1 
	   Disk (KB)            :   466079       20    278927 
	   Memory (MB)          :       65     2000      2000 

	Job terminated of its own accord at 2021-06-16T06:42:09Z.
...
