000 (116422.000.000) 06/04 09:02:45 Job submitted from host: <188.185.121.235:9618?addrs=188.185.121.235-9618+[2001-1458-d00-49--100-36e]-9618&alias=bigbird22.cern.ch&noUDP&sock=schedd_38044_991d>
...
040 (116422.000.000) 06/04 09:12:51 Started transferring input files
	Transferring to host: <128.142.82.40:9618?addrs=128.142.82.40-9618+[2001-1458-301-f5--100-4bd]-9618&alias=b7s13n8703.cern.ch&noUDP&sock=slot1_4_6285_19d9_28570>
...
040 (116422.000.000) 06/04 09:12:51 Finished transferring input files
...
001 (116422.000.000) 06/04 09:12:51 Job executing on host: <128.142.82.40:9618?addrs=128.142.82.40-9618+[2001-1458-301-f5--100-4bd]-9618&alias=b7s13n8703.cern.ch&noUDP&sock=startd_5054_33bc>
...
006 (116422.000.000) 06/04 09:13:00 Image size of job updated: 9188
	9  -  MemoryUsage of job (MB)
	9188  -  ResidentSetSize of job (KB)
...
006 (116422.000.000) 06/04 09:18:01 Image size of job updated: 790824
	45  -  MemoryUsage of job (MB)
	45604  -  ResidentSetSize of job (KB)
...
006 (116422.000.000) 06/04 09:23:01 Image size of job updated: 790824
	66  -  MemoryUsage of job (MB)
	67504  -  ResidentSetSize of job (KB)
...
040 (116422.000.000) 06/04 14:01:05 Started transferring output files
...
040 (116422.000.000) 06/04 14:01:05 Finished transferring output files
...
005 (116422.000.000) 06/04 14:01:06 Job terminated.
	(1) Normal termination (return value 0)
		Usr 0 00:02:10, Sys 0 00:00:29  -  Run Remote Usage
		Usr 0 00:00:00, Sys 0 00:00:00  -  Run Local Usage
		Usr 0 00:02:10, Sys 0 00:00:29  -  Total Remote Usage
		Usr 0 00:00:00, Sys 0 00:00:00  -  Total Local Usage
	61362  -  Run Bytes Sent By Job
	19195  -  Run Bytes Received By Job
	61362  -  Total Bytes Sent By Job
	19195  -  Total Bytes Received By Job
	Partitionable Resources :      Usage  Request Allocated 
	   Cpus                 :       0.00        1         1 
	   Disk (KB)            : 3709294          20    271353 
	   Memory (MB)          :      66        2000      2000 

	Job terminated of its own accord at 2021-06-04T12:01:05Z.
...
000 (123565.000.000) 06/08 10:45:39 Job submitted from host: <188.185.121.235:9618?addrs=188.185.121.235-9618+[2001-1458-d00-49--100-36e]-9618&alias=bigbird22.cern.ch&noUDP&sock=schedd_38044_991d>
...
040 (123565.000.000) 06/08 11:19:01 Entered queue to transfer input files
	Transferring to host: <188.184.197.122:9618?addrs=188.184.197.122-9618+[2001-1458-301-103--100-b3]-9618&alias=b7g23n0416.cern.ch&noUDP&sock=slot1_7_8671_40fa_107067>
...
040 (123565.000.000) 06/08 11:53:57 Started transferring input files
	Seconds spent in queue: 2096
...
040 (123565.000.000) 06/08 11:53:57 Finished transferring input files
...
001 (123565.000.000) 06/08 11:53:57 Job executing on host: <188.184.197.122:9618?addrs=188.184.197.122-9618+[2001-1458-301-103--100-b3]-9618&alias=b7g23n0416.cern.ch&noUDP&sock=startd_17644_e518>
...
006 (123565.000.000) 06/08 11:54:06 Image size of job updated: 396052
	3  -  MemoryUsage of job (MB)
	2088  -  ResidentSetSize of job (KB)
...
006 (123565.000.000) 06/08 11:59:07 Image size of job updated: 791456
	39  -  MemoryUsage of job (MB)
	39444  -  ResidentSetSize of job (KB)
...
006 (123565.000.000) 06/08 12:04:07 Image size of job updated: 791456
	67  -  MemoryUsage of job (MB)
	67764  -  ResidentSetSize of job (KB)
...
006 (123565.000.000) 06/08 16:19:35 Image size of job updated: 791456
	120  -  MemoryUsage of job (MB)
	122784  -  ResidentSetSize of job (KB)
...
040 (123565.000.000) 06/08 16:19:54 Started transferring output files
	Seconds spent in queue: 18053
...
040 (123565.000.000) 06/08 16:19:54 Finished transferring output files
...
005 (123565.000.000) 06/08 16:19:55 Job terminated.
	(1) Normal termination (return value 0)
		Usr 0 00:02:46, Sys 0 00:00:38  -  Run Remote Usage
		Usr 0 00:00:00, Sys 0 00:00:00  -  Run Local Usage
		Usr 0 00:02:46, Sys 0 00:00:38  -  Total Remote Usage
		Usr 0 00:00:00, Sys 0 00:00:00  -  Total Local Usage
	61390  -  Run Bytes Sent By Job
	19195  -  Run Bytes Received By Job
	61390  -  Total Bytes Sent By Job
	19195  -  Total Bytes Received By Job
	Partitionable Resources :      Usage  Request Allocated 
	   Cpus                 :       0.01        1         1 
	   Disk (KB)            : 3709295          20    350007 
	   Memory (MB)          :     120        2000      2000 

	Job terminated of its own accord at 2021-06-08T14:19:54Z.
...
