000 (115616.000.000) 06/04 08:51:56 Job submitted from host: <188.185.121.235:9618?addrs=188.185.121.235-9618+[2001-1458-d00-49--100-36e]-9618&alias=bigbird22.cern.ch&noUDP&sock=schedd_38044_991d>
...
040 (115616.000.000) 06/04 08:58:22 Started transferring input files
	Transferring to host: <128.142.84.94:9618?addrs=128.142.84.94-9618+[2001-1458-301-f6--100-4c1]-9618&alias=b7s14n1572.cern.ch&noUDP&sock=slot1_6_5125_c6a9_29276>
...
001 (115616.000.000) 06/04 08:58:22 Job executing on host: <128.142.84.94:9618?addrs=128.142.84.94-9618+[2001-1458-301-f6--100-4c1]-9618&alias=b7s14n1572.cern.ch&noUDP&sock=startd_3960_cf21>
...
040 (115616.000.000) 06/04 08:58:22 Finished transferring input files
...
006 (115616.000.000) 06/04 08:58:31 Image size of job updated: 8252
	7  -  MemoryUsage of job (MB)
	6320  -  ResidentSetSize of job (KB)
...
006 (115616.000.000) 06/04 09:02:53 Image size of job updated: 790820
	7  -  MemoryUsage of job (MB)
	6320  -  ResidentSetSize of job (KB)
...
040 (115616.000.000) 06/04 09:02:53 Started transferring output files
...
040 (115616.000.000) 06/04 09:02:53 Finished transferring output files
...
005 (115616.000.000) 06/04 09:02:54 Job terminated.
	(1) Normal termination (return value 0)
		Usr 0 00:00:08, Sys 0 00:00:02  -  Run Remote Usage
		Usr 0 00:00:00, Sys 0 00:00:00  -  Run Local Usage
		Usr 0 00:00:08, Sys 0 00:00:02  -  Total Remote Usage
		Usr 0 00:00:00, Sys 0 00:00:00  -  Total Local Usage
	21694  -  Run Bytes Sent By Job
	19195  -  Run Bytes Received By Job
	21694  -  Total Bytes Sent By Job
	19195  -  Total Bytes Received By Job
	Partitionable Resources :    Usage  Request Allocated 
	   Cpus                 :                 1         1 
	   Disk (KB)            :   540971       20    159752 
	   Memory (MB)          :        7     2000      2000 

	Job terminated of its own accord at 2021-06-04T07:02:53Z.
...
000 (122745.000.000) 06/08 10:31:12 Job submitted from host: <188.185.121.235:9618?addrs=188.185.121.235-9618+[2001-1458-d00-49--100-36e]-9618&alias=bigbird22.cern.ch&noUDP&sock=schedd_38044_991d>
...
040 (122745.000.000) 06/08 10:45:31 Started transferring input files
	Transferring to host: <128.142.81.252:9618?addrs=128.142.81.252-9618+[2001-1458-301-f5--100-4e]-9618&alias=b7s13n0618.cern.ch&noUDP&sock=slot1_6_16632_7f9d_89645>
...
040 (122745.000.000) 06/08 10:45:31 Finished transferring input files
...
001 (122745.000.000) 06/08 10:45:31 Job executing on host: <128.142.81.252:9618?addrs=128.142.81.252-9618+[2001-1458-301-f5--100-4e]-9618&alias=b7s13n0618.cern.ch&noUDP&sock=startd_16141_f640>
...
006 (122745.000.000) 06/08 10:45:40 Image size of job updated: 791428
	67  -  MemoryUsage of job (MB)
	67780  -  ResidentSetSize of job (KB)
...
040 (122745.000.000) 06/08 10:45:51 Started transferring output files
...
040 (122745.000.000) 06/08 10:45:51 Finished transferring output files
...
005 (122745.000.000) 06/08 10:45:51 Job terminated.
	(1) Normal termination (return value 0)
		Usr 0 00:00:08, Sys 0 00:00:03  -  Run Remote Usage
		Usr 0 00:00:00, Sys 0 00:00:00  -  Run Local Usage
		Usr 0 00:00:08, Sys 0 00:00:03  -  Total Remote Usage
		Usr 0 00:00:00, Sys 0 00:00:00  -  Total Local Usage
	16830  -  Run Bytes Sent By Job
	19195  -  Run Bytes Received By Job
	16830  -  Total Bytes Sent By Job
	19195  -  Total Bytes Received By Job
	Partitionable Resources :    Usage  Request Allocated 
	   Cpus                 :                 1         1 
	   Disk (KB)            :   540964       20    289757 
	   Memory (MB)          :       67     2000      2000 

	Job terminated of its own accord at 2021-06-08T08:45:50Z.
...
