000 (116598.000.000) 06/04 09:04:56 Job submitted from host: <188.185.121.235:9618?addrs=188.185.121.235-9618+[2001-1458-d00-49--100-36e]-9618&alias=bigbird22.cern.ch&noUDP&sock=schedd_38044_991d>
...
040 (116598.000.000) 06/04 09:21:40 Started transferring input files
	Transferring to host: <188.184.139.35:9618?addrs=188.184.139.35-9618+[2001-1458-301-45--100-127]-9618&alias=b7g42n0569.cern.ch&noUDP&sock=slot1_7_27857_86c6_88383>
...
001 (116598.000.000) 06/04 09:21:40 Job executing on host: <188.184.139.35:9618?addrs=188.184.139.35-9618+[2001-1458-301-45--100-127]-9618&alias=b7g42n0569.cern.ch&noUDP&sock=startd_1920_89ed>
...
040 (116598.000.000) 06/04 09:21:40 Finished transferring input files
...
006 (116598.000.000) 06/04 09:21:49 Image size of job updated: 5224
	6  -  MemoryUsage of job (MB)
	5224  -  ResidentSetSize of job (KB)
...
006 (116598.000.000) 06/04 09:26:50 Image size of job updated: 790824
	35  -  MemoryUsage of job (MB)
	35400  -  ResidentSetSize of job (KB)
...
006 (116598.000.000) 06/04 09:31:50 Image size of job updated: 790824
	66  -  MemoryUsage of job (MB)
	67500  -  ResidentSetSize of job (KB)
...
040 (116598.000.000) 06/04 13:30:34 Started transferring output files
...
040 (116598.000.000) 06/04 13:30:34 Finished transferring output files
...
005 (116598.000.000) 06/04 13:30:34 Job terminated.
	(1) Normal termination (return value 0)
		Usr 0 00:01:32, Sys 0 00:00:31  -  Run Remote Usage
		Usr 0 00:00:00, Sys 0 00:00:00  -  Run Local Usage
		Usr 0 00:01:32, Sys 0 00:00:31  -  Total Remote Usage
		Usr 0 00:00:00, Sys 0 00:00:00  -  Total Local Usage
	49728  -  Run Bytes Sent By Job
	19195  -  Run Bytes Received By Job
	49728  -  Total Bytes Sent By Job
	19195  -  Total Bytes Received By Job
	Partitionable Resources :      Usage  Request Allocated 
	   Cpus                 :       0.00        1         1 
	   Disk (KB)            : 2758763          20    300735 
	   Memory (MB)          :      66        2000      2000 

	Job terminated of its own accord at 2021-06-04T11:30:34Z.
...
000 (123737.000.000) 06/08 10:48:20 Job submitted from host: <188.185.121.235:9618?addrs=188.185.121.235-9618+[2001-1458-d00-49--100-36e]-9618&alias=bigbird22.cern.ch&noUDP&sock=schedd_38044_991d>
...
040 (123737.000.000) 06/08 11:20:06 Entered queue to transfer input files
	Transferring to host: <188.184.198.216:9618?addrs=188.184.198.216-9618+[2001-1458-301-c1--100-de]-9618&alias=b7g52n7293.cern.ch&noUDP&sock=slot1_7_5979_7f0c_46759>
...
040 (123737.000.000) 06/08 11:53:58 Started transferring input files
	Seconds spent in queue: 2032
...
001 (123737.000.000) 06/08 11:53:58 Job executing on host: <188.184.198.216:9618?addrs=188.184.198.216-9618+[2001-1458-301-c1--100-de]-9618&alias=b7g52n7293.cern.ch&noUDP&sock=startd_4765_f8de>
...
040 (123737.000.000) 06/08 11:53:58 Finished transferring input files
...
006 (123737.000.000) 06/08 11:54:07 Image size of job updated: 256264
	3  -  MemoryUsage of job (MB)
	2100  -  ResidentSetSize of job (KB)
...
006 (123737.000.000) 06/08 11:59:08 Image size of job updated: 791456
	36  -  MemoryUsage of job (MB)
	36148  -  ResidentSetSize of job (KB)
...
006 (123737.000.000) 06/08 12:04:09 Image size of job updated: 791456
	67  -  MemoryUsage of job (MB)
	67780  -  ResidentSetSize of job (KB)
...
040 (123737.000.000) 06/08 15:37:39 Started transferring output files
	Seconds spent in queue: 15453
...
040 (123737.000.000) 06/08 15:37:39 Finished transferring output files
...
005 (123737.000.000) 06/08 15:37:39 Job terminated.
	(1) Normal termination (return value 0)
		Usr 0 00:01:22, Sys 0 00:00:18  -  Run Remote Usage
		Usr 0 00:00:00, Sys 0 00:00:00  -  Run Local Usage
		Usr 0 00:01:22, Sys 0 00:00:18  -  Total Remote Usage
		Usr 0 00:00:00, Sys 0 00:00:00  -  Total Local Usage
	49706  -  Run Bytes Sent By Job
	19195  -  Run Bytes Received By Job
	49706  -  Total Bytes Sent By Job
	19195  -  Total Bytes Received By Job
	Partitionable Resources :      Usage  Request Allocated 
	   Cpus                 :       0.00        1         1 
	   Disk (KB)            : 2758763          20    237184 
	   Memory (MB)          :      67        2000      2000 

	Job terminated of its own accord at 2021-06-08T13:37:39Z.
...
