000 (116793.000.000) 06/04 09:07:30 Job submitted from host: <188.185.121.235:9618?addrs=188.185.121.235-9618+[2001-1458-d00-49--100-36e]-9618&alias=bigbird22.cern.ch&noUDP&sock=schedd_38044_991d>
...
040 (116793.000.000) 06/04 09:41:27 Started transferring input files
	Transferring to host: <188.184.210.207:9618?addrs=188.184.210.207-9618+[2001-1458-301-10b--100-2ae]-9618&alias=b7g23n8358.cern.ch&noUDP&sock=slot1_11_19750_695c_89171>
...
040 (116793.000.000) 06/04 09:41:27 Finished transferring input files
...
001 (116793.000.000) 06/04 09:41:27 Job executing on host: <188.184.210.207:9618?addrs=188.184.210.207-9618+[2001-1458-301-10b--100-2ae]-9618&alias=b7g23n8358.cern.ch&noUDP&sock=startd_18263_7a38>
...
006 (116793.000.000) 06/04 09:41:36 Image size of job updated: 6392
	5  -  MemoryUsage of job (MB)
	4460  -  ResidentSetSize of job (KB)
...
006 (116793.000.000) 06/04 09:46:37 Image size of job updated: 790824
	39  -  MemoryUsage of job (MB)
	39404  -  ResidentSetSize of job (KB)
...
006 (116793.000.000) 06/04 09:51:37 Image size of job updated: 790824
	66  -  MemoryUsage of job (MB)
	67296  -  ResidentSetSize of job (KB)
...
006 (116793.000.000) 06/04 09:56:37 Image size of job updated: 790824
	66  -  MemoryUsage of job (MB)
	67492  -  ResidentSetSize of job (KB)
...
040 (116793.000.000) 06/04 13:39:14 Started transferring output files
...
040 (116793.000.000) 06/04 13:39:14 Finished transferring output files
...
005 (116793.000.000) 06/04 13:39:14 Job terminated.
	(1) Normal termination (return value 0)
		Usr 0 00:01:03, Sys 0 00:00:23  -  Run Remote Usage
		Usr 0 00:00:00, Sys 0 00:00:00  -  Run Local Usage
		Usr 0 00:01:03, Sys 0 00:00:23  -  Total Remote Usage
		Usr 0 00:00:00, Sys 0 00:00:00  -  Total Local Usage
	50776  -  Run Bytes Sent By Job
	19195  -  Run Bytes Received By Job
	50776  -  Total Bytes Sent By Job
	19195  -  Total Bytes Received By Job
	Partitionable Resources :      Usage  Request Allocated 
	   Cpus                 :       0.00        1         1 
	   Disk (KB)            : 2759615          20    362482 
	   Memory (MB)          :      66        2000      2000 

	Job terminated of its own accord at 2021-06-04T11:39:14Z.
...
000 (123946.000.000) 06/08 10:51:10 Job submitted from host: <188.185.121.235:9618?addrs=188.185.121.235-9618+[2001-1458-d00-49--100-36e]-9618&alias=bigbird22.cern.ch&noUDP&sock=schedd_38044_991d>
...
040 (123946.000.000) 06/08 11:22:20 Entered queue to transfer input files
	Transferring to host: <128.142.79.75:9618?addrs=128.142.79.75-9618+[2001-1458-301-f4--100-5d3]-9618&alias=b7s12n7210.cern.ch&noUDP&sock=slot1_4_7192_2a1e_88537>
...
040 (123946.000.000) 06/08 11:53:59 Started transferring input files
	Seconds spent in queue: 1899
...
040 (123946.000.000) 06/08 11:53:59 Finished transferring input files
...
001 (123946.000.000) 06/08 11:53:59 Job executing on host: <128.142.79.75:9618?addrs=128.142.79.75-9618+[2001-1458-301-f4--100-5d3]-9618&alias=b7s12n7210.cern.ch&noUDP&sock=startd_16411_28d2>
...
006 (123946.000.000) 06/08 11:54:07 Image size of job updated: 321800
	3  -  MemoryUsage of job (MB)
	2092  -  ResidentSetSize of job (KB)
...
006 (123946.000.000) 06/08 11:59:07 Image size of job updated: 791456
	42  -  MemoryUsage of job (MB)
	42388  -  ResidentSetSize of job (KB)
...
006 (123946.000.000) 06/08 12:04:09 Image size of job updated: 791456
	67  -  MemoryUsage of job (MB)
	67772  -  ResidentSetSize of job (KB)
...
040 (123946.000.000) 06/08 15:20:36 Started transferring output files
	Seconds spent in queue: 14296
...
040 (123946.000.000) 06/08 15:20:37 Finished transferring output files
...
005 (123946.000.000) 06/08 15:20:37 Job terminated.
	(1) Normal termination (return value 0)
		Usr 0 00:00:59, Sys 0 00:00:23  -  Run Remote Usage
		Usr 0 00:00:00, Sys 0 00:00:00  -  Run Local Usage
		Usr 0 00:00:59, Sys 0 00:00:23  -  Total Remote Usage
		Usr 0 00:00:00, Sys 0 00:00:00  -  Total Local Usage
	50776  -  Run Bytes Sent By Job
	19195  -  Run Bytes Received By Job
	50776  -  Total Bytes Sent By Job
	19195  -  Total Bytes Received By Job
	Partitionable Resources :      Usage  Request Allocated 
	   Cpus                 :       0.00        1         1 
	   Disk (KB)            : 2759615          20    281199 
	   Memory (MB)          :      67        2000      2000 

	Job terminated of its own accord at 2021-06-08T13:20:36Z.
...
