000 (116899.000.000) 06/04 09:08:48 Job submitted from host: <188.185.121.235:9618?addrs=188.185.121.235-9618+[2001-1458-d00-49--100-36e]-9618&alias=bigbird22.cern.ch&noUDP&sock=schedd_38044_991d>
...
040 (116899.000.000) 06/04 09:41:48 Started transferring input files
	Transferring to host: <188.184.210.173:9618?addrs=188.184.210.173-9618+[2001-1458-301-10b--100-14b]-9618&alias=b7g23n5665.cern.ch&noUDP&sock=slot1_2_4857_f21f_42600>
...
040 (116899.000.000) 06/04 09:41:48 Finished transferring input files
...
001 (116899.000.000) 06/04 09:41:48 Job executing on host: <188.184.210.173:9618?addrs=188.184.210.173-9618+[2001-1458-301-10b--100-14b]-9618&alias=b7g23n5665.cern.ch&noUDP&sock=startd_4038_4f84>
...
006 (116899.000.000) 06/04 09:41:57 Image size of job updated: 624804
	4  -  MemoryUsage of job (MB)
	3448  -  ResidentSetSize of job (KB)
...
006 (116899.000.000) 06/04 09:46:58 Image size of job updated: 790824
	42  -  MemoryUsage of job (MB)
	42388  -  ResidentSetSize of job (KB)
...
006 (116899.000.000) 06/04 09:51:59 Image size of job updated: 790824
	66  -  MemoryUsage of job (MB)
	67488  -  ResidentSetSize of job (KB)
...
006 (116899.000.000) 06/04 13:42:22 Image size of job updated: 790824
	91  -  MemoryUsage of job (MB)
	92788  -  ResidentSetSize of job (KB)
...
040 (116899.000.000) 06/04 13:42:45 Started transferring output files
...
040 (116899.000.000) 06/04 13:42:45 Finished transferring output files
...
005 (116899.000.000) 06/04 13:42:45 Job terminated.
	(1) Normal termination (return value 0)
		Usr 0 00:01:04, Sys 0 00:00:28  -  Run Remote Usage
		Usr 0 00:00:00, Sys 0 00:00:00  -  Run Local Usage
		Usr 0 00:01:04, Sys 0 00:00:28  -  Total Remote Usage
		Usr 0 00:00:00, Sys 0 00:00:00  -  Total Local Usage
	48935  -  Run Bytes Sent By Job
	19195  -  Run Bytes Received By Job
	48935  -  Total Bytes Sent By Job
	19195  -  Total Bytes Received By Job
	Partitionable Resources :      Usage  Request Allocated 
	   Cpus                 :       0.00        1         1 
	   Disk (KB)            : 2758871          20    357385 
	   Memory (MB)          :      91        2000      2000 

	Job terminated of its own accord at 2021-06-04T11:42:45Z.
...
000 (124060.000.000) 06/08 10:52:48 Job submitted from host: <188.185.121.235:9618?addrs=188.185.121.235-9618+[2001-1458-d00-49--100-36e]-9618&alias=bigbird22.cern.ch&noUDP&sock=schedd_38044_991d>
...
040 (124060.000.000) 06/08 11:23:38 Entered queue to transfer input files
	Transferring to host: <128.142.240.147:9618?addrs=128.142.240.147-9618+[2001-1458-301-9--100-12a]-9618&alias=b7g41n1747.cern.ch&noUDP&sock=slot1_5_999_a2c2_107706>
...
040 (124060.000.000) 06/08 11:53:59 Started transferring input files
	Seconds spent in queue: 1821
...
040 (124060.000.000) 06/08 11:53:59 Finished transferring input files
...
001 (124060.000.000) 06/08 11:53:59 Job executing on host: <128.142.240.147:9618?addrs=128.142.240.147-9618+[2001-1458-301-9--100-12a]-9618&alias=b7g41n1747.cern.ch&noUDP&sock=startd_6522_20c4>
...
006 (124060.000.000) 06/08 11:54:08 Image size of job updated: 126248
	3  -  MemoryUsage of job (MB)
	2092  -  ResidentSetSize of job (KB)
...
006 (124060.000.000) 06/08 11:59:09 Image size of job updated: 791456
	35  -  MemoryUsage of job (MB)
	35296  -  ResidentSetSize of job (KB)
...
006 (124060.000.000) 06/08 12:04:09 Image size of job updated: 791456
	66  -  MemoryUsage of job (MB)
	67160  -  ResidentSetSize of job (KB)
...
006 (124060.000.000) 06/08 12:09:09 Image size of job updated: 791456
	67  -  MemoryUsage of job (MB)
	67768  -  ResidentSetSize of job (KB)
...
040 (124060.000.000) 06/08 15:36:07 Started transferring output files
	Seconds spent in queue: 15149
...
040 (124060.000.000) 06/08 15:36:07 Finished transferring output files
...
005 (124060.000.000) 06/08 15:36:07 Job terminated.
	(1) Normal termination (return value 0)
		Usr 0 00:01:29, Sys 0 00:00:15  -  Run Remote Usage
		Usr 0 00:00:00, Sys 0 00:00:00  -  Run Local Usage
		Usr 0 00:01:29, Sys 0 00:00:15  -  Total Remote Usage
		Usr 0 00:00:00, Sys 0 00:00:00  -  Total Local Usage
	48945  -  Run Bytes Sent By Job
	19195  -  Run Bytes Received By Job
	48945  -  Total Bytes Sent By Job
	19195  -  Total Bytes Received By Job
	Partitionable Resources :      Usage  Request Allocated 
	   Cpus                 :       0.00        1         1 
	   Disk (KB)            : 2758871          20    319589 
	   Memory (MB)          :      67        2000      2000 

	Job terminated of its own accord at 2021-06-08T13:36:07Z.
...
