000 (116898.000.000) 06/04 09:08:48 Job submitted from host: <188.185.121.235:9618?addrs=188.185.121.235-9618+[2001-1458-d00-49--100-36e]-9618&alias=bigbird22.cern.ch&noUDP&sock=schedd_38044_991d>
...
040 (116898.000.000) 06/04 09:41:53 Started transferring input files
	Transferring to host: <188.184.139.80:9618?addrs=188.184.139.80-9618+[2001-1458-301-45--100-14f]-9618&alias=b7g42n0606.cern.ch&noUDP&sock=slot1_5_29159_e73b_83792>
...
040 (116898.000.000) 06/04 09:41:53 Finished transferring input files
...
001 (116898.000.000) 06/04 09:41:53 Job executing on host: <188.184.139.80:9618?addrs=188.184.139.80-9618+[2001-1458-301-45--100-14f]-9618&alias=b7g42n0606.cern.ch&noUDP&sock=startd_5607_839c>
...
006 (116898.000.000) 06/04 09:42:02 Image size of job updated: 624804
	3  -  MemoryUsage of job (MB)
	2928  -  ResidentSetSize of job (KB)
...
006 (116898.000.000) 06/04 09:47:02 Image size of job updated: 790824
	42  -  MemoryUsage of job (MB)
	42684  -  ResidentSetSize of job (KB)
...
006 (116898.000.000) 06/04 09:52:02 Image size of job updated: 790824
	60  -  MemoryUsage of job (MB)
	60860  -  ResidentSetSize of job (KB)
...
006 (116898.000.000) 06/04 09:57:03 Image size of job updated: 790824
	66  -  MemoryUsage of job (MB)
	67496  -  ResidentSetSize of job (KB)
...
040 (116898.000.000) 06/04 13:43:56 Started transferring output files
...
040 (116898.000.000) 06/04 13:43:56 Finished transferring output files
...
005 (116898.000.000) 06/04 13:43:56 Job terminated.
	(1) Normal termination (return value 0)
		Usr 0 00:01:19, Sys 0 00:00:16  -  Run Remote Usage
		Usr 0 00:00:00, Sys 0 00:00:00  -  Run Local Usage
		Usr 0 00:01:19, Sys 0 00:00:16  -  Total Remote Usage
		Usr 0 00:00:00, Sys 0 00:00:00  -  Total Local Usage
	49728  -  Run Bytes Sent By Job
	19195  -  Run Bytes Received By Job
	49728  -  Total Bytes Sent By Job
	19195  -  Total Bytes Received By Job
	Partitionable Resources :      Usage  Request Allocated 
	   Cpus                 :       0.00        1         1 
	   Disk (KB)            : 2758872          20    217579 
	   Memory (MB)          :      66        2000      2000 

	Job terminated of its own accord at 2021-06-04T11:43:56Z.
...
000 (124058.000.000) 06/08 10:52:46 Job submitted from host: <188.185.121.235:9618?addrs=188.185.121.235-9618+[2001-1458-d00-49--100-36e]-9618&alias=bigbird22.cern.ch&noUDP&sock=schedd_38044_991d>
...
040 (124058.000.000) 06/08 11:23:38 Entered queue to transfer input files
	Transferring to host: <188.184.138.71:9618?addrs=188.184.138.71-9618+[2001-1458-301-45--100-14]-9618&alias=b7g42n0117.cern.ch&noUDP&sock=slot1_11_5627_7afe_33477>
...
040 (124058.000.000) 06/08 11:53:59 Started transferring input files
	Seconds spent in queue: 1821
...
040 (124058.000.000) 06/08 11:53:59 Finished transferring input files
...
001 (124058.000.000) 06/08 11:53:59 Job executing on host: <188.184.138.71:9618?addrs=188.184.138.71-9618+[2001-1458-301-45--100-14]-9618&alias=b7g42n0117.cern.ch&noUDP&sock=startd_4324_7b9a>
...
006 (124058.000.000) 06/08 11:54:08 Image size of job updated: 386500
	2  -  MemoryUsage of job (MB)
	1736  -  ResidentSetSize of job (KB)
...
006 (124058.000.000) 06/08 11:59:09 Image size of job updated: 791456
	38  -  MemoryUsage of job (MB)
	38856  -  ResidentSetSize of job (KB)
...
006 (124058.000.000) 06/08 12:04:09 Image size of job updated: 791456
	65  -  MemoryUsage of job (MB)
	66300  -  ResidentSetSize of job (KB)
...
006 (124058.000.000) 06/08 12:09:09 Image size of job updated: 791456
	67  -  MemoryUsage of job (MB)
	67768  -  ResidentSetSize of job (KB)
...
040 (124058.000.000) 06/08 15:42:07 Started transferring output files
	Seconds spent in queue: 15509
...
040 (124058.000.000) 06/08 15:42:07 Finished transferring output files
...
005 (124058.000.000) 06/08 15:42:08 Job terminated.
	(1) Normal termination (return value 0)
		Usr 0 00:01:23, Sys 0 00:00:21  -  Run Remote Usage
		Usr 0 00:00:00, Sys 0 00:00:00  -  Run Local Usage
		Usr 0 00:01:23, Sys 0 00:00:21  -  Total Remote Usage
		Usr 0 00:00:00, Sys 0 00:00:00  -  Total Local Usage
	49718  -  Run Bytes Sent By Job
	19195  -  Run Bytes Received By Job
	49718  -  Total Bytes Sent By Job
	19195  -  Total Bytes Received By Job
	Partitionable Resources :      Usage  Request Allocated 
	   Cpus                 :       0.00        1         1 
	   Disk (KB)            : 2758872          20    264138 
	   Memory (MB)          :      67        2000      2000 

	Job terminated of its own accord at 2021-06-08T13:42:07Z.
...
