000 (147333.000.000) 06/16 08:25:50 Job submitted from host: <188.185.121.235:9618?addrs=188.185.121.235-9618+[2001-1458-d00-49--100-36e]-9618&alias=bigbird22.cern.ch&noUDP&sock=schedd_38044_991d>
...
040 (147333.000.000) 06/16 08:51:06 Entered queue to transfer input files
	Transferring to host: <128.142.149.204:9618?addrs=128.142.149.204-9618+[2001-1458-301-b--100-186]-9618&alias=b7g41n9570.cern.ch&noUDP&sock=slot1_6_3250_ab3d_41694>
...
040 (147333.000.000) 06/16 08:51:19 Started transferring input files
	Seconds spent in queue: 13
...
001 (147333.000.000) 06/16 08:51:19 Job executing on host: <128.142.149.204:9618?addrs=128.142.149.204-9618+[2001-1458-301-b--100-186]-9618&alias=b7g41n9570.cern.ch&noUDP&sock=startd_2928_f164>
...
006 (147333.000.000) 06/16 08:51:37 Image size of job updated: 766796
	35  -  MemoryUsage of job (MB)
	35380  -  ResidentSetSize of job (KB)
...
040 (147333.000.000) 06/16 08:51:37 Finished transferring input files
...
006 (147333.000.000) 06/16 08:51:57 Image size of job updated: 791428
	67  -  MemoryUsage of job (MB)
	67768  -  ResidentSetSize of job (KB)
...
040 (147333.000.000) 06/16 08:51:59 Started transferring output files
	Seconds spent in queue: 53
...
040 (147333.000.000) 06/16 08:52:03 Finished transferring output files
...
005 (147333.000.000) 06/16 08:52:08 Job terminated.
	(1) Normal termination (return value 0)
		Usr 0 00:00:09, Sys 0 00:00:02  -  Run Remote Usage
		Usr 0 00:00:00, Sys 0 00:00:00  -  Run Local Usage
		Usr 0 00:00:09, Sys 0 00:00:02  -  Total Remote Usage
		Usr 0 00:00:00, Sys 0 00:00:00  -  Total Local Usage
	18007  -  Run Bytes Sent By Job
	19195  -  Run Bytes Received By Job
	18007  -  Total Bytes Sent By Job
	19195  -  Total Bytes Received By Job
	Partitionable Resources :    Usage  Request Allocated 
	   Cpus                 :                 1         1 
	   Disk (KB)            :   465705       20    266249 
	   Memory (MB)          :       67     2000      2000 

	Job terminated of its own accord at 2021-06-16T06:51:57Z.
...
