000 (147004.000.000) 06/16 08:19:14 Job submitted from host: <188.185.121.235:9618?addrs=188.185.121.235-9618+[2001-1458-d00-49--100-36e]-9618&alias=bigbird22.cern.ch&noUDP&sock=schedd_38044_991d>
...
040 (147004.000.000) 06/16 08:46:13 Started transferring input files
	Transferring to host: <128.142.86.218:9618?addrs=128.142.86.218-9618+[2001-1458-301-f6--100-554]-9618&alias=b7s14n9988.cern.ch&noUDP&sock=slot1_13_6498_2dc1_48727>
...
040 (147004.000.000) 06/16 08:46:13 Finished transferring input files
...
001 (147004.000.000) 06/16 08:46:13 Job executing on host: <128.142.86.218:9618?addrs=128.142.86.218-9618+[2001-1458-301-f6--100-554]-9618&alias=b7s14n9988.cern.ch&noUDP&sock=startd_5327_7517>
...
006 (147004.000.000) 06/16 08:46:22 Image size of job updated: 40992
	38  -  MemoryUsage of job (MB)
	38824  -  ResidentSetSize of job (KB)
...
006 (147004.000.000) 06/16 08:47:50 Image size of job updated: 791432
	38  -  MemoryUsage of job (MB)
	38844  -  ResidentSetSize of job (KB)
...
040 (147004.000.000) 06/16 08:47:50 Started transferring output files
...
040 (147004.000.000) 06/16 08:47:51 Finished transferring output files
...
005 (147004.000.000) 06/16 08:47:51 Job terminated.
	(1) Normal termination (return value 0)
		Usr 0 00:00:09, Sys 0 00:00:02  -  Run Remote Usage
		Usr 0 00:00:00, Sys 0 00:00:00  -  Run Local Usage
		Usr 0 00:00:09, Sys 0 00:00:02  -  Total Remote Usage
		Usr 0 00:00:00, Sys 0 00:00:00  -  Total Local Usage
	21571  -  Run Bytes Sent By Job
	19195  -  Run Bytes Received By Job
	21571  -  Total Bytes Sent By Job
	19195  -  Total Bytes Received By Job
	Partitionable Resources :    Usage  Request Allocated 
	   Cpus                 :                 1         1 
	   Disk (KB)            :   466130       20    283723 
	   Memory (MB)          :       38     2000      2000 

	Job terminated of its own accord at 2021-06-16T06:47:50Z.
...
