000 (147386.000.000) 06/16 08:27:28 Job submitted from host: <188.185.121.235:9618?addrs=188.185.121.235-9618+[2001-1458-d00-49--100-36e]-9618&alias=bigbird22.cern.ch&noUDP&sock=schedd_38044_991d>
...
040 (147386.000.000) 06/16 08:52:36 Started transferring input files
	Transferring to host: <128.142.82.4:9618?addrs=128.142.82.4-9618+[2001-1458-301-f5--100-645]-9618&alias=b7s13n1790.cern.ch&noUDP&sock=slot1_16_4010_285c_49229>
...
001 (147386.000.000) 06/16 08:52:36 Job executing on host: <128.142.82.4:9618?addrs=128.142.82.4-9618+[2001-1458-301-f5--100-645]-9618&alias=b7s13n1790.cern.ch&noUDP&sock=startd_3353_7524>
...
040 (147386.000.000) 06/16 08:52:36 Finished transferring input files
...
006 (147386.000.000) 06/16 08:52:45 Image size of job updated: 791456
	37  -  MemoryUsage of job (MB)
	37688  -  ResidentSetSize of job (KB)
...
006 (147386.000.000) 06/16 08:54:18 Image size of job updated: 791456
	37  -  MemoryUsage of job (MB)
	37732  -  ResidentSetSize of job (KB)
...
040 (147386.000.000) 06/16 08:54:20 Started transferring output files
...
040 (147386.000.000) 06/16 08:54:21 Finished transferring output files
...
005 (147386.000.000) 06/16 08:54:23 Job terminated.
	(1) Normal termination (return value 0)
		Usr 0 00:00:08, Sys 0 00:00:02  -  Run Remote Usage
		Usr 0 00:00:00, Sys 0 00:00:00  -  Run Local Usage
		Usr 0 00:00:08, Sys 0 00:00:02  -  Total Remote Usage
		Usr 0 00:00:00, Sys 0 00:00:00  -  Total Local Usage
	20114  -  Run Bytes Sent By Job
	19195  -  Run Bytes Received By Job
	20114  -  Total Bytes Sent By Job
	19195  -  Total Bytes Received By Job
	Partitionable Resources :    Usage  Request Allocated 
	   Cpus                 :                 1         1 
	   Disk (KB)            :   465797       20    196043 
	   Memory (MB)          :       37     2000      2000 

	Job terminated of its own accord at 2021-06-16T06:54:18Z.
...
