000 (117055.000.000) 06/04 09:10:25 Job submitted from host: <188.185.121.235:9618?addrs=188.185.121.235-9618+[2001-1458-d00-49--100-36e]-9618&alias=bigbird22.cern.ch&noUDP&sock=schedd_38044_991d>
...
040 (117055.000.000) 06/04 09:55:25 Started transferring input files
	Transferring to host: <188.184.213.193:9618?addrs=188.184.213.193-9618+[2001-1458-301-10c--100-1ad]-9618&alias=b7g24n0686.cern.ch&noUDP&sock=slot1_9_19341_3bec_86646>
...
040 (117055.000.000) 06/04 09:55:25 Finished transferring input files
...
001 (117055.000.000) 06/04 09:55:25 Job executing on host: <188.184.213.193:9618?addrs=188.184.213.193-9618+[2001-1458-301-10c--100-1ad]-9618&alias=b7g24n0686.cern.ch&noUDP&sock=startd_5720_05d0>
...
006 (117055.000.000) 06/04 09:55:34 Image size of job updated: 3040
	3  -  MemoryUsage of job (MB)
	3040  -  ResidentSetSize of job (KB)
...
006 (117055.000.000) 06/04 10:00:35 Image size of job updated: 790824
	66  -  MemoryUsage of job (MB)
	67500  -  ResidentSetSize of job (KB)
...
040 (117055.000.000) 06/04 10:53:53 Started transferring output files
...
040 (117055.000.000) 06/04 10:53:53 Finished transferring output files
...
005 (117055.000.000) 06/04 10:53:53 Job terminated.
	(1) Normal termination (return value 0)
		Usr 0 00:01:22, Sys 0 00:00:10  -  Run Remote Usage
		Usr 0 00:00:00, Sys 0 00:00:00  -  Run Local Usage
		Usr 0 00:01:22, Sys 0 00:00:10  -  Total Remote Usage
		Usr 0 00:00:00, Sys 0 00:00:00  -  Total Local Usage
	48833  -  Run Bytes Sent By Job
	19195  -  Run Bytes Received By Job
	48833  -  Total Bytes Sent By Job
	19195  -  Total Bytes Received By Job
	Partitionable Resources :      Usage  Request Allocated 
	   Cpus                 :       0.02        1         1 
	   Disk (KB)            : 2754219          20    293794 
	   Memory (MB)          :      66        2000      2000 

	Job terminated of its own accord at 2021-06-04T08:53:53Z.
...
000 (124230.000.000) 06/08 10:55:22 Job submitted from host: <188.185.121.235:9618?addrs=188.185.121.235-9618+[2001-1458-d00-49--100-36e]-9618&alias=bigbird22.cern.ch&noUDP&sock=schedd_38044_991d>
...
040 (124230.000.000) 06/08 12:10:13 Started transferring input files
	Transferring to host: <188.184.186.200:9618?addrs=188.184.186.200-9618+[2001-1458-301-f8--100-e8]-9618&alias=b7g28n0555.cern.ch&noUDP&sock=slot1_5_4642_7576_37352>
...
001 (124230.000.000) 06/08 12:10:13 Job executing on host: <188.184.186.200:9618?addrs=188.184.186.200-9618+[2001-1458-301-f8--100-e8]-9618&alias=b7g28n0555.cern.ch&noUDP&sock=startd_3777_494c>
...
040 (124230.000.000) 06/08 12:10:13 Finished transferring input files
...
006 (124230.000.000) 06/08 12:10:22 Image size of job updated: 6528
	7  -  MemoryUsage of job (MB)
	6528  -  ResidentSetSize of job (KB)
...
006 (124230.000.000) 06/08 12:15:23 Image size of job updated: 791456
	67  -  MemoryUsage of job (MB)
	67768  -  ResidentSetSize of job (KB)
...
040 (124230.000.000) 06/08 13:30:25 Started transferring output files
...
040 (124230.000.000) 06/08 13:30:25 Finished transferring output files
...
005 (124230.000.000) 06/08 13:30:26 Job terminated.
	(1) Normal termination (return value 0)
		Usr 0 00:01:15, Sys 0 00:00:17  -  Run Remote Usage
		Usr 0 00:00:00, Sys 0 00:00:00  -  Run Local Usage
		Usr 0 00:01:15, Sys 0 00:00:17  -  Total Remote Usage
		Usr 0 00:00:00, Sys 0 00:00:00  -  Total Local Usage
	49009  -  Run Bytes Sent By Job
	19195  -  Run Bytes Received By Job
	49009  -  Total Bytes Sent By Job
	19195  -  Total Bytes Received By Job
	Partitionable Resources :      Usage  Request Allocated 
	   Cpus                 :       0.02        1         1 
	   Disk (KB)            : 2754219          20    126478 
	   Memory (MB)          :      67        2000      2000 

	Job terminated of its own accord at 2021-06-08T11:30:25Z.
...
