000 (148317.000.000) 06/16 08:46:53 Job submitted from host: <188.185.121.235:9618?addrs=188.185.121.235-9618+[2001-1458-d00-49--100-36e]-9618&alias=bigbird22.cern.ch&noUDP&sock=schedd_38044_991d>
...
040 (148317.000.000) 06/16 09:06:04 Started transferring input files
	Transferring to host: <188.184.204.235:9618?addrs=188.184.204.235-9618+[2001-1458-301-7d--100-ef]-9618&alias=b7g27n0235.cern.ch&noUDP&sock=slot1_8_1758_6b81_90673>
...
001 (148317.000.000) 06/16 09:06:04 Job executing on host: <188.184.204.235:9618?addrs=188.184.204.235-9618+[2001-1458-301-7d--100-ef]-9618&alias=b7g27n0235.cern.ch&noUDP&sock=startd_2388_8c3f>
...
040 (148317.000.000) 06/16 09:06:04 Finished transferring input files
...
006 (148317.000.000) 06/16 09:06:13 Image size of job updated: 8072
	8  -  MemoryUsage of job (MB)
	8072  -  ResidentSetSize of job (KB)
...
006 (148317.000.000) 06/16 09:11:14 Image size of job updated: 791456
	67  -  MemoryUsage of job (MB)
	67772  -  ResidentSetSize of job (KB)
...
040 (148317.000.000) 06/16 10:22:33 Started transferring output files
...
040 (148317.000.000) 06/16 10:22:33 Finished transferring output files
...
005 (148317.000.000) 06/16 10:22:34 Job terminated.
	(1) Normal termination (return value 0)
		Usr 0 00:00:50, Sys 0 00:00:13  -  Run Remote Usage
		Usr 0 00:00:00, Sys 0 00:00:00  -  Run Local Usage
		Usr 0 00:00:50, Sys 0 00:00:13  -  Total Remote Usage
		Usr 0 00:00:00, Sys 0 00:00:00  -  Total Local Usage
	46607  -  Run Bytes Sent By Job
	19195  -  Run Bytes Received By Job
	46607  -  Total Bytes Sent By Job
	19195  -  Total Bytes Received By Job
	Partitionable Resources :      Usage  Request Allocated 
	   Cpus                 :       0.01        1         1 
	   Disk (KB)            : 2368168          20    216060 
	   Memory (MB)          :      67        2000      2000 

	Job terminated of its own accord at 2021-06-16T08:22:33Z.
...
