000 (147057.000.000) 06/16 08:19:59 Job submitted from host: <188.185.121.235:9618?addrs=188.185.121.235-9618+[2001-1458-d00-49--100-36e]-9618&alias=bigbird22.cern.ch&noUDP&sock=schedd_38044_991d>
...
040 (147057.000.000) 06/16 08:46:30 Started transferring input files
	Transferring to host: <188.184.192.251:9618?addrs=188.184.192.251-9618&alias=b7g44n5913.cern.ch&noUDP&sock=slot1_9_3118_a9b8_51176>
...
040 (147057.000.000) 06/16 08:46:30 Finished transferring input files
...
001 (147057.000.000) 06/16 08:46:30 Job executing on host: <188.184.192.251:9618?addrs=188.184.192.251-9618&alias=b7g44n5913.cern.ch&noUDP&sock=startd_2726_6342>
...
006 (147057.000.000) 06/16 08:46:39 Image size of job updated: 783188
	36  -  MemoryUsage of job (MB)
	36372  -  ResidentSetSize of job (KB)
...
006 (147057.000.000) 06/16 08:47:28 Image size of job updated: 791428
	36  -  MemoryUsage of job (MB)
	36432  -  ResidentSetSize of job (KB)
...
040 (147057.000.000) 06/16 08:47:28 Started transferring output files
...
040 (147057.000.000) 06/16 08:47:28 Finished transferring output files
...
005 (147057.000.000) 06/16 08:47:28 Job terminated.
	(1) Normal termination (return value 0)
		Usr 0 00:00:10, Sys 0 00:00:02  -  Run Remote Usage
		Usr 0 00:00:00, Sys 0 00:00:00  -  Run Local Usage
		Usr 0 00:00:10, Sys 0 00:00:02  -  Total Remote Usage
		Usr 0 00:00:00, Sys 0 00:00:00  -  Total Local Usage
	19396  -  Run Bytes Sent By Job
	19195  -  Run Bytes Received By Job
	19396  -  Total Bytes Sent By Job
	19195  -  Total Bytes Received By Job
	Partitionable Resources :    Usage  Request Allocated 
	   Cpus                 :                 1         1 
	   Disk (KB)            :   466089       20    205860 
	   Memory (MB)          :       36     2000      2000 

	Job terminated of its own accord at 2021-06-16T06:47:28Z.
...
