000 (147745.000.000) 06/16 08:34:53 Job submitted from host: <188.185.121.235:9618?addrs=188.185.121.235-9618+[2001-1458-d00-49--100-36e]-9618&alias=bigbird22.cern.ch&noUDP&sock=schedd_38044_991d>
...
040 (147745.000.000) 06/16 08:56:59 Started transferring input files
	Transferring to host: <188.184.138.52:9618?addrs=188.184.138.52-9618+[2001-1458-301-45--100-45]-9618&alias=b7g42n0106.cern.ch&noUDP&sock=slot1_7_6078_4030_93501>
...
001 (147745.000.000) 06/16 08:56:59 Job executing on host: <188.184.138.52:9618?addrs=188.184.138.52-9618+[2001-1458-301-45--100-45]-9618&alias=b7g42n0106.cern.ch&noUDP&sock=startd_26798_c70b>
...
040 (147745.000.000) 06/16 08:56:59 Finished transferring input files
...
006 (147745.000.000) 06/16 08:57:07 Image size of job updated: 16836
	17  -  MemoryUsage of job (MB)
	16556  -  ResidentSetSize of job (KB)
...
006 (147745.000.000) 06/16 09:02:08 Image size of job updated: 791456
	67  -  MemoryUsage of job (MB)
	67772  -  ResidentSetSize of job (KB)
...
040 (147745.000.000) 06/16 09:25:43 Started transferring output files
...
040 (147745.000.000) 06/16 09:25:43 Finished transferring output files
...
005 (147745.000.000) 06/16 09:25:44 Job terminated.
	(1) Normal termination (return value 0)
		Usr 0 00:02:01, Sys 0 00:00:27  -  Run Remote Usage
		Usr 0 00:00:00, Sys 0 00:00:00  -  Run Local Usage
		Usr 0 00:02:01, Sys 0 00:00:27  -  Total Remote Usage
		Usr 0 00:00:00, Sys 0 00:00:00  -  Total Local Usage
	54314  -  Run Bytes Sent By Job
	19195  -  Run Bytes Received By Job
	54314  -  Total Bytes Sent By Job
	19195  -  Total Bytes Received By Job
	Partitionable Resources :      Usage  Request Allocated 
	   Cpus                 :       0.01        1         1 
	   Disk (KB)            : 3074062          20    317310 
	   Memory (MB)          :      67        2000      2000 

	Job terminated of its own accord at 2021-06-16T07:25:43Z.
...
