000 (115940.000.000) 06/04 08:56:06 Job submitted from host: <188.185.121.235:9618?addrs=188.185.121.235-9618+[2001-1458-d00-49--100-36e]-9618&alias=bigbird22.cern.ch&noUDP&sock=schedd_38044_991d>
...
040 (115940.000.000) 06/04 09:00:22 Started transferring input files
	Transferring to host: <188.185.105.201:9618?addrs=188.185.105.201-9618+[2001-1458-d00-3e--100-12c]-9618&alias=b7g50s1205.cern.ch&noUDP&sock=slot1_4_26161_8a81_89431>
...
040 (115940.000.000) 06/04 09:00:22 Finished transferring input files
...
001 (115940.000.000) 06/04 09:00:22 Job executing on host: <188.185.105.201:9618?addrs=188.185.105.201-9618+[2001-1458-d00-3e--100-12c]-9618&alias=b7g50s1205.cern.ch&noUDP&sock=startd_15942_76e7>
...
006 (115940.000.000) 06/04 09:00:30 Image size of job updated: 624804
	10  -  MemoryUsage of job (MB)
	9568  -  ResidentSetSize of job (KB)
...
006 (115940.000.000) 06/04 09:05:30 Image size of job updated: 790820
	66  -  MemoryUsage of job (MB)
	67496  -  ResidentSetSize of job (KB)
...
006 (115940.000.000) 06/04 09:40:34 Image size of job updated: 790820
	114  -  MemoryUsage of job (MB)
	115988  -  ResidentSetSize of job (KB)
...
040 (115940.000.000) 06/04 09:41:16 Started transferring output files
...
040 (115940.000.000) 06/04 09:41:16 Finished transferring output files
...
005 (115940.000.000) 06/04 09:41:16 Job terminated.
	(1) Normal termination (return value 0)
		Usr 0 00:01:28, Sys 0 00:00:22  -  Run Remote Usage
		Usr 0 00:00:00, Sys 0 00:00:00  -  Run Local Usage
		Usr 0 00:01:28, Sys 0 00:00:22  -  Total Remote Usage
		Usr 0 00:00:00, Sys 0 00:00:00  -  Total Local Usage
	60683  -  Run Bytes Sent By Job
	19195  -  Run Bytes Received By Job
	60683  -  Total Bytes Sent By Job
	19195  -  Total Bytes Received By Job
	Partitionable Resources :      Usage  Request Allocated 
	   Cpus                 :       0.00        1         1 
	   Disk (KB)            : 3711593          20    600835 
	   Memory (MB)          :     114        2000      2000 

	Job terminated of its own accord at 2021-06-04T07:41:16Z.
...
000 (123078.000.000) 06/08 10:37:49 Job submitted from host: <188.185.121.235:9618?addrs=188.185.121.235-9618+[2001-1458-d00-49--100-36e]-9618&alias=bigbird22.cern.ch&noUDP&sock=schedd_38044_991d>
...
040 (123078.000.000) 06/08 10:58:31 Started transferring input files
	Transferring to host: <188.184.192.104:9618?addrs=188.184.192.104-9618+[2001-1458-301-83--100-21]-9618&alias=b7g44n3920.cern.ch&noUDP&sock=slot1_7_16182_6ecb_34505>
...
001 (123078.000.000) 06/08 10:58:32 Job executing on host: <188.184.192.104:9618?addrs=188.184.192.104-9618+[2001-1458-301-83--100-21]-9618&alias=b7g44n3920.cern.ch&noUDP&sock=startd_16039_ff97>
...
040 (123078.000.000) 06/08 10:58:32 Finished transferring input files
...
006 (123078.000.000) 06/08 10:58:40 Image size of job updated: 783188
	30  -  MemoryUsage of job (MB)
	29768  -  ResidentSetSize of job (KB)
...
006 (123078.000.000) 06/08 11:03:40 Image size of job updated: 791428
	65  -  MemoryUsage of job (MB)
	65756  -  ResidentSetSize of job (KB)
...
040 (123078.000.000) 06/08 11:07:02 Started transferring output files
...
040 (123078.000.000) 06/08 11:07:02 Finished transferring output files
...
005 (123078.000.000) 06/08 11:07:02 Job terminated.
	(1) Normal termination (return value 0)
		Usr 0 00:02:15, Sys 0 00:00:22  -  Run Remote Usage
		Usr 0 00:00:00, Sys 0 00:00:00  -  Run Local Usage
		Usr 0 00:02:15, Sys 0 00:00:22  -  Total Remote Usage
		Usr 0 00:00:00, Sys 0 00:00:00  -  Total Local Usage
	50132  -  Run Bytes Sent By Job
	19195  -  Run Bytes Received By Job
	50132  -  Total Bytes Sent By Job
	19195  -  Total Bytes Received By Job
	Partitionable Resources :      Usage  Request Allocated 
	   Cpus                 :       0.99        1         1 
	   Disk (KB)            : 3711583          20     60759 
	   Memory (MB)          :      65        2000      2000 

	Job terminated of its own accord at 2021-06-08T09:07:02Z.
...
