000 (148170.000.000) 06/16 08:43:46 Job submitted from host: <188.185.121.235:9618?addrs=188.185.121.235-9618+[2001-1458-d00-49--100-36e]-9618&alias=bigbird22.cern.ch&noUDP&sock=schedd_38044_991d>
...
040 (148170.000.000) 06/16 09:02:52 Started transferring input files
	Transferring to host: <128.142.85.249:9618?addrs=128.142.85.249-9618+[2001-1458-301-f6--100-3af]-9618&alias=b7s14n1531.cern.ch&noUDP&sock=slot1_5_5744_eae3_38073>
...
001 (148170.000.000) 06/16 09:02:52 Job executing on host: <128.142.85.249:9618?addrs=128.142.85.249-9618+[2001-1458-301-f6--100-3af]-9618&alias=b7s14n1531.cern.ch&noUDP&sock=startd_4634_1df6>
...
040 (148170.000.000) 06/16 09:02:52 Finished transferring input files
...
006 (148170.000.000) 06/16 09:03:01 Image size of job updated: 625444
	10  -  MemoryUsage of job (MB)
	10228  -  ResidentSetSize of job (KB)
...
006 (148170.000.000) 06/16 09:08:02 Image size of job updated: 791456
	55  -  MemoryUsage of job (MB)
	55424  -  ResidentSetSize of job (KB)
...
006 (148170.000.000) 06/16 09:13:03 Image size of job updated: 791456
	67  -  MemoryUsage of job (MB)
	67772  -  ResidentSetSize of job (KB)
...
040 (148170.000.000) 06/16 11:44:36 Started transferring output files
...
040 (148170.000.000) 06/16 11:44:36 Finished transferring output files
...
005 (148170.000.000) 06/16 11:44:37 Job terminated.
	(1) Normal termination (return value 0)
		Usr 0 00:00:50, Sys 0 00:00:16  -  Run Remote Usage
		Usr 0 00:00:00, Sys 0 00:00:00  -  Run Local Usage
		Usr 0 00:00:50, Sys 0 00:00:16  -  Total Remote Usage
		Usr 0 00:00:00, Sys 0 00:00:00  -  Total Local Usage
	46650  -  Run Bytes Sent By Job
	19195  -  Run Bytes Received By Job
	46650  -  Total Bytes Sent By Job
	19195  -  Total Bytes Received By Job
	Partitionable Resources :      Usage  Request Allocated 
	   Cpus                 :       0.00        1         1 
	   Disk (KB)            : 2362246          20    179526 
	   Memory (MB)          :      67        2000      2000 

	Job terminated of its own accord at 2021-06-16T09:44:36Z.
...
