000 (147213.000.000) 06/16 08:23:47 Job submitted from host: <188.185.121.235:9618?addrs=188.185.121.235-9618+[2001-1458-d00-49--100-36e]-9618&alias=bigbird22.cern.ch&noUDP&sock=schedd_38044_991d>
...
040 (147213.000.000) 06/16 08:47:28 Started transferring input files
	Transferring to host: <128.142.161.143:9618?addrs=128.142.161.143-9618+[2001-1458-301-b9--100-c]-9618&alias=b7g03p6292.cern.ch&noUDP&sock=slot1_49_146220_f7b3_115344>
...
040 (147213.000.000) 06/16 08:47:28 Finished transferring input files
...
001 (147213.000.000) 06/16 08:47:28 Job executing on host: <128.142.161.143:9618?addrs=128.142.161.143-9618+[2001-1458-301-b9--100-c]-9618&alias=b7g03p6292.cern.ch&noUDP&sock=startd_70291_5ba0>
...
006 (147213.000.000) 06/16 08:47:37 Image size of job updated: 8356
	9  -  MemoryUsage of job (MB)
	8356  -  ResidentSetSize of job (KB)
...
006 (147213.000.000) 06/16 08:52:37 Image size of job updated: 791456
	67  -  MemoryUsage of job (MB)
	67776  -  ResidentSetSize of job (KB)
...
040 (147213.000.000) 06/16 08:58:11 Started transferring output files
...
040 (147213.000.000) 06/16 08:58:12 Finished transferring output files
...
005 (147213.000.000) 06/16 08:58:12 Job terminated.
	(1) Normal termination (return value 0)
		Usr 0 00:00:10, Sys 0 00:00:03  -  Run Remote Usage
		Usr 0 00:00:00, Sys 0 00:00:00  -  Run Local Usage
		Usr 0 00:00:10, Sys 0 00:00:03  -  Total Remote Usage
		Usr 0 00:00:00, Sys 0 00:00:00  -  Total Local Usage
	21094  -  Run Bytes Sent By Job
	19195  -  Run Bytes Received By Job
	21094  -  Total Bytes Sent By Job
	19195  -  Total Bytes Received By Job
	Partitionable Resources :    Usage  Request Allocated 
	   Cpus                 :                 1         1 
	   Disk (KB)            :   465870       20   1401587 
	   Memory (MB)          :       67     2000      2000 

	Job terminated of its own accord at 2021-06-16T06:58:11Z.
...
