000 (147590.000.000) 06/16 08:31:18 Job submitted from host: <188.185.121.235:9618?addrs=188.185.121.235-9618+[2001-1458-d00-49--100-36e]-9618&alias=bigbird22.cern.ch&noUDP&sock=schedd_38044_991d>
...
040 (147590.000.000) 06/16 08:55:48 Started transferring input files
	Transferring to host: <128.142.73.23:9618?addrs=128.142.73.23-9618+[2001-1458-301-75--100-55f]-9618&alias=b7s11n6069.cern.ch&noUDP&sock=slot1_12_4807_b75d_42477>
...
001 (147590.000.000) 06/16 08:55:48 Job executing on host: <128.142.73.23:9618?addrs=128.142.73.23-9618+[2001-1458-301-75--100-55f]-9618&alias=b7s11n6069.cern.ch&noUDP&sock=startd_3898_4841>
...
040 (147590.000.000) 06/16 08:55:48 Finished transferring input files
...
006 (147590.000.000) 06/16 08:55:57 Image size of job updated: 625444
	4  -  MemoryUsage of job (MB)
	4072  -  ResidentSetSize of job (KB)
...
006 (147590.000.000) 06/16 09:00:58 Image size of job updated: 791448
	67  -  MemoryUsage of job (MB)
	67776  -  ResidentSetSize of job (KB)
...
006 (147590.000.000) 06/16 10:36:07 Image size of job updated: 791448
	118  -  MemoryUsage of job (MB)
	120676  -  ResidentSetSize of job (KB)
...
040 (147590.000.000) 06/16 10:36:14 Started transferring output files
...
040 (147590.000.000) 06/16 10:36:14 Finished transferring output files
...
005 (147590.000.000) 06/16 10:36:15 Job terminated.
	(1) Normal termination (return value 0)
		Usr 0 00:01:24, Sys 0 00:00:19  -  Run Remote Usage
		Usr 0 00:00:00, Sys 0 00:00:00  -  Run Local Usage
		Usr 0 00:01:24, Sys 0 00:00:19  -  Total Remote Usage
		Usr 0 00:00:00, Sys 0 00:00:00  -  Total Local Usage
	54093  -  Run Bytes Sent By Job
	19195  -  Run Bytes Received By Job
	54093  -  Total Bytes Sent By Job
	19195  -  Total Bytes Received By Job
	Partitionable Resources :      Usage  Request Allocated 
	   Cpus                 :       0.00        1         1 
	   Disk (KB)            : 3072389          20    288881 
	   Memory (MB)          :     118        2000      2000 

	Job terminated of its own accord at 2021-06-16T08:36:14Z.
...
