000 (147940.000.000) 06/16 08:39:00 Job submitted from host: <188.185.121.235:9618?addrs=188.185.121.235-9618+[2001-1458-d00-49--100-36e]-9618&alias=bigbird22.cern.ch&noUDP&sock=schedd_38044_991d>
...
040 (147940.000.000) 06/16 08:58:22 Started transferring input files
	Transferring to host: <188.184.204.203:9618?addrs=188.184.204.203-9618+[2001-1458-301-7d--100-dc]-9618&alias=b7g27n0071.cern.ch&noUDP&sock=slot1_9_31741_27e4_95302>
...
040 (147940.000.000) 06/16 08:58:22 Finished transferring input files
...
001 (147940.000.000) 06/16 08:58:22 Job executing on host: <188.184.204.203:9618?addrs=188.184.204.203-9618+[2001-1458-301-7d--100-dc]-9618&alias=b7g27n0071.cern.ch&noUDP&sock=startd_2323_f698>
...
006 (147940.000.000) 06/16 08:58:31 Image size of job updated: 625444
	22  -  MemoryUsage of job (MB)
	22320  -  ResidentSetSize of job (KB)
...
006 (147940.000.000) 06/16 09:03:32 Image size of job updated: 791456
	67  -  MemoryUsage of job (MB)
	67768  -  ResidentSetSize of job (KB)
...
040 (147940.000.000) 06/16 09:28:09 Started transferring output files
...
040 (147940.000.000) 06/16 09:28:09 Finished transferring output files
...
005 (147940.000.000) 06/16 09:28:10 Job terminated.
	(1) Normal termination (return value 0)
		Usr 0 00:01:38, Sys 0 00:00:22  -  Run Remote Usage
		Usr 0 00:00:00, Sys 0 00:00:00  -  Run Local Usage
		Usr 0 00:01:38, Sys 0 00:00:22  -  Total Remote Usage
		Usr 0 00:00:00, Sys 0 00:00:00  -  Total Local Usage
	54458  -  Run Bytes Sent By Job
	19195  -  Run Bytes Received By Job
	54458  -  Total Bytes Sent By Job
	19195  -  Total Bytes Received By Job
	Partitionable Resources :      Usage  Request Allocated 
	   Cpus                 :       0.02        1         1 
	   Disk (KB)            : 3075917          20    197577 
	   Memory (MB)          :      67        2000      2000 

	Job terminated of its own accord at 2021-06-16T07:28:09Z.
...
