000 (148042.000.000) 06/16 08:40:58 Job submitted from host: <188.185.121.235:9618?addrs=188.185.121.235-9618+[2001-1458-d00-49--100-36e]-9618&alias=bigbird22.cern.ch&noUDP&sock=schedd_38044_991d>
...
040 (148042.000.000) 06/16 08:59:18 Started transferring input files
	Transferring to host: <188.184.205.42:9618?addrs=188.184.205.42-9618+[2001-1458-301-7d--100-124]-9618&alias=b7g27n0364.cern.ch&noUDP&sock=slot1_9_3959_393a_43401>
...
001 (148042.000.000) 06/16 08:59:18 Job executing on host: <188.184.205.42:9618?addrs=188.184.205.42-9618+[2001-1458-301-7d--100-124]-9618&alias=b7g27n0364.cern.ch&noUDP&sock=startd_3313_055a>
...
040 (148042.000.000) 06/16 08:59:18 Finished transferring input files
...
006 (148042.000.000) 06/16 08:59:27 Image size of job updated: 783188
	30  -  MemoryUsage of job (MB)
	30032  -  ResidentSetSize of job (KB)
...
006 (148042.000.000) 06/16 09:04:28 Image size of job updated: 791456
	67  -  MemoryUsage of job (MB)
	67768  -  ResidentSetSize of job (KB)
...
006 (148042.000.000) 06/16 10:09:34 Image size of job updated: 791456
	110  -  MemoryUsage of job (MB)
	112232  -  ResidentSetSize of job (KB)
...
040 (148042.000.000) 06/16 10:09:49 Started transferring output files
...
040 (148042.000.000) 06/16 10:09:49 Finished transferring output files
...
005 (148042.000.000) 06/16 10:09:50 Job terminated.
	(1) Normal termination (return value 0)
		Usr 0 00:01:44, Sys 0 00:00:21  -  Run Remote Usage
		Usr 0 00:00:00, Sys 0 00:00:00  -  Run Local Usage
		Usr 0 00:01:44, Sys 0 00:00:21  -  Total Remote Usage
		Usr 0 00:00:00, Sys 0 00:00:00  -  Total Local Usage
	54417  -  Run Bytes Sent By Job
	19195  -  Run Bytes Received By Job
	54417  -  Total Bytes Sent By Job
	19195  -  Total Bytes Received By Job
	Partitionable Resources :      Usage  Request Allocated 
	   Cpus                 :       0.01        1         1 
	   Disk (KB)            : 3074059          20    183000 
	   Memory (MB)          :     110        2000      2000 

	Job terminated of its own accord at 2021-06-16T08:09:49Z.
...
