000 (116873.000.000) 06/04 09:08:30 Job submitted from host: <188.185.121.235:9618?addrs=188.185.121.235-9618+[2001-1458-d00-49--100-36e]-9618&alias=bigbird22.cern.ch&noUDP&sock=schedd_38044_991d>
...
040 (116873.000.000) 06/04 09:41:41 Started transferring input files
	Transferring to host: <188.184.190.152:9618?addrs=188.184.190.152-9618+[2001-1458-301-4b--100-8d]-9618&alias=b7g42n0342.cern.ch&noUDP&sock=slot1_12_12803_9f22_89238>
...
040 (116873.000.000) 06/04 09:41:41 Finished transferring input files
...
001 (116873.000.000) 06/04 09:41:41 Job executing on host: <188.184.190.152:9618?addrs=188.184.190.152-9618+[2001-1458-301-4b--100-8d]-9618&alias=b7g42n0342.cern.ch&noUDP&sock=startd_5692_d129>
...
006 (116873.000.000) 06/04 09:41:50 Image size of job updated: 31404
	31  -  MemoryUsage of job (MB)
	31404  -  ResidentSetSize of job (KB)
...
006 (116873.000.000) 06/04 09:46:51 Image size of job updated: 790820
	66  -  MemoryUsage of job (MB)
	67504  -  ResidentSetSize of job (KB)
...
040 (116873.000.000) 06/04 09:54:22 Started transferring output files
...
040 (116873.000.000) 06/04 09:54:22 Finished transferring output files
...
005 (116873.000.000) 06/04 09:54:23 Job terminated.
	(1) Normal termination (return value 0)
		Usr 0 00:01:19, Sys 0 00:00:15  -  Run Remote Usage
		Usr 0 00:00:00, Sys 0 00:00:00  -  Run Local Usage
		Usr 0 00:01:19, Sys 0 00:00:15  -  Total Remote Usage
		Usr 0 00:00:00, Sys 0 00:00:00  -  Total Local Usage
	50755  -  Run Bytes Sent By Job
	19195  -  Run Bytes Received By Job
	50755  -  Total Bytes Sent By Job
	19195  -  Total Bytes Received By Job
	Partitionable Resources :      Usage  Request Allocated 
	   Cpus                 :       0.02        1         1 
	   Disk (KB)            : 2758779          20    211160 
	   Memory (MB)          :      66        2000      2000 

	Job terminated of its own accord at 2021-06-04T07:54:22Z.
...
000 (124031.000.000) 06/08 10:52:17 Job submitted from host: <188.185.121.235:9618?addrs=188.185.121.235-9618+[2001-1458-d00-49--100-36e]-9618&alias=bigbird22.cern.ch&noUDP&sock=schedd_38044_991d>
...
040 (124031.000.000) 06/08 11:23:28 Entered queue to transfer input files
	Transferring to host: <188.184.212.221:9618?addrs=188.184.212.221-9618+[2001-1458-301-10c--100-d0]-9618&alias=b7g24n0436.cern.ch&noUDP&sock=slot1_11_3081_97d6_45921>
...
040 (124031.000.000) 06/08 11:53:59 Started transferring input files
	Seconds spent in queue: 1831
...
040 (124031.000.000) 06/08 11:53:59 Finished transferring input files
...
001 (124031.000.000) 06/08 11:53:59 Job executing on host: <188.184.212.221:9618?addrs=188.184.212.221-9618+[2001-1458-301-10c--100-d0]-9618&alias=b7g24n0436.cern.ch&noUDP&sock=startd_2516_585f>
...
006 (124031.000.000) 06/08 11:54:08 Image size of job updated: 2096
	3  -  MemoryUsage of job (MB)
	2096  -  ResidentSetSize of job (KB)
...
006 (124031.000.000) 06/08 11:59:09 Image size of job updated: 791456
	67  -  MemoryUsage of job (MB)
	67772  -  ResidentSetSize of job (KB)
...
040 (124031.000.000) 06/08 12:30:38 Started transferring output files
	Seconds spent in queue: 4030
...
040 (124031.000.000) 06/08 12:30:38 Finished transferring output files
...
005 (124031.000.000) 06/08 12:30:38 Job terminated.
	(1) Normal termination (return value 0)
		Usr 0 00:01:12, Sys 0 00:00:13  -  Run Remote Usage
		Usr 0 00:00:00, Sys 0 00:00:00  -  Run Local Usage
		Usr 0 00:01:12, Sys 0 00:00:13  -  Total Remote Usage
		Usr 0 00:00:00, Sys 0 00:00:00  -  Total Local Usage
	50807  -  Run Bytes Sent By Job
	19195  -  Run Bytes Received By Job
	50807  -  Total Bytes Sent By Job
	19195  -  Total Bytes Received By Job
	Partitionable Resources :      Usage  Request Allocated 
	   Cpus                 :       0.01        1         1 
	   Disk (KB)            : 2758778          20    256213 
	   Memory (MB)          :      67        2000      2000 

	Job terminated of its own accord at 2021-06-08T10:30:38Z.
...
