000 (116464.000.000) 06/04 09:03:13 Job submitted from host: <188.185.121.235:9618?addrs=188.185.121.235-9618+[2001-1458-d00-49--100-36e]-9618&alias=bigbird22.cern.ch&noUDP&sock=schedd_38044_991d>
...
040 (116464.000.000) 06/04 09:19:29 Started transferring input files
	Transferring to host: <128.142.81.121:9618?addrs=128.142.81.121-9618+[2001-1458-301-f5--100-2bd]-9618&alias=b7s13n2092.cern.ch&noUDP&sock=slot1_13_2583_b502_88225>
...
040 (116464.000.000) 06/04 09:19:29 Finished transferring input files
...
001 (116464.000.000) 06/04 09:19:29 Job executing on host: <128.142.81.121:9618?addrs=128.142.81.121-9618+[2001-1458-301-f5--100-2bd]-9618&alias=b7s13n2092.cern.ch&noUDP&sock=startd_16687_78f6>
...
006 (116464.000.000) 06/04 09:19:38 Image size of job updated: 395412
	66  -  MemoryUsage of job (MB)
	67504  -  ResidentSetSize of job (KB)
...
006 (116464.000.000) 06/04 09:23:42 Image size of job updated: 790796
	66  -  MemoryUsage of job (MB)
	67504  -  ResidentSetSize of job (KB)
...
040 (116464.000.000) 06/04 09:23:42 Started transferring output files
...
040 (116464.000.000) 06/04 09:23:42 Finished transferring output files
...
005 (116464.000.000) 06/04 09:23:42 Job terminated.
	(1) Normal termination (return value 0)
		Usr 0 00:01:32, Sys 0 00:00:23  -  Run Remote Usage
		Usr 0 00:00:00, Sys 0 00:00:00  -  Run Local Usage
		Usr 0 00:01:32, Sys 0 00:00:23  -  Total Remote Usage
		Usr 0 00:00:00, Sys 0 00:00:00  -  Total Local Usage
	34857  -  Run Bytes Sent By Job
	19195  -  Run Bytes Received By Job
	34857  -  Total Bytes Sent By Job
	19195  -  Total Bytes Received By Job
	Partitionable Resources :    Usage  Request Allocated 
	   Cpus                 :                 1         1 
	   Disk (KB)            :  3711678       20    199620 
	   Memory (MB)          :       66     2000      2000 

	Job terminated of its own accord at 2021-06-04T07:23:42Z.
...
000 (123607.000.000) 06/08 10:46:21 Job submitted from host: <188.185.121.235:9618?addrs=188.185.121.235-9618+[2001-1458-d00-49--100-36e]-9618&alias=bigbird22.cern.ch&noUDP&sock=schedd_38044_991d>
...
040 (123607.000.000) 06/08 11:18:59 Entered queue to transfer input files
	Transferring to host: <188.184.212.60:9618?addrs=188.184.212.60-9618+[2001-1458-301-10c--100-33]-9618&alias=b7g24n0113.cern.ch&noUDP&sock=slot1_1_3228_2afc_45074>
...
040 (123607.000.000) 06/08 11:53:57 Started transferring input files
	Seconds spent in queue: 2098
...
040 (123607.000.000) 06/08 11:53:57 Finished transferring input files
...
001 (123607.000.000) 06/08 11:53:57 Job executing on host: <188.184.212.60:9618?addrs=188.184.212.60-9618+[2001-1458-301-10c--100-33]-9618&alias=b7g24n0113.cern.ch&noUDP&sock=startd_2831_68b4>
...
006 (123607.000.000) 06/08 11:54:06 Image size of job updated: 2336
	3  -  MemoryUsage of job (MB)
	2096  -  ResidentSetSize of job (KB)
...
006 (123607.000.000) 06/08 11:59:07 Image size of job updated: 791456
	67  -  MemoryUsage of job (MB)
	67772  -  ResidentSetSize of job (KB)
...
006 (123607.000.000) 06/08 12:09:07 Image size of job updated: 799620
	75  -  MemoryUsage of job (MB)
	75964  -  ResidentSetSize of job (KB)
...
006 (123607.000.000) 06/08 12:29:09 Image size of job updated: 799620
	121  -  MemoryUsage of job (MB)
	122948  -  ResidentSetSize of job (KB)
...
040 (123607.000.000) 06/08 12:29:38 Started transferring output files
	Seconds spent in queue: 4239
...
040 (123607.000.000) 06/08 12:29:38 Finished transferring output files
...
005 (123607.000.000) 06/08 12:29:38 Job terminated.
	(1) Normal termination (return value 0)
		Usr 0 00:02:32, Sys 0 00:00:24  -  Run Remote Usage
		Usr 0 00:00:00, Sys 0 00:00:00  -  Run Local Usage
		Usr 0 00:02:32, Sys 0 00:00:24  -  Total Remote Usage
		Usr 0 00:00:00, Sys 0 00:00:00  -  Total Local Usage
	60358  -  Run Bytes Sent By Job
	19195  -  Run Bytes Received By Job
	60358  -  Total Bytes Sent By Job
	19195  -  Total Bytes Received By Job
	Partitionable Resources :      Usage  Request Allocated 
	   Cpus                 :       0.03        1         1 
	   Disk (KB)            : 3711709          20    302192 
	   Memory (MB)          :     121        2000      2000 

	Job terminated of its own accord at 2021-06-08T10:29:38Z.
...
