000 (146664.000.000) 06/16 08:12:50 Job submitted from host: <188.185.121.235:9618?addrs=188.185.121.235-9618+[2001-1458-d00-49--100-36e]-9618&alias=bigbird22.cern.ch&noUDP&sock=schedd_38044_991d>
...
040 (146664.000.000) 06/16 08:34:27 Started transferring input files
	Transferring to host: <188.184.183.173:9618?addrs=188.184.183.173-9618+[2001-1458-301-2b--100-b4]-9618&alias=b7g41n4466.cern.ch&noUDP&sock=slot1_9_5879_0988_49236>
...
001 (146664.000.000) 06/16 08:34:28 Job executing on host: <188.184.183.173:9618?addrs=188.184.183.173-9618+[2001-1458-301-2b--100-b4]-9618&alias=b7g41n4466.cern.ch&noUDP&sock=startd_4681_5ae9>
...
040 (146664.000.000) 06/16 08:34:28 Finished transferring input files
...
006 (146664.000.000) 06/16 08:34:37 Image size of job updated: 783188
	35  -  MemoryUsage of job (MB)
	35672  -  ResidentSetSize of job (KB)
...
006 (146664.000.000) 06/16 08:35:57 Image size of job updated: 791456
	35  -  MemoryUsage of job (MB)
	35680  -  ResidentSetSize of job (KB)
...
040 (146664.000.000) 06/16 08:35:57 Started transferring output files
...
040 (146664.000.000) 06/16 08:35:57 Finished transferring output files
...
005 (146664.000.000) 06/16 08:35:58 Job terminated.
	(1) Normal termination (return value 0)
		Usr 0 00:00:09, Sys 0 00:00:03  -  Run Remote Usage
		Usr 0 00:00:00, Sys 0 00:00:00  -  Run Local Usage
		Usr 0 00:00:09, Sys 0 00:00:03  -  Total Remote Usage
		Usr 0 00:00:00, Sys 0 00:00:00  -  Total Local Usage
	21055  -  Run Bytes Sent By Job
	19195  -  Run Bytes Received By Job
	21055  -  Total Bytes Sent By Job
	19195  -  Total Bytes Received By Job
	Partitionable Resources :    Usage  Request Allocated 
	   Cpus                 :                 1         1 
	   Disk (KB)            :   466086       20    349084 
	   Memory (MB)          :       35     2000      2000 

	Job terminated of its own accord at 2021-06-16T06:35:57Z.
...
