000 (148854.000.000) 06/16 08:58:47 Job submitted from host: <188.185.121.235:9618?addrs=188.185.121.235-9618+[2001-1458-d00-49--100-36e]-9618&alias=bigbird22.cern.ch&noUDP&sock=schedd_38044_991d>
...
040 (148854.000.000) 06/16 09:55:24 Started transferring input files
	Transferring to host: <188.184.197.157:9618?addrs=188.184.197.157-9618+[2001-1458-301-103--100-4d]-9618&alias=b7g23n7364.cern.ch&noUDP&sock=slot1_7_4439_6d4e_51279>
...
040 (148854.000.000) 06/16 09:55:24 Finished transferring input files
...
001 (148854.000.000) 06/16 09:55:24 Job executing on host: <188.184.197.157:9618?addrs=188.184.197.157-9618+[2001-1458-301-103--100-4d]-9618&alias=b7g23n7364.cern.ch&noUDP&sock=startd_3693_ab57>
...
006 (148854.000.000) 06/16 09:55:33 Image size of job updated: 12268
	12  -  MemoryUsage of job (MB)
	12268  -  ResidentSetSize of job (KB)
...
006 (148854.000.000) 06/16 10:00:34 Image size of job updated: 791440
	67  -  MemoryUsage of job (MB)
	67768  -  ResidentSetSize of job (KB)
...
040 (148854.000.000) 06/16 10:09:48 Started transferring output files
...
040 (148854.000.000) 06/16 10:09:48 Finished transferring output files
...
005 (148854.000.000) 06/16 10:09:48 Job terminated.
	(1) Normal termination (return value 0)
		Usr 0 00:01:19, Sys 0 00:00:17  -  Run Remote Usage
		Usr 0 00:00:00, Sys 0 00:00:00  -  Run Local Usage
		Usr 0 00:01:19, Sys 0 00:00:17  -  Total Remote Usage
		Usr 0 00:00:00, Sys 0 00:00:00  -  Total Local Usage
	46825  -  Run Bytes Sent By Job
	19195  -  Run Bytes Received By Job
	46825  -  Total Bytes Sent By Job
	19195  -  Total Bytes Received By Job
	Partitionable Resources :      Usage  Request Allocated 
	   Cpus                 :       0.03        1         1 
	   Disk (KB)            : 2373466          20    355835 
	   Memory (MB)          :      67        2000      2000 

	Job terminated of its own accord at 2021-06-16T08:09:48Z.
...
