000 (147490.000.000) 06/16 08:29:25 Job submitted from host: <188.185.121.235:9618?addrs=188.185.121.235-9618+[2001-1458-d00-49--100-36e]-9618&alias=bigbird22.cern.ch&noUDP&sock=schedd_38044_991d>
...
040 (147490.000.000) 06/16 08:55:14 Started transferring input files
	Transferring to host: <128.142.71.156:9618?addrs=128.142.71.156-9618+[2001-1458-301-52--100-112]-9618&alias=b7s10n1403.cern.ch&noUDP&sock=slot1_2_5308_b751_48490>
...
040 (147490.000.000) 06/16 08:55:14 Finished transferring input files
...
001 (147490.000.000) 06/16 08:55:14 Job executing on host: <128.142.71.156:9618?addrs=128.142.71.156-9618+[2001-1458-301-52--100-112]-9618&alias=b7s10n1403.cern.ch&noUDP&sock=startd_4202_cd0c>
...
006 (147490.000.000) 06/16 08:55:22 Image size of job updated: 321800
	39  -  MemoryUsage of job (MB)
	39844  -  ResidentSetSize of job (KB)
...
006 (147490.000.000) 06/16 09:00:22 Image size of job updated: 791440
	67  -  MemoryUsage of job (MB)
	67772  -  ResidentSetSize of job (KB)
...
040 (147490.000.000) 06/16 10:13:03 Started transferring output files
...
040 (147490.000.000) 06/16 10:13:03 Finished transferring output files
...
005 (147490.000.000) 06/16 10:13:03 Job terminated.
	(1) Normal termination (return value 0)
		Usr 0 00:01:33, Sys 0 00:00:26  -  Run Remote Usage
		Usr 0 00:00:00, Sys 0 00:00:00  -  Run Local Usage
		Usr 0 00:01:33, Sys 0 00:00:26  -  Total Remote Usage
		Usr 0 00:00:00, Sys 0 00:00:00  -  Total Local Usage
	54529  -  Run Bytes Sent By Job
	19195  -  Run Bytes Received By Job
	54529  -  Total Bytes Sent By Job
	19195  -  Total Bytes Received By Job
	Partitionable Resources :      Usage  Request Allocated 
	   Cpus                 :       0.01        1         1 
	   Disk (KB)            : 3073991          20    280160 
	   Memory (MB)          :      67        2000      2000 

	Job terminated of its own accord at 2021-06-16T08:13:03Z.
...
