000 (148555.000.000) 06/16 08:51:49 Job submitted from host: <188.185.121.235:9618?addrs=188.185.121.235-9618+[2001-1458-d00-49--100-36e]-9618&alias=bigbird22.cern.ch&noUDP&sock=schedd_38044_991d>
...
040 (148555.000.000) 06/16 09:39:15 Started transferring input files
	Transferring to host: <188.184.210.37:9618?addrs=188.184.210.37-9618+[2001-1458-301-10b--100-5a7]-9618&alias=b7g23n1556.cern.ch&noUDP&sock=slot1_4_6785_656d_49001>
...
040 (148555.000.000) 06/16 09:39:15 Finished transferring input files
...
001 (148555.000.000) 06/16 09:39:15 Job executing on host: <188.184.210.37:9618?addrs=188.184.210.37-9618+[2001-1458-301-10b--100-5a7]-9618&alias=b7g23n1556.cern.ch&noUDP&sock=startd_5263_8f08>
...
006 (148555.000.000) 06/16 09:39:24 Image size of job updated: 625444
	6  -  MemoryUsage of job (MB)
	5604  -  ResidentSetSize of job (KB)
...
006 (148555.000.000) 06/16 09:44:25 Image size of job updated: 791456
	38  -  MemoryUsage of job (MB)
	37976  -  ResidentSetSize of job (KB)
...
006 (148555.000.000) 06/16 09:49:25 Image size of job updated: 791456
	67  -  MemoryUsage of job (MB)
	67768  -  ResidentSetSize of job (KB)
...
006 (148555.000.000) 06/16 12:14:38 Image size of job updated: 791456
	88  -  MemoryUsage of job (MB)
	89816  -  ResidentSetSize of job (KB)
...
040 (148555.000.000) 06/16 12:15:34 Started transferring output files
...
040 (148555.000.000) 06/16 12:15:34 Finished transferring output files
...
005 (148555.000.000) 06/16 12:15:35 Job terminated.
	(1) Normal termination (return value 0)
		Usr 0 00:01:24, Sys 0 00:00:19  -  Run Remote Usage
		Usr 0 00:00:00, Sys 0 00:00:00  -  Run Local Usage
		Usr 0 00:01:24, Sys 0 00:00:19  -  Total Remote Usage
		Usr 0 00:00:00, Sys 0 00:00:00  -  Total Local Usage
	46861  -  Run Bytes Sent By Job
	19195  -  Run Bytes Received By Job
	46861  -  Total Bytes Sent By Job
	19195  -  Total Bytes Received By Job
	Partitionable Resources :      Usage  Request Allocated 
	   Cpus                 :       0.00        1         1 
	   Disk (KB)            : 2368240          20    348482 
	   Memory (MB)          :      88        2000      2000 

	Job terminated of its own accord at 2021-06-16T10:15:34Z.
...
