000 (116681.000.000) 06/04 09:06:02 Job submitted from host: <188.185.121.235:9618?addrs=188.185.121.235-9618+[2001-1458-d00-49--100-36e]-9618&alias=bigbird22.cern.ch&noUDP&sock=schedd_38044_991d>
...
040 (116681.000.000) 06/04 09:34:46 Started transferring input files
	Transferring to host: <128.142.72.177:9618?addrs=128.142.72.177-9618+[2001-1458-301-75--100-2f7]-9618&alias=b7s11n4223.cern.ch&noUDP&sock=slot1_11_5564_175b_46839>
...
040 (116681.000.000) 06/04 09:34:46 Finished transferring input files
...
001 (116681.000.000) 06/04 09:34:46 Job executing on host: <128.142.72.177:9618?addrs=128.142.72.177-9618+[2001-1458-301-75--100-2f7]-9618&alias=b7s11n4223.cern.ch&noUDP&sock=startd_4368_a9c4>
...
006 (116681.000.000) 06/04 09:34:54 Image size of job updated: 9948
	10  -  MemoryUsage of job (MB)
	9948  -  ResidentSetSize of job (KB)
...
006 (116681.000.000) 06/04 09:39:54 Image size of job updated: 790824
	66  -  MemoryUsage of job (MB)
	67500  -  ResidentSetSize of job (KB)
...
040 (116681.000.000) 06/04 10:42:44 Started transferring output files
...
040 (116681.000.000) 06/04 10:42:44 Finished transferring output files
...
005 (116681.000.000) 06/04 10:42:44 Job terminated.
	(1) Normal termination (return value 0)
		Usr 0 00:01:16, Sys 0 00:00:15  -  Run Remote Usage
		Usr 0 00:00:00, Sys 0 00:00:00  -  Run Local Usage
		Usr 0 00:01:16, Sys 0 00:00:15  -  Total Remote Usage
		Usr 0 00:00:00, Sys 0 00:00:00  -  Total Local Usage
	50759  -  Run Bytes Sent By Job
	19195  -  Run Bytes Received By Job
	50759  -  Total Bytes Sent By Job
	19195  -  Total Bytes Received By Job
	Partitionable Resources :      Usage  Request Allocated 
	   Cpus                 :       0.01        1         1 
	   Disk (KB)            : 2758836          20    273323 
	   Memory (MB)          :      66        2000      2000 

	Job terminated of its own accord at 2021-06-04T08:42:44Z.
...
000 (123823.000.000) 06/08 10:49:30 Job submitted from host: <188.185.121.235:9618?addrs=188.185.121.235-9618+[2001-1458-d00-49--100-36e]-9618&alias=bigbird22.cern.ch&noUDP&sock=schedd_38044_991d>
...
040 (123823.000.000) 06/08 11:20:46 Entered queue to transfer input files
	Transferring to host: <188.184.211.248:9618?addrs=188.184.211.248-9618+[2001-1458-301-10b--100-ba]-9618&alias=b7g23n7601.cern.ch&noUDP&sock=slot1_8_5885_43c8_32659>
...
040 (123823.000.000) 06/08 11:53:58 Started transferring input files
	Seconds spent in queue: 1992
...
040 (123823.000.000) 06/08 11:53:58 Finished transferring input files
...
001 (123823.000.000) 06/08 11:53:58 Job executing on host: <188.184.211.248:9618?addrs=188.184.211.248-9618+[2001-1458-301-10b--100-ba]-9618&alias=b7g23n7601.cern.ch&noUDP&sock=startd_4586_316a>
...
006 (123823.000.000) 06/08 11:54:07 Image size of job updated: 396052
	3  -  MemoryUsage of job (MB)
	2088  -  ResidentSetSize of job (KB)
...
006 (123823.000.000) 06/08 11:59:08 Image size of job updated: 791452
	67  -  MemoryUsage of job (MB)
	67764  -  ResidentSetSize of job (KB)
...
040 (123823.000.000) 06/08 13:18:16 Started transferring output files
	Seconds spent in queue: 7050
...
040 (123823.000.000) 06/08 13:18:16 Finished transferring output files
...
005 (123823.000.000) 06/08 13:18:17 Job terminated.
	(1) Normal termination (return value 0)
		Usr 0 00:01:30, Sys 0 00:00:19  -  Run Remote Usage
		Usr 0 00:00:00, Sys 0 00:00:00  -  Run Local Usage
		Usr 0 00:01:30, Sys 0 00:00:19  -  Total Remote Usage
		Usr 0 00:00:00, Sys 0 00:00:00  -  Total Local Usage
	50781  -  Run Bytes Sent By Job
	19195  -  Run Bytes Received By Job
	50781  -  Total Bytes Sent By Job
	19195  -  Total Bytes Received By Job
	Partitionable Resources :      Usage  Request Allocated 
	   Cpus                 :       0.99        1         1 
	   Disk (KB)            : 2758835          20    352463 
	   Memory (MB)          :      67        2000      2000 

	Job terminated of its own accord at 2021-06-08T11:18:16Z.
...
