000 (117124.000.000) 06/04 09:11:50 Job submitted from host: <188.185.121.235:9618?addrs=188.185.121.235-9618+[2001-1458-d00-49--100-36e]-9618&alias=bigbird22.cern.ch&noUDP&sock=schedd_38044_991d>
...
040 (117124.000.000) 06/04 10:03:59 Started transferring input files
	Transferring to host: <188.184.197.125:9618?addrs=188.184.197.125-9618+[2001-1458-301-103--100-43b]-9618&alias=b7g23n5204.cern.ch&noUDP&sock=slot1_4_5609_cc3d_42273>
...
040 (117124.000.000) 06/04 10:03:59 Finished transferring input files
...
001 (117124.000.000) 06/04 10:03:59 Job executing on host: <188.184.197.125:9618?addrs=188.184.197.125-9618+[2001-1458-301-103--100-43b]-9618&alias=b7g23n5204.cern.ch&noUDP&sock=startd_4484_3ac1>
...
006 (117124.000.000) 06/04 10:04:07 Image size of job updated: 5852
	6  -  MemoryUsage of job (MB)
	5852  -  ResidentSetSize of job (KB)
...
006 (117124.000.000) 06/04 10:09:07 Image size of job updated: 790824
	61  -  MemoryUsage of job (MB)
	61548  -  ResidentSetSize of job (KB)
...
006 (117124.000.000) 06/04 10:14:08 Image size of job updated: 790824
	66  -  MemoryUsage of job (MB)
	67488  -  ResidentSetSize of job (KB)
...
040 (117124.000.000) 06/04 11:08:48 Started transferring output files
...
040 (117124.000.000) 06/04 11:08:48 Finished transferring output files
...
005 (117124.000.000) 06/04 11:08:48 Job terminated.
	(1) Normal termination (return value 0)
		Usr 0 00:01:38, Sys 0 00:00:14  -  Run Remote Usage
		Usr 0 00:00:00, Sys 0 00:00:00  -  Run Local Usage
		Usr 0 00:01:38, Sys 0 00:00:14  -  Total Remote Usage
		Usr 0 00:00:00, Sys 0 00:00:00  -  Total Local Usage
	50138  -  Run Bytes Sent By Job
	19195  -  Run Bytes Received By Job
	50138  -  Total Bytes Sent By Job
	19195  -  Total Bytes Received By Job
	Partitionable Resources :      Usage  Request Allocated 
	   Cpus                 :       0.01        1         1 
	   Disk (KB)            : 2758663          20    358781 
	   Memory (MB)          :      66        2000      2000 

	Job terminated of its own accord at 2021-06-04T09:08:48Z.
...
000 (124356.000.000) 06/08 10:57:05 Job submitted from host: <188.185.121.235:9618?addrs=188.185.121.235-9618+[2001-1458-d00-49--100-36e]-9618&alias=bigbird22.cern.ch&noUDP&sock=schedd_38044_991d>
...
040 (124356.000.000) 06/08 12:32:44 Started transferring input files
	Transferring to host: <188.184.196.180:9618?addrs=188.184.196.180-9618+[2001-1458-301-102--100-c2]-9618&alias=b7g24n0390.cern.ch&noUDP&sock=slot1_1_827_723b_88495>
...
040 (124356.000.000) 06/08 12:32:44 Finished transferring input files
...
001 (124356.000.000) 06/08 12:32:44 Job executing on host: <188.184.196.180:9618?addrs=188.184.196.180-9618+[2001-1458-301-102--100-c2]-9618&alias=b7g24n0390.cern.ch&noUDP&sock=startd_1941_f16a>
...
006 (124356.000.000) 06/08 12:32:53 Image size of job updated: 13540
	14  -  MemoryUsage of job (MB)
	13540  -  ResidentSetSize of job (KB)
...
006 (124356.000.000) 06/08 12:37:54 Image size of job updated: 791456
	67  -  MemoryUsage of job (MB)
	67772  -  ResidentSetSize of job (KB)
...
040 (124356.000.000) 06/08 13:25:26 Started transferring output files
...
040 (124356.000.000) 06/08 13:25:26 Finished transferring output files
...
005 (124356.000.000) 06/08 13:25:27 Job terminated.
	(1) Normal termination (return value 0)
		Usr 0 00:01:18, Sys 0 00:00:13  -  Run Remote Usage
		Usr 0 00:00:00, Sys 0 00:00:00  -  Run Local Usage
		Usr 0 00:01:18, Sys 0 00:00:13  -  Total Remote Usage
		Usr 0 00:00:00, Sys 0 00:00:00  -  Total Local Usage
	50932  -  Run Bytes Sent By Job
	19195  -  Run Bytes Received By Job
	50932  -  Total Bytes Sent By Job
	19195  -  Total Bytes Received By Job
	Partitionable Resources :      Usage  Request Allocated 
	   Cpus                 :       0.01        1         1 
	   Disk (KB)            : 2758664          20    332769 
	   Memory (MB)          :      67        2000      2000 

	Job terminated of its own accord at 2021-06-08T11:25:26Z.
...
