000 (147009.000.000) 06/16 08:19:19 Job submitted from host: <188.185.121.235:9618?addrs=188.185.121.235-9618+[2001-1458-d00-49--100-36e]-9618&alias=bigbird22.cern.ch&noUDP&sock=schedd_38044_991d>
...
040 (147009.000.000) 06/16 08:46:15 Started transferring input files
	Transferring to host: <128.142.87.195:9618?addrs=128.142.87.195-9618+[2001-1458-301-f6--100-3e8]-9618&alias=b7s14n7911.cern.ch&noUDP&sock=slot1_10_2572_f4e2_21172>
...
040 (147009.000.000) 06/16 08:46:15 Finished transferring input files
...
001 (147009.000.000) 06/16 08:46:15 Job executing on host: <128.142.87.195:9618?addrs=128.142.87.195-9618+[2001-1458-301-f6--100-3e8]-9618&alias=b7s14n7911.cern.ch&noUDP&sock=startd_2321_9767>
...
006 (147009.000.000) 06/16 08:46:24 Image size of job updated: 39296
	38  -  MemoryUsage of job (MB)
	38904  -  ResidentSetSize of job (KB)
...
006 (147009.000.000) 06/16 08:48:37 Image size of job updated: 791444
	38  -  MemoryUsage of job (MB)
	38904  -  ResidentSetSize of job (KB)
...
040 (147009.000.000) 06/16 08:48:38 Started transferring output files
...
040 (147009.000.000) 06/16 08:48:39 Finished transferring output files
...
005 (147009.000.000) 06/16 08:48:44 Job terminated.
	(1) Normal termination (return value 0)
		Usr 0 00:00:10, Sys 0 00:00:02  -  Run Remote Usage
		Usr 0 00:00:00, Sys 0 00:00:00  -  Run Local Usage
		Usr 0 00:00:10, Sys 0 00:00:02  -  Total Remote Usage
		Usr 0 00:00:00, Sys 0 00:00:00  -  Total Local Usage
	20705  -  Run Bytes Sent By Job
	19195  -  Run Bytes Received By Job
	20705  -  Total Bytes Sent By Job
	19195  -  Total Bytes Received By Job
	Partitionable Resources :    Usage  Request Allocated 
	   Cpus                 :                 1         1 
	   Disk (KB)            :   466129       20    281897 
	   Memory (MB)          :       38     2000      2000 

	Job terminated of its own accord at 2021-06-16T06:48:37Z.
...
