000 (148358.000.000) 06/16 08:47:25 Job submitted from host: <188.185.121.235:9618?addrs=188.185.121.235-9618+[2001-1458-d00-49--100-36e]-9618&alias=bigbird22.cern.ch&noUDP&sock=schedd_38044_991d>
...
040 (148358.000.000) 06/16 09:11:12 Started transferring input files
	Transferring to host: <128.142.161.95:9618?addrs=128.142.161.95-9618+[2001-1458-301-b8--100-1d]-9618&alias=b7g03p8793.cern.ch&noUDP&sock=slot1_25_173123_9099_34957>
...
001 (148358.000.000) 06/16 09:11:12 Job executing on host: <128.142.161.95:9618?addrs=128.142.161.95-9618+[2001-1458-301-b8--100-1d]-9618&alias=b7g03p8793.cern.ch&noUDP&sock=startd_173084_ce53>
...
040 (148358.000.000) 06/16 09:11:12 Finished transferring input files
...
006 (148358.000.000) 06/16 09:11:21 Image size of job updated: 625444
	7  -  MemoryUsage of job (MB)
	7052  -  ResidentSetSize of job (KB)
...
006 (148358.000.000) 06/16 09:16:22 Image size of job updated: 791456
	67  -  MemoryUsage of job (MB)
	67772  -  ResidentSetSize of job (KB)
...
040 (148358.000.000) 06/16 10:31:00 Started transferring output files
...
040 (148358.000.000) 06/16 10:31:00 Finished transferring output files
...
005 (148358.000.000) 06/16 10:31:01 Job terminated.
	(1) Normal termination (return value 0)
		Usr 0 00:01:00, Sys 0 00:00:17  -  Run Remote Usage
		Usr 0 00:00:00, Sys 0 00:00:00  -  Run Local Usage
		Usr 0 00:01:00, Sys 0 00:00:17  -  Total Remote Usage
		Usr 0 00:00:00, Sys 0 00:00:00  -  Total Local Usage
	44673  -  Run Bytes Sent By Job
	19195  -  Run Bytes Received By Job
	44673  -  Total Bytes Sent By Job
	19195  -  Total Bytes Received By Job
	Partitionable Resources :      Usage  Request Allocated 
	   Cpus                 :       0.01        1         1 
	   Disk (KB)            : 2367028          20   1419233 
	   Memory (MB)          :      67        2000      2000 

	Job terminated of its own accord at 2021-06-16T08:31:00Z.
...
