000 (116053.000.000) 06/04 08:57:35 Job submitted from host: <188.185.121.235:9618?addrs=188.185.121.235-9618+[2001-1458-d00-49--100-36e]-9618&alias=bigbird22.cern.ch&noUDP&sock=schedd_38044_991d>
...
040 (116053.000.000) 06/04 09:01:17 Started transferring input files
	Transferring to host: <128.142.161.97:9618?addrs=128.142.161.97-9618+[2001-1458-301-b8--100-1f]-9618&alias=b7g03p8238.cern.ch&noUDP&sock=slot1_37_45867_3362_3459>
...
001 (116053.000.000) 06/04 09:01:17 Job executing on host: <128.142.161.97:9618?addrs=128.142.161.97-9618+[2001-1458-301-b8--100-1f]-9618&alias=b7g03p8238.cern.ch&noUDP&sock=startd_70615_9850>
...
040 (116053.000.000) 06/04 09:01:17 Finished transferring input files
...
006 (116053.000.000) 06/04 09:01:26 Image size of job updated: 11316
	12  -  MemoryUsage of job (MB)
	11316  -  ResidentSetSize of job (KB)
...
006 (116053.000.000) 06/04 09:06:26 Image size of job updated: 790812
	66  -  MemoryUsage of job (MB)
	67500  -  ResidentSetSize of job (KB)
...
040 (116053.000.000) 06/04 10:08:49 Started transferring output files
...
040 (116053.000.000) 06/04 10:08:49 Finished transferring output files
...
005 (116053.000.000) 06/04 10:08:49 Job terminated.
	(1) Normal termination (return value 0)
		Usr 0 00:02:04, Sys 0 00:00:28  -  Run Remote Usage
		Usr 0 00:00:00, Sys 0 00:00:00  -  Run Local Usage
		Usr 0 00:02:04, Sys 0 00:00:28  -  Total Remote Usage
		Usr 0 00:00:00, Sys 0 00:00:00  -  Total Local Usage
	274155  -  Run Bytes Sent By Job
	19195  -  Run Bytes Received By Job
	274155  -  Total Bytes Sent By Job
	19195  -  Total Bytes Received By Job
	Partitionable Resources :      Usage  Request Allocated 
	   Cpus                 :       0.01        1         1 
	   Disk (KB)            : 3713547          20   1429818 
	   Memory (MB)          :      66        2000      2000 

	Job terminated of its own accord at 2021-06-04T08:08:49Z.
...
000 (123195.000.000) 06/08 10:39:14 Job submitted from host: <188.185.121.235:9618?addrs=188.185.121.235-9618+[2001-1458-d00-49--100-36e]-9618&alias=bigbird22.cern.ch&noUDP&sock=schedd_38044_991d>
...
040 (123195.000.000) 06/08 11:11:14 Started transferring input files
	Transferring to host: <188.184.198.171:9618?addrs=188.184.198.171-9618+[2001-1458-301-c1--100-18b]-9618&alias=b7g52n2852.cern.ch&noUDP&sock=slot1_7_6818_a5ce_37281>
...
001 (123195.000.000) 06/08 11:11:14 Job executing on host: <188.184.198.171:9618?addrs=188.184.198.171-9618+[2001-1458-301-c1--100-18b]-9618&alias=b7g52n2852.cern.ch&noUDP&sock=startd_5371_a342>
...
040 (123195.000.000) 06/08 11:11:14 Finished transferring input files
...
006 (123195.000.000) 06/08 11:11:23 Image size of job updated: 774992
	40  -  MemoryUsage of job (MB)
	40112  -  ResidentSetSize of job (KB)
...
006 (123195.000.000) 06/08 11:16:24 Image size of job updated: 791428
	110  -  MemoryUsage of job (MB)
	112352  -  ResidentSetSize of job (KB)
...
040 (123195.000.000) 06/08 11:17:18 Entered queue to transfer output files
...
040 (123195.000.000) 06/08 11:19:53 Started transferring output files
...
040 (123195.000.000) 06/08 11:19:54 Finished transferring output files
...
005 (123195.000.000) 06/08 11:20:01 Job terminated.
	(1) Normal termination (return value 0)
		Usr 0 00:02:11, Sys 0 00:00:19  -  Run Remote Usage
		Usr 0 00:00:00, Sys 0 00:00:00  -  Run Local Usage
		Usr 0 00:02:11, Sys 0 00:00:19  -  Total Remote Usage
		Usr 0 00:00:00, Sys 0 00:00:00  -  Total Local Usage
	252392  -  Run Bytes Sent By Job
	19195  -  Run Bytes Received By Job
	252392  -  Total Bytes Sent By Job
	19195  -  Total Bytes Received By Job
	Partitionable Resources :      Usage  Request Allocated 
	   Cpus                 :       0.97        1         1 
	   Disk (KB)            : 3713526          20    177553 
	   Memory (MB)          :     110        2000      2000 

	Job terminated of its own accord at 2021-06-08T09:17:12Z.
...
