000 (116306.000.000) 06/04 09:01:23 Job submitted from host: <188.185.121.235:9618?addrs=188.185.121.235-9618+[2001-1458-d00-49--100-36e]-9618&alias=bigbird22.cern.ch&noUDP&sock=schedd_38044_991d>
...
040 (116306.000.000) 06/04 09:12:08 Started transferring input files
	Transferring to host: <128.142.80.185:9618?addrs=128.142.80.185-9618+[2001-1458-301-f5--100-72e]-9618&alias=b7s13n8607.cern.ch&noUDP&sock=slot1_3_5762_99a3_29187>
...
001 (116306.000.000) 06/04 09:12:08 Job executing on host: <128.142.80.185:9618?addrs=128.142.80.185-9618+[2001-1458-301-f5--100-72e]-9618&alias=b7s13n8607.cern.ch&noUDP&sock=startd_4591_9f63>
...
040 (116306.000.000) 06/04 09:12:08 Finished transferring input files
...
006 (116306.000.000) 06/04 09:12:17 Image size of job updated: 624804
	6  -  MemoryUsage of job (MB)
	5496  -  ResidentSetSize of job (KB)
...
006 (116306.000.000) 06/04 09:17:18 Image size of job updated: 790824
	52  -  MemoryUsage of job (MB)
	53116  -  ResidentSetSize of job (KB)
...
006 (116306.000.000) 06/04 09:22:19 Image size of job updated: 790824
	66  -  MemoryUsage of job (MB)
	67504  -  ResidentSetSize of job (KB)
...
040 (116306.000.000) 06/04 14:02:04 Started transferring output files
...
040 (116306.000.000) 06/04 14:02:04 Finished transferring output files
...
005 (116306.000.000) 06/04 14:02:05 Job terminated.
	(1) Normal termination (return value 0)
		Usr 0 00:02:23, Sys 0 00:00:25  -  Run Remote Usage
		Usr 0 00:00:00, Sys 0 00:00:00  -  Run Local Usage
		Usr 0 00:02:23, Sys 0 00:00:25  -  Total Remote Usage
		Usr 0 00:00:00, Sys 0 00:00:00  -  Total Local Usage
	60941  -  Run Bytes Sent By Job
	19195  -  Run Bytes Received By Job
	60941  -  Total Bytes Sent By Job
	19195  -  Total Bytes Received By Job
	Partitionable Resources :      Usage  Request Allocated 
	   Cpus                 :       0.01        1         1 
	   Disk (KB)            : 3711643          20    259154 
	   Memory (MB)          :      66        2000      2000 

	Job terminated of its own accord at 2021-06-04T12:02:04Z.
...
000 (123450.000.000) 06/08 10:43:57 Job submitted from host: <188.185.121.235:9618?addrs=188.185.121.235-9618+[2001-1458-d00-49--100-36e]-9618&alias=bigbird22.cern.ch&noUDP&sock=schedd_38044_991d>
...
040 (123450.000.000) 06/08 11:18:02 Entered queue to transfer input files
	Transferring to host: <188.184.138.108:9618?addrs=188.184.138.108-9618+[2001-1458-301-45--100-7b]-9618&alias=b7g42n0214.cern.ch&noUDP&sock=slot1_5_4885_aca0_33102>
...
040 (123450.000.000) 06/08 11:53:56 Started transferring input files
	Seconds spent in queue: 2154
...
001 (123450.000.000) 06/08 11:53:56 Job executing on host: <188.184.138.108:9618?addrs=188.184.138.108-9618+[2001-1458-301-45--100-7b]-9618&alias=b7g42n0214.cern.ch&noUDP&sock=startd_3877_e0c4>
...
040 (123450.000.000) 06/08 11:53:56 Finished transferring input files
...
006 (123450.000.000) 06/08 11:54:05 Image size of job updated: 321800
	2  -  MemoryUsage of job (MB)
	1744  -  ResidentSetSize of job (KB)
...
006 (123450.000.000) 06/08 11:59:05 Image size of job updated: 791456
	42  -  MemoryUsage of job (MB)
	42884  -  ResidentSetSize of job (KB)
...
006 (123450.000.000) 06/08 12:04:05 Image size of job updated: 791456
	58  -  MemoryUsage of job (MB)
	58672  -  ResidentSetSize of job (KB)
...
006 (123450.000.000) 06/08 12:09:06 Image size of job updated: 791456
	67  -  MemoryUsage of job (MB)
	67768  -  ResidentSetSize of job (KB)
...
006 (123450.000.000) 06/08 16:19:31 Image size of job updated: 791456
	120  -  MemoryUsage of job (MB)
	122720  -  ResidentSetSize of job (KB)
...
040 (123450.000.000) 06/08 16:19:51 Started transferring output files
	Seconds spent in queue: 18109
...
040 (123450.000.000) 06/08 16:19:52 Finished transferring output files
...
005 (123450.000.000) 06/08 16:19:52 Job terminated.
	(1) Normal termination (return value 0)
		Usr 0 00:02:40, Sys 0 00:00:34  -  Run Remote Usage
		Usr 0 00:00:00, Sys 0 00:00:00  -  Run Local Usage
		Usr 0 00:02:40, Sys 0 00:00:34  -  Total Remote Usage
		Usr 0 00:00:00, Sys 0 00:00:00  -  Total Local Usage
	60951  -  Run Bytes Sent By Job
	19195  -  Run Bytes Received By Job
	60951  -  Total Bytes Sent By Job
	19195  -  Total Bytes Received By Job
	Partitionable Resources :      Usage  Request Allocated 
	   Cpus                 :       0.01        1         1 
	   Disk (KB)            : 3711643          20    302641 
	   Memory (MB)          :     120        2000      2000 

	Job terminated of its own accord at 2021-06-08T14:19:51Z.
...
