000 (116080.000.000) 06/04 08:57:50 Job submitted from host: <188.185.121.235:9618?addrs=188.185.121.235-9618+[2001-1458-d00-49--100-36e]-9618&alias=bigbird22.cern.ch&noUDP&sock=schedd_38044_991d>
...
040 (116080.000.000) 06/04 09:01:31 Started transferring input files
	Transferring to host: <128.142.87.74:9618?addrs=128.142.87.74-9618+[2001-1458-301-f6--100-1e5]-9618&alias=b7s14n4499.cern.ch&noUDP&sock=slot1_13_5050_ee86_40930>
...
040 (116080.000.000) 06/04 09:01:31 Finished transferring input files
...
001 (116080.000.000) 06/04 09:01:31 Job executing on host: <128.142.87.74:9618?addrs=128.142.87.74-9618+[2001-1458-301-f6--100-1e5]-9618&alias=b7s14n4499.cern.ch&noUDP&sock=startd_3929_8bb1>
...
006 (116080.000.000) 06/04 09:01:40 Image size of job updated: 624804
	8  -  MemoryUsage of job (MB)
	7636  -  ResidentSetSize of job (KB)
...
006 (116080.000.000) 06/04 09:06:40 Image size of job updated: 790824
	66  -  MemoryUsage of job (MB)
	67500  -  ResidentSetSize of job (KB)
...
006 (116080.000.000) 06/04 09:26:42 Image size of job updated: 790824
	105  -  MemoryUsage of job (MB)
	107264  -  ResidentSetSize of job (KB)
...
040 (116080.000.000) 06/04 09:26:47 Started transferring output files
...
040 (116080.000.000) 06/04 09:26:47 Finished transferring output files
...
005 (116080.000.000) 06/04 09:26:47 Job terminated.
	(1) Normal termination (return value 0)
		Usr 0 00:01:47, Sys 0 00:00:20  -  Run Remote Usage
		Usr 0 00:00:00, Sys 0 00:00:00  -  Run Local Usage
		Usr 0 00:01:47, Sys 0 00:00:20  -  Total Remote Usage
		Usr 0 00:00:00, Sys 0 00:00:00  -  Total Local Usage
	61086  -  Run Bytes Sent By Job
	19195  -  Run Bytes Received By Job
	61086  -  Total Bytes Sent By Job
	19195  -  Total Bytes Received By Job
	Partitionable Resources :      Usage  Request Allocated 
	   Cpus                 :       0.96        1         1 
	   Disk (KB)            : 3711670          20    208239 
	   Memory (MB)          :     105        2000      2000 

	Job terminated of its own accord at 2021-06-04T07:26:47Z.
...
000 (123221.000.000) 06/08 10:39:41 Job submitted from host: <188.185.121.235:9618?addrs=188.185.121.235-9618+[2001-1458-d00-49--100-36e]-9618&alias=bigbird22.cern.ch&noUDP&sock=schedd_38044_991d>
...
040 (123221.000.000) 06/08 11:16:02 Entered queue to transfer input files
	Transferring to host: <188.184.132.153:9618?addrs=188.184.132.153-9618+[2001-1458-301-a0--100-16c]-9618&alias=b7g28n0866.cern.ch&noUDP&sock=slot1_2_2606_e9a3_27378>
...
040 (123221.000.000) 06/08 11:53:55 Started transferring input files
	Seconds spent in queue: 2273
...
040 (123221.000.000) 06/08 11:53:55 Finished transferring input files
...
001 (123221.000.000) 06/08 11:53:55 Job executing on host: <188.184.132.153:9618?addrs=188.184.132.153-9618+[2001-1458-301-a0--100-16c]-9618&alias=b7g28n0866.cern.ch&noUDP&sock=startd_2113_ebb4>
...
006 (123221.000.000) 06/08 11:54:04 Image size of job updated: 378608
	6  -  MemoryUsage of job (MB)
	5240  -  ResidentSetSize of job (KB)
...
006 (123221.000.000) 06/08 11:59:05 Image size of job updated: 791456
	67  -  MemoryUsage of job (MB)
	67764  -  ResidentSetSize of job (KB)
...
006 (123221.000.000) 06/08 12:24:08 Image size of job updated: 791456
	109  -  MemoryUsage of job (MB)
	111164  -  ResidentSetSize of job (KB)
...
040 (123221.000.000) 06/08 12:24:38 Started transferring output files
	Seconds spent in queue: 4116
...
040 (123221.000.000) 06/08 12:24:38 Finished transferring output files
...
005 (123221.000.000) 06/08 12:24:38 Job terminated.
	(1) Normal termination (return value 0)
		Usr 0 00:02:29, Sys 0 00:00:30  -  Run Remote Usage
		Usr 0 00:00:00, Sys 0 00:00:00  -  Run Local Usage
		Usr 0 00:02:29, Sys 0 00:00:30  -  Total Remote Usage
		Usr 0 00:00:00, Sys 0 00:00:00  -  Total Local Usage
	58326  -  Run Bytes Sent By Job
	19195  -  Run Bytes Received By Job
	58326  -  Total Bytes Sent By Job
	19195  -  Total Bytes Received By Job
	Partitionable Resources :      Usage  Request Allocated 
	   Cpus                 :       0.03        1         1 
	   Disk (KB)            : 3711667          20    178957 
	   Memory (MB)          :     109        2000      2000 

	Job terminated of its own accord at 2021-06-08T10:24:37Z.
...
