000 (146957.000.000) 06/16 08:18:30 Job submitted from host: <188.185.121.235:9618?addrs=188.185.121.235-9618+[2001-1458-d00-49--100-36e]-9618&alias=bigbird22.cern.ch&noUDP&sock=schedd_38044_991d>
...
040 (146957.000.000) 06/16 08:45:26 Started transferring input files
	Transferring to host: <128.142.71.105:9618?addrs=128.142.71.105-9618+[2001-1458-301-52--100-260]-9618&alias=b7s10n2496.cern.ch&noUDP&sock=slot1_6_21731_348d_91247>
...
001 (146957.000.000) 06/16 08:45:26 Job executing on host: <128.142.71.105:9618?addrs=128.142.71.105-9618+[2001-1458-301-52--100-260]-9618&alias=b7s10n2496.cern.ch&noUDP&sock=startd_1953_2c8d>
...
040 (146957.000.000) 06/16 08:45:26 Finished transferring input files
...
006 (146957.000.000) 06/16 08:45:35 Image size of job updated: 42392
	40  -  MemoryUsage of job (MB)
	40224  -  ResidentSetSize of job (KB)
...
006 (146957.000.000) 06/16 08:46:49 Image size of job updated: 791436
	40  -  MemoryUsage of job (MB)
	40256  -  ResidentSetSize of job (KB)
...
040 (146957.000.000) 06/16 08:46:49 Started transferring output files
...
040 (146957.000.000) 06/16 08:46:49 Finished transferring output files
...
005 (146957.000.000) 06/16 08:46:49 Job terminated.
	(1) Normal termination (return value 0)
		Usr 0 00:00:09, Sys 0 00:00:02  -  Run Remote Usage
		Usr 0 00:00:00, Sys 0 00:00:00  -  Run Local Usage
		Usr 0 00:00:09, Sys 0 00:00:02  -  Total Remote Usage
		Usr 0 00:00:00, Sys 0 00:00:00  -  Total Local Usage
	20322  -  Run Bytes Sent By Job
	19195  -  Run Bytes Received By Job
	20322  -  Total Bytes Sent By Job
	19195  -  Total Bytes Received By Job
	Partitionable Resources :    Usage  Request Allocated 
	   Cpus                 :                 1         1 
	   Disk (KB)            :   466123       20    286513 
	   Memory (MB)          :       40     2000      2000 

	Job terminated of its own accord at 2021-06-16T06:46:49Z.
...
