000 (148491.000.000) 06/16 08:49:49 Job submitted from host: <188.185.121.235:9618?addrs=188.185.121.235-9618+[2001-1458-d00-49--100-36e]-9618&alias=bigbird22.cern.ch&noUDP&sock=schedd_38044_991d>
...
040 (148491.000.000) 06/16 09:34:16 Started transferring input files
	Transferring to host: <128.142.75.138:9618?addrs=128.142.75.138-9618+[2001-1458-301-75--100-55a]-9618&alias=b7s11n8507.cern.ch&noUDP&sock=slot1_8_6360_f1fc_42528>
...
040 (148491.000.000) 06/16 09:34:16 Finished transferring input files
...
001 (148491.000.000) 06/16 09:34:17 Job executing on host: <128.142.75.138:9618?addrs=128.142.75.138-9618+[2001-1458-301-75--100-55a]-9618&alias=b7s11n8507.cern.ch&noUDP&sock=startd_5074_eba1>
...
006 (148491.000.000) 06/16 09:34:25 Image size of job updated: 625444
	17  -  MemoryUsage of job (MB)
	16712  -  ResidentSetSize of job (KB)
...
006 (148491.000.000) 06/16 09:39:25 Image size of job updated: 791456
	67  -  MemoryUsage of job (MB)
	67776  -  ResidentSetSize of job (KB)
...
006 (148491.000.000) 06/16 10:34:30 Image size of job updated: 791456
	89  -  MemoryUsage of job (MB)
	90136  -  ResidentSetSize of job (KB)
...
040 (148491.000.000) 06/16 10:34:30 Started transferring output files
...
040 (148491.000.000) 06/16 10:34:30 Finished transferring output files
...
005 (148491.000.000) 06/16 10:34:30 Job terminated.
	(1) Normal termination (return value 0)
		Usr 0 00:00:47, Sys 0 00:00:13  -  Run Remote Usage
		Usr 0 00:00:00, Sys 0 00:00:00  -  Run Local Usage
		Usr 0 00:00:47, Sys 0 00:00:13  -  Total Remote Usage
		Usr 0 00:00:00, Sys 0 00:00:00  -  Total Local Usage
	44717  -  Run Bytes Sent By Job
	19195  -  Run Bytes Received By Job
	44717  -  Total Bytes Sent By Job
	19195  -  Total Bytes Received By Job
	Partitionable Resources :      Usage  Request Allocated 
	   Cpus                 :       0.01        1         1 
	   Disk (KB)            : 2368128          20    176131 
	   Memory (MB)          :      89        2000      2000 

	Job terminated of its own accord at 2021-06-16T08:34:30Z.
...
