000 (146881.000.000) 06/16 08:16:45 Job submitted from host: <188.185.121.235:9618?addrs=188.185.121.235-9618+[2001-1458-d00-49--100-36e]-9618&alias=bigbird22.cern.ch&noUDP&sock=schedd_38044_991d>
...
040 (146881.000.000) 06/16 08:43:02 Started transferring input files
	Transferring to host: <128.142.73.100:9618?addrs=128.142.73.100-9618+[2001-1458-301-75--100-26c]-9618&alias=b7s11n3239.cern.ch&noUDP&sock=slot1_11_5409_e135_38139>
...
001 (146881.000.000) 06/16 08:43:03 Job executing on host: <128.142.73.100:9618?addrs=128.142.73.100-9618+[2001-1458-301-75--100-26c]-9618&alias=b7s11n3239.cern.ch&noUDP&sock=startd_4272_d0ad>
...
040 (146881.000.000) 06/16 08:43:03 Finished transferring input files
...
006 (146881.000.000) 06/16 08:43:12 Image size of job updated: 791452
	35  -  MemoryUsage of job (MB)
	35252  -  ResidentSetSize of job (KB)
...
006 (146881.000.000) 06/16 08:43:42 Image size of job updated: 791452
	35  -  MemoryUsage of job (MB)
	35296  -  ResidentSetSize of job (KB)
...
040 (146881.000.000) 06/16 08:43:42 Started transferring output files
...
040 (146881.000.000) 06/16 08:43:42 Finished transferring output files
...
005 (146881.000.000) 06/16 08:43:42 Job terminated.
	(1) Normal termination (return value 0)
		Usr 0 00:00:08, Sys 0 00:00:02  -  Run Remote Usage
		Usr 0 00:00:00, Sys 0 00:00:00  -  Run Local Usage
		Usr 0 00:00:08, Sys 0 00:00:02  -  Total Remote Usage
		Usr 0 00:00:00, Sys 0 00:00:00  -  Total Local Usage
	18210  -  Run Bytes Sent By Job
	19195  -  Run Bytes Received By Job
	18210  -  Total Bytes Sent By Job
	19195  -  Total Bytes Received By Job
	Partitionable Resources :    Usage  Request Allocated 
	   Cpus                 :                 1         1 
	   Disk (KB)            :   466018       20    276649 
	   Memory (MB)          :       35     2000      2000 

	Job terminated of its own accord at 2021-06-16T06:43:42Z.
...
