000 (148142.000.000) 06/16 08:43:03 Job submitted from host: <188.185.121.235:9618?addrs=188.185.121.235-9618+[2001-1458-d00-49--100-36e]-9618&alias=bigbird22.cern.ch&noUDP&sock=schedd_38044_991d>
...
040 (148142.000.000) 06/16 09:02:06 Started transferring input files
	Transferring to host: <128.142.82.62:9618?addrs=128.142.82.62-9618+[2001-1458-301-f5--100-1e6]-9618&alias=b7s13n5735.cern.ch&noUDP&sock=slot1_14_27093_3827_91145>
...
001 (148142.000.000) 06/16 09:02:06 Job executing on host: <128.142.82.62:9618?addrs=128.142.82.62-9618+[2001-1458-301-f5--100-1e6]-9618&alias=b7s13n5735.cern.ch&noUDP&sock=startd_16550_807c>
...
040 (148142.000.000) 06/16 09:02:06 Finished transferring input files
...
006 (148142.000.000) 06/16 09:02:14 Image size of job updated: 5404
	6  -  MemoryUsage of job (MB)
	5404  -  ResidentSetSize of job (KB)
...
006 (148142.000.000) 06/16 09:07:14 Image size of job updated: 791452
	67  -  MemoryUsage of job (MB)
	67776  -  ResidentSetSize of job (KB)
...
040 (148142.000.000) 06/16 10:05:56 Started transferring output files
...
040 (148142.000.000) 06/16 10:05:57 Finished transferring output files
...
005 (148142.000.000) 06/16 10:05:57 Job terminated.
	(1) Normal termination (return value 0)
		Usr 0 00:01:18, Sys 0 00:00:16  -  Run Remote Usage
		Usr 0 00:00:00, Sys 0 00:00:00  -  Run Local Usage
		Usr 0 00:01:18, Sys 0 00:00:16  -  Total Remote Usage
		Usr 0 00:00:00, Sys 0 00:00:00  -  Total Local Usage
	54196  -  Run Bytes Sent By Job
	19195  -  Run Bytes Received By Job
	54196  -  Total Bytes Sent By Job
	19195  -  Total Bytes Received By Job
	Partitionable Resources :      Usage  Request Allocated 
	   Cpus                 :       0.01        1         1 
	   Disk (KB)            : 3074058          20    292613 
	   Memory (MB)          :      67        2000      2000 

	Job terminated of its own accord at 2021-06-16T08:05:56Z.
...
