000 (147285.000.000) 06/16 08:24:57 Job submitted from host: <188.185.121.235:9618?addrs=188.185.121.235-9618+[2001-1458-d00-49--100-36e]-9618&alias=bigbird22.cern.ch&noUDP&sock=schedd_38044_991d>
...
040 (147285.000.000) 06/16 08:47:54 Started transferring input files
	Transferring to host: <128.142.193.170:9618?addrs=128.142.193.170-9618+[2001-1458-301-cc--100-23d]-9618&alias=b7g52n5425.cern.ch&noUDP&sock=slot1_9_5405_0fb5_43251>
...
040 (147285.000.000) 06/16 08:47:54 Finished transferring input files
...
001 (147285.000.000) 06/16 08:47:54 Job executing on host: <128.142.193.170:9618?addrs=128.142.193.170-9618+[2001-1458-301-cc--100-23d]-9618&alias=b7g52n5425.cern.ch&noUDP&sock=startd_4126_abd9>
...
006 (147285.000.000) 06/16 08:48:03 Image size of job updated: 774992
	38  -  MemoryUsage of job (MB)
	38524  -  ResidentSetSize of job (KB)
...
006 (147285.000.000) 06/16 08:48:28 Image size of job updated: 791440
	38  -  MemoryUsage of job (MB)
	38560  -  ResidentSetSize of job (KB)
...
040 (147285.000.000) 06/16 08:48:28 Started transferring output files
...
040 (147285.000.000) 06/16 08:48:28 Finished transferring output files
...
005 (147285.000.000) 06/16 08:48:30 Job terminated.
	(1) Normal termination (return value 0)
		Usr 0 00:00:07, Sys 0 00:00:02  -  Run Remote Usage
		Usr 0 00:00:00, Sys 0 00:00:00  -  Run Local Usage
		Usr 0 00:00:07, Sys 0 00:00:02  -  Total Remote Usage
		Usr 0 00:00:00, Sys 0 00:00:00  -  Total Local Usage
	17849  -  Run Bytes Sent By Job
	19195  -  Run Bytes Received By Job
	17849  -  Total Bytes Sent By Job
	19195  -  Total Bytes Received By Job
	Partitionable Resources :    Usage  Request Allocated 
	   Cpus                 :                 1         1 
	   Disk (KB)            :   466078       20    289410 
	   Memory (MB)          :       38     2000      2000 

	Job terminated of its own accord at 2021-06-16T06:48:28Z.
...
