000 (147609.000.000) 06/16 08:31:36 Job submitted from host: <188.185.121.235:9618?addrs=188.185.121.235-9618+[2001-1458-d00-49--100-36e]-9618&alias=bigbird22.cern.ch&noUDP&sock=schedd_38044_991d>
...
040 (147609.000.000) 06/16 08:56:00 Started transferring input files
	Transferring to host: <128.142.83.232:9618?addrs=128.142.83.232-9618+[2001-1458-301-f5--100-5da]-9618&alias=b7s13n1302.cern.ch&noUDP&sock=slot1_2_26666_5bf5_96039>
...
001 (147609.000.000) 06/16 08:56:00 Job executing on host: <128.142.83.232:9618?addrs=128.142.83.232-9618+[2001-1458-301-f5--100-5da]-9618&alias=b7s13n1302.cern.ch&noUDP&sock=startd_16710_3fa4>
...
040 (147609.000.000) 06/16 08:56:00 Finished transferring input files
...
006 (147609.000.000) 06/16 08:56:08 Image size of job updated: 625444
	8  -  MemoryUsage of job (MB)
	7260  -  ResidentSetSize of job (KB)
...
006 (147609.000.000) 06/16 09:01:09 Image size of job updated: 791452
	67  -  MemoryUsage of job (MB)
	67776  -  ResidentSetSize of job (KB)
...
040 (147609.000.000) 06/16 09:48:54 Started transferring output files
...
040 (147609.000.000) 06/16 09:48:54 Finished transferring output files
...
005 (147609.000.000) 06/16 09:48:54 Job terminated.
	(1) Normal termination (return value 0)
		Usr 0 00:01:14, Sys 0 00:00:19  -  Run Remote Usage
		Usr 0 00:00:00, Sys 0 00:00:00  -  Run Local Usage
		Usr 0 00:01:14, Sys 0 00:00:19  -  Total Remote Usage
		Usr 0 00:00:00, Sys 0 00:00:00  -  Total Local Usage
	54136  -  Run Bytes Sent By Job
	19195  -  Run Bytes Received By Job
	54136  -  Total Bytes Sent By Job
	19195  -  Total Bytes Received By Job
	Partitionable Resources :      Usage  Request Allocated 
	   Cpus                 :       0.02        1         1 
	   Disk (KB)            : 3075264          20    283674 
	   Memory (MB)          :      67        2000      2000 

	Job terminated of its own accord at 2021-06-16T07:48:54Z.
...
