000 (147182.000.000) 06/16 08:23:01 Job submitted from host: <188.185.121.235:9618?addrs=188.185.121.235-9618+[2001-1458-d00-49--100-36e]-9618&alias=bigbird22.cern.ch&noUDP&sock=schedd_38044_991d>
...
040 (147182.000.000) 06/16 08:47:18 Started transferring input files
	Transferring to host: <128.142.86.218:9618?addrs=128.142.86.218-9618+[2001-1458-301-f6--100-554]-9618&alias=b7s14n9988.cern.ch&noUDP&sock=slot1_16_6498_2dc1_48730>
...
040 (147182.000.000) 06/16 08:47:18 Finished transferring input files
...
001 (147182.000.000) 06/16 08:47:18 Job executing on host: <128.142.86.218:9618?addrs=128.142.86.218-9618+[2001-1458-301-f6--100-554]-9618&alias=b7s14n9988.cern.ch&noUDP&sock=startd_5327_7517>
...
006 (147182.000.000) 06/16 08:47:27 Image size of job updated: 766796
	19  -  MemoryUsage of job (MB)
	18640  -  ResidentSetSize of job (KB)
...
006 (147182.000.000) 06/16 08:50:04 Image size of job updated: 791452
	19  -  MemoryUsage of job (MB)
	18640  -  ResidentSetSize of job (KB)
...
040 (147182.000.000) 06/16 08:50:04 Started transferring output files
...
040 (147182.000.000) 06/16 08:50:04 Finished transferring output files
...
005 (147182.000.000) 06/16 08:50:04 Job terminated.
	(1) Normal termination (return value 0)
		Usr 0 00:00:08, Sys 0 00:00:02  -  Run Remote Usage
		Usr 0 00:00:00, Sys 0 00:00:00  -  Run Local Usage
		Usr 0 00:00:08, Sys 0 00:00:02  -  Total Remote Usage
		Usr 0 00:00:00, Sys 0 00:00:00  -  Total Local Usage
	20152  -  Run Bytes Sent By Job
	19195  -  Run Bytes Received By Job
	20152  -  Total Bytes Sent By Job
	19195  -  Total Bytes Received By Job
	Partitionable Resources :    Usage  Request Allocated 
	   Cpus                 :                 1         1 
	   Disk (KB)            :   466220       20    283119 
	   Memory (MB)          :       19     2000      2000 

	Job terminated of its own accord at 2021-06-16T06:50:04Z.
...
