000 (148624.000.000) 06/16 08:53:14 Job submitted from host: <188.185.121.235:9618?addrs=188.185.121.235-9618+[2001-1458-d00-49--100-36e]-9618&alias=bigbird22.cern.ch&noUDP&sock=schedd_38044_991d>
...
040 (148624.000.000) 06/16 09:49:59 Started transferring input files
	Transferring to host: <188.184.204.235:9618?addrs=188.184.204.235-9618+[2001-1458-301-7d--100-ef]-9618&alias=b7g27n0235.cern.ch&noUDP&sock=slot1_10_1758_6b81_90695>
...
040 (148624.000.000) 06/16 09:49:59 Finished transferring input files
...
001 (148624.000.000) 06/16 09:49:59 Job executing on host: <188.184.204.235:9618?addrs=188.184.204.235-9618+[2001-1458-301-7d--100-ef]-9618&alias=b7g27n0235.cern.ch&noUDP&sock=startd_2388_8c3f>
...
006 (148624.000.000) 06/16 09:50:07 Image size of job updated: 4172
	5  -  MemoryUsage of job (MB)
	4172  -  ResidentSetSize of job (KB)
...
006 (148624.000.000) 06/16 09:55:07 Image size of job updated: 791456
	41  -  MemoryUsage of job (MB)
	41616  -  ResidentSetSize of job (KB)
...
006 (148624.000.000) 06/16 10:00:07 Image size of job updated: 791456
	67  -  MemoryUsage of job (MB)
	67772  -  ResidentSetSize of job (KB)
...
040 (148624.000.000) 06/16 12:18:28 Started transferring output files
...
040 (148624.000.000) 06/16 12:18:28 Finished transferring output files
...
005 (148624.000.000) 06/16 12:18:28 Job terminated.
	(1) Normal termination (return value 0)
		Usr 0 00:00:54, Sys 0 00:00:14  -  Run Remote Usage
		Usr 0 00:00:00, Sys 0 00:00:00  -  Run Local Usage
		Usr 0 00:00:54, Sys 0 00:00:14  -  Total Remote Usage
		Usr 0 00:00:00, Sys 0 00:00:00  -  Total Local Usage
	46206  -  Run Bytes Sent By Job
	19195  -  Run Bytes Received By Job
	46206  -  Total Bytes Sent By Job
	19195  -  Total Bytes Received By Job
	Partitionable Resources :      Usage  Request Allocated 
	   Cpus                 :       0.00        1         1 
	   Disk (KB)            : 2368100          20    209441 
	   Memory (MB)          :      67        2000      2000 

	Job terminated of its own accord at 2021-06-16T10:18:28Z.
...
