000 (146660.000.000) 06/16 08:12:48 Job submitted from host: <188.185.121.235:9618?addrs=188.185.121.235-9618+[2001-1458-d00-49--100-36e]-9618&alias=bigbird22.cern.ch&noUDP&sock=schedd_38044_991d>
...
040 (146660.000.000) 06/16 08:34:53 Started transferring input files
	Transferring to host: <128.142.85.229:9618?addrs=128.142.85.229-9618+[2001-1458-301-f6--100-d]-9618&alias=b7s14n1256.cern.ch&noUDP&sock=slot1_13_5485_6db8_37971>
...
001 (146660.000.000) 06/16 08:34:53 Job executing on host: <128.142.85.229:9618?addrs=128.142.85.229-9618+[2001-1458-301-f6--100-d]-9618&alias=b7s14n1256.cern.ch&noUDP&sock=startd_4279_9dd7>
...
040 (146660.000.000) 06/16 08:34:53 Finished transferring input files
...
006 (146660.000.000) 06/16 08:35:02 Image size of job updated: 774988
	39  -  MemoryUsage of job (MB)
	39340  -  ResidentSetSize of job (KB)
...
006 (146660.000.000) 06/16 08:36:49 Image size of job updated: 791452
	39  -  MemoryUsage of job (MB)
	39524  -  ResidentSetSize of job (KB)
...
040 (146660.000.000) 06/16 08:36:50 Started transferring output files
...
040 (146660.000.000) 06/16 08:36:51 Finished transferring output files
...
005 (146660.000.000) 06/16 08:36:55 Job terminated.
	(1) Normal termination (return value 0)
		Usr 0 00:00:07, Sys 0 00:00:02  -  Run Remote Usage
		Usr 0 00:00:00, Sys 0 00:00:00  -  Run Local Usage
		Usr 0 00:00:07, Sys 0 00:00:02  -  Total Remote Usage
		Usr 0 00:00:00, Sys 0 00:00:00  -  Total Local Usage
	22342  -  Run Bytes Sent By Job
	19195  -  Run Bytes Received By Job
	22342  -  Total Bytes Sent By Job
	19195  -  Total Bytes Received By Job
	Partitionable Resources :    Usage  Request Allocated 
	   Cpus                 :                 1         1 
	   Disk (KB)            :   466088       20    226543 
	   Memory (MB)          :       39     2000      2000 

	Job terminated of its own accord at 2021-06-16T06:36:49Z.
...
