000 (116068.000.000) 06/04 08:57:43 Job submitted from host: <188.185.121.235:9618?addrs=188.185.121.235-9618+[2001-1458-d00-49--100-36e]-9618&alias=bigbird22.cern.ch&noUDP&sock=schedd_38044_991d>
...
040 (116068.000.000) 06/04 09:01:25 Started transferring input files
	Transferring to host: <188.184.168.197:9618?addrs=188.184.168.197-9618+[2001-1458-301-c0--100-39b]-9618&alias=b7g52n1278.cern.ch&noUDP&sock=slot1_12_6036_a86f_40708>
...
040 (116068.000.000) 06/04 09:01:25 Finished transferring input files
...
001 (116068.000.000) 06/04 09:01:25 Job executing on host: <188.184.168.197:9618?addrs=188.184.168.197-9618+[2001-1458-301-c0--100-39b]-9618&alias=b7g52n1278.cern.ch&noUDP&sock=startd_4777_3401>
...
006 (116068.000.000) 06/04 09:01:33 Image size of job updated: 10376
	11  -  MemoryUsage of job (MB)
	10376  -  ResidentSetSize of job (KB)
...
006 (116068.000.000) 06/04 09:06:33 Image size of job updated: 790824
	66  -  MemoryUsage of job (MB)
	67500  -  ResidentSetSize of job (KB)
...
040 (116068.000.000) 06/04 13:55:13 Started transferring output files
...
040 (116068.000.000) 06/04 13:55:13 Finished transferring output files
...
005 (116068.000.000) 06/04 13:55:13 Job terminated.
	(1) Normal termination (return value 0)
		Usr 0 00:01:35, Sys 0 00:00:23  -  Run Remote Usage
		Usr 0 00:00:00, Sys 0 00:00:00  -  Run Local Usage
		Usr 0 00:01:35, Sys 0 00:00:23  -  Total Remote Usage
		Usr 0 00:00:00, Sys 0 00:00:00  -  Total Local Usage
	61334  -  Run Bytes Sent By Job
	19195  -  Run Bytes Received By Job
	61334  -  Total Bytes Sent By Job
	19195  -  Total Bytes Received By Job
	Partitionable Resources :      Usage  Request Allocated 
	   Cpus                 :       0.00        1         1 
	   Disk (KB)            : 3710539          20    257215 
	   Memory (MB)          :      66        2000      2000 

	Job terminated of its own accord at 2021-06-04T11:55:13Z.
...
000 (123209.000.000) 06/08 10:39:27 Job submitted from host: <188.185.121.235:9618?addrs=188.185.121.235-9618+[2001-1458-d00-49--100-36e]-9618&alias=bigbird22.cern.ch&noUDP&sock=schedd_38044_991d>
...
040 (123209.000.000) 06/08 11:13:50 Entered queue to transfer input files
	Transferring to host: <128.142.161.93:9618?addrs=128.142.161.93-9618&alias=b7g03p8722.cern.ch&noUDP&sock=slot1_18_3546_3a49_48367>
...
040 (123209.000.000) 06/08 11:53:55 Started transferring input files
	Seconds spent in queue: 2405
...
001 (123209.000.000) 06/08 11:53:55 Job executing on host: <128.142.161.93:9618?addrs=128.142.161.93-9618&alias=b7g03p8722.cern.ch&noUDP&sock=startd_2825_4b22>
...
040 (123209.000.000) 06/08 11:53:55 Finished transferring input files
...
006 (123209.000.000) 06/08 11:54:03 Image size of job updated: 17556
	18  -  MemoryUsage of job (MB)
	17556  -  ResidentSetSize of job (KB)
...
006 (123209.000.000) 06/08 11:59:03 Image size of job updated: 791452
	52  -  MemoryUsage of job (MB)
	52236  -  ResidentSetSize of job (KB)
...
006 (123209.000.000) 06/08 12:04:04 Image size of job updated: 791452
	67  -  MemoryUsage of job (MB)
	67772  -  ResidentSetSize of job (KB)
...
040 (123209.000.000) 06/08 16:18:34 Started transferring output files
	Seconds spent in queue: 18284
...
040 (123209.000.000) 06/08 16:18:34 Finished transferring output files
...
005 (123209.000.000) 06/08 16:18:34 Job terminated.
	(1) Normal termination (return value 0)
		Usr 0 00:02:24, Sys 0 00:00:30  -  Run Remote Usage
		Usr 0 00:00:00, Sys 0 00:00:00  -  Run Local Usage
		Usr 0 00:02:24, Sys 0 00:00:30  -  Total Remote Usage
		Usr 0 00:00:00, Sys 0 00:00:00  -  Total Local Usage
	61331  -  Run Bytes Sent By Job
	19195  -  Run Bytes Received By Job
	61331  -  Total Bytes Sent By Job
	19195  -  Total Bytes Received By Job
	Partitionable Resources :      Usage  Request Allocated 
	   Cpus                 :       0.00        1         1 
	   Disk (KB)            : 3710539          20   1261104 
	   Memory (MB)          :      67        2000      2000 

	Job terminated of its own accord at 2021-06-08T14:18:34Z.
...
