000 (116072.000.000) 06/04 08:57:46 Job submitted from host: <188.185.121.235:9618?addrs=188.185.121.235-9618+[2001-1458-d00-49--100-36e]-9618&alias=bigbird22.cern.ch&noUDP&sock=schedd_38044_991d>
...
040 (116072.000.000) 06/04 09:01:27 Started transferring input files
	Transferring to host: <128.142.76.151:9618?addrs=128.142.76.151-9618+[2001-1458-301-f4--100-595]-9618&alias=b7s12n6949.cern.ch&noUDP&sock=slot1_14_31128_3deb_86852>
...
040 (116072.000.000) 06/04 09:01:27 Finished transferring input files
...
001 (116072.000.000) 06/04 09:01:27 Job executing on host: <128.142.76.151:9618?addrs=128.142.76.151-9618+[2001-1458-301-f4--100-595]-9618&alias=b7s12n6949.cern.ch&noUDP&sock=startd_16697_54e8>
...
006 (116072.000.000) 06/04 09:01:35 Image size of job updated: 624804
	9  -  MemoryUsage of job (MB)
	8540  -  ResidentSetSize of job (KB)
...
006 (116072.000.000) 06/04 09:06:35 Image size of job updated: 790824
	66  -  MemoryUsage of job (MB)
	67504  -  ResidentSetSize of job (KB)
...
040 (116072.000.000) 06/04 13:45:42 Started transferring output files
...
040 (116072.000.000) 06/04 13:45:42 Finished transferring output files
...
005 (116072.000.000) 06/04 13:45:42 Job terminated.
	(1) Normal termination (return value 0)
		Usr 0 00:01:42, Sys 0 00:00:26  -  Run Remote Usage
		Usr 0 00:00:00, Sys 0 00:00:00  -  Run Local Usage
		Usr 0 00:01:42, Sys 0 00:00:26  -  Total Remote Usage
		Usr 0 00:00:00, Sys 0 00:00:00  -  Total Local Usage
	61295  -  Run Bytes Sent By Job
	19195  -  Run Bytes Received By Job
	61295  -  Total Bytes Sent By Job
	19195  -  Total Bytes Received By Job
	Partitionable Resources :      Usage  Request Allocated 
	   Cpus                 :       0.00        1         1 
	   Disk (KB)            : 3710539          20    181305 
	   Memory (MB)          :      66        2000      2000 

	Job terminated of its own accord at 2021-06-04T11:45:42Z.
...
000 (123213.000.000) 06/08 10:39:32 Job submitted from host: <188.185.121.235:9618?addrs=188.185.121.235-9618+[2001-1458-d00-49--100-36e]-9618&alias=bigbird22.cern.ch&noUDP&sock=schedd_38044_991d>
...
040 (123213.000.000) 06/08 11:15:59 Entered queue to transfer input files
	Transferring to host: <188.184.182.11:9618?addrs=188.184.182.11-9618+[2001-1458-301-2b--100-30b]-9618&alias=b7g41n3365.cern.ch&noUDP&sock=slot1_6_4795_42dc_43639>
...
040 (123213.000.000) 06/08 11:53:55 Started transferring input files
	Seconds spent in queue: 2276
...
040 (123213.000.000) 06/08 11:53:55 Finished transferring input files
...
001 (123213.000.000) 06/08 11:53:55 Job executing on host: <188.184.182.11:9618?addrs=188.184.182.11-9618+[2001-1458-301-2b--100-30b]-9618&alias=b7g41n3365.cern.ch&noUDP&sock=startd_3869_6402>
...
006 (123213.000.000) 06/08 11:54:03 Image size of job updated: 625444
	14  -  MemoryUsage of job (MB)
	13428  -  ResidentSetSize of job (KB)
...
006 (123213.000.000) 06/08 11:59:03 Image size of job updated: 791448
	67  -  MemoryUsage of job (MB)
	67768  -  ResidentSetSize of job (KB)
...
006 (123213.000.000) 06/08 16:04:32 Image size of job updated: 791448
	91  -  MemoryUsage of job (MB)
	92916  -  ResidentSetSize of job (KB)
...
040 (123213.000.000) 06/08 16:07:11 Started transferring output files
	Seconds spent in queue: 17472
...
040 (123213.000.000) 06/08 16:07:11 Finished transferring output files
...
005 (123213.000.000) 06/08 16:07:12 Job terminated.
	(1) Normal termination (return value 0)
		Usr 0 00:02:38, Sys 0 00:00:24  -  Run Remote Usage
		Usr 0 00:00:00, Sys 0 00:00:00  -  Run Local Usage
		Usr 0 00:02:38, Sys 0 00:00:24  -  Total Remote Usage
		Usr 0 00:00:00, Sys 0 00:00:00  -  Total Local Usage
	61297  -  Run Bytes Sent By Job
	19195  -  Run Bytes Received By Job
	61297  -  Total Bytes Sent By Job
	19195  -  Total Bytes Received By Job
	Partitionable Resources :      Usage  Request Allocated 
	   Cpus                 :       0.00        1         1 
	   Disk (KB)            : 3710538          20    344768 
	   Memory (MB)          :      91        2000      2000 

	Job terminated of its own accord at 2021-06-08T14:07:11Z.
...
