000 (148530.000.000) 06/16 08:50:45 Job submitted from host: <188.185.121.235:9618?addrs=188.185.121.235-9618+[2001-1458-d00-49--100-36e]-9618&alias=bigbird22.cern.ch&noUDP&sock=schedd_38044_991d>
...
040 (148530.000.000) 06/16 09:37:50 Started transferring input files
	Transferring to host: <128.142.69.54:9618?addrs=128.142.69.54-9618+[2001-1458-301-52--100-28c]-9618&alias=b7s10n1167.cern.ch&noUDP&sock=slot1_12_22251_97a2_112252>
...
040 (148530.000.000) 06/16 09:37:50 Finished transferring input files
...
001 (148530.000.000) 06/16 09:37:50 Job executing on host: <128.142.69.54:9618?addrs=128.142.69.54-9618+[2001-1458-301-52--100-28c]-9618&alias=b7s10n1167.cern.ch&noUDP&sock=startd_2013_543c>
...
006 (148530.000.000) 06/16 09:37:59 Image size of job updated: 625444
	6  -  MemoryUsage of job (MB)
	5932  -  ResidentSetSize of job (KB)
...
006 (148530.000.000) 06/16 09:43:00 Image size of job updated: 791456
	36  -  MemoryUsage of job (MB)
	36788  -  ResidentSetSize of job (KB)
...
006 (148530.000.000) 06/16 09:48:00 Image size of job updated: 791456
	67  -  MemoryUsage of job (MB)
	67780  -  ResidentSetSize of job (KB)
...
040 (148530.000.000) 06/16 12:14:27 Started transferring output files
...
040 (148530.000.000) 06/16 12:14:27 Finished transferring output files
...
005 (148530.000.000) 06/16 12:14:27 Job terminated.
	(1) Normal termination (return value 0)
		Usr 0 00:00:47, Sys 0 00:00:20  -  Run Remote Usage
		Usr 0 00:00:00, Sys 0 00:00:00  -  Run Local Usage
		Usr 0 00:00:47, Sys 0 00:00:20  -  Total Remote Usage
		Usr 0 00:00:00, Sys 0 00:00:00  -  Total Local Usage
	46841  -  Run Bytes Sent By Job
	19195  -  Run Bytes Received By Job
	46841  -  Total Bytes Sent By Job
	19195  -  Total Bytes Received By Job
	Partitionable Resources :      Usage  Request Allocated 
	   Cpus                 :       0.00        1         1 
	   Disk (KB)            : 2368437          20    160462 
	   Memory (MB)          :      67        2000      2000 

	Job terminated of its own accord at 2021-06-16T10:14:27Z.
...
