000 (148400.000.000) 06/16 08:48:02 Job submitted from host: <188.185.121.235:9618?addrs=188.185.121.235-9618+[2001-1458-d00-49--100-36e]-9618&alias=bigbird22.cern.ch&noUDP&sock=schedd_38044_991d>
...
040 (148400.000.000) 06/16 09:26:54 Started transferring input files
	Transferring to host: <128.142.161.120:9618?addrs=128.142.161.120-9618&alias=b7g03p7562.cern.ch&noUDP&sock=slot1_49_3884_6117_62902>
...
001 (148400.000.000) 06/16 09:26:54 Job executing on host: <128.142.161.120:9618?addrs=128.142.161.120-9618&alias=b7g03p7562.cern.ch&noUDP&sock=startd_3020_0c1a>
...
040 (148400.000.000) 06/16 09:26:54 Finished transferring input files
...
006 (148400.000.000) 06/16 09:27:03 Image size of job updated: 625444
	9  -  MemoryUsage of job (MB)
	9140  -  ResidentSetSize of job (KB)
...
006 (148400.000.000) 06/16 09:32:04 Image size of job updated: 791456
	40  -  MemoryUsage of job (MB)
	40484  -  ResidentSetSize of job (KB)
...
006 (148400.000.000) 06/16 09:37:05 Image size of job updated: 791456
	67  -  MemoryUsage of job (MB)
	67776  -  ResidentSetSize of job (KB)
...
040 (148400.000.000) 06/16 12:08:01 Started transferring output files
...
040 (148400.000.000) 06/16 12:08:01 Finished transferring output files
...
005 (148400.000.000) 06/16 12:08:01 Job terminated.
	(1) Normal termination (return value 0)
		Usr 0 00:01:08, Sys 0 00:00:18  -  Run Remote Usage
		Usr 0 00:00:00, Sys 0 00:00:00  -  Run Local Usage
		Usr 0 00:01:08, Sys 0 00:00:18  -  Total Remote Usage
		Usr 0 00:00:00, Sys 0 00:00:00  -  Total Local Usage
	46599  -  Run Bytes Sent By Job
	19195  -  Run Bytes Received By Job
	46599  -  Total Bytes Sent By Job
	19195  -  Total Bytes Received By Job
	Partitionable Resources :      Usage  Request Allocated 
	   Cpus                 :       0.00        1         1 
	   Disk (KB)            : 2368545          20   1378732 
	   Memory (MB)          :      67        2000      2000 

	Job terminated of its own accord at 2021-06-16T10:08:01Z.
...
