000 (147314.000.000) 06/16 08:25:22 Job submitted from host: <188.185.121.235:9618?addrs=188.185.121.235-9618+[2001-1458-d00-49--100-36e]-9618&alias=bigbird22.cern.ch&noUDP&sock=schedd_38044_991d>
...
040 (147314.000.000) 06/16 08:48:07 Started transferring input files
	Transferring to host: <128.142.84.163:9618?addrs=128.142.84.163-9618+[2001-1458-301-f6--100-3cb]-9618&alias=b7s14n9409.cern.ch&noUDP&sock=slot1_16_2501_ee3f_4308>
...
001 (147314.000.000) 06/16 08:48:07 Job executing on host: <128.142.84.163:9618?addrs=128.142.84.163-9618+[2001-1458-301-f6--100-3cb]-9618&alias=b7s14n9409.cern.ch&noUDP&sock=startd_2322_46ff>
...
040 (147314.000.000) 06/16 08:48:07 Finished transferring input files
...
006 (147314.000.000) 06/16 08:48:15 Image size of job updated: 41700
	41  -  MemoryUsage of job (MB)
	41700  -  ResidentSetSize of job (KB)
...
006 (147314.000.000) 06/16 08:53:15 Image size of job updated: 791448
	67  -  MemoryUsage of job (MB)
	67776  -  ResidentSetSize of job (KB)
...
040 (147314.000.000) 06/16 08:56:09 Started transferring output files
...
040 (147314.000.000) 06/16 08:56:09 Finished transferring output files
...
005 (147314.000.000) 06/16 08:56:10 Job terminated.
	(1) Normal termination (return value 0)
		Usr 0 00:00:07, Sys 0 00:00:02  -  Run Remote Usage
		Usr 0 00:00:00, Sys 0 00:00:00  -  Run Local Usage
		Usr 0 00:00:07, Sys 0 00:00:02  -  Total Remote Usage
		Usr 0 00:00:00, Sys 0 00:00:00  -  Total Local Usage
	20155  -  Run Bytes Sent By Job
	19195  -  Run Bytes Received By Job
	20155  -  Total Bytes Sent By Job
	19195  -  Total Bytes Received By Job
	Partitionable Resources :     Usage  Request Allocated 
	   Cpus                 :      0.01        1         1 
	   Disk (KB)            : 465728          20    250686 
	   Memory (MB)          :     67        2000      2000 

	Job terminated of its own accord at 2021-06-16T06:56:09Z.
...
