000 (148330.000.000) 06/16 08:47:06 Job submitted from host: <188.185.121.235:9618?addrs=188.185.121.235-9618+[2001-1458-d00-49--100-36e]-9618&alias=bigbird22.cern.ch&noUDP&sock=schedd_38044_991d>
...
040 (148330.000.000) 06/16 09:06:45 Started transferring input files
	Transferring to host: <128.142.73.100:9618?addrs=128.142.73.100-9618+[2001-1458-301-75--100-26c]-9618&alias=b7s11n3239.cern.ch&noUDP&sock=slot1_6_5409_e135_38159>
...
040 (148330.000.000) 06/16 09:06:45 Finished transferring input files
...
001 (148330.000.000) 06/16 09:06:45 Job executing on host: <128.142.73.100:9618?addrs=128.142.73.100-9618+[2001-1458-301-75--100-26c]-9618&alias=b7s11n3239.cern.ch&noUDP&sock=startd_4272_d0ad>
...
006 (148330.000.000) 06/16 09:06:54 Image size of job updated: 625444
	5  -  MemoryUsage of job (MB)
	4692  -  ResidentSetSize of job (KB)
...
006 (148330.000.000) 06/16 09:11:56 Image size of job updated: 791452
	67  -  MemoryUsage of job (MB)
	67772  -  ResidentSetSize of job (KB)
...
040 (148330.000.000) 06/16 09:36:31 Started transferring output files
...
040 (148330.000.000) 06/16 09:36:31 Finished transferring output files
...
005 (148330.000.000) 06/16 09:36:31 Job terminated.
	(1) Normal termination (return value 0)
		Usr 0 00:00:52, Sys 0 00:00:13  -  Run Remote Usage
		Usr 0 00:00:00, Sys 0 00:00:00  -  Run Local Usage
		Usr 0 00:00:52, Sys 0 00:00:13  -  Total Remote Usage
		Usr 0 00:00:00, Sys 0 00:00:00  -  Total Local Usage
	46230  -  Run Bytes Sent By Job
	19195  -  Run Bytes Received By Job
	46230  -  Total Bytes Sent By Job
	19195  -  Total Bytes Received By Job
	Partitionable Resources :      Usage  Request Allocated 
	   Cpus                 :       0.01        1         1 
	   Disk (KB)            : 2368052          20    270537 
	   Memory (MB)          :      67        2000      2000 

	Job terminated of its own accord at 2021-06-16T07:36:31Z.
...
