000 (116247.000.000) 06/04 09:00:02 Job submitted from host: <188.185.121.235:9618?addrs=188.185.121.235-9618+[2001-1458-d00-49--100-36e]-9618&alias=bigbird22.cern.ch&noUDP&sock=schedd_38044_991d>
...
040 (116247.000.000) 06/04 09:10:01 Started transferring input files
	Transferring to host: <128.142.73.116:9618?addrs=128.142.73.116-9618+[2001-1458-301-75--100-1ef]-9618&alias=b7s11n6047.cern.ch&noUDP&sock=slot1_11_10240_c199_87459>
...
040 (116247.000.000) 06/04 09:10:01 Finished transferring input files
...
001 (116247.000.000) 06/04 09:10:01 Job executing on host: <128.142.73.116:9618?addrs=128.142.73.116-9618+[2001-1458-301-75--100-1ef]-9618&alias=b7s11n6047.cern.ch&noUDP&sock=startd_16731_a721>
...
006 (116247.000.000) 06/04 09:10:10 Image size of job updated: 624804
	11  -  MemoryUsage of job (MB)
	11084  -  ResidentSetSize of job (KB)
...
006 (116247.000.000) 06/04 09:15:11 Image size of job updated: 790824
	56  -  MemoryUsage of job (MB)
	56912  -  ResidentSetSize of job (KB)
...
006 (116247.000.000) 06/04 09:20:11 Image size of job updated: 790824
	66  -  MemoryUsage of job (MB)
	67508  -  ResidentSetSize of job (KB)
...
040 (116247.000.000) 06/04 13:58:10 Started transferring output files
...
040 (116247.000.000) 06/04 13:58:10 Finished transferring output files
...
005 (116247.000.000) 06/04 13:58:10 Job terminated.
	(1) Normal termination (return value 0)
		Usr 0 00:01:46, Sys 0 00:00:26  -  Run Remote Usage
		Usr 0 00:00:00, Sys 0 00:00:00  -  Run Local Usage
		Usr 0 00:01:46, Sys 0 00:00:26  -  Total Remote Usage
		Usr 0 00:00:00, Sys 0 00:00:00  -  Total Local Usage
	61038  -  Run Bytes Sent By Job
	19195  -  Run Bytes Received By Job
	61038  -  Total Bytes Sent By Job
	19195  -  Total Bytes Received By Job
	Partitionable Resources :      Usage  Request Allocated 
	   Cpus                 :       0.00        1         1 
	   Disk (KB)            : 3711702          20    274913 
	   Memory (MB)          :      66        2000      2000 

	Job terminated of its own accord at 2021-06-04T11:58:10Z.
...
000 (123385.000.000) 06/08 10:42:38 Job submitted from host: <188.185.121.235:9618?addrs=188.185.121.235-9618+[2001-1458-d00-49--100-36e]-9618&alias=bigbird22.cern.ch&noUDP&sock=schedd_38044_991d>
...
