000 (148121.000.000) 06/16 08:42:35 Job submitted from host: <188.185.121.235:9618?addrs=188.185.121.235-9618+[2001-1458-d00-49--100-36e]-9618&alias=bigbird22.cern.ch&noUDP&sock=schedd_38044_991d>
...
040 (148121.000.000) 06/16 09:01:43 Started transferring input files
	Transferring to host: <128.142.193.212:9618?addrs=128.142.193.212-9618+[2001-1458-301-cc--100-20a]-9618&alias=b7g52n3828.cern.ch&noUDP&sock=slot1_8_5985_b94c_37648>
...
040 (148121.000.000) 06/16 09:01:43 Finished transferring input files
...
001 (148121.000.000) 06/16 09:01:43 Job executing on host: <128.142.193.212:9618?addrs=128.142.193.212-9618+[2001-1458-301-cc--100-20a]-9618&alias=b7g52n3828.cern.ch&noUDP&sock=startd_4859_72c5>
...
006 (148121.000.000) 06/16 09:01:52 Image size of job updated: 13652
	14  -  MemoryUsage of job (MB)
	13652  -  ResidentSetSize of job (KB)
...
006 (148121.000.000) 06/16 09:06:52 Image size of job updated: 791456
	67  -  MemoryUsage of job (MB)
	67776  -  ResidentSetSize of job (KB)
...
006 (148121.000.000) 06/16 10:37:00 Image size of job updated: 791456
	116  -  MemoryUsage of job (MB)
	117816  -  ResidentSetSize of job (KB)
...
040 (148121.000.000) 06/16 10:37:46 Started transferring output files
...
040 (148121.000.000) 06/16 10:37:46 Finished transferring output files
...
005 (148121.000.000) 06/16 10:37:47 Job terminated.
	(1) Normal termination (return value 0)
		Usr 0 00:01:19, Sys 0 00:00:20  -  Run Remote Usage
		Usr 0 00:00:00, Sys 0 00:00:00  -  Run Local Usage
		Usr 0 00:01:19, Sys 0 00:00:20  -  Total Remote Usage
		Usr 0 00:00:00, Sys 0 00:00:00  -  Total Local Usage
	54578  -  Run Bytes Sent By Job
	19195  -  Run Bytes Received By Job
	54578  -  Total Bytes Sent By Job
	19195  -  Total Bytes Received By Job
	Partitionable Resources :      Usage  Request Allocated 
	   Cpus                 :       0.96        1         1 
	   Disk (KB)            : 3083714          20    239834 
	   Memory (MB)          :     116        2000      2000 

	Job terminated of its own accord at 2021-06-16T08:37:46Z.
...
