000 (116418.000.000) 06/04 09:02:43 Job submitted from host: <188.185.121.235:9618?addrs=188.185.121.235-9618+[2001-1458-d00-49--100-36e]-9618&alias=bigbird22.cern.ch&noUDP&sock=schedd_38044_991d>
...
040 (116418.000.000) 06/04 09:12:50 Started transferring input files
	Transferring to host: <128.142.83.197:9618?addrs=128.142.83.197-9618+[2001-1458-301-f5--100-2c0]-9618&alias=b7s13n1031.cern.ch&noUDP&sock=slot1_5_6385_8f5d_41040>
...
001 (116418.000.000) 06/04 09:12:50 Job executing on host: <128.142.83.197:9618?addrs=128.142.83.197-9618+[2001-1458-301-f5--100-2c0]-9618&alias=b7s13n1031.cern.ch&noUDP&sock=startd_4401_4c65>
...
040 (116418.000.000) 06/04 09:12:50 Finished transferring input files
...
006 (116418.000.000) 06/04 09:12:59 Image size of job updated: 624804
	6  -  MemoryUsage of job (MB)
	5380  -  ResidentSetSize of job (KB)
...
006 (116418.000.000) 06/04 09:17:59 Image size of job updated: 790824
	47  -  MemoryUsage of job (MB)
	47264  -  ResidentSetSize of job (KB)
...
006 (116418.000.000) 06/04 09:22:59 Image size of job updated: 790824
	66  -  MemoryUsage of job (MB)
	67496  -  ResidentSetSize of job (KB)
...
040 (116418.000.000) 06/04 14:01:35 Started transferring output files
...
040 (116418.000.000) 06/04 14:01:35 Finished transferring output files
...
005 (116418.000.000) 06/04 14:01:35 Job terminated.
	(1) Normal termination (return value 0)
		Usr 0 00:01:47, Sys 0 00:00:29  -  Run Remote Usage
		Usr 0 00:00:00, Sys 0 00:00:00  -  Run Local Usage
		Usr 0 00:01:47, Sys 0 00:00:29  -  Total Remote Usage
		Usr 0 00:00:00, Sys 0 00:00:00  -  Total Local Usage
	60822  -  Run Bytes Sent By Job
	19195  -  Run Bytes Received By Job
	60822  -  Total Bytes Sent By Job
	19195  -  Total Bytes Received By Job
	Partitionable Resources :      Usage  Request Allocated 
	   Cpus                 :       0.01        1         1 
	   Disk (KB)            : 3711803          20    280257 
	   Memory (MB)          :      66        2000      2000 

	Job terminated of its own accord at 2021-06-04T12:01:34Z.
...
000 (123561.000.000) 06/08 10:45:37 Job submitted from host: <188.185.121.235:9618?addrs=188.185.121.235-9618+[2001-1458-d00-49--100-36e]-9618&alias=bigbird22.cern.ch&noUDP&sock=schedd_38044_991d>
...
