000 (148849.000.000) 06/16 08:58:38 Job submitted from host: <188.185.121.235:9618?addrs=188.185.121.235-9618+[2001-1458-d00-49--100-36e]-9618&alias=bigbird22.cern.ch&noUDP&sock=schedd_38044_991d>
...
040 (148849.000.000) 06/16 09:55:23 Started transferring input files
	Transferring to host: <188.184.211.89:9618?addrs=188.184.211.89-9618+[2001-1458-301-10b--100-145]-9618&alias=b7g23n8220.cern.ch&noUDP&sock=slot1_11_13462_f25d_92125>
...
040 (148849.000.000) 06/16 09:55:23 Finished transferring input files
...
001 (148849.000.000) 06/16 09:55:23 Job executing on host: <188.184.211.89:9618?addrs=188.184.211.89-9618+[2001-1458-301-10b--100-145]-9618&alias=b7g23n8220.cern.ch&noUDP&sock=startd_18675_133d>
...
006 (148849.000.000) 06/16 09:55:31 Image size of job updated: 625444
	4  -  MemoryUsage of job (MB)
	3756  -  ResidentSetSize of job (KB)
...
006 (148849.000.000) 06/16 10:00:31 Image size of job updated: 791456
	57  -  MemoryUsage of job (MB)
	57496  -  ResidentSetSize of job (KB)
...
006 (148849.000.000) 06/16 10:05:32 Image size of job updated: 791456
	67  -  MemoryUsage of job (MB)
	67768  -  ResidentSetSize of job (KB)
...
040 (148849.000.000) 06/16 10:58:01 Started transferring output files
...
040 (148849.000.000) 06/16 10:58:01 Finished transferring output files
...
005 (148849.000.000) 06/16 10:58:01 Job terminated.
	(1) Normal termination (return value 0)
		Usr 0 00:00:54, Sys 0 00:00:16  -  Run Remote Usage
		Usr 0 00:00:00, Sys 0 00:00:00  -  Run Local Usage
		Usr 0 00:00:54, Sys 0 00:00:16  -  Total Remote Usage
		Usr 0 00:00:00, Sys 0 00:00:00  -  Total Local Usage
	46752  -  Run Bytes Sent By Job
	19195  -  Run Bytes Received By Job
	46752  -  Total Bytes Sent By Job
	19195  -  Total Bytes Received By Job
	Partitionable Resources :      Usage  Request Allocated 
	   Cpus                 :       0.03        1         1 
	   Disk (KB)            : 2371343          20    260140 
	   Memory (MB)          :      67        2000      2000 

	Job terminated of its own accord at 2021-06-16T08:58:01Z.
...
