000 (117001.000.000) 06/04 09:09:51 Job submitted from host: <188.185.121.235:9618?addrs=188.185.121.235-9618+[2001-1458-d00-49--100-36e]-9618&alias=bigbird22.cern.ch&noUDP&sock=schedd_38044_991d>
...
040 (117001.000.000) 06/04 09:51:20 Started transferring input files
	Transferring to host: <188.184.211.200:9618?addrs=188.184.211.200-9618&alias=b7g23n8961.cern.ch&noUDP&sock=slot1_10_2704_f667_40567>
...
040 (117001.000.000) 06/04 09:51:20 Finished transferring input files
...
001 (117001.000.000) 06/04 09:51:20 Job executing on host: <188.184.211.200:9618?addrs=188.184.211.200-9618&alias=b7g23n8961.cern.ch&noUDP&sock=startd_2285_e5fe>
...
006 (117001.000.000) 06/04 09:51:28 Image size of job updated: 4016
	4  -  MemoryUsage of job (MB)
	4016  -  ResidentSetSize of job (KB)
...
006 (117001.000.000) 06/04 09:56:28 Image size of job updated: 790824
	35  -  MemoryUsage of job (MB)
	35312  -  ResidentSetSize of job (KB)
...
006 (117001.000.000) 06/04 10:01:29 Image size of job updated: 790824
	50  -  MemoryUsage of job (MB)
	50548  -  ResidentSetSize of job (KB)
...
006 (117001.000.000) 06/04 10:06:29 Image size of job updated: 790824
	66  -  MemoryUsage of job (MB)
	67488  -  ResidentSetSize of job (KB)
...
006 (117001.000.000) 06/04 13:56:54 Image size of job updated: 790824
	91  -  MemoryUsage of job (MB)
	92356  -  ResidentSetSize of job (KB)
...
040 (117001.000.000) 06/04 13:58:11 Started transferring output files
...
040 (117001.000.000) 06/04 13:58:11 Finished transferring output files
...
005 (117001.000.000) 06/04 13:58:11 Job terminated.
	(1) Normal termination (return value 0)
		Usr 0 00:01:39, Sys 0 00:00:25  -  Run Remote Usage
		Usr 0 00:00:00, Sys 0 00:00:00  -  Run Local Usage
		Usr 0 00:01:39, Sys 0 00:00:25  -  Total Remote Usage
		Usr 0 00:00:00, Sys 0 00:00:00  -  Total Local Usage
	51019  -  Run Bytes Sent By Job
	19195  -  Run Bytes Received By Job
	51019  -  Total Bytes Sent By Job
	19195  -  Total Bytes Received By Job
	Partitionable Resources :      Usage  Request Allocated 
	   Cpus                 :       0.01        1         1 
	   Disk (KB)            : 2758962          20    350732 
	   Memory (MB)          :      91        2000      2000 

	Job terminated of its own accord at 2021-06-04T11:58:11Z.
...
000 (124174.000.000) 06/08 10:54:32 Job submitted from host: <188.185.121.235:9618?addrs=188.185.121.235-9618+[2001-1458-d00-49--100-36e]-9618&alias=bigbird22.cern.ch&noUDP&sock=schedd_38044_991d>
...
040 (124174.000.000) 06/08 11:50:56 Entered queue to transfer input files
	Transferring to host: <188.184.213.101:9618?addrs=188.184.213.101-9618+[2001-1458-301-10c--100-14e]-9618&alias=b7g24n0608.cern.ch&noUDP&sock=slot1_9_3069_2356_32301>
...
040 (124174.000.000) 06/08 11:54:00 Started transferring input files
	Seconds spent in queue: 184
...
001 (124174.000.000) 06/08 11:54:00 Job executing on host: <188.184.213.101:9618?addrs=188.184.213.101-9618+[2001-1458-301-10c--100-14e]-9618&alias=b7g24n0608.cern.ch&noUDP&sock=startd_2831_68b4>
...
040 (124174.000.000) 06/08 11:54:00 Finished transferring input files
...
006 (124174.000.000) 06/08 11:54:08 Image size of job updated: 387336
	2  -  MemoryUsage of job (MB)
	1744  -  ResidentSetSize of job (KB)
...
006 (124174.000.000) 06/08 11:59:08 Image size of job updated: 791456
	35  -  MemoryUsage of job (MB)
	35292  -  ResidentSetSize of job (KB)
...
006 (124174.000.000) 06/08 12:04:09 Image size of job updated: 791456
	67  -  MemoryUsage of job (MB)
	67768  -  ResidentSetSize of job (KB)
...
040 (124174.000.000) 06/08 15:41:51 Started transferring output files
	Seconds spent in queue: 13855
...
040 (124174.000.000) 06/08 15:41:52 Finished transferring output files
...
005 (124174.000.000) 06/08 15:41:52 Job terminated.
	(1) Normal termination (return value 0)
		Usr 0 00:01:42, Sys 0 00:00:17  -  Run Remote Usage
		Usr 0 00:00:00, Sys 0 00:00:00  -  Run Local Usage
		Usr 0 00:01:42, Sys 0 00:00:17  -  Total Remote Usage
		Usr 0 00:00:00, Sys 0 00:00:00  -  Total Local Usage
	50997  -  Run Bytes Sent By Job
	19195  -  Run Bytes Received By Job
	50997  -  Total Bytes Sent By Job
	19195  -  Total Bytes Received By Job
	Partitionable Resources :      Usage  Request Allocated 
	   Cpus                 :       0.00        1         1 
	   Disk (KB)            : 2758963          20    323806 
	   Memory (MB)          :      67        2000      2000 

	Job terminated of its own accord at 2021-06-08T13:41:51Z.
...
