000 (146796.000.000) 06/16 08:14:47 Job submitted from host: <188.185.121.235:9618?addrs=188.185.121.235-9618+[2001-1458-d00-49--100-36e]-9618&alias=bigbird22.cern.ch&noUDP&sock=schedd_38044_991d>
...
040 (146796.000.000) 06/16 08:41:14 Started transferring input files
	Transferring to host: <128.142.161.98:9618?addrs=128.142.161.98-9618+[2001-1458-301-b8--100-20]-9618&alias=b7g03p4215.cern.ch&noUDP&sock=slot1_18_233032_dffd_119988>
...
001 (146796.000.000) 06/16 08:41:15 Job executing on host: <128.142.161.98:9618?addrs=128.142.161.98-9618+[2001-1458-301-b8--100-20]-9618&alias=b7g03p4215.cern.ch&noUDP&sock=startd_131011_3a3a>
...
040 (146796.000.000) 06/16 08:41:15 Finished transferring input files
...
006 (146796.000.000) 06/16 08:41:23 Image size of job updated: 783188
	41  -  MemoryUsage of job (MB)
	41868  -  ResidentSetSize of job (KB)
...
006 (146796.000.000) 06/16 08:42:53 Image size of job updated: 791440
	41  -  MemoryUsage of job (MB)
	41904  -  ResidentSetSize of job (KB)
...
040 (146796.000.000) 06/16 08:42:53 Started transferring output files
...
040 (146796.000.000) 06/16 08:42:55 Finished transferring output files
...
005 (146796.000.000) 06/16 08:42:59 Job terminated.
	(1) Normal termination (return value 0)
		Usr 0 00:00:07, Sys 0 00:00:02  -  Run Remote Usage
		Usr 0 00:00:00, Sys 0 00:00:00  -  Run Local Usage
		Usr 0 00:00:07, Sys 0 00:00:02  -  Total Remote Usage
		Usr 0 00:00:00, Sys 0 00:00:00  -  Total Local Usage
	21909  -  Run Bytes Sent By Job
	19195  -  Run Bytes Received By Job
	21909  -  Total Bytes Sent By Job
	19195  -  Total Bytes Received By Job
	Partitionable Resources :     Usage  Request Allocated 
	   Cpus                 :      0.02        1         1 
	   Disk (KB)            : 466101          20   1502488 
	   Memory (MB)          :     41        2000      2000 

	Job terminated of its own accord at 2021-06-16T06:42:53Z.
...
