000 (147027.000.000) 06/16 08:19:33 Job submitted from host: <188.185.121.235:9618?addrs=188.185.121.235-9618+[2001-1458-d00-49--100-36e]-9618&alias=bigbird22.cern.ch&noUDP&sock=schedd_38044_991d>
...
040 (147027.000.000) 06/16 08:46:22 Started transferring input files
	Transferring to host: <128.142.82.51:9618?addrs=128.142.82.51-9618+[2001-1458-301-f5--100-95]-9618&alias=b7s13n6192.cern.ch&noUDP&sock=slot1_10_3411_1ba4_41511>
...
040 (147027.000.000) 06/16 08:46:22 Finished transferring input files
...
001 (147027.000.000) 06/16 08:46:22 Job executing on host: <128.142.82.51:9618?addrs=128.142.82.51-9618+[2001-1458-301-f5--100-95]-9618&alias=b7s13n6192.cern.ch&noUDP&sock=startd_2831_68b4>
...
006 (147027.000.000) 06/16 08:46:31 Image size of job updated: 126248
	16  -  MemoryUsage of job (MB)
	15512  -  ResidentSetSize of job (KB)
...
006 (147027.000.000) 06/16 08:51:31 Image size of job updated: 791456
	67  -  MemoryUsage of job (MB)
	67772  -  ResidentSetSize of job (KB)
...
040 (147027.000.000) 06/16 08:55:36 Started transferring output files
...
040 (147027.000.000) 06/16 08:55:36 Finished transferring output files
...
005 (147027.000.000) 06/16 08:55:36 Job terminated.
	(1) Normal termination (return value 0)
		Usr 0 00:00:07, Sys 0 00:00:02  -  Run Remote Usage
		Usr 0 00:00:00, Sys 0 00:00:00  -  Run Local Usage
		Usr 0 00:00:07, Sys 0 00:00:02  -  Total Remote Usage
		Usr 0 00:00:00, Sys 0 00:00:00  -  Total Local Usage
	22352  -  Run Bytes Sent By Job
	19195  -  Run Bytes Received By Job
	22352  -  Total Bytes Sent By Job
	19195  -  Total Bytes Received By Job
	Partitionable Resources :    Usage  Request Allocated 
	   Cpus                 :                 1         1 
	   Disk (KB)            :   466079       20    282201 
	   Memory (MB)          :       67     2000      2000 

	Job terminated of its own accord at 2021-06-16T06:55:36Z.
...
