000 (115541.000.000) 06/04 08:51:03 Job submitted from host: <188.185.121.235:9618?addrs=188.185.121.235-9618+[2001-1458-d00-49--100-36e]-9618&alias=bigbird22.cern.ch&noUDP&sock=schedd_38044_991d>
...
040 (115541.000.000) 06/04 08:57:51 Started transferring input files
	Transferring to host: <188.184.190.180:9618?addrs=188.184.190.180-9618+[2001-1458-301-4b--100-af]-9618&alias=b7g42n0362.cern.ch&noUDP&sock=slot1_8_26924_24c0_82054>
...
040 (115541.000.000) 06/04 08:57:51 Finished transferring input files
...
001 (115541.000.000) 06/04 08:57:51 Job executing on host: <188.184.190.180:9618?addrs=188.184.190.180-9618+[2001-1458-301-4b--100-af]-9618&alias=b7g42n0362.cern.ch&noUDP&sock=startd_1991_3d26>
...
006 (115541.000.000) 06/04 08:58:00 Image size of job updated: 395412
	22  -  MemoryUsage of job (MB)
	21860  -  ResidentSetSize of job (KB)
...
006 (115541.000.000) 06/04 09:03:01 Image size of job updated: 790808
	66  -  MemoryUsage of job (MB)
	67500  -  ResidentSetSize of job (KB)
...
040 (115541.000.000) 06/04 09:03:55 Started transferring output files
...
040 (115541.000.000) 06/04 09:03:56 Finished transferring output files
...
005 (115541.000.000) 06/04 09:03:56 Job terminated.
	(1) Normal termination (return value 0)
		Usr 0 00:00:14, Sys 0 00:00:02  -  Run Remote Usage
		Usr 0 00:00:00, Sys 0 00:00:00  -  Run Local Usage
		Usr 0 00:00:14, Sys 0 00:00:02  -  Total Remote Usage
		Usr 0 00:00:00, Sys 0 00:00:00  -  Total Local Usage
	22644  -  Run Bytes Sent By Job
	19195  -  Run Bytes Received By Job
	22644  -  Total Bytes Sent By Job
	19195  -  Total Bytes Received By Job
	Partitionable Resources :     Usage  Request Allocated 
	   Cpus                 :      0.01        1         1 
	   Disk (KB)            : 540991          20    300280 
	   Memory (MB)          :     66        2000      2000 

	Job terminated of its own accord at 2021-06-04T07:03:55Z.
...
000 (122673.000.000) 06/08 10:30:13 Job submitted from host: <188.185.121.235:9618?addrs=188.185.121.235-9618+[2001-1458-d00-49--100-36e]-9618&alias=bigbird22.cern.ch&noUDP&sock=schedd_38044_991d>
...
040 (122673.000.000) 06/08 10:43:47 Started transferring input files
	Transferring to host: <128.142.80.209:9618?addrs=128.142.80.209-9618+[2001-1458-301-f5--100-22c]-9618&alias=b7s13n7419.cern.ch&noUDP&sock=slot1_3_5827_6606_83674>
...
001 (122673.000.000) 06/08 10:43:47 Job executing on host: <128.142.80.209:9618?addrs=128.142.80.209-9618+[2001-1458-301-f5--100-22c]-9618&alias=b7s13n7419.cern.ch&noUDP&sock=startd_4752_0e23>
...
040 (122673.000.000) 06/08 10:43:47 Finished transferring input files
...
006 (122673.000.000) 06/08 10:43:56 Image size of job updated: 67768
	67  -  MemoryUsage of job (MB)
	67768  -  ResidentSetSize of job (KB)
...
006 (122673.000.000) 06/08 10:44:19 Image size of job updated: 791428
	67  -  MemoryUsage of job (MB)
	67768  -  ResidentSetSize of job (KB)
...
040 (122673.000.000) 06/08 10:44:19 Started transferring output files
...
040 (122673.000.000) 06/08 10:44:19 Finished transferring output files
...
005 (122673.000.000) 06/08 10:44:20 Job terminated.
	(1) Normal termination (return value 0)
		Usr 0 00:00:08, Sys 0 00:00:02  -  Run Remote Usage
		Usr 0 00:00:00, Sys 0 00:00:00  -  Run Local Usage
		Usr 0 00:00:08, Sys 0 00:00:02  -  Total Remote Usage
		Usr 0 00:00:00, Sys 0 00:00:00  -  Total Local Usage
	18902  -  Run Bytes Sent By Job
	19195  -  Run Bytes Received By Job
	18902  -  Total Bytes Sent By Job
	19195  -  Total Bytes Received By Job
	Partitionable Resources :    Usage  Request Allocated 
	   Cpus                 :                 1         1 
	   Disk (KB)            :   540980       20    200934 
	   Memory (MB)          :       67     2000      2000 

	Job terminated of its own accord at 2021-06-08T08:44:19Z.
...
