000 (148036.000.000) 06/16 08:40:48 Job submitted from host: <188.185.121.235:9618?addrs=188.185.121.235-9618+[2001-1458-d00-49--100-36e]-9618&alias=bigbird22.cern.ch&noUDP&sock=schedd_38044_991d>
...
040 (148036.000.000) 06/16 08:59:10 Started transferring input files
	Transferring to host: <128.142.87.195:9618?addrs=128.142.87.195-9618+[2001-1458-301-f6--100-3e8]-9618&alias=b7s14n7911.cern.ch&noUDP&sock=slot1_10_2572_f4e2_21180>
...
001 (148036.000.000) 06/16 08:59:10 Job executing on host: <128.142.87.195:9618?addrs=128.142.87.195-9618+[2001-1458-301-f6--100-3e8]-9618&alias=b7s14n7911.cern.ch&noUDP&sock=startd_2321_9767>
...
040 (148036.000.000) 06/16 08:59:10 Finished transferring input files
...
006 (148036.000.000) 06/16 08:59:19 Image size of job updated: 625444
	11  -  MemoryUsage of job (MB)
	10872  -  ResidentSetSize of job (KB)
...
006 (148036.000.000) 06/16 09:04:19 Image size of job updated: 791448
	67  -  MemoryUsage of job (MB)
	67772  -  ResidentSetSize of job (KB)
...
040 (148036.000.000) 06/16 10:06:18 Started transferring output files
...
040 (148036.000.000) 06/16 10:06:18 Finished transferring output files
...
005 (148036.000.000) 06/16 10:06:18 Job terminated.
	(1) Normal termination (return value 0)
		Usr 0 00:01:19, Sys 0 00:00:20  -  Run Remote Usage
		Usr 0 00:00:00, Sys 0 00:00:00  -  Run Local Usage
		Usr 0 00:01:19, Sys 0 00:00:20  -  Total Remote Usage
		Usr 0 00:00:00, Sys 0 00:00:00  -  Total Local Usage
	54531  -  Run Bytes Sent By Job
	19195  -  Run Bytes Received By Job
	54531  -  Total Bytes Sent By Job
	19195  -  Total Bytes Received By Job
	Partitionable Resources :      Usage  Request Allocated 
	   Cpus                 :       0.93        1         1 
	   Disk (KB)            : 3074060          20    281795 
	   Memory (MB)          :      67        2000      2000 

	Job terminated of its own accord at 2021-06-16T08:06:18Z.
...
