000 (148258.000.000) 06/16 08:46:07 Job submitted from host: <188.185.121.235:9618?addrs=188.185.121.235-9618+[2001-1458-d00-49--100-36e]-9618&alias=bigbird22.cern.ch&noUDP&sock=schedd_38044_991d>
...
040 (148258.000.000) 06/16 09:04:34 Started transferring input files
	Transferring to host: <128.142.69.54:9618?addrs=128.142.69.54-9618+[2001-1458-301-52--100-28c]-9618&alias=b7s10n1167.cern.ch&noUDP&sock=slot1_15_22251_97a2_112233>
...
040 (148258.000.000) 06/16 09:04:34 Finished transferring input files
...
001 (148258.000.000) 06/16 09:04:34 Job executing on host: <128.142.69.54:9618?addrs=128.142.69.54-9618+[2001-1458-301-52--100-28c]-9618&alias=b7s10n1167.cern.ch&noUDP&sock=startd_2013_543c>
...
006 (148258.000.000) 06/16 09:04:43 Image size of job updated: 30896
	31  -  MemoryUsage of job (MB)
	30896  -  ResidentSetSize of job (KB)
...
006 (148258.000.000) 06/16 09:09:44 Image size of job updated: 791456
	67  -  MemoryUsage of job (MB)
	67776  -  ResidentSetSize of job (KB)
...
040 (148258.000.000) 06/16 09:23:24 Started transferring output files
...
040 (148258.000.000) 06/16 09:23:24 Finished transferring output files
...
005 (148258.000.000) 06/16 09:23:24 Job terminated.
	(1) Normal termination (return value 0)
		Usr 0 00:00:45, Sys 0 00:00:16  -  Run Remote Usage
		Usr 0 00:00:00, Sys 0 00:00:00  -  Run Local Usage
		Usr 0 00:00:45, Sys 0 00:00:16  -  Total Remote Usage
		Usr 0 00:00:00, Sys 0 00:00:00  -  Total Local Usage
	46773  -  Run Bytes Sent By Job
	19195  -  Run Bytes Received By Job
	46773  -  Total Bytes Sent By Job
	19195  -  Total Bytes Received By Job
	Partitionable Resources :      Usage  Request Allocated 
	   Cpus                 :       0.01        1         1 
	   Disk (KB)            : 2367840          20    161657 
	   Memory (MB)          :      67        2000      2000 

	Job terminated of its own accord at 2021-06-16T07:23:24Z.
...
