000 (116823.000.000) 06/04 09:07:56 Job submitted from host: <188.185.121.235:9618?addrs=188.185.121.235-9618+[2001-1458-d00-49--100-36e]-9618&alias=bigbird22.cern.ch&noUDP&sock=schedd_38044_991d>
...
040 (116823.000.000) 06/04 09:41:22 Started transferring input files
	Transferring to host: <188.184.197.211:9618?addrs=188.184.197.211-9618+[2001-1458-301-103--100-1ea]-9618&alias=b7g23n7960.cern.ch&noUDP&sock=slot1_7_4340_ac2a_35088>
...
001 (116823.000.000) 06/04 09:41:22 Job executing on host: <188.184.197.211:9618?addrs=188.184.197.211-9618+[2001-1458-301-103--100-1ea]-9618&alias=b7g23n7960.cern.ch&noUDP&sock=startd_3565_df38>
...
040 (116823.000.000) 06/04 09:41:22 Finished transferring input files
...
006 (116823.000.000) 06/04 09:41:31 Image size of job updated: 14096
	12  -  MemoryUsage of job (MB)
	12160  -  ResidentSetSize of job (KB)
...
006 (116823.000.000) 06/04 09:46:32 Image size of job updated: 790804
	66  -  MemoryUsage of job (MB)
	67492  -  ResidentSetSize of job (KB)
...
040 (116823.000.000) 06/04 09:54:20 Started transferring output files
...
040 (116823.000.000) 06/04 09:54:20 Finished transferring output files
...
005 (116823.000.000) 06/04 09:54:20 Job terminated.
	(1) Normal termination (return value 0)
		Usr 0 00:01:33, Sys 0 00:00:16  -  Run Remote Usage
		Usr 0 00:00:00, Sys 0 00:00:00  -  Run Local Usage
		Usr 0 00:01:33, Sys 0 00:00:16  -  Total Remote Usage
		Usr 0 00:00:00, Sys 0 00:00:00  -  Total Local Usage
	48570  -  Run Bytes Sent By Job
	19195  -  Run Bytes Received By Job
	48570  -  Total Bytes Sent By Job
	19195  -  Total Bytes Received By Job
	Partitionable Resources :      Usage  Request Allocated 
	   Cpus                 :       0.02        1         1 
	   Disk (KB)            : 2758005          20    350993 
	   Memory (MB)          :      66        2000      2000 

	Job terminated of its own accord at 2021-06-04T07:54:20Z.
...
000 (123973.000.000) 06/08 10:51:31 Job submitted from host: <188.185.121.235:9618?addrs=188.185.121.235-9618+[2001-1458-d00-49--100-36e]-9618&alias=bigbird22.cern.ch&noUDP&sock=schedd_38044_991d>
...
040 (123973.000.000) 06/08 11:22:34 Entered queue to transfer input files
	Transferring to host: <188.184.138.119:9618?addrs=188.184.138.119-9618+[2001-1458-301-45--100-9c]-9618&alias=b7g42n0266.cern.ch&noUDP&sock=slot1_5_3405_e164_44527>
...
040 (123973.000.000) 06/08 11:53:59 Started transferring input files
	Seconds spent in queue: 1885
...
040 (123973.000.000) 06/08 11:53:59 Finished transferring input files
...
001 (123973.000.000) 06/08 11:53:59 Job executing on host: <188.184.138.119:9618?addrs=188.184.138.119-9618+[2001-1458-301-45--100-9c]-9618&alias=b7g42n0266.cern.ch&noUDP&sock=startd_2863_5bbc>
...
006 (123973.000.000) 06/08 11:54:08 Image size of job updated: 387336
	2  -  MemoryUsage of job (MB)
	1748  -  ResidentSetSize of job (KB)
...
006 (123973.000.000) 06/08 11:59:09 Image size of job updated: 791448
	67  -  MemoryUsage of job (MB)
	67772  -  ResidentSetSize of job (KB)
...
040 (123973.000.000) 06/08 12:33:21 Started transferring output files
	Seconds spent in queue: 4247
...
040 (123973.000.000) 06/08 12:33:21 Finished transferring output files
...
005 (123973.000.000) 06/08 12:33:21 Job terminated.
	(1) Normal termination (return value 0)
		Usr 0 00:01:28, Sys 0 00:00:16  -  Run Remote Usage
		Usr 0 00:00:00, Sys 0 00:00:00  -  Run Local Usage
		Usr 0 00:01:28, Sys 0 00:00:16  -  Total Remote Usage
		Usr 0 00:00:00, Sys 0 00:00:00  -  Total Local Usage
	48638  -  Run Bytes Sent By Job
	19195  -  Run Bytes Received By Job
	48638  -  Total Bytes Sent By Job
	19195  -  Total Bytes Received By Job
	Partitionable Resources :      Usage  Request Allocated 
	   Cpus                 :       0.02        1         1 
	   Disk (KB)            : 2758005          20    295712 
	   Memory (MB)          :      67        2000      2000 

	Job terminated of its own accord at 2021-06-08T10:33:21Z.
...
