000 (116882.000.000) 06/04 09:08:37 Job submitted from host: <188.185.121.235:9618?addrs=188.185.121.235-9618+[2001-1458-d00-49--100-36e]-9618&alias=bigbird22.cern.ch&noUDP&sock=schedd_38044_991d>
...
040 (116882.000.000) 06/04 09:41:52 Started transferring input files
	Transferring to host: <188.184.196.166:9618?addrs=188.184.196.166-9618+[2001-1458-301-102--100-b3]-9618&alias=b7g24n0326.cern.ch&noUDP&sock=slot1_10_14118_2877_89983>
...
001 (116882.000.000) 06/04 09:41:52 Job executing on host: <188.184.196.166:9618?addrs=188.184.196.166-9618+[2001-1458-301-102--100-b3]-9618&alias=b7g24n0326.cern.ch&noUDP&sock=startd_2007_36aa>
...
040 (116882.000.000) 06/04 09:41:52 Finished transferring input files
...
006 (116882.000.000) 06/04 09:42:01 Image size of job updated: 624804
	5  -  MemoryUsage of job (MB)
	5120  -  ResidentSetSize of job (KB)
...
006 (116882.000.000) 06/04 09:47:02 Image size of job updated: 790824
	66  -  MemoryUsage of job (MB)
	67492  -  ResidentSetSize of job (KB)
...
040 (116882.000.000) 06/04 10:51:22 Started transferring output files
...
040 (116882.000.000) 06/04 10:51:22 Finished transferring output files
...
005 (116882.000.000) 06/04 10:51:22 Job terminated.
	(1) Normal termination (return value 0)
		Usr 0 00:01:28, Sys 0 00:00:14  -  Run Remote Usage
		Usr 0 00:00:00, Sys 0 00:00:00  -  Run Local Usage
		Usr 0 00:01:28, Sys 0 00:00:14  -  Total Remote Usage
		Usr 0 00:00:00, Sys 0 00:00:00  -  Total Local Usage
	50929  -  Run Bytes Sent By Job
	19195  -  Run Bytes Received By Job
	50929  -  Total Bytes Sent By Job
	19195  -  Total Bytes Received By Job
	Partitionable Resources :      Usage  Request Allocated 
	   Cpus                 :       1.00        1         1 
	   Disk (KB)            : 2758792          20    210595 
	   Memory (MB)          :      66        2000      2000 

	Job terminated of its own accord at 2021-06-04T08:51:22Z.
...
000 (124041.000.000) 06/08 10:52:27 Job submitted from host: <188.185.121.235:9618?addrs=188.185.121.235-9618+[2001-1458-d00-49--100-36e]-9618&alias=bigbird22.cern.ch&noUDP&sock=schedd_38044_991d>
...
040 (124041.000.000) 06/08 11:23:33 Entered queue to transfer input files
	Transferring to host: <188.184.168.236:9618?addrs=188.184.168.236-9618+[2001-1458-301-c0--100-34e]-9618&alias=b7g52n0720.cern.ch&noUDP&sock=slot1_10_15911_7d20_108562>
...
040 (124041.000.000) 06/08 11:53:59 Started transferring input files
	Seconds spent in queue: 1826
...
040 (124041.000.000) 06/08 11:53:59 Finished transferring input files
...
001 (124041.000.000) 06/08 11:53:59 Job executing on host: <188.184.168.236:9618?addrs=188.184.168.236-9618+[2001-1458-301-c0--100-34e]-9618&alias=b7g52n0720.cern.ch&noUDP&sock=startd_16700_63b1>
...
006 (124041.000.000) 06/08 11:54:08 Image size of job updated: 387336
	2  -  MemoryUsage of job (MB)
	1748  -  ResidentSetSize of job (KB)
...
006 (124041.000.000) 06/08 11:59:09 Image size of job updated: 791452
	67  -  MemoryUsage of job (MB)
	67776  -  ResidentSetSize of job (KB)
...
040 (124041.000.000) 06/08 13:21:53 Started transferring output files
	Seconds spent in queue: 7100
...
040 (124041.000.000) 06/08 13:21:53 Finished transferring output files
...
005 (124041.000.000) 06/08 13:21:53 Job terminated.
	(1) Normal termination (return value 0)
		Usr 0 00:00:54, Sys 0 00:00:16  -  Run Remote Usage
		Usr 0 00:00:00, Sys 0 00:00:00  -  Run Local Usage
		Usr 0 00:00:54, Sys 0 00:00:16  -  Total Remote Usage
		Usr 0 00:00:00, Sys 0 00:00:00  -  Total Local Usage
	50959  -  Run Bytes Sent By Job
	19195  -  Run Bytes Received By Job
	50959  -  Total Bytes Sent By Job
	19195  -  Total Bytes Received By Job
	Partitionable Resources :      Usage  Request Allocated 
	   Cpus                 :       0.00        1         1 
	   Disk (KB)            : 2758792          20    276201 
	   Memory (MB)          :      67        2000      2000 

	Job terminated of its own accord at 2021-06-08T11:21:53Z.
...
