000 (147031.000.000) 06/16 08:19:36 Job submitted from host: <188.185.121.235:9618?addrs=188.185.121.235-9618+[2001-1458-d00-49--100-36e]-9618&alias=bigbird22.cern.ch&noUDP&sock=schedd_38044_991d>
...
040 (147031.000.000) 06/16 08:46:25 Started transferring input files
	Transferring to host: <128.142.161.143:9618?addrs=128.142.161.143-9618+[2001-1458-301-b9--100-c]-9618&alias=b7g03p6292.cern.ch&noUDP&sock=slot1_39_146220_f7b3_115340>
...
040 (147031.000.000) 06/16 08:46:25 Finished transferring input files
...
001 (147031.000.000) 06/16 08:46:25 Job executing on host: <128.142.161.143:9618?addrs=128.142.161.143-9618+[2001-1458-301-b9--100-c]-9618&alias=b7g03p6292.cern.ch&noUDP&sock=startd_70291_5ba0>
...
006 (147031.000.000) 06/16 08:46:34 Image size of job updated: 40040
	40  -  MemoryUsage of job (MB)
	40040  -  ResidentSetSize of job (KB)
...
006 (147031.000.000) 06/16 08:51:34 Image size of job updated: 791444
	67  -  MemoryUsage of job (MB)
	67776  -  ResidentSetSize of job (KB)
...
040 (147031.000.000) 06/16 08:55:15 Started transferring output files
...
040 (147031.000.000) 06/16 08:55:15 Finished transferring output files
...
005 (147031.000.000) 06/16 08:55:16 Job terminated.
	(1) Normal termination (return value 0)
		Usr 0 00:00:09, Sys 0 00:00:03  -  Run Remote Usage
		Usr 0 00:00:00, Sys 0 00:00:00  -  Run Local Usage
		Usr 0 00:00:09, Sys 0 00:00:03  -  Total Remote Usage
		Usr 0 00:00:00, Sys 0 00:00:00  -  Total Local Usage
	21076  -  Run Bytes Sent By Job
	19195  -  Run Bytes Received By Job
	21076  -  Total Bytes Sent By Job
	19195  -  Total Bytes Received By Job
	Partitionable Resources :     Usage  Request Allocated 
	   Cpus                 :      0.01        1         1 
	   Disk (KB)            : 466085          20   1401743 
	   Memory (MB)          :     67        2000      2000 

	Job terminated of its own accord at 2021-06-16T06:55:14Z.
...
