000 (147354.000.000) 06/16 08:26:43 Job submitted from host: <188.185.121.235:9618?addrs=188.185.121.235-9618+[2001-1458-d00-49--100-36e]-9618&alias=bigbird22.cern.ch&noUDP&sock=schedd_38044_991d>
...
040 (147354.000.000) 06/16 08:51:59 Started transferring input files
	Transferring to host: <188.184.182.36:9618?addrs=188.184.182.36-9618+[2001-1458-301-2b--100-536]-9618&alias=b7g41n3397.cern.ch&noUDP&sock=slot1_6_9060_56e9_94792>
...
001 (147354.000.000) 06/16 08:52:03 Job executing on host: <188.184.182.36:9618?addrs=188.184.182.36-9618+[2001-1458-301-2b--100-536]-9618&alias=b7g41n3397.cern.ch&noUDP&sock=startd_2181_9025>
...
040 (147354.000.000) 06/16 08:52:03 Finished transferring input files
...
006 (147354.000.000) 06/16 08:52:12 Image size of job updated: 42648
	42  -  MemoryUsage of job (MB)
	42648  -  ResidentSetSize of job (KB)
...
006 (147354.000.000) 06/16 08:52:47 Image size of job updated: 791444
	42  -  MemoryUsage of job (MB)
	42696  -  ResidentSetSize of job (KB)
...
040 (147354.000.000) 06/16 08:52:47 Started transferring output files
...
040 (147354.000.000) 06/16 08:52:47 Finished transferring output files
...
005 (147354.000.000) 06/16 08:52:47 Job terminated.
	(1) Normal termination (return value 0)
		Usr 0 00:00:10, Sys 0 00:00:02  -  Run Remote Usage
		Usr 0 00:00:00, Sys 0 00:00:00  -  Run Local Usage
		Usr 0 00:00:10, Sys 0 00:00:02  -  Total Remote Usage
		Usr 0 00:00:00, Sys 0 00:00:00  -  Total Local Usage
	19547  -  Run Bytes Sent By Job
	19195  -  Run Bytes Received By Job
	19547  -  Total Bytes Sent By Job
	19195  -  Total Bytes Received By Job
	Partitionable Resources :    Usage  Request Allocated 
	   Cpus                 :                 1         1 
	   Disk (KB)            :   466720       20    256924 
	   Memory (MB)          :       42     2000      2000 

	Job terminated of its own accord at 2021-06-16T06:52:47Z.
...
