000 (146846.000.000) 06/16 08:16:02 Job submitted from host: <188.185.121.235:9618?addrs=188.185.121.235-9618+[2001-1458-d00-49--100-36e]-9618&alias=bigbird22.cern.ch&noUDP&sock=schedd_38044_991d>
...
040 (146846.000.000) 06/16 08:41:59 Started transferring input files
	Transferring to host: <188.184.182.125:9618?addrs=188.184.182.125-9618+[2001-1458-301-2b--100-565]-9618&alias=b7g41n6075.cern.ch&noUDP&sock=slot1_2_3173_6a5a_48168>
...
001 (146846.000.000) 06/16 08:41:59 Job executing on host: <188.184.182.125:9618?addrs=188.184.182.125-9618+[2001-1458-301-2b--100-565]-9618&alias=b7g41n6075.cern.ch&noUDP&sock=startd_2820_dd29>
...
040 (146846.000.000) 06/16 08:41:59 Finished transferring input files
...
006 (146846.000.000) 06/16 08:42:07 Image size of job updated: 16420
	17  -  MemoryUsage of job (MB)
	16420  -  ResidentSetSize of job (KB)
...
006 (146846.000.000) 06/16 08:43:05 Image size of job updated: 791428
	17  -  MemoryUsage of job (MB)
	16420  -  ResidentSetSize of job (KB)
...
040 (146846.000.000) 06/16 08:43:07 Started transferring output files
...
040 (146846.000.000) 06/16 08:43:07 Finished transferring output files
...
005 (146846.000.000) 06/16 08:43:08 Job terminated.
	(1) Normal termination (return value 0)
		Usr 0 00:00:10, Sys 0 00:00:02  -  Run Remote Usage
		Usr 0 00:00:00, Sys 0 00:00:00  -  Run Local Usage
		Usr 0 00:00:10, Sys 0 00:00:02  -  Total Remote Usage
		Usr 0 00:00:00, Sys 0 00:00:00  -  Total Local Usage
	19419  -  Run Bytes Sent By Job
	19195  -  Run Bytes Received By Job
	19419  -  Total Bytes Sent By Job
	19195  -  Total Bytes Received By Job
	Partitionable Resources :     Usage  Request Allocated 
	   Cpus                 :      0.85        1         1 
	   Disk (KB)            : 466009          20    274910 
	   Memory (MB)          :     17        2000      2000 

	Job terminated of its own accord at 2021-06-16T06:43:05Z.
...
