000 (148712.000.000) 06/16 08:55:35 Job submitted from host: <188.185.121.235:9618?addrs=188.185.121.235-9618+[2001-1458-d00-49--100-36e]-9618&alias=bigbird22.cern.ch&noUDP&sock=schedd_38044_991d>
...
040 (148712.000.000) 06/16 09:54:37 Started transferring input files
	Transferring to host: <188.184.196.50:9618?addrs=188.184.196.50-9618+[2001-1458-301-102--100-1b]-9618&alias=b7g24n0072.cern.ch&noUDP&sock=slot1_2_4323_b1c9_51007>
...
040 (148712.000.000) 06/16 09:54:37 Finished transferring input files
...
001 (148712.000.000) 06/16 09:54:37 Job executing on host: <188.184.196.50:9618?addrs=188.184.196.50-9618+[2001-1458-301-102--100-1b]-9618&alias=b7g24n0072.cern.ch&noUDP&sock=startd_3621_4885>
...
006 (148712.000.000) 06/16 09:54:46 Image size of job updated: 6460
	7  -  MemoryUsage of job (MB)
	6252  -  ResidentSetSize of job (KB)
...
006 (148712.000.000) 06/16 09:59:47 Image size of job updated: 791456
	67  -  MemoryUsage of job (MB)
	67768  -  ResidentSetSize of job (KB)
...
040 (148712.000.000) 06/16 10:38:37 Started transferring output files
...
040 (148712.000.000) 06/16 10:38:37 Finished transferring output files
...
005 (148712.000.000) 06/16 10:38:37 Job terminated.
	(1) Normal termination (return value 0)
		Usr 0 00:00:56, Sys 0 00:00:13  -  Run Remote Usage
		Usr 0 00:00:00, Sys 0 00:00:00  -  Run Local Usage
		Usr 0 00:00:56, Sys 0 00:00:13  -  Total Remote Usage
		Usr 0 00:00:00, Sys 0 00:00:00  -  Total Local Usage
	45664  -  Run Bytes Sent By Job
	19195  -  Run Bytes Received By Job
	45664  -  Total Bytes Sent By Job
	19195  -  Total Bytes Received By Job
	Partitionable Resources :      Usage  Request Allocated 
	   Cpus                 :       0.01        1         1 
	   Disk (KB)            : 2369176          20    178223 
	   Memory (MB)          :      67        2000      2000 

	Job terminated of its own accord at 2021-06-16T08:38:37Z.
...
