000 (147318.000.000) 06/16 08:25:27 Job submitted from host: <188.185.121.235:9618?addrs=188.185.121.235-9618+[2001-1458-d00-49--100-36e]-9618&alias=bigbird22.cern.ch&noUDP&sock=schedd_38044_991d>
...
040 (147318.000.000) 06/16 08:48:09 Started transferring input files
	Transferring to host: <188.184.169.8:9618?addrs=188.184.169.8-9618+[2001-1458-301-c0--100-97]-9618&alias=b7g52n7291.cern.ch&noUDP&sock=slot1_14_5850_9aa7_50320>
...
040 (147318.000.000) 06/16 08:48:09 Finished transferring input files
...
001 (147318.000.000) 06/16 08:48:09 Job executing on host: <188.184.169.8:9618?addrs=188.184.169.8-9618+[2001-1458-301-c0--100-97]-9618&alias=b7g52n7291.cern.ch&noUDP&sock=startd_4685_194a>
...
006 (147318.000.000) 06/16 08:48:17 Image size of job updated: 625444
	10  -  MemoryUsage of job (MB)
	9420  -  ResidentSetSize of job (KB)
...
006 (147318.000.000) 06/16 08:53:17 Image size of job updated: 791456
	67  -  MemoryUsage of job (MB)
	67772  -  ResidentSetSize of job (KB)
...
040 (147318.000.000) 06/16 08:58:36 Started transferring output files
...
040 (147318.000.000) 06/16 08:58:36 Finished transferring output files
...
005 (147318.000.000) 06/16 08:58:37 Job terminated.
	(1) Normal termination (return value 0)
		Usr 0 00:00:07, Sys 0 00:00:02  -  Run Remote Usage
		Usr 0 00:00:00, Sys 0 00:00:00  -  Run Local Usage
		Usr 0 00:00:07, Sys 0 00:00:02  -  Total Remote Usage
		Usr 0 00:00:00, Sys 0 00:00:00  -  Total Local Usage
	21906  -  Run Bytes Sent By Job
	19195  -  Run Bytes Received By Job
	21906  -  Total Bytes Sent By Job
	19195  -  Total Bytes Received By Job
	Partitionable Resources :     Usage  Request Allocated 
	   Cpus                 :      0.01        1         1 
	   Disk (KB)            : 466471          20    282968 
	   Memory (MB)          :     67        2000      2000 

	Job terminated of its own accord at 2021-06-16T06:58:35Z.
...
