000 (117162.000.000) 06/04 09:12:35 Job submitted from host: <188.185.121.235:9618?addrs=188.185.121.235-9618+[2001-1458-d00-49--100-36e]-9618&alias=bigbird22.cern.ch&noUDP&sock=schedd_38044_991d>
...
040 (117162.000.000) 06/04 10:13:24 Started transferring input files
	Transferring to host: <128.142.161.78:9618?addrs=128.142.161.78-9618+[2001-1458-301-b8--100-c]-9618&alias=b7g03p0752.cern.ch&noUDP&sock=slot1_23_32880_af32_107450>
...
040 (117162.000.000) 06/04 10:13:24 Finished transferring input files
...
001 (117162.000.000) 06/04 10:13:24 Job executing on host: <128.142.161.78:9618?addrs=128.142.161.78-9618+[2001-1458-301-b8--100-c]-9618&alias=b7g03p0752.cern.ch&noUDP&sock=startd_130928_4bdd>
...
006 (117162.000.000) 06/04 10:13:33 Image size of job updated: 624804
	4  -  MemoryUsage of job (MB)
	3672  -  ResidentSetSize of job (KB)
...
006 (117162.000.000) 06/04 10:18:33 Image size of job updated: 790824
	36  -  MemoryUsage of job (MB)
	36396  -  ResidentSetSize of job (KB)
...
006 (117162.000.000) 06/04 10:23:33 Image size of job updated: 790824
	50  -  MemoryUsage of job (MB)
	50460  -  ResidentSetSize of job (KB)
...
006 (117162.000.000) 06/04 10:28:34 Image size of job updated: 790824
	66  -  MemoryUsage of job (MB)
	67508  -  ResidentSetSize of job (KB)
...
040 (117162.000.000) 06/04 14:02:39 Started transferring output files
...
040 (117162.000.000) 06/04 14:02:39 Finished transferring output files
...
005 (117162.000.000) 06/04 14:02:40 Job terminated.
	(1) Normal termination (return value 0)
		Usr 0 00:01:29, Sys 0 00:00:23  -  Run Remote Usage
		Usr 0 00:00:00, Sys 0 00:00:00  -  Run Local Usage
		Usr 0 00:01:29, Sys 0 00:00:23  -  Total Remote Usage
		Usr 0 00:00:00, Sys 0 00:00:00  -  Total Local Usage
	50538  -  Run Bytes Sent By Job
	19195  -  Run Bytes Received By Job
	50538  -  Total Bytes Sent By Job
	19195  -  Total Bytes Received By Job
	Partitionable Resources :      Usage  Request Allocated 
	   Cpus                 :       0.00        1         1 
	   Disk (KB)            : 2763003          20   1407731 
	   Memory (MB)          :      66        2000      2000 

	Job terminated of its own accord at 2021-06-04T12:02:39Z.
...
000 (124414.000.000) 06/08 10:58:13 Job submitted from host: <188.185.121.235:9618?addrs=188.185.121.235-9618+[2001-1458-d00-49--100-36e]-9618&alias=bigbird22.cern.ch&noUDP&sock=schedd_38044_991d>
...
040 (124414.000.000) 06/08 12:37:22 Started transferring input files
	Transferring to host: <188.184.190.195:9618?addrs=188.184.190.195-9618+[2001-1458-301-4b--100-ae]-9618&alias=b7g42n0376.cern.ch&noUDP&sock=slot1_7_4115_23c0_91433>
...
001 (124414.000.000) 06/08 12:37:22 Job executing on host: <188.184.190.195:9618?addrs=188.184.190.195-9618+[2001-1458-301-4b--100-ae]-9618&alias=b7g42n0376.cern.ch&noUDP&sock=startd_1942_a102>
...
040 (124414.000.000) 06/08 12:37:22 Finished transferring input files
...
006 (124414.000.000) 06/08 12:37:31 Image size of job updated: 625444
	8  -  MemoryUsage of job (MB)
	7592  -  ResidentSetSize of job (KB)
...
006 (124414.000.000) 06/08 12:42:32 Image size of job updated: 791456
	35  -  MemoryUsage of job (MB)
	35100  -  ResidentSetSize of job (KB)
...
006 (124414.000.000) 06/08 12:47:33 Image size of job updated: 791456
	67  -  MemoryUsage of job (MB)
	67776  -  ResidentSetSize of job (KB)
...
040 (124414.000.000) 06/08 16:07:48 Started transferring output files
...
040 (124414.000.000) 06/08 16:07:48 Finished transferring output files
...
005 (124414.000.000) 06/08 16:07:48 Job terminated.
	(1) Normal termination (return value 0)
		Usr 0 00:01:31, Sys 0 00:00:19  -  Run Remote Usage
		Usr 0 00:00:00, Sys 0 00:00:00  -  Run Local Usage
		Usr 0 00:01:31, Sys 0 00:00:19  -  Total Remote Usage
		Usr 0 00:00:00, Sys 0 00:00:00  -  Total Local Usage
	50528  -  Run Bytes Sent By Job
	19195  -  Run Bytes Received By Job
	50528  -  Total Bytes Sent By Job
	19195  -  Total Bytes Received By Job
	Partitionable Resources :      Usage  Request Allocated 
	   Cpus                 :       0.00        1         1 
	   Disk (KB)            : 2763004          20    323023 
	   Memory (MB)          :      67        2000      2000 

	Job terminated of its own accord at 2021-06-08T14:07:48Z.
...
