000 (117078.000.000) 06/04 09:10:53 Job submitted from host: <188.185.121.235:9618?addrs=188.185.121.235-9618+[2001-1458-d00-49--100-36e]-9618&alias=bigbird22.cern.ch&noUDP&sock=schedd_38044_991d>
...
040 (117078.000.000) 06/04 09:59:10 Started transferring input files
	Transferring to host: <188.184.213.59:9618?addrs=188.184.213.59-9618+[2001-1458-301-10c--100-14b]-9618&alias=b7g24n0560.cern.ch&noUDP&sock=slot1_5_18551_9b8b_86578>
...
040 (117078.000.000) 06/04 09:59:10 Finished transferring input files
...
001 (117078.000.000) 06/04 09:59:10 Job executing on host: <188.184.213.59:9618?addrs=188.184.213.59-9618+[2001-1458-301-10c--100-14b]-9618&alias=b7g24n0560.cern.ch&noUDP&sock=startd_1969_2611>
...
006 (117078.000.000) 06/04 09:59:19 Image size of job updated: 61464
	61  -  MemoryUsage of job (MB)
	61464  -  ResidentSetSize of job (KB)
...
006 (117078.000.000) 06/04 10:03:53 Image size of job updated: 790796
	62  -  MemoryUsage of job (MB)
	62652  -  ResidentSetSize of job (KB)
...
040 (117078.000.000) 06/04 10:03:54 Started transferring output files
...
040 (117078.000.000) 06/04 10:03:54 Finished transferring output files
...
005 (117078.000.000) 06/04 10:03:54 Job terminated.
	(1) Normal termination (return value 0)
		Usr 0 00:01:31, Sys 0 00:00:17  -  Run Remote Usage
		Usr 0 00:00:00, Sys 0 00:00:00  -  Run Local Usage
		Usr 0 00:01:31, Sys 0 00:00:17  -  Total Remote Usage
		Usr 0 00:00:00, Sys 0 00:00:00  -  Total Local Usage
	37046  -  Run Bytes Sent By Job
	19195  -  Run Bytes Received By Job
	37046  -  Total Bytes Sent By Job
	19195  -  Total Bytes Received By Job
	Partitionable Resources :      Usage  Request Allocated 
	   Cpus                 :       0.15        1         1 
	   Disk (KB)            : 2760013          20    204862 
	   Memory (MB)          :      62        2000      2000 

	Job terminated of its own accord at 2021-06-04T08:03:53Z.
...
000 (124266.000.000) 06/08 10:55:53 Job submitted from host: <188.185.121.235:9618?addrs=188.185.121.235-9618+[2001-1458-d00-49--100-36e]-9618&alias=bigbird22.cern.ch&noUDP&sock=schedd_38044_991d>
...
040 (124266.000.000) 06/08 12:27:20 Started transferring input files
	Transferring to host: <128.142.77.180:9618?addrs=128.142.77.180-9618+[2001-1458-301-f4--100-46b]-9618&alias=b7s12n6136.cern.ch&noUDP&sock=slot1_9_2542_d1a0_812>
...
001 (124266.000.000) 06/08 12:27:20 Job executing on host: <128.142.77.180:9618?addrs=128.142.77.180-9618+[2001-1458-301-f4--100-46b]-9618&alias=b7s12n6136.cern.ch&noUDP&sock=startd_2319_3837>
...
040 (124266.000.000) 06/08 12:27:20 Finished transferring input files
...
006 (124266.000.000) 06/08 12:27:28 Image size of job updated: 625444
	26  -  MemoryUsage of job (MB)
	25904  -  ResidentSetSize of job (KB)
...
006 (124266.000.000) 06/08 12:32:28 Image size of job updated: 791448
	67  -  MemoryUsage of job (MB)
	67776  -  ResidentSetSize of job (KB)
...
040 (124266.000.000) 06/08 12:41:36 Started transferring output files
...
040 (124266.000.000) 06/08 12:41:36 Finished transferring output files
...
005 (124266.000.000) 06/08 12:41:37 Job terminated.
	(1) Normal termination (return value 0)
		Usr 0 00:01:02, Sys 0 00:00:16  -  Run Remote Usage
		Usr 0 00:00:00, Sys 0 00:00:00  -  Run Local Usage
		Usr 0 00:01:02, Sys 0 00:00:16  -  Total Remote Usage
		Usr 0 00:00:00, Sys 0 00:00:00  -  Total Local Usage
	44854  -  Run Bytes Sent By Job
	19195  -  Run Bytes Received By Job
	44854  -  Total Bytes Sent By Job
	19195  -  Total Bytes Received By Job
	Partitionable Resources :      Usage  Request Allocated 
	   Cpus                 :       0.02        1         1 
	   Disk (KB)            : 2760020          20    287089 
	   Memory (MB)          :      67        2000      2000 

	Job terminated of its own accord at 2021-06-08T10:41:36Z.
...
