000 (116569.000.000) 06/04 09:04:39 Job submitted from host: <188.185.121.235:9618?addrs=188.185.121.235-9618+[2001-1458-d00-49--100-36e]-9618&alias=bigbird22.cern.ch&noUDP&sock=schedd_38044_991d>
...
040 (116569.000.000) 06/04 09:21:27 Started transferring input files
	Transferring to host: <128.142.149.19:9618?addrs=128.142.149.19-9618+[2001-1458-301-b--100-fd]-9618&alias=b7g41n2579.cern.ch&noUDP&sock=slot1_7_23777_cc20_83160>
...
040 (116569.000.000) 06/04 09:21:27 Finished transferring input files
...
001 (116569.000.000) 06/04 09:21:27 Job executing on host: <128.142.149.19:9618?addrs=128.142.149.19-9618+[2001-1458-301-b--100-fd]-9618&alias=b7g41n2579.cern.ch&noUDP&sock=startd_6466_b776>
...
006 (116569.000.000) 06/04 09:21:36 Image size of job updated: 4020
	4  -  MemoryUsage of job (MB)
	4020  -  ResidentSetSize of job (KB)
...
006 (116569.000.000) 06/04 09:26:36 Image size of job updated: 790820
	39  -  MemoryUsage of job (MB)
	39628  -  ResidentSetSize of job (KB)
...
006 (116569.000.000) 06/04 09:31:36 Image size of job updated: 790820
	66  -  MemoryUsage of job (MB)
	67492  -  ResidentSetSize of job (KB)
...
006 (116569.000.000) 06/04 14:02:06 Image size of job updated: 790820
	105  -  MemoryUsage of job (MB)
	106728  -  ResidentSetSize of job (KB)
...
040 (116569.000.000) 06/04 14:03:38 Started transferring output files
...
040 (116569.000.000) 06/04 14:03:38 Finished transferring output files
...
005 (116569.000.000) 06/04 14:03:38 Job terminated.
	(1) Normal termination (return value 0)
		Usr 0 00:02:30, Sys 0 00:00:26  -  Run Remote Usage
		Usr 0 00:00:00, Sys 0 00:00:00  -  Run Local Usage
		Usr 0 00:02:30, Sys 0 00:00:26  -  Total Remote Usage
		Usr 0 00:00:00, Sys 0 00:00:00  -  Total Local Usage
	61326  -  Run Bytes Sent By Job
	19195  -  Run Bytes Received By Job
	61326  -  Total Bytes Sent By Job
	19195  -  Total Bytes Received By Job
	Partitionable Resources :      Usage  Request Allocated 
	   Cpus                 :       0.00        1         1 
	   Disk (KB)            : 3704204          20    268169 
	   Memory (MB)          :     105        2000      2000 

	Job terminated of its own accord at 2021-06-04T12:03:38Z.
...
000 (123707.000.000) 06/08 10:48:00 Job submitted from host: <188.185.121.235:9618?addrs=188.185.121.235-9618+[2001-1458-d00-49--100-36e]-9618&alias=bigbird22.cern.ch&noUDP&sock=schedd_38044_991d>
...
