000 (147420.000.000) 06/16 08:28:00 Job submitted from host: <188.185.121.235:9618?addrs=188.185.121.235-9618+[2001-1458-d00-49--100-36e]-9618&alias=bigbird22.cern.ch&noUDP&sock=schedd_38044_991d>
...
040 (147420.000.000) 06/16 08:53:12 Started transferring input files
	Transferring to host: <128.142.82.5:9618?addrs=128.142.82.5-9618+[2001-1458-301-f5--100-6ce]-9618&alias=b7s13n0982.cern.ch&noUDP&sock=slot1_9_4835_71de_91542>
...
040 (147420.000.000) 06/16 08:53:12 Finished transferring input files
...
001 (147420.000.000) 06/16 08:53:12 Job executing on host: <128.142.82.5:9618?addrs=128.142.82.5-9618+[2001-1458-301-f5--100-6ce]-9618&alias=b7s13n0982.cern.ch&noUDP&sock=startd_16646_5994>
...
006 (147420.000.000) 06/16 08:53:20 Image size of job updated: 71812
	42  -  MemoryUsage of job (MB)
	42572  -  ResidentSetSize of job (KB)
...
006 (147420.000.000) 06/16 08:58:20 Image size of job updated: 791456
	67  -  MemoryUsage of job (MB)
	67776  -  ResidentSetSize of job (KB)
...
006 (147420.000.000) 06/16 09:48:26 Image size of job updated: 791456
	114  -  MemoryUsage of job (MB)
	115980  -  ResidentSetSize of job (KB)
...
040 (147420.000.000) 06/16 09:49:30 Started transferring output files
...
040 (147420.000.000) 06/16 09:49:30 Finished transferring output files
...
005 (147420.000.000) 06/16 09:49:30 Job terminated.
	(1) Normal termination (return value 0)
		Usr 0 00:01:21, Sys 0 00:00:18  -  Run Remote Usage
		Usr 0 00:00:00, Sys 0 00:00:00  -  Run Local Usage
		Usr 0 00:01:21, Sys 0 00:00:18  -  Total Remote Usage
		Usr 0 00:00:00, Sys 0 00:00:00  -  Total Local Usage
	54384  -  Run Bytes Sent By Job
	19195  -  Run Bytes Received By Job
	54384  -  Total Bytes Sent By Job
	19195  -  Total Bytes Received By Job
	Partitionable Resources :      Usage  Request Allocated 
	   Cpus                 :       0.01        1         1 
	   Disk (KB)            : 3074331          20    284819 
	   Memory (MB)          :     114        2000      2000 

	Job terminated of its own accord at 2021-06-16T07:49:30Z.
...
