000 (147621.000.000) 06/16 08:31:48 Job submitted from host: <188.185.121.235:9618?addrs=188.185.121.235-9618+[2001-1458-d00-49--100-36e]-9618&alias=bigbird22.cern.ch&noUDP&sock=schedd_38044_991d>
...
040 (147621.000.000) 06/16 08:56:06 Started transferring input files
	Transferring to host: <128.142.77.170:9618?addrs=128.142.77.170-9618+[2001-1458-301-f4--100-51c]-9618&alias=b7s12n9362.cern.ch&noUDP&sock=slot1_15_22662_2dd3_90374>
...
040 (147621.000.000) 06/16 08:56:06 Finished transferring input files
...
001 (147621.000.000) 06/16 08:56:06 Job executing on host: <128.142.77.170:9618?addrs=128.142.77.170-9618+[2001-1458-301-f4--100-51c]-9618&alias=b7s12n9362.cern.ch&noUDP&sock=startd_16598_6d08>
...
006 (147621.000.000) 06/16 08:56:15 Image size of job updated: 26992
	27  -  MemoryUsage of job (MB)
	26992  -  ResidentSetSize of job (KB)
...
006 (147621.000.000) 06/16 09:01:15 Image size of job updated: 791452
	67  -  MemoryUsage of job (MB)
	67780  -  ResidentSetSize of job (KB)
...
040 (147621.000.000) 06/16 10:24:03 Started transferring output files
...
040 (147621.000.000) 06/16 10:24:03 Finished transferring output files
...
005 (147621.000.000) 06/16 10:24:03 Job terminated.
	(1) Normal termination (return value 0)
		Usr 0 00:01:17, Sys 0 00:00:19  -  Run Remote Usage
		Usr 0 00:00:00, Sys 0 00:00:00  -  Run Local Usage
		Usr 0 00:01:17, Sys 0 00:00:19  -  Total Remote Usage
		Usr 0 00:00:00, Sys 0 00:00:00  -  Total Local Usage
	53837  -  Run Bytes Sent By Job
	19195  -  Run Bytes Received By Job
	53837  -  Total Bytes Sent By Job
	19195  -  Total Bytes Received By Job
	Partitionable Resources :      Usage  Request Allocated 
	   Cpus                 :       0.84        1         1 
	   Disk (KB)            : 3072749          20    272090 
	   Memory (MB)          :      67        2000      2000 

	Job terminated of its own accord at 2021-06-16T08:24:03Z.
...
