000 (147337.000.000) 06/16 08:25:55 Job submitted from host: <188.185.121.235:9618?addrs=188.185.121.235-9618+[2001-1458-d00-49--100-36e]-9618&alias=bigbird22.cern.ch&noUDP&sock=schedd_38044_991d>
...
040 (147337.000.000) 06/16 08:51:32 Entered queue to transfer input files
	Transferring to host: <128.142.149.92:9618?addrs=128.142.149.92-9618+[2001-1458-301-b--100-1e8]-9618&alias=b7g41n8437.cern.ch&noUDP&sock=slot1_1_9115_178c_88769>
...
040 (147337.000.000) 06/16 08:51:44 Started transferring input files
	Seconds spent in queue: 12
...
001 (147337.000.000) 06/16 08:51:44 Job executing on host: <128.142.149.92:9618?addrs=128.142.149.92-9618+[2001-1458-301-b--100-1e8]-9618&alias=b7g41n8437.cern.ch&noUDP&sock=startd_6564_efbe>
...
040 (147337.000.000) 06/16 08:51:47 Finished transferring input files
...
006 (147337.000.000) 06/16 08:51:53 Image size of job updated: 43188
	43  -  MemoryUsage of job (MB)
	43188  -  ResidentSetSize of job (KB)
...
006 (147337.000.000) 06/16 08:52:17 Image size of job updated: 791436
	43  -  MemoryUsage of job (MB)
	43188  -  ResidentSetSize of job (KB)
...
040 (147337.000.000) 06/16 08:52:17 Started transferring output files
	Seconds spent in queue: 45
...
040 (147337.000.000) 06/16 08:52:17 Finished transferring output files
...
005 (147337.000.000) 06/16 08:52:19 Job terminated.
	(1) Normal termination (return value 0)
		Usr 0 00:00:11, Sys 0 00:00:02  -  Run Remote Usage
		Usr 0 00:00:00, Sys 0 00:00:00  -  Run Local Usage
		Usr 0 00:00:11, Sys 0 00:00:02  -  Total Remote Usage
		Usr 0 00:00:00, Sys 0 00:00:00  -  Total Local Usage
	16856  -  Run Bytes Sent By Job
	19195  -  Run Bytes Received By Job
	16856  -  Total Bytes Sent By Job
	19195  -  Total Bytes Received By Job
	Partitionable Resources :    Usage  Request Allocated 
	   Cpus                 :                 1         1 
	   Disk (KB)            :   465704       20    335718 
	   Memory (MB)          :       43     2000      2000 

	Job terminated of its own accord at 2021-06-16T06:52:17Z.
...
