000 (147306.000.000) 06/16 08:25:11 Job submitted from host: <188.185.121.235:9618?addrs=188.185.121.235-9618+[2001-1458-d00-49--100-36e]-9618&alias=bigbird22.cern.ch&noUDP&sock=schedd_38044_991d>
...
040 (147306.000.000) 06/16 08:48:02 Started transferring input files
	Transferring to host: <128.142.72.220:9618?addrs=128.142.72.220-9618+[2001-1458-301-75--100-2ec]-9618&alias=b7s11n1552.cern.ch&noUDP&sock=slot1_15_4950_7902_42597>
...
040 (147306.000.000) 06/16 08:48:02 Finished transferring input files
...
001 (147306.000.000) 06/16 08:48:02 Job executing on host: <128.142.72.220:9618?addrs=128.142.72.220-9618+[2001-1458-301-75--100-2ec]-9618&alias=b7s11n1552.cern.ch&noUDP&sock=startd_3891_7b18>
...
006 (147306.000.000) 06/16 08:48:10 Image size of job updated: 766796
	18  -  MemoryUsage of job (MB)
	17452  -  ResidentSetSize of job (KB)
...
006 (147306.000.000) 06/16 08:53:10 Image size of job updated: 791456
	67  -  MemoryUsage of job (MB)
	67768  -  ResidentSetSize of job (KB)
...
040 (147306.000.000) 06/16 08:56:58 Started transferring output files
...
040 (147306.000.000) 06/16 08:56:58 Finished transferring output files
...
005 (147306.000.000) 06/16 08:56:59 Job terminated.
	(1) Normal termination (return value 0)
		Usr 0 00:00:07, Sys 0 00:00:02  -  Run Remote Usage
		Usr 0 00:00:00, Sys 0 00:00:00  -  Run Local Usage
		Usr 0 00:00:07, Sys 0 00:00:02  -  Total Remote Usage
		Usr 0 00:00:00, Sys 0 00:00:00  -  Total Local Usage
	21877  -  Run Bytes Sent By Job
	19195  -  Run Bytes Received By Job
	21877  -  Total Bytes Sent By Job
	19195  -  Total Bytes Received By Job
	Partitionable Resources :     Usage  Request Allocated 
	   Cpus                 :      0.01        1         1 
	   Disk (KB)            : 465730          20    276545 
	   Memory (MB)          :     67        2000      2000 

	Job terminated of its own accord at 2021-06-16T06:56:57Z.
...
