000 (146764.000.000) 06/16 08:14:18 Job submitted from host: <188.185.121.235:9618?addrs=188.185.121.235-9618+[2001-1458-d00-49--100-36e]-9618&alias=bigbird22.cern.ch&noUDP&sock=schedd_38044_991d>
...
040 (146764.000.000) 06/16 08:35:17 Started transferring input files
	Transferring to host: <188.184.198.29:9618?addrs=188.184.198.29-9618+[2001-1458-301-c1--100-21f]-9618&alias=b7g52n6119.cern.ch&noUDP&sock=slot1_12_28000_486c_91564>
...
040 (146764.000.000) 06/16 08:35:17 Finished transferring input files
...
001 (146764.000.000) 06/16 08:35:17 Job executing on host: <188.184.198.29:9618?addrs=188.184.198.29-9618+[2001-1458-301-c1--100-21f]-9618&alias=b7g52n6119.cern.ch&noUDP&sock=startd_18274_05c3>
...
006 (146764.000.000) 06/16 08:35:26 Image size of job updated: 54164
	53  -  MemoryUsage of job (MB)
	54164  -  ResidentSetSize of job (KB)
...
006 (146764.000.000) 06/16 08:35:47 Image size of job updated: 791428
	53  -  MemoryUsage of job (MB)
	54176  -  ResidentSetSize of job (KB)
...
040 (146764.000.000) 06/16 08:35:48 Started transferring output files
...
040 (146764.000.000) 06/16 08:35:49 Finished transferring output files
...
005 (146764.000.000) 06/16 08:35:51 Job terminated.
	(1) Normal termination (return value 0)
		Usr 0 00:00:07, Sys 0 00:00:03  -  Run Remote Usage
		Usr 0 00:00:00, Sys 0 00:00:00  -  Run Local Usage
		Usr 0 00:00:07, Sys 0 00:00:03  -  Total Remote Usage
		Usr 0 00:00:00, Sys 0 00:00:00  -  Total Local Usage
	17588  -  Run Bytes Sent By Job
	19195  -  Run Bytes Received By Job
	17588  -  Total Bytes Sent By Job
	19195  -  Total Bytes Received By Job
	Partitionable Resources :    Usage  Request Allocated 
	   Cpus                 :                 1         1 
	   Disk (KB)            :   466087       20    280431 
	   Memory (MB)          :       53     2000      2000 

	Job terminated of its own accord at 2021-06-16T06:35:47Z.
...
