000 (116362.000.000) 06/04 09:02:06 Job submitted from host: <188.185.121.235:9618?addrs=188.185.121.235-9618+[2001-1458-d00-49--100-36e]-9618&alias=bigbird22.cern.ch&noUDP&sock=schedd_38044_991d>
...
040 (116362.000.000) 06/04 09:12:24 Started transferring input files
	Transferring to host: <128.142.77.1:9618?addrs=128.142.77.1-9618+[2001-1458-301-f4--100-625]-9618&alias=b7s12n0722.cern.ch&noUDP&sock=slot1_9_4654_e9f6_102086>
...
040 (116362.000.000) 06/04 09:12:24 Finished transferring input files
...
001 (116362.000.000) 06/04 09:12:24 Job executing on host: <128.142.77.1:9618?addrs=128.142.77.1-9618+[2001-1458-301-f4--100-625]-9618&alias=b7s12n0722.cern.ch&noUDP&sock=startd_16778_e414>
...
006 (116362.000.000) 06/04 09:12:33 Image size of job updated: 329876
	8  -  MemoryUsage of job (MB)
	7984  -  ResidentSetSize of job (KB)
...
006 (116362.000.000) 06/04 09:17:33 Image size of job updated: 790824
	48  -  MemoryUsage of job (MB)
	48376  -  ResidentSetSize of job (KB)
...
006 (116362.000.000) 06/04 09:22:33 Image size of job updated: 790824
	66  -  MemoryUsage of job (MB)
	67504  -  ResidentSetSize of job (KB)
...
006 (116362.000.000) 06/04 14:03:05 Image size of job updated: 790824
	114  -  MemoryUsage of job (MB)
	116412  -  ResidentSetSize of job (KB)
...
040 (116362.000.000) 06/04 14:03:12 Started transferring output files
...
040 (116362.000.000) 06/04 14:03:12 Finished transferring output files
...
005 (116362.000.000) 06/04 14:03:12 Job terminated.
	(1) Normal termination (return value 0)
		Usr 0 00:02:17, Sys 0 00:00:23  -  Run Remote Usage
		Usr 0 00:00:00, Sys 0 00:00:00  -  Run Local Usage
		Usr 0 00:02:17, Sys 0 00:00:23  -  Total Remote Usage
		Usr 0 00:00:00, Sys 0 00:00:00  -  Total Local Usage
	60982  -  Run Bytes Sent By Job
	19195  -  Run Bytes Received By Job
	60982  -  Total Bytes Sent By Job
	19195  -  Total Bytes Received By Job
	Partitionable Resources :      Usage  Request Allocated 
	   Cpus                 :       0.77        1         1 
	   Disk (KB)            : 3711758          20    256675 
	   Memory (MB)          :     114        2000      2000 

	Job terminated of its own accord at 2021-06-04T12:03:12Z.
...
000 (123510.000.000) 06/08 10:44:47 Job submitted from host: <188.185.121.235:9618?addrs=188.185.121.235-9618+[2001-1458-d00-49--100-36e]-9618&alias=bigbird22.cern.ch&noUDP&sock=schedd_38044_991d>
...
040 (123510.000.000) 06/08 11:18:25 Entered queue to transfer input files
	Transferring to host: <188.184.211.192:9618?addrs=188.184.211.192-9618+[2001-1458-301-10b--100-556]-9618&alias=b7g23n1327.cern.ch&noUDP&sock=slot1_4_5146_928a_45869>
...
040 (123510.000.000) 06/08 11:53:57 Started transferring input files
	Seconds spent in queue: 2132
...
040 (123510.000.000) 06/08 11:53:57 Finished transferring input files
...
001 (123510.000.000) 06/08 11:53:57 Job executing on host: <188.184.211.192:9618?addrs=188.184.211.192-9618+[2001-1458-301-10b--100-556]-9618&alias=b7g23n1327.cern.ch&noUDP&sock=startd_4194_504a>
...
006 (123510.000.000) 06/08 11:54:05 Image size of job updated: 387336
	3  -  MemoryUsage of job (MB)
	2088  -  ResidentSetSize of job (KB)
...
006 (123510.000.000) 06/08 11:59:05 Image size of job updated: 791456
	39  -  MemoryUsage of job (MB)
	39220  -  ResidentSetSize of job (KB)
...
006 (123510.000.000) 06/08 12:04:06 Image size of job updated: 791456
	67  -  MemoryUsage of job (MB)
	67764  -  ResidentSetSize of job (KB)
...
006 (123510.000.000) 06/08 16:19:32 Image size of job updated: 791456
	120  -  MemoryUsage of job (MB)
	122868  -  ResidentSetSize of job (KB)
...
040 (123510.000.000) 06/08 16:20:01 Started transferring output files
	Seconds spent in queue: 18096
...
040 (123510.000.000) 06/08 16:20:01 Finished transferring output files
...
005 (123510.000.000) 06/08 16:20:02 Job terminated.
	(1) Normal termination (return value 0)
		Usr 0 00:02:38, Sys 0 00:00:42  -  Run Remote Usage
		Usr 0 00:00:00, Sys 0 00:00:00  -  Run Local Usage
		Usr 0 00:02:38, Sys 0 00:00:42  -  Total Remote Usage
		Usr 0 00:00:00, Sys 0 00:00:00  -  Total Local Usage
	60986  -  Run Bytes Sent By Job
	19195  -  Run Bytes Received By Job
	60986  -  Total Bytes Sent By Job
	19195  -  Total Bytes Received By Job
	Partitionable Resources :      Usage  Request Allocated 
	   Cpus                 :       0.01        1         1 
	   Disk (KB)            : 3711758          20    232329 
	   Memory (MB)          :     120        2000      2000 

	Job terminated of its own accord at 2021-06-08T14:20:01Z.
...
