000 (148379.000.000) 06/16 08:47:38 Job submitted from host: <188.185.121.235:9618?addrs=188.185.121.235-9618+[2001-1458-d00-49--100-36e]-9618&alias=bigbird22.cern.ch&noUDP&sock=schedd_38044_991d>
...
040 (148379.000.000) 06/16 09:14:32 Started transferring input files
	Transferring to host: <128.142.85.26:9618?addrs=128.142.85.26-9618+[2001-1458-301-f6--100-6de]-9618&alias=b7s14n6571.cern.ch&noUDP&sock=slot1_15_5896_03e9_49416>
...
001 (148379.000.000) 06/16 09:14:32 Job executing on host: <128.142.85.26:9618?addrs=128.142.85.26-9618+[2001-1458-301-f6--100-6de]-9618&alias=b7s14n6571.cern.ch&noUDP&sock=startd_4672_2e8f>
...
040 (148379.000.000) 06/16 09:14:32 Finished transferring input files
...
006 (148379.000.000) 06/16 09:14:40 Image size of job updated: 12948
	13  -  MemoryUsage of job (MB)
	12948  -  ResidentSetSize of job (KB)
...
006 (148379.000.000) 06/16 09:19:40 Image size of job updated: 791456
	67  -  MemoryUsage of job (MB)
	67776  -  ResidentSetSize of job (KB)
...
040 (148379.000.000) 06/16 09:38:50 Started transferring output files
...
040 (148379.000.000) 06/16 09:38:50 Finished transferring output files
...
005 (148379.000.000) 06/16 09:38:51 Job terminated.
	(1) Normal termination (return value 0)
		Usr 0 00:00:45, Sys 0 00:00:12  -  Run Remote Usage
		Usr 0 00:00:00, Sys 0 00:00:00  -  Run Local Usage
		Usr 0 00:00:45, Sys 0 00:00:12  -  Total Remote Usage
		Usr 0 00:00:00, Sys 0 00:00:00  -  Total Local Usage
	46114  -  Run Bytes Sent By Job
	19195  -  Run Bytes Received By Job
	46114  -  Total Bytes Sent By Job
	19195  -  Total Bytes Received By Job
	Partitionable Resources :      Usage  Request Allocated 
	   Cpus                 :       0.03        1         1 
	   Disk (KB)            : 2367443          20    277156 
	   Memory (MB)          :      67        2000      2000 

	Job terminated of its own accord at 2021-06-16T07:38:50Z.
...
