000 (147414.000.000) 06/16 08:27:55 Job submitted from host: <188.185.121.235:9618?addrs=188.185.121.235-9618+[2001-1458-d00-49--100-36e]-9618&alias=bigbird22.cern.ch&noUDP&sock=schedd_38044_991d>
...
040 (147414.000.000) 06/16 08:52:57 Started transferring input files
	Transferring to host: <188.184.182.145:9618?addrs=188.184.182.145-9618+[2001-1458-301-2b--100-354]-9618&alias=b7g41n9184.cern.ch&noUDP&sock=slot1_5_4795_42dc_41559>
...
040 (147414.000.000) 06/16 08:52:57 Finished transferring input files
...
001 (147414.000.000) 06/16 08:52:57 Job executing on host: <188.184.182.145:9618?addrs=188.184.182.145-9618+[2001-1458-301-2b--100-354]-9618&alias=b7g41n9184.cern.ch&noUDP&sock=startd_3861_e740>
...
006 (147414.000.000) 06/16 08:53:06 Image size of job updated: 36676
	36  -  MemoryUsage of job (MB)
	36676  -  ResidentSetSize of job (KB)
...
006 (147414.000.000) 06/16 08:58:07 Image size of job updated: 791428
	67  -  MemoryUsage of job (MB)
	67764  -  ResidentSetSize of job (KB)
...
040 (147414.000.000) 06/16 09:40:18 Started transferring output files
...
040 (147414.000.000) 06/16 09:40:18 Finished transferring output files
...
005 (147414.000.000) 06/16 09:40:19 Job terminated.
	(1) Normal termination (return value 0)
		Usr 0 00:01:32, Sys 0 00:00:27  -  Run Remote Usage
		Usr 0 00:00:00, Sys 0 00:00:00  -  Run Local Usage
		Usr 0 00:01:32, Sys 0 00:00:27  -  Total Remote Usage
		Usr 0 00:00:00, Sys 0 00:00:00  -  Total Local Usage
	54256  -  Run Bytes Sent By Job
	19195  -  Run Bytes Received By Job
	54256  -  Total Bytes Sent By Job
	19195  -  Total Bytes Received By Job
	Partitionable Resources :      Usage  Request Allocated 
	   Cpus                 :       0.01        1         1 
	   Disk (KB)            : 3074330          20    247483 
	   Memory (MB)          :      67        2000      2000 

	Job terminated of its own accord at 2021-06-16T07:40:18Z.
...
