000 (115931.000.000) 06/04 08:55:55 Job submitted from host: <188.185.121.235:9618?addrs=188.185.121.235-9618+[2001-1458-d00-49--100-36e]-9618&alias=bigbird22.cern.ch&noUDP&sock=schedd_38044_991d>
...
040 (115931.000.000) 06/04 09:00:17 Started transferring input files
	Transferring to host: <128.142.161.112:9618?addrs=128.142.161.112-9618+[2001-1458-301-b8--100-2e]-9618&alias=b7g03p8889.cern.ch&noUDP&sock=slot1_4_48251_f1c3_112321>
...
040 (115931.000.000) 06/04 09:00:17 Finished transferring input files
...
001 (115931.000.000) 06/04 09:00:17 Job executing on host: <128.142.161.112:9618?addrs=128.142.161.112-9618+[2001-1458-301-b8--100-2e]-9618&alias=b7g03p8889.cern.ch&noUDP&sock=startd_70468_c3e4>
...
006 (115931.000.000) 06/04 09:00:26 Image size of job updated: 624804
	15  -  MemoryUsage of job (MB)
	14856  -  ResidentSetSize of job (KB)
...
006 (115931.000.000) 06/04 09:05:27 Image size of job updated: 790824
	66  -  MemoryUsage of job (MB)
	67500  -  ResidentSetSize of job (KB)
...
040 (115931.000.000) 06/04 13:58:56 Started transferring output files
...
040 (115931.000.000) 06/04 13:58:56 Finished transferring output files
...
005 (115931.000.000) 06/04 13:58:56 Job terminated.
	(1) Normal termination (return value 0)
		Usr 0 00:02:06, Sys 0 00:00:29  -  Run Remote Usage
		Usr 0 00:00:00, Sys 0 00:00:00  -  Run Local Usage
		Usr 0 00:02:06, Sys 0 00:00:29  -  Total Remote Usage
		Usr 0 00:00:00, Sys 0 00:00:00  -  Total Local Usage
	60670  -  Run Bytes Sent By Job
	19195  -  Run Bytes Received By Job
	60670  -  Total Bytes Sent By Job
	19195  -  Total Bytes Received By Job
	Partitionable Resources :      Usage  Request Allocated 
	   Cpus                 :       0.62        1         1 
	   Disk (KB)            : 3712279          20   1455949 
	   Memory (MB)          :      66        2000      2000 

	Job terminated of its own accord at 2021-06-04T11:58:56Z.
...
000 (123069.000.000) 06/08 10:37:43 Job submitted from host: <188.185.121.235:9618?addrs=188.185.121.235-9618+[2001-1458-d00-49--100-36e]-9618&alias=bigbird22.cern.ch&noUDP&sock=schedd_38044_991d>
...
040 (123069.000.000) 06/08 10:58:18 Started transferring input files
	Transferring to host: <128.142.78.175:9618?addrs=128.142.78.175-9618+[2001-1458-301-f4--100-525]-9618&alias=b7s12n8509.cern.ch&noUDP&sock=slot1_15_6993_f375_44527>
...
001 (123069.000.000) 06/08 10:58:18 Job executing on host: <128.142.78.175:9618?addrs=128.142.78.175-9618+[2001-1458-301-f4--100-525]-9618&alias=b7s12n8509.cern.ch&noUDP&sock=startd_4989_9e15>
...
040 (123069.000.000) 06/08 10:58:18 Finished transferring input files
...
006 (123069.000.000) 06/08 10:58:26 Image size of job updated: 29192
	29  -  MemoryUsage of job (MB)
	29192  -  ResidentSetSize of job (KB)
...
006 (123069.000.000) 06/08 11:03:26 Image size of job updated: 791456
	67  -  MemoryUsage of job (MB)
	67772  -  ResidentSetSize of job (KB)
...
040 (123069.000.000) 06/08 11:53:11 Entered queue to transfer output files
...
040 (123069.000.000) 06/08 11:53:44 Started transferring output files
...
040 (123069.000.000) 06/08 11:53:44 Finished transferring output files
...
005 (123069.000.000) 06/08 11:53:44 Job terminated.
	(1) Normal termination (return value 0)
		Usr 0 00:01:31, Sys 0 00:00:19  -  Run Remote Usage
		Usr 0 00:00:00, Sys 0 00:00:00  -  Run Local Usage
		Usr 0 00:01:31, Sys 0 00:00:19  -  Total Remote Usage
		Usr 0 00:00:00, Sys 0 00:00:00  -  Total Local Usage
	60389  -  Run Bytes Sent By Job
	19195  -  Run Bytes Received By Job
	60389  -  Total Bytes Sent By Job
	19195  -  Total Bytes Received By Job
	Partitionable Resources :      Usage  Request Allocated 
	   Cpus                 :       0.01        1         1 
	   Disk (KB)            : 3712279          20    197113 
	   Memory (MB)          :      67        2000      2000 

	Job terminated of its own accord at 2021-06-08T09:53:06Z.
...
