000 (148645.000.000) 06/16 08:53:37 Job submitted from host: <188.185.121.235:9618?addrs=188.185.121.235-9618+[2001-1458-d00-49--100-36e]-9618&alias=bigbird22.cern.ch&noUDP&sock=schedd_38044_991d>
...
040 (148645.000.000) 06/16 09:52:14 Started transferring input files
	Transferring to host: <128.142.86.192:9618?addrs=128.142.86.192-9618+[2001-1458-301-f6--100-11d]-9618&alias=b7s14n7519.cern.ch&noUDP&sock=slot1_14_5602_dd9d_48952>
...
040 (148645.000.000) 06/16 09:52:14 Finished transferring input files
...
001 (148645.000.000) 06/16 09:52:14 Job executing on host: <128.142.86.192:9618?addrs=128.142.86.192-9618+[2001-1458-301-f6--100-11d]-9618&alias=b7s14n7519.cern.ch&noUDP&sock=startd_4557_4d2b>
...
006 (148645.000.000) 06/16 09:52:23 Image size of job updated: 625444
	4  -  MemoryUsage of job (MB)
	3936  -  ResidentSetSize of job (KB)
...
006 (148645.000.000) 06/16 09:57:24 Image size of job updated: 791456
	50  -  MemoryUsage of job (MB)
	50736  -  ResidentSetSize of job (KB)
...
006 (148645.000.000) 06/16 10:02:25 Image size of job updated: 791456
	67  -  MemoryUsage of job (MB)
	67772  -  ResidentSetSize of job (KB)
...
040 (148645.000.000) 06/16 11:00:05 Started transferring output files
...
040 (148645.000.000) 06/16 11:00:05 Finished transferring output files
...
005 (148645.000.000) 06/16 11:00:05 Job terminated.
	(1) Normal termination (return value 0)
		Usr 0 00:01:02, Sys 0 00:00:16  -  Run Remote Usage
		Usr 0 00:00:00, Sys 0 00:00:00  -  Run Local Usage
		Usr 0 00:01:02, Sys 0 00:00:16  -  Total Remote Usage
		Usr 0 00:00:00, Sys 0 00:00:00  -  Total Local Usage
	46783  -  Run Bytes Sent By Job
	19195  -  Run Bytes Received By Job
	46783  -  Total Bytes Sent By Job
	19195  -  Total Bytes Received By Job
	Partitionable Resources :      Usage  Request Allocated 
	   Cpus                 :       0.57        1         1 
	   Disk (KB)            : 2368141          20    274792 
	   Memory (MB)          :      67        2000      2000 

	Job terminated of its own accord at 2021-06-16T09:00:05Z.
...
