000 (115995.000.000) 06/04 08:56:49 Job submitted from host: <188.185.121.235:9618?addrs=188.185.121.235-9618+[2001-1458-d00-49--100-36e]-9618&alias=bigbird22.cern.ch&noUDP&sock=schedd_38044_991d>
...
040 (115995.000.000) 06/04 09:00:49 Started transferring input files
	Transferring to host: <128.142.73.121:9618?addrs=128.142.73.121-9618+[2001-1458-301-75--100-4b5]-9618&alias=b7s11n0193.cern.ch&noUDP&sock=slot1_10_5272_59cf_40654>
...
001 (115995.000.000) 06/04 09:00:49 Job executing on host: <128.142.73.121:9618?addrs=128.142.73.121-9618+[2001-1458-301-75--100-4b5]-9618&alias=b7s11n0193.cern.ch&noUDP&sock=startd_4024_b530>
...
040 (115995.000.000) 06/04 09:00:49 Finished transferring input files
...
006 (115995.000.000) 06/04 09:00:57 Image size of job updated: 28932
	29  -  MemoryUsage of job (MB)
	28932  -  ResidentSetSize of job (KB)
...
006 (115995.000.000) 06/04 09:05:57 Image size of job updated: 790820
	66  -  MemoryUsage of job (MB)
	67504  -  ResidentSetSize of job (KB)
...
040 (115995.000.000) 06/04 13:53:41 Started transferring output files
...
040 (115995.000.000) 06/04 13:53:41 Finished transferring output files
...
005 (115995.000.000) 06/04 13:53:41 Job terminated.
	(1) Normal termination (return value 0)
		Usr 0 00:02:03, Sys 0 00:00:26  -  Run Remote Usage
		Usr 0 00:00:00, Sys 0 00:00:00  -  Run Local Usage
		Usr 0 00:02:03, Sys 0 00:00:26  -  Total Remote Usage
		Usr 0 00:00:00, Sys 0 00:00:00  -  Total Local Usage
	60691  -  Run Bytes Sent By Job
	19195  -  Run Bytes Received By Job
	60691  -  Total Bytes Sent By Job
	19195  -  Total Bytes Received By Job
	Partitionable Resources :      Usage  Request Allocated 
	   Cpus                 :       0.98        1         1 
	   Disk (KB)            : 3711890          20    284334 
	   Memory (MB)          :      66        2000      2000 

	Job terminated of its own accord at 2021-06-04T11:53:41Z.
...
000 (123132.000.000) 06/08 10:38:34 Job submitted from host: <188.185.121.235:9618?addrs=188.185.121.235-9618+[2001-1458-d00-49--100-36e]-9618&alias=bigbird22.cern.ch&noUDP&sock=schedd_38044_991d>
...
040 (123132.000.000) 06/08 11:04:26 Started transferring input files
	Transferring to host: <188.184.210.54:9618?addrs=188.184.210.54-9618+[2001-1458-301-10b--100-325]-9618&alias=b7g23n1582.cern.ch&noUDP&sock=slot1_9_1353_0f90_45890>
...
040 (123132.000.000) 06/08 11:04:27 Finished transferring input files
...
001 (123132.000.000) 06/08 11:04:27 Job executing on host: <188.184.210.54:9618?addrs=188.184.210.54-9618+[2001-1458-301-10b--100-325]-9618&alias=b7g23n1582.cern.ch&noUDP&sock=startd_3812_4b1c>
...
006 (123132.000.000) 06/08 11:04:35 Image size of job updated: 625444
	12  -  MemoryUsage of job (MB)
	11808  -  ResidentSetSize of job (KB)
...
006 (123132.000.000) 06/08 11:09:35 Image size of job updated: 791456
	67  -  MemoryUsage of job (MB)
	67772  -  ResidentSetSize of job (KB)
...
006 (123132.000.000) 06/08 11:54:39 Image size of job updated: 791456
	120  -  MemoryUsage of job (MB)
	122688  -  ResidentSetSize of job (KB)
...
040 (123132.000.000) 06/08 11:54:53 Started transferring output files
...
040 (123132.000.000) 06/08 11:54:53 Finished transferring output files
...
005 (123132.000.000) 06/08 11:54:53 Job terminated.
	(1) Normal termination (return value 0)
		Usr 0 00:02:20, Sys 0 00:00:33  -  Run Remote Usage
		Usr 0 00:00:00, Sys 0 00:00:00  -  Run Local Usage
		Usr 0 00:02:20, Sys 0 00:00:33  -  Total Remote Usage
		Usr 0 00:00:00, Sys 0 00:00:00  -  Total Local Usage
	59983  -  Run Bytes Sent By Job
	19195  -  Run Bytes Received By Job
	59983  -  Total Bytes Sent By Job
	19195  -  Total Bytes Received By Job
	Partitionable Resources :      Usage  Request Allocated 
	   Cpus                 :       0.01        1         1 
	   Disk (KB)            : 3711891          20    354602 
	   Memory (MB)          :     120        2000      2000 

	Job terminated of its own accord at 2021-06-08T09:54:53Z.
...
