000 (146728.000.000) 06/16 08:13:44 Job submitted from host: <188.185.121.235:9618?addrs=188.185.121.235-9618+[2001-1458-d00-49--100-36e]-9618&alias=bigbird22.cern.ch&noUDP&sock=schedd_38044_991d>
...
040 (146728.000.000) 06/16 08:34:57 Started transferring input files
	Transferring to host: <128.142.73.100:9618?addrs=128.142.73.100-9618+[2001-1458-301-75--100-26c]-9618&alias=b7s11n3239.cern.ch&noUDP&sock=slot1_12_5409_e135_38127>
...
040 (146728.000.000) 06/16 08:34:57 Finished transferring input files
...
001 (146728.000.000) 06/16 08:34:57 Job executing on host: <128.142.73.100:9618?addrs=128.142.73.100-9618+[2001-1458-301-75--100-26c]-9618&alias=b7s11n3239.cern.ch&noUDP&sock=startd_4272_d0ad>
...
006 (146728.000.000) 06/16 08:35:06 Image size of job updated: 625444
	23  -  MemoryUsage of job (MB)
	23372  -  ResidentSetSize of job (KB)
...
006 (146728.000.000) 06/16 08:36:41 Image size of job updated: 791456
	23  -  MemoryUsage of job (MB)
	23372  -  ResidentSetSize of job (KB)
...
040 (146728.000.000) 06/16 08:36:43 Started transferring output files
...
040 (146728.000.000) 06/16 08:36:44 Finished transferring output files
...
005 (146728.000.000) 06/16 08:36:47 Job terminated.
	(1) Normal termination (return value 0)
		Usr 0 00:00:07, Sys 0 00:00:02  -  Run Remote Usage
		Usr 0 00:00:00, Sys 0 00:00:00  -  Run Local Usage
		Usr 0 00:00:07, Sys 0 00:00:02  -  Total Remote Usage
		Usr 0 00:00:00, Sys 0 00:00:00  -  Total Local Usage
	20721  -  Run Bytes Sent By Job
	19195  -  Run Bytes Received By Job
	20721  -  Total Bytes Sent By Job
	19195  -  Total Bytes Received By Job
	Partitionable Resources :    Usage  Request Allocated 
	   Cpus                 :                 1         1 
	   Disk (KB)            :   466078       20    278094 
	   Memory (MB)          :       23     2000      2000 

	Job terminated of its own accord at 2021-06-16T06:36:41Z.
...
