000 (116777.000.000) 06/04 09:07:17 Job submitted from host: <188.185.121.235:9618?addrs=188.185.121.235-9618+[2001-1458-d00-49--100-36e]-9618&alias=bigbird22.cern.ch&noUDP&sock=schedd_38044_991d>
...
040 (116777.000.000) 06/04 09:41:06 Started transferring input files
	Transferring to host: <188.184.139.155:9618?addrs=188.184.139.155-9618+[2001-1458-301-45--100-1b6]-9618&alias=b7g42n0686.cern.ch&noUDP&sock=slot1_9_3262_1fbe_34974>
...
040 (116777.000.000) 06/04 09:41:06 Finished transferring input files
...
001 (116777.000.000) 06/04 09:41:06 Job executing on host: <188.184.139.155:9618?addrs=188.184.139.155-9618+[2001-1458-301-45--100-1b6]-9618&alias=b7g42n0686.cern.ch&noUDP&sock=startd_2841_44a6>
...
006 (116777.000.000) 06/04 09:41:15 Image size of job updated: 11328
	10  -  MemoryUsage of job (MB)
	9396  -  ResidentSetSize of job (KB)
...
006 (116777.000.000) 06/04 09:46:16 Image size of job updated: 790820
	66  -  MemoryUsage of job (MB)
	67504  -  ResidentSetSize of job (KB)
...
006 (116777.000.000) 06/04 10:51:22 Image size of job updated: 790820
	91  -  MemoryUsage of job (MB)
	92772  -  ResidentSetSize of job (KB)
...
040 (116777.000.000) 06/04 10:52:12 Started transferring output files
...
040 (116777.000.000) 06/04 10:52:12 Finished transferring output files
...
005 (116777.000.000) 06/04 10:52:13 Job terminated.
	(1) Normal termination (return value 0)
		Usr 0 00:01:31, Sys 0 00:00:13  -  Run Remote Usage
		Usr 0 00:00:00, Sys 0 00:00:00  -  Run Local Usage
		Usr 0 00:01:31, Sys 0 00:00:13  -  Total Remote Usage
		Usr 0 00:00:00, Sys 0 00:00:00  -  Total Local Usage
	48982  -  Run Bytes Sent By Job
	19195  -  Run Bytes Received By Job
	48982  -  Total Bytes Sent By Job
	19195  -  Total Bytes Received By Job
	Partitionable Resources :      Usage  Request Allocated 
	   Cpus                 :       0.01        1         1 
	   Disk (KB)            : 2759686          20    297396 
	   Memory (MB)          :      91        2000      2000 

	Job terminated of its own accord at 2021-06-04T08:52:12Z.
...
000 (123926.000.000) 06/08 10:50:53 Job submitted from host: <188.185.121.235:9618?addrs=188.185.121.235-9618+[2001-1458-d00-49--100-36e]-9618&alias=bigbird22.cern.ch&noUDP&sock=schedd_38044_991d>
...
040 (123926.000.000) 06/08 11:22:13 Entered queue to transfer input files
	Transferring to host: <188.184.168.211:9618?addrs=188.184.168.211-9618+[2001-1458-301-c0--100-b3]-9618&alias=b7g52n8728.cern.ch&noUDP&sock=slot1_5_13253_aff4_94635>
...
040 (123926.000.000) 06/08 11:53:59 Started transferring input files
	Seconds spent in queue: 1906
...
040 (123926.000.000) 06/08 11:53:59 Finished transferring input files
...
001 (123926.000.000) 06/08 11:53:59 Job executing on host: <188.184.168.211:9618?addrs=188.184.168.211-9618+[2001-1458-301-c0--100-b3]-9618&alias=b7g52n8728.cern.ch&noUDP&sock=startd_17084_c80f>
...
006 (123926.000.000) 06/08 11:54:07 Image size of job updated: 2092
	3  -  MemoryUsage of job (MB)
	2092  -  ResidentSetSize of job (KB)
...
006 (123926.000.000) 06/08 11:59:07 Image size of job updated: 791456
	67  -  MemoryUsage of job (MB)
	67772  -  ResidentSetSize of job (KB)
...
040 (123926.000.000) 06/08 13:20:33 Started transferring output files
	Seconds spent in queue: 7100
...
040 (123926.000.000) 06/08 13:20:33 Finished transferring output files
...
005 (123926.000.000) 06/08 13:20:33 Job terminated.
	(1) Normal termination (return value 0)
		Usr 0 00:00:54, Sys 0 00:00:16  -  Run Remote Usage
		Usr 0 00:00:00, Sys 0 00:00:00  -  Run Local Usage
		Usr 0 00:00:54, Sys 0 00:00:16  -  Total Remote Usage
		Usr 0 00:00:00, Sys 0 00:00:00  -  Total Local Usage
	49004  -  Run Bytes Sent By Job
	19195  -  Run Bytes Received By Job
	49004  -  Total Bytes Sent By Job
	19195  -  Total Bytes Received By Job
	Partitionable Resources :      Usage  Request Allocated 
	   Cpus                 :       0.00        1         1 
	   Disk (KB)            : 2759687          20    234447 
	   Memory (MB)          :      67        2000      2000 

	Job terminated of its own accord at 2021-06-08T11:20:33Z.
...
