000 (148832.000.000) 06/16 08:58:10 Job submitted from host: <188.185.121.235:9618?addrs=188.185.121.235-9618+[2001-1458-d00-49--100-36e]-9618&alias=bigbird22.cern.ch&noUDP&sock=schedd_38044_991d>
...
040 (148832.000.000) 06/16 09:55:32 Started transferring input files
	Transferring to host: <188.184.169.239:9618?addrs=188.184.169.239-9618+[2001-1458-301-c0--100-2e3]-9618&alias=b7g52n1744.cern.ch&noUDP&sock=slot1_1_6275_0e18_95003>
...
040 (148832.000.000) 06/16 09:55:32 Finished transferring input files
...
001 (148832.000.000) 06/16 09:55:32 Job executing on host: <188.184.169.239:9618?addrs=188.184.169.239-9618+[2001-1458-301-c0--100-2e3]-9618&alias=b7g52n1744.cern.ch&noUDP&sock=startd_18160_d3f7>
...
006 (148832.000.000) 06/16 09:55:41 Image size of job updated: 41076
	38  -  MemoryUsage of job (MB)
	38908  -  ResidentSetSize of job (KB)
...
006 (148832.000.000) 06/16 09:59:42 Image size of job updated: 791436
	38  -  MemoryUsage of job (MB)
	38908  -  ResidentSetSize of job (KB)
...
040 (148832.000.000) 06/16 09:59:42 Started transferring output files
...
040 (148832.000.000) 06/16 09:59:42 Finished transferring output files
...
005 (148832.000.000) 06/16 09:59:42 Job terminated.
	(1) Normal termination (return value 0)
		Usr 0 00:00:43, Sys 0 00:00:11  -  Run Remote Usage
		Usr 0 00:00:00, Sys 0 00:00:00  -  Run Local Usage
		Usr 0 00:00:43, Sys 0 00:00:11  -  Total Remote Usage
		Usr 0 00:00:00, Sys 0 00:00:00  -  Total Local Usage
	38972  -  Run Bytes Sent By Job
	19195  -  Run Bytes Received By Job
	38972  -  Total Bytes Sent By Job
	19195  -  Total Bytes Received By Job
	Partitionable Resources :      Usage  Request Allocated 
	   Cpus                 :       0.00        1         1 
	   Disk (KB)            : 2365003          20    284383 
	   Memory (MB)          :      38        2000      2000 

	Job terminated of its own accord at 2021-06-16T07:59:42Z.
...
