000 (148616.000.000) 06/16 08:53:08 Job submitted from host: <188.185.121.235:9618?addrs=188.185.121.235-9618+[2001-1458-d00-49--100-36e]-9618&alias=bigbird22.cern.ch&noUDP&sock=schedd_38044_991d>
...
040 (148616.000.000) 06/16 09:49:06 Started transferring input files
	Transferring to host: <188.184.182.43:9618?addrs=188.184.182.43-9618+[2001-1458-301-2b--100-291]-9618&alias=b7g41n8018.cern.ch&noUDP&sock=slot1_12_4273_7707_39010>
...
040 (148616.000.000) 06/16 09:49:06 Finished transferring input files
...
001 (148616.000.000) 06/16 09:49:06 Job executing on host: <188.184.182.43:9618?addrs=188.184.182.43-9618+[2001-1458-301-2b--100-291]-9618&alias=b7g41n8018.cern.ch&noUDP&sock=startd_3661_b84f>
...
006 (148616.000.000) 06/16 09:49:14 Image size of job updated: 396052
	12  -  MemoryUsage of job (MB)
	12204  -  ResidentSetSize of job (KB)
...
006 (148616.000.000) 06/16 09:54:14 Image size of job updated: 791456
	67  -  MemoryUsage of job (MB)
	67772  -  ResidentSetSize of job (KB)
...
040 (148616.000.000) 06/16 10:21:27 Started transferring output files
...
040 (148616.000.000) 06/16 10:21:27 Finished transferring output files
...
005 (148616.000.000) 06/16 10:21:27 Job terminated.
	(1) Normal termination (return value 0)
		Usr 0 00:00:51, Sys 0 00:00:16  -  Run Remote Usage
		Usr 0 00:00:00, Sys 0 00:00:00  -  Run Local Usage
		Usr 0 00:00:51, Sys 0 00:00:16  -  Total Remote Usage
		Usr 0 00:00:00, Sys 0 00:00:00  -  Total Local Usage
	42801  -  Run Bytes Sent By Job
	19195  -  Run Bytes Received By Job
	42801  -  Total Bytes Sent By Job
	19195  -  Total Bytes Received By Job
	Partitionable Resources :      Usage  Request Allocated 
	   Cpus                 :       0.01        1         1 
	   Disk (KB)            : 2368097          20    354452 
	   Memory (MB)          :      67        2000      2000 

	Job terminated of its own accord at 2021-06-16T08:21:27Z.
...
