000 (148201.000.000) 06/16 08:44:32 Job submitted from host: <188.185.121.235:9618?addrs=188.185.121.235-9618+[2001-1458-d00-49--100-36e]-9618&alias=bigbird22.cern.ch&noUDP&sock=schedd_38044_991d>
...
040 (148201.000.000) 06/16 09:03:38 Started transferring input files
	Transferring to host: <128.142.149.187:9618?addrs=128.142.149.187-9618+[2001-1458-301-b--100-9a]-9618&alias=b7g41n5377.cern.ch&noUDP&sock=slot1_11_6109_17d1_41455>
...
040 (148201.000.000) 06/16 09:03:38 Finished transferring input files
...
001 (148201.000.000) 06/16 09:03:38 Job executing on host: <128.142.149.187:9618?addrs=128.142.149.187-9618+[2001-1458-301-b--100-9a]-9618&alias=b7g41n5377.cern.ch&noUDP&sock=startd_5206_7622>
...
006 (148201.000.000) 06/16 09:03:46 Image size of job updated: 9120
	9  -  MemoryUsage of job (MB)
	9120  -  ResidentSetSize of job (KB)
...
006 (148201.000.000) 06/16 09:08:46 Image size of job updated: 791452
	67  -  MemoryUsage of job (MB)
	67772  -  ResidentSetSize of job (KB)
...
006 (148201.000.000) 06/16 10:23:54 Image size of job updated: 791452
	89  -  MemoryUsage of job (MB)
	90136  -  ResidentSetSize of job (KB)
...
040 (148201.000.000) 06/16 10:24:05 Started transferring output files
...
040 (148201.000.000) 06/16 10:24:05 Finished transferring output files
...
005 (148201.000.000) 06/16 10:24:05 Job terminated.
	(1) Normal termination (return value 0)
		Usr 0 00:01:13, Sys 0 00:00:15  -  Run Remote Usage
		Usr 0 00:00:00, Sys 0 00:00:00  -  Run Local Usage
		Usr 0 00:01:13, Sys 0 00:00:15  -  Total Remote Usage
		Usr 0 00:00:00, Sys 0 00:00:00  -  Total Local Usage
	46221  -  Run Bytes Sent By Job
	19195  -  Run Bytes Received By Job
	46221  -  Total Bytes Sent By Job
	19195  -  Total Bytes Received By Job
	Partitionable Resources :      Usage  Request Allocated 
	   Cpus                 :       0.01        1         1 
	   Disk (KB)            : 2368158          20    346209 
	   Memory (MB)          :      89        2000      2000 

	Job terminated of its own accord at 2021-06-16T08:24:05Z.
...
