000 (117161.000.000) 06/04 09:12:33 Job submitted from host: <188.185.121.235:9618?addrs=188.185.121.235-9618+[2001-1458-d00-49--100-36e]-9618&alias=bigbird22.cern.ch&noUDP&sock=schedd_38044_991d>
...
040 (117161.000.000) 06/04 10:13:21 Started transferring input files
	Transferring to host: <128.142.83.12:9618?addrs=128.142.83.12-9618+[2001-1458-301-f5--100-474]-9618&alias=b7s13n5992.cern.ch&noUDP&sock=slot1_8_5513_2839_34433>
...
040 (117161.000.000) 06/04 10:13:21 Finished transferring input files
...
001 (117161.000.000) 06/04 10:13:21 Job executing on host: <128.142.83.12:9618?addrs=128.142.83.12-9618+[2001-1458-301-f5--100-474]-9618&alias=b7s13n5992.cern.ch&noUDP&sock=startd_4296_46f3>
...
006 (117161.000.000) 06/04 10:13:30 Image size of job updated: 624804
	4  -  MemoryUsage of job (MB)
	3880  -  ResidentSetSize of job (KB)
...
006 (117161.000.000) 06/04 10:18:31 Image size of job updated: 790824
	36  -  MemoryUsage of job (MB)
	35968  -  ResidentSetSize of job (KB)
...
006 (117161.000.000) 06/04 10:23:32 Image size of job updated: 790824
	52  -  MemoryUsage of job (MB)
	52444  -  ResidentSetSize of job (KB)
...
006 (117161.000.000) 06/04 10:28:32 Image size of job updated: 790824
	66  -  MemoryUsage of job (MB)
	67500  -  ResidentSetSize of job (KB)
...
040 (117161.000.000) 06/04 14:00:38 Started transferring output files
...
040 (117161.000.000) 06/04 14:00:38 Finished transferring output files
...
005 (117161.000.000) 06/04 14:00:38 Job terminated.
	(1) Normal termination (return value 0)
		Usr 0 00:01:16, Sys 0 00:00:21  -  Run Remote Usage
		Usr 0 00:00:00, Sys 0 00:00:00  -  Run Local Usage
		Usr 0 00:01:16, Sys 0 00:00:21  -  Total Remote Usage
		Usr 0 00:00:00, Sys 0 00:00:00  -  Total Local Usage
	50879  -  Run Bytes Sent By Job
	19195  -  Run Bytes Received By Job
	50879  -  Total Bytes Sent By Job
	19195  -  Total Bytes Received By Job
	Partitionable Resources :      Usage  Request Allocated 
	   Cpus                 :       0.00        1         1 
	   Disk (KB)            : 2763004          20    267080 
	   Memory (MB)          :      66        2000      2000 

	Job terminated of its own accord at 2021-06-04T12:00:38Z.
...
000 (124413.000.000) 06/08 10:58:11 Job submitted from host: <188.185.121.235:9618?addrs=188.185.121.235-9618+[2001-1458-d00-49--100-36e]-9618&alias=bigbird22.cern.ch&noUDP&sock=schedd_38044_991d>
...
040 (124413.000.000) 06/08 12:37:19 Started transferring input files
	Transferring to host: <188.184.213.186:9618?addrs=188.184.213.186-9618+[2001-1458-301-10c--100-197]-9618&alias=b7g24n0663.cern.ch&noUDP&sock=slot1_5_5090_1d88_79811>
...
040 (124413.000.000) 06/08 12:37:19 Finished transferring input files
...
001 (124413.000.000) 06/08 12:37:19 Job executing on host: <188.184.213.186:9618?addrs=188.184.213.186-9618+[2001-1458-301-10c--100-197]-9618&alias=b7g24n0663.cern.ch&noUDP&sock=startd_21399_8338>
...
006 (124413.000.000) 06/08 12:37:28 Image size of job updated: 4160
	5  -  MemoryUsage of job (MB)
	4160  -  ResidentSetSize of job (KB)
...
006 (124413.000.000) 06/08 12:42:30 Image size of job updated: 791456
	36  -  MemoryUsage of job (MB)
	36376  -  ResidentSetSize of job (KB)
...
006 (124413.000.000) 06/08 12:47:30 Image size of job updated: 791456
	52  -  MemoryUsage of job (MB)
	52412  -  ResidentSetSize of job (KB)
...
006 (124413.000.000) 06/08 12:52:30 Image size of job updated: 791456
	67  -  MemoryUsage of job (MB)
	67772  -  ResidentSetSize of job (KB)
...
006 (124413.000.000) 06/08 16:07:49 Image size of job updated: 791456
	91  -  MemoryUsage of job (MB)
	93032  -  ResidentSetSize of job (KB)
...
040 (124413.000.000) 06/08 16:08:26 Started transferring output files
...
040 (124413.000.000) 06/08 16:08:26 Finished transferring output files
...
005 (124413.000.000) 06/08 16:08:26 Job terminated.
	(1) Normal termination (return value 0)
		Usr 0 00:01:25, Sys 0 00:00:17  -  Run Remote Usage
		Usr 0 00:00:00, Sys 0 00:00:00  -  Run Local Usage
		Usr 0 00:01:25, Sys 0 00:00:17  -  Total Remote Usage
		Usr 0 00:00:00, Sys 0 00:00:00  -  Total Local Usage
	50809  -  Run Bytes Sent By Job
	19195  -  Run Bytes Received By Job
	50809  -  Total Bytes Sent By Job
	19195  -  Total Bytes Received By Job
	Partitionable Resources :      Usage  Request Allocated 
	   Cpus                 :       0.00        1         1 
	   Disk (KB)            : 2763004          20    295426 
	   Memory (MB)          :      91        2000      2000 

	Job terminated of its own accord at 2021-06-08T14:08:26Z.
...
