000 (116360.000.000) 06/04 09:02:04 Job submitted from host: <188.185.121.235:9618?addrs=188.185.121.235-9618+[2001-1458-d00-49--100-36e]-9618&alias=bigbird22.cern.ch&noUDP&sock=schedd_38044_991d>
...
040 (116360.000.000) 06/04 09:12:24 Started transferring input files
	Transferring to host: <188.184.169.159:9618?addrs=188.184.169.159-9618+[2001-1458-301-c0--100-228]-9618&alias=b7g52n0831.cern.ch&noUDP&sock=slot1_10_11502_f30d_103887>
...
001 (116360.000.000) 06/04 09:12:24 Job executing on host: <188.184.169.159:9618?addrs=188.184.169.159-9618+[2001-1458-301-c0--100-228]-9618&alias=b7g52n0831.cern.ch&noUDP&sock=startd_18560_31d9>
...
040 (116360.000.000) 06/04 09:12:24 Finished transferring input files
...
006 (116360.000.000) 06/04 09:12:33 Image size of job updated: 624804
	8  -  MemoryUsage of job (MB)
	7292  -  ResidentSetSize of job (KB)
...
006 (116360.000.000) 06/04 09:17:34 Image size of job updated: 790824
	55  -  MemoryUsage of job (MB)
	55336  -  ResidentSetSize of job (KB)
...
006 (116360.000.000) 06/04 09:22:35 Image size of job updated: 790824
	66  -  MemoryUsage of job (MB)
	67500  -  ResidentSetSize of job (KB)
...
006 (116360.000.000) 06/04 13:58:03 Image size of job updated: 790824
	91  -  MemoryUsage of job (MB)
	92956  -  ResidentSetSize of job (KB)
...
040 (116360.000.000) 06/04 13:59:37 Started transferring output files
...
040 (116360.000.000) 06/04 13:59:37 Finished transferring output files
...
005 (116360.000.000) 06/04 13:59:37 Job terminated.
	(1) Normal termination (return value 0)
		Usr 0 00:01:46, Sys 0 00:00:23  -  Run Remote Usage
		Usr 0 00:00:00, Sys 0 00:00:00  -  Run Local Usage
		Usr 0 00:01:46, Sys 0 00:00:23  -  Total Remote Usage
		Usr 0 00:00:00, Sys 0 00:00:00  -  Total Local Usage
	61057  -  Run Bytes Sent By Job
	19195  -  Run Bytes Received By Job
	61057  -  Total Bytes Sent By Job
	19195  -  Total Bytes Received By Job
	Partitionable Resources :      Usage  Request Allocated 
	   Cpus                 :       0.95        1         1 
	   Disk (KB)            : 3711758          20    278026 
	   Memory (MB)          :      91        2000      2000 

	Job terminated of its own accord at 2021-06-04T11:59:37Z.
...
000 (123508.000.000) 06/08 10:44:44 Job submitted from host: <188.185.121.235:9618?addrs=188.185.121.235-9618+[2001-1458-d00-49--100-36e]-9618&alias=bigbird22.cern.ch&noUDP&sock=schedd_38044_991d>
...
