000 (147082.000.000) 06/16 08:20:32 Job submitted from host: <188.185.121.235:9618?addrs=188.185.121.235-9618+[2001-1458-d00-49--100-36e]-9618&alias=bigbird22.cern.ch&noUDP&sock=schedd_38044_991d>
...
040 (147082.000.000) 06/16 08:46:40 Started transferring input files
	Transferring to host: <128.142.83.198:9618?addrs=128.142.83.198-9618+[2001-1458-301-f5--100-5f]-9618&alias=b7s13n4519.cern.ch&noUDP&sock=slot1_14_5845_14c7_37436>
...
001 (147082.000.000) 06/16 08:46:40 Job executing on host: <128.142.83.198:9618?addrs=128.142.83.198-9618+[2001-1458-301-f5--100-5f]-9618&alias=b7s13n4519.cern.ch&noUDP&sock=startd_4839_bae0>
...
040 (147082.000.000) 06/16 08:46:40 Finished transferring input files
...
006 (147082.000.000) 06/16 08:46:48 Image size of job updated: 25608
	26  -  MemoryUsage of job (MB)
	25608  -  ResidentSetSize of job (KB)
...
006 (147082.000.000) 06/16 08:48:23 Image size of job updated: 791428
	26  -  MemoryUsage of job (MB)
	25612  -  ResidentSetSize of job (KB)
...
040 (147082.000.000) 06/16 08:48:24 Started transferring output files
...
040 (147082.000.000) 06/16 08:48:24 Finished transferring output files
...
005 (147082.000.000) 06/16 08:48:26 Job terminated.
	(1) Normal termination (return value 0)
		Usr 0 00:00:09, Sys 0 00:00:02  -  Run Remote Usage
		Usr 0 00:00:00, Sys 0 00:00:00  -  Run Local Usage
		Usr 0 00:00:09, Sys 0 00:00:02  -  Total Remote Usage
		Usr 0 00:00:00, Sys 0 00:00:00  -  Total Local Usage
	20701  -  Run Bytes Sent By Job
	19195  -  Run Bytes Received By Job
	20701  -  Total Bytes Sent By Job
	19195  -  Total Bytes Received By Job
	Partitionable Resources :    Usage  Request Allocated 
	   Cpus                 :                 1         1 
	   Disk (KB)            :   466093       20    266245 
	   Memory (MB)          :       26     2000      2000 

	Job terminated of its own accord at 2021-06-16T06:48:23Z.
...
