000 (116327.000.000) 06/04 09:01:45 Job submitted from host: <188.185.121.235:9618?addrs=188.185.121.235-9618+[2001-1458-d00-49--100-36e]-9618&alias=bigbird22.cern.ch&noUDP&sock=schedd_38044_991d>
...
040 (116327.000.000) 06/04 09:12:21 Started transferring input files
	Transferring to host: <128.142.80.101:9618?addrs=128.142.80.101-9618+[2001-1458-301-f5--100-5bb]-9618&alias=b7s13n8546.cern.ch&noUDP&sock=slot1_3_5208_41cd_38836>
...
001 (116327.000.000) 06/04 09:12:21 Job executing on host: <128.142.80.101:9618?addrs=128.142.80.101-9618+[2001-1458-301-f5--100-5bb]-9618&alias=b7s13n8546.cern.ch&noUDP&sock=startd_3873_2263>
...
040 (116327.000.000) 06/04 09:12:21 Finished transferring input files
...
006 (116327.000.000) 06/04 09:12:29 Image size of job updated: 526484
	3  -  MemoryUsage of job (MB)
	2648  -  ResidentSetSize of job (KB)
...
006 (116327.000.000) 06/04 09:17:29 Image size of job updated: 790824
	38  -  MemoryUsage of job (MB)
	37944  -  ResidentSetSize of job (KB)
...
006 (116327.000.000) 06/04 09:22:30 Image size of job updated: 790824
	66  -  MemoryUsage of job (MB)
	67504  -  ResidentSetSize of job (KB)
...
006 (116327.000.000) 06/04 14:02:59 Image size of job updated: 790824
	117  -  MemoryUsage of job (MB)
	119120  -  ResidentSetSize of job (KB)
...
040 (116327.000.000) 06/04 14:04:17 Started transferring output files
...
040 (116327.000.000) 06/04 14:04:17 Finished transferring output files
...
005 (116327.000.000) 06/04 14:04:17 Job terminated.
	(1) Normal termination (return value 0)
		Usr 0 00:02:16, Sys 0 00:00:25  -  Run Remote Usage
		Usr 0 00:00:00, Sys 0 00:00:00  -  Run Local Usage
		Usr 0 00:02:16, Sys 0 00:00:25  -  Total Remote Usage
		Usr 0 00:00:00, Sys 0 00:00:00  -  Total Local Usage
	61520  -  Run Bytes Sent By Job
	19195  -  Run Bytes Received By Job
	61520  -  Total Bytes Sent By Job
	19195  -  Total Bytes Received By Job
	Partitionable Resources :      Usage  Request Allocated 
	   Cpus                 :       0.93        1         1 
	   Disk (KB)            : 3719674          20    279226 
	   Memory (MB)          :     117        2000      2000 

	Job terminated of its own accord at 2021-06-04T12:04:16Z.
...
000 (123473.000.000) 06/08 10:44:15 Job submitted from host: <188.185.121.235:9618?addrs=188.185.121.235-9618+[2001-1458-d00-49--100-36e]-9618&alias=bigbird22.cern.ch&noUDP&sock=schedd_38044_991d>
...
040 (123473.000.000) 06/08 11:18:10 Entered queue to transfer input files
	Transferring to host: <188.184.212.214:9618?addrs=188.184.212.214-9618+[2001-1458-301-10c--100-d6]-9618&alias=b7g24n0446.cern.ch&noUDP&sock=slot1_9_3618_f54c_38304>
...
040 (123473.000.000) 06/08 11:53:57 Started transferring input files
	Seconds spent in queue: 2147
...
001 (123473.000.000) 06/08 11:53:57 Job executing on host: <188.184.212.214:9618?addrs=188.184.212.214-9618+[2001-1458-301-10c--100-d6]-9618&alias=b7g24n0446.cern.ch&noUDP&sock=startd_3024_ca7b>
...
040 (123473.000.000) 06/08 11:53:57 Finished transferring input files
...
006 (123473.000.000) 06/08 11:54:05 Image size of job updated: 3992
	3  -  MemoryUsage of job (MB)
	2092  -  ResidentSetSize of job (KB)
...
006 (123473.000.000) 06/08 11:59:05 Image size of job updated: 791456
	41  -  MemoryUsage of job (MB)
	41512  -  ResidentSetSize of job (KB)
...
006 (123473.000.000) 06/08 12:04:05 Image size of job updated: 791456
	67  -  MemoryUsage of job (MB)
	67768  -  ResidentSetSize of job (KB)
...
040 (123473.000.000) 06/08 16:13:04 Started transferring output files
	Seconds spent in queue: 17694
...
040 (123473.000.000) 06/08 16:13:04 Finished transferring output files
...
005 (123473.000.000) 06/08 16:13:05 Job terminated.
	(1) Normal termination (return value 0)
		Usr 0 00:02:49, Sys 0 00:00:27  -  Run Remote Usage
		Usr 0 00:00:00, Sys 0 00:00:00  -  Run Local Usage
		Usr 0 00:02:49, Sys 0 00:00:27  -  Total Remote Usage
		Usr 0 00:00:00, Sys 0 00:00:00  -  Total Local Usage
	61526  -  Run Bytes Sent By Job
	19195  -  Run Bytes Received By Job
	61526  -  Total Bytes Sent By Job
	19195  -  Total Bytes Received By Job
	Partitionable Resources :      Usage  Request Allocated 
	   Cpus                 :       0.00        1         1 
	   Disk (KB)            : 3719674          20    298855 
	   Memory (MB)          :      67        2000      2000 

	Job terminated of its own accord at 2021-06-08T14:13:04Z.
...
