000 (117105.000.000) 06/04 09:11:20 Job submitted from host: <188.185.121.235:9618?addrs=188.185.121.235-9618+[2001-1458-d00-49--100-36e]-9618&alias=bigbird22.cern.ch&noUDP&sock=schedd_38044_991d>
...
040 (117105.000.000) 06/04 10:02:01 Started transferring input files
	Transferring to host: <188.184.212.30:9618?addrs=188.184.212.30-9618+[2001-1458-301-10c--100-17]-9618&alias=b7g24n0039.cern.ch&noUDP&sock=slot1_3_23243_8bca_104097>
...
040 (117105.000.000) 06/04 10:02:01 Finished transferring input files
...
001 (117105.000.000) 06/04 10:02:01 Job executing on host: <188.184.212.30:9618?addrs=188.184.212.30-9618+[2001-1458-301-10c--100-17]-9618&alias=b7g24n0039.cern.ch&noUDP&sock=startd_20278_998e>
...
006 (117105.000.000) 06/04 10:02:10 Image size of job updated: 790796
	66  -  MemoryUsage of job (MB)
	67496  -  ResidentSetSize of job (KB)
...
040 (117105.000.000) 06/04 10:06:51 Started transferring output files
...
040 (117105.000.000) 06/04 10:06:51 Finished transferring output files
...
005 (117105.000.000) 06/04 10:06:51 Job terminated.
	(1) Normal termination (return value 0)
		Usr 0 00:01:25, Sys 0 00:00:15  -  Run Remote Usage
		Usr 0 00:00:00, Sys 0 00:00:00  -  Run Local Usage
		Usr 0 00:01:25, Sys 0 00:00:15  -  Total Remote Usage
		Usr 0 00:00:00, Sys 0 00:00:00  -  Total Local Usage
	38510  -  Run Bytes Sent By Job
	19195  -  Run Bytes Received By Job
	38510  -  Total Bytes Sent By Job
	19195  -  Total Bytes Received By Job
	Partitionable Resources :    Usage  Request Allocated 
	   Cpus                 :                 1         1 
	   Disk (KB)            :  2758765       20    285640 
	   Memory (MB)          :       66     2000      2000 

	Job terminated of its own accord at 2021-06-04T08:06:51Z.
...
000 (124317.000.000) 06/08 10:56:37 Job submitted from host: <188.185.121.235:9618?addrs=188.185.121.235-9618+[2001-1458-d00-49--100-36e]-9618&alias=bigbird22.cern.ch&noUDP&sock=schedd_38044_991d>
...
040 (124317.000.000) 06/08 12:30:55 Started transferring input files
	Transferring to host: <188.184.183.182:9618?addrs=188.184.183.182-9618+[2001-1458-301-2b--100-3fa]-9618&alias=b7g41n0885.cern.ch&noUDP&sock=slot1_12_18483_b209_105061>
...
001 (124317.000.000) 06/08 12:30:55 Job executing on host: <188.184.183.182:9618?addrs=188.184.183.182-9618+[2001-1458-301-2b--100-3fa]-9618&alias=b7g41n0885.cern.ch&noUDP&sock=startd_6487_1ef4>
...
040 (124317.000.000) 06/08 12:30:55 Finished transferring input files
...
006 (124317.000.000) 06/08 12:31:04 Image size of job updated: 23500
	23  -  MemoryUsage of job (MB)
	23500  -  ResidentSetSize of job (KB)
...
006 (124317.000.000) 06/08 12:36:05 Image size of job updated: 791448
	67  -  MemoryUsage of job (MB)
	67768  -  ResidentSetSize of job (KB)
...
006 (124317.000.000) 06/08 12:46:05 Image size of job updated: 791448
	91  -  MemoryUsage of job (MB)
	92968  -  ResidentSetSize of job (KB)
...
040 (124317.000.000) 06/08 12:46:37 Started transferring output files
...
040 (124317.000.000) 06/08 12:46:37 Finished transferring output files
...
005 (124317.000.000) 06/08 12:46:37 Job terminated.
	(1) Normal termination (return value 0)
		Usr 0 00:01:25, Sys 0 00:00:16  -  Run Remote Usage
		Usr 0 00:00:00, Sys 0 00:00:00  -  Run Local Usage
		Usr 0 00:01:25, Sys 0 00:00:16  -  Total Remote Usage
		Usr 0 00:00:00, Sys 0 00:00:00  -  Total Local Usage
	51011  -  Run Bytes Sent By Job
	19195  -  Run Bytes Received By Job
	51011  -  Total Bytes Sent By Job
	19195  -  Total Bytes Received By Job
	Partitionable Resources :      Usage  Request Allocated 
	   Cpus                 :       0.03        1         1 
	   Disk (KB)            : 2758784          20    342609 
	   Memory (MB)          :      91        2000      2000 

	Job terminated of its own accord at 2021-06-08T10:46:37Z.
...
