000 (147789.000.000) 06/16 08:35:32 Job submitted from host: <188.185.121.235:9618?addrs=188.185.121.235-9618+[2001-1458-d00-49--100-36e]-9618&alias=bigbird22.cern.ch&noUDP&sock=schedd_38044_991d>
...
040 (147789.000.000) 06/16 08:57:34 Started transferring input files
	Transferring to host: <188.184.169.53:9618?addrs=188.184.169.53-9618+[2001-1458-301-c0--100-588]-9618&alias=b7g52n9865.cern.ch&noUDP&sock=slot1_7_25052_2674_99645>
...
040 (147789.000.000) 06/16 08:57:34 Finished transferring input files
...
001 (147789.000.000) 06/16 08:57:34 Job executing on host: <188.184.169.53:9618?addrs=188.184.169.53-9618+[2001-1458-301-c0--100-588]-9618&alias=b7g52n9865.cern.ch&noUDP&sock=startd_17575_9110>
...
006 (147789.000.000) 06/16 08:57:42 Image size of job updated: 625444
	6  -  MemoryUsage of job (MB)
	5560  -  ResidentSetSize of job (KB)
...
006 (147789.000.000) 06/16 09:02:42 Image size of job updated: 791456
	64  -  MemoryUsage of job (MB)
	64580  -  ResidentSetSize of job (KB)
...
006 (147789.000.000) 06/16 09:07:43 Image size of job updated: 791456
	67  -  MemoryUsage of job (MB)
	67776  -  ResidentSetSize of job (KB)
...
006 (147789.000.000) 06/16 12:18:02 Image size of job updated: 791456
	119  -  MemoryUsage of job (MB)
	121204  -  ResidentSetSize of job (KB)
...
040 (147789.000.000) 06/16 12:18:20 Started transferring output files
...
040 (147789.000.000) 06/16 12:18:20 Finished transferring output files
...
005 (147789.000.000) 06/16 12:18:21 Job terminated.
	(1) Normal termination (return value 0)
		Usr 0 00:01:57, Sys 0 00:00:24  -  Run Remote Usage
		Usr 0 00:00:00, Sys 0 00:00:00  -  Run Local Usage
		Usr 0 00:01:57, Sys 0 00:00:24  -  Total Remote Usage
		Usr 0 00:00:00, Sys 0 00:00:00  -  Total Local Usage
	54428  -  Run Bytes Sent By Job
	19195  -  Run Bytes Received By Job
	54428  -  Total Bytes Sent By Job
	19195  -  Total Bytes Received By Job
	Partitionable Resources :      Usage  Request Allocated 
	   Cpus                 :       0.00        1         1 
	   Disk (KB)            : 3074070          20    290296 
	   Memory (MB)          :     119        2000      2000 

	Job terminated of its own accord at 2021-06-16T10:18:20Z.
...
