000 (116767.000.000) 06/04 09:07:11 Job submitted from host: <188.185.121.235:9618?addrs=188.185.121.235-9618+[2001-1458-d00-49--100-36e]-9618&alias=bigbird22.cern.ch&noUDP&sock=schedd_38044_991d>
...
040 (116767.000.000) 06/04 09:41:02 Started transferring input files
	Transferring to host: <128.142.72.130:9618?addrs=128.142.72.130-9618+[2001-1458-301-75--100-3e2]-9618&alias=b7s11n1505.cern.ch&noUDP&sock=slot1_4_6261_30d8_42614>
...
040 (116767.000.000) 06/04 09:41:02 Finished transferring input files
...
001 (116767.000.000) 06/04 09:41:02 Job executing on host: <128.142.72.130:9618?addrs=128.142.72.130-9618+[2001-1458-301-75--100-3e2]-9618&alias=b7s11n1505.cern.ch&noUDP&sock=startd_4925_b805>
...
006 (116767.000.000) 06/04 09:41:11 Image size of job updated: 127460
	4  -  MemoryUsage of job (MB)
	3868  -  ResidentSetSize of job (KB)
...
006 (116767.000.000) 06/04 09:46:12 Image size of job updated: 790824
	66  -  MemoryUsage of job (MB)
	67500  -  ResidentSetSize of job (KB)
...
040 (116767.000.000) 06/04 10:49:28 Started transferring output files
...
040 (116767.000.000) 06/04 10:49:28 Finished transferring output files
...
005 (116767.000.000) 06/04 10:49:28 Job terminated.
	(1) Normal termination (return value 0)
		Usr 0 00:01:04, Sys 0 00:00:14  -  Run Remote Usage
		Usr 0 00:00:00, Sys 0 00:00:00  -  Run Local Usage
		Usr 0 00:01:04, Sys 0 00:00:14  -  Total Remote Usage
		Usr 0 00:00:00, Sys 0 00:00:00  -  Total Local Usage
	51016  -  Run Bytes Sent By Job
	19195  -  Run Bytes Received By Job
	51016  -  Total Bytes Sent By Job
	19195  -  Total Bytes Received By Job
	Partitionable Resources :      Usage  Request Allocated 
	   Cpus                 :       0.01        1         1 
	   Disk (KB)            : 2759688          20    264752 
	   Memory (MB)          :      66        2000      2000 

	Job terminated of its own accord at 2021-06-04T08:49:28Z.
...
000 (123915.000.000) 06/08 10:50:38 Job submitted from host: <188.185.121.235:9618?addrs=188.185.121.235-9618+[2001-1458-d00-49--100-36e]-9618&alias=bigbird22.cern.ch&noUDP&sock=schedd_38044_991d>
...
040 (123915.000.000) 06/08 11:22:09 Entered queue to transfer input files
	Transferring to host: <128.142.193.250:9618?addrs=128.142.193.250-9618+[2001-1458-301-cc--100-297]-9618&alias=b7g52n0297.cern.ch&noUDP&sock=slot1_10_24133_a1ae_111369>
...
040 (123915.000.000) 06/08 11:53:59 Started transferring input files
	Seconds spent in queue: 1910
...
040 (123915.000.000) 06/08 11:53:59 Finished transferring input files
...
001 (123915.000.000) 06/08 11:53:59 Job executing on host: <128.142.193.250:9618?addrs=128.142.193.250-9618+[2001-1458-301-cc--100-297]-9618&alias=b7g52n0297.cern.ch&noUDP&sock=startd_18220_fba5>
...
006 (123915.000.000) 06/08 11:54:07 Image size of job updated: 2396
	3  -  MemoryUsage of job (MB)
	2096  -  ResidentSetSize of job (KB)
...
006 (123915.000.000) 06/08 11:59:07 Image size of job updated: 791456
	67  -  MemoryUsage of job (MB)
	67776  -  ResidentSetSize of job (KB)
...
040 (123915.000.000) 06/08 13:22:41 Started transferring output files
	Seconds spent in queue: 7232
...
040 (123915.000.000) 06/08 13:22:41 Finished transferring output files
...
005 (123915.000.000) 06/08 13:22:41 Job terminated.
	(1) Normal termination (return value 0)
		Usr 0 00:01:05, Sys 0 00:00:13  -  Run Remote Usage
		Usr 0 00:00:00, Sys 0 00:00:00  -  Run Local Usage
		Usr 0 00:01:05, Sys 0 00:00:13  -  Total Remote Usage
		Usr 0 00:00:00, Sys 0 00:00:00  -  Total Local Usage
	51014  -  Run Bytes Sent By Job
	19195  -  Run Bytes Received By Job
	51014  -  Total Bytes Sent By Job
	19195  -  Total Bytes Received By Job
	Partitionable Resources :      Usage  Request Allocated 
	   Cpus                 :       0.01        1         1 
	   Disk (KB)            : 2759688          20    267094 
	   Memory (MB)          :      67        2000      2000 

	Job terminated of its own accord at 2021-06-08T11:22:41Z.
...
