000 (116220.000.000) 06/04 08:59:37 Job submitted from host: <188.185.121.235:9618?addrs=188.185.121.235-9618+[2001-1458-d00-49--100-36e]-9618&alias=bigbird22.cern.ch&noUDP&sock=schedd_38044_991d>
...
040 (116220.000.000) 06/04 09:06:13 Started transferring input files
	Transferring to host: <188.184.196.49:9618?addrs=188.184.196.49-9618+[2001-1458-301-102--100-2d]-9618&alias=b7g24n0086.cern.ch&noUDP&sock=slot1_9_3334_dac1_35649>
...
001 (116220.000.000) 06/04 09:06:13 Job executing on host: <188.184.196.49:9618?addrs=188.184.196.49-9618+[2001-1458-301-102--100-2d]-9618&alias=b7g24n0086.cern.ch&noUDP&sock=startd_2864_0b54>
...
040 (116220.000.000) 06/04 09:06:13 Finished transferring input files
...
006 (116220.000.000) 06/04 09:06:22 Image size of job updated: 624804
	12  -  MemoryUsage of job (MB)
	11416  -  ResidentSetSize of job (KB)
...
006 (116220.000.000) 06/04 09:11:23 Image size of job updated: 790820
	66  -  MemoryUsage of job (MB)
	67492  -  ResidentSetSize of job (KB)
...
040 (116220.000.000) 06/04 10:50:05 Started transferring output files
...
040 (116220.000.000) 06/04 10:50:05 Finished transferring output files
...
005 (116220.000.000) 06/04 10:50:06 Job terminated.
	(1) Normal termination (return value 0)
		Usr 0 00:02:42, Sys 0 00:00:26  -  Run Remote Usage
		Usr 0 00:00:00, Sys 0 00:00:00  -  Run Local Usage
		Usr 0 00:02:42, Sys 0 00:00:26  -  Total Remote Usage
		Usr 0 00:00:00, Sys 0 00:00:00  -  Total Local Usage
	61192  -  Run Bytes Sent By Job
	19195  -  Run Bytes Received By Job
	61192  -  Total Bytes Sent By Job
	19195  -  Total Bytes Received By Job
	Partitionable Resources :      Usage  Request Allocated 
	   Cpus                 :       0.00        1         1 
	   Disk (KB)            : 3709317          20    276767 
	   Memory (MB)          :      66        2000      2000 

	Job terminated of its own accord at 2021-06-04T08:50:05Z.
...
000 (123357.000.000) 06/08 10:42:14 Job submitted from host: <188.185.121.235:9618?addrs=188.185.121.235-9618+[2001-1458-d00-49--100-36e]-9618&alias=bigbird22.cern.ch&noUDP&sock=schedd_38044_991d>
...
040 (123357.000.000) 06/08 11:17:23 Entered queue to transfer input files
	Transferring to host: <128.142.79.204:9618?addrs=128.142.79.204-9618+[2001-1458-301-f4--100-241]-9618&alias=b7s12n0291.cern.ch&noUDP&sock=slot1_6_5673_e440_72776>
...
040 (123357.000.000) 06/08 11:53:56 Started transferring input files
	Seconds spent in queue: 2193
...
040 (123357.000.000) 06/08 11:53:56 Finished transferring input files
...
001 (123357.000.000) 06/08 11:53:56 Job executing on host: <128.142.79.204:9618?addrs=128.142.79.204-9618+[2001-1458-301-f4--100-241]-9618&alias=b7s12n0291.cern.ch&noUDP&sock=startd_4564_1a54>
...
006 (123357.000.000) 06/08 11:54:04 Image size of job updated: 378608
	2  -  MemoryUsage of job (MB)
	1740  -  ResidentSetSize of job (KB)
...
006 (123357.000.000) 06/08 11:59:04 Image size of job updated: 791456
	67  -  MemoryUsage of job (MB)
	67776  -  ResidentSetSize of job (KB)
...
006 (123357.000.000) 06/08 13:24:14 Image size of job updated: 791456
	105  -  MemoryUsage of job (MB)
	107432  -  ResidentSetSize of job (KB)
...
040 (123357.000.000) 06/08 13:25:48 Started transferring output files
	Seconds spent in queue: 7705
...
040 (123357.000.000) 06/08 13:25:48 Finished transferring output files
...
005 (123357.000.000) 06/08 13:25:48 Job terminated.
	(1) Normal termination (return value 0)
		Usr 0 00:01:54, Sys 0 00:00:18  -  Run Remote Usage
		Usr 0 00:00:00, Sys 0 00:00:00  -  Run Local Usage
		Usr 0 00:01:54, Sys 0 00:00:18  -  Total Remote Usage
		Usr 0 00:00:00, Sys 0 00:00:00  -  Total Local Usage
	61188  -  Run Bytes Sent By Job
	19195  -  Run Bytes Received By Job
	61188  -  Total Bytes Sent By Job
	19195  -  Total Bytes Received By Job
	Partitionable Resources :      Usage  Request Allocated 
	   Cpus                 :       0.99        1         1 
	   Disk (KB)            : 3709317          20    287821 
	   Memory (MB)          :     105        2000      2000 

	Job terminated of its own accord at 2021-06-08T11:25:48Z.
...
