000 (147868.000.000) 06/16 08:37:05 Job submitted from host: <188.185.121.235:9618?addrs=188.185.121.235-9618+[2001-1458-d00-49--100-36e]-9618&alias=bigbird22.cern.ch&noUDP&sock=schedd_38044_991d>
...
040 (147868.000.000) 06/16 08:57:48 Started transferring input files
	Transferring to host: <188.184.210.123:9618?addrs=188.184.210.123-9618+[2001-1458-301-10b--100-22e]-9618&alias=b7g23n6101.cern.ch&noUDP&sock=slot1_8_18163_39fc_92202>
...
001 (147868.000.000) 06/16 08:57:48 Job executing on host: <188.184.210.123:9618?addrs=188.184.210.123-9618+[2001-1458-301-10b--100-22e]-9618&alias=b7g23n6101.cern.ch&noUDP&sock=startd_17805_53d8>
...
040 (147868.000.000) 06/16 08:57:48 Finished transferring input files
...
006 (147868.000.000) 06/16 08:57:57 Image size of job updated: 625444
	12  -  MemoryUsage of job (MB)
	11564  -  ResidentSetSize of job (KB)
...
006 (147868.000.000) 06/16 09:02:58 Image size of job updated: 791456
	67  -  MemoryUsage of job (MB)
	67768  -  ResidentSetSize of job (KB)
...
040 (147868.000.000) 06/16 12:12:53 Started transferring output files
...
040 (147868.000.000) 06/16 12:12:53 Finished transferring output files
...
005 (147868.000.000) 06/16 12:12:53 Job terminated.
	(1) Normal termination (return value 0)
		Usr 0 00:01:37, Sys 0 00:00:28  -  Run Remote Usage
		Usr 0 00:00:00, Sys 0 00:00:00  -  Run Local Usage
		Usr 0 00:01:37, Sys 0 00:00:28  -  Total Remote Usage
		Usr 0 00:00:00, Sys 0 00:00:00  -  Total Local Usage
	54543  -  Run Bytes Sent By Job
	19195  -  Run Bytes Received By Job
	54543  -  Total Bytes Sent By Job
	19195  -  Total Bytes Received By Job
	Partitionable Resources :      Usage  Request Allocated 
	   Cpus                 :       0.00        1         1 
	   Disk (KB)            : 3074373          20    352066 
	   Memory (MB)          :      67        2000      2000 

	Job terminated of its own accord at 2021-06-16T10:12:53Z.
...
