000 (116291.000.000) 06/04 09:01:14 Job submitted from host: <188.185.121.235:9618?addrs=188.185.121.235-9618+[2001-1458-d00-49--100-36e]-9618&alias=bigbird22.cern.ch&noUDP&sock=schedd_38044_991d>
...
040 (116291.000.000) 06/04 09:12:01 Started transferring input files
	Transferring to host: <128.142.87.134:9618?addrs=128.142.87.134-9618+[2001-1458-301-f6--100-3a]-9618&alias=b7s14n8202.cern.ch&noUDP&sock=slot1_1_7037_f3f7_41254>
...
040 (116291.000.000) 06/04 09:12:01 Finished transferring input files
...
001 (116291.000.000) 06/04 09:12:01 Job executing on host: <128.142.87.134:9618?addrs=128.142.87.134-9618+[2001-1458-301-f6--100-3a]-9618&alias=b7s14n8202.cern.ch&noUDP&sock=startd_5619_bebf>
...
006 (116291.000.000) 06/04 09:12:09 Image size of job updated: 624804
	6  -  MemoryUsage of job (MB)
	5372  -  ResidentSetSize of job (KB)
...
006 (116291.000.000) 06/04 09:17:09 Image size of job updated: 790824
	66  -  MemoryUsage of job (MB)
	67500  -  ResidentSetSize of job (KB)
...
006 (116291.000.000) 06/04 10:37:17 Image size of job updated: 790824
	120  -  MemoryUsage of job (MB)
	122748  -  ResidentSetSize of job (KB)
...
040 (116291.000.000) 06/04 10:37:41 Started transferring output files
...
040 (116291.000.000) 06/04 10:37:41 Finished transferring output files
...
005 (116291.000.000) 06/04 10:37:42 Job terminated.
	(1) Normal termination (return value 0)
		Usr 0 00:01:33, Sys 0 00:00:22  -  Run Remote Usage
		Usr 0 00:00:00, Sys 0 00:00:00  -  Run Local Usage
		Usr 0 00:01:33, Sys 0 00:00:22  -  Total Remote Usage
		Usr 0 00:00:00, Sys 0 00:00:00  -  Total Local Usage
	61050  -  Run Bytes Sent By Job
	19195  -  Run Bytes Received By Job
	61050  -  Total Bytes Sent By Job
	19195  -  Total Bytes Received By Job
	Partitionable Resources :      Usage  Request Allocated 
	   Cpus                 :       0.01        1         1 
	   Disk (KB)            : 3711569          20    269165 
	   Memory (MB)          :     120        2000      2000 

	Job terminated of its own accord at 2021-06-04T08:37:41Z.
...
000 (123434.000.000) 06/08 10:43:42 Job submitted from host: <188.185.121.235:9618?addrs=188.185.121.235-9618+[2001-1458-d00-49--100-36e]-9618&alias=bigbird22.cern.ch&noUDP&sock=schedd_38044_991d>
...
040 (123434.000.000) 06/08 11:17:54 Entered queue to transfer input files
	Transferring to host: <188.184.196.132:9618?addrs=188.184.196.132-9618+[2001-1458-301-102--100-ab]-9618&alias=b7g24n0284.cern.ch&noUDP&sock=slot1_9_11169_521f_86027>
...
040 (123434.000.000) 06/08 11:53:56 Started transferring input files
	Seconds spent in queue: 2162
...
001 (123434.000.000) 06/08 11:53:56 Job executing on host: <188.184.196.132:9618?addrs=188.184.196.132-9618+[2001-1458-301-102--100-ab]-9618&alias=b7g24n0284.cern.ch&noUDP&sock=startd_21229_e81f>
...
040 (123434.000.000) 06/08 11:53:56 Finished transferring input files
...
006 (123434.000.000) 06/08 11:54:05 Image size of job updated: 387336
	3  -  MemoryUsage of job (MB)
	2092  -  ResidentSetSize of job (KB)
...
006 (123434.000.000) 06/08 11:59:06 Image size of job updated: 791456
	67  -  MemoryUsage of job (MB)
	67768  -  ResidentSetSize of job (KB)
...
040 (123434.000.000) 06/08 13:39:11 Started transferring output files
	Seconds spent in queue: 8477
...
040 (123434.000.000) 06/08 13:39:11 Finished transferring output files
...
005 (123434.000.000) 06/08 13:39:11 Job terminated.
	(1) Normal termination (return value 0)
		Usr 0 00:02:43, Sys 0 00:00:26  -  Run Remote Usage
		Usr 0 00:00:00, Sys 0 00:00:00  -  Run Local Usage
		Usr 0 00:02:43, Sys 0 00:00:26  -  Total Remote Usage
		Usr 0 00:00:00, Sys 0 00:00:00  -  Total Local Usage
	61060  -  Run Bytes Sent By Job
	19195  -  Run Bytes Received By Job
	61060  -  Total Bytes Sent By Job
	19195  -  Total Bytes Received By Job
	Partitionable Resources :      Usage  Request Allocated 
	   Cpus                 :       0.01        1         1 
	   Disk (KB)            : 3711569          20    309301 
	   Memory (MB)          :      67        2000      2000 

	Job terminated of its own accord at 2021-06-08T11:39:11Z.
...
