000 (146724.000.000) 06/16 08:13:43 Job submitted from host: <188.185.121.235:9618?addrs=188.185.121.235-9618+[2001-1458-d00-49--100-36e]-9618&alias=bigbird22.cern.ch&noUDP&sock=schedd_38044_991d>
...
040 (146724.000.000) 06/16 08:34:56 Started transferring input files
	Transferring to host: <128.142.87.10:9618?addrs=128.142.87.10-9618+[2001-1458-301-f6--100-283]-9618&alias=b7s14n1449.cern.ch&noUDP&sock=slot1_12_2553_91c1_4270>
...
001 (146724.000.000) 06/16 08:34:57 Job executing on host: <128.142.87.10:9618?addrs=128.142.87.10-9618+[2001-1458-301-f6--100-283]-9618&alias=b7s14n1449.cern.ch&noUDP&sock=startd_2329_1429>
...
040 (146724.000.000) 06/16 08:34:57 Finished transferring input files
...
006 (146724.000.000) 06/16 08:35:05 Image size of job updated: 766796
	26  -  MemoryUsage of job (MB)
	26084  -  ResidentSetSize of job (KB)
...
006 (146724.000.000) 06/16 08:36:51 Image size of job updated: 791456
	26  -  MemoryUsage of job (MB)
	26084  -  ResidentSetSize of job (KB)
...
040 (146724.000.000) 06/16 08:36:52 Started transferring output files
...
040 (146724.000.000) 06/16 08:36:53 Finished transferring output files
...
005 (146724.000.000) 06/16 08:36:55 Job terminated.
	(1) Normal termination (return value 0)
		Usr 0 00:00:06, Sys 0 00:00:02  -  Run Remote Usage
		Usr 0 00:00:00, Sys 0 00:00:00  -  Run Local Usage
		Usr 0 00:00:06, Sys 0 00:00:02  -  Total Remote Usage
		Usr 0 00:00:00, Sys 0 00:00:00  -  Total Local Usage
	21783  -  Run Bytes Sent By Job
	19195  -  Run Bytes Received By Job
	21783  -  Total Bytes Sent By Job
	19195  -  Total Bytes Received By Job
	Partitionable Resources :    Usage  Request Allocated 
	   Cpus                 :                 1         1 
	   Disk (KB)            :   466079       20    286585 
	   Memory (MB)          :       26     2000      2000 

	Job terminated of its own accord at 2021-06-16T06:36:51Z.
...
