000 (147105.000.000) 06/16 08:21:11 Job submitted from host: <188.185.121.235:9618?addrs=188.185.121.235-9618+[2001-1458-d00-49--100-36e]-9618&alias=bigbird22.cern.ch&noUDP&sock=schedd_38044_991d>
...
040 (147105.000.000) 06/16 08:46:46 Started transferring input files
	Transferring to host: <188.184.132.69:9618?addrs=188.184.132.69-9618+[2001-1458-301-a0--100-35]-9618&alias=b7g28n0366.cern.ch&noUDP&sock=slot1_8_3352_8981_47533>
...
040 (147105.000.000) 06/16 08:46:46 Finished transferring input files
...
001 (147105.000.000) 06/16 08:46:46 Job executing on host: <188.184.132.69:9618?addrs=188.184.132.69-9618+[2001-1458-301-a0--100-35]-9618&alias=b7g28n0366.cern.ch&noUDP&sock=startd_2852_d031>
...
006 (147105.000.000) 06/16 08:46:55 Image size of job updated: 625444
	42  -  MemoryUsage of job (MB)
	42708  -  ResidentSetSize of job (KB)
...
006 (147105.000.000) 06/16 08:47:52 Image size of job updated: 791428
	42  -  MemoryUsage of job (MB)
	42708  -  ResidentSetSize of job (KB)
...
040 (147105.000.000) 06/16 08:47:52 Started transferring output files
...
040 (147105.000.000) 06/16 08:47:53 Finished transferring output files
...
005 (147105.000.000) 06/16 08:47:53 Job terminated.
	(1) Normal termination (return value 0)
		Usr 0 00:00:09, Sys 0 00:00:02  -  Run Remote Usage
		Usr 0 00:00:00, Sys 0 00:00:00  -  Run Local Usage
		Usr 0 00:00:09, Sys 0 00:00:02  -  Total Remote Usage
		Usr 0 00:00:00, Sys 0 00:00:00  -  Total Local Usage
	20455  -  Run Bytes Sent By Job
	19195  -  Run Bytes Received By Job
	20455  -  Total Bytes Sent By Job
	19195  -  Total Bytes Received By Job
	Partitionable Resources :    Usage  Request Allocated 
	   Cpus                 :                 1         1 
	   Disk (KB)            :   466088       20    217938 
	   Memory (MB)          :       42     2000      2000 

	Job terminated of its own accord at 2021-06-16T06:47:52Z.
...
