000 (146760.000.000) 06/16 08:14:14 Job submitted from host: <188.185.121.235:9618?addrs=188.185.121.235-9618+[2001-1458-d00-49--100-36e]-9618&alias=bigbird22.cern.ch&noUDP&sock=schedd_38044_991d>
...
040 (146760.000.000) 06/16 08:35:10 Started transferring input files
	Transferring to host: <128.142.73.100:9618?addrs=128.142.73.100-9618+[2001-1458-301-75--100-26c]-9618&alias=b7s11n3239.cern.ch&noUDP&sock=slot1_16_5409_e135_38129>
...
040 (146760.000.000) 06/16 08:35:10 Finished transferring input files
...
001 (146760.000.000) 06/16 08:35:10 Job executing on host: <128.142.73.100:9618?addrs=128.142.73.100-9618+[2001-1458-301-75--100-26c]-9618&alias=b7s11n3239.cern.ch&noUDP&sock=startd_4272_d0ad>
...
006 (146760.000.000) 06/16 08:35:19 Image size of job updated: 396052
	67  -  MemoryUsage of job (MB)
	67776  -  ResidentSetSize of job (KB)
...
006 (146760.000.000) 06/16 08:35:37 Image size of job updated: 791428
	67  -  MemoryUsage of job (MB)
	67776  -  ResidentSetSize of job (KB)
...
040 (146760.000.000) 06/16 08:35:37 Started transferring output files
...
040 (146760.000.000) 06/16 08:35:37 Finished transferring output files
...
005 (146760.000.000) 06/16 08:35:38 Job terminated.
	(1) Normal termination (return value 0)
		Usr 0 00:00:07, Sys 0 00:00:03  -  Run Remote Usage
		Usr 0 00:00:00, Sys 0 00:00:00  -  Run Local Usage
		Usr 0 00:00:07, Sys 0 00:00:03  -  Total Remote Usage
		Usr 0 00:00:00, Sys 0 00:00:00  -  Total Local Usage
	18479  -  Run Bytes Sent By Job
	19195  -  Run Bytes Received By Job
	18479  -  Total Bytes Sent By Job
	19195  -  Total Bytes Received By Job
	Partitionable Resources :    Usage  Request Allocated 
	   Cpus                 :                 1         1 
	   Disk (KB)            :   466088       20    277755 
	   Memory (MB)          :       67     2000      2000 

	Job terminated of its own accord at 2021-06-16T06:35:37Z.
...
