000 (146726.000.000) 06/16 08:13:43 Job submitted from host: <188.185.121.235:9618?addrs=188.185.121.235-9618+[2001-1458-d00-49--100-36e]-9618&alias=bigbird22.cern.ch&noUDP&sock=schedd_38044_991d>
...
040 (146726.000.000) 06/16 08:35:01 Started transferring input files
	Transferring to host: <128.142.75.137:9618?addrs=128.142.75.137-9618+[2001-1458-301-75--100-623]-9618&alias=b7s11n3593.cern.ch&noUDP&sock=slot1_14_6129_2f52_42799>
...
001 (146726.000.000) 06/16 08:35:01 Job executing on host: <128.142.75.137:9618?addrs=128.142.75.137-9618+[2001-1458-301-75--100-623]-9618&alias=b7s11n3593.cern.ch&noUDP&sock=startd_4939_5258>
...
040 (146726.000.000) 06/16 08:35:01 Finished transferring input files
...
006 (146726.000.000) 06/16 08:35:11 Image size of job updated: 625444
	6  -  MemoryUsage of job (MB)
	5880  -  ResidentSetSize of job (KB)
...
006 (146726.000.000) 06/16 08:36:55 Image size of job updated: 791452
	6  -  MemoryUsage of job (MB)
	5880  -  ResidentSetSize of job (KB)
...
040 (146726.000.000) 06/16 08:36:56 Started transferring output files
...
040 (146726.000.000) 06/16 08:36:58 Finished transferring output files
...
005 (146726.000.000) 06/16 08:37:00 Job terminated.
	(1) Normal termination (return value 0)
		Usr 0 00:00:07, Sys 0 00:00:02  -  Run Remote Usage
		Usr 0 00:00:00, Sys 0 00:00:00  -  Run Local Usage
		Usr 0 00:00:07, Sys 0 00:00:02  -  Total Remote Usage
		Usr 0 00:00:00, Sys 0 00:00:00  -  Total Local Usage
	20847  -  Run Bytes Sent By Job
	19195  -  Run Bytes Received By Job
	20847  -  Total Bytes Sent By Job
	19195  -  Total Bytes Received By Job
	Partitionable Resources :     Usage  Request Allocated 
	   Cpus                 :      0.03        1         1 
	   Disk (KB)            : 466085          20    279151 
	   Memory (MB)          :      6        2000      2000 

	Job terminated of its own accord at 2021-06-16T06:36:55Z.
...
