000 (147328.000.000) 06/16 08:25:40 Job submitted from host: <188.185.121.235:9618?addrs=188.185.121.235-9618+[2001-1458-d00-49--100-36e]-9618&alias=bigbird22.cern.ch&noUDP&sock=schedd_38044_991d>
...
040 (147328.000.000) 06/16 08:50:51 Entered queue to transfer input files
	Transferring to host: <128.142.149.88:9618?addrs=128.142.149.88-9618+[2001-1458-301-b--100-222]-9618&alias=b7g41n3885.cern.ch&noUDP&sock=slot1_10_4771_59db_36471>
...
040 (147328.000.000) 06/16 08:50:58 Started transferring input files
	Seconds spent in queue: 7
...
001 (147328.000.000) 06/16 08:50:58 Job executing on host: <128.142.149.88:9618?addrs=128.142.149.88-9618+[2001-1458-301-b--100-222]-9618&alias=b7g41n3885.cern.ch&noUDP&sock=startd_3720_3066>
...
006 (147328.000.000) 06/16 08:51:09 Image size of job updated: 774992
	67  -  MemoryUsage of job (MB)
	67764  -  ResidentSetSize of job (KB)
...
040 (147328.000.000) 06/16 08:51:09 Finished transferring input files
...
040 (147328.000.000) 06/16 08:51:30 Entered queue to transfer output files
...
040 (147328.000.000) 06/16 08:51:44 Started transferring output files
	Seconds spent in queue: 53
...
040 (147328.000.000) 06/16 08:51:51 Finished transferring output files
...
005 (147328.000.000) 06/16 08:51:59 Job terminated.
	(1) Normal termination (return value 0)
		Usr 0 00:00:10, Sys 0 00:00:03  -  Run Remote Usage
		Usr 0 00:00:00, Sys 0 00:00:00  -  Run Local Usage
		Usr 0 00:00:10, Sys 0 00:00:03  -  Total Remote Usage
		Usr 0 00:00:00, Sys 0 00:00:00  -  Total Local Usage
	18614  -  Run Bytes Sent By Job
	19195  -  Run Bytes Received By Job
	18614  -  Total Bytes Sent By Job
	19195  -  Total Bytes Received By Job
	Partitionable Resources :    Usage  Request Allocated 
	   Cpus                 :                 1         1 
	   Disk (KB)            :   465706       20    355482 
	   Memory (MB)          :       67     2000      2000 

	Job terminated of its own accord at 2021-06-16T06:51:25Z.
...
