000 (148690.000.000) 06/16 08:54:41 Job submitted from host: <188.185.121.235:9618?addrs=188.185.121.235-9618+[2001-1458-d00-49--100-36e]-9618&alias=bigbird22.cern.ch&noUDP&sock=schedd_38044_991d>
...
040 (148690.000.000) 06/16 09:54:43 Started transferring input files
	Transferring to host: <188.184.197.87:9618?addrs=188.184.197.87-9618+[2001-1458-301-103--100-146]-9618&alias=b7g23n2558.cern.ch&noUDP&sock=slot1_10_24005_71a9_91235>
...
040 (148690.000.000) 06/16 09:54:43 Finished transferring input files
...
001 (148690.000.000) 06/16 09:54:43 Job executing on host: <188.184.197.87:9618?addrs=188.184.197.87-9618+[2001-1458-301-103--100-146]-9618&alias=b7g23n2558.cern.ch&noUDP&sock=startd_18826_a60a>
...
006 (148690.000.000) 06/16 09:54:52 Image size of job updated: 625444
	6  -  MemoryUsage of job (MB)
	5216  -  ResidentSetSize of job (KB)
...
006 (148690.000.000) 06/16 09:59:53 Image size of job updated: 791456
	40  -  MemoryUsage of job (MB)
	40460  -  ResidentSetSize of job (KB)
...
006 (148690.000.000) 06/16 10:04:53 Image size of job updated: 791456
	67  -  MemoryUsage of job (MB)
	67768  -  ResidentSetSize of job (KB)
...
040 (148690.000.000) 06/16 12:18:56 Started transferring output files
...
040 (148690.000.000) 06/16 12:18:56 Finished transferring output files
...
005 (148690.000.000) 06/16 12:18:56 Job terminated.
	(1) Normal termination (return value 0)
		Usr 0 00:00:56, Sys 0 00:00:22  -  Run Remote Usage
		Usr 0 00:00:00, Sys 0 00:00:00  -  Run Local Usage
		Usr 0 00:00:56, Sys 0 00:00:22  -  Total Remote Usage
		Usr 0 00:00:00, Sys 0 00:00:00  -  Total Local Usage
	44787  -  Run Bytes Sent By Job
	19195  -  Run Bytes Received By Job
	44787  -  Total Bytes Sent By Job
	19195  -  Total Bytes Received By Job
	Partitionable Resources :      Usage  Request Allocated 
	   Cpus                 :       0.01        1         1 
	   Disk (KB)            : 2371261          20    271335 
	   Memory (MB)          :      67        2000      2000 

	Job terminated of its own accord at 2021-06-16T10:18:56Z.
...
