000 (146681.000.000) 06/16 08:13:08 Job submitted from host: <188.185.121.235:9618?addrs=188.185.121.235-9618+[2001-1458-d00-49--100-36e]-9618&alias=bigbird22.cern.ch&noUDP&sock=schedd_38044_991d>
...
040 (146681.000.000) 06/16 08:34:31 Started transferring input files
	Transferring to host: <128.142.82.4:9618?addrs=128.142.82.4-9618+[2001-1458-301-f5--100-645]-9618&alias=b7s13n1790.cern.ch&noUDP&sock=slot1_6_4010_285c_49204>
...
040 (146681.000.000) 06/16 08:34:31 Finished transferring input files
...
001 (146681.000.000) 06/16 08:34:31 Job executing on host: <128.142.82.4:9618?addrs=128.142.82.4-9618+[2001-1458-301-f5--100-645]-9618&alias=b7s13n1790.cern.ch&noUDP&sock=startd_3353_7524>
...
006 (146681.000.000) 06/16 08:34:40 Image size of job updated: 783188
	40  -  MemoryUsage of job (MB)
	40832  -  ResidentSetSize of job (KB)
...
006 (146681.000.000) 06/16 08:35:48 Image size of job updated: 791428
	40  -  MemoryUsage of job (MB)
	40832  -  ResidentSetSize of job (KB)
...
040 (146681.000.000) 06/16 08:35:49 Started transferring output files
...
040 (146681.000.000) 06/16 08:35:50 Finished transferring output files
...
005 (146681.000.000) 06/16 08:35:53 Job terminated.
	(1) Normal termination (return value 0)
		Usr 0 00:00:07, Sys 0 00:00:03  -  Run Remote Usage
		Usr 0 00:00:00, Sys 0 00:00:00  -  Run Local Usage
		Usr 0 00:00:07, Sys 0 00:00:03  -  Total Remote Usage
		Usr 0 00:00:00, Sys 0 00:00:00  -  Total Local Usage
	21984  -  Run Bytes Sent By Job
	19195  -  Run Bytes Received By Job
	21984  -  Total Bytes Sent By Job
	19195  -  Total Bytes Received By Job
	Partitionable Resources :     Usage  Request Allocated 
	   Cpus                 :      0.03        1         1 
	   Disk (KB)            : 466088          20    197416 
	   Memory (MB)          :     40        2000      2000 

	Job terminated of its own accord at 2021-06-16T06:35:48Z.
...
