000 (146674.000.000) 06/16 08:13:02 Job submitted from host: <188.185.121.235:9618?addrs=188.185.121.235-9618+[2001-1458-d00-49--100-36e]-9618&alias=bigbird22.cern.ch&noUDP&sock=schedd_38044_991d>
...
040 (146674.000.000) 06/16 08:34:28 Started transferring input files
	Transferring to host: <188.185.105.23:9618?addrs=188.185.105.23-9618+[2001-1458-d00-3e--100-2c6]-9618&alias=b7g50s8522.cern.ch&noUDP&sock=slot1_16_6263_9998_38093>
...
001 (146674.000.000) 06/16 08:34:29 Job executing on host: <188.185.105.23:9618?addrs=188.185.105.23-9618+[2001-1458-d00-3e--100-2c6]-9618&alias=b7g50s8522.cern.ch&noUDP&sock=startd_4832_edb6>
...
040 (146674.000.000) 06/16 08:34:29 Finished transferring input files
...
006 (146674.000.000) 06/16 08:34:37 Image size of job updated: 40084
	40  -  MemoryUsage of job (MB)
	40084  -  ResidentSetSize of job (KB)
...
006 (146674.000.000) 06/16 08:35:37 Image size of job updated: 791444
	40  -  MemoryUsage of job (MB)
	40084  -  ResidentSetSize of job (KB)
...
040 (146674.000.000) 06/16 08:35:37 Started transferring output files
...
040 (146674.000.000) 06/16 08:35:37 Finished transferring output files
...
005 (146674.000.000) 06/16 08:35:37 Job terminated.
	(1) Normal termination (return value 0)
		Usr 0 00:00:06, Sys 0 00:00:02  -  Run Remote Usage
		Usr 0 00:00:00, Sys 0 00:00:00  -  Run Local Usage
		Usr 0 00:00:06, Sys 0 00:00:02  -  Total Remote Usage
		Usr 0 00:00:00, Sys 0 00:00:00  -  Total Local Usage
	20822  -  Run Bytes Sent By Job
	19195  -  Run Bytes Received By Job
	20822  -  Total Bytes Sent By Job
	19195  -  Total Bytes Received By Job
	Partitionable Resources :    Usage  Request Allocated 
	   Cpus                 :                 1         1 
	   Disk (KB)            :   466068       20    586046 
	   Memory (MB)          :       40     2000      2000 

	Job terminated of its own accord at 2021-06-16T06:35:37Z.
...
