000 (148582.000.000) 06/16 08:52:29 Job submitted from host: <188.185.121.235:9618?addrs=188.185.121.235-9618+[2001-1458-d00-49--100-36e]-9618&alias=bigbird22.cern.ch&noUDP&sock=schedd_38044_991d>
...
040 (148582.000.000) 06/16 09:43:14 Started transferring input files
	Transferring to host: <128.142.86.237:9618?addrs=128.142.86.237-9618+[2001-1458-301-f6--100-4]-9618&alias=b7s14n1875.cern.ch&noUDP&sock=slot1_12_12137_5d47_91994>
...
001 (148582.000.000) 06/16 09:43:14 Job executing on host: <128.142.86.237:9618?addrs=128.142.86.237-9618+[2001-1458-301-f6--100-4]-9618&alias=b7s14n1875.cern.ch&noUDP&sock=startd_16361_dd16>
...
040 (148582.000.000) 06/16 09:43:14 Finished transferring input files
...
006 (148582.000.000) 06/16 09:43:23 Image size of job updated: 625444
	67  -  MemoryUsage of job (MB)
	67768  -  ResidentSetSize of job (KB)
...
006 (148582.000.000) 06/16 09:45:22 Image size of job updated: 791428
	67  -  MemoryUsage of job (MB)
	67768  -  ResidentSetSize of job (KB)
...
040 (148582.000.000) 06/16 09:45:22 Started transferring output files
...
040 (148582.000.000) 06/16 09:45:22 Finished transferring output files
...
005 (148582.000.000) 06/16 09:45:23 Job terminated.
	(1) Normal termination (return value 0)
		Usr 0 00:00:45, Sys 0 00:00:15  -  Run Remote Usage
		Usr 0 00:00:00, Sys 0 00:00:00  -  Run Local Usage
		Usr 0 00:00:45, Sys 0 00:00:15  -  Total Remote Usage
		Usr 0 00:00:00, Sys 0 00:00:00  -  Total Local Usage
	28476  -  Run Bytes Sent By Job
	19195  -  Run Bytes Received By Job
	28476  -  Total Bytes Sent By Job
	19195  -  Total Bytes Received By Job
	Partitionable Resources :    Usage  Request Allocated 
	   Cpus                 :                 1         1 
	   Disk (KB)            :  2368103       20    280772 
	   Memory (MB)          :       67     2000      2000 

	Job terminated of its own accord at 2021-06-16T07:45:22Z.
...
