000 (116338.000.000) 06/04 09:01:53 Job submitted from host: <188.185.121.235:9618?addrs=188.185.121.235-9618+[2001-1458-d00-49--100-36e]-9618&alias=bigbird22.cern.ch&noUDP&sock=schedd_38044_991d>
...
040 (116338.000.000) 06/04 09:12:21 Started transferring input files
	Transferring to host: <128.142.161.141:9618?addrs=128.142.161.141-9618+[2001-1458-301-b9--100-a]-9618&alias=b7g03p9957.cern.ch&noUDP&sock=slot1_9_52212_d3c4_110960>
...
040 (116338.000.000) 06/04 09:12:21 Finished transferring input files
...
001 (116338.000.000) 06/04 09:12:21 Job executing on host: <128.142.161.141:9618?addrs=128.142.161.141-9618+[2001-1458-301-b9--100-a]-9618&alias=b7g03p9957.cern.ch&noUDP&sock=startd_70266_35c2>
...
006 (116338.000.000) 06/04 09:12:30 Image size of job updated: 16680
	15  -  MemoryUsage of job (MB)
	14720  -  ResidentSetSize of job (KB)
...
006 (116338.000.000) 06/04 09:17:30 Image size of job updated: 790824
	66  -  MemoryUsage of job (MB)
	67500  -  ResidentSetSize of job (KB)
...
006 (116338.000.000) 06/04 09:52:33 Image size of job updated: 790824
	120  -  MemoryUsage of job (MB)
	121960  -  ResidentSetSize of job (KB)
...
040 (116338.000.000) 06/04 09:54:26 Started transferring output files
...
040 (116338.000.000) 06/04 09:54:26 Finished transferring output files
...
005 (116338.000.000) 06/04 09:54:26 Job terminated.
	(1) Normal termination (return value 0)
		Usr 0 00:02:27, Sys 0 00:00:31  -  Run Remote Usage
		Usr 0 00:00:00, Sys 0 00:00:00  -  Run Local Usage
		Usr 0 00:02:27, Sys 0 00:00:31  -  Total Remote Usage
		Usr 0 00:00:00, Sys 0 00:00:00  -  Total Local Usage
	61357  -  Run Bytes Sent By Job
	19195  -  Run Bytes Received By Job
	61357  -  Total Bytes Sent By Job
	19195  -  Total Bytes Received By Job
	Partitionable Resources :      Usage  Request Allocated 
	   Cpus                 :       0.02        1         1 
	   Disk (KB)            : 3708881          20   1237057 
	   Memory (MB)          :     120        2000      2000 

	Job terminated of its own accord at 2021-06-04T07:54:26Z.
...
000 (123487.000.000) 06/08 10:44:27 Job submitted from host: <188.185.121.235:9618?addrs=188.185.121.235-9618+[2001-1458-d00-49--100-36e]-9618&alias=bigbird22.cern.ch&noUDP&sock=schedd_38044_991d>
...
040 (123487.000.000) 06/08 11:18:16 Entered queue to transfer input files
	Transferring to host: <188.184.190.177:9618?addrs=188.184.190.177-9618+[2001-1458-301-4b--100-c1]-9618&alias=b7g42n0415.cern.ch&noUDP&sock=slot1_9_25764_d191_86670>
...
040 (123487.000.000) 06/08 11:53:57 Started transferring input files
	Seconds spent in queue: 2141
...
040 (123487.000.000) 06/08 11:53:57 Finished transferring input files
...
001 (123487.000.000) 06/08 11:53:57 Job executing on host: <188.184.190.177:9618?addrs=188.184.190.177-9618+[2001-1458-301-4b--100-c1]-9618&alias=b7g42n0415.cern.ch&noUDP&sock=startd_5693_80c1>
...
006 (123487.000.000) 06/08 11:54:05 Image size of job updated: 321800
	3  -  MemoryUsage of job (MB)
	2100  -  ResidentSetSize of job (KB)
...
006 (123487.000.000) 06/08 11:59:05 Image size of job updated: 791456
	67  -  MemoryUsage of job (MB)
	67776  -  ResidentSetSize of job (KB)
...
006 (123487.000.000) 06/08 12:44:10 Image size of job updated: 791456
	120  -  MemoryUsage of job (MB)
	122384  -  ResidentSetSize of job (KB)
...
040 (123487.000.000) 06/08 12:45:26 Started transferring output files
	Seconds spent in queue: 5230
...
040 (123487.000.000) 06/08 12:45:26 Finished transferring output files
...
005 (123487.000.000) 06/08 12:45:27 Job terminated.
	(1) Normal termination (return value 0)
		Usr 0 00:02:38, Sys 0 00:00:25  -  Run Remote Usage
		Usr 0 00:00:00, Sys 0 00:00:00  -  Run Local Usage
		Usr 0 00:02:38, Sys 0 00:00:25  -  Total Remote Usage
		Usr 0 00:00:00, Sys 0 00:00:00  -  Total Local Usage
	61369  -  Run Bytes Sent By Job
	19195  -  Run Bytes Received By Job
	61369  -  Total Bytes Sent By Job
	19195  -  Total Bytes Received By Job
	Partitionable Resources :      Usage  Request Allocated 
	   Cpus                 :       0.01        1         1 
	   Disk (KB)            : 3708881          20    179286 
	   Memory (MB)          :     120        2000      2000 

	Job terminated of its own accord at 2021-06-08T10:45:26Z.
...
