000 (147577.000.000) 06/16 08:31:05 Job submitted from host: <188.185.121.235:9618?addrs=188.185.121.235-9618+[2001-1458-d00-49--100-36e]-9618&alias=bigbird22.cern.ch&noUDP&sock=schedd_38044_991d>
...
040 (147577.000.000) 06/16 08:55:45 Started transferring input files
	Transferring to host: <128.142.161.136:9618?addrs=128.142.161.136-9618&alias=b7g03p6931.cern.ch&noUDP&sock=slot1_20_4508_0b30_47704>
...
001 (147577.000.000) 06/16 08:55:45 Job executing on host: <128.142.161.136:9618?addrs=128.142.161.136-9618&alias=b7g03p6931.cern.ch&noUDP&sock=startd_3457_cafd>
...
040 (147577.000.000) 06/16 08:55:45 Finished transferring input files
...
006 (147577.000.000) 06/16 08:55:54 Image size of job updated: 625440
	10  -  MemoryUsage of job (MB)
	10200  -  ResidentSetSize of job (KB)
...
006 (147577.000.000) 06/16 09:00:55 Image size of job updated: 791452
	67  -  MemoryUsage of job (MB)
	67772  -  ResidentSetSize of job (KB)
...
040 (147577.000.000) 06/16 12:08:44 Started transferring output files
...
040 (147577.000.000) 06/16 12:08:44 Finished transferring output files
...
005 (147577.000.000) 06/16 12:08:44 Job terminated.
	(1) Normal termination (return value 0)
		Usr 0 00:02:02, Sys 0 00:00:27  -  Run Remote Usage
		Usr 0 00:00:00, Sys 0 00:00:00  -  Run Local Usage
		Usr 0 00:02:02, Sys 0 00:00:27  -  Total Remote Usage
		Usr 0 00:00:00, Sys 0 00:00:00  -  Total Local Usage
	54374  -  Run Bytes Sent By Job
	19195  -  Run Bytes Received By Job
	54374  -  Total Bytes Sent By Job
	19195  -  Total Bytes Received By Job
	Partitionable Resources :      Usage  Request Allocated 
	   Cpus                 :       0.00        1         1 
	   Disk (KB)            : 3071134          20   1474955 
	   Memory (MB)          :      67        2000      2000 

	Job terminated of its own accord at 2021-06-16T10:08:44Z.
...
