000 (147350.000.000) 06/16 08:26:31 Job submitted from host: <188.185.121.235:9618?addrs=188.185.121.235-9618+[2001-1458-d00-49--100-36e]-9618&alias=bigbird22.cern.ch&noUDP&sock=schedd_38044_991d>
...
040 (147350.000.000) 06/16 08:51:51 Started transferring input files
	Transferring to host: <128.142.83.232:9618?addrs=128.142.83.232-9618+[2001-1458-301-f5--100-5da]-9618&alias=b7s13n1302.cern.ch&noUDP&sock=slot1_7_26666_5bf5_96029>
...
001 (147350.000.000) 06/16 08:51:57 Job executing on host: <128.142.83.232:9618?addrs=128.142.83.232-9618+[2001-1458-301-f5--100-5da]-9618&alias=b7s13n1302.cern.ch&noUDP&sock=startd_16710_3fa4>
...
040 (147350.000.000) 06/16 08:51:57 Finished transferring input files
...
006 (147350.000.000) 06/16 08:52:06 Image size of job updated: 791440
	38  -  MemoryUsage of job (MB)
	38832  -  ResidentSetSize of job (KB)
...
006 (147350.000.000) 06/16 08:52:30 Image size of job updated: 791440
	38  -  MemoryUsage of job (MB)
	38848  -  ResidentSetSize of job (KB)
...
040 (147350.000.000) 06/16 08:52:31 Started transferring output files
...
040 (147350.000.000) 06/16 08:52:32 Finished transferring output files
...
005 (147350.000.000) 06/16 08:52:32 Job terminated.
	(1) Normal termination (return value 0)
		Usr 0 00:00:07, Sys 0 00:00:02  -  Run Remote Usage
		Usr 0 00:00:00, Sys 0 00:00:00  -  Run Local Usage
		Usr 0 00:00:07, Sys 0 00:00:02  -  Total Remote Usage
		Usr 0 00:00:00, Sys 0 00:00:00  -  Total Local Usage
	17358  -  Run Bytes Sent By Job
	19195  -  Run Bytes Received By Job
	17358  -  Total Bytes Sent By Job
	19195  -  Total Bytes Received By Job
	Partitionable Resources :    Usage  Request Allocated 
	   Cpus                 :                 1         1 
	   Disk (KB)            :   466477       20    286471 
	   Memory (MB)          :       38     2000      2000 

	Job terminated of its own accord at 2021-06-16T06:52:30Z.
...
