000 (147753.000.000) 06/16 08:34:59 Job submitted from host: <188.185.121.235:9618?addrs=188.185.121.235-9618+[2001-1458-d00-49--100-36e]-9618&alias=bigbird22.cern.ch&noUDP&sock=schedd_38044_991d>
...
040 (147753.000.000) 06/16 08:57:03 Started transferring input files
	Transferring to host: <188.184.196.217:9618?addrs=188.184.196.217-9618+[2001-1458-301-102--100-f1]-9618&alias=b7g24n0464.cern.ch&noUDP&sock=slot1_3_4742_eafa_44321>
...
040 (147753.000.000) 06/16 08:57:03 Finished transferring input files
...
001 (147753.000.000) 06/16 08:57:03 Job executing on host: <188.184.196.217:9618?addrs=188.184.196.217-9618+[2001-1458-301-102--100-f1]-9618&alias=b7g24n0464.cern.ch&noUDP&sock=startd_3804_ce5a>
...
006 (147753.000.000) 06/16 08:57:11 Image size of job updated: 766796
	12  -  MemoryUsage of job (MB)
	11416  -  ResidentSetSize of job (KB)
...
006 (147753.000.000) 06/16 09:02:11 Image size of job updated: 791444
	67  -  MemoryUsage of job (MB)
	67768  -  ResidentSetSize of job (KB)
...
006 (147753.000.000) 06/16 09:32:14 Image size of job updated: 791444
	107  -  MemoryUsage of job (MB)
	108592  -  ResidentSetSize of job (KB)
...
040 (147753.000.000) 06/16 09:32:26 Started transferring output files
...
040 (147753.000.000) 06/16 09:32:26 Finished transferring output files
...
005 (147753.000.000) 06/16 09:32:27 Job terminated.
	(1) Normal termination (return value 0)
		Usr 0 00:02:10, Sys 0 00:00:24  -  Run Remote Usage
		Usr 0 00:00:00, Sys 0 00:00:00  -  Run Local Usage
		Usr 0 00:02:10, Sys 0 00:00:24  -  Total Remote Usage
		Usr 0 00:00:00, Sys 0 00:00:00  -  Total Local Usage
	54398  -  Run Bytes Sent By Job
	19195  -  Run Bytes Received By Job
	54398  -  Total Bytes Sent By Job
	19195  -  Total Bytes Received By Job
	Partitionable Resources :      Usage  Request Allocated 
	   Cpus                 :       0.96        1         1 
	   Disk (KB)            : 3074063          20    310250 
	   Memory (MB)          :     107        2000      2000 

	Job terminated of its own accord at 2021-06-16T07:32:26Z.
...
