000 (147460.000.000) 06/16 08:28:44 Job submitted from host: <188.185.121.235:9618?addrs=188.185.121.235-9618+[2001-1458-d00-49--100-36e]-9618&alias=bigbird22.cern.ch&noUDP&sock=schedd_38044_991d>
...
040 (147460.000.000) 06/16 08:54:07 Started transferring input files
	Transferring to host: <128.142.85.26:9618?addrs=128.142.85.26-9618+[2001-1458-301-f6--100-6de]-9618&alias=b7s14n6571.cern.ch&noUDP&sock=slot1_9_5896_03e9_49400>
...
001 (147460.000.000) 06/16 08:54:08 Job executing on host: <128.142.85.26:9618?addrs=128.142.85.26-9618+[2001-1458-301-f6--100-6de]-9618&alias=b7s14n6571.cern.ch&noUDP&sock=startd_4672_2e8f>
...
040 (147460.000.000) 06/16 08:54:08 Finished transferring input files
...
006 (147460.000.000) 06/16 08:54:16 Image size of job updated: 625444
	37  -  MemoryUsage of job (MB)
	37724  -  ResidentSetSize of job (KB)
...
006 (147460.000.000) 06/16 08:59:16 Image size of job updated: 791428
	67  -  MemoryUsage of job (MB)
	67780  -  ResidentSetSize of job (KB)
...
040 (147460.000.000) 06/16 09:36:12 Started transferring output files
...
040 (147460.000.000) 06/16 09:36:12 Finished transferring output files
...
005 (147460.000.000) 06/16 09:36:13 Job terminated.
	(1) Normal termination (return value 0)
		Usr 0 00:01:18, Sys 0 00:00:19  -  Run Remote Usage
		Usr 0 00:00:00, Sys 0 00:00:00  -  Run Local Usage
		Usr 0 00:01:18, Sys 0 00:00:19  -  Total Remote Usage
		Usr 0 00:00:00, Sys 0 00:00:00  -  Total Local Usage
	54364  -  Run Bytes Sent By Job
	19195  -  Run Bytes Received By Job
	54364  -  Total Bytes Sent By Job
	19195  -  Total Bytes Received By Job
	Partitionable Resources :      Usage  Request Allocated 
	   Cpus                 :       0.73        1         1 
	   Disk (KB)            : 3073984          20    280395 
	   Memory (MB)          :      67        2000      2000 

	Job terminated of its own accord at 2021-06-16T07:36:12Z.
...
