000 (146720.000.000) 06/16 08:13:40 Job submitted from host: <188.185.121.235:9618?addrs=188.185.121.235-9618+[2001-1458-d00-49--100-36e]-9618&alias=bigbird22.cern.ch&noUDP&sock=schedd_38044_991d>
...
040 (146720.000.000) 06/16 08:34:55 Started transferring input files
	Transferring to host: <128.142.161.115:9618?addrs=128.142.161.115-9618&alias=b7g03p2673.cern.ch&noUDP&sock=slot1_23_3502_39c7_48905>
...
001 (146720.000.000) 06/16 08:34:55 Job executing on host: <128.142.161.115:9618?addrs=128.142.161.115-9618&alias=b7g03p2673.cern.ch&noUDP&sock=startd_2603_051c>
...
040 (146720.000.000) 06/16 08:34:55 Finished transferring input files
...
006 (146720.000.000) 06/16 08:35:04 Image size of job updated: 791384
	41  -  MemoryUsage of job (MB)
	41164  -  ResidentSetSize of job (KB)
...
006 (146720.000.000) 06/16 08:35:46 Image size of job updated: 791432
	41  -  MemoryUsage of job (MB)
	41196  -  ResidentSetSize of job (KB)
...
040 (146720.000.000) 06/16 08:35:47 Started transferring output files
...
040 (146720.000.000) 06/16 08:35:48 Finished transferring output files
...
005 (146720.000.000) 06/16 08:35:50 Job terminated.
	(1) Normal termination (return value 0)
		Usr 0 00:00:07, Sys 0 00:00:02  -  Run Remote Usage
		Usr 0 00:00:00, Sys 0 00:00:00  -  Run Local Usage
		Usr 0 00:00:07, Sys 0 00:00:02  -  Total Remote Usage
		Usr 0 00:00:00, Sys 0 00:00:00  -  Total Local Usage
	18933  -  Run Bytes Sent By Job
	19195  -  Run Bytes Received By Job
	18933  -  Total Bytes Sent By Job
	19195  -  Total Bytes Received By Job
	Partitionable Resources :    Usage  Request Allocated 
	   Cpus                 :                 1         1 
	   Disk (KB)            :   466069       20   1423234 
	   Memory (MB)          :       41     2000      2000 

	Job terminated of its own accord at 2021-06-16T06:35:46Z.
...
