000 (146977.000.000) 06/16 08:18:46 Job submitted from host: <188.185.121.235:9618?addrs=188.185.121.235-9618+[2001-1458-d00-49--100-36e]-9618&alias=bigbird22.cern.ch&noUDP&sock=schedd_38044_991d>
...
040 (146977.000.000) 06/16 08:45:51 Started transferring input files
	Transferring to host: <128.142.161.76:9618?addrs=128.142.161.76-9618+[2001-1458-301-b8--100-a]-9618&alias=b7g03p3077.cern.ch&noUDP&sock=slot1_56_3692_190f_62715>
...
001 (146977.000.000) 06/16 08:45:52 Job executing on host: <128.142.161.76:9618?addrs=128.142.161.76-9618+[2001-1458-301-b8--100-a]-9618&alias=b7g03p3077.cern.ch&noUDP&sock=startd_3007_215f>
...
040 (146977.000.000) 06/16 08:45:52 Finished transferring input files
...
006 (146977.000.000) 06/16 08:46:00 Image size of job updated: 31076
	31  -  MemoryUsage of job (MB)
	31076  -  ResidentSetSize of job (KB)
...
006 (146977.000.000) 06/16 08:51:00 Image size of job updated: 791456
	67  -  MemoryUsage of job (MB)
	67780  -  ResidentSetSize of job (KB)
...
040 (146977.000.000) 06/16 08:52:44 Started transferring output files
...
040 (146977.000.000) 06/16 08:52:44 Finished transferring output files
...
005 (146977.000.000) 06/16 08:52:44 Job terminated.
	(1) Normal termination (return value 0)
		Usr 0 00:00:08, Sys 0 00:00:03  -  Run Remote Usage
		Usr 0 00:00:00, Sys 0 00:00:00  -  Run Local Usage
		Usr 0 00:00:08, Sys 0 00:00:03  -  Total Remote Usage
		Usr 0 00:00:00, Sys 0 00:00:00  -  Total Local Usage
	21089  -  Run Bytes Sent By Job
	19195  -  Run Bytes Received By Job
	21089  -  Total Bytes Sent By Job
	19195  -  Total Bytes Received By Job
	Partitionable Resources :    Usage  Request Allocated 
	   Cpus                 :                 1         1 
	   Disk (KB)            :   466089       20   1329438 
	   Memory (MB)          :       67     2000      2000 

	Job terminated of its own accord at 2021-06-16T06:52:43Z.
...
