000 (147077.000.000) 06/16 08:20:26 Job submitted from host: <188.185.121.235:9618?addrs=188.185.121.235-9618+[2001-1458-d00-49--100-36e]-9618&alias=bigbird22.cern.ch&noUDP&sock=schedd_38044_991d>
...
040 (147077.000.000) 06/16 08:46:37 Started transferring input files
	Transferring to host: <128.142.81.26:9618?addrs=128.142.81.26-9618+[2001-1458-301-f5--100-471]-9618&alias=b7s13n6102.cern.ch&noUDP&sock=slot1_9_5747_0803_49847>
...
040 (147077.000.000) 06/16 08:46:37 Finished transferring input files
...
001 (147077.000.000) 06/16 08:46:37 Job executing on host: <128.142.81.26:9618?addrs=128.142.81.26-9618+[2001-1458-301-f5--100-471]-9618&alias=b7s13n6102.cern.ch&noUDP&sock=startd_4614_6611>
...
006 (147077.000.000) 06/16 08:46:45 Image size of job updated: 33512
	33  -  MemoryUsage of job (MB)
	33512  -  ResidentSetSize of job (KB)
...
006 (147077.000.000) 06/16 08:48:59 Image size of job updated: 791456
	33  -  MemoryUsage of job (MB)
	33516  -  ResidentSetSize of job (KB)
...
040 (147077.000.000) 06/16 08:48:59 Started transferring output files
...
040 (147077.000.000) 06/16 08:48:59 Finished transferring output files
...
005 (147077.000.000) 06/16 08:49:00 Job terminated.
	(1) Normal termination (return value 0)
		Usr 0 00:00:07, Sys 0 00:00:02  -  Run Remote Usage
		Usr 0 00:00:00, Sys 0 00:00:00  -  Run Local Usage
		Usr 0 00:00:07, Sys 0 00:00:02  -  Total Remote Usage
		Usr 0 00:00:00, Sys 0 00:00:00  -  Total Local Usage
	21847  -  Run Bytes Sent By Job
	19195  -  Run Bytes Received By Job
	21847  -  Total Bytes Sent By Job
	19195  -  Total Bytes Received By Job
	Partitionable Resources :    Usage  Request Allocated 
	   Cpus                 :                 1         1 
	   Disk (KB)            :   466094       20    189194 
	   Memory (MB)          :       33     2000      2000 

	Job terminated of its own accord at 2021-06-16T06:48:59Z.
...
