000 (116600.000.000) 06/04 09:04:57 Job submitted from host: <188.185.121.235:9618?addrs=188.185.121.235-9618+[2001-1458-d00-49--100-36e]-9618&alias=bigbird22.cern.ch&noUDP&sock=schedd_38044_991d>
...
040 (116600.000.000) 06/04 09:21:42 Started transferring input files
	Transferring to host: <188.184.210.153:9618?addrs=188.184.210.153-9618+[2001-1458-301-10b--100-107]-9618&alias=b7g23n2159.cern.ch&noUDP&sock=slot1_8_5782_b124_34886>
...
001 (116600.000.000) 06/04 09:21:42 Job executing on host: <188.184.210.153:9618?addrs=188.184.210.153-9618+[2001-1458-301-10b--100-107]-9618&alias=b7g23n2159.cern.ch&noUDP&sock=startd_4535_3615>
...
040 (116600.000.000) 06/04 09:21:42 Finished transferring input files
...
006 (116600.000.000) 06/04 09:21:50 Image size of job updated: 4380
	5  -  MemoryUsage of job (MB)
	4380  -  ResidentSetSize of job (KB)
...
006 (116600.000.000) 06/04 09:26:50 Image size of job updated: 790824
	41  -  MemoryUsage of job (MB)
	41616  -  ResidentSetSize of job (KB)
...
006 (116600.000.000) 06/04 09:31:51 Image size of job updated: 790824
	66  -  MemoryUsage of job (MB)
	67496  -  ResidentSetSize of job (KB)
...
040 (116600.000.000) 06/04 13:50:11 Started transferring output files
...
040 (116600.000.000) 06/04 13:50:11 Finished transferring output files
...
005 (116600.000.000) 06/04 13:50:11 Job terminated.
	(1) Normal termination (return value 0)
		Usr 0 00:01:21, Sys 0 00:00:18  -  Run Remote Usage
		Usr 0 00:00:00, Sys 0 00:00:00  -  Run Local Usage
		Usr 0 00:01:21, Sys 0 00:00:18  -  Total Remote Usage
		Usr 0 00:00:00, Sys 0 00:00:00  -  Total Local Usage
	48974  -  Run Bytes Sent By Job
	19195  -  Run Bytes Received By Job
	48974  -  Total Bytes Sent By Job
	19195  -  Total Bytes Received By Job
	Partitionable Resources :      Usage  Request Allocated 
	   Cpus                 :       0.00        1         1 
	   Disk (KB)            : 2758762          20    349317 
	   Memory (MB)          :      66        2000      2000 

	Job terminated of its own accord at 2021-06-04T11:50:11Z.
...
000 (123740.000.000) 06/08 10:48:23 Job submitted from host: <188.185.121.235:9618?addrs=188.185.121.235-9618+[2001-1458-d00-49--100-36e]-9618&alias=bigbird22.cern.ch&noUDP&sock=schedd_38044_991d>
...
040 (123740.000.000) 06/08 11:20:10 Entered queue to transfer input files
	Transferring to host: <128.142.84.112:9618?addrs=128.142.84.112-9618+[2001-1458-301-f6--100-6d5]-9618&alias=b7s14n5134.cern.ch&noUDP&sock=slot1_4_6509_ede2_33704>
...
040 (123740.000.000) 06/08 11:53:58 Started transferring input files
	Seconds spent in queue: 2028
...
001 (123740.000.000) 06/08 11:53:58 Job executing on host: <128.142.84.112:9618?addrs=128.142.84.112-9618+[2001-1458-301-f6--100-6d5]-9618&alias=b7s14n5134.cern.ch&noUDP&sock=startd_5116_ba9c>
...
040 (123740.000.000) 06/08 11:53:58 Finished transferring input files
...
006 (123740.000.000) 06/08 11:54:06 Image size of job updated: 256264
	3  -  MemoryUsage of job (MB)
	2088  -  ResidentSetSize of job (KB)
...
006 (123740.000.000) 06/08 11:59:06 Image size of job updated: 791456
	43  -  MemoryUsage of job (MB)
	43024  -  ResidentSetSize of job (KB)
...
006 (123740.000.000) 06/08 12:04:07 Image size of job updated: 791456
	67  -  MemoryUsage of job (MB)
	67768  -  ResidentSetSize of job (KB)
...
040 (123740.000.000) 06/08 15:25:38 Started transferring output files
	Seconds spent in queue: 14728
...
040 (123740.000.000) 06/08 15:25:38 Finished transferring output files
...
005 (123740.000.000) 06/08 15:25:38 Job terminated.
	(1) Normal termination (return value 0)
		Usr 0 00:00:59, Sys 0 00:00:16  -  Run Remote Usage
		Usr 0 00:00:00, Sys 0 00:00:00  -  Run Local Usage
		Usr 0 00:00:59, Sys 0 00:00:16  -  Total Remote Usage
		Usr 0 00:00:00, Sys 0 00:00:00  -  Total Local Usage
	48996  -  Run Bytes Sent By Job
	19195  -  Run Bytes Received By Job
	48996  -  Total Bytes Sent By Job
	19195  -  Total Bytes Received By Job
	Partitionable Resources :      Usage  Request Allocated 
	   Cpus                 :       0.00        1         1 
	   Disk (KB)            : 2758763          20    284081 
	   Memory (MB)          :      67        2000      2000 

	Job terminated of its own accord at 2021-06-08T13:25:38Z.
...
