000 (147709.000.000) 06/16 08:34:23 Job submitted from host: <188.185.121.235:9618?addrs=188.185.121.235-9618+[2001-1458-d00-49--100-36e]-9618&alias=bigbird22.cern.ch&noUDP&sock=schedd_38044_991d>
...
040 (147709.000.000) 06/16 08:56:42 Started transferring input files
	Transferring to host: <128.142.161.73:9618?addrs=128.142.161.73-9618&alias=b7g03p7928.cern.ch&noUDP&sock=slot1_29_3749_4272_63687>
...
040 (147709.000.000) 06/16 08:56:42 Finished transferring input files
...
001 (147709.000.000) 06/16 08:56:42 Job executing on host: <128.142.161.73:9618?addrs=128.142.161.73-9618&alias=b7g03p7928.cern.ch&noUDP&sock=startd_2984_5ab1>
...
006 (147709.000.000) 06/16 08:56:50 Image size of job updated: 774992
	29  -  MemoryUsage of job (MB)
	28708  -  ResidentSetSize of job (KB)
...
006 (147709.000.000) 06/16 09:01:50 Image size of job updated: 791444
	67  -  MemoryUsage of job (MB)
	67772  -  ResidentSetSize of job (KB)
...
040 (147709.000.000) 06/16 10:29:33 Started transferring output files
...
040 (147709.000.000) 06/16 10:29:33 Finished transferring output files
...
005 (147709.000.000) 06/16 10:29:34 Job terminated.
	(1) Normal termination (return value 0)
		Usr 0 00:01:36, Sys 0 00:00:25  -  Run Remote Usage
		Usr 0 00:00:00, Sys 0 00:00:00  -  Run Local Usage
		Usr 0 00:01:36, Sys 0 00:00:25  -  Total Remote Usage
		Usr 0 00:00:00, Sys 0 00:00:00  -  Total Local Usage
	54554  -  Run Bytes Sent By Job
	19195  -  Run Bytes Received By Job
	54554  -  Total Bytes Sent By Job
	19195  -  Total Bytes Received By Job
	Partitionable Resources :      Usage  Request Allocated 
	   Cpus                 :       0.00        1         1 
	   Disk (KB)            : 3074281          20   1422361 
	   Memory (MB)          :      67        2000      2000 

	Job terminated of its own accord at 2021-06-16T08:29:33Z.
...
