000 (148424.000.000) 06/16 08:48:32 Job submitted from host: <188.185.121.235:9618?addrs=188.185.121.235-9618+[2001-1458-d00-49--100-36e]-9618&alias=bigbird22.cern.ch&noUDP&sock=schedd_38044_991d>
...
040 (148424.000.000) 06/16 09:28:22 Started transferring input files
	Transferring to host: <188.184.169.39:9618?addrs=188.184.169.39-9618+[2001-1458-301-c0--100-2a]-9618&alias=b7g52n5945.cern.ch&noUDP&sock=slot1_9_27921_9ec8_92209>
...
040 (148424.000.000) 06/16 09:28:22 Finished transferring input files
...
001 (148424.000.000) 06/16 09:28:22 Job executing on host: <188.184.169.39:9618?addrs=188.184.169.39-9618+[2001-1458-301-c0--100-2a]-9618&alias=b7g52n5945.cern.ch&noUDP&sock=startd_18323_a1e7>
...
006 (148424.000.000) 06/16 09:28:31 Image size of job updated: 10788
	11  -  MemoryUsage of job (MB)
	10788  -  ResidentSetSize of job (KB)
...
006 (148424.000.000) 06/16 09:33:32 Image size of job updated: 791456
	67  -  MemoryUsage of job (MB)
	67780  -  ResidentSetSize of job (KB)
...
040 (148424.000.000) 06/16 10:47:32 Started transferring output files
...
040 (148424.000.000) 06/16 10:47:32 Finished transferring output files
...
005 (148424.000.000) 06/16 10:47:32 Job terminated.
	(1) Normal termination (return value 0)
		Usr 0 00:00:50, Sys 0 00:00:13  -  Run Remote Usage
		Usr 0 00:00:00, Sys 0 00:00:00  -  Run Local Usage
		Usr 0 00:00:50, Sys 0 00:00:13  -  Total Remote Usage
		Usr 0 00:00:00, Sys 0 00:00:00  -  Total Local Usage
	46783  -  Run Bytes Sent By Job
	19195  -  Run Bytes Received By Job
	46783  -  Total Bytes Sent By Job
	19195  -  Total Bytes Received By Job
	Partitionable Resources :      Usage  Request Allocated 
	   Cpus                 :       1.00        1         1 
	   Disk (KB)            : 2367953          20    280236 
	   Memory (MB)          :      67        2000      2000 

	Job terminated of its own accord at 2021-06-16T08:47:32Z.
...
