000 (146915.000.000) 06/16 08:17:29 Job submitted from host: <188.185.121.235:9618?addrs=188.185.121.235-9618+[2001-1458-d00-49--100-36e]-9618&alias=bigbird22.cern.ch&noUDP&sock=schedd_38044_991d>
...
040 (146915.000.000) 06/16 08:44:05 Started transferring input files
	Transferring to host: <128.142.77.20:9618?addrs=128.142.77.20-9618+[2001-1458-301-f4--100-73]-9618&alias=b7s12n2945.cern.ch&noUDP&sock=slot1_14_11165_809f_95759>
...
001 (146915.000.000) 06/16 08:44:07 Job executing on host: <128.142.77.20:9618?addrs=128.142.77.20-9618+[2001-1458-301-f4--100-73]-9618&alias=b7s12n2945.cern.ch&noUDP&sock=startd_16551_3015>
...
040 (146915.000.000) 06/16 08:44:07 Finished transferring input files
...
006 (146915.000.000) 06/16 08:44:15 Image size of job updated: 791436
	49  -  MemoryUsage of job (MB)
	49504  -  ResidentSetSize of job (KB)
...
040 (146915.000.000) 06/16 08:44:38 Started transferring output files
...
040 (146915.000.000) 06/16 08:44:39 Finished transferring output files
...
005 (146915.000.000) 06/16 08:44:40 Job terminated.
	(1) Normal termination (return value 0)
		Usr 0 00:00:08, Sys 0 00:00:02  -  Run Remote Usage
		Usr 0 00:00:00, Sys 0 00:00:00  -  Run Local Usage
		Usr 0 00:00:08, Sys 0 00:00:02  -  Total Remote Usage
		Usr 0 00:00:00, Sys 0 00:00:00  -  Total Local Usage
	18744  -  Run Bytes Sent By Job
	19195  -  Run Bytes Received By Job
	18744  -  Total Bytes Sent By Job
	19195  -  Total Bytes Received By Job
	Partitionable Resources :    Usage  Request Allocated 
	   Cpus                 :                 1         1 
	   Disk (KB)            :   466078       20    277463 
	   Memory (MB)          :       49     2000      2000 

	Job terminated of its own accord at 2021-06-16T06:44:38Z.
...
