000 (116097.000.000) 06/04 08:58:06 Job submitted from host: <188.185.121.235:9618?addrs=188.185.121.235-9618+[2001-1458-d00-49--100-36e]-9618&alias=bigbird22.cern.ch&noUDP&sock=schedd_38044_991d>
...
040 (116097.000.000) 06/04 09:01:38 Started transferring input files
	Transferring to host: <128.142.74.170:9618?addrs=128.142.74.170-9618+[2001-1458-301-75--100-19c]-9618&alias=b7s11n3763.cern.ch&noUDP&sock=slot1_16_5695_6481_34391>
...
040 (116097.000.000) 06/04 09:01:38 Finished transferring input files
...
001 (116097.000.000) 06/04 09:01:38 Job executing on host: <128.142.74.170:9618?addrs=128.142.74.170-9618+[2001-1458-301-75--100-19c]-9618&alias=b7s11n3763.cern.ch&noUDP&sock=startd_4554_3e62>
...
006 (116097.000.000) 06/04 09:01:47 Image size of job updated: 15388
	16  -  MemoryUsage of job (MB)
	15388  -  ResidentSetSize of job (KB)
...
006 (116097.000.000) 06/04 09:06:48 Image size of job updated: 790824
	66  -  MemoryUsage of job (MB)
	67504  -  ResidentSetSize of job (KB)
...
006 (116097.000.000) 06/04 09:36:51 Image size of job updated: 790824
	92  -  MemoryUsage of job (MB)
	93196  -  ResidentSetSize of job (KB)
...
040 (116097.000.000) 06/04 09:38:25 Started transferring output files
...
040 (116097.000.000) 06/04 09:38:25 Finished transferring output files
...
005 (116097.000.000) 06/04 09:38:26 Job terminated.
	(1) Normal termination (return value 0)
		Usr 0 00:01:33, Sys 0 00:00:19  -  Run Remote Usage
		Usr 0 00:00:00, Sys 0 00:00:00  -  Run Local Usage
		Usr 0 00:01:33, Sys 0 00:00:19  -  Total Remote Usage
		Usr 0 00:00:00, Sys 0 00:00:00  -  Total Local Usage
	60980  -  Run Bytes Sent By Job
	19195  -  Run Bytes Received By Job
	60980  -  Total Bytes Sent By Job
	19195  -  Total Bytes Received By Job
	Partitionable Resources :      Usage  Request Allocated 
	   Cpus                 :       0.01        1         1 
	   Disk (KB)            : 3711717          20    200280 
	   Memory (MB)          :      92        2000      2000 

	Job terminated of its own accord at 2021-06-04T07:38:25Z.
...
000 (123238.000.000) 06/08 10:39:56 Job submitted from host: <188.185.121.235:9618?addrs=188.185.121.235-9618+[2001-1458-d00-49--100-36e]-9618&alias=bigbird22.cern.ch&noUDP&sock=schedd_38044_991d>
...
040 (123238.000.000) 06/08 11:16:07 Entered queue to transfer input files
	Transferring to host: <128.142.80.26:9618?addrs=128.142.80.26-9618+[2001-1458-301-f5--100-65c]-9618&alias=b7s13n5296.cern.ch&noUDP&sock=slot1_3_25543_1aa8_85526>
...
040 (123238.000.000) 06/08 11:53:55 Started transferring input files
	Seconds spent in queue: 2268
...
001 (123238.000.000) 06/08 11:53:55 Job executing on host: <128.142.80.26:9618?addrs=128.142.80.26-9618+[2001-1458-301-f5--100-65c]-9618&alias=b7s13n5296.cern.ch&noUDP&sock=startd_14273_ab57>
...
040 (123238.000.000) 06/08 11:53:55 Finished transferring input files
...
006 (123238.000.000) 06/08 11:54:04 Image size of job updated: 330520
	30  -  MemoryUsage of job (MB)
	30484  -  ResidentSetSize of job (KB)
...
006 (123238.000.000) 06/08 11:59:05 Image size of job updated: 791440
	67  -  MemoryUsage of job (MB)
	67780  -  ResidentSetSize of job (KB)
...
040 (123238.000.000) 06/08 12:32:56 Started transferring output files
	Seconds spent in queue: 4609
...
040 (123238.000.000) 06/08 12:32:56 Finished transferring output files
...
005 (123238.000.000) 06/08 12:32:57 Job terminated.
	(1) Normal termination (return value 0)
		Usr 0 00:01:32, Sys 0 00:00:24  -  Run Remote Usage
		Usr 0 00:00:00, Sys 0 00:00:00  -  Run Local Usage
		Usr 0 00:01:32, Sys 0 00:00:24  -  Total Remote Usage
		Usr 0 00:00:00, Sys 0 00:00:00  -  Total Local Usage
	60862  -  Run Bytes Sent By Job
	19195  -  Run Bytes Received By Job
	60862  -  Total Bytes Sent By Job
	19195  -  Total Bytes Received By Job
	Partitionable Resources :      Usage  Request Allocated 
	   Cpus                 :       0.01        1         1 
	   Disk (KB)            : 3711717          20    275224 
	   Memory (MB)          :      67        2000      2000 

	Job terminated of its own accord at 2021-06-08T10:32:56Z.
...
