000 (116849.000.000) 06/04 09:08:17 Job submitted from host: <188.185.121.235:9618?addrs=188.185.121.235-9618+[2001-1458-d00-49--100-36e]-9618&alias=bigbird22.cern.ch&noUDP&sock=schedd_38044_991d>
...
040 (116849.000.000) 06/04 09:41:33 Started transferring input files
	Transferring to host: <188.184.138.18:9618?addrs=188.184.138.18-9618+[2001-1458-301-45--100-17]-9618&alias=b7g42n0070.cern.ch&noUDP&sock=slot1_6_4914_1b81_29692>
...
001 (116849.000.000) 06/04 09:41:33 Job executing on host: <188.184.138.18:9618?addrs=188.184.138.18-9618+[2001-1458-301-45--100-17]-9618&alias=b7g42n0070.cern.ch&noUDP&sock=startd_3710_5473>
...
040 (116849.000.000) 06/04 09:41:33 Finished transferring input files
...
006 (116849.000.000) 06/04 09:41:42 Image size of job updated: 624804
	4  -  MemoryUsage of job (MB)
	3500  -  ResidentSetSize of job (KB)
...
006 (116849.000.000) 06/04 09:46:43 Image size of job updated: 790824
	66  -  MemoryUsage of job (MB)
	67500  -  ResidentSetSize of job (KB)
...
040 (116849.000.000) 06/04 11:03:56 Started transferring output files
...
040 (116849.000.000) 06/04 11:03:56 Finished transferring output files
...
005 (116849.000.000) 06/04 11:03:56 Job terminated.
	(1) Normal termination (return value 0)
		Usr 0 00:01:31, Sys 0 00:00:15  -  Run Remote Usage
		Usr 0 00:00:00, Sys 0 00:00:00  -  Run Local Usage
		Usr 0 00:01:31, Sys 0 00:00:15  -  Total Remote Usage
		Usr 0 00:00:00, Sys 0 00:00:00  -  Total Local Usage
	50932  -  Run Bytes Sent By Job
	19195  -  Run Bytes Received By Job
	50932  -  Total Bytes Sent By Job
	19195  -  Total Bytes Received By Job
	Partitionable Resources :      Usage  Request Allocated 
	   Cpus                 :       0.01        1         1 
	   Disk (KB)            : 2758861          20    290901 
	   Memory (MB)          :      66        2000      2000 

	Job terminated of its own accord at 2021-06-04T09:03:55Z.
...
000 (124003.000.000) 06/08 10:51:54 Job submitted from host: <188.185.121.235:9618?addrs=188.185.121.235-9618+[2001-1458-d00-49--100-36e]-9618&alias=bigbird22.cern.ch&noUDP&sock=schedd_38044_991d>
...
040 (124003.000.000) 06/08 11:23:12 Entered queue to transfer input files
	Transferring to host: <188.184.196.168:9618?addrs=188.184.196.168-9618+[2001-1458-301-102--100-a9]-9618&alias=b7g24n0330.cern.ch&noUDP&sock=slot1_4_10103_3a34_45693>
...
040 (124003.000.000) 06/08 11:53:59 Started transferring input files
	Seconds spent in queue: 1847
...
001 (124003.000.000) 06/08 11:53:59 Job executing on host: <188.184.196.168:9618?addrs=188.184.196.168-9618+[2001-1458-301-102--100-a9]-9618&alias=b7g24n0330.cern.ch&noUDP&sock=startd_3831_5369>
...
040 (124003.000.000) 06/08 11:53:59 Finished transferring input files
...
006 (124003.000.000) 06/08 11:54:08 Image size of job updated: 1744
	2  -  MemoryUsage of job (MB)
	1744  -  ResidentSetSize of job (KB)
...
006 (124003.000.000) 06/08 11:59:09 Image size of job updated: 791452
	67  -  MemoryUsage of job (MB)
	67776  -  ResidentSetSize of job (KB)
...
006 (124003.000.000) 06/08 13:04:16 Image size of job updated: 791452
	91  -  MemoryUsage of job (MB)
	92600  -  ResidentSetSize of job (KB)
...
040 (124003.000.000) 06/08 13:05:19 Started transferring output files
	Seconds spent in queue: 6127
...
040 (124003.000.000) 06/08 13:05:19 Finished transferring output files
...
005 (124003.000.000) 06/08 13:05:19 Job terminated.
	(1) Normal termination (return value 0)
		Usr 0 00:01:28, Sys 0 00:00:13  -  Run Remote Usage
		Usr 0 00:00:00, Sys 0 00:00:00  -  Run Local Usage
		Usr 0 00:01:28, Sys 0 00:00:13  -  Total Remote Usage
		Usr 0 00:00:00, Sys 0 00:00:00  -  Total Local Usage
	50946  -  Run Bytes Sent By Job
	19195  -  Run Bytes Received By Job
	50946  -  Total Bytes Sent By Job
	19195  -  Total Bytes Received By Job
	Partitionable Resources :      Usage  Request Allocated 
	   Cpus                 :       0.00        1         1 
	   Disk (KB)            : 2758861          20    299586 
	   Memory (MB)          :      91        2000      2000 

	Job terminated of its own accord at 2021-06-08T11:05:19Z.
...
