000 (147392.000.000) 06/16 08:27:33 Job submitted from host: <188.185.121.235:9618?addrs=188.185.121.235-9618+[2001-1458-d00-49--100-36e]-9618&alias=bigbird22.cern.ch&noUDP&sock=schedd_38044_991d>
...
040 (147392.000.000) 06/16 08:52:43 Started transferring input files
	Transferring to host: <128.142.85.229:9618?addrs=128.142.85.229-9618+[2001-1458-301-f6--100-d]-9618&alias=b7s14n1256.cern.ch&noUDP&sock=slot1_15_5485_6db8_37994>
...
040 (147392.000.000) 06/16 08:52:43 Finished transferring input files
...
001 (147392.000.000) 06/16 08:52:43 Job executing on host: <128.142.85.229:9618?addrs=128.142.85.229-9618+[2001-1458-301-f6--100-d]-9618&alias=b7s14n1256.cern.ch&noUDP&sock=startd_4279_9dd7>
...
006 (147392.000.000) 06/16 08:52:52 Image size of job updated: 791440
	47  -  MemoryUsage of job (MB)
	47268  -  ResidentSetSize of job (KB)
...
040 (147392.000.000) 06/16 08:53:32 Started transferring output files
...
040 (147392.000.000) 06/16 08:53:32 Finished transferring output files
...
005 (147392.000.000) 06/16 08:53:34 Job terminated.
	(1) Normal termination (return value 0)
		Usr 0 00:00:08, Sys 0 00:00:02  -  Run Remote Usage
		Usr 0 00:00:00, Sys 0 00:00:00  -  Run Local Usage
		Usr 0 00:00:08, Sys 0 00:00:02  -  Total Remote Usage
		Usr 0 00:00:00, Sys 0 00:00:00  -  Total Local Usage
	19471  -  Run Bytes Sent By Job
	19195  -  Run Bytes Received By Job
	19471  -  Total Bytes Sent By Job
	19195  -  Total Bytes Received By Job
	Partitionable Resources :    Usage  Request Allocated 
	   Cpus                 :                 1         1 
	   Disk (KB)            :   465734       20    225554 
	   Memory (MB)          :       47     2000      2000 

	Job terminated of its own accord at 2021-06-16T06:53:32Z.
...
