000 (116880.000.000) 06/04 09:08:36 Job submitted from host: <188.185.121.235:9618?addrs=188.185.121.235-9618+[2001-1458-d00-49--100-36e]-9618&alias=bigbird22.cern.ch&noUDP&sock=schedd_38044_991d>
...
040 (116880.000.000) 06/04 09:42:08 Started transferring input files
	Transferring to host: <188.184.138.217:9618?addrs=188.184.138.217-9618+[2001-1458-301-45--100-e1]-9618&alias=b7g42n0452.cern.ch&noUDP&sock=slot1_10_20749_4c25_85621>
...
001 (116880.000.000) 06/04 09:42:08 Job executing on host: <188.184.138.217:9618?addrs=188.184.138.217-9618+[2001-1458-301-45--100-e1]-9618&alias=b7g42n0452.cern.ch&noUDP&sock=startd_16456_0695>
...
040 (116880.000.000) 06/04 09:42:08 Finished transferring input files
...
006 (116880.000.000) 06/04 09:42:16 Image size of job updated: 624804
	5  -  MemoryUsage of job (MB)
	4872  -  ResidentSetSize of job (KB)
...
006 (116880.000.000) 06/04 09:47:16 Image size of job updated: 790824
	64  -  MemoryUsage of job (MB)
	65132  -  ResidentSetSize of job (KB)
...
006 (116880.000.000) 06/04 09:52:17 Image size of job updated: 790824
	66  -  MemoryUsage of job (MB)
	67500  -  ResidentSetSize of job (KB)
...
040 (116880.000.000) 06/04 10:54:57 Started transferring output files
...
040 (116880.000.000) 06/04 10:54:57 Finished transferring output files
...
005 (116880.000.000) 06/04 10:54:57 Job terminated.
	(1) Normal termination (return value 0)
		Usr 0 00:01:26, Sys 0 00:00:11  -  Run Remote Usage
		Usr 0 00:00:00, Sys 0 00:00:00  -  Run Local Usage
		Usr 0 00:01:26, Sys 0 00:00:11  -  Total Remote Usage
		Usr 0 00:00:00, Sys 0 00:00:00  -  Total Local Usage
	50990  -  Run Bytes Sent By Job
	19195  -  Run Bytes Received By Job
	50990  -  Total Bytes Sent By Job
	19195  -  Total Bytes Received By Job
	Partitionable Resources :      Usage  Request Allocated 
	   Cpus                 :       0.01        1         1 
	   Disk (KB)            : 2758791          20    292420 
	   Memory (MB)          :      66        2000      2000 

	Job terminated of its own accord at 2021-06-04T08:54:56Z.
...
000 (124039.000.000) 06/08 10:52:25 Job submitted from host: <188.185.121.235:9618?addrs=188.185.121.235-9618+[2001-1458-d00-49--100-36e]-9618&alias=bigbird22.cern.ch&noUDP&sock=schedd_38044_991d>
...
040 (124039.000.000) 06/08 11:23:31 Entered queue to transfer input files
	Transferring to host: <188.184.169.136:9618?addrs=188.184.169.136-9618+[2001-1458-301-c0--100-4db]-9618&alias=b7g52n0353.cern.ch&noUDP&sock=slot1_8_16803_fbc4_104105>
...
040 (124039.000.000) 06/08 11:53:59 Started transferring input files
	Seconds spent in queue: 1828
...
040 (124039.000.000) 06/08 11:53:59 Finished transferring input files
...
001 (124039.000.000) 06/08 11:53:59 Job executing on host: <188.184.169.136:9618?addrs=188.184.169.136-9618+[2001-1458-301-c0--100-4db]-9618&alias=b7g52n0353.cern.ch&noUDP&sock=startd_17121_2910>
...
006 (124039.000.000) 06/08 11:54:08 Image size of job updated: 321800
	2  -  MemoryUsage of job (MB)
	1740  -  ResidentSetSize of job (KB)
...
006 (124039.000.000) 06/08 11:59:09 Image size of job updated: 791456
	67  -  MemoryUsage of job (MB)
	67776  -  ResidentSetSize of job (KB)
...
040 (124039.000.000) 06/08 13:22:44 Started transferring output files
	Seconds spent in queue: 7153
...
040 (124039.000.000) 06/08 13:22:44 Finished transferring output files
...
005 (124039.000.000) 06/08 13:22:44 Job terminated.
	(1) Normal termination (return value 0)
		Usr 0 00:01:19, Sys 0 00:00:14  -  Run Remote Usage
		Usr 0 00:00:00, Sys 0 00:00:00  -  Run Local Usage
		Usr 0 00:01:19, Sys 0 00:00:14  -  Total Remote Usage
		Usr 0 00:00:00, Sys 0 00:00:00  -  Total Local Usage
	50998  -  Run Bytes Sent By Job
	19195  -  Run Bytes Received By Job
	50998  -  Total Bytes Sent By Job
	19195  -  Total Bytes Received By Job
	Partitionable Resources :      Usage  Request Allocated 
	   Cpus                 :       0.00        1         1 
	   Disk (KB)            : 2758792          20    284210 
	   Memory (MB)          :      67        2000      2000 

	Job terminated of its own accord at 2021-06-08T11:22:44Z.
...
