000 (148342.000.000) 06/16 08:47:13 Job submitted from host: <188.185.121.235:9618?addrs=188.185.121.235-9618+[2001-1458-d00-49--100-36e]-9618&alias=bigbird22.cern.ch&noUDP&sock=schedd_38044_991d>
...
040 (148342.000.000) 06/16 09:08:38 Started transferring input files
	Transferring to host: <128.142.75.137:9618?addrs=128.142.75.137-9618+[2001-1458-301-75--100-623]-9618&alias=b7s11n3593.cern.ch&noUDP&sock=slot1_9_6129_2f52_42831>
...
001 (148342.000.000) 06/16 09:08:38 Job executing on host: <128.142.75.137:9618?addrs=128.142.75.137-9618+[2001-1458-301-75--100-623]-9618&alias=b7s11n3593.cern.ch&noUDP&sock=startd_4939_5258>
...
040 (148342.000.000) 06/16 09:08:38 Finished transferring input files
...
006 (148342.000.000) 06/16 09:08:46 Image size of job updated: 625444
	5  -  MemoryUsage of job (MB)
	4748  -  ResidentSetSize of job (KB)
...
006 (148342.000.000) 06/16 09:13:46 Image size of job updated: 791456
	52  -  MemoryUsage of job (MB)
	52508  -  ResidentSetSize of job (KB)
...
006 (148342.000.000) 06/16 09:18:47 Image size of job updated: 791456
	67  -  MemoryUsage of job (MB)
	67772  -  ResidentSetSize of job (KB)
...
040 (148342.000.000) 06/16 11:43:39 Started transferring output files
...
040 (148342.000.000) 06/16 11:43:39 Finished transferring output files
...
005 (148342.000.000) 06/16 11:43:39 Job terminated.
	(1) Normal termination (return value 0)
		Usr 0 00:00:52, Sys 0 00:00:16  -  Run Remote Usage
		Usr 0 00:00:00, Sys 0 00:00:00  -  Run Local Usage
		Usr 0 00:00:52, Sys 0 00:00:16  -  Total Remote Usage
		Usr 0 00:00:00, Sys 0 00:00:00  -  Total Local Usage
	46198  -  Run Bytes Sent By Job
	19195  -  Run Bytes Received By Job
	46198  -  Total Bytes Sent By Job
	19195  -  Total Bytes Received By Job
	Partitionable Resources :      Usage  Request Allocated 
	   Cpus                 :       0.00        1         1 
	   Disk (KB)            : 2368088          20    272150 
	   Memory (MB)          :      67        2000      2000 

	Job terminated of its own accord at 2021-06-16T09:43:39Z.
...
