000 (115952.000.000) 06/04 08:56:13 Job submitted from host: <188.185.121.235:9618?addrs=188.185.121.235-9618+[2001-1458-d00-49--100-36e]-9618&alias=bigbird22.cern.ch&noUDP&sock=schedd_38044_991d>
...
040 (115952.000.000) 06/04 09:00:30 Started transferring input files
	Transferring to host: <128.142.81.14:9618?addrs=128.142.81.14-9618+[2001-1458-301-f5--100-47d]-9618&alias=b7s13n8856.cern.ch&noUDP&sock=slot1_3_6117_bad2_34152>
...
040 (115952.000.000) 06/04 09:00:30 Finished transferring input files
...
001 (115952.000.000) 06/04 09:00:30 Job executing on host: <128.142.81.14:9618?addrs=128.142.81.14-9618+[2001-1458-301-f5--100-47d]-9618&alias=b7s13n8856.cern.ch&noUDP&sock=startd_4921_f9a4>
...
006 (115952.000.000) 06/04 09:00:38 Image size of job updated: 774352
	22  -  MemoryUsage of job (MB)
	22116  -  ResidentSetSize of job (KB)
...
006 (115952.000.000) 06/04 09:05:38 Image size of job updated: 790816
	66  -  MemoryUsage of job (MB)
	67500  -  ResidentSetSize of job (KB)
...
040 (115952.000.000) 06/04 10:24:33 Started transferring output files
...
040 (115952.000.000) 06/04 10:24:33 Finished transferring output files
...
005 (115952.000.000) 06/04 10:24:33 Job terminated.
	(1) Normal termination (return value 0)
		Usr 0 00:01:36, Sys 0 00:00:30  -  Run Remote Usage
		Usr 0 00:00:00, Sys 0 00:00:00  -  Run Local Usage
		Usr 0 00:01:36, Sys 0 00:00:30  -  Total Remote Usage
		Usr 0 00:00:00, Sys 0 00:00:00  -  Total Local Usage
	61847  -  Run Bytes Sent By Job
	19195  -  Run Bytes Received By Job
	61847  -  Total Bytes Sent By Job
	19195  -  Total Bytes Received By Job
	Partitionable Resources :      Usage  Request Allocated 
	   Cpus                 :       0.01        1         1 
	   Disk (KB)            : 3711527          20    203883 
	   Memory (MB)          :      66        2000      2000 

	Job terminated of its own accord at 2021-06-04T08:24:33Z.
...
000 (123090.000.000) 06/08 10:37:55 Job submitted from host: <188.185.121.235:9618?addrs=188.185.121.235-9618+[2001-1458-d00-49--100-36e]-9618&alias=bigbird22.cern.ch&noUDP&sock=schedd_38044_991d>
...
040 (123090.000.000) 06/08 10:59:11 Started transferring input files
	Transferring to host: <128.142.84.196:9618?addrs=128.142.84.196-9618+[2001-1458-301-f6--100-6d1]-9618&alias=b7s14n5514.cern.ch&noUDP&sock=slot1_8_4679_8757_37373>
...
001 (123090.000.000) 06/08 10:59:11 Job executing on host: <128.142.84.196:9618?addrs=128.142.84.196-9618+[2001-1458-301-f6--100-6d1]-9618&alias=b7s14n5514.cern.ch&noUDP&sock=startd_3807_dd23>
...
040 (123090.000.000) 06/08 10:59:11 Finished transferring input files
...
006 (123090.000.000) 06/08 10:59:20 Image size of job updated: 791428
	67  -  MemoryUsage of job (MB)
	67780  -  ResidentSetSize of job (KB)
...
006 (123090.000.000) 06/08 11:04:21 Image size of job updated: 791428
	113  -  MemoryUsage of job (MB)
	115568  -  ResidentSetSize of job (KB)
...
040 (123090.000.000) 06/08 11:05:22 Started transferring output files
...
040 (123090.000.000) 06/08 11:05:22 Finished transferring output files
...
005 (123090.000.000) 06/08 11:05:22 Job terminated.
	(1) Normal termination (return value 0)
		Usr 0 00:02:08, Sys 0 00:00:22  -  Run Remote Usage
		Usr 0 00:00:00, Sys 0 00:00:00  -  Run Local Usage
		Usr 0 00:02:08, Sys 0 00:00:22  -  Total Remote Usage
		Usr 0 00:00:00, Sys 0 00:00:00  -  Total Local Usage
	39955  -  Run Bytes Sent By Job
	19195  -  Run Bytes Received By Job
	39955  -  Total Bytes Sent By Job
	19195  -  Total Bytes Received By Job
	Partitionable Resources :    Usage  Request Allocated 
	   Cpus                 :                 1         1 
	   Disk (KB)            :  3711506       20    253211 
	   Memory (MB)          :      113     2000      2000 

	Job terminated of its own accord at 2021-06-08T09:05:22Z.
...
