000 (116191.000.000) 06/04 08:59:14 Job submitted from host: <188.185.121.235:9618?addrs=188.185.121.235-9618+[2001-1458-d00-49--100-36e]-9618&alias=bigbird22.cern.ch&noUDP&sock=schedd_38044_991d>
...
040 (116191.000.000) 06/04 09:06:00 Started transferring input files
	Transferring to host: <188.184.138.84:9618?addrs=188.184.138.84-9618+[2001-1458-301-45--100-59]-9618&alias=b7g42n0212.cern.ch&noUDP&sock=slot1_8_4940_6d42_29452>
...
001 (116191.000.000) 06/04 09:06:00 Job executing on host: <188.184.138.84:9618?addrs=188.184.138.84-9618+[2001-1458-301-45--100-59]-9618&alias=b7g42n0212.cern.ch&noUDP&sock=startd_3994_2159>
...
040 (116191.000.000) 06/04 09:06:00 Finished transferring input files
...
006 (116191.000.000) 06/04 09:06:09 Image size of job updated: 624804
	14  -  MemoryUsage of job (MB)
	13744  -  ResidentSetSize of job (KB)
...
006 (116191.000.000) 06/04 09:11:10 Image size of job updated: 790812
	66  -  MemoryUsage of job (MB)
	67500  -  ResidentSetSize of job (KB)
...
040 (116191.000.000) 06/04 09:45:51 Started transferring output files
...
040 (116191.000.000) 06/04 09:45:51 Finished transferring output files
...
005 (116191.000.000) 06/04 09:45:52 Job terminated.
	(1) Normal termination (return value 0)
		Usr 0 00:02:33, Sys 0 00:00:24  -  Run Remote Usage
		Usr 0 00:00:00, Sys 0 00:00:00  -  Run Local Usage
		Usr 0 00:02:33, Sys 0 00:00:24  -  Total Remote Usage
		Usr 0 00:00:00, Sys 0 00:00:00  -  Total Local Usage
	61421  -  Run Bytes Sent By Job
	19195  -  Run Bytes Received By Job
	61421  -  Total Bytes Sent By Job
	19195  -  Total Bytes Received By Job
	Partitionable Resources :      Usage  Request Allocated 
	   Cpus                 :       0.01        1         1 
	   Disk (KB)            : 3712869          20    185283 
	   Memory (MB)          :      66        2000      2000 

	Job terminated of its own accord at 2021-06-04T07:45:51Z.
...
000 (123329.000.000) 06/08 10:41:55 Job submitted from host: <188.185.121.235:9618?addrs=188.185.121.235-9618+[2001-1458-d00-49--100-36e]-9618&alias=bigbird22.cern.ch&noUDP&sock=schedd_38044_991d>
...
040 (123329.000.000) 06/08 11:16:38 Entered queue to transfer input files
	Transferring to host: <128.142.80.26:9618?addrs=128.142.80.26-9618+[2001-1458-301-f5--100-65c]-9618&alias=b7s13n5296.cern.ch&noUDP&sock=slot1_8_25543_1aa8_85528>
...
040 (123329.000.000) 06/08 11:53:56 Started transferring input files
	Seconds spent in queue: 2238
...
040 (123329.000.000) 06/08 11:53:56 Finished transferring input files
...
001 (123329.000.000) 06/08 11:53:56 Job executing on host: <128.142.80.26:9618?addrs=128.142.80.26-9618+[2001-1458-301-f5--100-65c]-9618&alias=b7s13n5296.cern.ch&noUDP&sock=startd_14273_ab57>
...
006 (123329.000.000) 06/08 11:54:04 Image size of job updated: 2156
	3  -  MemoryUsage of job (MB)
	2156  -  ResidentSetSize of job (KB)
...
006 (123329.000.000) 06/08 11:59:04 Image size of job updated: 791436
	67  -  MemoryUsage of job (MB)
	67772  -  ResidentSetSize of job (KB)
...
040 (123329.000.000) 06/08 12:41:43 Started transferring output files
	Seconds spent in queue: 5105
...
040 (123329.000.000) 06/08 12:41:43 Finished transferring output files
...
005 (123329.000.000) 06/08 12:41:44 Job terminated.
	(1) Normal termination (return value 0)
		Usr 0 00:01:31, Sys 0 00:00:18  -  Run Remote Usage
		Usr 0 00:00:00, Sys 0 00:00:00  -  Run Local Usage
		Usr 0 00:01:31, Sys 0 00:00:18  -  Total Remote Usage
		Usr 0 00:00:00, Sys 0 00:00:00  -  Total Local Usage
	61431  -  Run Bytes Sent By Job
	19195  -  Run Bytes Received By Job
	61431  -  Total Bytes Sent By Job
	19195  -  Total Bytes Received By Job
	Partitionable Resources :      Usage  Request Allocated 
	   Cpus                 :       0.01        1         1 
	   Disk (KB)            : 3712869          20    275164 
	   Memory (MB)          :      67        2000      2000 

	Job terminated of its own accord at 2021-06-08T10:41:43Z.
...
