000 (147390.000.000) 06/16 08:27:31 Job submitted from host: <188.185.121.235:9618?addrs=188.185.121.235-9618+[2001-1458-d00-49--100-36e]-9618&alias=bigbird22.cern.ch&noUDP&sock=schedd_38044_991d>
...
040 (147390.000.000) 06/16 08:52:40 Started transferring input files
	Transferring to host: <128.142.83.232:9618?addrs=128.142.83.232-9618+[2001-1458-301-f5--100-5da]-9618&alias=b7s13n1302.cern.ch&noUDP&sock=slot1_13_26666_5bf5_96032>
...
040 (147390.000.000) 06/16 08:52:40 Finished transferring input files
...
001 (147390.000.000) 06/16 08:52:40 Job executing on host: <128.142.83.232:9618?addrs=128.142.83.232-9618+[2001-1458-301-f5--100-5da]-9618&alias=b7s13n1302.cern.ch&noUDP&sock=startd_16710_3fa4>
...
006 (147390.000.000) 06/16 08:52:48 Image size of job updated: 791448
	67  -  MemoryUsage of job (MB)
	67772  -  ResidentSetSize of job (KB)
...
040 (147390.000.000) 06/16 08:53:17 Started transferring output files
...
040 (147390.000.000) 06/16 08:53:17 Finished transferring output files
...
005 (147390.000.000) 06/16 08:53:18 Job terminated.
	(1) Normal termination (return value 0)
		Usr 0 00:00:06, Sys 0 00:00:02  -  Run Remote Usage
		Usr 0 00:00:00, Sys 0 00:00:00  -  Run Local Usage
		Usr 0 00:00:06, Sys 0 00:00:02  -  Total Remote Usage
		Usr 0 00:00:00, Sys 0 00:00:00  -  Total Local Usage
	19299  -  Run Bytes Sent By Job
	19195  -  Run Bytes Received By Job
	19299  -  Total Bytes Sent By Job
	19195  -  Total Bytes Received By Job
	Partitionable Resources :    Usage  Request Allocated 
	   Cpus                 :                 1         1 
	   Disk (KB)            :   465734       20    285981 
	   Memory (MB)          :       67     2000      2000 

	Job terminated of its own accord at 2021-06-16T06:53:16Z.
...
