000 (148629.000.000) 06/16 08:53:20 Job submitted from host: <188.185.121.235:9618?addrs=188.185.121.235-9618+[2001-1458-d00-49--100-36e]-9618&alias=bigbird22.cern.ch&noUDP&sock=schedd_38044_991d>
...
040 (148629.000.000) 06/16 09:50:28 Started transferring input files
	Transferring to host: <188.184.213.44:9618?addrs=188.184.213.44-9618+[2001-1458-301-10c--100-122]-9618&alias=b7g24n0556.cern.ch&noUDP&sock=slot1_12_3697_9eef_99523>
...
040 (148629.000.000) 06/16 09:50:28 Finished transferring input files
...
001 (148629.000.000) 06/16 09:50:28 Job executing on host: <188.184.213.44:9618?addrs=188.184.213.44-9618+[2001-1458-301-10c--100-122]-9618&alias=b7g24n0556.cern.ch&noUDP&sock=startd_20232_0c32>
...
006 (148629.000.000) 06/16 09:50:37 Image size of job updated: 625444
	5  -  MemoryUsage of job (MB)
	5012  -  ResidentSetSize of job (KB)
...
006 (148629.000.000) 06/16 09:55:38 Image size of job updated: 791456
	37  -  MemoryUsage of job (MB)
	37040  -  ResidentSetSize of job (KB)
...
006 (148629.000.000) 06/16 10:00:38 Image size of job updated: 791456
	67  -  MemoryUsage of job (MB)
	67772  -  ResidentSetSize of job (KB)
...
040 (148629.000.000) 06/16 12:17:34 Started transferring output files
...
040 (148629.000.000) 06/16 12:17:34 Finished transferring output files
...
005 (148629.000.000) 06/16 12:17:35 Job terminated.
	(1) Normal termination (return value 0)
		Usr 0 00:00:47, Sys 0 00:00:16  -  Run Remote Usage
		Usr 0 00:00:00, Sys 0 00:00:00  -  Run Local Usage
		Usr 0 00:00:47, Sys 0 00:00:16  -  Total Remote Usage
		Usr 0 00:00:00, Sys 0 00:00:00  -  Total Local Usage
	46842  -  Run Bytes Sent By Job
	19195  -  Run Bytes Received By Job
	46842  -  Total Bytes Sent By Job
	19195  -  Total Bytes Received By Job
	Partitionable Resources :      Usage  Request Allocated 
	   Cpus                 :       0.01        1         1 
	   Disk (KB)            : 2368047          20    292778 
	   Memory (MB)          :      67        2000      2000 

	Job terminated of its own accord at 2021-06-16T10:17:34Z.
...
