000 (147225.000.000) 06/16 08:24:00 Job submitted from host: <188.185.121.235:9618?addrs=188.185.121.235-9618+[2001-1458-d00-49--100-36e]-9618&alias=bigbird22.cern.ch&noUDP&sock=schedd_38044_991d>
...
040 (147225.000.000) 06/16 08:47:32 Started transferring input files
	Transferring to host: <128.142.193.170:9618?addrs=128.142.193.170-9618+[2001-1458-301-cc--100-23d]-9618&alias=b7g52n5425.cern.ch&noUDP&sock=slot1_6_5405_0fb5_43248>
...
040 (147225.000.000) 06/16 08:47:32 Finished transferring input files
...
001 (147225.000.000) 06/16 08:47:32 Job executing on host: <128.142.193.170:9618?addrs=128.142.193.170-9618+[2001-1458-301-cc--100-23d]-9618&alias=b7g52n5425.cern.ch&noUDP&sock=startd_4126_abd9>
...
006 (147225.000.000) 06/16 08:47:41 Image size of job updated: 791384
	36  -  MemoryUsage of job (MB)
	36416  -  ResidentSetSize of job (KB)
...
006 (147225.000.000) 06/16 08:49:57 Image size of job updated: 791444
	36  -  MemoryUsage of job (MB)
	36448  -  ResidentSetSize of job (KB)
...
040 (147225.000.000) 06/16 08:49:57 Started transferring output files
...
040 (147225.000.000) 06/16 08:49:57 Finished transferring output files
...
005 (147225.000.000) 06/16 08:49:58 Job terminated.
	(1) Normal termination (return value 0)
		Usr 0 00:00:07, Sys 0 00:00:02  -  Run Remote Usage
		Usr 0 00:00:00, Sys 0 00:00:00  -  Run Local Usage
		Usr 0 00:00:07, Sys 0 00:00:02  -  Total Remote Usage
		Usr 0 00:00:00, Sys 0 00:00:00  -  Total Local Usage
	21057  -  Run Bytes Sent By Job
	19195  -  Run Bytes Received By Job
	21057  -  Total Bytes Sent By Job
	19195  -  Total Bytes Received By Job
	Partitionable Resources :     Usage  Request Allocated 
	   Cpus                 :      0.01        1         1 
	   Disk (KB)            : 466296          20    289213 
	   Memory (MB)          :     36        2000      2000 

	Job terminated of its own accord at 2021-06-16T06:49:57Z.
...
