000 (146835.000.000) 06/16 08:15:46 Job submitted from host: <188.185.121.235:9618?addrs=188.185.121.235-9618+[2001-1458-d00-49--100-36e]-9618&alias=bigbird22.cern.ch&noUDP&sock=schedd_38044_991d>
...
040 (146835.000.000) 06/16 08:41:51 Started transferring input files
	Transferring to host: <128.142.85.26:9618?addrs=128.142.85.26-9618+[2001-1458-301-f6--100-6de]-9618&alias=b7s14n6571.cern.ch&noUDP&sock=slot1_12_5896_03e9_49382>
...
001 (146835.000.000) 06/16 08:41:51 Job executing on host: <128.142.85.26:9618?addrs=128.142.85.26-9618+[2001-1458-301-f6--100-6de]-9618&alias=b7s14n6571.cern.ch&noUDP&sock=startd_4672_2e8f>
...
040 (146835.000.000) 06/16 08:41:51 Finished transferring input files
...
006 (146835.000.000) 06/16 08:42:00 Image size of job updated: 625444
	55  -  MemoryUsage of job (MB)
	56048  -  ResidentSetSize of job (KB)
...
006 (146835.000.000) 06/16 08:42:30 Image size of job updated: 791428
	55  -  MemoryUsage of job (MB)
	56068  -  ResidentSetSize of job (KB)
...
040 (146835.000.000) 06/16 08:42:30 Started transferring output files
...
040 (146835.000.000) 06/16 08:42:30 Finished transferring output files
...
005 (146835.000.000) 06/16 08:42:30 Job terminated.
	(1) Normal termination (return value 0)
		Usr 0 00:00:07, Sys 0 00:00:02  -  Run Remote Usage
		Usr 0 00:00:00, Sys 0 00:00:00  -  Run Local Usage
		Usr 0 00:00:07, Sys 0 00:00:02  -  Total Remote Usage
		Usr 0 00:00:00, Sys 0 00:00:00  -  Total Local Usage
	18365  -  Run Bytes Sent By Job
	19195  -  Run Bytes Received By Job
	18365  -  Total Bytes Sent By Job
	19195  -  Total Bytes Received By Job
	Partitionable Resources :    Usage  Request Allocated 
	   Cpus                 :                 1         1 
	   Disk (KB)            :   466171       20    284205 
	   Memory (MB)          :       55     2000      2000 

	Job terminated of its own accord at 2021-06-16T06:42:30Z.
...
