000 (115243.000.000) 06/04 08:47:36 Job submitted from host: <188.185.121.235:9618?addrs=188.185.121.235-9618+[2001-1458-d00-49--100-36e]-9618&alias=bigbird22.cern.ch&noUDP&sock=schedd_38044_991d>
...
040 (115243.000.000) 06/04 08:54:50 Started transferring input files
	Transferring to host: <128.142.75.128:9618?addrs=128.142.75.128-9618+[2001-1458-301-75--100-580]-9618&alias=b7s11n7389.cern.ch&noUDP&sock=slot1_15_4700_5338_46699>
...
001 (115243.000.000) 06/04 08:54:50 Job executing on host: <128.142.75.128:9618?addrs=128.142.75.128-9618+[2001-1458-301-75--100-580]-9618&alias=b7s11n7389.cern.ch&noUDP&sock=startd_3841_2f5b>
...
040 (115243.000.000) 06/04 08:54:50 Finished transferring input files
...
006 (115243.000.000) 06/04 08:54:58 Image size of job updated: 790740
	36  -  MemoryUsage of job (MB)
	36680  -  ResidentSetSize of job (KB)
...
006 (115243.000.000) 06/04 08:58:38 Image size of job updated: 790820
	37  -  MemoryUsage of job (MB)
	37024  -  ResidentSetSize of job (KB)
...
040 (115243.000.000) 06/04 08:58:38 Started transferring output files
...
040 (115243.000.000) 06/04 08:58:38 Finished transferring output files
...
005 (115243.000.000) 06/04 08:58:38 Job terminated.
	(1) Normal termination (return value 0)
		Usr 0 00:00:08, Sys 0 00:00:02  -  Run Remote Usage
		Usr 0 00:00:00, Sys 0 00:00:00  -  Run Local Usage
		Usr 0 00:00:08, Sys 0 00:00:02  -  Total Remote Usage
		Usr 0 00:00:00, Sys 0 00:00:00  -  Total Local Usage
	21671  -  Run Bytes Sent By Job
	19195  -  Run Bytes Received By Job
	21671  -  Total Bytes Sent By Job
	19195  -  Total Bytes Received By Job
	Partitionable Resources :     Usage  Request Allocated 
	   Cpus                 :      0.02        1         1 
	   Disk (KB)            : 540975          20    185368 
	   Memory (MB)          :     37        2000      2000 

	Job terminated of its own accord at 2021-06-04T06:58:38Z.
...
000 (122373.000.000) 06/08 10:23:39 Job submitted from host: <188.185.121.235:9618?addrs=188.185.121.235-9618+[2001-1458-d00-49--100-36e]-9618&alias=bigbird22.cern.ch&noUDP&sock=schedd_38044_991d>
...
040 (122373.000.000) 06/08 10:24:15 Started transferring input files
	Transferring to host: <128.142.78.205:9618?addrs=128.142.78.205-9618+[2001-1458-301-f4--100-34b]-9618&alias=b7s12n1391.cern.ch&noUDP&sock=slot1_11_5388_1554_38318>
...
001 (122373.000.000) 06/08 10:24:15 Job executing on host: <128.142.78.205:9618?addrs=128.142.78.205-9618+[2001-1458-301-f4--100-34b]-9618&alias=b7s12n1391.cern.ch&noUDP&sock=startd_4281_fd07>
...
040 (122373.000.000) 06/08 10:24:15 Finished transferring input files
...
006 (122373.000.000) 06/08 10:24:24 Image size of job updated: 625444
	16  -  MemoryUsage of job (MB)
	15588  -  ResidentSetSize of job (KB)
...
006 (122373.000.000) 06/08 10:27:10 Image size of job updated: 791448
	16  -  MemoryUsage of job (MB)
	15588  -  ResidentSetSize of job (KB)
...
040 (122373.000.000) 06/08 10:27:13 Started transferring output files
...
040 (122373.000.000) 06/08 10:27:16 Finished transferring output files
...
005 (122373.000.000) 06/08 10:27:19 Job terminated.
	(1) Normal termination (return value 0)
		Usr 0 00:00:11, Sys 0 00:00:02  -  Run Remote Usage
		Usr 0 00:00:00, Sys 0 00:00:00  -  Run Local Usage
		Usr 0 00:00:11, Sys 0 00:00:02  -  Total Remote Usage
		Usr 0 00:00:00, Sys 0 00:00:00  -  Total Local Usage
	21329  -  Run Bytes Sent By Job
	19195  -  Run Bytes Received By Job
	21329  -  Total Bytes Sent By Job
	19195  -  Total Bytes Received By Job
	Partitionable Resources :    Usage  Request Allocated 
	   Cpus                 :                 1         1 
	   Disk (KB)            :   540969       20    241433 
	   Memory (MB)          :       16     2000      2000 

	Job terminated of its own accord at 2021-06-08T08:27:10Z.
...
