000 (147629.000.000) 06/16 08:31:56 Job submitted from host: <188.185.121.235:9618?addrs=188.185.121.235-9618+[2001-1458-d00-49--100-36e]-9618&alias=bigbird22.cern.ch&noUDP&sock=schedd_38044_991d>
...
040 (147629.000.000) 06/16 08:56:09 Started transferring input files
	Transferring to host: <128.142.240.184:9618?addrs=128.142.240.184-9618+[2001-1458-301-9--100-3bd]-9618&alias=b7g41n6028.cern.ch&noUDP&sock=slot1_9_5062_6307_47863>
...
001 (147629.000.000) 06/16 08:56:10 Job executing on host: <128.142.240.184:9618?addrs=128.142.240.184-9618+[2001-1458-301-9--100-3bd]-9618&alias=b7g41n6028.cern.ch&noUDP&sock=startd_4029_2329>
...
040 (147629.000.000) 06/16 08:56:10 Finished transferring input files
...
006 (147629.000.000) 06/16 08:56:18 Image size of job updated: 11052
	11  -  MemoryUsage of job (MB)
	11052  -  ResidentSetSize of job (KB)
...
006 (147629.000.000) 06/16 09:01:18 Image size of job updated: 791456
	67  -  MemoryUsage of job (MB)
	67760  -  ResidentSetSize of job (KB)
...
006 (147629.000.000) 06/16 10:11:25 Image size of job updated: 791456
	148  -  MemoryUsage of job (MB)
	151052  -  ResidentSetSize of job (KB)
...
040 (147629.000.000) 06/16 10:12:32 Started transferring output files
...
040 (147629.000.000) 06/16 10:12:32 Finished transferring output files
...
005 (147629.000.000) 06/16 10:12:33 Job terminated.
	(1) Normal termination (return value 0)
		Usr 0 00:01:46, Sys 0 00:00:25  -  Run Remote Usage
		Usr 0 00:00:00, Sys 0 00:00:00  -  Run Local Usage
		Usr 0 00:01:46, Sys 0 00:00:25  -  Total Remote Usage
		Usr 0 00:00:00, Sys 0 00:00:00  -  Total Local Usage
	54413  -  Run Bytes Sent By Job
	19195  -  Run Bytes Received By Job
	54413  -  Total Bytes Sent By Job
	19195  -  Total Bytes Received By Job
	Partitionable Resources :      Usage  Request Allocated 
	   Cpus                 :       0.01        1         1 
	   Disk (KB)            : 3074936          20    359812 
	   Memory (MB)          :     148        2000      2000 

	Job terminated of its own accord at 2021-06-16T08:12:32Z.
...
