000 (116557.000.000) 06/04 09:04:29 Job submitted from host: <188.185.121.235:9618?addrs=188.185.121.235-9618+[2001-1458-d00-49--100-36e]-9618&alias=bigbird22.cern.ch&noUDP&sock=schedd_38044_991d>
...
040 (116557.000.000) 06/04 09:21:25 Started transferring input files
	Transferring to host: <188.184.138.140:9618?addrs=188.184.138.140-9618+[2001-1458-301-45--100-8e]-9618&alias=b7g42n0307.cern.ch&noUDP&sock=slot1_6_3066_0636_35528>
...
001 (116557.000.000) 06/04 09:21:25 Job executing on host: <188.184.138.140:9618?addrs=188.184.138.140-9618+[2001-1458-301-45--100-8e]-9618&alias=b7g42n0307.cern.ch&noUDP&sock=startd_2453_21e7>
...
040 (116557.000.000) 06/04 09:21:25 Finished transferring input files
...
006 (116557.000.000) 06/04 09:21:34 Image size of job updated: 526484
	7  -  MemoryUsage of job (MB)
	6272  -  ResidentSetSize of job (KB)
...
006 (116557.000.000) 06/04 09:26:35 Image size of job updated: 790824
	66  -  MemoryUsage of job (MB)
	67496  -  ResidentSetSize of job (KB)
...
040 (116557.000.000) 06/04 11:10:09 Started transferring output files
...
040 (116557.000.000) 06/04 11:10:09 Finished transferring output files
...
005 (116557.000.000) 06/04 11:10:09 Job terminated.
	(1) Normal termination (return value 0)
		Usr 0 00:02:44, Sys 0 00:00:19  -  Run Remote Usage
		Usr 0 00:00:00, Sys 0 00:00:00  -  Run Local Usage
		Usr 0 00:02:44, Sys 0 00:00:19  -  Total Remote Usage
		Usr 0 00:00:00, Sys 0 00:00:00  -  Total Local Usage
	61127  -  Run Bytes Sent By Job
	19195  -  Run Bytes Received By Job
	61127  -  Total Bytes Sent By Job
	19195  -  Total Bytes Received By Job
	Partitionable Resources :      Usage  Request Allocated 
	   Cpus                 :       0.00        1         1 
	   Disk (KB)            : 3705836          20    294539 
	   Memory (MB)          :      66        2000      2000 

	Job terminated of its own accord at 2021-06-04T09:10:09Z.
...
000 (123694.000.000) 06/08 10:47:44 Job submitted from host: <188.185.121.235:9618?addrs=188.185.121.235-9618+[2001-1458-d00-49--100-36e]-9618&alias=bigbird22.cern.ch&noUDP&sock=schedd_38044_991d>
...
040 (123694.000.000) 06/08 11:19:32 Entered queue to transfer input files
	Transferring to host: <128.142.84.110:9618?addrs=128.142.84.110-9618+[2001-1458-301-f6--100-27a]-9618&alias=b7s14n8798.cern.ch&noUDP&sock=slot1_3_4964_5643_34570>
...
040 (123694.000.000) 06/08 11:53:58 Started transferring input files
	Seconds spent in queue: 2066
...
040 (123694.000.000) 06/08 11:53:58 Finished transferring input files
...
001 (123694.000.000) 06/08 11:53:58 Job executing on host: <128.142.84.110:9618?addrs=128.142.84.110-9618+[2001-1458-301-f6--100-27a]-9618&alias=b7s14n8798.cern.ch&noUDP&sock=startd_3964_8d81>
...
006 (123694.000.000) 06/08 11:54:06 Image size of job updated: 396052
	3  -  MemoryUsage of job (MB)
	2096  -  ResidentSetSize of job (KB)
...
006 (123694.000.000) 06/08 11:59:06 Image size of job updated: 791452
	67  -  MemoryUsage of job (MB)
	67776  -  ResidentSetSize of job (KB)
...
006 (123694.000.000) 06/08 13:14:15 Image size of job updated: 791452
	120  -  MemoryUsage of job (MB)
	121996  -  ResidentSetSize of job (KB)
...
040 (123694.000.000) 06/08 13:15:57 Started transferring output files
	Seconds spent in queue: 6985
...
040 (123694.000.000) 06/08 13:15:57 Finished transferring output files
...
005 (123694.000.000) 06/08 13:15:58 Job terminated.
	(1) Normal termination (return value 0)
		Usr 0 00:02:18, Sys 0 00:00:20  -  Run Remote Usage
		Usr 0 00:00:00, Sys 0 00:00:00  -  Run Local Usage
		Usr 0 00:02:18, Sys 0 00:00:20  -  Total Remote Usage
		Usr 0 00:00:00, Sys 0 00:00:00  -  Total Local Usage
	61394  -  Run Bytes Sent By Job
	19195  -  Run Bytes Received By Job
	61394  -  Total Bytes Sent By Job
	19195  -  Total Bytes Received By Job
	Partitionable Resources :    Usage  Request Allocated 
	   Cpus                 :        0        1         1 
	   Disk (KB)            :  3705837       20    279593 
	   Memory (MB)          :      120     2000      2000 

	Job terminated of its own accord at 2021-06-08T11:15:57Z.
...
