000 (147585.000.000) 06/16 08:31:11 Job submitted from host: <188.185.121.235:9618?addrs=188.185.121.235-9618+[2001-1458-d00-49--100-36e]-9618&alias=bigbird22.cern.ch&noUDP&sock=schedd_38044_991d>
...
040 (147585.000.000) 06/16 08:55:46 Started transferring input files
	Transferring to host: <188.184.133.137:9618?addrs=188.184.133.137-9618+[2001-1458-301-a0--100-15c]-9618&alias=b7g28n0608.cern.ch&noUDP&sock=slot1_10_5050_ee86_50492>
...
040 (147585.000.000) 06/16 08:55:46 Finished transferring input files
...
001 (147585.000.000) 06/16 08:55:46 Job executing on host: <188.184.133.137:9618?addrs=188.184.133.137-9618+[2001-1458-301-a0--100-15c]-9618&alias=b7g28n0608.cern.ch&noUDP&sock=startd_3921_0eef>
...
006 (147585.000.000) 06/16 08:55:55 Image size of job updated: 32240
	32  -  MemoryUsage of job (MB)
	32240  -  ResidentSetSize of job (KB)
...
006 (147585.000.000) 06/16 09:00:56 Image size of job updated: 791452
	67  -  MemoryUsage of job (MB)
	67764  -  ResidentSetSize of job (KB)
...
040 (147585.000.000) 06/16 10:20:28 Started transferring output files
...
040 (147585.000.000) 06/16 10:20:28 Finished transferring output files
...
005 (147585.000.000) 06/16 10:20:28 Job terminated.
	(1) Normal termination (return value 0)
		Usr 0 00:01:33, Sys 0 00:00:22  -  Run Remote Usage
		Usr 0 00:00:00, Sys 0 00:00:00  -  Run Local Usage
		Usr 0 00:01:33, Sys 0 00:00:22  -  Total Remote Usage
		Usr 0 00:00:00, Sys 0 00:00:00  -  Total Local Usage
	54179  -  Run Bytes Sent By Job
	19195  -  Run Bytes Received By Job
	54179  -  Total Bytes Sent By Job
	19195  -  Total Bytes Received By Job
	Partitionable Resources :      Usage  Request Allocated 
	   Cpus                 :       0.00        1         1 
	   Disk (KB)            : 3072389          20    217444 
	   Memory (MB)          :      67        2000      2000 

	Job terminated of its own accord at 2021-06-16T08:20:28Z.
...
