000 (146653.000.000) 06/16 08:12:37 Job submitted from host: <188.185.121.235:9618?addrs=188.185.121.235-9618+[2001-1458-d00-49--100-36e]-9618&alias=bigbird22.cern.ch&noUDP&sock=schedd_38044_991d>
...
040 (146653.000.000) 06/16 08:34:23 Started transferring input files
	Transferring to host: <128.142.149.74:9618?addrs=128.142.149.74-9618+[2001-1458-301-b--100-47c]-9618&alias=b7g41n8990.cern.ch&noUDP&sock=slot1_12_14369_02a1_94968>
...
001 (146653.000.000) 06/16 08:34:24 Job executing on host: <128.142.149.74:9618?addrs=128.142.149.74-9618+[2001-1458-301-b--100-47c]-9618&alias=b7g41n8990.cern.ch&noUDP&sock=startd_6519_11fb>
...
040 (146653.000.000) 06/16 08:34:24 Finished transferring input files
...
006 (146653.000.000) 06/16 08:34:32 Image size of job updated: 774992
	40  -  MemoryUsage of job (MB)
	40184  -  ResidentSetSize of job (KB)
...
006 (146653.000.000) 06/16 08:35:46 Image size of job updated: 791428
	40  -  MemoryUsage of job (MB)
	40448  -  ResidentSetSize of job (KB)
...
040 (146653.000.000) 06/16 08:35:47 Started transferring output files
...
040 (146653.000.000) 06/16 08:35:47 Finished transferring output files
...
005 (146653.000.000) 06/16 08:35:49 Job terminated.
	(1) Normal termination (return value 0)
		Usr 0 00:00:09, Sys 0 00:00:02  -  Run Remote Usage
		Usr 0 00:00:00, Sys 0 00:00:00  -  Run Local Usage
		Usr 0 00:00:09, Sys 0 00:00:02  -  Total Remote Usage
		Usr 0 00:00:00, Sys 0 00:00:00  -  Total Local Usage
	20730  -  Run Bytes Sent By Job
	19195  -  Run Bytes Received By Job
	20730  -  Total Bytes Sent By Job
	19195  -  Total Bytes Received By Job
	Partitionable Resources :    Usage  Request Allocated 
	   Cpus                 :                 1         1 
	   Disk (KB)            :   466086       20    362413 
	   Memory (MB)          :       40     2000      2000 

	Job terminated of its own accord at 2021-06-16T06:35:46Z.
...
