000 (148279.000.000) 06/16 08:46:27 Job submitted from host: <188.185.121.235:9618?addrs=188.185.121.235-9618+[2001-1458-d00-49--100-36e]-9618&alias=bigbird22.cern.ch&noUDP&sock=schedd_38044_991d>
...
040 (148279.000.000) 06/16 09:05:11 Started transferring input files
	Transferring to host: <128.142.161.72:9618?addrs=128.142.161.72-9618+[2001-1458-301-b8--100-6]-9618&alias=b7g03p3572.cern.ch&noUDP&sock=slot1_39_24449_483b_81200>
...
001 (148279.000.000) 06/16 09:05:11 Job executing on host: <128.142.161.72:9618?addrs=128.142.161.72-9618+[2001-1458-301-b8--100-6]-9618&alias=b7g03p3572.cern.ch&noUDP&sock=startd_3110_c7a0>
...
040 (148279.000.000) 06/16 09:05:11 Finished transferring input files
...
006 (148279.000.000) 06/16 09:05:20 Image size of job updated: 625444
	6  -  MemoryUsage of job (MB)
	5744  -  ResidentSetSize of job (KB)
...
006 (148279.000.000) 06/16 09:10:20 Image size of job updated: 791456
	38  -  MemoryUsage of job (MB)
	38828  -  ResidentSetSize of job (KB)
...
006 (148279.000.000) 06/16 09:15:20 Image size of job updated: 791456
	67  -  MemoryUsage of job (MB)
	67776  -  ResidentSetSize of job (KB)
...
040 (148279.000.000) 06/16 11:59:46 Started transferring output files
...
040 (148279.000.000) 06/16 11:59:46 Finished transferring output files
...
005 (148279.000.000) 06/16 11:59:47 Job terminated.
	(1) Normal termination (return value 0)
		Usr 0 00:00:53, Sys 0 00:00:15  -  Run Remote Usage
		Usr 0 00:00:00, Sys 0 00:00:00  -  Run Local Usage
		Usr 0 00:00:53, Sys 0 00:00:15  -  Total Remote Usage
		Usr 0 00:00:00, Sys 0 00:00:00  -  Total Local Usage
	46854  -  Run Bytes Sent By Job
	19195  -  Run Bytes Received By Job
	46854  -  Total Bytes Sent By Job
	19195  -  Total Bytes Received By Job
	Partitionable Resources :      Usage  Request Allocated 
	   Cpus                 :       0.00        1         1 
	   Disk (KB)            : 2368154          20   1422399 
	   Memory (MB)          :      67        2000      2000 

	Job terminated of its own accord at 2021-06-16T09:59:46Z.
...
