000 (147157.000.000) 06/16 08:22:31 Job submitted from host: <188.185.121.235:9618?addrs=188.185.121.235-9618+[2001-1458-d00-49--100-36e]-9618&alias=bigbird22.cern.ch&noUDP&sock=schedd_38044_991d>
...
040 (147157.000.000) 06/16 08:47:09 Started transferring input files
	Transferring to host: <128.142.85.1:9618?addrs=128.142.85.1-9618+[2001-1458-301-f6--100-13b]-9618&alias=b7s14n6965.cern.ch&noUDP&sock=slot1_4_4355_3dca_56485>
...
040 (147157.000.000) 06/16 08:47:09 Finished transferring input files
...
001 (147157.000.000) 06/16 08:47:09 Job executing on host: <128.142.85.1:9618?addrs=128.142.85.1-9618+[2001-1458-301-f6--100-13b]-9618&alias=b7s14n6965.cern.ch&noUDP&sock=startd_3405_2011>
...
006 (147157.000.000) 06/16 08:47:18 Image size of job updated: 774992
	32  -  MemoryUsage of job (MB)
	32352  -  ResidentSetSize of job (KB)
...
006 (147157.000.000) 06/16 08:52:19 Image size of job updated: 791452
	67  -  MemoryUsage of job (MB)
	67776  -  ResidentSetSize of job (KB)
...
040 (147157.000.000) 06/16 08:56:42 Started transferring output files
...
040 (147157.000.000) 06/16 08:56:42 Finished transferring output files
...
005 (147157.000.000) 06/16 08:56:42 Job terminated.
	(1) Normal termination (return value 0)
		Usr 0 00:00:07, Sys 0 00:00:02  -  Run Remote Usage
		Usr 0 00:00:00, Sys 0 00:00:00  -  Run Local Usage
		Usr 0 00:00:07, Sys 0 00:00:02  -  Total Remote Usage
		Usr 0 00:00:00, Sys 0 00:00:00  -  Total Local Usage
	20409  -  Run Bytes Sent By Job
	19195  -  Run Bytes Received By Job
	20409  -  Total Bytes Sent By Job
	19195  -  Total Bytes Received By Job
	Partitionable Resources :    Usage  Request Allocated 
	   Cpus                 :                 1         1 
	   Disk (KB)            :   466456       20    274306 
	   Memory (MB)          :       67     2000      2000 

	Job terminated of its own accord at 2021-06-16T06:56:42Z.
...
