000 (147159.000.000) 06/16 08:22:33 Job submitted from host: <188.185.121.235:9618?addrs=188.185.121.235-9618+[2001-1458-d00-49--100-36e]-9618&alias=bigbird22.cern.ch&noUDP&sock=schedd_38044_991d>
...
040 (147159.000.000) 06/16 08:47:09 Started transferring input files
	Transferring to host: <128.142.74.118:9618?addrs=128.142.74.118-9618+[2001-1458-301-75--100-16f]-9618&alias=b7s11n4491.cern.ch&noUDP&sock=slot1_4_6151_af93_48801>
...
040 (147159.000.000) 06/16 08:47:09 Finished transferring input files
...
001 (147159.000.000) 06/16 08:47:09 Job executing on host: <128.142.74.118:9618?addrs=128.142.74.118-9618+[2001-1458-301-75--100-16f]-9618&alias=b7s11n4491.cern.ch&noUDP&sock=startd_4992_acdd>
...
006 (147159.000.000) 06/16 08:47:18 Image size of job updated: 783188
	41  -  MemoryUsage of job (MB)
	41480  -  ResidentSetSize of job (KB)
...
006 (147159.000.000) 06/16 08:52:19 Image size of job updated: 791460
	67  -  MemoryUsage of job (MB)
	67776  -  ResidentSetSize of job (KB)
...
040 (147159.000.000) 06/16 08:53:20 Started transferring output files
...
040 (147159.000.000) 06/16 08:53:20 Finished transferring output files
...
005 (147159.000.000) 06/16 08:53:21 Job terminated.
	(1) Normal termination (return value 0)
		Usr 0 00:00:07, Sys 0 00:00:02  -  Run Remote Usage
		Usr 0 00:00:00, Sys 0 00:00:00  -  Run Local Usage
		Usr 0 00:00:07, Sys 0 00:00:02  -  Total Remote Usage
		Usr 0 00:00:00, Sys 0 00:00:00  -  Total Local Usage
	20147  -  Run Bytes Sent By Job
	19195  -  Run Bytes Received By Job
	20147  -  Total Bytes Sent By Job
	19195  -  Total Bytes Received By Job
	Partitionable Resources :    Usage  Request Allocated 
	   Cpus                 :                 1         1 
	   Disk (KB)            :   466456       20    285824 
	   Memory (MB)          :       67     2000      2000 

	Job terminated of its own accord at 2021-06-16T06:53:20Z.
...
