000 (148381.000.000) 06/16 08:47:39 Job submitted from host: <188.185.121.235:9618?addrs=188.185.121.235-9618+[2001-1458-d00-49--100-36e]-9618&alias=bigbird22.cern.ch&noUDP&sock=schedd_38044_991d>
...
040 (148381.000.000) 06/16 09:19:10 Started transferring input files
	Transferring to host: <188.184.210.37:9618?addrs=188.184.210.37-9618+[2001-1458-301-10b--100-5a7]-9618&alias=b7g23n1556.cern.ch&noUDP&sock=slot1_4_6785_656d_48990>
...
001 (148381.000.000) 06/16 09:19:15 Job executing on host: <188.184.210.37:9618?addrs=188.184.210.37-9618+[2001-1458-301-10b--100-5a7]-9618&alias=b7g23n1556.cern.ch&noUDP&sock=startd_5263_8f08>
...
040 (148381.000.000) 06/16 09:19:15 Finished transferring input files
...
006 (148381.000.000) 06/16 09:19:23 Image size of job updated: 13648
	14  -  MemoryUsage of job (MB)
	13648  -  ResidentSetSize of job (KB)
...
006 (148381.000.000) 06/16 09:24:23 Image size of job updated: 791456
	67  -  MemoryUsage of job (MB)
	67772  -  ResidentSetSize of job (KB)
...
040 (148381.000.000) 06/16 09:39:14 Started transferring output files
...
040 (148381.000.000) 06/16 09:39:14 Finished transferring output files
...
005 (148381.000.000) 06/16 09:39:14 Job terminated.
	(1) Normal termination (return value 0)
		Usr 0 00:01:12, Sys 0 00:00:18  -  Run Remote Usage
		Usr 0 00:00:00, Sys 0 00:00:00  -  Run Local Usage
		Usr 0 00:01:12, Sys 0 00:00:18  -  Total Remote Usage
		Usr 0 00:00:00, Sys 0 00:00:00  -  Total Local Usage
	45603  -  Run Bytes Sent By Job
	19195  -  Run Bytes Received By Job
	45603  -  Total Bytes Sent By Job
	19195  -  Total Bytes Received By Job
	Partitionable Resources :      Usage  Request Allocated 
	   Cpus                 :       0.99        1         1 
	   Disk (KB)            : 2367443          20    349114 
	   Memory (MB)          :      67        2000      2000 

	Job terminated of its own accord at 2021-06-16T07:39:14Z.
...
