000 (148784.000.000) 06/16 08:57:04 Job submitted from host: <188.185.121.235:9618?addrs=188.185.121.235-9618+[2001-1458-d00-49--100-36e]-9618&alias=bigbird22.cern.ch&noUDP&sock=schedd_38044_991d>
...
040 (148784.000.000) 06/16 09:55:02 Started transferring input files
	Transferring to host: <188.184.196.68:9618?addrs=188.184.196.68-9618+[2001-1458-301-102--100-3c]-9618&alias=b7g24n0126.cern.ch&noUDP&sock=slot1_4_28434_133d_10315>
...
040 (148784.000.000) 06/16 09:55:02 Finished transferring input files
...
001 (148784.000.000) 06/16 09:55:02 Job executing on host: <188.184.196.68:9618?addrs=188.184.196.68-9618+[2001-1458-301-102--100-3c]-9618&alias=b7g24n0126.cern.ch&noUDP&sock=startd_3898_4841>
...
006 (148784.000.000) 06/16 09:55:11 Image size of job updated: 328716
	5  -  MemoryUsage of job (MB)
	4452  -  ResidentSetSize of job (KB)
...
006 (148784.000.000) 06/16 10:00:12 Image size of job updated: 789660
	66  -  MemoryUsage of job (MB)
	67496  -  ResidentSetSize of job (KB)
...
006 (148784.000.000) 06/16 10:05:12 Image size of job updated: 789660
	112  -  MemoryUsage of job (MB)
	114136  -  ResidentSetSize of job (KB)
...
040 (148784.000.000) 06/16 10:05:29 Started transferring output files
...
040 (148784.000.000) 06/16 10:05:29 Finished transferring output files
...
005 (148784.000.000) 06/16 10:05:29 Job terminated.
	(1) Normal termination (return value 0)
		Usr 0 00:01:16, Sys 0 00:00:15  -  Run Remote Usage
		Usr 0 00:00:00, Sys 0 00:00:00  -  Run Local Usage
		Usr 0 00:01:16, Sys 0 00:00:15  -  Total Remote Usage
		Usr 0 00:00:00, Sys 0 00:00:00  -  Total Local Usage
	45627  -  Run Bytes Sent By Job
	19195  -  Run Bytes Received By Job
	45627  -  Total Bytes Sent By Job
	19195  -  Total Bytes Received By Job
	Partitionable Resources :    Usage  Request Allocated 
	   Cpus                 :                 1         1 
	   Disk (KB)            :  2368014       20    287014 
	   Memory (MB)          :      112     2000      2000 

	Job terminated of its own accord at 2021-06-16T08:05:29Z.
...
