000 (116885.000.000) 06/04 09:08:39 Job submitted from host: <188.185.121.235:9618?addrs=188.185.121.235-9618+[2001-1458-d00-49--100-36e]-9618&alias=bigbird22.cern.ch&noUDP&sock=schedd_38044_991d>
...
040 (116885.000.000) 06/04 09:41:51 Started transferring input files
	Transferring to host: <128.142.240.147:9618?addrs=128.142.240.147-9618+[2001-1458-301-9--100-12a]-9618&alias=b7g41n1747.cern.ch&noUDP&sock=slot1_1_999_a2c2_104589>
...
001 (116885.000.000) 06/04 09:41:51 Job executing on host: <128.142.240.147:9618?addrs=128.142.240.147-9618+[2001-1458-301-9--100-12a]-9618&alias=b7g41n1747.cern.ch&noUDP&sock=startd_6522_20c4>
...
040 (116885.000.000) 06/04 09:41:51 Finished transferring input files
...
006 (116885.000.000) 06/04 09:41:59 Image size of job updated: 624804
	9  -  MemoryUsage of job (MB)
	9088  -  ResidentSetSize of job (KB)
...
006 (116885.000.000) 06/04 09:46:59 Image size of job updated: 790824
	66  -  MemoryUsage of job (MB)
	67496  -  ResidentSetSize of job (KB)
...
006 (116885.000.000) 06/04 10:52:07 Image size of job updated: 790824
	91  -  MemoryUsage of job (MB)
	92968  -  ResidentSetSize of job (KB)
...
040 (116885.000.000) 06/04 10:52:10 Started transferring output files
...
040 (116885.000.000) 06/04 10:52:10 Finished transferring output files
...
005 (116885.000.000) 06/04 10:52:11 Job terminated.
	(1) Normal termination (return value 0)
		Usr 0 00:01:30, Sys 0 00:00:14  -  Run Remote Usage
		Usr 0 00:00:00, Sys 0 00:00:00  -  Run Local Usage
		Usr 0 00:01:30, Sys 0 00:00:14  -  Total Remote Usage
		Usr 0 00:00:00, Sys 0 00:00:00  -  Total Local Usage
	50405  -  Run Bytes Sent By Job
	19195  -  Run Bytes Received By Job
	50405  -  Total Bytes Sent By Job
	19195  -  Total Bytes Received By Job
	Partitionable Resources :      Usage  Request Allocated 
	   Cpus                 :       0.01        1         1 
	   Disk (KB)            : 2758791          20    337741 
	   Memory (MB)          :      91        2000      2000 

	Job terminated of its own accord at 2021-06-04T08:52:10Z.
...
000 (124046.000.000) 06/08 10:52:34 Job submitted from host: <188.185.121.235:9618?addrs=188.185.121.235-9618+[2001-1458-d00-49--100-36e]-9618&alias=bigbird22.cern.ch&noUDP&sock=schedd_38044_991d>
...
040 (124046.000.000) 06/08 11:23:34 Entered queue to transfer input files
	Transferring to host: <128.142.81.101:9618?addrs=128.142.81.101-9618+[2001-1458-301-f5--100-27b]-9618&alias=b7s13n9545.cern.ch&noUDP&sock=slot1_4_5374_3814_25006>
...
040 (124046.000.000) 06/08 11:53:59 Started transferring input files
	Seconds spent in queue: 1825
...
040 (124046.000.000) 06/08 11:53:59 Finished transferring input files
...
001 (124046.000.000) 06/08 11:53:59 Job executing on host: <128.142.81.101:9618?addrs=128.142.81.101-9618+[2001-1458-301-f5--100-27b]-9618&alias=b7s13n9545.cern.ch&noUDP&sock=startd_4363_3bcb>
...
006 (124046.000.000) 06/08 11:54:08 Image size of job updated: 396052
	3  -  MemoryUsage of job (MB)
	2096  -  ResidentSetSize of job (KB)
...
006 (124046.000.000) 06/08 11:59:09 Image size of job updated: 791456
	67  -  MemoryUsage of job (MB)
	67776  -  ResidentSetSize of job (KB)
...
040 (124046.000.000) 06/08 13:17:23 Started transferring output files
	Seconds spent in queue: 6829
...
040 (124046.000.000) 06/08 13:17:23 Finished transferring output files
...
005 (124046.000.000) 06/08 13:17:23 Job terminated.
	(1) Normal termination (return value 0)
		Usr 0 00:00:52, Sys 0 00:00:16  -  Run Remote Usage
		Usr 0 00:00:00, Sys 0 00:00:00  -  Run Local Usage
		Usr 0 00:00:52, Sys 0 00:00:16  -  Total Remote Usage
		Usr 0 00:00:00, Sys 0 00:00:00  -  Total Local Usage
	50395  -  Run Bytes Sent By Job
	19195  -  Run Bytes Received By Job
	50395  -  Total Bytes Sent By Job
	19195  -  Total Bytes Received By Job
	Partitionable Resources :      Usage  Request Allocated 
	   Cpus                 :       0.01        1         1 
	   Disk (KB)            : 2758791          20    290382 
	   Memory (MB)          :      67        2000      2000 

	Job terminated of its own accord at 2021-06-08T11:17:23Z.
...
