000 (147261.000.000) 06/16 08:24:38 Job submitted from host: <188.185.121.235:9618?addrs=188.185.121.235-9618+[2001-1458-d00-49--100-36e]-9618&alias=bigbird22.cern.ch&noUDP&sock=schedd_38044_991d>
...
040 (147261.000.000) 06/16 08:47:45 Started transferring input files
	Transferring to host: <128.142.87.24:9618?addrs=128.142.87.24-9618+[2001-1458-301-f6--100-67f]-9618&alias=b7s14n1682.cern.ch&noUDP&sock=slot1_12_5607_637d_37584>
...
040 (147261.000.000) 06/16 08:47:45 Finished transferring input files
...
001 (147261.000.000) 06/16 08:47:45 Job executing on host: <128.142.87.24:9618?addrs=128.142.87.24-9618+[2001-1458-301-f6--100-67f]-9618&alias=b7s14n1682.cern.ch&noUDP&sock=startd_4261_4522>
...
006 (147261.000.000) 06/16 08:47:54 Image size of job updated: 766796
	21  -  MemoryUsage of job (MB)
	20840  -  ResidentSetSize of job (KB)
...
006 (147261.000.000) 06/16 08:50:47 Image size of job updated: 791452
	21  -  MemoryUsage of job (MB)
	20840  -  ResidentSetSize of job (KB)
...
040 (147261.000.000) 06/16 08:50:52 Entered queue to transfer output files
...
040 (147261.000.000) 06/16 08:51:01 Started transferring output files
...
040 (147261.000.000) 06/16 08:51:26 Finished transferring output files
...
005 (147261.000.000) 06/16 08:51:46 Job terminated.
	(1) Normal termination (return value 0)
		Usr 0 00:00:07, Sys 0 00:00:02  -  Run Remote Usage
		Usr 0 00:00:00, Sys 0 00:00:00  -  Run Local Usage
		Usr 0 00:00:07, Sys 0 00:00:02  -  Total Remote Usage
		Usr 0 00:00:00, Sys 0 00:00:00  -  Total Local Usage
	20433  -  Run Bytes Sent By Job
	19195  -  Run Bytes Received By Job
	20433  -  Total Bytes Sent By Job
	19195  -  Total Bytes Received By Job
	Partitionable Resources :    Usage  Request Allocated 
	   Cpus                 :                 1         1 
	   Disk (KB)            :   466081       20    277415 
	   Memory (MB)          :       21     2000      2000 

	Job terminated of its own accord at 2021-06-16T06:50:47Z.
...
