000 (115719.000.000) 06/04 08:53:11 Job submitted from host: <188.185.121.235:9618?addrs=188.185.121.235-9618+[2001-1458-d00-49--100-36e]-9618&alias=bigbird22.cern.ch&noUDP&sock=schedd_38044_991d>
...
040 (115719.000.000) 06/04 08:58:50 Started transferring input files
	Transferring to host: <188.184.198.105:9618?addrs=188.184.198.105-9618+[2001-1458-301-c1--100-424]-9618&alias=b7g52n7043.cern.ch&noUDP&sock=slot1_8_27078_a686_87297>
...
001 (115719.000.000) 06/04 08:58:50 Job executing on host: <188.184.198.105:9618?addrs=188.184.198.105-9618+[2001-1458-301-c1--100-424]-9618&alias=b7g52n7043.cern.ch&noUDP&sock=startd_19015_4970>
...
040 (115719.000.000) 06/04 08:58:50 Finished transferring input files
...
006 (115719.000.000) 06/04 08:58:59 Image size of job updated: 15488
	16  -  MemoryUsage of job (MB)
	15488  -  ResidentSetSize of job (KB)
...
006 (115719.000.000) 06/04 09:04:00 Image size of job updated: 790824
	66  -  MemoryUsage of job (MB)
	67504  -  ResidentSetSize of job (KB)
...
040 (115719.000.000) 06/04 09:05:11 Started transferring output files
...
040 (115719.000.000) 06/04 09:05:12 Finished transferring output files
...
005 (115719.000.000) 06/04 09:05:12 Job terminated.
	(1) Normal termination (return value 0)
		Usr 0 00:00:08, Sys 0 00:00:02  -  Run Remote Usage
		Usr 0 00:00:00, Sys 0 00:00:00  -  Run Local Usage
		Usr 0 00:00:08, Sys 0 00:00:02  -  Total Remote Usage
		Usr 0 00:00:00, Sys 0 00:00:00  -  Total Local Usage
	22157  -  Run Bytes Sent By Job
	19195  -  Run Bytes Received By Job
	22157  -  Total Bytes Sent By Job
	19195  -  Total Bytes Received By Job
	Partitionable Resources :     Usage  Request Allocated 
	   Cpus                 :      0.01        1         1 
	   Disk (KB)            : 540982          20    285448 
	   Memory (MB)          :     66        2000      2000 

	Job terminated of its own accord at 2021-06-04T07:05:11Z.
...
000 (122852.000.000) 06/08 10:32:29 Job submitted from host: <188.185.121.235:9618?addrs=188.185.121.235-9618+[2001-1458-d00-49--100-36e]-9618&alias=bigbird22.cern.ch&noUDP&sock=schedd_38044_991d>
...
040 (122852.000.000) 06/08 10:52:01 Started transferring input files
	Transferring to host: <188.184.204.53:9618?addrs=188.184.204.53-9618+[2001-1458-301-7d--100-41]-9618&alias=b7g27n0117.cern.ch&noUDP&sock=slot1_9_11677_40b4_105772>
...
040 (122852.000.000) 06/08 10:52:02 Finished transferring input files
...
001 (122852.000.000) 06/08 10:52:02 Job executing on host: <188.184.204.53:9618?addrs=188.184.204.53-9618+[2001-1458-301-7d--100-41]-9618&alias=b7g27n0117.cern.ch&noUDP&sock=startd_2895_4ec4>
...
006 (122852.000.000) 06/08 10:52:11 Image size of job updated: 527124
	5  -  MemoryUsage of job (MB)
	4380  -  ResidentSetSize of job (KB)
...
006 (122852.000.000) 06/08 10:55:02 Image size of job updated: 791428
	5  -  MemoryUsage of job (MB)
	4416  -  ResidentSetSize of job (KB)
...
040 (122852.000.000) 06/08 10:55:03 Started transferring output files
...
040 (122852.000.000) 06/08 10:55:04 Finished transferring output files
...
005 (122852.000.000) 06/08 10:55:04 Job terminated.
	(1) Normal termination (return value 0)
		Usr 0 00:00:12, Sys 0 00:00:02  -  Run Remote Usage
		Usr 0 00:00:00, Sys 0 00:00:00  -  Run Local Usage
		Usr 0 00:00:12, Sys 0 00:00:02  -  Total Remote Usage
		Usr 0 00:00:00, Sys 0 00:00:00  -  Total Local Usage
	22143  -  Run Bytes Sent By Job
	19195  -  Run Bytes Received By Job
	22143  -  Total Bytes Sent By Job
	19195  -  Total Bytes Received By Job
	Partitionable Resources :    Usage  Request Allocated 
	   Cpus                 :                 1         1 
	   Disk (KB)            :   540976       20    214558 
	   Memory (MB)          :        5     2000      2000 

	Job terminated of its own accord at 2021-06-08T08:55:02Z.
...
