000 (147902.000.000) 06/16 08:37:42 Job submitted from host: <188.185.121.235:9618?addrs=188.185.121.235-9618+[2001-1458-d00-49--100-36e]-9618&alias=bigbird22.cern.ch&noUDP&sock=schedd_38044_991d>
...
040 (147902.000.000) 06/16 08:58:04 Started transferring input files
	Transferring to host: <128.142.76.224:9618?addrs=128.142.76.224-9618+[2001-1458-301-f4--100-423]-9618&alias=b7s12n1084.cern.ch&noUDP&sock=slot1_6_24336_a9d7_116052>
...
040 (147902.000.000) 06/16 08:58:04 Finished transferring input files
...
001 (147902.000.000) 06/16 08:58:04 Job executing on host: <128.142.76.224:9618?addrs=128.142.76.224-9618+[2001-1458-301-f4--100-423]-9618&alias=b7s12n1084.cern.ch&noUDP&sock=startd_16568_d931>
...
006 (147902.000.000) 06/16 08:58:13 Image size of job updated: 625444
	32  -  MemoryUsage of job (MB)
	32480  -  ResidentSetSize of job (KB)
...
006 (147902.000.000) 06/16 09:03:14 Image size of job updated: 791444
	67  -  MemoryUsage of job (MB)
	67768  -  ResidentSetSize of job (KB)
...
040 (147902.000.000) 06/16 09:09:53 Started transferring output files
...
040 (147902.000.000) 06/16 09:09:53 Finished transferring output files
...
005 (147902.000.000) 06/16 09:09:55 Job terminated.
	(1) Normal termination (return value 0)
		Usr 0 00:01:33, Sys 0 00:00:18  -  Run Remote Usage
		Usr 0 00:00:00, Sys 0 00:00:00  -  Run Local Usage
		Usr 0 00:01:33, Sys 0 00:00:18  -  Total Remote Usage
		Usr 0 00:00:00, Sys 0 00:00:00  -  Total Local Usage
	53524  -  Run Bytes Sent By Job
	19195  -  Run Bytes Received By Job
	53524  -  Total Bytes Sent By Job
	19195  -  Total Bytes Received By Job
	Partitionable Resources :    Usage  Request Allocated 
	   Cpus                 :                 1         1 
	   Disk (KB)            :  3067449       20    158205 
	   Memory (MB)          :       67     2000      2000 

	Job terminated of its own accord at 2021-06-16T07:09:53Z.
...
