
Processing GetHistograms_PS_PDF.C("/eos/cms/store/user/ipapakri/ttbar/MC/Signal/2017/TTJets_TuneCP5_13TeV-amcatnloFXFX-pythia8.root","TTJets","2017","ScaleWeights")...
YEAR: 2017
file_name: /eos/cms/store/user/ipapakri/ttbar/MC/Signal/2017/TTJets_TuneCP5_13TeV-amcatnloFXFX-pythia8.root
ttbar_process: TTJets
XSEC: 832
Error in <TTree::SetBranchAddress>: unknown branch -> jetTau3
Error in <TTree::SetBranchAddress>: unknown branch -> jetTau2
Error in <TTree::SetBranchAddress>: unknown branch -> jetTau1
Error in <TTree::SetBranchAddress>: unknown branch -> jetMassSub0
Error in <TTree::SetBranchAddress>: unknown branch -> jetMassSub1
Error in <TTree::SetBranchAddress>: unknown branch -> jetBtagSub0
Entries: 8339240
10 %
20 %
30 %
40 %
50 %
60 %
70 %
80 %
90 %
Error in <TTree::SetBranchAddress>: unknown branch -> psWeights
Number of arguments 3
Argument list: ['RunGetHistograms_PS_PDF.py', '2017', 'ScaleWeights']
TTJets
TTJets_TuneCP5_13TeV-amcatnloFXFX-pythia8.root
