000 (461638.000.000) 11/01 07:51:11 Job submitted from host: <188.185.121.235:9618?addrs=188.185.121.235-9618+[2001-1458-d00-49--100-36e]-9618&alias=bigbird22.cern.ch&noUDP&sock=schedd_1778_237a>
...
040 (461638.000.000) 11/01 08:01:24 Started transferring input files
	Transferring to host: <128.142.137.27:9618?addrs=128.142.137.27-9618+[2001-1458-301-5e--100-f]-9618&alias=b7g19p1323.cern.ch&noUDP&sock=slot1_23_44904_ae1b_10697>
...
040 (461638.000.000) 11/01 08:01:24 Finished transferring input files
...
001 (461638.000.000) 11/01 08:01:24 Job executing on host: <128.142.137.27:9618?addrs=128.142.137.27-9618+[2001-1458-301-5e--100-f]-9618&alias=b7g19p1323.cern.ch&noUDP&sock=startd_36713_a48f>
...
006 (461638.000.000) 11/01 08:01:32 Image size of job updated: 767180
	17  -  MemoryUsage of job (MB)
	16524  -  ResidentSetSize of job (KB)
...
006 (461638.000.000) 11/01 08:06:32 Image size of job updated: 791832
	67  -  MemoryUsage of job (MB)
	67764  -  ResidentSetSize of job (KB)
...
006 (461638.000.000) 11/01 09:01:38 Image size of job updated: 791832
	101  -  MemoryUsage of job (MB)
	103272  -  ResidentSetSize of job (KB)
...
040 (461638.000.000) 11/01 09:02:44 Started transferring output files
...
040 (461638.000.000) 11/01 09:02:44 Finished transferring output files
...
005 (461638.000.000) 11/01 09:02:45 Job terminated.
	(1) Normal termination (return value 0)
		Usr 0 00:01:14, Sys 0 00:00:20  -  Run Remote Usage
		Usr 0 00:00:00, Sys 0 00:00:00  -  Run Local Usage
		Usr 0 00:01:14, Sys 0 00:00:20  -  Total Remote Usage
		Usr 0 00:00:00, Sys 0 00:00:00  -  Total Local Usage
	46809  -  Run Bytes Sent By Job
	19311  -  Run Bytes Received By Job
	46809  -  Total Bytes Sent By Job
	19311  -  Total Bytes Received By Job
	Partitionable Resources :      Usage  Request Allocated 
	   Cpus                 :       0.01        1         1 
	   Disk (KB)            : 2368046          20   1620135 
	   Memory (MB)          :     101        2000      2000 

	Job terminated of its own accord at 2021-11-01T08:02:44Z.
...
