000 (461397.000.000) 11/01 07:46:48 Job submitted from host: <188.185.121.235:9618?addrs=188.185.121.235-9618+[2001-1458-d00-49--100-36e]-9618&alias=bigbird22.cern.ch&noUDP&sock=schedd_1778_237a>
...
040 (461397.000.000) 11/01 07:59:56 Started transferring input files
	Transferring to host: <128.142.60.57:9618?addrs=128.142.60.57-9618+[2001-1458-301-22--100-38]-9618&alias=b7s05p1206.cern.ch&noUDP&sock=slot1_7_3685_2a6f_32702>
...
040 (461397.000.000) 11/01 07:59:56 Finished transferring input files
...
001 (461397.000.000) 11/01 07:59:56 Job executing on host: <128.142.60.57:9618?addrs=128.142.60.57-9618+[2001-1458-301-22--100-38]-9618&alias=b7s05p1206.cern.ch&noUDP&sock=startd_3576_6ac2>
...
006 (461397.000.000) 11/01 08:00:05 Image size of job updated: 791808
	67  -  MemoryUsage of job (MB)
	67760  -  ResidentSetSize of job (KB)
...
040 (461397.000.000) 11/01 08:00:17 Started transferring output files
...
040 (461397.000.000) 11/01 08:00:17 Finished transferring output files
...
005 (461397.000.000) 11/01 08:00:17 Job terminated.
	(1) Normal termination (return value 0)
		Usr 0 00:00:07, Sys 0 00:00:02  -  Run Remote Usage
		Usr 0 00:00:00, Sys 0 00:00:00  -  Run Local Usage
		Usr 0 00:00:07, Sys 0 00:00:02  -  Total Remote Usage
		Usr 0 00:00:00, Sys 0 00:00:00  -  Total Local Usage
	18368  -  Run Bytes Sent By Job
	19311  -  Run Bytes Received By Job
	18368  -  Total Bytes Sent By Job
	19311  -  Total Bytes Received By Job
	Partitionable Resources :    Usage  Request Allocated 
	   Cpus                 :                 1         1 
	   Disk (KB)            :   466087       20   1263657 
	   Memory (MB)          :       67     2000      2000 

	Job terminated of its own accord at 2021-11-01T07:00:16Z.
...
