000 (461394.000.000) 11/01 07:46:45 Job submitted from host: <188.185.121.235:9618?addrs=188.185.121.235-9618+[2001-1458-d00-49--100-36e]-9618&alias=bigbird22.cern.ch&noUDP&sock=schedd_1778_237a>
...
040 (461394.000.000) 11/01 07:59:55 Started transferring input files
	Transferring to host: <128.142.128.150:9618?addrs=128.142.128.150-9618+[2001-1458-301-10--100-95]-9618&alias=b7g25p7881.cern.ch&noUDP&sock=slot1_3_10441_6102_25484>
...
040 (461394.000.000) 11/01 07:59:55 Finished transferring input files
...
001 (461394.000.000) 11/01 07:59:55 Job executing on host: <128.142.128.150:9618?addrs=128.142.128.150-9618+[2001-1458-301-10--100-95]-9618&alias=b7g25p7881.cern.ch&noUDP&sock=startd_7768_c7c5>
...
006 (461394.000.000) 11/01 08:00:04 Image size of job updated: 783572
	42  -  MemoryUsage of job (MB)
	42140  -  ResidentSetSize of job (KB)
...
006 (461394.000.000) 11/01 08:00:37 Image size of job updated: 791808
	42  -  MemoryUsage of job (MB)
	42192  -  ResidentSetSize of job (KB)
...
040 (461394.000.000) 11/01 08:00:37 Started transferring output files
...
040 (461394.000.000) 11/01 08:00:37 Finished transferring output files
...
005 (461394.000.000) 11/01 08:00:37 Job terminated.
	(1) Normal termination (return value 0)
		Usr 0 00:00:06, Sys 0 00:00:01  -  Run Remote Usage
		Usr 0 00:00:00, Sys 0 00:00:00  -  Run Local Usage
		Usr 0 00:00:06, Sys 0 00:00:01  -  Total Remote Usage
		Usr 0 00:00:00, Sys 0 00:00:00  -  Total Local Usage
	20194  -  Run Bytes Sent By Job
	19311  -  Run Bytes Received By Job
	20194  -  Total Bytes Sent By Job
	19311  -  Total Bytes Received By Job
	Partitionable Resources :    Usage  Request Allocated 
	   Cpus                 :                 1         1 
	   Disk (KB)            :   466097       20   3016206 
	   Memory (MB)          :       42     2000      2000 

	Job terminated of its own accord at 2021-11-01T07:00:37Z.
...
