000 (461489.000.000) 11/01 07:48:43 Job submitted from host: <188.185.121.235:9618?addrs=188.185.121.235-9618+[2001-1458-d00-49--100-36e]-9618&alias=bigbird22.cern.ch&noUDP&sock=schedd_1778_237a>
...
040 (461489.000.000) 11/01 08:00:32 Started transferring input files
	Transferring to host: <128.142.128.78:9618?addrs=128.142.128.78-9618&alias=b7g25p7810.cern.ch&noUDP&sock=slot1_5_6344_abfb_3455>
...
001 (461489.000.000) 11/01 08:00:32 Job executing on host: <128.142.128.78:9618?addrs=128.142.128.78-9618&alias=b7g25p7810.cern.ch&noUDP&sock=startd_5084_c794>
...
040 (461489.000.000) 11/01 08:00:32 Finished transferring input files
...
006 (461489.000.000) 11/01 08:00:41 Image size of job updated: 22156
	22  -  MemoryUsage of job (MB)
	22156  -  ResidentSetSize of job (KB)
...
006 (461489.000.000) 11/01 08:05:42 Image size of job updated: 791836
	67  -  MemoryUsage of job (MB)
	67752  -  ResidentSetSize of job (KB)
...
040 (461489.000.000) 11/01 08:55:18 Started transferring output files
...
040 (461489.000.000) 11/01 08:55:18 Finished transferring output files
...
005 (461489.000.000) 11/01 08:55:19 Job terminated.
	(1) Normal termination (return value 0)
		Usr 0 00:01:15, Sys 0 00:00:12  -  Run Remote Usage
		Usr 0 00:00:00, Sys 0 00:00:00  -  Run Local Usage
		Usr 0 00:01:15, Sys 0 00:00:12  -  Total Remote Usage
		Usr 0 00:00:00, Sys 0 00:00:00  -  Total Local Usage
	54613  -  Run Bytes Sent By Job
	19311  -  Run Bytes Received By Job
	54613  -  Total Bytes Sent By Job
	19311  -  Total Bytes Received By Job
	Partitionable Resources :    Usage  Request Allocated 
	   Cpus                 :        0        1         1 
	   Disk (KB)            :  3086786       20   2776408 
	   Memory (MB)          :       67     2000      2000 

	Job terminated of its own accord at 2021-11-01T07:55:18Z.
...
