000 (461573.000.000) 11/01 07:49:54 Job submitted from host: <188.185.121.235:9618?addrs=188.185.121.235-9618+[2001-1458-d00-49--100-36e]-9618&alias=bigbird22.cern.ch&noUDP&sock=schedd_1778_237a>
...
040 (461573.000.000) 11/01 08:01:00 Started transferring input files
	Transferring to host: <128.142.130.41:9618?addrs=128.142.130.41-9618+[2001-1458-301-58--100-1d]-9618&alias=b7g20p2989.cern.ch&noUDP&sock=slot1_3_21319_e9fc_34646>
...
001 (461573.000.000) 11/01 08:01:00 Job executing on host: <128.142.130.41:9618?addrs=128.142.130.41-9618+[2001-1458-301-58--100-1d]-9618&alias=b7g20p2989.cern.ch&noUDP&sock=startd_37748_9115>
...
040 (461573.000.000) 11/01 08:01:00 Finished transferring input files
...
006 (461573.000.000) 11/01 08:01:09 Image size of job updated: 20780
	21  -  MemoryUsage of job (MB)
	20640  -  ResidentSetSize of job (KB)
...
006 (461573.000.000) 11/01 08:06:09 Image size of job updated: 791812
	67  -  MemoryUsage of job (MB)
	67768  -  ResidentSetSize of job (KB)
...
040 (461573.000.000) 11/01 08:19:37 Started transferring output files
...
040 (461573.000.000) 11/01 08:19:37 Finished transferring output files
...
005 (461573.000.000) 11/01 08:19:37 Job terminated.
	(1) Normal termination (return value 0)
		Usr 0 00:01:12, Sys 0 00:00:13  -  Run Remote Usage
		Usr 0 00:00:00, Sys 0 00:00:00  -  Run Local Usage
		Usr 0 00:01:12, Sys 0 00:00:13  -  Total Remote Usage
		Usr 0 00:00:00, Sys 0 00:00:00  -  Total Local Usage
	46851  -  Run Bytes Sent By Job
	19311  -  Run Bytes Received By Job
	46851  -  Total Bytes Sent By Job
	19311  -  Total Bytes Received By Job
	Partitionable Resources :      Usage  Request Allocated 
	   Cpus                 :       0.01        1         1 
	   Disk (KB)            : 2367840          20   1642108 
	   Memory (MB)          :      67        2000      2000 

	Job terminated of its own accord at 2021-11-01T07:19:37Z.
...
