000 (461499.000.000) 11/01 07:48:51 Job submitted from host: <188.185.121.235:9618?addrs=188.185.121.235-9618+[2001-1458-d00-49--100-36e]-9618&alias=bigbird22.cern.ch&noUDP&sock=schedd_1778_237a>
...
040 (461499.000.000) 11/01 08:00:34 Started transferring input files
	Transferring to host: <128.142.33.221:9618?addrs=128.142.33.221-9618+[2001-1458-301-39--100-1a]-9618&alias=b7g24p1710.cern.ch&noUDP&sock=slot1_17_48977_7a21_34049>
...
001 (461499.000.000) 11/01 08:00:34 Job executing on host: <128.142.33.221:9618?addrs=128.142.33.221-9618+[2001-1458-301-39--100-1a]-9618&alias=b7g24p1710.cern.ch&noUDP&sock=startd_4822_11c4>
...
040 (461499.000.000) 11/01 08:00:34 Finished transferring input files
...
006 (461499.000.000) 11/01 08:00:43 Image size of job updated: 55752
	55  -  MemoryUsage of job (MB)
	55752  -  ResidentSetSize of job (KB)
...
006 (461499.000.000) 11/01 08:05:44 Image size of job updated: 791808
	67  -  MemoryUsage of job (MB)
	67760  -  ResidentSetSize of job (KB)
...
040 (461499.000.000) 11/01 08:19:16 Started transferring output files
...
040 (461499.000.000) 11/01 08:19:16 Finished transferring output files
...
005 (461499.000.000) 11/01 08:19:16 Job terminated.
	(1) Normal termination (return value 0)
		Usr 0 00:01:09, Sys 0 00:00:17  -  Run Remote Usage
		Usr 0 00:00:00, Sys 0 00:00:00  -  Run Local Usage
		Usr 0 00:01:09, Sys 0 00:00:17  -  Total Remote Usage
		Usr 0 00:00:00, Sys 0 00:00:00  -  Total Local Usage
	52920  -  Run Bytes Sent By Job
	19311  -  Run Bytes Received By Job
	52920  -  Total Bytes Sent By Job
	19311  -  Total Bytes Received By Job
	Partitionable Resources :      Usage  Request Allocated 
	   Cpus                 :       0.01        1         1 
	   Disk (KB)            : 3079908          20   2976457 
	   Memory (MB)          :      67        2000      2000 

	Job terminated of its own accord at 2021-11-01T07:19:16Z.
...
