000 (461658.000.000) 11/01 07:51:26 Job submitted from host: <188.185.121.235:9618?addrs=188.185.121.235-9618+[2001-1458-d00-49--100-36e]-9618&alias=bigbird22.cern.ch&noUDP&sock=schedd_1778_237a>
...
040 (461658.000.000) 11/01 08:01:30 Started transferring input files
	Transferring to host: <188.184.162.98:9618?addrs=188.184.162.98-9618+[2001-1458-301-4a--100-5c]-9618&alias=b7s11p5689.cern.ch&noUDP&sock=slot1_25_259591_17d5_35507>
...
040 (461658.000.000) 11/01 08:01:30 Finished transferring input files
...
001 (461658.000.000) 11/01 08:01:30 Job executing on host: <188.184.162.98:9618?addrs=188.184.162.98-9618+[2001-1458-301-4a--100-5c]-9618&alias=b7s11p5689.cern.ch&noUDP&sock=startd_134282_dc83>
...
006 (461658.000.000) 11/01 08:01:39 Image size of job updated: 625832
	22  -  MemoryUsage of job (MB)
	22028  -  ResidentSetSize of job (KB)
...
006 (461658.000.000) 11/01 08:06:40 Image size of job updated: 791836
	67  -  MemoryUsage of job (MB)
	67780  -  ResidentSetSize of job (KB)
...
006 (461658.000.000) 11/01 08:36:43 Image size of job updated: 791836
	102  -  MemoryUsage of job (MB)
	103604  -  ResidentSetSize of job (KB)
...
040 (461658.000.000) 11/01 08:37:09 Started transferring output files
...
040 (461658.000.000) 11/01 08:37:09 Finished transferring output files
...
005 (461658.000.000) 11/01 08:37:09 Job terminated.
	(1) Normal termination (return value 0)
		Usr 0 00:01:11, Sys 0 00:00:11  -  Run Remote Usage
		Usr 0 00:00:00, Sys 0 00:00:00  -  Run Local Usage
		Usr 0 00:01:11, Sys 0 00:00:11  -  Total Remote Usage
		Usr 0 00:00:00, Sys 0 00:00:00  -  Total Local Usage
	46515  -  Run Bytes Sent By Job
	19311  -  Run Bytes Received By Job
	46515  -  Total Bytes Sent By Job
	19311  -  Total Bytes Received By Job
	Partitionable Resources :      Usage  Request Allocated 
	   Cpus                 :       0.01        1         1 
	   Disk (KB)            : 2370138          20   2974698 
	   Memory (MB)          :     102        2000      2000 

	Job terminated of its own accord at 2021-11-01T07:37:09Z.
...
