000 (758880.000.000) 02/02 22:09:25 Job submitted from host: <188.185.121.235:9618?addrs=188.185.121.235-9618+[2001-1458-d00-49--100-36e]-9618&alias=bigbird22.cern.ch&noUDP&sock=schedd_8027_6ecd>
...
040 (758880.000.000) 02/02 22:17:33 Started transferring input files
	Transferring to host: <128.142.60.64:9618?addrs=128.142.60.64-9618+[2001-1458-301-22--100-3f]-9618&alias=b7s05p9861.cern.ch&noUDP&sock=slot1_31_3204_41fb_36470>
...
040 (758880.000.000) 02/02 22:17:33 Finished transferring input files
...
001 (758880.000.000) 02/02 22:17:33 Job executing on host: <128.142.60.64:9618?addrs=128.142.60.64-9618+[2001-1458-301-22--100-3f]-9618&alias=b7s05p9861.cern.ch&noUDP&sock=startd_2852_d031>
...
006 (758880.000.000) 02/02 22:17:41 Image size of job updated: 794140
	67  -  MemoryUsage of job (MB)
	67764  -  ResidentSetSize of job (KB)
...
040 (758880.000.000) 02/02 22:17:53 Started transferring output files
...
040 (758880.000.000) 02/02 22:17:53 Finished transferring output files
...
005 (758880.000.000) 02/02 22:17:53 Job terminated.
	(1) Normal termination (return value 0)
		Usr 0 00:00:08, Sys 0 00:00:02  -  Run Remote Usage
		Usr 0 00:00:00, Sys 0 00:00:00  -  Run Local Usage
		Usr 0 00:00:08, Sys 0 00:00:02  -  Total Remote Usage
		Usr 0 00:00:00, Sys 0 00:00:00  -  Total Local Usage
	20562  -  Run Bytes Sent By Job
	19104  -  Run Bytes Received By Job
	20562  -  Total Bytes Sent By Job
	19104  -  Total Bytes Received By Job
	Partitionable Resources :    Usage  Request Allocated 
	   Cpus                 :                 1         1 
	   Disk (KB)            :   466091       20   1134765 
	   Memory (MB)          :       67     2000      2000 

	Job terminated of its own accord at 2022-02-02T21:17:53Z.
...
