000 (758862.000.000) 02/02 22:09:10 Job submitted from host: <188.185.121.235:9618?addrs=188.185.121.235-9618+[2001-1458-d00-49--100-36e]-9618&alias=bigbird22.cern.ch&noUDP&sock=schedd_8027_6ecd>
...
040 (758862.000.000) 02/02 22:17:00 Started transferring input files
	Transferring to host: <128.142.60.64:9618?addrs=128.142.60.64-9618+[2001-1458-301-22--100-3f]-9618&alias=b7s05p9861.cern.ch&noUDP&sock=slot1_41_3204_41fb_36451>
...
040 (758862.000.000) 02/02 22:17:00 Finished transferring input files
...
001 (758862.000.000) 02/02 22:17:00 Job executing on host: <128.142.60.64:9618?addrs=128.142.60.64-9618+[2001-1458-301-22--100-3f]-9618&alias=b7s05p9861.cern.ch&noUDP&sock=startd_2852_d031>
...
006 (758862.000.000) 02/02 22:17:09 Image size of job updated: 794156
	37  -  MemoryUsage of job (MB)
	37720  -  ResidentSetSize of job (KB)
...
040 (758862.000.000) 02/02 22:17:31 Started transferring output files
...
040 (758862.000.000) 02/02 22:17:31 Finished transferring output files
...
005 (758862.000.000) 02/02 22:17:31 Job terminated.
	(1) Normal termination (return value 0)
		Usr 0 00:00:10, Sys 0 00:00:02  -  Run Remote Usage
		Usr 0 00:00:00, Sys 0 00:00:00  -  Run Local Usage
		Usr 0 00:00:10, Sys 0 00:00:02  -  Total Remote Usage
		Usr 0 00:00:00, Sys 0 00:00:00  -  Total Local Usage
	21294  -  Run Bytes Sent By Job
	19104  -  Run Bytes Received By Job
	21294  -  Total Bytes Sent By Job
	19104  -  Total Bytes Received By Job
	Partitionable Resources :    Usage  Request Allocated 
	   Cpus                 :                 1         1 
	   Disk (KB)            :   466080       20   1134344 
	   Memory (MB)          :       37     2000      2000 

	Job terminated of its own accord at 2022-02-02T21:17:31Z.
...
