000 (461469.000.000) 11/01 07:48:21 Job submitted from host: <188.185.121.235:9618?addrs=188.185.121.235-9618+[2001-1458-d00-49--100-36e]-9618&alias=bigbird22.cern.ch&noUDP&sock=schedd_1778_237a>
...
040 (461469.000.000) 11/01 08:00:24 Started transferring input files
	Transferring to host: <128.142.140.181:9618?addrs=128.142.140.181-9618+[2001-1458-301-61--100-a9]-9618&alias=b7g15p6176.cern.ch&noUDP&sock=slot1_6_28051_378e_11781>
...
001 (461469.000.000) 11/01 08:00:24 Job executing on host: <128.142.140.181:9618?addrs=128.142.140.181-9618+[2001-1458-301-61--100-a9]-9618&alias=b7g15p6176.cern.ch&noUDP&sock=startd_28008_bca3>
...
040 (461469.000.000) 11/01 08:00:24 Finished transferring input files
...
006 (461469.000.000) 11/01 08:00:33 Image size of job updated: 127560
	67  -  MemoryUsage of job (MB)
	67764  -  ResidentSetSize of job (KB)
...
006 (461469.000.000) 11/01 08:05:33 Image size of job updated: 791808
	67  -  MemoryUsage of job (MB)
	67764  -  ResidentSetSize of job (KB)
...
006 (461469.000.000) 11/01 08:15:34 Image size of job updated: 791808
	132  -  MemoryUsage of job (MB)
	134196  -  ResidentSetSize of job (KB)
...
040 (461469.000.000) 11/01 08:17:04 Started transferring output files
...
040 (461469.000.000) 11/01 08:17:05 Finished transferring output files
...
005 (461469.000.000) 11/01 08:17:05 Job terminated.
	(1) Normal termination (return value 0)
		Usr 0 00:02:05, Sys 0 00:00:28  -  Run Remote Usage
		Usr 0 00:00:00, Sys 0 00:00:00  -  Run Local Usage
		Usr 0 00:02:05, Sys 0 00:00:28  -  Total Remote Usage
		Usr 0 00:00:00, Sys 0 00:00:00  -  Total Local Usage
	50589  -  Run Bytes Sent By Job
	19311  -  Run Bytes Received By Job
	50589  -  Total Bytes Sent By Job
	19311  -  Total Bytes Received By Job
	Partitionable Resources :      Usage  Request Allocated 
	   Cpus                 :       0.02        1         1 
	   Disk (KB)            : 3086667          20   1382022 
	   Memory (MB)          :     132        2000      2000 

	Job terminated of its own accord at 2021-11-01T07:17:04Z.
...
