000 (461597.000.000) 11/01 07:50:25 Job submitted from host: <188.185.121.235:9618?addrs=188.185.121.235-9618+[2001-1458-d00-49--100-36e]-9618&alias=bigbird22.cern.ch&noUDP&sock=schedd_1778_237a>
...
040 (461597.000.000) 11/01 08:01:08 Started transferring input files
	Transferring to host: <128.142.33.218:9618?addrs=128.142.33.218-9618&alias=b7g24p3011.cern.ch&noUDP&sock=slot1_11_3749_4272_8656>
...
040 (461597.000.000) 11/01 08:01:08 Finished transferring input files
...
001 (461597.000.000) 11/01 08:01:08 Job executing on host: <128.142.33.218:9618?addrs=128.142.33.218-9618&alias=b7g24p3011.cern.ch&noUDP&sock=startd_3702_d7b1>
...
006 (461597.000.000) 11/01 08:01:17 Image size of job updated: 2204
	3  -  MemoryUsage of job (MB)
	2204  -  ResidentSetSize of job (KB)
...
006 (461597.000.000) 11/01 08:06:18 Image size of job updated: 791832
	67  -  MemoryUsage of job (MB)
	67756  -  ResidentSetSize of job (KB)
...
040 (461597.000.000) 11/01 08:22:16 Started transferring output files
...
040 (461597.000.000) 11/01 08:22:16 Finished transferring output files
...
005 (461597.000.000) 11/01 08:22:17 Job terminated.
	(1) Normal termination (return value 0)
		Usr 0 00:00:43, Sys 0 00:00:12  -  Run Remote Usage
		Usr 0 00:00:00, Sys 0 00:00:00  -  Run Local Usage
		Usr 0 00:00:43, Sys 0 00:00:12  -  Total Remote Usage
		Usr 0 00:00:00, Sys 0 00:00:00  -  Total Local Usage
	46842  -  Run Bytes Sent By Job
	19311  -  Run Bytes Received By Job
	46842  -  Total Bytes Sent By Job
	19311  -  Total Bytes Received By Job
	Partitionable Resources :      Usage  Request Allocated 
	   Cpus                 :       0.01        1         1 
	   Disk (KB)            : 2368837          20   3224981 
	   Memory (MB)          :      67        2000      2000 

	Job terminated of its own accord at 2021-11-01T07:22:16Z.
...
