000 (461433.000.000) 11/01 07:47:37 Job submitted from host: <188.185.121.235:9618?addrs=188.185.121.235-9618+[2001-1458-d00-49--100-36e]-9618&alias=bigbird22.cern.ch&noUDP&sock=schedd_1778_237a>
...
040 (461433.000.000) 11/01 08:00:11 Started transferring input files
	Transferring to host: <128.142.130.31:9618?addrs=128.142.130.31-9618+[2001-1458-301-58--100-13]-9618&alias=b7g20p1387.cern.ch&noUDP&sock=slot1_7_10514_d065_4431>
...
001 (461433.000.000) 11/01 08:00:11 Job executing on host: <128.142.130.31:9618?addrs=128.142.130.31-9618+[2001-1458-301-58--100-13]-9618&alias=b7g20p1387.cern.ch&noUDP&sock=startd_10471_d043>
...
040 (461433.000.000) 11/01 08:00:11 Finished transferring input files
...
006 (461433.000.000) 11/01 08:00:20 Image size of job updated: 126248
	40  -  MemoryUsage of job (MB)
	40400  -  ResidentSetSize of job (KB)
...
006 (461433.000.000) 11/01 08:05:21 Image size of job updated: 791808
	67  -  MemoryUsage of job (MB)
	67752  -  ResidentSetSize of job (KB)
...
006 (461433.000.000) 11/01 08:30:29 Image size of job updated: 791808
	132  -  MemoryUsage of job (MB)
	134352  -  ResidentSetSize of job (KB)
...
040 (461433.000.000) 11/01 08:30:58 Started transferring output files
...
040 (461433.000.000) 11/01 08:30:58 Finished transferring output files
...
005 (461433.000.000) 11/01 08:30:58 Job terminated.
	(1) Normal termination (return value 0)
		Usr 0 00:02:07, Sys 0 00:00:29  -  Run Remote Usage
		Usr 0 00:00:00, Sys 0 00:00:00  -  Run Local Usage
		Usr 0 00:02:07, Sys 0 00:00:29  -  Total Remote Usage
		Usr 0 00:00:00, Sys 0 00:00:00  -  Total Local Usage
	52250  -  Run Bytes Sent By Job
	19311  -  Run Bytes Received By Job
	52250  -  Total Bytes Sent By Job
	19311  -  Total Bytes Received By Job
	Partitionable Resources :      Usage  Request Allocated 
	   Cpus                 :       0.01        1         1 
	   Disk (KB)            : 3087002          20   1623862 
	   Memory (MB)          :     132        2000      2000 

	Job terminated of its own accord at 2021-11-01T07:30:58Z.
...
