000 (461381.000.000) 11/01 07:46:23 Job submitted from host: <188.185.121.235:9618?addrs=188.185.121.235-9618+[2001-1458-d00-49--100-36e]-9618&alias=bigbird22.cern.ch&noUDP&sock=schedd_1778_237a>
...
040 (461381.000.000) 11/01 07:59:52 Started transferring input files
	Transferring to host: <128.142.60.10:9618?addrs=128.142.60.10-9618+[2001-1458-301-22--100-9]-9618&alias=b7s05p8270.cern.ch&noUDP&sock=slot1_12_3681_58ef_13000>
...
001 (461381.000.000) 11/01 07:59:52 Job executing on host: <128.142.60.10:9618?addrs=128.142.60.10-9618+[2001-1458-301-22--100-9]-9618&alias=b7s05p8270.cern.ch&noUDP&sock=startd_3632_d410>
...
040 (461381.000.000) 11/01 07:59:52 Finished transferring input files
...
006 (461381.000.000) 11/01 08:00:01 Image size of job updated: 67760
	67  -  MemoryUsage of job (MB)
	67760  -  ResidentSetSize of job (KB)
...
006 (461381.000.000) 11/01 08:00:38 Image size of job updated: 791808
	67  -  MemoryUsage of job (MB)
	67760  -  ResidentSetSize of job (KB)
...
040 (461381.000.000) 11/01 08:00:38 Started transferring output files
...
040 (461381.000.000) 11/01 08:00:38 Finished transferring output files
...
005 (461381.000.000) 11/01 08:00:39 Job terminated.
	(1) Normal termination (return value 0)
		Usr 0 00:00:06, Sys 0 00:00:02  -  Run Remote Usage
		Usr 0 00:00:00, Sys 0 00:00:00  -  Run Local Usage
		Usr 0 00:00:06, Sys 0 00:00:02  -  Total Remote Usage
		Usr 0 00:00:00, Sys 0 00:00:00  -  Total Local Usage
	20523  -  Run Bytes Sent By Job
	19311  -  Run Bytes Received By Job
	20523  -  Total Bytes Sent By Job
	19311  -  Total Bytes Received By Job
	Partitionable Resources :    Usage  Request Allocated 
	   Cpus                 :                 1         1 
	   Disk (KB)            :   466078       20   1244030 
	   Memory (MB)          :       67     2000      2000 

	Job terminated of its own accord at 2021-11-01T07:00:38Z.
...
