000 (758858.000.000) 02/02 22:09:08 Job submitted from host: <188.185.121.235:9618?addrs=188.185.121.235-9618+[2001-1458-d00-49--100-36e]-9618&alias=bigbird22.cern.ch&noUDP&sock=schedd_8027_6ecd>
...
040 (758858.000.000) 02/02 22:16:53 Started transferring input files
	Transferring to host: <128.142.60.64:9618?addrs=128.142.60.64-9618+[2001-1458-301-22--100-3f]-9618&alias=b7s05p9861.cern.ch&noUDP&sock=slot1_34_3204_41fb_36446>
...
040 (758858.000.000) 02/02 22:16:53 Finished transferring input files
...
001 (758858.000.000) 02/02 22:16:53 Job executing on host: <128.142.60.64:9618?addrs=128.142.60.64-9618+[2001-1458-301-22--100-3f]-9618&alias=b7s05p9861.cern.ch&noUDP&sock=startd_2852_d031>
...
006 (758858.000.000) 02/02 22:17:01 Image size of job updated: 769500
	15  -  MemoryUsage of job (MB)
	15260  -  ResidentSetSize of job (KB)
...
006 (758858.000.000) 02/02 22:17:28 Image size of job updated: 794156
	15  -  MemoryUsage of job (MB)
	15260  -  ResidentSetSize of job (KB)
...
040 (758858.000.000) 02/02 22:17:28 Started transferring output files
...
040 (758858.000.000) 02/02 22:17:28 Finished transferring output files
...
005 (758858.000.000) 02/02 22:17:28 Job terminated.
	(1) Normal termination (return value 0)
		Usr 0 00:00:09, Sys 0 00:00:02  -  Run Remote Usage
		Usr 0 00:00:00, Sys 0 00:00:00  -  Run Local Usage
		Usr 0 00:00:09, Sys 0 00:00:02  -  Total Remote Usage
		Usr 0 00:00:00, Sys 0 00:00:00  -  Total Local Usage
	19228  -  Run Bytes Sent By Job
	19295  -  Run Bytes Received By Job
	19228  -  Total Bytes Sent By Job
	19295  -  Total Bytes Received By Job
	Partitionable Resources :    Usage  Request Allocated 
	   Cpus                 :                 1         1 
	   Disk (KB)            :   466071       20   1132158 
	   Memory (MB)          :       15     2000      2000 

	Job terminated of its own accord at 2022-02-02T21:17:28Z.
...
