000 (461515.000.000) 11/01 07:49:04 Job submitted from host: <188.185.121.235:9618?addrs=188.185.121.235-9618+[2001-1458-d00-49--100-36e]-9618&alias=bigbird22.cern.ch&noUDP&sock=schedd_1778_237a>
...
040 (461515.000.000) 11/01 08:00:40 Started transferring input files
	Transferring to host: <128.142.57.90:9618?addrs=128.142.57.90-9618+[2001-1458-301-7--100-59]-9618&alias=b7s02p0120.cern.ch&noUDP&sock=slot1_6_3593_57eb_28547>
...
001 (461515.000.000) 11/01 08:00:40 Job executing on host: <128.142.57.90:9618?addrs=128.142.57.90-9618+[2001-1458-301-7--100-59]-9618&alias=b7s02p0120.cern.ch&noUDP&sock=startd_3121_532b>
...
040 (461515.000.000) 11/01 08:00:40 Finished transferring input files
...
006 (461515.000.000) 11/01 08:00:49 Image size of job updated: 791768
	39  -  MemoryUsage of job (MB)
	39200  -  ResidentSetSize of job (KB)
...
006 (461515.000.000) 11/01 08:05:50 Image size of job updated: 791808
	67  -  MemoryUsage of job (MB)
	67760  -  ResidentSetSize of job (KB)
...
040 (461515.000.000) 11/01 08:30:30 Started transferring output files
...
040 (461515.000.000) 11/01 08:30:30 Finished transferring output files
...
005 (461515.000.000) 11/01 08:30:32 Job terminated.
	(1) Normal termination (return value 0)
		Usr 0 00:01:15, Sys 0 00:00:21  -  Run Remote Usage
		Usr 0 00:00:00, Sys 0 00:00:00  -  Run Local Usage
		Usr 0 00:01:15, Sys 0 00:00:21  -  Total Remote Usage
		Usr 0 00:00:00, Sys 0 00:00:00  -  Total Local Usage
	54555  -  Run Bytes Sent By Job
	19311  -  Run Bytes Received By Job
	54555  -  Total Bytes Sent By Job
	19311  -  Total Bytes Received By Job
	Partitionable Resources :      Usage  Request Allocated 
	   Cpus                 :       0.01        1         1 
	   Disk (KB)            : 3086640          20   1279352 
	   Memory (MB)          :      67        2000      2000 

	Job terminated of its own accord at 2021-11-01T07:30:26Z.
...
