000 (461455.000.000) 11/01 07:48:10 Job submitted from host: <188.185.121.235:9618?addrs=188.185.121.235-9618+[2001-1458-d00-49--100-36e]-9618&alias=bigbird22.cern.ch&noUDP&sock=schedd_1778_237a>
...
022 (461455.000.000) 11/01 08:00:39 Job disconnected, attempting to reconnect
    Socket between submit and execute hosts closed unexpectedly
    Trying to reconnect to slot1_7@b7s02p3547.cern.ch <128.142.57.94:9618?addrs=128.142.57.94-9618+[2001-1458-301-7--100-5d]-9618&alias=b7s02p3547.cern.ch&noUDP&sock=startd_3828_44a0>
...
024 (461455.000.000) 11/01 08:00:39 Job reconnection failed
    Job not found at execution machine
    Can not reconnect to slot1_7@b7s02p3547.cern.ch, rescheduling job
...
040 (461455.000.000) 11/01 08:05:00 Started transferring input files
	Transferring to host: <128.142.128.174:9618?addrs=128.142.128.174-9618+[2001-1458-301-10--100-ad]-9618&alias=b7g25p4962.cern.ch&noUDP&sock=slot1_23_7977_449d_26773>
...
001 (461455.000.000) 11/01 08:05:00 Job executing on host: <128.142.128.174:9618?addrs=128.142.128.174-9618+[2001-1458-301-10--100-ad]-9618&alias=b7g25p4962.cern.ch&noUDP&sock=startd_7704_e1b6>
...
040 (461455.000.000) 11/01 08:05:00 Finished transferring input files
...
006 (461455.000.000) 11/01 08:05:08 Image size of job updated: 767180
	39  -  MemoryUsage of job (MB)
	39564  -  ResidentSetSize of job (KB)
...
006 (461455.000.000) 11/01 08:10:08 Image size of job updated: 791832
	67  -  MemoryUsage of job (MB)
	67752  -  ResidentSetSize of job (KB)
...
040 (461455.000.000) 11/01 08:58:07 Started transferring output files
...
040 (461455.000.000) 11/01 08:58:07 Finished transferring output files
...
005 (461455.000.000) 11/01 08:58:07 Job terminated.
	(1) Normal termination (return value 0)
		Usr 0 00:01:14, Sys 0 00:00:13  -  Run Remote Usage
		Usr 0 00:00:00, Sys 0 00:00:00  -  Run Local Usage
		Usr 0 00:01:14, Sys 0 00:00:13  -  Total Remote Usage
		Usr 0 00:00:00, Sys 0 00:00:00  -  Total Local Usage
	54608  -  Run Bytes Sent By Job
	19311  -  Run Bytes Received By Job
	54608  -  Total Bytes Sent By Job
	19311  -  Total Bytes Received By Job
	Partitionable Resources :      Usage  Request Allocated 
	   Cpus                 :       1.00        1         1 
	   Disk (KB)            : 3087369          20   3001407 
	   Memory (MB)          :      67        2000      2000 

	Job terminated of its own accord at 2021-11-01T07:58:07Z.
...
