000 (461393.000.000) 11/01 07:46:44 Job submitted from host: <188.185.121.235:9618?addrs=188.185.121.235-9618+[2001-1458-d00-49--100-36e]-9618&alias=bigbird22.cern.ch&noUDP&sock=schedd_1778_237a>
...
040 (461393.000.000) 11/01 07:59:55 Started transferring input files
	Transferring to host: <128.142.33.218:9618?addrs=128.142.33.218-9618&alias=b7g24p3011.cern.ch&noUDP&sock=slot1_8_3749_4272_8655>
...
040 (461393.000.000) 11/01 07:59:55 Finished transferring input files
...
001 (461393.000.000) 11/01 07:59:55 Job executing on host: <128.142.33.218:9618?addrs=128.142.33.218-9618&alias=b7g24p3011.cern.ch&noUDP&sock=startd_3702_d7b1>
...
006 (461393.000.000) 11/01 08:00:04 Image size of job updated: 791816
	67  -  MemoryUsage of job (MB)
	67748  -  ResidentSetSize of job (KB)
...
040 (461393.000.000) 11/01 08:00:19 Started transferring output files
...
040 (461393.000.000) 11/01 08:00:19 Finished transferring output files
...
005 (461393.000.000) 11/01 08:00:19 Job terminated.
	(1) Normal termination (return value 0)
		Usr 0 00:00:06, Sys 0 00:00:03  -  Run Remote Usage
		Usr 0 00:00:00, Sys 0 00:00:00  -  Run Local Usage
		Usr 0 00:00:06, Sys 0 00:00:03  -  Total Remote Usage
		Usr 0 00:00:00, Sys 0 00:00:00  -  Total Local Usage
	18794  -  Run Bytes Sent By Job
	19311  -  Run Bytes Received By Job
	18794  -  Total Bytes Sent By Job
	19311  -  Total Bytes Received By Job
	Partitionable Resources :    Usage  Request Allocated 
	   Cpus                 :                 1         1 
	   Disk (KB)            :   466089       20   3225228 
	   Memory (MB)          :       67     2000      2000 

	Job terminated of its own accord at 2021-11-01T07:00:19Z.
...
