000 (461434.000.000) 11/01 07:47:39 Job submitted from host: <188.185.121.235:9618?addrs=188.185.121.235-9618+[2001-1458-d00-49--100-36e]-9618&alias=bigbird22.cern.ch&noUDP&sock=schedd_1778_237a>
...
022 (461434.000.000) 11/01 08:00:31 Job disconnected, attempting to reconnect
    Socket between submit and execute hosts closed unexpectedly
    Trying to reconnect to slot1_3@b7g19p1323.cern.ch <128.142.137.27:9618?addrs=128.142.137.27-9618+[2001-1458-301-5e--100-f]-9618&alias=b7g19p1323.cern.ch&noUDP&sock=startd_36713_a48f>
...
024 (461434.000.000) 11/01 08:00:31 Job reconnection failed
    Job not found at execution machine
    Can not reconnect to slot1_3@b7g19p1323.cern.ch, rescheduling job
...
040 (461434.000.000) 11/01 08:04:55 Started transferring input files
	Transferring to host: <128.142.60.36:9618?addrs=128.142.60.36-9618+[2001-1458-301-22--100-23]-9618&alias=b7s05p0420.cern.ch&noUDP&sock=slot1_11_8244_64c8_3900>
...
040 (461434.000.000) 11/01 08:04:55 Finished transferring input files
...
001 (461434.000.000) 11/01 08:04:55 Job executing on host: <128.142.60.36:9618?addrs=128.142.60.36-9618+[2001-1458-301-22--100-23]-9618&alias=b7s05p0420.cern.ch&noUDP&sock=startd_6677_71f2>
...
006 (461434.000.000) 11/01 08:05:04 Image size of job updated: 625828
	9  -  MemoryUsage of job (MB)
	9168  -  ResidentSetSize of job (KB)
...
006 (461434.000.000) 11/01 08:10:04 Image size of job updated: 791836
	49  -  MemoryUsage of job (MB)
	49848  -  ResidentSetSize of job (KB)
...
006 (461434.000.000) 11/01 08:15:04 Image size of job updated: 791836
	67  -  MemoryUsage of job (MB)
	67760  -  ResidentSetSize of job (KB)
...
040 (461434.000.000) 11/01 10:08:12 Started transferring output files
...
040 (461434.000.000) 11/01 10:08:12 Finished transferring output files
...
005 (461434.000.000) 11/01 10:08:12 Job terminated.
	(1) Normal termination (return value 0)
		Usr 0 00:01:14, Sys 0 00:00:15  -  Run Remote Usage
		Usr 0 00:00:00, Sys 0 00:00:00  -  Run Local Usage
		Usr 0 00:01:14, Sys 0 00:00:15  -  Total Remote Usage
		Usr 0 00:00:00, Sys 0 00:00:00  -  Total Local Usage
	54646  -  Run Bytes Sent By Job
	19311  -  Run Bytes Received By Job
	54646  -  Total Bytes Sent By Job
	19311  -  Total Bytes Received By Job
	Partitionable Resources :      Usage  Request Allocated 
	   Cpus                 :       0.00        1         1 
	   Disk (KB)            : 3086466          20   1255320 
	   Memory (MB)          :      67        2000      2000 

	Job terminated of its own accord at 2021-11-01T09:08:12Z.
...
