000 (461382.000.000) 11/01 07:46:24 Job submitted from host: <188.185.121.235:9618?addrs=188.185.121.235-9618+[2001-1458-d00-49--100-36e]-9618&alias=bigbird22.cern.ch&noUDP&sock=schedd_1778_237a>
...
040 (461382.000.000) 11/01 07:59:52 Started transferring input files
	Transferring to host: <128.142.61.37:9618?addrs=128.142.61.37-9618+[2001-1458-301-23--100-24]-9618&alias=b7s06p3230.cern.ch&noUDP&sock=slot1_9_3619_a9ac_26621>
...
001 (461382.000.000) 11/01 07:59:52 Job executing on host: <128.142.61.37:9618?addrs=128.142.61.37-9618+[2001-1458-301-23--100-24]-9618&alias=b7s06p3230.cern.ch&noUDP&sock=startd_3549_e5b4>
...
040 (461382.000.000) 11/01 07:59:52 Finished transferring input files
...
006 (461382.000.000) 11/01 08:00:01 Image size of job updated: 791808
	67  -  MemoryUsage of job (MB)
	67756  -  ResidentSetSize of job (KB)
...
040 (461382.000.000) 11/01 08:00:16 Started transferring output files
...
040 (461382.000.000) 11/01 08:00:16 Finished transferring output files
...
005 (461382.000.000) 11/01 08:00:16 Job terminated.
	(1) Normal termination (return value 0)
		Usr 0 00:00:07, Sys 0 00:00:02  -  Run Remote Usage
		Usr 0 00:00:00, Sys 0 00:00:00  -  Run Local Usage
		Usr 0 00:00:07, Sys 0 00:00:02  -  Total Remote Usage
		Usr 0 00:00:00, Sys 0 00:00:00  -  Total Local Usage
	18639  -  Run Bytes Sent By Job
	19311  -  Run Bytes Received By Job
	18639  -  Total Bytes Sent By Job
	19311  -  Total Bytes Received By Job
	Partitionable Resources :    Usage  Request Allocated 
	   Cpus                 :                 1         1 
	   Disk (KB)            :   466077       20   1223669 
	   Memory (MB)          :       67     2000      2000 

	Job terminated of its own accord at 2021-11-01T07:00:15Z.
...
