000 (461413.000.000) 11/01 07:47:09 Job submitted from host: <188.185.121.235:9618?addrs=188.185.121.235-9618+[2001-1458-d00-49--100-36e]-9618&alias=bigbird22.cern.ch&noUDP&sock=schedd_1778_237a>
...
040 (461413.000.000) 11/01 08:00:03 Started transferring input files
	Transferring to host: <128.142.58.58:9618?addrs=128.142.58.58-9618+[2001-1458-301-16--100-39]-9618&alias=b7s03p6459.cern.ch&noUDP&sock=slot1_11_3624_2f8c_27629>
...
040 (461413.000.000) 11/01 08:00:03 Finished transferring input files
...
001 (461413.000.000) 11/01 08:00:03 Job executing on host: <128.142.58.58:9618?addrs=128.142.58.58-9618+[2001-1458-301-16--100-39]-9618&alias=b7s03p6459.cern.ch&noUDP&sock=startd_3546_d6eb>
...
006 (461413.000.000) 11/01 08:00:11 Image size of job updated: 625828
	40  -  MemoryUsage of job (MB)
	40532  -  ResidentSetSize of job (KB)
...
006 (461413.000.000) 11/01 08:05:11 Image size of job updated: 791824
	67  -  MemoryUsage of job (MB)
	67752  -  ResidentSetSize of job (KB)
...
040 (461413.000.000) 11/01 08:09:40 Started transferring output files
...
040 (461413.000.000) 11/01 08:09:40 Finished transferring output files
...
005 (461413.000.000) 11/01 08:09:40 Job terminated.
	(1) Normal termination (return value 0)
		Usr 0 00:00:06, Sys 0 00:00:03  -  Run Remote Usage
		Usr 0 00:00:00, Sys 0 00:00:00  -  Run Local Usage
		Usr 0 00:00:06, Sys 0 00:00:03  -  Total Remote Usage
		Usr 0 00:00:00, Sys 0 00:00:00  -  Total Local Usage
	22348  -  Run Bytes Sent By Job
	19311  -  Run Bytes Received By Job
	22348  -  Total Bytes Sent By Job
	19311  -  Total Bytes Received By Job
	Partitionable Resources :    Usage  Request Allocated 
	   Cpus                 :                 1         1 
	   Disk (KB)            :   466075       20   1338840 
	   Memory (MB)          :       67     2000      2000 

	Job terminated of its own accord at 2021-11-01T07:09:40Z.
...
