000 (461387.000.000) 11/01 07:46:31 Job submitted from host: <188.185.121.235:9618?addrs=188.185.121.235-9618+[2001-1458-d00-49--100-36e]-9618&alias=bigbird22.cern.ch&noUDP&sock=schedd_1778_237a>
...
040 (461387.000.000) 11/01 07:59:54 Started transferring input files
	Transferring to host: <128.142.61.79:9618?addrs=128.142.61.79-9618+[2001-1458-301-23--100-4e]-9618&alias=b7s06p0999.cern.ch&noUDP&sock=slot1_21_3488_5c87_32605>
...
040 (461387.000.000) 11/01 07:59:54 Finished transferring input files
...
001 (461387.000.000) 11/01 07:59:54 Job executing on host: <128.142.61.79:9618?addrs=128.142.61.79-9618+[2001-1458-301-23--100-4e]-9618&alias=b7s06p0999.cern.ch&noUDP&sock=startd_2638_06ed>
...
006 (461387.000.000) 11/01 08:00:03 Image size of job updated: 791832
	35  -  MemoryUsage of job (MB)
	35392  -  ResidentSetSize of job (KB)
...
040 (461387.000.000) 11/01 08:02:49 Started transferring output files
...
040 (461387.000.000) 11/01 08:02:49 Finished transferring output files
...
005 (461387.000.000) 11/01 08:02:49 Job terminated.
	(1) Normal termination (return value 0)
		Usr 0 00:00:08, Sys 0 00:00:02  -  Run Remote Usage
		Usr 0 00:00:00, Sys 0 00:00:00  -  Run Local Usage
		Usr 0 00:00:08, Sys 0 00:00:02  -  Total Remote Usage
		Usr 0 00:00:00, Sys 0 00:00:00  -  Total Local Usage
	22087  -  Run Bytes Sent By Job
	19311  -  Run Bytes Received By Job
	22087  -  Total Bytes Sent By Job
	19311  -  Total Bytes Received By Job
	Partitionable Resources :    Usage  Request Allocated 
	   Cpus                 :                 1         1 
	   Disk (KB)            :   466090       20   1250430 
	   Memory (MB)          :       35     2000      2000 

	Job terminated of its own accord at 2021-11-01T07:02:49Z.
...
