000 (461446.000.000) 11/01 07:48:03 Job submitted from host: <188.185.121.235:9618?addrs=188.185.121.235-9618+[2001-1458-d00-49--100-36e]-9618&alias=bigbird22.cern.ch&noUDP&sock=schedd_1778_237a>
...
040 (461446.000.000) 11/01 08:00:33 Started transferring input files
	Transferring to host: <128.142.57.148:9618?addrs=128.142.57.148-9618+[2001-1458-301-7--100-93]-9618&alias=b7s02p1405.cern.ch&noUDP&sock=slot1_28_8685_1e3a_4913>
...
040 (461446.000.000) 11/01 08:00:33 Finished transferring input files
...
001 (461446.000.000) 11/01 08:00:33 Job executing on host: <128.142.57.148:9618?addrs=128.142.57.148-9618+[2001-1458-301-7--100-93]-9618&alias=b7s02p1405.cern.ch&noUDP&sock=startd_7170_9a23>
...
006 (461446.000.000) 11/01 08:00:42 Image size of job updated: 783572
	37  -  MemoryUsage of job (MB)
	37888  -  ResidentSetSize of job (KB)
...
006 (461446.000.000) 11/01 08:05:43 Image size of job updated: 791812
	67  -  MemoryUsage of job (MB)
	67760  -  ResidentSetSize of job (KB)
...
040 (461446.000.000) 11/01 09:29:43 Started transferring output files
...
040 (461446.000.000) 11/01 09:29:43 Finished transferring output files
...
005 (461446.000.000) 11/01 09:29:43 Job terminated.
	(1) Normal termination (return value 0)
		Usr 0 00:01:13, Sys 0 00:00:19  -  Run Remote Usage
		Usr 0 00:00:00, Sys 0 00:00:00  -  Run Local Usage
		Usr 0 00:01:13, Sys 0 00:00:19  -  Total Remote Usage
		Usr 0 00:00:00, Sys 0 00:00:00  -  Total Local Usage
	54640  -  Run Bytes Sent By Job
	19311  -  Run Bytes Received By Job
	54640  -  Total Bytes Sent By Job
	19311  -  Total Bytes Received By Job
	Partitionable Resources :      Usage  Request Allocated 
	   Cpus                 :       0.00        1         1 
	   Disk (KB)            : 3086606          20   1289184 
	   Memory (MB)          :      67        2000      2000 

	Job terminated of its own accord at 2021-11-01T08:29:43Z.
...
