000 (461494.000.000) 11/01 07:48:46 Job submitted from host: <188.185.121.235:9618?addrs=188.185.121.235-9618+[2001-1458-d00-49--100-36e]-9618&alias=bigbird22.cern.ch&noUDP&sock=schedd_1778_237a>
...
040 (461494.000.000) 11/01 08:00:33 Started transferring input files
	Transferring to host: <128.142.59.146:9618?addrs=128.142.59.146-9618+[2001-1458-301-21--100-91]-9618&alias=b7s04p9314.cern.ch&noUDP&sock=slot1_4_6224_1ef6_32684>
...
040 (461494.000.000) 11/01 08:00:33 Finished transferring input files
...
001 (461494.000.000) 11/01 08:00:33 Job executing on host: <128.142.59.146:9618?addrs=128.142.59.146-9618+[2001-1458-301-21--100-91]-9618&alias=b7s04p9314.cern.ch&noUDP&sock=startd_6159_23e3>
...
006 (461494.000.000) 11/01 08:00:42 Image size of job updated: 625828
	11  -  MemoryUsage of job (MB)
	10276  -  ResidentSetSize of job (KB)
...
006 (461494.000.000) 11/01 08:05:42 Image size of job updated: 791832
	67  -  MemoryUsage of job (MB)
	67768  -  ResidentSetSize of job (KB)
...
040 (461494.000.000) 11/01 09:45:44 Started transferring output files
...
040 (461494.000.000) 11/01 09:45:44 Finished transferring output files
...
005 (461494.000.000) 11/01 09:45:44 Job terminated.
	(1) Normal termination (return value 0)
		Usr 0 00:01:14, Sys 0 00:00:17  -  Run Remote Usage
		Usr 0 00:00:00, Sys 0 00:00:00  -  Run Local Usage
		Usr 0 00:01:14, Sys 0 00:00:17  -  Total Remote Usage
		Usr 0 00:00:00, Sys 0 00:00:00  -  Total Local Usage
	54652  -  Run Bytes Sent By Job
	19311  -  Run Bytes Received By Job
	54652  -  Total Bytes Sent By Job
	19311  -  Total Bytes Received By Job
	Partitionable Resources :      Usage  Request Allocated 
	   Cpus                 :       0.00        1         1 
	   Disk (KB)            : 3086852          20   1229434 
	   Memory (MB)          :      67        2000      2000 

	Job terminated of its own accord at 2021-11-01T08:45:44Z.
...
