000 (461617.000.000) 11/01 07:50:53 Job submitted from host: <188.185.121.235:9618?addrs=188.185.121.235-9618+[2001-1458-d00-49--100-36e]-9618&alias=bigbird22.cern.ch&noUDP&sock=schedd_1778_237a>
...
040 (461617.000.000) 11/01 08:01:15 Started transferring input files
	Transferring to host: <128.142.58.58:9618?addrs=128.142.58.58-9618+[2001-1458-301-16--100-39]-9618&alias=b7s03p6459.cern.ch&noUDP&sock=slot1_14_3624_2f8c_27631>
...
001 (461617.000.000) 11/01 08:01:15 Job executing on host: <128.142.58.58:9618?addrs=128.142.58.58-9618+[2001-1458-301-16--100-39]-9618&alias=b7s03p6459.cern.ch&noUDP&sock=startd_3546_d6eb>
...
040 (461617.000.000) 11/01 08:01:15 Finished transferring input files
...
006 (461617.000.000) 11/01 08:01:24 Image size of job updated: 625828
	3  -  MemoryUsage of job (MB)
	2200  -  ResidentSetSize of job (KB)
...
006 (461617.000.000) 11/01 08:06:25 Image size of job updated: 791836
	67  -  MemoryUsage of job (MB)
	67752  -  ResidentSetSize of job (KB)
...
040 (461617.000.000) 11/01 08:22:52 Started transferring output files
...
040 (461617.000.000) 11/01 08:22:52 Finished transferring output files
...
005 (461617.000.000) 11/01 08:22:53 Job terminated.
	(1) Normal termination (return value 0)
		Usr 0 00:00:41, Sys 0 00:00:15  -  Run Remote Usage
		Usr 0 00:00:00, Sys 0 00:00:00  -  Run Local Usage
		Usr 0 00:00:41, Sys 0 00:00:15  -  Total Remote Usage
		Usr 0 00:00:00, Sys 0 00:00:00  -  Total Local Usage
	46868  -  Run Bytes Sent By Job
	19311  -  Run Bytes Received By Job
	46868  -  Total Bytes Sent By Job
	19311  -  Total Bytes Received By Job
	Partitionable Resources :      Usage  Request Allocated 
	   Cpus                 :       0.01        1         1 
	   Disk (KB)            : 2368069          20   1329372 
	   Memory (MB)          :      67        2000      2000 

	Job terminated of its own accord at 2021-11-01T07:22:52Z.
...
