000 (461507.000.000) 11/01 07:48:58 Job submitted from host: <188.185.121.235:9618?addrs=188.185.121.235-9618+[2001-1458-d00-49--100-36e]-9618&alias=bigbird22.cern.ch&noUDP&sock=schedd_1778_237a>
...
040 (461507.000.000) 11/01 08:00:38 Started transferring input files
	Transferring to host: <188.184.160.92:9618?addrs=188.184.160.92-9618+[2001-1458-301-48--100-56]-9618&alias=b7s09p0759.cern.ch&noUDP&sock=slot1_16_72657_2de4_54832>
...
001 (461507.000.000) 11/01 08:00:38 Job executing on host: <188.184.160.92:9618?addrs=188.184.160.92-9618+[2001-1458-301-48--100-56]-9618&alias=b7s09p0759.cern.ch&noUDP&sock=startd_71465_9fd0>
...
040 (461507.000.000) 11/01 08:00:38 Finished transferring input files
...
006 (461507.000.000) 11/01 08:00:47 Image size of job updated: 396440
	42  -  MemoryUsage of job (MB)
	42808  -  ResidentSetSize of job (KB)
...
006 (461507.000.000) 11/01 08:05:48 Image size of job updated: 791812
	67  -  MemoryUsage of job (MB)
	67768  -  ResidentSetSize of job (KB)
...
006 (461507.000.000) 11/01 08:35:51 Image size of job updated: 791812
	132  -  MemoryUsage of job (MB)
	134536  -  ResidentSetSize of job (KB)
...
040 (461507.000.000) 11/01 08:35:54 Started transferring output files
...
040 (461507.000.000) 11/01 08:35:54 Finished transferring output files
...
005 (461507.000.000) 11/01 08:35:54 Job terminated.
	(1) Normal termination (return value 0)
		Usr 0 00:01:46, Sys 0 00:00:26  -  Run Remote Usage
		Usr 0 00:00:00, Sys 0 00:00:00  -  Run Local Usage
		Usr 0 00:01:46, Sys 0 00:00:26  -  Total Remote Usage
		Usr 0 00:00:00, Sys 0 00:00:00  -  Total Local Usage
	54469  -  Run Bytes Sent By Job
	19311  -  Run Bytes Received By Job
	54469  -  Total Bytes Sent By Job
	19311  -  Total Bytes Received By Job
	Partitionable Resources :      Usage  Request Allocated 
	   Cpus                 :       0.01        1         1 
	   Disk (KB)            : 3086555          20   1416174 
	   Memory (MB)          :     132        2000      2000 

	Job terminated of its own accord at 2021-11-01T07:35:54Z.
...
