000 (461519.000.000) 11/01 07:49:07 Job submitted from host: <188.185.121.235:9618?addrs=188.185.121.235-9618+[2001-1458-d00-49--100-36e]-9618&alias=bigbird22.cern.ch&noUDP&sock=schedd_1778_237a>
...
040 (461519.000.000) 11/01 08:00:57 Started transferring input files
	Transferring to host: <128.142.61.152:9618?addrs=128.142.61.152-9618+[2001-1458-301-23--100-97]-9618&alias=b7s06p3046.cern.ch&noUDP&sock=slot1_8_3648_188d_32801>
...
040 (461519.000.000) 11/01 08:00:57 Finished transferring input files
...
001 (461519.000.000) 11/01 08:00:57 Job executing on host: <128.142.61.152:9618?addrs=128.142.61.152-9618+[2001-1458-301-23--100-97]-9618&alias=b7s06p3046.cern.ch&noUDP&sock=startd_3585_971d>
...
006 (461519.000.000) 11/01 08:01:06 Image size of job updated: 625828
	28  -  MemoryUsage of job (MB)
	27680  -  ResidentSetSize of job (KB)
...
006 (461519.000.000) 11/01 08:06:07 Image size of job updated: 791816
	67  -  MemoryUsage of job (MB)
	67756  -  ResidentSetSize of job (KB)
...
040 (461519.000.000) 11/01 08:20:00 Started transferring output files
...
040 (461519.000.000) 11/01 08:20:00 Finished transferring output files
...
005 (461519.000.000) 11/01 08:20:00 Job terminated.
	(1) Normal termination (return value 0)
		Usr 0 00:01:11, Sys 0 00:00:20  -  Run Remote Usage
		Usr 0 00:00:00, Sys 0 00:00:00  -  Run Local Usage
		Usr 0 00:01:11, Sys 0 00:00:20  -  Total Remote Usage
		Usr 0 00:00:00, Sys 0 00:00:00  -  Total Local Usage
	54265  -  Run Bytes Sent By Job
	19311  -  Run Bytes Received By Job
	54265  -  Total Bytes Sent By Job
	19311  -  Total Bytes Received By Job
	Partitionable Resources :      Usage  Request Allocated 
	   Cpus                 :       0.02        1         1 
	   Disk (KB)            : 3086786          20   1261893 
	   Memory (MB)          :      67        2000      2000 

	Job terminated of its own accord at 2021-11-01T07:20:00Z.
...
