000 (461367.000.000) 11/01 07:46:04 Job submitted from host: <188.185.121.235:9618?addrs=188.185.121.235-9618+[2001-1458-d00-49--100-36e]-9618&alias=bigbird22.cern.ch&noUDP&sock=schedd_1778_237a>
...
040 (461367.000.000) 11/01 07:59:46 Started transferring input files
	Transferring to host: <128.142.131.151:9618?addrs=128.142.131.151-9618+[2001-1458-301-59--100-8b]-9618&alias=b7g11p0361.cern.ch&noUDP&sock=slot1_13_13961_8991_10707>
...
040 (461367.000.000) 11/01 07:59:46 Finished transferring input files
...
001 (461367.000.000) 11/01 07:59:46 Job executing on host: <128.142.131.151:9618?addrs=128.142.131.151-9618+[2001-1458-301-59--100-8b]-9618&alias=b7g11p0361.cern.ch&noUDP&sock=startd_13918_2b38>
...
006 (461367.000.000) 11/01 07:59:55 Image size of job updated: 791816
	67  -  MemoryUsage of job (MB)
	67768  -  ResidentSetSize of job (KB)
...
040 (461367.000.000) 11/01 08:00:13 Started transferring output files
...
040 (461367.000.000) 11/01 08:00:13 Finished transferring output files
...
005 (461367.000.000) 11/01 08:00:13 Job terminated.
	(1) Normal termination (return value 0)
		Usr 0 00:00:12, Sys 0 00:00:03  -  Run Remote Usage
		Usr 0 00:00:00, Sys 0 00:00:00  -  Run Local Usage
		Usr 0 00:00:12, Sys 0 00:00:03  -  Total Remote Usage
		Usr 0 00:00:00, Sys 0 00:00:00  -  Total Local Usage
	18537  -  Run Bytes Sent By Job
	19311  -  Run Bytes Received By Job
	18537  -  Total Bytes Sent By Job
	19311  -  Total Bytes Received By Job
	Partitionable Resources :    Usage  Request Allocated 
	   Cpus                 :                 1         1 
	   Disk (KB)            :   466104       20   1693100 
	   Memory (MB)          :       67     2000      2000 

	Job terminated of its own accord at 2021-11-01T07:00:13Z.
...
