000 (461599.000.000) 11/01 07:50:26 Job submitted from host: <188.185.121.235:9618?addrs=188.185.121.235-9618+[2001-1458-d00-49--100-36e]-9618&alias=bigbird22.cern.ch&noUDP&sock=schedd_1778_237a>
...
040 (461599.000.000) 11/01 08:01:09 Started transferring input files
	Transferring to host: <128.142.61.140:9618?addrs=128.142.61.140-9618+[2001-1458-301-23--100-8b]-9618&alias=b7s06p1263.cern.ch&noUDP&sock=slot1_23_3703_d930_32373>
...
040 (461599.000.000) 11/01 08:01:09 Finished transferring input files
...
001 (461599.000.000) 11/01 08:01:09 Job executing on host: <128.142.61.140:9618?addrs=128.142.61.140-9618+[2001-1458-301-23--100-8b]-9618&alias=b7s06p1263.cern.ch&noUDP&sock=startd_3639_a13a>
...
006 (461599.000.000) 11/01 08:01:17 Image size of job updated: 783572
	40  -  MemoryUsage of job (MB)
	40548  -  ResidentSetSize of job (KB)
...
006 (461599.000.000) 11/01 08:06:17 Image size of job updated: 791820
	67  -  MemoryUsage of job (MB)
	67760  -  ResidentSetSize of job (KB)
...
040 (461599.000.000) 11/01 08:50:14 Entered queue to transfer output files
...
040 (461599.000.000) 11/01 08:50:29 Started transferring output files
...
040 (461599.000.000) 11/01 08:50:29 Finished transferring output files
...
005 (461599.000.000) 11/01 08:50:30 Job terminated.
	(1) Normal termination (return value 0)
		Usr 0 00:00:42, Sys 0 00:00:18  -  Run Remote Usage
		Usr 0 00:00:00, Sys 0 00:00:00  -  Run Local Usage
		Usr 0 00:00:42, Sys 0 00:00:18  -  Total Remote Usage
		Usr 0 00:00:00, Sys 0 00:00:00  -  Total Local Usage
	46826  -  Run Bytes Sent By Job
	19311  -  Run Bytes Received By Job
	46826  -  Total Bytes Sent By Job
	19311  -  Total Bytes Received By Job
	Partitionable Resources :      Usage  Request Allocated 
	   Cpus                 :       0.01        1         1 
	   Disk (KB)            : 2368545          20   1266066 
	   Memory (MB)          :      67        2000      2000 

	Job terminated of its own accord at 2021-11-01T07:50:09Z.
...
