000 (461384.000.000) 11/01 07:46:27 Job submitted from host: <188.185.121.235:9618?addrs=188.185.121.235-9618+[2001-1458-d00-49--100-36e]-9618&alias=bigbird22.cern.ch&noUDP&sock=schedd_1778_237a>
...
040 (461384.000.000) 11/01 07:59:53 Started transferring input files
	Transferring to host: <128.142.56.30:9618?addrs=128.142.56.30-9618&alias=b7s01p7773.cern.ch&noUDP&sock=slot1_19_8030_9c80_8915>
...
040 (461384.000.000) 11/01 07:59:53 Finished transferring input files
...
001 (461384.000.000) 11/01 07:59:53 Job executing on host: <128.142.56.30:9618?addrs=128.142.56.30-9618&alias=b7s01p7773.cern.ch&noUDP&sock=startd_6216_3cc9>
...
006 (461384.000.000) 11/01 08:00:01 Image size of job updated: 625828
	29  -  MemoryUsage of job (MB)
	29432  -  ResidentSetSize of job (KB)
...
006 (461384.000.000) 11/01 08:04:27 Image size of job updated: 791808
	29  -  MemoryUsage of job (MB)
	29432  -  ResidentSetSize of job (KB)
...
040 (461384.000.000) 11/01 08:04:27 Started transferring output files
...
040 (461384.000.000) 11/01 08:04:27 Finished transferring output files
...
005 (461384.000.000) 11/01 08:04:27 Job terminated.
	(1) Normal termination (return value 0)
		Usr 0 00:00:07, Sys 0 00:00:02  -  Run Remote Usage
		Usr 0 00:00:00, Sys 0 00:00:00  -  Run Local Usage
		Usr 0 00:00:07, Sys 0 00:00:02  -  Total Remote Usage
		Usr 0 00:00:00, Sys 0 00:00:00  -  Total Local Usage
	22266  -  Run Bytes Sent By Job
	19311  -  Run Bytes Received By Job
	22266  -  Total Bytes Sent By Job
	19311  -  Total Bytes Received By Job
	Partitionable Resources :    Usage  Request Allocated 
	   Cpus                 :                 1         1 
	   Disk (KB)            :   466083       20   1268916 
	   Memory (MB)          :       29     2000      2000 

	Job terminated of its own accord at 2021-11-01T07:04:27Z.
...
