000 (461440.000.000) 11/01 07:47:51 Job submitted from host: <188.185.121.235:9618?addrs=188.185.121.235-9618+[2001-1458-d00-49--100-36e]-9618&alias=bigbird22.cern.ch&noUDP&sock=schedd_1778_237a>
...
022 (461440.000.000) 11/01 08:00:33 Job disconnected, attempting to reconnect
    Socket between submit and execute hosts closed unexpectedly
    Trying to reconnect to slot1_8@b7g14p7692.cern.ch <128.142.139.85:9618?addrs=128.142.139.85-9618+[2001-1458-301-60--100-49]-9618&alias=b7g14p7692.cern.ch&noUDP&sock=startd_5543_9d8c>
...
024 (461440.000.000) 11/01 08:00:33 Job reconnection failed
    Job not found at execution machine
    Can not reconnect to slot1_8@b7g14p7692.cern.ch, rescheduling job
...
040 (461440.000.000) 11/01 08:04:58 Started transferring input files
	Transferring to host: <128.142.137.134:9618?addrs=128.142.137.134-9618+[2001-1458-301-5e--100-7a]-9618&alias=b7g19p2059.cern.ch&noUDP&sock=slot1_10_33617_f7b0_11272>
...
040 (461440.000.000) 11/01 08:04:58 Finished transferring input files
...
001 (461440.000.000) 11/01 08:04:58 Job executing on host: <128.142.137.134:9618?addrs=128.142.137.134-9618+[2001-1458-301-5e--100-7a]-9618&alias=b7g19p2059.cern.ch&noUDP&sock=startd_33573_dd2e>
...
006 (461440.000.000) 11/01 08:05:07 Image size of job updated: 625828
	24  -  MemoryUsage of job (MB)
	24228  -  ResidentSetSize of job (KB)
...
006 (461440.000.000) 11/01 08:10:08 Image size of job updated: 791836
	67  -  MemoryUsage of job (MB)
	67756  -  ResidentSetSize of job (KB)
...
006 (461440.000.000) 11/01 09:10:14 Image size of job updated: 791836
	103  -  MemoryUsage of job (MB)
	104720  -  ResidentSetSize of job (KB)
...
040 (461440.000.000) 11/01 09:12:17 Started transferring output files
...
040 (461440.000.000) 11/01 09:12:17 Finished transferring output files
...
005 (461440.000.000) 11/01 09:12:17 Job terminated.
	(1) Normal termination (return value 0)
		Usr 0 00:02:06, Sys 0 00:00:24  -  Run Remote Usage
		Usr 0 00:00:00, Sys 0 00:00:00  -  Run Local Usage
		Usr 0 00:02:06, Sys 0 00:00:24  -  Total Remote Usage
		Usr 0 00:00:00, Sys 0 00:00:00  -  Total Local Usage
	54535  -  Run Bytes Sent By Job
	19311  -  Run Bytes Received By Job
	54535  -  Total Bytes Sent By Job
	19311  -  Total Bytes Received By Job
	Partitionable Resources :      Usage  Request Allocated 
	   Cpus                 :       0.01        1         1 
	   Disk (KB)            : 3086472          20   1693648 
	   Memory (MB)          :     103        2000      2000 

	Job terminated of its own accord at 2021-11-01T08:12:16Z.
...
