000 (461490.000.000) 11/01 07:48:43 Job submitted from host: <188.185.121.235:9618?addrs=188.185.121.235-9618+[2001-1458-d00-49--100-36e]-9618&alias=bigbird22.cern.ch&noUDP&sock=schedd_1778_237a>
...
022 (461490.000.000) 11/01 08:00:52 Job disconnected, attempting to reconnect
    Socket between submit and execute hosts closed unexpectedly
    Trying to reconnect to slot1_11@b7g24p7774.cern.ch <128.142.33.203:9618?addrs=128.142.33.203-9618+[2001-1458-301-39--100-8]-9618&alias=b7g24p7774.cern.ch&noUDP&sock=startd_8336_6190>
...
024 (461490.000.000) 11/01 08:00:52 Job reconnection failed
    Job not found at execution machine
    Can not reconnect to slot1_11@b7g24p7774.cern.ch, rescheduling job
...
040 (461490.000.000) 11/01 08:05:07 Started transferring input files
	Transferring to host: <128.142.63.105:9618?addrs=128.142.63.105-9618+[2001-1458-301-38--100-66]-9618&alias=b7s08p3774.cern.ch&noUDP&sock=slot1_1_3711_7c30_36207>
...
001 (461490.000.000) 11/01 08:05:07 Job executing on host: <128.142.63.105:9618?addrs=128.142.63.105-9618+[2001-1458-301-38--100-66]-9618&alias=b7s08p3774.cern.ch&noUDP&sock=startd_3638_f1a2>
...
040 (461490.000.000) 11/01 08:05:07 Finished transferring input files
...
006 (461490.000.000) 11/01 08:05:15 Image size of job updated: 625828
	10  -  MemoryUsage of job (MB)
	9480  -  ResidentSetSize of job (KB)
...
006 (461490.000.000) 11/01 08:10:15 Image size of job updated: 791836
	67  -  MemoryUsage of job (MB)
	67756  -  ResidentSetSize of job (KB)
...
040 (461490.000.000) 11/01 09:28:26 Started transferring output files
...
040 (461490.000.000) 11/01 09:28:26 Finished transferring output files
...
005 (461490.000.000) 11/01 09:28:26 Job terminated.
	(1) Normal termination (return value 0)
		Usr 0 00:01:09, Sys 0 00:00:18  -  Run Remote Usage
		Usr 0 00:00:00, Sys 0 00:00:00  -  Run Local Usage
		Usr 0 00:01:09, Sys 0 00:00:18  -  Total Remote Usage
		Usr 0 00:00:00, Sys 0 00:00:00  -  Total Local Usage
	54653  -  Run Bytes Sent By Job
	19311  -  Run Bytes Received By Job
	54653  -  Total Bytes Sent By Job
	19311  -  Total Bytes Received By Job
	Partitionable Resources :      Usage  Request Allocated 
	   Cpus                 :       0.01        1         1 
	   Disk (KB)            : 3086689          20   1315966 
	   Memory (MB)          :      67        2000      2000 

	Job terminated of its own accord at 2021-11-01T08:28:26Z.
...
