000 (461388.000.000) 11/01 07:46:32 Job submitted from host: <188.185.121.235:9618?addrs=188.185.121.235-9618+[2001-1458-d00-49--100-36e]-9618&alias=bigbird22.cern.ch&noUDP&sock=schedd_1778_237a>
...
040 (461388.000.000) 11/01 07:59:54 Started transferring input files
	Transferring to host: <128.142.60.36:9618?addrs=128.142.60.36-9618+[2001-1458-301-22--100-23]-9618&alias=b7s05p0420.cern.ch&noUDP&sock=slot1_11_8244_64c8_3896>
...
040 (461388.000.000) 11/01 07:59:54 Finished transferring input files
...
001 (461388.000.000) 11/01 07:59:54 Job executing on host: <128.142.60.36:9618?addrs=128.142.60.36-9618+[2001-1458-301-22--100-23]-9618&alias=b7s05p0420.cern.ch&noUDP&sock=startd_6677_71f2>
...
006 (461388.000.000) 11/01 08:00:03 Image size of job updated: 791820
	58  -  MemoryUsage of job (MB)
	59056  -  ResidentSetSize of job (KB)
...
006 (461388.000.000) 11/01 08:00:34 Image size of job updated: 791820
	58  -  MemoryUsage of job (MB)
	59108  -  ResidentSetSize of job (KB)
...
040 (461388.000.000) 11/01 08:00:34 Started transferring output files
...
040 (461388.000.000) 11/01 08:00:34 Finished transferring output files
...
005 (461388.000.000) 11/01 08:00:34 Job terminated.
	(1) Normal termination (return value 0)
		Usr 0 00:00:07, Sys 0 00:00:03  -  Run Remote Usage
		Usr 0 00:00:00, Sys 0 00:00:00  -  Run Local Usage
		Usr 0 00:00:07, Sys 0 00:00:03  -  Total Remote Usage
		Usr 0 00:00:00, Sys 0 00:00:00  -  Total Local Usage
	20011  -  Run Bytes Sent By Job
	19311  -  Run Bytes Received By Job
	20011  -  Total Bytes Sent By Job
	19311  -  Total Bytes Received By Job
	Partitionable Resources :    Usage  Request Allocated 
	   Cpus                 :                 1         1 
	   Disk (KB)            :   466038       20   1257141 
	   Memory (MB)          :       58     2000      2000 

	Job terminated of its own accord at 2021-11-01T07:00:34Z.
...
