000 (461581.000.000) 11/01 07:50:00 Job submitted from host: <188.185.121.235:9618?addrs=188.185.121.235-9618+[2001-1458-d00-49--100-36e]-9618&alias=bigbird22.cern.ch&noUDP&sock=schedd_1778_237a>
...
040 (461581.000.000) 11/01 08:01:02 Started transferring input files
	Transferring to host: <128.142.139.226:9618?addrs=128.142.139.226-9618+[2001-1458-301-60--100-d6]-9618&alias=b7g14p2792.cern.ch&noUDP&sock=slot1_6_19642_50d8_11914>
...
040 (461581.000.000) 11/01 08:01:02 Finished transferring input files
...
001 (461581.000.000) 11/01 08:01:02 Job executing on host: <128.142.139.226:9618?addrs=128.142.139.226-9618+[2001-1458-301-60--100-d6]-9618&alias=b7g14p2792.cern.ch&noUDP&sock=startd_19599_dcbf>
...
006 (461581.000.000) 11/01 08:01:11 Image size of job updated: 40324
	40  -  MemoryUsage of job (MB)
	40324  -  ResidentSetSize of job (KB)
...
006 (461581.000.000) 11/01 08:06:12 Image size of job updated: 791832
	67  -  MemoryUsage of job (MB)
	67756  -  ResidentSetSize of job (KB)
...
006 (461581.000.000) 11/01 08:36:14 Image size of job updated: 791832
	102  -  MemoryUsage of job (MB)
	103464  -  ResidentSetSize of job (KB)
...
040 (461581.000.000) 11/01 08:36:42 Started transferring output files
...
040 (461581.000.000) 11/01 08:36:42 Finished transferring output files
...
005 (461581.000.000) 11/01 08:36:42 Job terminated.
	(1) Normal termination (return value 0)
		Usr 0 00:01:14, Sys 0 00:00:20  -  Run Remote Usage
		Usr 0 00:00:00, Sys 0 00:00:00  -  Run Local Usage
		Usr 0 00:01:14, Sys 0 00:00:20  -  Total Remote Usage
		Usr 0 00:00:00, Sys 0 00:00:00  -  Total Local Usage
	46837  -  Run Bytes Sent By Job
	19311  -  Run Bytes Received By Job
	46837  -  Total Bytes Sent By Job
	19311  -  Total Bytes Received By Job
	Partitionable Resources :      Usage  Request Allocated 
	   Cpus                 :       0.02        1         1 
	   Disk (KB)            : 2368131          20   1419159 
	   Memory (MB)          :     102        2000      2000 

	Job terminated of its own accord at 2021-11-01T07:36:41Z.
...
