000 (461541.000.000) 11/01 07:49:25 Job submitted from host: <188.185.121.235:9618?addrs=188.185.121.235-9618+[2001-1458-d00-49--100-36e]-9618&alias=bigbird22.cern.ch&noUDP&sock=schedd_1778_237a>
...
040 (461541.000.000) 11/01 08:00:49 Started transferring input files
	Transferring to host: <128.142.139.38:9618?addrs=128.142.139.38-9618+[2001-1458-301-60--100-1a]-9618&alias=b7g14p7566.cern.ch&noUDP&sock=slot1_3_10300_081c_11769>
...
040 (461541.000.000) 11/01 08:00:49 Finished transferring input files
...
001 (461541.000.000) 11/01 08:00:49 Job executing on host: <128.142.139.38:9618?addrs=128.142.139.38-9618+[2001-1458-301-60--100-1a]-9618&alias=b7g14p7566.cern.ch&noUDP&sock=startd_10085_0cb5>
...
006 (461541.000.000) 11/01 08:00:58 Image size of job updated: 38736
	38  -  MemoryUsage of job (MB)
	38732  -  ResidentSetSize of job (KB)
...
006 (461541.000.000) 11/01 08:05:59 Image size of job updated: 791840
	67  -  MemoryUsage of job (MB)
	67768  -  ResidentSetSize of job (KB)
...
040 (461541.000.000) 11/01 08:20:11 Started transferring output files
...
040 (461541.000.000) 11/01 08:20:11 Finished transferring output files
...
005 (461541.000.000) 11/01 08:20:12 Job terminated.
	(1) Normal termination (return value 0)
		Usr 0 00:02:13, Sys 0 00:00:28  -  Run Remote Usage
		Usr 0 00:00:00, Sys 0 00:00:00  -  Run Local Usage
		Usr 0 00:02:13, Sys 0 00:00:28  -  Total Remote Usage
		Usr 0 00:00:00, Sys 0 00:00:00  -  Total Local Usage
	54138  -  Run Bytes Sent By Job
	19311  -  Run Bytes Received By Job
	54138  -  Total Bytes Sent By Job
	19311  -  Total Bytes Received By Job
	Partitionable Resources :      Usage  Request Allocated 
	   Cpus                 :       0.02        1         1 
	   Disk (KB)            : 3080707          20   1391353 
	   Memory (MB)          :      67        2000      2000 

	Job terminated of its own accord at 2021-11-01T07:20:11Z.
...
