000 (461619.000.000) 11/01 07:50:55 Job submitted from host: <188.185.121.235:9618?addrs=188.185.121.235-9618+[2001-1458-d00-49--100-36e]-9618&alias=bigbird22.cern.ch&noUDP&sock=schedd_1778_237a>
...
040 (461619.000.000) 11/01 08:01:15 Started transferring input files
	Transferring to host: <128.142.56.173:9618?addrs=128.142.56.173-9618+[2001-1458-301-6--100-ac]-9618&alias=b7s01p8761.cern.ch&noUDP&sock=slot1_15_4017_16fc_44155>
...
040 (461619.000.000) 11/01 08:01:15 Finished transferring input files
...
001 (461619.000.000) 11/01 08:01:15 Job executing on host: <128.142.56.173:9618?addrs=128.142.56.173-9618+[2001-1458-301-6--100-ac]-9618&alias=b7s01p8761.cern.ch&noUDP&sock=startd_3567_3e68>
...
006 (461619.000.000) 11/01 08:01:24 Image size of job updated: 767180
	23  -  MemoryUsage of job (MB)
	23216  -  ResidentSetSize of job (KB)
...
006 (461619.000.000) 11/01 08:06:25 Image size of job updated: 791824
	67  -  MemoryUsage of job (MB)
	67756  -  ResidentSetSize of job (KB)
...
006 (461619.000.000) 11/01 08:16:25 Image size of job updated: 791824
	101  -  MemoryUsage of job (MB)
	103412  -  ResidentSetSize of job (KB)
...
040 (461619.000.000) 11/01 08:16:54 Started transferring output files
...
040 (461619.000.000) 11/01 08:16:54 Finished transferring output files
...
005 (461619.000.000) 11/01 08:16:54 Job terminated.
	(1) Normal termination (return value 0)
		Usr 0 00:00:42, Sys 0 00:00:11  -  Run Remote Usage
		Usr 0 00:00:00, Sys 0 00:00:00  -  Run Local Usage
		Usr 0 00:00:42, Sys 0 00:00:11  -  Total Remote Usage
		Usr 0 00:00:00, Sys 0 00:00:00  -  Total Local Usage
	46833  -  Run Bytes Sent By Job
	19311  -  Run Bytes Received By Job
	46833  -  Total Bytes Sent By Job
	19311  -  Total Bytes Received By Job
	Partitionable Resources :      Usage  Request Allocated 
	   Cpus                 :       0.01        1         1 
	   Disk (KB)            : 2368105          20   1277819 
	   Memory (MB)          :     101        2000      2000 

	Job terminated of its own accord at 2021-11-01T07:16:54Z.
...
