000 (461374.000.000) 11/01 07:46:12 Job submitted from host: <188.185.121.235:9618?addrs=188.185.121.235-9618+[2001-1458-d00-49--100-36e]-9618&alias=bigbird22.cern.ch&noUDP&sock=schedd_1778_237a>
...
040 (461374.000.000) 11/01 07:59:49 Started transferring input files
	Transferring to host: <128.142.137.50:9618?addrs=128.142.137.50-9618+[2001-1458-301-5e--100-26]-9618&alias=b7g19p8616.cern.ch&noUDP&sock=slot1_12_27497_dfb7_10373>
...
040 (461374.000.000) 11/01 07:59:49 Finished transferring input files
...
001 (461374.000.000) 11/01 07:59:49 Job executing on host: <128.142.137.50:9618?addrs=128.142.137.50-9618+[2001-1458-301-5e--100-26]-9618&alias=b7g19p8616.cern.ch&noUDP&sock=startd_7540_642d>
...
006 (461374.000.000) 11/01 07:59:58 Image size of job updated: 67764
	67  -  MemoryUsage of job (MB)
	67764  -  ResidentSetSize of job (KB)
...
006 (461374.000.000) 11/01 08:00:20 Image size of job updated: 791808
	67  -  MemoryUsage of job (MB)
	67764  -  ResidentSetSize of job (KB)
...
040 (461374.000.000) 11/01 08:00:20 Started transferring output files
...
040 (461374.000.000) 11/01 08:00:20 Finished transferring output files
...
005 (461374.000.000) 11/01 08:00:21 Job terminated.
	(1) Normal termination (return value 0)
		Usr 0 00:00:10, Sys 0 00:00:02  -  Run Remote Usage
		Usr 0 00:00:00, Sys 0 00:00:00  -  Run Local Usage
		Usr 0 00:00:10, Sys 0 00:00:02  -  Total Remote Usage
		Usr 0 00:00:00, Sys 0 00:00:00  -  Total Local Usage
	18940  -  Run Bytes Sent By Job
	19311  -  Run Bytes Received By Job
	18940  -  Total Bytes Sent By Job
	19311  -  Total Bytes Received By Job
	Partitionable Resources :    Usage  Request Allocated 
	   Cpus                 :                 1         1 
	   Disk (KB)            :   465990       20   1670144 
	   Memory (MB)          :       67     2000      2000 

	Job terminated of its own accord at 2021-11-01T07:00:20Z.
...
