000 (461396.000.000) 11/01 07:46:47 Job submitted from host: <188.185.121.235:9618?addrs=188.185.121.235-9618+[2001-1458-d00-49--100-36e]-9618&alias=bigbird22.cern.ch&noUDP&sock=schedd_1778_237a>
...
040 (461396.000.000) 11/01 07:59:56 Started transferring input files
	Transferring to host: <128.142.58.46:9618?addrs=128.142.58.46-9618+[2001-1458-301-16--100-2d]-9618&alias=b7s03p2618.cern.ch&noUDP&sock=slot1_16_3678_3bcf_27519>
...
040 (461396.000.000) 11/01 07:59:56 Finished transferring input files
...
001 (461396.000.000) 11/01 07:59:56 Job executing on host: <128.142.58.46:9618?addrs=128.142.58.46-9618+[2001-1458-301-16--100-2d]-9618&alias=b7s03p2618.cern.ch&noUDP&sock=startd_3611_6c93>
...
006 (461396.000.000) 11/01 08:00:05 Image size of job updated: 38848
	38  -  MemoryUsage of job (MB)
	38848  -  ResidentSetSize of job (KB)
...
006 (461396.000.000) 11/01 08:00:54 Image size of job updated: 791808
	38  -  MemoryUsage of job (MB)
	38892  -  ResidentSetSize of job (KB)
...
040 (461396.000.000) 11/01 08:00:55 Started transferring output files
...
040 (461396.000.000) 11/01 08:00:55 Finished transferring output files
...
005 (461396.000.000) 11/01 08:00:55 Job terminated.
	(1) Normal termination (return value 0)
		Usr 0 00:00:07, Sys 0 00:00:02  -  Run Remote Usage
		Usr 0 00:00:00, Sys 0 00:00:00  -  Run Local Usage
		Usr 0 00:00:07, Sys 0 00:00:02  -  Total Remote Usage
		Usr 0 00:00:00, Sys 0 00:00:00  -  Total Local Usage
	21411  -  Run Bytes Sent By Job
	19311  -  Run Bytes Received By Job
	21411  -  Total Bytes Sent By Job
	19311  -  Total Bytes Received By Job
	Partitionable Resources :    Usage  Request Allocated 
	   Cpus                 :                 1         1 
	   Disk (KB)            :   466086       20   1255156 
	   Memory (MB)          :       38     2000      2000 

	Job terminated of its own accord at 2021-11-01T07:00:54Z.
...
