000 (461439.000.000) 11/01 07:47:49 Job submitted from host: <188.185.121.235:9618?addrs=188.185.121.235-9618+[2001-1458-d00-49--100-36e]-9618&alias=bigbird22.cern.ch&noUDP&sock=schedd_1778_237a>
...
022 (461439.000.000) 11/01 08:00:33 Job disconnected, attempting to reconnect
    Socket between submit and execute hosts closed unexpectedly
    Trying to reconnect to slot1_5@b7g14p6196.cern.ch <128.142.139.133:9618?addrs=128.142.139.133-9618+[2001-1458-301-60--100-79]-9618&alias=b7g14p6196.cern.ch&noUDP&sock=startd_28869_4fae>
...
024 (461439.000.000) 11/01 08:00:33 Job reconnection failed
    Job not found at execution machine
    Can not reconnect to slot1_5@b7g14p6196.cern.ch, rescheduling job
...
040 (461439.000.000) 11/01 08:04:58 Started transferring input files
	Transferring to host: <188.184.163.27:9618?addrs=188.184.163.27-9618+[2001-1458-301-4d--100-15]-9618&alias=b7s12p3966.cern.ch&noUDP&sock=slot1_7_247817_3eb6_36906>
...
040 (461439.000.000) 11/01 08:04:58 Finished transferring input files
...
001 (461439.000.000) 11/01 08:04:58 Job executing on host: <188.184.163.27:9618?addrs=188.184.163.27-9618+[2001-1458-301-4d--100-15]-9618&alias=b7s12p3966.cern.ch&noUDP&sock=startd_245128_ff62>
...
006 (461439.000.000) 11/01 08:05:07 Image size of job updated: 625832
	12  -  MemoryUsage of job (MB)
	11624  -  ResidentSetSize of job (KB)
...
006 (461439.000.000) 11/01 08:10:08 Image size of job updated: 791840
	67  -  MemoryUsage of job (MB)
	67772  -  ResidentSetSize of job (KB)
...
040 (461439.000.000) 11/01 09:13:34 Started transferring output files
...
040 (461439.000.000) 11/01 09:13:34 Finished transferring output files
...
005 (461439.000.000) 11/01 09:13:34 Job terminated.
	(1) Normal termination (return value 0)
		Usr 0 00:02:09, Sys 0 00:00:24  -  Run Remote Usage
		Usr 0 00:00:00, Sys 0 00:00:00  -  Run Local Usage
		Usr 0 00:02:09, Sys 0 00:00:24  -  Total Remote Usage
		Usr 0 00:00:00, Sys 0 00:00:00  -  Total Local Usage
	54654  -  Run Bytes Sent By Job
	19311  -  Run Bytes Received By Job
	54654  -  Total Bytes Sent By Job
	19311  -  Total Bytes Received By Job
	Partitionable Resources :      Usage  Request Allocated 
	   Cpus                 :       0.01        1         1 
	   Disk (KB)            : 3084372          20   3009768 
	   Memory (MB)          :      67        2000      2000 

	Job terminated of its own accord at 2021-11-01T08:13:34Z.
...
