000 (461401.000.000) 11/01 07:46:53 Job submitted from host: <188.185.121.235:9618?addrs=188.185.121.235-9618+[2001-1458-d00-49--100-36e]-9618&alias=bigbird22.cern.ch&noUDP&sock=schedd_1778_237a>
...
040 (461401.000.000) 11/01 07:59:58 Started transferring input files
	Transferring to host: <128.142.57.40:9618?addrs=128.142.57.40-9618+[2001-1458-301-7--100-27]-9618&alias=b7s02p9278.cern.ch&noUDP&sock=slot1_29_3571_d7aa_27128>
...
040 (461401.000.000) 11/01 07:59:58 Finished transferring input files
...
001 (461401.000.000) 11/01 07:59:58 Job executing on host: <128.142.57.40:9618?addrs=128.142.57.40-9618+[2001-1458-301-7--100-27]-9618&alias=b7s02p9278.cern.ch&noUDP&sock=startd_3502_a8c0>
...
006 (461401.000.000) 11/01 08:00:07 Image size of job updated: 767180
	35  -  MemoryUsage of job (MB)
	35204  -  ResidentSetSize of job (KB)
...
006 (461401.000.000) 11/01 08:04:53 Image size of job updated: 791808
	35  -  MemoryUsage of job (MB)
	35224  -  ResidentSetSize of job (KB)
...
040 (461401.000.000) 11/01 08:04:53 Started transferring output files
...
040 (461401.000.000) 11/01 08:04:53 Finished transferring output files
...
005 (461401.000.000) 11/01 08:04:53 Job terminated.
	(1) Normal termination (return value 0)
		Usr 0 00:00:07, Sys 0 00:00:03  -  Run Remote Usage
		Usr 0 00:00:00, Sys 0 00:00:00  -  Run Local Usage
		Usr 0 00:00:07, Sys 0 00:00:03  -  Total Remote Usage
		Usr 0 00:00:00, Sys 0 00:00:00  -  Total Local Usage
	22239  -  Run Bytes Sent By Job
	19311  -  Run Bytes Received By Job
	22239  -  Total Bytes Sent By Job
	19311  -  Total Bytes Received By Job
	Partitionable Resources :     Usage  Request Allocated 
	   Cpus                 :      0.01        1         1 
	   Disk (KB)            : 466465          20   1280609 
	   Memory (MB)          :     35        2000      2000 

	Job terminated of its own accord at 2021-11-01T07:04:53Z.
...
