000 (461448.000.000) 11/01 07:48:04 Job submitted from host: <188.185.121.235:9618?addrs=188.185.121.235-9618+[2001-1458-d00-49--100-36e]-9618&alias=bigbird22.cern.ch&noUDP&sock=schedd_1778_237a>
...
040 (461448.000.000) 11/01 08:00:31 Started transferring input files
	Transferring to host: <128.142.56.24:9618?addrs=128.142.56.24-9618+[2001-1458-301-6--100-17]-9618&alias=b7s01p4185.cern.ch&noUDP&sock=slot1_15_3668_300e_27680>
...
001 (461448.000.000) 11/01 08:00:31 Job executing on host: <128.142.56.24:9618?addrs=128.142.56.24-9618+[2001-1458-301-6--100-17]-9618&alias=b7s01p4185.cern.ch&noUDP&sock=startd_3135_ed7e>
...
040 (461448.000.000) 11/01 08:00:31 Finished transferring input files
...
006 (461448.000.000) 11/01 08:00:40 Image size of job updated: 57592
	57  -  MemoryUsage of job (MB)
	57584  -  ResidentSetSize of job (KB)
...
006 (461448.000.000) 11/01 08:05:41 Image size of job updated: 791808
	67  -  MemoryUsage of job (MB)
	67756  -  ResidentSetSize of job (KB)
...
040 (461448.000.000) 11/01 08:37:04 Started transferring output files
...
040 (461448.000.000) 11/01 08:37:04 Finished transferring output files
...
005 (461448.000.000) 11/01 08:37:05 Job terminated.
	(1) Normal termination (return value 0)
		Usr 0 00:01:13, Sys 0 00:00:24  -  Run Remote Usage
		Usr 0 00:00:00, Sys 0 00:00:00  -  Run Local Usage
		Usr 0 00:01:13, Sys 0 00:00:24  -  Total Remote Usage
		Usr 0 00:00:00, Sys 0 00:00:00  -  Total Local Usage
	53697  -  Run Bytes Sent By Job
	19311  -  Run Bytes Received By Job
	53697  -  Total Bytes Sent By Job
	19311  -  Total Bytes Received By Job
	Partitionable Resources :      Usage  Request Allocated 
	   Cpus                 :       0.02        1         1 
	   Disk (KB)            : 3084861          20   1352163 
	   Memory (MB)          :      67        2000      2000 

	Job terminated of its own accord at 2021-11-01T07:37:04Z.
...
