000 (461531.000.000) 11/01 07:49:17 Job submitted from host: <188.185.121.235:9618?addrs=188.185.121.235-9618+[2001-1458-d00-49--100-36e]-9618&alias=bigbird22.cern.ch&noUDP&sock=schedd_1778_237a>
...
040 (461531.000.000) 11/01 08:00:44 Started transferring input files
	Transferring to host: <188.184.163.34:9618?addrs=188.184.163.34-9618+[2001-1458-301-4d--100-1c]-9618&alias=b7s12p7215.cern.ch&noUDP&sock=slot1_9_243436_6f24_36326>
...
001 (461531.000.000) 11/01 08:00:44 Job executing on host: <188.184.163.34:9618?addrs=188.184.163.34-9618+[2001-1458-301-4d--100-1c]-9618&alias=b7s12p7215.cern.ch&noUDP&sock=startd_240998_293f>
...
040 (461531.000.000) 11/01 08:00:44 Finished transferring input files
...
006 (461531.000.000) 11/01 08:00:53 Image size of job updated: 37664
	37  -  MemoryUsage of job (MB)
	37396  -  ResidentSetSize of job (KB)
...
006 (461531.000.000) 11/01 08:05:53 Image size of job updated: 791812
	67  -  MemoryUsage of job (MB)
	67768  -  ResidentSetSize of job (KB)
...
040 (461531.000.000) 11/01 09:14:04 Started transferring output files
...
040 (461531.000.000) 11/01 09:14:04 Finished transferring output files
...
005 (461531.000.000) 11/01 09:14:04 Job terminated.
	(1) Normal termination (return value 0)
		Usr 0 00:01:57, Sys 0 00:00:25  -  Run Remote Usage
		Usr 0 00:00:00, Sys 0 00:00:00  -  Run Local Usage
		Usr 0 00:01:57, Sys 0 00:00:25  -  Total Remote Usage
		Usr 0 00:00:00, Sys 0 00:00:00  -  Total Local Usage
	54633  -  Run Bytes Sent By Job
	19311  -  Run Bytes Received By Job
	54633  -  Total Bytes Sent By Job
	19311  -  Total Bytes Received By Job
	Partitionable Resources :      Usage  Request Allocated 
	   Cpus                 :       0.01        1         1 
	   Disk (KB)            : 3080552          20   2890492 
	   Memory (MB)          :      67        2000      2000 

	Job terminated of its own accord at 2021-11-01T08:14:04Z.
...
