000 (461492.000.000) 11/01 07:48:45 Job submitted from host: <188.185.121.235:9618?addrs=188.185.121.235-9618+[2001-1458-d00-49--100-36e]-9618&alias=bigbird22.cern.ch&noUDP&sock=schedd_1778_237a>
...
022 (461492.000.000) 11/01 08:00:53 Job disconnected, attempting to reconnect
    Socket between submit and execute hosts closed unexpectedly
    Trying to reconnect to slot1_1@b7s01p0295.cern.ch <128.142.56.117:9618?addrs=128.142.56.117-9618+[2001-1458-301-6--100-74]-9618&alias=b7s01p0295.cern.ch&noUDP&sock=startd_2688_52a9>
...
024 (461492.000.000) 11/01 08:00:53 Job reconnection failed
    Job not found at execution machine
    Can not reconnect to slot1_1@b7s01p0295.cern.ch, rescheduling job
...
040 (461492.000.000) 11/01 08:05:06 Started transferring input files
	Transferring to host: <128.142.58.122:9618?addrs=128.142.58.122-9618+[2001-1458-301-16--100-79]-9618&alias=b7s03p5500.cern.ch&noUDP&sock=slot1_19_3642_de4d_34260>
...
040 (461492.000.000) 11/01 08:05:06 Finished transferring input files
...
001 (461492.000.000) 11/01 08:05:06 Job executing on host: <128.142.58.122:9618?addrs=128.142.58.122-9618+[2001-1458-301-16--100-79]-9618&alias=b7s03p5500.cern.ch&noUDP&sock=startd_3575_bb2a>
...
006 (461492.000.000) 11/01 08:05:14 Image size of job updated: 5900
	6  -  MemoryUsage of job (MB)
	5892  -  ResidentSetSize of job (KB)
...
006 (461492.000.000) 11/01 08:10:14 Image size of job updated: 791836
	67  -  MemoryUsage of job (MB)
	67760  -  ResidentSetSize of job (KB)
...
040 (461492.000.000) 11/01 08:38:38 Started transferring output files
...
040 (461492.000.000) 11/01 08:38:38 Finished transferring output files
...
005 (461492.000.000) 11/01 08:38:38 Job terminated.
	(1) Normal termination (return value 0)
		Usr 0 00:01:01, Sys 0 00:00:19  -  Run Remote Usage
		Usr 0 00:00:00, Sys 0 00:00:00  -  Run Local Usage
		Usr 0 00:01:01, Sys 0 00:00:19  -  Total Remote Usage
		Usr 0 00:00:00, Sys 0 00:00:00  -  Total Local Usage
	54673  -  Run Bytes Sent By Job
	19311  -  Run Bytes Received By Job
	54673  -  Total Bytes Sent By Job
	19311  -  Total Bytes Received By Job
	Partitionable Resources :      Usage  Request Allocated 
	   Cpus                 :       0.01        1         1 
	   Disk (KB)            : 3086794          20   1264090 
	   Memory (MB)          :      67        2000      2000 

	Job terminated of its own accord at 2021-11-01T07:38:38Z.
...
