000 (461509.000.000) 11/01 07:48:59 Job submitted from host: <188.185.121.235:9618?addrs=188.185.121.235-9618+[2001-1458-d00-49--100-36e]-9618&alias=bigbird22.cern.ch&noUDP&sock=schedd_1778_237a>
...
022 (461509.000.000) 11/01 08:00:57 Job disconnected, attempting to reconnect
    Socket between submit and execute hosts closed unexpectedly
    Trying to reconnect to slot1_1@b7g11p7511.cern.ch <128.142.131.64:9618?addrs=128.142.131.64-9618+[2001-1458-301-59--100-34]-9618&alias=b7g11p7511.cern.ch&noUDP&sock=startd_37339_06d9>
...
024 (461509.000.000) 11/01 08:00:57 Job reconnection failed
    Job not found at execution machine
    Can not reconnect to slot1_1@b7g11p7511.cern.ch, rescheduling job
...
040 (461509.000.000) 11/01 08:05:10 Started transferring input files
	Transferring to host: <128.142.63.42:9618?addrs=128.142.63.42-9618+[2001-1458-301-38--100-27]-9618&alias=b7s08p6028.cern.ch&noUDP&sock=slot1_4_3624_2f8c_39114>
...
040 (461509.000.000) 11/01 08:05:10 Finished transferring input files
...
001 (461509.000.000) 11/01 08:05:10 Job executing on host: <128.142.63.42:9618?addrs=128.142.63.42-9618+[2001-1458-301-38--100-27]-9618&alias=b7s08p6028.cern.ch&noUDP&sock=startd_3577_1a5b>
...
006 (461509.000.000) 11/01 08:05:20 Image size of job updated: 148300
	23  -  MemoryUsage of job (MB)
	23064  -  ResidentSetSize of job (KB)
...
006 (461509.000.000) 11/01 08:10:21 Image size of job updated: 791824
	67  -  MemoryUsage of job (MB)
	67760  -  ResidentSetSize of job (KB)
...
040 (461509.000.000) 11/01 08:28:55 Started transferring output files
...
040 (461509.000.000) 11/01 08:28:55 Finished transferring output files
...
005 (461509.000.000) 11/01 08:28:55 Job terminated.
	(1) Normal termination (return value 0)
		Usr 0 00:01:08, Sys 0 00:00:16  -  Run Remote Usage
		Usr 0 00:00:00, Sys 0 00:00:00  -  Run Local Usage
		Usr 0 00:01:08, Sys 0 00:00:16  -  Total Remote Usage
		Usr 0 00:00:00, Sys 0 00:00:00  -  Total Local Usage
	53609  -  Run Bytes Sent By Job
	19311  -  Run Bytes Received By Job
	53609  -  Total Bytes Sent By Job
	19311  -  Total Bytes Received By Job
	Partitionable Resources :      Usage  Request Allocated 
	   Cpus                 :       0.01        1         1 
	   Disk (KB)            : 3086635          20   1309311 
	   Memory (MB)          :      67        2000      2000 

	Job terminated of its own accord at 2021-11-01T07:28:54Z.
...
