000 (461432.000.000) 11/01 07:47:35 Job submitted from host: <188.185.121.235:9618?addrs=188.185.121.235-9618+[2001-1458-d00-49--100-36e]-9618&alias=bigbird22.cern.ch&noUDP&sock=schedd_1778_237a>
...
040 (461432.000.000) 11/01 08:00:22 Started transferring input files
	Transferring to host: <128.142.137.159:9618?addrs=128.142.137.159-9618+[2001-1458-301-5e--100-93]-9618&alias=b7g19p3819.cern.ch&noUDP&sock=slot1_4_27988_d3eb_10280>
...
001 (461432.000.000) 11/01 08:00:22 Job executing on host: <128.142.137.159:9618?addrs=128.142.137.159-9618+[2001-1458-301-5e--100-93]-9618&alias=b7g19p3819.cern.ch&noUDP&sock=startd_8147_be2a>
...
040 (461432.000.000) 11/01 08:00:22 Finished transferring input files
...
006 (461432.000.000) 11/01 08:00:31 Image size of job updated: 783572
	67  -  MemoryUsage of job (MB)
	67752  -  ResidentSetSize of job (KB)
...
006 (461432.000.000) 11/01 08:05:32 Image size of job updated: 791808
	67  -  MemoryUsage of job (MB)
	67752  -  ResidentSetSize of job (KB)
...
006 (461432.000.000) 11/01 08:35:34 Image size of job updated: 791808
	112  -  MemoryUsage of job (MB)
	114504  -  ResidentSetSize of job (KB)
...
040 (461432.000.000) 11/01 08:36:04 Started transferring output files
...
040 (461432.000.000) 11/01 08:36:04 Finished transferring output files
...
005 (461432.000.000) 11/01 08:36:04 Job terminated.
	(1) Normal termination (return value 0)
		Usr 0 00:02:05, Sys 0 00:00:34  -  Run Remote Usage
		Usr 0 00:00:00, Sys 0 00:00:00  -  Run Local Usage
		Usr 0 00:02:05, Sys 0 00:00:34  -  Total Remote Usage
		Usr 0 00:00:00, Sys 0 00:00:00  -  Total Local Usage
	52638  -  Run Bytes Sent By Job
	19311  -  Run Bytes Received By Job
	52638  -  Total Bytes Sent By Job
	19311  -  Total Bytes Received By Job
	Partitionable Resources :      Usage  Request Allocated 
	   Cpus                 :       0.02        1         1 
	   Disk (KB)            : 3086454          20   1621763 
	   Memory (MB)          :     112        2000      2000 

	Job terminated of its own accord at 2021-11-01T07:36:04Z.
...
