000 (461667.000.000) 11/01 07:51:33 Job submitted from host: <188.185.121.235:9618?addrs=188.185.121.235-9618+[2001-1458-d00-49--100-36e]-9618&alias=bigbird22.cern.ch&noUDP&sock=schedd_1778_237a>
...
040 (461667.000.000) 11/01 08:01:33 Started transferring input files
	Transferring to host: <128.142.137.190:9618?addrs=128.142.137.190-9618+[2001-1458-301-5e--100-b2]-9618&alias=b7g19p1334.cern.ch&noUDP&sock=slot1_14_32688_672a_10382>
...
040 (461667.000.000) 11/01 08:01:33 Finished transferring input files
...
001 (461667.000.000) 11/01 08:01:33 Job executing on host: <128.142.137.190:9618?addrs=128.142.137.190-9618+[2001-1458-301-5e--100-b2]-9618&alias=b7g19p1334.cern.ch&noUDP&sock=startd_43069_5484>
...
006 (461667.000.000) 11/01 08:01:42 Image size of job updated: 21616
	22  -  MemoryUsage of job (MB)
	21616  -  ResidentSetSize of job (KB)
...
006 (461667.000.000) 11/01 08:06:42 Image size of job updated: 791832
	67  -  MemoryUsage of job (MB)
	67756  -  ResidentSetSize of job (KB)
...
040 (461667.000.000) 11/01 08:36:42 Started transferring output files
...
040 (461667.000.000) 11/01 08:36:42 Finished transferring output files
...
005 (461667.000.000) 11/01 08:36:42 Job terminated.
	(1) Normal termination (return value 0)
		Usr 0 00:01:17, Sys 0 00:00:11  -  Run Remote Usage
		Usr 0 00:00:00, Sys 0 00:00:00  -  Run Local Usage
		Usr 0 00:01:17, Sys 0 00:00:11  -  Total Remote Usage
		Usr 0 00:00:00, Sys 0 00:00:00  -  Total Local Usage
	46846  -  Run Bytes Sent By Job
	19311  -  Run Bytes Received By Job
	46846  -  Total Bytes Sent By Job
	19311  -  Total Bytes Received By Job
	Partitionable Resources :      Usage  Request Allocated 
	   Cpus                 :       0.01        1         1 
	   Disk (KB)            : 2368149          20   1611139 
	   Memory (MB)          :      67        2000      2000 

	Job terminated of its own accord at 2021-11-01T07:36:41Z.
...
