000 (461385.000.000) 11/01 07:46:28 Job submitted from host: <188.185.121.235:9618?addrs=188.185.121.235-9618+[2001-1458-d00-49--100-36e]-9618&alias=bigbird22.cern.ch&noUDP&sock=schedd_1778_237a>
...
040 (461385.000.000) 11/01 07:59:52 Started transferring input files
	Transferring to host: <128.142.61.121:9618?addrs=128.142.61.121-9618+[2001-1458-301-23--100-78]-9618&alias=b7s06p0214.cern.ch&noUDP&sock=slot1_12_3686_decf_32452>
...
040 (461385.000.000) 11/01 07:59:52 Finished transferring input files
...
001 (461385.000.000) 11/01 07:59:52 Job executing on host: <128.142.61.121:9618?addrs=128.142.61.121-9618+[2001-1458-301-23--100-78]-9618&alias=b7s06p0214.cern.ch&noUDP&sock=startd_3618_39bd>
...
006 (461385.000.000) 11/01 08:00:01 Image size of job updated: 41348
	41  -  MemoryUsage of job (MB)
	41344  -  ResidentSetSize of job (KB)
...
006 (461385.000.000) 11/01 08:02:36 Image size of job updated: 791808
	41  -  MemoryUsage of job (MB)
	41380  -  ResidentSetSize of job (KB)
...
040 (461385.000.000) 11/01 08:02:36 Started transferring output files
...
040 (461385.000.000) 11/01 08:02:36 Finished transferring output files
...
005 (461385.000.000) 11/01 08:02:36 Job terminated.
	(1) Normal termination (return value 0)
		Usr 0 00:00:07, Sys 0 00:00:02  -  Run Remote Usage
		Usr 0 00:00:00, Sys 0 00:00:00  -  Run Local Usage
		Usr 0 00:00:07, Sys 0 00:00:02  -  Total Remote Usage
		Usr 0 00:00:00, Sys 0 00:00:00  -  Total Local Usage
	21564  -  Run Bytes Sent By Job
	19311  -  Run Bytes Received By Job
	21564  -  Total Bytes Sent By Job
	19311  -  Total Bytes Received By Job
	Partitionable Resources :    Usage  Request Allocated 
	   Cpus                 :                 1         1 
	   Disk (KB)            :   466125       20   1279455 
	   Memory (MB)          :       41     2000      2000 

	Job terminated of its own accord at 2021-11-01T07:02:36Z.
...
