000 (461438.000.000) 11/01 07:47:47 Job submitted from host: <188.185.121.235:9618?addrs=188.185.121.235-9618+[2001-1458-d00-49--100-36e]-9618&alias=bigbird22.cern.ch&noUDP&sock=schedd_1778_237a>
...
040 (461438.000.000) 11/01 08:00:13 Started transferring input files
	Transferring to host: <128.142.139.198:9618?addrs=128.142.139.198-9618+[2001-1458-301-60--100-ba]-9618&alias=b7g14p2364.cern.ch&noUDP&sock=slot1_3_16712_dda1_11312>
...
001 (461438.000.000) 11/01 08:00:13 Job executing on host: <128.142.139.198:9618?addrs=128.142.139.198-9618+[2001-1458-301-60--100-ba]-9618&alias=b7g14p2364.cern.ch&noUDP&sock=startd_5647_f366>
...
040 (461438.000.000) 11/01 08:00:13 Finished transferring input files
...
006 (461438.000.000) 11/01 08:00:21 Image size of job updated: 67760
	67  -  MemoryUsage of job (MB)
	67760  -  ResidentSetSize of job (KB)
...
006 (461438.000.000) 11/01 08:05:21 Image size of job updated: 791816
	67  -  MemoryUsage of job (MB)
	67760  -  ResidentSetSize of job (KB)
...
040 (461438.000.000) 11/01 08:13:44 Started transferring output files
...
040 (461438.000.000) 11/01 08:13:44 Finished transferring output files
...
005 (461438.000.000) 11/01 08:13:44 Job terminated.
	(1) Normal termination (return value 0)
		Usr 0 00:01:58, Sys 0 00:00:28  -  Run Remote Usage
		Usr 0 00:00:00, Sys 0 00:00:00  -  Run Local Usage
		Usr 0 00:01:58, Sys 0 00:00:28  -  Total Remote Usage
		Usr 0 00:00:00, Sys 0 00:00:00  -  Total Local Usage
	46366  -  Run Bytes Sent By Job
	19311  -  Run Bytes Received By Job
	46366  -  Total Bytes Sent By Job
	19311  -  Total Bytes Received By Job
	Partitionable Resources :      Usage  Request Allocated 
	   Cpus                 :       1.00        1         1 
	   Disk (KB)            : 3086792          20   1361042 
	   Memory (MB)          :      67        2000      2000 

	Job terminated of its own accord at 2021-11-01T07:13:44Z.
...
