000 (758871.000.000) 02/02 22:09:19 Job submitted from host: <188.185.121.235:9618?addrs=188.185.121.235-9618+[2001-1458-d00-49--100-36e]-9618&alias=bigbird22.cern.ch&noUDP&sock=schedd_8027_6ecd>
...
040 (758871.000.000) 02/02 22:17:14 Started transferring input files
	Transferring to host: <128.142.60.64:9618?addrs=128.142.60.64-9618+[2001-1458-301-22--100-3f]-9618&alias=b7s05p9861.cern.ch&noUDP&sock=slot1_16_3204_41fb_36459>
...
040 (758871.000.000) 02/02 22:17:14 Finished transferring input files
...
001 (758871.000.000) 02/02 22:17:14 Job executing on host: <128.142.60.64:9618?addrs=128.142.60.64-9618+[2001-1458-301-22--100-3f]-9618&alias=b7s05p9861.cern.ch&noUDP&sock=startd_2852_d031>
...
006 (758871.000.000) 02/02 22:17:23 Image size of job updated: 794144
	67  -  MemoryUsage of job (MB)
	67764  -  ResidentSetSize of job (KB)
...
040 (758871.000.000) 02/02 22:17:42 Started transferring output files
...
040 (758871.000.000) 02/02 22:17:42 Finished transferring output files
...
005 (758871.000.000) 02/02 22:17:42 Job terminated.
	(1) Normal termination (return value 0)
		Usr 0 00:00:15, Sys 0 00:00:03  -  Run Remote Usage
		Usr 0 00:00:00, Sys 0 00:00:00  -  Run Local Usage
		Usr 0 00:00:15, Sys 0 00:00:03  -  Total Remote Usage
		Usr 0 00:00:00, Sys 0 00:00:00  -  Total Local Usage
	79486  -  Run Bytes Sent By Job
	44247  -  Run Bytes Received By Job
	79486  -  Total Bytes Sent By Job
	44247  -  Total Bytes Received By Job
	Partitionable Resources :    Usage  Request Allocated 
	   Cpus                 :                 1         1 
	   Disk (KB)            :   466189       45   1134302 
	   Memory (MB)          :       67     2000      2000 

	Job terminated of its own accord at 2022-02-02T21:17:42Z.
...
