000 (462093.000.000) 11/01 07:59:19 Job submitted from host: <188.185.121.235:9618?addrs=188.185.121.235-9618+[2001-1458-d00-49--100-36e]-9618&alias=bigbird22.cern.ch&noUDP&sock=schedd_1778_237a>
...
040 (462093.000.000) 11/01 08:04:32 Started transferring input files
	Transferring to host: <128.142.140.82:9618?addrs=128.142.140.82-9618+[2001-1458-301-61--100-46]-9618&alias=b7g15p5808.cern.ch&noUDP&sock=slot1_23_12441_8f53_11748>
...
040 (462093.000.000) 11/01 08:04:32 Finished transferring input files
...
001 (462093.000.000) 11/01 08:04:32 Job executing on host: <128.142.140.82:9618?addrs=128.142.140.82-9618+[2001-1458-301-61--100-46]-9618&alias=b7g15p5808.cern.ch&noUDP&sock=startd_12399_42dc>
...
006 (462093.000.000) 11/01 08:04:40 Image size of job updated: 396436
	15  -  MemoryUsage of job (MB)
	15112  -  ResidentSetSize of job (KB)
...
006 (462093.000.000) 11/01 08:09:40 Image size of job updated: 791836
	67  -  MemoryUsage of job (MB)
	67756  -  ResidentSetSize of job (KB)
...
006 (462093.000.000) 11/01 09:04:46 Image size of job updated: 791836
	103  -  MemoryUsage of job (MB)
	104800  -  ResidentSetSize of job (KB)
...
040 (462093.000.000) 11/01 09:07:04 Started transferring output files
...
040 (462093.000.000) 11/01 09:07:04 Finished transferring output files
...
005 (462093.000.000) 11/01 09:07:04 Job terminated.
	(1) Normal termination (return value 0)
		Usr 0 00:02:12, Sys 0 00:00:29  -  Run Remote Usage
		Usr 0 00:00:00, Sys 0 00:00:00  -  Run Local Usage
		Usr 0 00:02:12, Sys 0 00:00:29  -  Total Remote Usage
		Usr 0 00:00:00, Sys 0 00:00:00  -  Total Local Usage
	116824  -  Run Bytes Sent By Job
	43945  -  Run Bytes Received By Job
	116824  -  Total Bytes Sent By Job
	43945  -  Total Bytes Received By Job
	Partitionable Resources :      Usage  Request Allocated 
	   Cpus                 :       0.01        1         1 
	   Disk (KB)            : 2368528          45   1346149 
	   Memory (MB)          :     103        2000      2000 

	Job terminated of its own accord at 2021-11-01T08:07:04Z.
...
