000 (461808.000.000) 11/01 07:54:21 Job submitted from host: <188.185.121.235:9618?addrs=188.185.121.235-9618+[2001-1458-d00-49--100-36e]-9618&alias=bigbird22.cern.ch&noUDP&sock=schedd_1778_237a>
...
040 (461808.000.000) 11/01 08:02:37 Started transferring input files
	Transferring to host: <128.142.57.89:9618?addrs=128.142.57.89-9618+[2001-1458-301-7--100-58]-9618&alias=b7s02p3008.cern.ch&noUDP&sock=slot1_29_3164_12fa_28121>
...
040 (461808.000.000) 11/01 08:02:37 Finished transferring input files
...
001 (461808.000.000) 11/01 08:02:37 Job executing on host: <128.142.57.89:9618?addrs=128.142.57.89-9618+[2001-1458-301-7--100-58]-9618&alias=b7s02p3008.cern.ch&noUDP&sock=startd_2815_6f30>
...
006 (461808.000.000) 11/01 08:02:46 Image size of job updated: 625828
	9  -  MemoryUsage of job (MB)
	9152  -  ResidentSetSize of job (KB)
...
006 (461808.000.000) 11/01 08:07:47 Image size of job updated: 791828
	67  -  MemoryUsage of job (MB)
	67764  -  ResidentSetSize of job (KB)
...
040 (461808.000.000) 11/01 08:10:50 Started transferring output files
...
040 (461808.000.000) 11/01 08:10:50 Finished transferring output files
...
005 (461808.000.000) 11/01 08:10:50 Job terminated.
	(1) Normal termination (return value 0)
		Usr 0 00:00:13, Sys 0 00:00:03  -  Run Remote Usage
		Usr 0 00:00:00, Sys 0 00:00:00  -  Run Local Usage
		Usr 0 00:00:13, Sys 0 00:00:03  -  Total Remote Usage
		Usr 0 00:00:00, Sys 0 00:00:00  -  Total Local Usage
	84114  -  Run Bytes Sent By Job
	43945  -  Run Bytes Received By Job
	84114  -  Total Bytes Sent By Job
	43945  -  Total Bytes Received By Job
	Partitionable Resources :     Usage  Request Allocated 
	   Cpus                 :      0.01        1         1 
	   Disk (KB)            : 466172          45   1355035 
	   Memory (MB)          :     67        2000      2000 

	Job terminated of its own accord at 2021-11-01T07:10:50Z.
...
