000 (461838.000.000) 11/01 07:55:03 Job submitted from host: <188.185.121.235:9618?addrs=188.185.121.235-9618+[2001-1458-d00-49--100-36e]-9618&alias=bigbird22.cern.ch&noUDP&sock=schedd_1778_237a>
...
040 (461838.000.000) 11/01 08:02:48 Started transferring input files
	Transferring to host: <128.142.139.85:9618?addrs=128.142.139.85-9618+[2001-1458-301-60--100-49]-9618&alias=b7g14p7692.cern.ch&noUDP&sock=slot1_16_6800_f70e_11532>
...
040 (461838.000.000) 11/01 08:02:48 Finished transferring input files
...
001 (461838.000.000) 11/01 08:02:48 Job executing on host: <128.142.139.85:9618?addrs=128.142.139.85-9618+[2001-1458-301-60--100-49]-9618&alias=b7g14p7692.cern.ch&noUDP&sock=startd_5543_9d8c>
...
006 (461838.000.000) 11/01 08:02:57 Image size of job updated: 25220
	25  -  MemoryUsage of job (MB)
	25220  -  ResidentSetSize of job (KB)
...
006 (461838.000.000) 11/01 08:07:58 Image size of job updated: 791836
	67  -  MemoryUsage of job (MB)
	67756  -  ResidentSetSize of job (KB)
...
040 (461838.000.000) 11/01 08:10:26 Started transferring output files
...
040 (461838.000.000) 11/01 08:10:26 Finished transferring output files
...
005 (461838.000.000) 11/01 08:10:26 Job terminated.
	(1) Normal termination (return value 0)
		Usr 0 00:00:27, Sys 0 00:00:05  -  Run Remote Usage
		Usr 0 00:00:00, Sys 0 00:00:00  -  Run Local Usage
		Usr 0 00:00:27, Sys 0 00:00:05  -  Total Remote Usage
		Usr 0 00:00:00, Sys 0 00:00:00  -  Total Local Usage
	84113  -  Run Bytes Sent By Job
	43945  -  Run Bytes Received By Job
	84113  -  Total Bytes Sent By Job
	43945  -  Total Bytes Received By Job
	Partitionable Resources :    Usage  Request Allocated 
	   Cpus                 :                 1         1 
	   Disk (KB)            :   466176       45   1390884 
	   Memory (MB)          :       67     2000      2000 

	Job terminated of its own accord at 2021-11-01T07:10:26Z.
...
