000 (461953.000.000) 11/01 07:56:54 Job submitted from host: <188.185.121.235:9618?addrs=188.185.121.235-9618+[2001-1458-d00-49--100-36e]-9618&alias=bigbird22.cern.ch&noUDP&sock=schedd_1778_237a>
...
040 (461953.000.000) 11/01 08:03:34 Started transferring input files
	Transferring to host: <188.184.164.103:9618?addrs=188.184.164.103-9618+[2001-1458-301-4e--100-61]-9618&alias=b7s13p3905.cern.ch&noUDP&sock=slot1_36_206373_32a1_11616>
...
040 (461953.000.000) 11/01 08:03:34 Finished transferring input files
...
001 (461953.000.000) 11/01 08:03:34 Job executing on host: <188.184.164.103:9618?addrs=188.184.164.103-9618+[2001-1458-301-4e--100-61]-9618&alias=b7s13p3905.cern.ch&noUDP&sock=startd_206329_1c5b>
...
006 (461953.000.000) 11/01 08:03:43 Image size of job updated: 625832
	22  -  MemoryUsage of job (MB)
	21596  -  ResidentSetSize of job (KB)
...
006 (461953.000.000) 11/01 08:08:44 Image size of job updated: 791840
	67  -  MemoryUsage of job (MB)
	67772  -  ResidentSetSize of job (KB)
...
006 (461953.000.000) 11/01 08:38:46 Image size of job updated: 791840
	164  -  MemoryUsage of job (MB)
	167120  -  ResidentSetSize of job (KB)
...
040 (461953.000.000) 11/01 08:38:52 Started transferring output files
...
040 (461953.000.000) 11/01 08:38:52 Finished transferring output files
...
005 (461953.000.000) 11/01 08:38:53 Job terminated.
	(1) Normal termination (return value 0)
		Usr 0 00:03:06, Sys 0 00:00:33  -  Run Remote Usage
		Usr 0 00:00:00, Sys 0 00:00:00  -  Run Local Usage
		Usr 0 00:03:06, Sys 0 00:00:33  -  Total Remote Usage
		Usr 0 00:00:00, Sys 0 00:00:00  -  Total Local Usage
	126964  -  Run Bytes Sent By Job
	43945  -  Run Bytes Received By Job
	126964  -  Total Bytes Sent By Job
	43945  -  Total Bytes Received By Job
	Partitionable Resources :      Usage  Request Allocated 
	   Cpus                 :       0.02        1         1 
	   Disk (KB)            : 3087082          45   3057171 
	   Memory (MB)          :     164        2000      2000 

	Job terminated of its own accord at 2021-11-01T07:38:52Z.
...
