000 (462148.000.000) 11/01 08:00:50 Job submitted from host: <188.185.121.235:9618?addrs=188.185.121.235-9618+[2001-1458-d00-49--100-36e]-9618&alias=bigbird22.cern.ch&noUDP&sock=schedd_1778_237a>
...
040 (462148.000.000) 11/01 08:05:14 Started transferring input files
	Transferring to host: <188.184.160.176:9618?addrs=188.184.160.176-9618+[2001-1458-301-48--100-aa]-9618&alias=b7s09p1200.cern.ch&noUDP&sock=slot1_6_3984_d69b_4407>
...
040 (462148.000.000) 11/01 08:05:14 Finished transferring input files
...
001 (462148.000.000) 11/01 08:05:14 Job executing on host: <188.184.160.176:9618?addrs=188.184.160.176-9618+[2001-1458-301-48--100-aa]-9618&alias=b7s09p1200.cern.ch&noUDP&sock=startd_3155_a563>
...
006 (462148.000.000) 11/01 08:05:23 Image size of job updated: 9216
	9  -  MemoryUsage of job (MB)
	9216  -  ResidentSetSize of job (KB)
...
006 (462148.000.000) 11/01 08:10:24 Image size of job updated: 791840
	67  -  MemoryUsage of job (MB)
	67764  -  ResidentSetSize of job (KB)
...
006 (462148.000.000) 11/01 08:35:25 Image size of job updated: 791840
	134  -  MemoryUsage of job (MB)
	136992  -  ResidentSetSize of job (KB)
...
040 (462148.000.000) 11/01 08:35:33 Started transferring output files
...
040 (462148.000.000) 11/01 08:35:33 Finished transferring output files
...
005 (462148.000.000) 11/01 08:35:33 Job terminated.
	(1) Normal termination (return value 0)
		Usr 0 00:01:52, Sys 0 00:00:17  -  Run Remote Usage
		Usr 0 00:00:00, Sys 0 00:00:00  -  Run Local Usage
		Usr 0 00:01:52, Sys 0 00:00:17  -  Total Remote Usage
		Usr 0 00:00:00, Sys 0 00:00:00  -  Total Local Usage
	116877  -  Run Bytes Sent By Job
	43945  -  Run Bytes Received By Job
	116877  -  Total Bytes Sent By Job
	43945  -  Total Bytes Received By Job
	Partitionable Resources :      Usage  Request Allocated 
	   Cpus                 :       0.02        1         1 
	   Disk (KB)            : 2373559          45   1442632 
	   Memory (MB)          :     134        2000      2000 

	Job terminated of its own accord at 2021-11-01T07:35:33Z.
...
