000 (461831.000.000) 11/01 07:54:57 Job submitted from host: <188.185.121.235:9618?addrs=188.185.121.235-9618+[2001-1458-d00-49--100-36e]-9618&alias=bigbird22.cern.ch&noUDP&sock=schedd_1778_237a>
...
040 (461831.000.000) 11/01 08:02:46 Started transferring input files
	Transferring to host: <128.142.130.31:9618?addrs=128.142.130.31-9618+[2001-1458-301-58--100-13]-9618&alias=b7g20p1387.cern.ch&noUDP&sock=slot1_22_10514_d065_4436>
...
040 (461831.000.000) 11/01 08:02:46 Finished transferring input files
...
001 (461831.000.000) 11/01 08:02:46 Job executing on host: <128.142.130.31:9618?addrs=128.142.130.31-9618+[2001-1458-301-58--100-13]-9618&alias=b7g20p1387.cern.ch&noUDP&sock=startd_10471_d043>
...
006 (461831.000.000) 11/01 08:02:56 Image size of job updated: 13264
	13  -  MemoryUsage of job (MB)
	13264  -  ResidentSetSize of job (KB)
...
006 (461831.000.000) 11/01 08:07:56 Image size of job updated: 791832
	67  -  MemoryUsage of job (MB)
	67760  -  ResidentSetSize of job (KB)
...
040 (461831.000.000) 11/01 08:16:08 Started transferring output files
...
040 (461831.000.000) 11/01 08:16:08 Finished transferring output files
...
005 (461831.000.000) 11/01 08:16:09 Job terminated.
	(1) Normal termination (return value 0)
		Usr 0 00:00:24, Sys 0 00:00:05  -  Run Remote Usage
		Usr 0 00:00:00, Sys 0 00:00:00  -  Run Local Usage
		Usr 0 00:00:24, Sys 0 00:00:05  -  Total Remote Usage
		Usr 0 00:00:00, Sys 0 00:00:00  -  Total Local Usage
	84100  -  Run Bytes Sent By Job
	43945  -  Run Bytes Received By Job
	84100  -  Total Bytes Sent By Job
	43945  -  Total Bytes Received By Job
	Partitionable Resources :     Usage  Request Allocated 
	   Cpus                 :      0.01        1         1 
	   Disk (KB)            : 465766          45   1621962 
	   Memory (MB)          :     67        2000      2000 

	Job terminated of its own accord at 2021-11-01T07:16:08Z.
...
