000 (461915.000.000) 11/01 07:56:22 Job submitted from host: <188.185.121.235:9618?addrs=188.185.121.235-9618+[2001-1458-d00-49--100-36e]-9618&alias=bigbird22.cern.ch&noUDP&sock=schedd_1778_237a>
...
040 (461915.000.000) 11/01 08:03:16 Started transferring input files
	Transferring to host: <128.142.61.152:9618?addrs=128.142.61.152-9618+[2001-1458-301-23--100-97]-9618&alias=b7s06p3046.cern.ch&noUDP&sock=slot1_39_3648_188d_32803>
...
040 (461915.000.000) 11/01 08:03:16 Finished transferring input files
...
001 (461915.000.000) 11/01 08:03:16 Job executing on host: <128.142.61.152:9618?addrs=128.142.61.152-9618+[2001-1458-301-23--100-97]-9618&alias=b7s06p3046.cern.ch&noUDP&sock=startd_3585_971d>
...
006 (461915.000.000) 11/01 08:03:25 Image size of job updated: 461972
	34  -  MemoryUsage of job (MB)
	34332  -  ResidentSetSize of job (KB)
...
006 (461915.000.000) 11/01 08:08:26 Image size of job updated: 791832
	67  -  MemoryUsage of job (MB)
	67756  -  ResidentSetSize of job (KB)
...
006 (461915.000.000) 11/01 08:38:28 Image size of job updated: 791832
	134  -  MemoryUsage of job (MB)
	136356  -  ResidentSetSize of job (KB)
...
040 (461915.000.000) 11/01 08:39:02 Started transferring output files
...
040 (461915.000.000) 11/01 08:39:02 Finished transferring output files
...
005 (461915.000.000) 11/01 08:39:03 Job terminated.
	(1) Normal termination (return value 0)
		Usr 0 00:01:45, Sys 0 00:00:26  -  Run Remote Usage
		Usr 0 00:00:00, Sys 0 00:00:00  -  Run Local Usage
		Usr 0 00:01:45, Sys 0 00:00:26  -  Total Remote Usage
		Usr 0 00:00:00, Sys 0 00:00:00  -  Total Local Usage
	126980  -  Run Bytes Sent By Job
	43945  -  Run Bytes Received By Job
	126980  -  Total Bytes Sent By Job
	43945  -  Total Bytes Received By Job
	Partitionable Resources :      Usage  Request Allocated 
	   Cpus                 :       1.00        1         1 
	   Disk (KB)            : 3086649          45   1263292 
	   Memory (MB)          :     134        2000      2000 

	Job terminated of its own accord at 2021-11-01T07:39:02Z.
...
