000 (461872.000.000) 11/01 07:55:35 Job submitted from host: <188.185.121.235:9618?addrs=188.185.121.235-9618+[2001-1458-d00-49--100-36e]-9618&alias=bigbird22.cern.ch&noUDP&sock=schedd_1778_237a>
...
040 (461872.000.000) 11/01 08:03:01 Started transferring input files
	Transferring to host: <128.142.60.38:9618?addrs=128.142.60.38-9618&alias=b7s05p1195.cern.ch&noUDP&sock=slot1_25_8020_90bf_4067>
...
040 (461872.000.000) 11/01 08:03:01 Finished transferring input files
...
001 (461872.000.000) 11/01 08:03:01 Job executing on host: <128.142.60.38:9618?addrs=128.142.60.38-9618&alias=b7s05p1195.cern.ch&noUDP&sock=startd_6407_3f60>
...
006 (461872.000.000) 11/01 08:03:10 Image size of job updated: 8584
	9  -  MemoryUsage of job (MB)
	8584  -  ResidentSetSize of job (KB)
...
006 (461872.000.000) 11/01 08:08:11 Image size of job updated: 791832
	67  -  MemoryUsage of job (MB)
	67764  -  ResidentSetSize of job (KB)
...
040 (461872.000.000) 11/01 08:08:42 Started transferring output files
...
040 (461872.000.000) 11/01 08:08:42 Finished transferring output files
...
005 (461872.000.000) 11/01 08:08:42 Job terminated.
	(1) Normal termination (return value 0)
		Usr 0 00:00:14, Sys 0 00:00:03  -  Run Remote Usage
		Usr 0 00:00:00, Sys 0 00:00:00  -  Run Local Usage
		Usr 0 00:00:14, Sys 0 00:00:03  -  Total Remote Usage
		Usr 0 00:00:00, Sys 0 00:00:00  -  Total Local Usage
	84081  -  Run Bytes Sent By Job
	43945  -  Run Bytes Received By Job
	84081  -  Total Bytes Sent By Job
	43945  -  Total Bytes Received By Job
	Partitionable Resources :     Usage  Request Allocated 
	   Cpus                 :      0.01        1         1 
	   Disk (KB)            : 465890          45   1347243 
	   Memory (MB)          :     67        2000      2000 

	Job terminated of its own accord at 2021-11-01T07:08:42Z.
...
