000 (461930.000.000) 11/01 07:56:33 Job submitted from host: <188.185.121.235:9618?addrs=188.185.121.235-9618+[2001-1458-d00-49--100-36e]-9618&alias=bigbird22.cern.ch&noUDP&sock=schedd_1778_237a>
...
040 (461930.000.000) 11/01 08:03:23 Started transferring input files
	Transferring to host: <128.142.137.25:9618?addrs=128.142.137.25-9618+[2001-1458-301-5e--100-d]-9618&alias=b7g19p7881.cern.ch&noUDP&sock=slot1_16_32362_b4dd_10345>
...
040 (461930.000.000) 11/01 08:03:23 Finished transferring input files
...
001 (461930.000.000) 11/01 08:03:23 Job executing on host: <128.142.137.25:9618?addrs=128.142.137.25-9618+[2001-1458-301-5e--100-d]-9618&alias=b7g19p7881.cern.ch&noUDP&sock=startd_43096_d993>
...
006 (461930.000.000) 11/01 08:03:31 Image size of job updated: 5588
	6  -  MemoryUsage of job (MB)
	5588  -  ResidentSetSize of job (KB)
...
006 (461930.000.000) 11/01 08:08:31 Image size of job updated: 791836
	63  -  MemoryUsage of job (MB)
	64180  -  ResidentSetSize of job (KB)
...
006 (461930.000.000) 11/01 08:13:32 Image size of job updated: 791836
	67  -  MemoryUsage of job (MB)
	67760  -  ResidentSetSize of job (KB)
...
040 (461930.000.000) 11/01 09:33:13 Started transferring output files
...
040 (461930.000.000) 11/01 09:33:13 Finished transferring output files
...
005 (461930.000.000) 11/01 09:33:14 Job terminated.
	(1) Normal termination (return value 0)
		Usr 0 00:03:13, Sys 0 00:00:43  -  Run Remote Usage
		Usr 0 00:00:00, Sys 0 00:00:00  -  Run Local Usage
		Usr 0 00:03:13, Sys 0 00:00:43  -  Total Remote Usage
		Usr 0 00:00:00, Sys 0 00:00:00  -  Total Local Usage
	126986  -  Run Bytes Sent By Job
	43945  -  Run Bytes Received By Job
	126986  -  Total Bytes Sent By Job
	43945  -  Total Bytes Received By Job
	Partitionable Resources :      Usage  Request Allocated 
	   Cpus                 :       1.00        1         1 
	   Disk (KB)            : 3085706          45   1591306 
	   Memory (MB)          :      67        2000      2000 

	Job terminated of its own accord at 2021-11-01T08:33:12Z.
...
