000 (461823.000.000) 11/01 07:54:51 Job submitted from host: <188.185.121.235:9618?addrs=188.185.121.235-9618+[2001-1458-d00-49--100-36e]-9618&alias=bigbird22.cern.ch&noUDP&sock=schedd_1778_237a>
...
040 (461823.000.000) 11/01 08:02:44 Started transferring input files
	Transferring to host: <188.184.162.228:9618?addrs=188.184.162.228-9618+[2001-1458-301-4a--100-de]-9618&alias=b7s11p8794.cern.ch&noUDP&sock=slot1_35_209175_75d3_35867>
...
040 (461823.000.000) 11/01 08:02:44 Finished transferring input files
...
001 (461823.000.000) 11/01 08:02:44 Job executing on host: <188.184.162.228:9618?addrs=188.184.162.228-9618+[2001-1458-301-4a--100-de]-9618&alias=b7s11p8794.cern.ch&noUDP&sock=startd_203687_eb24>
...
006 (461823.000.000) 11/01 08:02:52 Image size of job updated: 625832
	20  -  MemoryUsage of job (MB)
	20084  -  ResidentSetSize of job (KB)
...
006 (461823.000.000) 11/01 08:07:52 Image size of job updated: 791840
	67  -  MemoryUsage of job (MB)
	67772  -  ResidentSetSize of job (KB)
...
040 (461823.000.000) 11/01 08:08:59 Started transferring output files
...
040 (461823.000.000) 11/01 08:08:59 Finished transferring output files
...
005 (461823.000.000) 11/01 08:08:59 Job terminated.
	(1) Normal termination (return value 0)
		Usr 0 00:00:26, Sys 0 00:00:04  -  Run Remote Usage
		Usr 0 00:00:00, Sys 0 00:00:00  -  Run Local Usage
		Usr 0 00:00:26, Sys 0 00:00:04  -  Total Remote Usage
		Usr 0 00:00:00, Sys 0 00:00:00  -  Total Local Usage
	84120  -  Run Bytes Sent By Job
	43945  -  Run Bytes Received By Job
	84120  -  Total Bytes Sent By Job
	43945  -  Total Bytes Received By Job
	Partitionable Resources :    Usage  Request Allocated 
	   Cpus                 :                 1         1 
	   Disk (KB)            :   466172       45   2993244 
	   Memory (MB)          :       67     2000      2000 

	Job terminated of its own accord at 2021-11-01T07:08:59Z.
...
