000 (461899.000.000) 11/01 07:56:10 Job submitted from host: <188.185.121.235:9618?addrs=188.185.121.235-9618+[2001-1458-d00-49--100-36e]-9618&alias=bigbird22.cern.ch&noUDP&sock=schedd_1778_237a>
...
040 (461899.000.000) 11/01 08:03:10 Started transferring input files
	Transferring to host: <128.142.61.72:9618?addrs=128.142.61.72-9618+[2001-1458-301-23--100-47]-9618&alias=b7s06p1110.cern.ch&noUDP&sock=slot1_25_3617_40ec_31885>
...
040 (461899.000.000) 11/01 08:03:10 Finished transferring input files
...
001 (461899.000.000) 11/01 08:03:10 Job executing on host: <128.142.61.72:9618?addrs=128.142.61.72-9618+[2001-1458-301-23--100-47]-9618&alias=b7s06p1110.cern.ch&noUDP&sock=startd_2764_73dc>
...
006 (461899.000.000) 11/01 08:03:18 Image size of job updated: 4252
	5  -  MemoryUsage of job (MB)
	4252  -  ResidentSetSize of job (KB)
...
006 (461899.000.000) 11/01 08:08:18 Image size of job updated: 791836
	41  -  MemoryUsage of job (MB)
	41128  -  ResidentSetSize of job (KB)
...
006 (461899.000.000) 11/01 08:13:19 Image size of job updated: 791836
	67  -  MemoryUsage of job (MB)
	67760  -  ResidentSetSize of job (KB)
...
006 (461899.000.000) 11/01 10:08:32 Image size of job updated: 791836
	133  -  MemoryUsage of job (MB)
	135800  -  ResidentSetSize of job (KB)
...
040 (461899.000.000) 11/01 10:08:59 Started transferring output files
...
040 (461899.000.000) 11/01 10:08:59 Finished transferring output files
...
005 (461899.000.000) 11/01 10:08:59 Job terminated.
	(1) Normal termination (return value 0)
		Usr 0 00:01:54, Sys 0 00:00:22  -  Run Remote Usage
		Usr 0 00:00:00, Sys 0 00:00:00  -  Run Local Usage
		Usr 0 00:01:54, Sys 0 00:00:22  -  Total Remote Usage
		Usr 0 00:00:00, Sys 0 00:00:00  -  Total Local Usage
	126981  -  Run Bytes Sent By Job
	43945  -  Run Bytes Received By Job
	126981  -  Total Bytes Sent By Job
	43945  -  Total Bytes Received By Job
	Partitionable Resources :      Usage  Request Allocated 
	   Cpus                 :       0.01        1         1 
	   Disk (KB)            : 3086560          45   1286329 
	   Memory (MB)          :     133        2000      2000 

	Job terminated of its own accord at 2021-11-01T09:08:59Z.
...
