000 (461795.000.000) 11/01 07:54:09 Job submitted from host: <188.185.121.235:9618?addrs=188.185.121.235-9618+[2001-1458-d00-49--100-36e]-9618&alias=bigbird22.cern.ch&noUDP&sock=schedd_1778_237a>
...
040 (461795.000.000) 11/01 08:02:31 Started transferring input files
	Transferring to host: <128.142.60.57:9618?addrs=128.142.60.57-9618+[2001-1458-301-22--100-38]-9618&alias=b7s05p1206.cern.ch&noUDP&sock=slot1_45_3685_2a6f_32705>
...
040 (461795.000.000) 11/01 08:02:31 Finished transferring input files
...
001 (461795.000.000) 11/01 08:02:31 Job executing on host: <128.142.60.57:9618?addrs=128.142.60.57-9618+[2001-1458-301-22--100-38]-9618&alias=b7s05p1206.cern.ch&noUDP&sock=startd_3576_6ac2>
...
006 (461795.000.000) 11/01 08:02:39 Image size of job updated: 625828
	27  -  MemoryUsage of job (MB)
	26712  -  ResidentSetSize of job (KB)
...
006 (461795.000.000) 11/01 08:07:18 Image size of job updated: 791816
	27  -  MemoryUsage of job (MB)
	26712  -  ResidentSetSize of job (KB)
...
040 (461795.000.000) 11/01 08:07:18 Started transferring output files
...
040 (461795.000.000) 11/01 08:07:18 Finished transferring output files
...
005 (461795.000.000) 11/01 08:07:18 Job terminated.
	(1) Normal termination (return value 0)
		Usr 0 00:00:15, Sys 0 00:00:03  -  Run Remote Usage
		Usr 0 00:00:00, Sys 0 00:00:00  -  Run Local Usage
		Usr 0 00:00:15, Sys 0 00:00:03  -  Total Remote Usage
		Usr 0 00:00:00, Sys 0 00:00:00  -  Total Local Usage
	83968  -  Run Bytes Sent By Job
	43945  -  Run Bytes Received By Job
	83968  -  Total Bytes Sent By Job
	43945  -  Total Bytes Received By Job
	Partitionable Resources :    Usage  Request Allocated 
	   Cpus                 :                 1         1 
	   Disk (KB)            :   466077       45   1264308 
	   Memory (MB)          :       27     2000      2000 

	Job terminated of its own accord at 2021-11-01T07:07:18Z.
...
