000 (462088.000.000) 11/01 07:59:15 Job submitted from host: <188.185.121.235:9618?addrs=188.185.121.235-9618+[2001-1458-d00-49--100-36e]-9618&alias=bigbird22.cern.ch&noUDP&sock=schedd_1778_237a>
...
040 (462088.000.000) 11/01 08:04:31 Started transferring input files
	Transferring to host: <128.142.140.160:9618?addrs=128.142.140.160-9618+[2001-1458-301-61--100-94]-9618&alias=b7g15p8840.cern.ch&noUDP&sock=slot1_30_32576_7d26_11908>
...
040 (462088.000.000) 11/01 08:04:31 Finished transferring input files
...
001 (462088.000.000) 11/01 08:04:31 Job executing on host: <128.142.140.160:9618?addrs=128.142.140.160-9618+[2001-1458-301-61--100-94]-9618&alias=b7g15p8840.cern.ch&noUDP&sock=startd_3534_9bc8>
...
006 (462088.000.000) 11/01 08:04:39 Image size of job updated: 4124
	5  -  MemoryUsage of job (MB)
	4124  -  ResidentSetSize of job (KB)
...
006 (462088.000.000) 11/01 08:09:39 Image size of job updated: 791836
	59  -  MemoryUsage of job (MB)
	60336  -  ResidentSetSize of job (KB)
...
006 (462088.000.000) 11/01 08:14:40 Image size of job updated: 791836
	67  -  MemoryUsage of job (MB)
	67756  -  ResidentSetSize of job (KB)
...
040 (462088.000.000) 11/01 08:37:47 Started transferring output files
...
040 (462088.000.000) 11/01 08:37:47 Finished transferring output files
...
005 (462088.000.000) 11/01 08:37:48 Job terminated.
	(1) Normal termination (return value 0)
		Usr 0 00:02:13, Sys 0 00:00:24  -  Run Remote Usage
		Usr 0 00:00:00, Sys 0 00:00:00  -  Run Local Usage
		Usr 0 00:02:13, Sys 0 00:00:24  -  Total Remote Usage
		Usr 0 00:00:00, Sys 0 00:00:00  -  Total Local Usage
	116800  -  Run Bytes Sent By Job
	43945  -  Run Bytes Received By Job
	116800  -  Total Bytes Sent By Job
	43945  -  Total Bytes Received By Job
	Partitionable Resources :      Usage  Request Allocated 
	   Cpus                 :       0.01        1         1 
	   Disk (KB)            : 2368197          45   1366454 
	   Memory (MB)          :      67        2000      2000 

	Job terminated of its own accord at 2021-11-01T07:37:47Z.
...
