000 (462082.000.000) 11/01 07:59:07 Job submitted from host: <188.185.121.235:9618?addrs=188.185.121.235-9618+[2001-1458-d00-49--100-36e]-9618&alias=bigbird22.cern.ch&noUDP&sock=schedd_1778_237a>
...
040 (462082.000.000) 11/01 08:04:29 Started transferring input files
	Transferring to host: <188.184.164.133:9618?addrs=188.184.164.133-9618+[2001-1458-301-4e--100-7f]-9618&alias=b7s13p9371.cern.ch&noUDP&sock=slot1_27_198233_d4d6_12266>
...
040 (462082.000.000) 11/01 08:04:29 Finished transferring input files
...
001 (462082.000.000) 11/01 08:04:29 Job executing on host: <188.184.164.133:9618?addrs=188.184.164.133-9618+[2001-1458-301-4e--100-7f]-9618&alias=b7s13p9371.cern.ch&noUDP&sock=startd_198182_f247>
...
006 (462082.000.000) 11/01 08:04:37 Image size of job updated: 30712
	30  -  MemoryUsage of job (MB)
	30712  -  ResidentSetSize of job (KB)
...
006 (462082.000.000) 11/01 08:09:37 Image size of job updated: 791824
	67  -  MemoryUsage of job (MB)
	67768  -  ResidentSetSize of job (KB)
...
040 (462082.000.000) 11/01 08:27:59 Started transferring output files
...
040 (462082.000.000) 11/01 08:27:59 Finished transferring output files
...
005 (462082.000.000) 11/01 08:28:00 Job terminated.
	(1) Normal termination (return value 0)
		Usr 0 00:01:58, Sys 0 00:00:20  -  Run Remote Usage
		Usr 0 00:00:00, Sys 0 00:00:00  -  Run Local Usage
		Usr 0 00:01:58, Sys 0 00:00:20  -  Total Remote Usage
		Usr 0 00:00:00, Sys 0 00:00:00  -  Total Local Usage
	116750  -  Run Bytes Sent By Job
	43945  -  Run Bytes Received By Job
	116750  -  Total Bytes Sent By Job
	43945  -  Total Bytes Received By Job
	Partitionable Resources :      Usage  Request Allocated 
	   Cpus                 :       0.01        1         1 
	   Disk (KB)            : 2368221          45   3085056 
	   Memory (MB)          :      67        2000      2000 

	Job terminated of its own accord at 2021-11-01T07:27:59Z.
...
