000 (462098.000.000) 11/01 07:59:24 Job submitted from host: <188.185.121.235:9618?addrs=188.185.121.235-9618+[2001-1458-d00-49--100-36e]-9618&alias=bigbird22.cern.ch&noUDP&sock=schedd_1778_237a>
...
040 (462098.000.000) 11/01 08:04:35 Started transferring input files
	Transferring to host: <128.142.34.9:9618?addrs=128.142.34.9-9618+[2001-1458-301-3f--100-6]-9618&alias=b7g04p4106.cern.ch&noUDP&sock=slot1_31_3621_126c_64102>
...
040 (462098.000.000) 11/01 08:04:35 Finished transferring input files
...
001 (462098.000.000) 11/01 08:04:35 Job executing on host: <128.142.34.9:9618?addrs=128.142.34.9-9618+[2001-1458-301-3f--100-6]-9618&alias=b7g04p4106.cern.ch&noUDP&sock=startd_3081_e361>
...
006 (462098.000.000) 11/01 08:04:44 Image size of job updated: 5340
	6  -  MemoryUsage of job (MB)
	5340  -  ResidentSetSize of job (KB)
...
006 (462098.000.000) 11/01 08:09:45 Image size of job updated: 791836
	50  -  MemoryUsage of job (MB)
	50760  -  ResidentSetSize of job (KB)
...
006 (462098.000.000) 11/01 08:14:46 Image size of job updated: 791836
	67  -  MemoryUsage of job (MB)
	67760  -  ResidentSetSize of job (KB)
...
040 (462098.000.000) 11/01 08:52:28 Started transferring output files
...
040 (462098.000.000) 11/01 08:52:28 Finished transferring output files
...
005 (462098.000.000) 11/01 08:52:28 Job terminated.
	(1) Normal termination (return value 0)
		Usr 0 00:01:17, Sys 0 00:00:14  -  Run Remote Usage
		Usr 0 00:00:00, Sys 0 00:00:00  -  Run Local Usage
		Usr 0 00:01:17, Sys 0 00:00:14  -  Total Remote Usage
		Usr 0 00:00:00, Sys 0 00:00:00  -  Total Local Usage
	116870  -  Run Bytes Sent By Job
	43945  -  Run Bytes Received By Job
	116870  -  Total Bytes Sent By Job
	43945  -  Total Bytes Received By Job
	Partitionable Resources :      Usage  Request Allocated 
	   Cpus                 :       0.01        1         1 
	   Disk (KB)            : 2367970          45   1225433 
	   Memory (MB)          :      67        2000      2000 

	Job terminated of its own accord at 2021-11-01T07:52:28Z.
...
