000 (462084.000.000) 11/01 07:59:09 Job submitted from host: <188.185.121.235:9618?addrs=188.185.121.235-9618+[2001-1458-d00-49--100-36e]-9618&alias=bigbird22.cern.ch&noUDP&sock=schedd_1778_237a>
...
040 (462084.000.000) 11/01 08:04:29 Started transferring input files
	Transferring to host: <128.142.137.25:9618?addrs=128.142.137.25-9618+[2001-1458-301-5e--100-d]-9618&alias=b7g19p7881.cern.ch&noUDP&sock=slot1_17_32362_b4dd_10346>
...
040 (462084.000.000) 11/01 08:04:29 Finished transferring input files
...
001 (462084.000.000) 11/01 08:04:29 Job executing on host: <128.142.137.25:9618?addrs=128.142.137.25-9618+[2001-1458-301-5e--100-d]-9618&alias=b7g19p7881.cern.ch&noUDP&sock=startd_43096_d993>
...
006 (462084.000.000) 11/01 08:04:37 Image size of job updated: 625832
	5  -  MemoryUsage of job (MB)
	4896  -  ResidentSetSize of job (KB)
...
006 (462084.000.000) 11/01 08:09:37 Image size of job updated: 791836
	67  -  MemoryUsage of job (MB)
	67764  -  ResidentSetSize of job (KB)
...
040 (462084.000.000) 11/01 08:27:55 Started transferring output files
...
040 (462084.000.000) 11/01 08:27:55 Finished transferring output files
...
005 (462084.000.000) 11/01 08:27:55 Job terminated.
	(1) Normal termination (return value 0)
		Usr 0 00:02:03, Sys 0 00:00:25  -  Run Remote Usage
		Usr 0 00:00:00, Sys 0 00:00:00  -  Run Local Usage
		Usr 0 00:02:03, Sys 0 00:00:25  -  Total Remote Usage
		Usr 0 00:00:00, Sys 0 00:00:00  -  Total Local Usage
	116837  -  Run Bytes Sent By Job
	43945  -  Run Bytes Received By Job
	116837  -  Total Bytes Sent By Job
	43945  -  Total Bytes Received By Job
	Partitionable Resources :      Usage  Request Allocated 
	   Cpus                 :       0.02        1         1 
	   Disk (KB)            : 2368161          45   1591074 
	   Memory (MB)          :      67        2000      2000 

	Job terminated of its own accord at 2021-11-01T07:27:55Z.
...
