000 (461817.000.000) 11/01 07:54:38 Job submitted from host: <188.185.121.235:9618?addrs=188.185.121.235-9618+[2001-1458-d00-49--100-36e]-9618&alias=bigbird22.cern.ch&noUDP&sock=schedd_1778_237a>
...
040 (461817.000.000) 11/01 08:02:41 Started transferring input files
	Transferring to host: <188.184.163.198:9618?addrs=188.184.163.198-9618+[2001-1458-301-4d--100-c0]-9618&alias=b7s12p7446.cern.ch&noUDP&sock=slot1_27_249611_47bf_35124>
...
040 (461817.000.000) 11/01 08:02:41 Finished transferring input files
...
001 (461817.000.000) 11/01 08:02:41 Job executing on host: <188.184.163.198:9618?addrs=188.184.163.198-9618+[2001-1458-301-4d--100-c0]-9618&alias=b7s12p7446.cern.ch&noUDP&sock=startd_244230_0b56>
...
006 (461817.000.000) 11/01 08:02:49 Image size of job updated: 3868
	4  -  MemoryUsage of job (MB)
	3868  -  ResidentSetSize of job (KB)
...
006 (461817.000.000) 11/01 08:07:49 Image size of job updated: 791836
	35  -  MemoryUsage of job (MB)
	35792  -  ResidentSetSize of job (KB)
...
006 (461817.000.000) 11/01 08:12:50 Image size of job updated: 791836
	65  -  MemoryUsage of job (MB)
	65976  -  ResidentSetSize of job (KB)
...
006 (461817.000.000) 11/01 08:17:50 Image size of job updated: 791836
	67  -  MemoryUsage of job (MB)
	67764  -  ResidentSetSize of job (KB)
...
040 (461817.000.000) 11/01 08:42:35 Started transferring output files
...
040 (461817.000.000) 11/01 08:42:35 Finished transferring output files
...
005 (461817.000.000) 11/01 08:42:35 Job terminated.
	(1) Normal termination (return value 0)
		Usr 0 00:00:26, Sys 0 00:00:03  -  Run Remote Usage
		Usr 0 00:00:00, Sys 0 00:00:00  -  Run Local Usage
		Usr 0 00:00:26, Sys 0 00:00:03  -  Total Remote Usage
		Usr 0 00:00:00, Sys 0 00:00:00  -  Total Local Usage
	84105  -  Run Bytes Sent By Job
	43945  -  Run Bytes Received By Job
	84105  -  Total Bytes Sent By Job
	43945  -  Total Bytes Received By Job
	Partitionable Resources :     Usage  Request Allocated 
	   Cpus                 :      0.00        1         1 
	   Disk (KB)            : 466171          45   3029073 
	   Memory (MB)          :     67        2000      2000 

	Job terminated of its own accord at 2021-11-01T07:42:35Z.
...
