000 (462055.000.000) 11/01 07:58:34 Job submitted from host: <188.185.121.235:9618?addrs=188.185.121.235-9618+[2001-1458-d00-49--100-36e]-9618&alias=bigbird22.cern.ch&noUDP&sock=schedd_1778_237a>
...
040 (462055.000.000) 11/01 08:04:18 Started transferring input files
	Transferring to host: <188.184.164.73:9618?addrs=188.184.164.73-9618+[2001-1458-301-4e--100-43]-9618&alias=b7s13p2748.cern.ch&noUDP&sock=slot1_32_145267_7e2c_9819>
...
040 (462055.000.000) 11/01 08:04:18 Finished transferring input files
...
001 (462055.000.000) 11/01 08:04:18 Job executing on host: <188.184.164.73:9618?addrs=188.184.164.73-9618+[2001-1458-301-4e--100-43]-9618&alias=b7s13p2748.cern.ch&noUDP&sock=startd_145225_d963>
...
006 (462055.000.000) 11/01 08:04:26 Image size of job updated: 625828
	14  -  MemoryUsage of job (MB)
	14024  -  ResidentSetSize of job (KB)
...
006 (462055.000.000) 11/01 08:09:26 Image size of job updated: 791836
	67  -  MemoryUsage of job (MB)
	67768  -  ResidentSetSize of job (KB)
...
040 (462055.000.000) 11/01 09:01:50 Started transferring output files
...
040 (462055.000.000) 11/01 09:01:50 Finished transferring output files
...
005 (462055.000.000) 11/01 09:01:51 Job terminated.
	(1) Normal termination (return value 0)
		Usr 0 00:02:08, Sys 0 00:00:22  -  Run Remote Usage
		Usr 0 00:00:00, Sys 0 00:00:00  -  Run Local Usage
		Usr 0 00:02:08, Sys 0 00:00:22  -  Total Remote Usage
		Usr 0 00:00:00, Sys 0 00:00:00  -  Total Local Usage
	116794  -  Run Bytes Sent By Job
	43945  -  Run Bytes Received By Job
	116794  -  Total Bytes Sent By Job
	43945  -  Total Bytes Received By Job
	Partitionable Resources :      Usage  Request Allocated 
	   Cpus                 :       0.01        1         1 
	   Disk (KB)            : 2368125          45   3071805 
	   Memory (MB)          :      67        2000      2000 

	Job terminated of its own accord at 2021-11-01T08:01:50Z.
...
