
Processing ResponseMatrices_JES.C("TTToSemiLeptonic_TuneCP5_13TeV-powheg-pythia8_boostedShiftedSrc7Down.root","TTToSemiLeptonic","boostedShiftedSrc7Down","2016_preVFP",1000)...
YEAR: 2016_preVFP
file_name: TTToSemiLeptonic_TuneCP5_13TeV-powheg-pythia8_boostedShiftedSrc7Down.root
ttbar_process: TTToSemiLeptonic
XSEC: 365.34
Entries: 2556774
10 %
20 %
30 %
40 %
50 %
60 %
70 %
80 %
90 %
--------
parton 0
-------
particle 0
--------
parton 1
-------
particle 1
--------
parton 2
-------
particle 2
--------
parton 3
-------
particle 3
--------
parton 4
-------
particle 4
--------
parton 5
-------
particle 5
--------
parton 6
-------
particle 6
--------
parton 7
-------
particle 7
--------
parton 8
-------
particle 8
--------
parton 9
-------
particle 9
