000 (461947.000.000) 11/01 07:56:50 Job submitted from host: <188.185.121.235:9618?addrs=188.185.121.235-9618+[2001-1458-d00-49--100-36e]-9618&alias=bigbird22.cern.ch&noUDP&sock=schedd_1778_237a>
...
040 (461947.000.000) 11/01 08:03:31 Started transferring input files
	Transferring to host: <188.184.165.32:9618?addrs=188.184.165.32-9618+[2001-1458-301-51--100-1b]-9618&alias=b7s14p1250.cern.ch&noUDP&sock=slot1_39_210699_4191_11351>
...
040 (461947.000.000) 11/01 08:03:31 Finished transferring input files
...
001 (461947.000.000) 11/01 08:03:31 Job executing on host: <188.184.165.32:9618?addrs=188.184.165.32-9618+[2001-1458-301-51--100-1b]-9618&alias=b7s14p1250.cern.ch&noUDP&sock=startd_79430_f3a7>
...
006 (461947.000.000) 11/01 08:03:39 Image size of job updated: 24036
	24  -  MemoryUsage of job (MB)
	24036  -  ResidentSetSize of job (KB)
...
006 (461947.000.000) 11/01 08:08:39 Image size of job updated: 791832
	67  -  MemoryUsage of job (MB)
	67764  -  ResidentSetSize of job (KB)
...
006 (461947.000.000) 11/01 08:38:43 Image size of job updated: 791832
	121  -  MemoryUsage of job (MB)
	123224  -  ResidentSetSize of job (KB)
...
040 (461947.000.000) 11/01 08:39:40 Started transferring output files
...
040 (461947.000.000) 11/01 08:39:40 Finished transferring output files
...
005 (461947.000.000) 11/01 08:39:40 Job terminated.
	(1) Normal termination (return value 0)
		Usr 0 00:03:01, Sys 0 00:00:34  -  Run Remote Usage
		Usr 0 00:00:00, Sys 0 00:00:00  -  Run Local Usage
		Usr 0 00:03:01, Sys 0 00:00:34  -  Total Remote Usage
		Usr 0 00:00:00, Sys 0 00:00:00  -  Total Local Usage
	127003  -  Run Bytes Sent By Job
	43945  -  Run Bytes Received By Job
	127003  -  Total Bytes Sent By Job
	43945  -  Total Bytes Received By Job
	Partitionable Resources :      Usage  Request Allocated 
	   Cpus                 :       0.02        1         1 
	   Disk (KB)            : 3085815          45   3052923 
	   Memory (MB)          :     121        2000      2000 

	Job terminated of its own accord at 2021-11-01T07:39:39Z.
...
