000 (462009.000.000) 11/01 07:57:47 Job submitted from host: <188.185.121.235:9618?addrs=188.185.121.235-9618+[2001-1458-d00-49--100-36e]-9618&alias=bigbird22.cern.ch&noUDP&sock=schedd_1778_237a>
...
040 (462009.000.000) 11/01 08:03:55 Started transferring input files
	Transferring to host: <188.184.160.20:9618?addrs=188.184.160.20-9618+[2001-1458-301-48--100-e]-9618&alias=b7s09p4147.cern.ch&noUDP&sock=slot1_50_3716_0210_8098>
...
040 (462009.000.000) 11/01 08:03:55 Finished transferring input files
...
001 (462009.000.000) 11/01 08:03:55 Job executing on host: <188.184.160.20:9618?addrs=188.184.160.20-9618+[2001-1458-301-48--100-e]-9618&alias=b7s09p4147.cern.ch&noUDP&sock=startd_3167_e086>
...
006 (462009.000.000) 11/01 08:04:04 Image size of job updated: 3952
	4  -  MemoryUsage of job (MB)
	3952  -  ResidentSetSize of job (KB)
...
006 (462009.000.000) 11/01 08:09:05 Image size of job updated: 791840
	41  -  MemoryUsage of job (MB)
	41572  -  ResidentSetSize of job (KB)
...
006 (462009.000.000) 11/01 08:14:06 Image size of job updated: 791840
	55  -  MemoryUsage of job (MB)
	55360  -  ResidentSetSize of job (KB)
...
006 (462009.000.000) 11/01 08:19:06 Image size of job updated: 791840
	67  -  MemoryUsage of job (MB)
	67768  -  ResidentSetSize of job (KB)
...
006 (462009.000.000) 11/01 10:09:18 Image size of job updated: 791840
	133  -  MemoryUsage of job (MB)
	135948  -  ResidentSetSize of job (KB)
...
040 (462009.000.000) 11/01 10:11:15 Started transferring output files
...
040 (462009.000.000) 11/01 10:11:15 Finished transferring output files
...
005 (462009.000.000) 11/01 10:11:15 Job terminated.
	(1) Normal termination (return value 0)
		Usr 0 00:03:04, Sys 0 00:00:29  -  Run Remote Usage
		Usr 0 00:00:00, Sys 0 00:00:00  -  Run Local Usage
		Usr 0 00:03:04, Sys 0 00:00:29  -  Total Remote Usage
		Usr 0 00:00:00, Sys 0 00:00:00  -  Total Local Usage
	126780  -  Run Bytes Sent By Job
	43945  -  Run Bytes Received By Job
	126780  -  Total Bytes Sent By Job
	43945  -  Total Bytes Received By Job
	Partitionable Resources :      Usage  Request Allocated 
	   Cpus                 :       0.01        1         1 
	   Disk (KB)            : 3080645          45   1396603 
	   Memory (MB)          :     133        2000      2000 

	Job terminated of its own accord at 2021-11-01T09:11:15Z.
...
