000 (461859.000.000) 11/01 07:55:23 Job submitted from host: <188.185.121.235:9618?addrs=188.185.121.235-9618+[2001-1458-d00-49--100-36e]-9618&alias=bigbird22.cern.ch&noUDP&sock=schedd_1778_237a>
...
040 (461859.000.000) 11/01 08:02:57 Started transferring input files
	Transferring to host: <128.142.132.114:9618?addrs=128.142.132.114-9618+[2001-1458-301-5a--100-66]-9618&alias=b7g12p9977.cern.ch&noUDP&sock=slot1_26_21056_9b51_34512>
...
040 (461859.000.000) 11/01 08:02:57 Finished transferring input files
...
001 (461859.000.000) 11/01 08:02:57 Job executing on host: <128.142.132.114:9618?addrs=128.142.132.114-9618+[2001-1458-301-5a--100-66]-9618&alias=b7g12p9977.cern.ch&noUDP&sock=startd_2672_5925>
...
006 (461859.000.000) 11/01 08:03:05 Image size of job updated: 625828
	12  -  MemoryUsage of job (MB)
	11392  -  ResidentSetSize of job (KB)
...
006 (461859.000.000) 11/01 08:08:05 Image size of job updated: 791836
	67  -  MemoryUsage of job (MB)
	67760  -  ResidentSetSize of job (KB)
...
040 (461859.000.000) 11/01 08:16:53 Started transferring output files
...
040 (461859.000.000) 11/01 08:16:53 Finished transferring output files
...
005 (461859.000.000) 11/01 08:16:53 Job terminated.
	(1) Normal termination (return value 0)
		Usr 0 00:00:25, Sys 0 00:00:05  -  Run Remote Usage
		Usr 0 00:00:00, Sys 0 00:00:00  -  Run Local Usage
		Usr 0 00:00:25, Sys 0 00:00:05  -  Total Remote Usage
		Usr 0 00:00:00, Sys 0 00:00:00  -  Total Local Usage
	84108  -  Run Bytes Sent By Job
	43945  -  Run Bytes Received By Job
	84108  -  Total Bytes Sent By Job
	43945  -  Total Bytes Received By Job
	Partitionable Resources :     Usage  Request Allocated 
	   Cpus                 :      0.01        1         1 
	   Disk (KB)            : 465815          45   1694494 
	   Memory (MB)          :     67        2000      2000 

	Job terminated of its own accord at 2021-11-01T07:16:53Z.
...
