000 (461917.000.000) 11/01 07:56:24 Job submitted from host: <188.185.121.235:9618?addrs=188.185.121.235-9618+[2001-1458-d00-49--100-36e]-9618&alias=bigbird22.cern.ch&noUDP&sock=schedd_1778_237a>
...
040 (461917.000.000) 11/01 08:03:17 Started transferring input files
	Transferring to host: <128.142.59.84:9618?addrs=128.142.59.84-9618+[2001-1458-301-21--100-53]-9618&alias=b7s04p3868.cern.ch&noUDP&sock=slot1_39_3627_4cad_27942>
...
040 (461917.000.000) 11/01 08:03:17 Finished transferring input files
...
001 (461917.000.000) 11/01 08:03:17 Job executing on host: <128.142.59.84:9618?addrs=128.142.59.84-9618+[2001-1458-301-21--100-53]-9618&alias=b7s04p3868.cern.ch&noUDP&sock=startd_3561_20d7>
...
006 (461917.000.000) 11/01 08:03:25 Image size of job updated: 625828
	41  -  MemoryUsage of job (MB)
	41816  -  ResidentSetSize of job (KB)
...
006 (461917.000.000) 11/01 08:08:25 Image size of job updated: 791820
	67  -  MemoryUsage of job (MB)
	67752  -  ResidentSetSize of job (KB)
...
040 (461917.000.000) 11/01 08:28:27 Started transferring output files
...
040 (461917.000.000) 11/01 08:28:27 Finished transferring output files
...
005 (461917.000.000) 11/01 08:28:27 Job terminated.
	(1) Normal termination (return value 0)
		Usr 0 00:01:55, Sys 0 00:00:29  -  Run Remote Usage
		Usr 0 00:00:00, Sys 0 00:00:00  -  Run Local Usage
		Usr 0 00:01:55, Sys 0 00:00:29  -  Total Remote Usage
		Usr 0 00:00:00, Sys 0 00:00:00  -  Total Local Usage
	126983  -  Run Bytes Sent By Job
	43945  -  Run Bytes Received By Job
	126983  -  Total Bytes Sent By Job
	43945  -  Total Bytes Received By Job
	Partitionable Resources :      Usage  Request Allocated 
	   Cpus                 :       0.03        1         1 
	   Disk (KB)            : 3086856          45   1286530 
	   Memory (MB)          :      67        2000      2000 

	Job terminated of its own accord at 2021-11-01T07:28:27Z.
...
