000 (461792.000.000) 11/01 07:54:08 Job submitted from host: <188.185.121.235:9618?addrs=188.185.121.235-9618+[2001-1458-d00-49--100-36e]-9618&alias=bigbird22.cern.ch&noUDP&sock=schedd_1778_237a>
...
040 (461792.000.000) 11/01 08:02:29 Started transferring input files
	Transferring to host: <128.142.128.150:9618?addrs=128.142.128.150-9618+[2001-1458-301-10--100-95]-9618&alias=b7g25p7881.cern.ch&noUDP&sock=slot1_34_10441_6102_25487>
...
040 (461792.000.000) 11/01 08:02:29 Finished transferring input files
...
001 (461792.000.000) 11/01 08:02:29 Job executing on host: <128.142.128.150:9618?addrs=128.142.128.150-9618+[2001-1458-301-10--100-95]-9618&alias=b7g25p7881.cern.ch&noUDP&sock=startd_7768_c7c5>
...
006 (461792.000.000) 11/01 08:02:37 Image size of job updated: 625828
	29  -  MemoryUsage of job (MB)
	28844  -  ResidentSetSize of job (KB)
...
006 (461792.000.000) 11/01 08:06:42 Image size of job updated: 791816
	29  -  MemoryUsage of job (MB)
	28872  -  ResidentSetSize of job (KB)
...
040 (461792.000.000) 11/01 08:06:42 Started transferring output files
...
040 (461792.000.000) 11/01 08:06:42 Finished transferring output files
...
005 (461792.000.000) 11/01 08:06:42 Job terminated.
	(1) Normal termination (return value 0)
		Usr 0 00:00:13, Sys 0 00:00:02  -  Run Remote Usage
		Usr 0 00:00:00, Sys 0 00:00:00  -  Run Local Usage
		Usr 0 00:00:13, Sys 0 00:00:02  -  Total Remote Usage
		Usr 0 00:00:00, Sys 0 00:00:00  -  Total Local Usage
	84093  -  Run Bytes Sent By Job
	43945  -  Run Bytes Received By Job
	84093  -  Total Bytes Sent By Job
	43945  -  Total Bytes Received By Job
	Partitionable Resources :    Usage  Request Allocated 
	   Cpus                 :                 1         1 
	   Disk (KB)            :   466166       45   3017453 
	   Memory (MB)          :       29     2000      2000 

	Job terminated of its own accord at 2021-11-01T07:06:42Z.
...
