[8MB/455MB][  1%][>                                                 ][1.333MB/s]  [24MB/455MB][  5%][==>                                               ][3.429MB/s]  [48MB/455MB][ 10%][=====>                                            ][6MB/s]  [72MB/455MB][ 15%][=======>                                          ][8MB/s]  [96MB/455MB][ 21%][==========>                                       ][9.6MB/s]  [120MB/455MB][ 26%][=============>                                    ][10.91MB/s]  [152MB/455MB][ 33%][================>                                 ][12.67MB/s]  [176MB/455MB][ 38%][===================>                              ][13.54MB/s]  [200MB/455MB][ 43%][=====================>                            ][14.29MB/s]  [224MB/455MB][ 49%][========================>                         ][14.93MB/s]  [256MB/455MB][ 56%][============================>                     ][16MB/s]  [280MB/455MB][ 61%][==============================>                   ][16.47MB/s]  [312MB/455MB][ 68%][==================================>               ][17.33MB/s]  [344MB/455MB][ 75%][=====================================>            ][18.11MB/s]  [384MB/455MB][ 84%][==========================================>       ][19.2MB/s]  [416MB/455MB][ 91%][=============================================>    ][19.81MB/s]  [455MB/455MB][100%][==================================================][21.67MB/s]  [455MB/455MB][100%][==================================================][21.67MB/s]  
Error in <TTree::SetBranchAddress>: unknown branch -> jetTau3
Error in <TTree::SetBranchAddress>: unknown branch -> jetTau2
Error in <TTree::SetBranchAddress>: unknown branch -> jetTau1
Error in <TTree::SetBranchAddress>: unknown branch -> jetMassSub0
Error in <TTree::SetBranchAddress>: unknown branch -> jetMassSub1
Error in <TTree::SetBranchAddress>: unknown branch -> jetBtagSub0
Info in <TEfficiency::TEfficiency>: given histograms are filled with weights
Info in <TROOT::TEfficiency::SetUseWeightedEvents>: Handle weighted events for computing efficiency
Info in <TEfficiency::TEfficiency>: given histograms are filled with weights
Info in <TROOT::TEfficiency::SetUseWeightedEvents>: Handle weighted events for computing efficiency
Info in <TEfficiency::TEfficiency>: given histograms are filled with weights
Info in <TROOT::TEfficiency::SetUseWeightedEvents>: Handle weighted events for computing efficiency
Info in <TEfficiency::TEfficiency>: given histograms are filled with weights
Info in <TROOT::TEfficiency::SetUseWeightedEvents>: Handle weighted events for computing efficiency
Info in <TEfficiency::TEfficiency>: given histograms are filled with weights
Info in <TROOT::TEfficiency::SetUseWeightedEvents>: Handle weighted events for computing efficiency
Info in <TEfficiency::TEfficiency>: given histograms are filled with weights
Info in <TROOT::TEfficiency::SetUseWeightedEvents>: Handle weighted events for computing efficiency
Info in <TEfficiency::TEfficiency>: given histograms are filled with weights
Info in <TROOT::TEfficiency::SetUseWeightedEvents>: Handle weighted events for computing efficiency
Info in <TEfficiency::TEfficiency>: given histograms are filled with weights
Info in <TROOT::TEfficiency::SetUseWeightedEvents>: Handle weighted events for computing efficiency
Info in <TEfficiency::TEfficiency>: given histograms are filled with weights
Info in <TROOT::TEfficiency::SetUseWeightedEvents>: Handle weighted events for computing efficiency
Info in <TEfficiency::TEfficiency>: given histograms are filled with weights
Info in <TROOT::TEfficiency::SetUseWeightedEvents>: Handle weighted events for computing efficiency
Info in <TEfficiency::TEfficiency>: given histograms are filled with weights
Info in <TROOT::TEfficiency::SetUseWeightedEvents>: Handle weighted events for computing efficiency
Info in <TEfficiency::TEfficiency>: given histograms are filled with weights
Info in <TROOT::TEfficiency::SetUseWeightedEvents>: Handle weighted events for computing efficiency
Info in <TEfficiency::TEfficiency>: given histograms are filled with weights
Info in <TROOT::TEfficiency::SetUseWeightedEvents>: Handle weighted events for computing efficiency
Info in <TEfficiency::TEfficiency>: given histograms are filled with weights
Info in <TROOT::TEfficiency::SetUseWeightedEvents>: Handle weighted events for computing efficiency
Info in <TEfficiency::TEfficiency>: given histograms are filled with weights
Info in <TROOT::TEfficiency::SetUseWeightedEvents>: Handle weighted events for computing efficiency
Info in <TEfficiency::TEfficiency>: given histograms are filled with weights
Info in <TROOT::TEfficiency::SetUseWeightedEvents>: Handle weighted events for computing efficiency
Info in <TEfficiency::TEfficiency>: given histograms are filled with weights
Info in <TROOT::TEfficiency::SetUseWeightedEvents>: Handle weighted events for computing efficiency
Info in <TEfficiency::TEfficiency>: given histograms are filled with weights
Info in <TROOT::TEfficiency::SetUseWeightedEvents>: Handle weighted events for computing efficiency
Info in <TEfficiency::TEfficiency>: given histograms are filled with weights
Info in <TROOT::TEfficiency::SetUseWeightedEvents>: Handle weighted events for computing efficiency
Info in <TEfficiency::TEfficiency>: given histograms are filled with weights
Info in <TROOT::TEfficiency::SetUseWeightedEvents>: Handle weighted events for computing efficiency
Info in <TEfficiency::TEfficiency>: given histograms are filled with weights
Info in <TROOT::TEfficiency::SetUseWeightedEvents>: Handle weighted events for computing efficiency
Info in <TEfficiency::TEfficiency>: given histograms are filled with weights
Info in <TROOT::TEfficiency::SetUseWeightedEvents>: Handle weighted events for computing efficiency
Info in <TEfficiency::TEfficiency>: given histograms are filled with weights
Info in <TROOT::TEfficiency::SetUseWeightedEvents>: Handle weighted events for computing efficiency
Info in <TEfficiency::TEfficiency>: given histograms are filled with weights
Info in <TROOT::TEfficiency::SetUseWeightedEvents>: Handle weighted events for computing efficiency
Info in <TEfficiency::TEfficiency>: given histograms are filled with weights
Info in <TROOT::TEfficiency::SetUseWeightedEvents>: Handle weighted events for computing efficiency
Info in <TEfficiency::TEfficiency>: given histograms are filled with weights
Info in <TROOT::TEfficiency::SetUseWeightedEvents>: Handle weighted events for computing efficiency
Info in <TEfficiency::TEfficiency>: given histograms are filled with weights
Info in <TROOT::TEfficiency::SetUseWeightedEvents>: Handle weighted events for computing efficiency
Info in <TEfficiency::TEfficiency>: given histograms are filled with weights
Info in <TROOT::TEfficiency::SetUseWeightedEvents>: Handle weighted events for computing efficiency
Info in <TEfficiency::TEfficiency>: given histograms are filled with weights
Info in <TROOT::TEfficiency::SetUseWeightedEvents>: Handle weighted events for computing efficiency
Info in <TEfficiency::TEfficiency>: given histograms are filled with weights
Info in <TROOT::TEfficiency::SetUseWeightedEvents>: Handle weighted events for computing efficiency
Info in <TEfficiency::TEfficiency>: given histograms are filled with weights
Info in <TROOT::TEfficiency::SetUseWeightedEvents>: Handle weighted events for computing efficiency
Info in <TEfficiency::TEfficiency>: given histograms are filled with weights
Info in <TROOT::TEfficiency::SetUseWeightedEvents>: Handle weighted events for computing efficiency
Info in <TEfficiency::TEfficiency>: given histograms are filled with weights
Info in <TROOT::TEfficiency::SetUseWeightedEvents>: Handle weighted events for computing efficiency
Info in <TEfficiency::TEfficiency>: given histograms are filled with weights
Info in <TROOT::TEfficiency::SetUseWeightedEvents>: Handle weighted events for computing efficiency
Info in <TEfficiency::TEfficiency>: given histograms are filled with weights
Info in <TROOT::TEfficiency::SetUseWeightedEvents>: Handle weighted events for computing efficiency
Info in <TEfficiency::TEfficiency>: given histograms are filled with weights
Info in <TROOT::TEfficiency::SetUseWeightedEvents>: Handle weighted events for computing efficiency
Info in <TEfficiency::TEfficiency>: given histograms are filled with weights
Info in <TROOT::TEfficiency::SetUseWeightedEvents>: Handle weighted events for computing efficiency
Info in <TEfficiency::TEfficiency>: given histograms are filled with weights
Info in <TROOT::TEfficiency::SetUseWeightedEvents>: Handle weighted events for computing efficiency
Info in <TEfficiency::TEfficiency>: given histograms are filled with weights
Info in <TROOT::TEfficiency::SetUseWeightedEvents>: Handle weighted events for computing efficiency
Info in <TEfficiency::TEfficiency>: given histograms are filled with weights
Info in <TROOT::TEfficiency::SetUseWeightedEvents>: Handle weighted events for computing efficiency
