000 (461820.000.000) 11/01 07:54:48 Job submitted from host: <188.185.121.235:9618?addrs=188.185.121.235-9618+[2001-1458-d00-49--100-36e]-9618&alias=bigbird22.cern.ch&noUDP&sock=schedd_1778_237a>
...
040 (461820.000.000) 11/01 08:02:42 Started transferring input files
	Transferring to host: <188.184.163.27:9618?addrs=188.184.163.27-9618+[2001-1458-301-4d--100-15]-9618&alias=b7s12p3966.cern.ch&noUDP&sock=slot1_41_247817_3eb6_36902>
...
040 (461820.000.000) 11/01 08:02:42 Finished transferring input files
...
001 (461820.000.000) 11/01 08:02:42 Job executing on host: <188.184.163.27:9618?addrs=188.184.163.27-9618+[2001-1458-301-4d--100-15]-9618&alias=b7s12p3966.cern.ch&noUDP&sock=startd_245128_ff62>
...
006 (461820.000.000) 11/01 08:02:51 Image size of job updated: 767184
	23  -  MemoryUsage of job (MB)
	22652  -  ResidentSetSize of job (KB)
...
006 (461820.000.000) 11/01 08:07:52 Image size of job updated: 791836
	65  -  MemoryUsage of job (MB)
	65884  -  ResidentSetSize of job (KB)
...
040 (461820.000.000) 11/01 08:08:14 Started transferring output files
...
040 (461820.000.000) 11/01 08:08:14 Finished transferring output files
...
005 (461820.000.000) 11/01 08:08:14 Job terminated.
	(1) Normal termination (return value 0)
		Usr 0 00:00:24, Sys 0 00:00:04  -  Run Remote Usage
		Usr 0 00:00:00, Sys 0 00:00:00  -  Run Local Usage
		Usr 0 00:00:24, Sys 0 00:00:04  -  Total Remote Usage
		Usr 0 00:00:00, Sys 0 00:00:00  -  Total Local Usage
	84108  -  Run Bytes Sent By Job
	43945  -  Run Bytes Received By Job
	84108  -  Total Bytes Sent By Job
	43945  -  Total Bytes Received By Job
	Partitionable Resources :     Usage  Request Allocated 
	   Cpus                 :      0.03        1         1 
	   Disk (KB)            : 466191          45   3012557 
	   Memory (MB)          :     65        2000      2000 

	Job terminated of its own accord at 2021-11-01T07:08:14Z.
...
