000 (461772.000.000) 11/01 07:53:52 Job submitted from host: <188.185.121.235:9618?addrs=188.185.121.235-9618+[2001-1458-d00-49--100-36e]-9618&alias=bigbird22.cern.ch&noUDP&sock=schedd_1778_237a>
...
040 (461772.000.000) 11/01 08:02:18 Started transferring input files
	Transferring to host: <128.142.131.158:9618?addrs=128.142.131.158-9618+[2001-1458-301-59--100-92]-9618&alias=b7g11p8030.cern.ch&noUDP&sock=slot1_10_7022_6257_10865>
...
001 (461772.000.000) 11/01 08:02:18 Job executing on host: <128.142.131.158:9618?addrs=128.142.131.158-9618+[2001-1458-301-59--100-92]-9618&alias=b7g11p8030.cern.ch&noUDP&sock=startd_43182_d6b8>
...
040 (461772.000.000) 11/01 08:02:18 Finished transferring input files
...
006 (461772.000.000) 11/01 08:02:27 Image size of job updated: 4436
	5  -  MemoryUsage of job (MB)
	4436  -  ResidentSetSize of job (KB)
...
006 (461772.000.000) 11/01 08:07:28 Image size of job updated: 791836
	37  -  MemoryUsage of job (MB)
	37656  -  ResidentSetSize of job (KB)
...
006 (461772.000.000) 11/01 08:12:28 Image size of job updated: 791836
	66  -  MemoryUsage of job (MB)
	67252  -  ResidentSetSize of job (KB)
...
006 (461772.000.000) 11/01 08:17:29 Image size of job updated: 791836
	67  -  MemoryUsage of job (MB)
	67764  -  ResidentSetSize of job (KB)
...
040 (461772.000.000) 11/01 08:42:05 Started transferring output files
...
040 (461772.000.000) 11/01 08:42:05 Finished transferring output files
...
005 (461772.000.000) 11/01 08:42:05 Job terminated.
	(1) Normal termination (return value 0)
		Usr 0 00:00:23, Sys 0 00:00:04  -  Run Remote Usage
		Usr 0 00:00:00, Sys 0 00:00:00  -  Run Local Usage
		Usr 0 00:00:23, Sys 0 00:00:04  -  Total Remote Usage
		Usr 0 00:00:00, Sys 0 00:00:00  -  Total Local Usage
	84098  -  Run Bytes Sent By Job
	43945  -  Run Bytes Received By Job
	84098  -  Total Bytes Sent By Job
	43945  -  Total Bytes Received By Job
	Partitionable Resources :     Usage  Request Allocated 
	   Cpus                 :      0.00        1         1 
	   Disk (KB)            : 466172          45   1644636 
	   Memory (MB)          :     67        2000      2000 

	Job terminated of its own accord at 2021-11-01T07:42:05Z.
...
