000 (461806.000.000) 11/01 07:54:18 Job submitted from host: <188.185.121.235:9618?addrs=188.185.121.235-9618+[2001-1458-d00-49--100-36e]-9618&alias=bigbird22.cern.ch&noUDP&sock=schedd_1778_237a>
...
040 (461806.000.000) 11/01 08:02:37 Started transferring input files
	Transferring to host: <128.142.56.164:9618?addrs=128.142.56.164-9618+[2001-1458-301-6--100-a3]-9618&alias=b7s01p4175.cern.ch&noUDP&sock=slot1_41_3630_69cd_27407>
...
040 (461806.000.000) 11/01 08:02:37 Finished transferring input files
...
001 (461806.000.000) 11/01 08:02:37 Job executing on host: <128.142.56.164:9618?addrs=128.142.56.164-9618+[2001-1458-301-6--100-a3]-9618&alias=b7s01p4175.cern.ch&noUDP&sock=startd_3086_515a>
...
006 (461806.000.000) 11/01 08:02:46 Image size of job updated: 38036
	38  -  MemoryUsage of job (MB)
	38036  -  ResidentSetSize of job (KB)
...
006 (461806.000.000) 11/01 08:06:17 Image size of job updated: 791828
	38  -  MemoryUsage of job (MB)
	38036  -  ResidentSetSize of job (KB)
...
040 (461806.000.000) 11/01 08:06:17 Started transferring output files
...
040 (461806.000.000) 11/01 08:06:17 Finished transferring output files
...
005 (461806.000.000) 11/01 08:06:17 Job terminated.
	(1) Normal termination (return value 0)
		Usr 0 00:00:15, Sys 0 00:00:04  -  Run Remote Usage
		Usr 0 00:00:00, Sys 0 00:00:00  -  Run Local Usage
		Usr 0 00:00:15, Sys 0 00:00:04  -  Total Remote Usage
		Usr 0 00:00:00, Sys 0 00:00:00  -  Total Local Usage
	84096  -  Run Bytes Sent By Job
	43945  -  Run Bytes Received By Job
	84096  -  Total Bytes Sent By Job
	43945  -  Total Bytes Received By Job
	Partitionable Resources :    Usage  Request Allocated 
	   Cpus                 :                 1         1 
	   Disk (KB)            :   466157       45   1296927 
	   Memory (MB)          :       38     2000      2000 

	Job terminated of its own accord at 2021-11-01T07:06:17Z.
...
