000 (462077.000.000) 11/01 07:59:01 Job submitted from host: <188.185.121.235:9618?addrs=188.185.121.235-9618+[2001-1458-d00-49--100-36e]-9618&alias=bigbird22.cern.ch&noUDP&sock=schedd_1778_237a>
...
040 (462077.000.000) 11/01 08:04:27 Started transferring input files
	Transferring to host: <188.184.160.194:9618?addrs=188.184.160.194-9618+[2001-1458-301-48--100-bc]-9618&alias=b7s09p4666.cern.ch&noUDP&sock=slot1_37_72735_2327_56992>
...
040 (462077.000.000) 11/01 08:04:27 Finished transferring input files
...
001 (462077.000.000) 11/01 08:04:27 Job executing on host: <188.184.160.194:9618?addrs=188.184.160.194-9618+[2001-1458-301-48--100-bc]-9618&alias=b7s09p4666.cern.ch&noUDP&sock=startd_71547_de94>
...
006 (462077.000.000) 11/01 08:04:35 Image size of job updated: 3248
	4  -  MemoryUsage of job (MB)
	3248  -  ResidentSetSize of job (KB)
...
006 (462077.000.000) 11/01 08:09:35 Image size of job updated: 791840
	42  -  MemoryUsage of job (MB)
	42456  -  ResidentSetSize of job (KB)
...
006 (462077.000.000) 11/01 08:14:36 Image size of job updated: 791840
	47  -  MemoryUsage of job (MB)
	47812  -  ResidentSetSize of job (KB)
...
006 (462077.000.000) 11/01 08:19:37 Image size of job updated: 791840
	67  -  MemoryUsage of job (MB)
	67768  -  ResidentSetSize of job (KB)
...
040 (462077.000.000) 11/01 10:03:45 Started transferring output files
...
040 (462077.000.000) 11/01 10:03:45 Finished transferring output files
...
005 (462077.000.000) 11/01 10:03:45 Job terminated.
	(1) Normal termination (return value 0)
		Usr 0 00:02:02, Sys 0 00:00:17  -  Run Remote Usage
		Usr 0 00:00:00, Sys 0 00:00:00  -  Run Local Usage
		Usr 0 00:02:02, Sys 0 00:00:17  -  Total Remote Usage
		Usr 0 00:00:00, Sys 0 00:00:00  -  Total Local Usage
	116806  -  Run Bytes Sent By Job
	43945  -  Run Bytes Received By Job
	116806  -  Total Bytes Sent By Job
	43945  -  Total Bytes Received By Job
	Partitionable Resources :      Usage  Request Allocated 
	   Cpus                 :       0.01        1         1 
	   Disk (KB)            : 2367863          45   1385278 
	   Memory (MB)          :      67        2000      2000 

	Job terminated of its own accord at 2021-11-01T09:03:45Z.
...
