000 (461926.000.000) 11/01 07:56:31 Job submitted from host: <188.185.121.235:9618?addrs=188.185.121.235-9618+[2001-1458-d00-49--100-36e]-9618&alias=bigbird22.cern.ch&noUDP&sock=schedd_1778_237a>
...
040 (461926.000.000) 11/01 08:03:21 Started transferring input files
	Transferring to host: <188.184.162.165:9618?addrs=188.184.162.165-9618+[2001-1458-301-4a--100-9f]-9618&alias=b7s11p9590.cern.ch&noUDP&sock=slot1_29_259255_59c8_34901>
...
040 (461926.000.000) 11/01 08:03:21 Finished transferring input files
...
001 (461926.000.000) 11/01 08:03:21 Job executing on host: <188.184.162.165:9618?addrs=188.184.162.165-9618+[2001-1458-301-4a--100-9f]-9618&alias=b7s11p9590.cern.ch&noUDP&sock=startd_134298_d607>
...
006 (461926.000.000) 11/01 08:03:30 Image size of job updated: 625832
	5  -  MemoryUsage of job (MB)
	5116  -  ResidentSetSize of job (KB)
...
006 (461926.000.000) 11/01 08:08:31 Image size of job updated: 791840
	61  -  MemoryUsage of job (MB)
	61880  -  ResidentSetSize of job (KB)
...
006 (461926.000.000) 11/01 08:13:31 Image size of job updated: 791840
	67  -  MemoryUsage of job (MB)
	67764  -  ResidentSetSize of job (KB)
...
040 (461926.000.000) 11/01 08:41:59 Started transferring output files
...
040 (461926.000.000) 11/01 08:41:59 Finished transferring output files
...
005 (461926.000.000) 11/01 08:41:59 Job terminated.
	(1) Normal termination (return value 0)
		Usr 0 00:03:03, Sys 0 00:00:22  -  Run Remote Usage
		Usr 0 00:00:00, Sys 0 00:00:00  -  Run Local Usage
		Usr 0 00:03:03, Sys 0 00:00:22  -  Total Remote Usage
		Usr 0 00:00:00, Sys 0 00:00:00  -  Total Local Usage
	126303  -  Run Bytes Sent By Job
	43945  -  Run Bytes Received By Job
	126303  -  Total Bytes Sent By Job
	43945  -  Total Bytes Received By Job
	Partitionable Resources :      Usage  Request Allocated 
	   Cpus                 :       0.99        1         1 
	   Disk (KB)            : 3087512          45   2999545 
	   Memory (MB)          :      67        2000      2000 

	Job terminated of its own accord at 2021-11-01T07:41:59Z.
...
