000 (461803.000.000) 11/01 07:54:16 Job submitted from host: <188.185.121.235:9618?addrs=188.185.121.235-9618+[2001-1458-d00-49--100-36e]-9618&alias=bigbird22.cern.ch&noUDP&sock=schedd_1778_237a>
...
040 (461803.000.000) 11/01 08:02:36 Started transferring input files
	Transferring to host: <128.142.59.86:9618?addrs=128.142.59.86-9618+[2001-1458-301-21--100-55]-9618&alias=b7s04p2139.cern.ch&noUDP&sock=slot1_17_3640_758d_27611>
...
040 (461803.000.000) 11/01 08:02:36 Finished transferring input files
...
001 (461803.000.000) 11/01 08:02:36 Job executing on host: <128.142.59.86:9618?addrs=128.142.59.86-9618+[2001-1458-301-21--100-55]-9618&alias=b7s04p2139.cern.ch&noUDP&sock=startd_3595_730f>
...
006 (461803.000.000) 11/01 08:02:44 Image size of job updated: 71820
	36  -  MemoryUsage of job (MB)
	36476  -  ResidentSetSize of job (KB)
...
006 (461803.000.000) 11/01 08:04:03 Image size of job updated: 791808
	36  -  MemoryUsage of job (MB)
	36540  -  ResidentSetSize of job (KB)
...
040 (461803.000.000) 11/01 08:04:03 Started transferring output files
...
040 (461803.000.000) 11/01 08:04:03 Finished transferring output files
...
005 (461803.000.000) 11/01 08:04:04 Job terminated.
	(1) Normal termination (return value 0)
		Usr 0 00:00:14, Sys 0 00:00:03  -  Run Remote Usage
		Usr 0 00:00:00, Sys 0 00:00:00  -  Run Local Usage
		Usr 0 00:00:14, Sys 0 00:00:03  -  Total Remote Usage
		Usr 0 00:00:00, Sys 0 00:00:00  -  Total Local Usage
	84093  -  Run Bytes Sent By Job
	43945  -  Run Bytes Received By Job
	84093  -  Total Bytes Sent By Job
	43945  -  Total Bytes Received By Job
	Partitionable Resources :    Usage  Request Allocated 
	   Cpus                 :                 1         1 
	   Disk (KB)            :   466228       45   1318154 
	   Memory (MB)          :       36     2000      2000 

	Job terminated of its own accord at 2021-11-01T07:04:03Z.
...
