[8MB/455MB][  1%][>                                                 ][2.667MB/s]  [24MB/455MB][  5%][==>                                               ][6MB/s]  [80MB/455MB][ 17%][========>                                         ][16MB/s]  [128MB/455MB][ 28%][==============>                                   ][21.33MB/s]  [176MB/455MB][ 38%][===================>                              ][25.14MB/s]  [224MB/455MB][ 49%][========================>                         ][28MB/s]  [280MB/455MB][ 61%][==============================>                   ][31.11MB/s]  [328MB/455MB][ 72%][====================================>             ][32.8MB/s]  [376MB/455MB][ 82%][=========================================>        ][34.18MB/s]  [432MB/455MB][ 94%][===============================================>  ][36MB/s]  [455MB/455MB][100%][==================================================][37.92MB/s]  [455MB/455MB][100%][==================================================][37.92MB/s]  
Error in <TTree::SetBranchAddress>: unknown branch -> jetTau3
Error in <TTree::SetBranchAddress>: unknown branch -> jetTau2
Error in <TTree::SetBranchAddress>: unknown branch -> jetTau1
Error in <TTree::SetBranchAddress>: unknown branch -> jetMassSub0
Error in <TTree::SetBranchAddress>: unknown branch -> jetMassSub1
Error in <TTree::SetBranchAddress>: unknown branch -> jetBtagSub0
Info in <TEfficiency::TEfficiency>: given histograms are filled with weights
Info in <TROOT::TEfficiency::SetUseWeightedEvents>: Handle weighted events for computing efficiency
Info in <TEfficiency::TEfficiency>: given histograms are filled with weights
Info in <TROOT::TEfficiency::SetUseWeightedEvents>: Handle weighted events for computing efficiency
Info in <TEfficiency::TEfficiency>: given histograms are filled with weights
Info in <TROOT::TEfficiency::SetUseWeightedEvents>: Handle weighted events for computing efficiency
Info in <TEfficiency::TEfficiency>: given histograms are filled with weights
Info in <TROOT::TEfficiency::SetUseWeightedEvents>: Handle weighted events for computing efficiency
Info in <TEfficiency::TEfficiency>: given histograms are filled with weights
Info in <TROOT::TEfficiency::SetUseWeightedEvents>: Handle weighted events for computing efficiency
Info in <TEfficiency::TEfficiency>: given histograms are filled with weights
Info in <TROOT::TEfficiency::SetUseWeightedEvents>: Handle weighted events for computing efficiency
Info in <TEfficiency::TEfficiency>: given histograms are filled with weights
Info in <TROOT::TEfficiency::SetUseWeightedEvents>: Handle weighted events for computing efficiency
Info in <TEfficiency::TEfficiency>: given histograms are filled with weights
Info in <TROOT::TEfficiency::SetUseWeightedEvents>: Handle weighted events for computing efficiency
Info in <TEfficiency::TEfficiency>: given histograms are filled with weights
Info in <TROOT::TEfficiency::SetUseWeightedEvents>: Handle weighted events for computing efficiency
Info in <TEfficiency::TEfficiency>: given histograms are filled with weights
Info in <TROOT::TEfficiency::SetUseWeightedEvents>: Handle weighted events for computing efficiency
Info in <TEfficiency::TEfficiency>: given histograms are filled with weights
Info in <TROOT::TEfficiency::SetUseWeightedEvents>: Handle weighted events for computing efficiency
Info in <TEfficiency::TEfficiency>: given histograms are filled with weights
Info in <TROOT::TEfficiency::SetUseWeightedEvents>: Handle weighted events for computing efficiency
Info in <TEfficiency::TEfficiency>: given histograms are filled with weights
Info in <TROOT::TEfficiency::SetUseWeightedEvents>: Handle weighted events for computing efficiency
Info in <TEfficiency::TEfficiency>: given histograms are filled with weights
Info in <TROOT::TEfficiency::SetUseWeightedEvents>: Handle weighted events for computing efficiency
Info in <TEfficiency::TEfficiency>: given histograms are filled with weights
Info in <TROOT::TEfficiency::SetUseWeightedEvents>: Handle weighted events for computing efficiency
Info in <TEfficiency::TEfficiency>: given histograms are filled with weights
Info in <TROOT::TEfficiency::SetUseWeightedEvents>: Handle weighted events for computing efficiency
Info in <TEfficiency::TEfficiency>: given histograms are filled with weights
Info in <TROOT::TEfficiency::SetUseWeightedEvents>: Handle weighted events for computing efficiency
Info in <TEfficiency::TEfficiency>: given histograms are filled with weights
Info in <TROOT::TEfficiency::SetUseWeightedEvents>: Handle weighted events for computing efficiency
Info in <TEfficiency::TEfficiency>: given histograms are filled with weights
Info in <TROOT::TEfficiency::SetUseWeightedEvents>: Handle weighted events for computing efficiency
Info in <TEfficiency::TEfficiency>: given histograms are filled with weights
Info in <TROOT::TEfficiency::SetUseWeightedEvents>: Handle weighted events for computing efficiency
Info in <TEfficiency::TEfficiency>: given histograms are filled with weights
Info in <TROOT::TEfficiency::SetUseWeightedEvents>: Handle weighted events for computing efficiency
Info in <TEfficiency::TEfficiency>: given histograms are filled with weights
Info in <TROOT::TEfficiency::SetUseWeightedEvents>: Handle weighted events for computing efficiency
Info in <TEfficiency::TEfficiency>: given histograms are filled with weights
Info in <TROOT::TEfficiency::SetUseWeightedEvents>: Handle weighted events for computing efficiency
Info in <TEfficiency::TEfficiency>: given histograms are filled with weights
Info in <TROOT::TEfficiency::SetUseWeightedEvents>: Handle weighted events for computing efficiency
Info in <TEfficiency::TEfficiency>: given histograms are filled with weights
Info in <TROOT::TEfficiency::SetUseWeightedEvents>: Handle weighted events for computing efficiency
Info in <TEfficiency::TEfficiency>: given histograms are filled with weights
Info in <TROOT::TEfficiency::SetUseWeightedEvents>: Handle weighted events for computing efficiency
Info in <TEfficiency::TEfficiency>: given histograms are filled with weights
Info in <TROOT::TEfficiency::SetUseWeightedEvents>: Handle weighted events for computing efficiency
Info in <TEfficiency::TEfficiency>: given histograms are filled with weights
Info in <TROOT::TEfficiency::SetUseWeightedEvents>: Handle weighted events for computing efficiency
Info in <TEfficiency::TEfficiency>: given histograms are filled with weights
Info in <TROOT::TEfficiency::SetUseWeightedEvents>: Handle weighted events for computing efficiency
Info in <TEfficiency::TEfficiency>: given histograms are filled with weights
Info in <TROOT::TEfficiency::SetUseWeightedEvents>: Handle weighted events for computing efficiency
Info in <TEfficiency::TEfficiency>: given histograms are filled with weights
Info in <TROOT::TEfficiency::SetUseWeightedEvents>: Handle weighted events for computing efficiency
Info in <TEfficiency::TEfficiency>: given histograms are filled with weights
Info in <TROOT::TEfficiency::SetUseWeightedEvents>: Handle weighted events for computing efficiency
Info in <TEfficiency::TEfficiency>: given histograms are filled with weights
Info in <TROOT::TEfficiency::SetUseWeightedEvents>: Handle weighted events for computing efficiency
Info in <TEfficiency::TEfficiency>: given histograms are filled with weights
Info in <TROOT::TEfficiency::SetUseWeightedEvents>: Handle weighted events for computing efficiency
Info in <TEfficiency::TEfficiency>: given histograms are filled with weights
Info in <TROOT::TEfficiency::SetUseWeightedEvents>: Handle weighted events for computing efficiency
Info in <TEfficiency::TEfficiency>: given histograms are filled with weights
Info in <TROOT::TEfficiency::SetUseWeightedEvents>: Handle weighted events for computing efficiency
Info in <TEfficiency::TEfficiency>: given histograms are filled with weights
Info in <TROOT::TEfficiency::SetUseWeightedEvents>: Handle weighted events for computing efficiency
Info in <TEfficiency::TEfficiency>: given histograms are filled with weights
Info in <TROOT::TEfficiency::SetUseWeightedEvents>: Handle weighted events for computing efficiency
Info in <TEfficiency::TEfficiency>: given histograms are filled with weights
Info in <TROOT::TEfficiency::SetUseWeightedEvents>: Handle weighted events for computing efficiency
Info in <TEfficiency::TEfficiency>: given histograms are filled with weights
Info in <TROOT::TEfficiency::SetUseWeightedEvents>: Handle weighted events for computing efficiency
