000 (462136.000.000) 11/01 08:00:06 Job submitted from host: <188.185.121.235:9618?addrs=188.185.121.235-9618+[2001-1458-d00-49--100-36e]-9618&alias=bigbird22.cern.ch&noUDP&sock=schedd_1778_237a>
...
040 (462136.000.000) 11/01 08:04:57 Started transferring input files
	Transferring to host: <128.142.34.87:9618?addrs=128.142.34.87-9618&alias=b7g05p0340.cern.ch&noUDP&sock=slot1_20_3564_e90a_64978>
...
040 (462136.000.000) 11/01 08:04:57 Finished transferring input files
...
001 (462136.000.000) 11/01 08:04:57 Job executing on host: <128.142.34.87:9618?addrs=128.142.34.87-9618&alias=b7g05p0340.cern.ch&noUDP&sock=startd_2771_4105>
...
006 (462136.000.000) 11/01 08:05:06 Image size of job updated: 4836
	5  -  MemoryUsage of job (MB)
	4836  -  ResidentSetSize of job (KB)
...
006 (462136.000.000) 11/01 08:10:07 Image size of job updated: 791836
	67  -  MemoryUsage of job (MB)
	67752  -  ResidentSetSize of job (KB)
...
040 (462136.000.000) 11/01 08:51:48 Started transferring output files
...
040 (462136.000.000) 11/01 08:51:48 Finished transferring output files
...
005 (462136.000.000) 11/01 08:51:49 Job terminated.
	(1) Normal termination (return value 0)
		Usr 0 00:01:14, Sys 0 00:00:17  -  Run Remote Usage
		Usr 0 00:00:00, Sys 0 00:00:00  -  Run Local Usage
		Usr 0 00:01:14, Sys 0 00:00:17  -  Total Remote Usage
		Usr 0 00:00:00, Sys 0 00:00:00  -  Total Local Usage
	116840  -  Run Bytes Sent By Job
	43945  -  Run Bytes Received By Job
	116840  -  Total Bytes Sent By Job
	43945  -  Total Bytes Received By Job
	Partitionable Resources :      Usage  Request Allocated 
	   Cpus                 :       0.01        1         1 
	   Disk (KB)            : 2368154          45   1320156 
	   Memory (MB)          :      67        2000      2000 

	Job terminated of its own accord at 2021-11-01T07:51:48Z.
...
