000 (462146.000.000) 11/01 08:00:49 Job submitted from host: <188.185.121.235:9618?addrs=188.185.121.235-9618+[2001-1458-d00-49--100-36e]-9618&alias=bigbird22.cern.ch&noUDP&sock=schedd_1778_237a>
...
040 (462146.000.000) 11/01 08:05:14 Started transferring input files
	Transferring to host: <128.142.63.57:9618?addrs=128.142.63.57-9618+[2001-1458-301-38--100-36]-9618&alias=b7s08p1646.cern.ch&noUDP&sock=slot1_3_4766_d3fb_38717>
...
040 (462146.000.000) 11/01 08:05:14 Finished transferring input files
...
001 (462146.000.000) 11/01 08:05:14 Job executing on host: <128.142.63.57:9618?addrs=128.142.63.57-9618+[2001-1458-301-38--100-36]-9618&alias=b7s08p1646.cern.ch&noUDP&sock=startd_4412_d7ef>
...
006 (462146.000.000) 11/01 08:05:23 Image size of job updated: 127564
	8  -  MemoryUsage of job (MB)
	7384  -  ResidentSetSize of job (KB)
...
006 (462146.000.000) 11/01 08:10:24 Image size of job updated: 791836
	67  -  MemoryUsage of job (MB)
	67760  -  ResidentSetSize of job (KB)
...
040 (462146.000.000) 11/01 08:38:44 Started transferring output files
...
040 (462146.000.000) 11/01 08:38:44 Finished transferring output files
...
005 (462146.000.000) 11/01 08:38:44 Job terminated.
	(1) Normal termination (return value 0)
		Usr 0 00:00:59, Sys 0 00:00:12  -  Run Remote Usage
		Usr 0 00:00:00, Sys 0 00:00:00  -  Run Local Usage
		Usr 0 00:00:59, Sys 0 00:00:12  -  Total Remote Usage
		Usr 0 00:00:00, Sys 0 00:00:00  -  Total Local Usage
	116862  -  Run Bytes Sent By Job
	43945  -  Run Bytes Received By Job
	116862  -  Total Bytes Sent By Job
	43945  -  Total Bytes Received By Job
	Partitionable Resources :      Usage  Request Allocated 
	   Cpus                 :       0.99        1         1 
	   Disk (KB)            : 2371436          45   1196117 
	   Memory (MB)          :      67        2000      2000 

	Job terminated of its own accord at 2021-11-01T07:38:44Z.
...
