000 (461897.000.000) 11/01 07:56:07 Job submitted from host: <188.185.121.235:9618?addrs=188.185.121.235-9618+[2001-1458-d00-49--100-36e]-9618&alias=bigbird22.cern.ch&noUDP&sock=schedd_1778_237a>
...
040 (461897.000.000) 11/01 08:03:09 Started transferring input files
	Transferring to host: <128.142.60.166:9618?addrs=128.142.60.166-9618+[2001-1458-301-22--100-a5]-9618&alias=b7s05p9425.cern.ch&noUDP&sock=slot1_27_3645_fb6d_32710>
...
040 (461897.000.000) 11/01 08:03:09 Finished transferring input files
...
001 (461897.000.000) 11/01 08:03:09 Job executing on host: <128.142.60.166:9618?addrs=128.142.60.166-9618+[2001-1458-301-22--100-a5]-9618&alias=b7s05p9425.cern.ch&noUDP&sock=startd_3580_2923>
...
006 (461897.000.000) 11/01 08:03:17 Image size of job updated: 8876
	9  -  MemoryUsage of job (MB)
	8876  -  ResidentSetSize of job (KB)
...
006 (461897.000.000) 11/01 08:08:17 Image size of job updated: 791836
	67  -  MemoryUsage of job (MB)
	67752  -  ResidentSetSize of job (KB)
...
006 (461897.000.000) 11/01 08:33:20 Image size of job updated: 791836
	134  -  MemoryUsage of job (MB)
	136372  -  ResidentSetSize of job (KB)
...
040 (461897.000.000) 11/01 08:33:46 Started transferring output files
...
040 (461897.000.000) 11/01 08:33:46 Finished transferring output files
...
005 (461897.000.000) 11/01 08:33:46 Job terminated.
	(1) Normal termination (return value 0)
		Usr 0 00:01:53, Sys 0 00:00:28  -  Run Remote Usage
		Usr 0 00:00:00, Sys 0 00:00:00  -  Run Local Usage
		Usr 0 00:01:53, Sys 0 00:00:28  -  Total Remote Usage
		Usr 0 00:00:00, Sys 0 00:00:00  -  Total Local Usage
	127000  -  Run Bytes Sent By Job
	43945  -  Run Bytes Received By Job
	127000  -  Total Bytes Sent By Job
	43945  -  Total Bytes Received By Job
	Partitionable Resources :      Usage  Request Allocated 
	   Cpus                 :       1.00        1         1 
	   Disk (KB)            : 3087099          45   1281988 
	   Memory (MB)          :     134        2000      2000 

	Job terminated of its own accord at 2021-11-01T07:33:46Z.
...
