000 (461943.000.000) 11/01 07:56:46 Job submitted from host: <188.185.121.235:9618?addrs=188.185.121.235-9618+[2001-1458-d00-49--100-36e]-9618&alias=bigbird22.cern.ch&noUDP&sock=schedd_1778_237a>
...
040 (461943.000.000) 11/01 08:03:29 Started transferring input files
	Transferring to host: <128.142.59.124:9618?addrs=128.142.59.124-9618+[2001-1458-301-21--100-7b]-9618&alias=b7s04p9871.cern.ch&noUDP&sock=slot1_45_6217_3056_33075>
...
001 (461943.000.000) 11/01 08:03:29 Job executing on host: <128.142.59.124:9618?addrs=128.142.59.124-9618+[2001-1458-301-21--100-7b]-9618&alias=b7s04p9871.cern.ch&noUDP&sock=startd_6151_a721>
...
040 (461943.000.000) 11/01 08:03:29 Finished transferring input files
...
006 (461943.000.000) 11/01 08:03:38 Image size of job updated: 12984
	13  -  MemoryUsage of job (MB)
	12984  -  ResidentSetSize of job (KB)
...
006 (461943.000.000) 11/01 08:08:39 Image size of job updated: 791836
	67  -  MemoryUsage of job (MB)
	67760  -  ResidentSetSize of job (KB)
...
040 (461943.000.000) 11/01 09:11:35 Started transferring output files
...
040 (461943.000.000) 11/01 09:11:35 Finished transferring output files
...
005 (461943.000.000) 11/01 09:11:35 Job terminated.
	(1) Normal termination (return value 0)
		Usr 0 00:01:51, Sys 0 00:00:27  -  Run Remote Usage
		Usr 0 00:00:00, Sys 0 00:00:00  -  Run Local Usage
		Usr 0 00:01:51, Sys 0 00:00:27  -  Total Remote Usage
		Usr 0 00:00:00, Sys 0 00:00:00  -  Total Local Usage
	126980  -  Run Bytes Sent By Job
	43945  -  Run Bytes Received By Job
	126980  -  Total Bytes Sent By Job
	43945  -  Total Bytes Received By Job
	Partitionable Resources :      Usage  Request Allocated 
	   Cpus                 :       0.01        1         1 
	   Disk (KB)            : 3086643          45   1221753 
	   Memory (MB)          :      67        2000      2000 

	Job terminated of its own accord at 2021-11-01T08:11:34Z.
...
