000 (461814.000.000) 11/01 07:54:30 Job submitted from host: <188.185.121.235:9618?addrs=188.185.121.235-9618+[2001-1458-d00-49--100-36e]-9618&alias=bigbird22.cern.ch&noUDP&sock=schedd_1778_237a>
...
040 (461814.000.000) 11/01 08:02:39 Started transferring input files
	Transferring to host: <188.184.165.132:9618?addrs=188.184.165.132-9618+[2001-1458-301-51--100-7f]-9618&alias=b7s14p9719.cern.ch&noUDP&sock=slot1_44_147767_f812_12403>
...
040 (461814.000.000) 11/01 08:02:39 Finished transferring input files
...
001 (461814.000.000) 11/01 08:02:39 Job executing on host: <188.184.165.132:9618?addrs=188.184.165.132-9618+[2001-1458-301-51--100-7f]-9618&alias=b7s14p9719.cern.ch&noUDP&sock=startd_141125_9717>
...
006 (461814.000.000) 11/01 08:02:47 Image size of job updated: 527512
	32  -  MemoryUsage of job (MB)
	32444  -  ResidentSetSize of job (KB)
...
006 (461814.000.000) 11/01 08:07:47 Image size of job updated: 791832
	67  -  MemoryUsage of job (MB)
	67764  -  ResidentSetSize of job (KB)
...
040 (461814.000.000) 11/01 08:09:43 Started transferring output files
...
040 (461814.000.000) 11/01 08:09:43 Finished transferring output files
...
005 (461814.000.000) 11/01 08:09:43 Job terminated.
	(1) Normal termination (return value 0)
		Usr 0 00:00:24, Sys 0 00:00:04  -  Run Remote Usage
		Usr 0 00:00:00, Sys 0 00:00:00  -  Run Local Usage
		Usr 0 00:00:24, Sys 0 00:00:04  -  Total Remote Usage
		Usr 0 00:00:00, Sys 0 00:00:00  -  Total Local Usage
	84099  -  Run Bytes Sent By Job
	43945  -  Run Bytes Received By Job
	84099  -  Total Bytes Sent By Job
	43945  -  Total Bytes Received By Job
	Partitionable Resources :     Usage  Request Allocated 
	   Cpus                 :      0.01        1         1 
	   Disk (KB)            : 466131          45   3021362 
	   Memory (MB)          :     67        2000      2000 

	Job terminated of its own accord at 2021-11-01T07:09:43Z.
...
